{"target": -0.04139944830961959, "params": {"u": 12.28260287481903, "v": 11.194404824176956, "w": 11.345715255404173, "x": 3.274486749937453, "y": 1.6919925053262066}, "datetime": {"datetime": "2024-02-25 10:15:11", "elapsed": 1416.11043, "delta": 3.433024}}
{"target": 0.7097724771075057, "params": {"u": 7.818782735311986, "v": 1.7605690019080469, "w": 11.456536693822768, "x": 2.2434704729480837, "y": 2.912476550302269}, "datetime": {"datetime": "2024-02-25 10:15:21", "elapsed": 1425.342178, "delta": 9.231748}}
{"target": 0.6845435265196161, "params": {"u": 7.8231018064541376, "v": 2.5921440261288957, "w": 10.115303204670816, "x": 1.9143048323036451, "y": 4.929016895329724}, "datetime": {"datetime": "2024-02-25 10:15:26", "elapsed": 1430.401212, "delta": 5.059034}}
{"target": -0.03739622361599668, "params": {"u": 3.2865296377551227, "v": 5.34899131706276, "w": 11.437222016466377, "x": 1.2072424287388823, "y": 2.593028213018386}, "datetime": {"datetime": "2024-02-25 10:15:30", "elapsed": 1434.423664, "delta": 4.022452}}
{"target": 0.028282724348826185, "params": {"u": 1.5393414726217167, "v": 7.739098448081679, "w": 12.62486488168, "x": 6.704122525030549, "y": 2.113754737807734}, "datetime": {"datetime": "2024-02-25 10:15:33", "elapsed": 1438.016202, "delta": 3.592538}}
{"target": 0.6868145806044579, "params": {"u": 7.534717320338909, "v": 2.6839714319001167, "w": 9.814201574359013, "x": 1.508178611203886, "y": 4.235817854655998}, "datetime": {"datetime": "2024-02-25 10:15:43", "elapsed": 1447.435756, "delta": 9.419554}}
{"target": 0.8048626432874786, "params": {"u": 6.186176588491234, "v": 1.071500550573401, "w": 9.506114645808221, "x": 1.984452746324354, "y": 4.708661066507435}, "datetime": {"datetime": "2024-02-25 10:15:58", "elapsed": 1462.462966, "delta": 15.02721}}
{"target": 0.0637978094370429, "params": {"u": 9.93772017808756, "v": 11.434471762443907, "w": 9.412674914198842, "x": 5.435054350348605, "y": 2.083972510916083}, "datetime": {"datetime": "2024-02-25 10:16:01", "elapsed": 1465.784367, "delta": 3.321401}}
{"target": 0.035539343623834915, "params": {"u": 11.391983875637578, "v": 7.148768462533006, "w": 10.4456110593622, "x": 4.546014060867296, "y": 3.3890724622850152}, "datetime": {"datetime": "2024-02-25 10:16:07", "elapsed": 1471.552155, "delta": 5.767788}}
{"target": 0.4853360000954257, "params": {"u": 7.528327285061257, "v": 1.551842000056368, "w": 9.633314085918574, "x": 2.608321415618983, "y": 2.010650870513818}, "datetime": {"datetime": "2024-02-25 10:16:13", "elapsed": 1477.699246, "delta": 6.147091}}
{"target": -0.0433932760168932, "params": {"u": 10.93764581372429, "v": 6.285907320724198, "w": 3.7365141365376715, "x": 1.0036796664215566, "y": 2.9508425298471725}, "datetime": {"datetime": "2024-02-25 10:16:17", "elapsed": 1481.959928, "delta": 4.260682}}
{"target": 0.6886714702679112, "params": {"u": 7.455569651975686, "v": 2.28261703135122, "w": 11.178358243453104, "x": 2.1576996905358694, "y": 2.869555770804607}, "datetime": {"datetime": "2024-02-25 10:16:23", "elapsed": 1487.75364, "delta": 5.793712}}
{"target": 0.6805853123167876, "params": {"u": 7.946239446655513, "v": 2.013324444698445, "w": 9.658558099740803, "x": 1.9871067411331103, "y": 4.466056284759191}, "datetime": {"datetime": "2024-02-25 10:16:29", "elapsed": 1493.827551, "delta": 6.073911}}
{"target": 0.5510355063862028, "params": {"u": 6.389476034684329, "v": 1.130553514013211, "w": 10.119149367455869, "x": 1.62511502444166, "y": 3.2847968273616552}, "datetime": {"datetime": "2024-02-25 10:16:43", "elapsed": 1508.145339, "delta": 14.317788}}
{"target": -0.7000289871929701, "params": {"u": 7.744340872720352, "v": 1.3477751446499249, "w": 11.674073815644501, "x": 2.290947759567989, "y": 3.776467745459792}, "datetime": {"datetime": "2024-02-25 10:16:49", "elapsed": 1513.764685, "delta": 5.619346}}
{"target": 0.33610485873129625, "params": {"u": 7.306059738274789, "v": 2.5961286806841457, "w": 9.752109271105756, "x": 1.9443291458393914, "y": 3.877689732356028}, "datetime": {"datetime": "2024-02-25 10:16:54", "elapsed": 1518.92724, "delta": 5.162555}}
{"target": -0.29810068683441177, "params": {"u": 7.699927959741165, "v": 3.0365761067596413, "w": 9.148136295339233, "x": 1.7190037824978357, "y": 3.9105655881255466}, "datetime": {"datetime": "2024-02-25 10:17:04", "elapsed": 1528.427229, "delta": 9.499989}}
{"target": 0.09140902791362343, "params": {"u": 6.9892529520964315, "v": 2.7023895257772765, "w": 10.206185890778217, "x": 2.5319247720820925, "y": 4.8544714914619345}, "datetime": {"datetime": "2024-02-25 10:17:09", "elapsed": 1533.917069, "delta": 5.48984}}
{"target": 0.8242956465996694, "params": {"u": 7.609976470779744, "v": 2.733123969434391, "w": 9.682335853306252, "x": 1.6566247165194126, "y": 3.6192763002007364}, "datetime": {"datetime": "2024-02-25 10:17:16", "elapsed": 1540.560358, "delta": 6.643289}}
{"target": -0.07586264129938747, "params": {"u": 5.781333216157854, "v": 12.922813187818031, "w": 3.0406089214636842, "x": 2.5801768697229557, "y": 3.3598628506820307}, "datetime": {"datetime": "2024-02-25 10:17:19", "elapsed": 1544.046458, "delta": 3.4861}}
{"target": 0.03939848296340971, "params": {"u": 5.236337590070056, "v": 3.723052806946366, "w": 2.5809416864615278, "x": 7.630484006968368, "y": 2.2243580178693914}, "datetime": {"datetime": "2024-02-25 10:17:24", "elapsed": 1548.392478, "delta": 4.34602}}
{"target": 0.8935716514003095, "params": {"u": 7.1137084069632674, "v": 1.1669191486999773, "w": 9.58596264755221, "x": 1.764424435789083, "y": 3.64521009634897}, "datetime": {"datetime": "2024-02-25 10:17:26", "elapsed": 1551.319495, "delta": 2.927017}}
{"target": -0.060790422696027746, "params": {"u": 11.158994515927112, "v": 5.3589311680875324, "w": 5.3721221832787105, "x": 1.4988920183419256, "y": 0.8733567001104826}, "datetime": {"datetime": "2024-02-25 10:17:31", "elapsed": 1555.532349, "delta": 4.212854}}
{"target": 0.05912424455236757, "params": {"u": 2.85462102855189, "v": 12.323597224469058, "w": 7.751468220296573, "x": 7.2352746855818975, "y": 3.086492871692505}, "datetime": {"datetime": "2024-02-25 10:17:35", "elapsed": 1560.128884, "delta": 4.596535}}
{"target": 0.5909178766512354, "params": {"u": 6.432089703126982, "v": 2.399191440913209, "w": 10.824303747000346, "x": 2.610368004561228, "y": 2.376169708871507}, "datetime": {"datetime": "2024-02-25 10:17:44", "elapsed": 1568.840428, "delta": 8.711544}}
{"target": -0.028631015625728742, "params": {"u": 4.927565975941221, "v": 6.487449642182572, "w": 1.0629614422886786, "x": 6.2941973018556086, "y": 0.23788724109203654}, "datetime": {"datetime": "2024-02-25 10:17:47", "elapsed": 1572.267615, "delta": 3.427187}}
{"target": -0.038020608688178636, "params": {"u": 8.83954648223867, "v": 4.117828936095371, "w": 4.505946320079313, "x": 2.7103771815742475, "y": 4.962964203912334}, "datetime": {"datetime": "2024-02-25 10:17:55", "elapsed": 1579.680023, "delta": 7.412408}}
{"target": -0.006743748935589971, "params": {"u": 3.6298464806158157, "v": 5.088604740282731, "w": 4.520788914244298, "x": 2.1475233063537775, "y": 2.853559475883303}, "datetime": {"datetime": "2024-02-25 10:18:02", "elapsed": 1587.332622, "delta": 7.652599}}
{"target": 0.5909570224317802, "params": {"u": 6.141108582629135, "v": 1.7806805661456102, "w": 10.790325001759303, "x": 2.6638149522548993, "y": 2.379268400014695}, "datetime": {"datetime": "2024-02-25 10:18:14", "elapsed": 1598.347315, "delta": 11.014693}}
{"target": -0.11434415096679815, "params": {"u": 5.083337248136004, "v": 12.514314382739125, "w": 8.737370288936784, "x": 1.9708387181556257, "y": 0.3606327685492836}, "datetime": {"datetime": "2024-02-25 10:18:16", "elapsed": 1601.108927, "delta": 2.761612}}
{"target": -0.043407782840199, "params": {"u": 7.328773399360104, "v": 9.559855819795514, "w": 1.126695233452213, "x": 4.705520726792909, "y": 4.329573543384054}, "datetime": {"datetime": "2024-02-25 10:18:21", "elapsed": 1605.839707, "delta": 4.73078}}
{"target": -0.006581291699862286, "params": {"u": 5.066728480686427, "v": 3.6566486048590447, "w": 11.771308120159837, "x": 5.183796442740148, "y": 3.197587843466115}, "datetime": {"datetime": "2024-02-25 10:18:24", "elapsed": 1608.945306, "delta": 3.105599}}
{"target": 0.058555032697518807, "params": {"u": 11.901027232549392, "v": 9.619366110404634, "w": 9.049738822874835, "x": 7.844585052817063, "y": 1.4053968841903255}, "datetime": {"datetime": "2024-02-25 10:18:28", "elapsed": 1613.161765, "delta": 4.216459}}
{"target": 0.4096916938792131, "params": {"u": 6.688159238592274, "v": 1.9782609644743703, "w": 10.413991043314624, "x": 2.1582201820548117, "y": 2.2364642524586498}, "datetime": {"datetime": "2024-02-25 10:18:37", "elapsed": 1621.560476, "delta": 8.398711}}
{"target": 0.07100625880957381, "params": {"u": 4.144762823005079, "v": 3.4246466313896478, "w": 9.637448568063693, "x": 6.324626815441863, "y": 0.5667152153921933}, "datetime": {"datetime": "2024-02-25 10:18:41", "elapsed": 1625.608403, "delta": 4.047927}}
{"target": 0.018497003155664604, "params": {"u": 7.5294544218041155, "v": 2.658252355969337, "w": 1.2862692302998626, "x": 1.7252326708157448, "y": 4.7073797955169825}, "datetime": {"datetime": "2024-02-25 10:18:45", "elapsed": 1629.465304, "delta": 3.856901}}
{"target": 0.791200316762736, "params": {"u": 7.11071696713963, "v": 1.1082971157985044, "w": 10.631717092699963, "x": 2.023106666456269, "y": 3.2676153687870406}, "datetime": {"datetime": "2024-02-25 10:18:50", "elapsed": 1634.905318, "delta": 5.440014}}
{"target": -0.22710844726682908, "params": {"u": 9.105960624911754, "v": 2.4026412794480465, "w": 10.910390253440331, "x": 2.4782027508339572, "y": 3.0677035564063364}, "datetime": {"datetime": "2024-02-25 10:18:56", "elapsed": 1640.45452, "delta": 5.549202}}
{"target": 0.6060372774771068, "params": {"u": 6.192047126358132, "v": 1.0, "w": 9.673654656365619, "x": 1.43950084998394, "y": 3.936356696396843}, "datetime": {"datetime": "2024-02-25 10:19:07", "elapsed": 1651.465791, "delta": 11.011271}}
{"target": 0.06975673175305049, "params": {"u": 3.486295830464294, "v": 12.705011841395388, "w": 8.508385753511806, "x": 4.393218888744095, "y": 4.696040540905376}, "datetime": {"datetime": "2024-02-25 10:19:10", "elapsed": 1655.034963, "delta": 3.569172}}
{"target": 0.40302472738198963, "params": {"u": 6.729422381216655, "v": 2.055258841799157, "w": 9.848362325467157, "x": 2.89609206191993, "y": 1.4772538206647283}, "datetime": {"datetime": "2024-02-25 10:19:18", "elapsed": 1662.585903, "delta": 7.55094}}
{"target": 0.7482377285028662, "params": {"u": 7.136220331619082, "v": 1.0927107405881866, "w": 11.440348750994882, "x": 2.0707609208616296, "y": 3.0663137104547706}, "datetime": {"datetime": "2024-02-25 10:19:23", "elapsed": 1668.042427, "delta": 5.456524}}
{"target": 0.6787733269177308, "params": {"u": 7.291035574397589, "v": 1.3020170824163588, "w": 10.170912382789016, "x": 1.7193363157999006, "y": 3.3079988680200882}, "datetime": {"datetime": "2024-02-25 10:19:30", "elapsed": 1674.55003, "delta": 6.507603}}
{"target": 0.08848064216685234, "params": {"u": 11.491912951227574, "v": 1.5069763737297586, "w": 12.866623102962953, "x": 4.974677138637783, "y": 0.46556655686045145}, "datetime": {"datetime": "2024-02-25 10:19:33", "elapsed": 1677.947727, "delta": 3.397697}}
{"target": 0.30821791711700797, "params": {"u": 7.225868701834696, "v": 1.6354621922223807, "w": 11.648387877970555, "x": 2.3681663667234516, "y": 1.6063802641444738}, "datetime": {"datetime": "2024-02-25 10:19:51", "elapsed": 1695.548724, "delta": 17.600997}}
{"target": 0.8941134880504995, "params": {"u": 8.269933909798077, "v": 2.0136408430909896, "w": 9.852704512936704, "x": 1.6251935104106856, "y": 3.860550636637207}, "datetime": {"datetime": "2024-02-25 10:19:57", "elapsed": 1701.729793, "delta": 6.181069}}
{"target": 0.024736568262893027, "params": {"u": 6.378312814885029, "v": 10.797315420600157, "w": 3.8971649171334994, "x": 4.966735949869834, "y": 2.0252128616942224}, "datetime": {"datetime": "2024-02-25 10:20:02", "elapsed": 1706.876458, "delta": 5.146665}}
{"target": 0.0388256559102016, "params": {"u": 5.046755749948797, "v": 7.18707610306706, "w": 4.594674832554838, "x": 7.987778499622987, "y": 2.52565610036657}, "datetime": {"datetime": "2024-02-25 10:20:06", "elapsed": 1710.548559, "delta": 3.672101}}
{"target": 0.32801346466358794, "params": {"u": 7.380301119485349, "v": 2.7169550324677196, "w": 10.76529920082723, "x": 2.963709187425069, "y": 2.607566217963319}, "datetime": {"datetime": "2024-02-25 10:20:19", "elapsed": 1723.629709, "delta": 13.08115}}
{"target": 0.8723876016900425, "params": {"u": 6.437249680969579, "v": 1.661501363282604, "w": 10.43302158739733, "x": 1.8131377495014849, "y": 3.5474321980533876}, "datetime": {"datetime": "2024-02-25 10:20:25", "elapsed": 1729.659424, "delta": 6.029715}}
{"target": 0.41874559253371735, "params": {"u": 8.757767725621866, "v": 1.0163252400730705, "w": 9.590746094578765, "x": 2.0245289500757275, "y": 2.4333117989156174}, "datetime": {"datetime": "2024-02-25 10:20:40", "elapsed": 1744.478364, "delta": 14.81894}}
{"target": -0.08183928065800336, "params": {"u": 3.587317447498824, "v": 8.994110936971895, "w": 11.015695527158124, "x": 1.8763416885199706, "y": 0.13435744634388283}, "datetime": {"datetime": "2024-02-25 10:20:45", "elapsed": 1750.183195, "delta": 5.704831}}
{"target": 0.9294719718478016, "params": {"u": 8.206795668409752, "v": 2.221089549380703, "w": 9.332086664873772, "x": 1.6674561838192485, "y": 4.057590382800612}, "datetime": {"datetime": "2024-02-25 10:20:58", "elapsed": 1763.155274, "delta": 12.972079}}
{"target": 0.02539999032463305, "params": {"u": 4.3994066293249325, "v": 6.283935880201496, "w": 4.338911105730297, "x": 2.3922438949595026, "y": 3.8261394148422094}, "datetime": {"datetime": "2024-02-25 10:21:02", "elapsed": 1766.860223, "delta": 3.704949}}
{"target": -0.001010968306976122, "params": {"u": 9.408557569249634, "v": 11.78721570230508, "w": 2.958307831356828, "x": 5.581562430336693, "y": 1.3684087914684422}, "datetime": {"datetime": "2024-02-25 10:21:07", "elapsed": 1771.508271, "delta": 4.648048}}
{"target": -0.26511485175670796, "params": {"u": 6.353209307549919, "v": 2.820196465633512, "w": 7.304251859547092, "x": 2.153705701096566, "y": 1.80713497610584}, "datetime": {"datetime": "2024-02-25 10:21:11", "elapsed": 1775.781086, "delta": 4.272815}}
{"target": 0.3447521226354514, "params": {"u": 6.186886763297223, "v": 1.7018805651118099, "w": 10.844893861333404, "x": 2.669655127853158, "y": 1.422320491803763}, "datetime": {"datetime": "2024-02-25 10:21:23", "elapsed": 1787.749687, "delta": 11.968601}}
{"target": 0.8503412872581437, "params": {"u": 8.414807854015976, "v": 2.4029722070810964, "w": 9.530479678442614, "x": 1.7832862757473045, "y": 4.5077945824234105}, "datetime": {"datetime": "2024-02-25 10:21:30", "elapsed": 1795.207447, "delta": 7.45776}}
{"target": 0.01669504290427375, "params": {"u": 3.5247696537262945, "v": 8.78930624393944, "w": 10.727947012193242, "x": 6.54766911446646, "y": 1.883412719347658}, "datetime": {"datetime": "2024-02-25 10:21:35", "elapsed": 1800.040222, "delta": 4.832775}}
{"target": 0.5586386730411816, "params": {"u": 7.808130371061401, "v": 1.3768891716229068, "w": 10.3727438313629, "x": 1.9573773847685236, "y": 2.8122767506224697}, "datetime": {"datetime": "2024-02-25 10:21:40", "elapsed": 1804.657823, "delta": 4.617601}}
{"target": -0.03214267465070715, "params": {"u": 1.2060068395980053, "v": 2.791430797700571, "w": 4.707924408277648, "x": 6.534699786424766, "y": 0.6057185624081934}, "datetime": {"datetime": "2024-02-25 10:21:46", "elapsed": 1811.246572, "delta": 6.588749}}
{"target": 0.5641954503471629, "params": {"u": 6.95115790711251, "v": 2.4472432436005263, "w": 11.155190999853108, "x": 2.504699786119147, "y": 2.893776493288942}, "datetime": {"datetime": "2024-02-25 10:21:55", "elapsed": 1820.088906, "delta": 8.842334}}
{"target": -0.013989011100216006, "params": {"u": 12.40532124610456, "v": 7.5962857005825555, "w": 12.447899353172202, "x": 4.5890621899094075, "y": 0.3523834756738635}, "datetime": {"datetime": "2024-02-25 10:21:59", "elapsed": 1823.376035, "delta": 3.287129}}
{"target": 0.04666388207116291, "params": {"u": 6.669663661590902, "v": 3.3749660103465464, "w": 10.310805667735703, "x": 1.2713516943241916, "y": 4.761042186662837}, "datetime": {"datetime": "2024-02-25 10:22:05", "elapsed": 1829.753779, "delta": 6.377744}}
{"target": 0.36279824154720125, "params": {"u": 6.647882791722808, "v": 2.759456320336217, "w": 10.693569018363132, "x": 3.9317315032143902, "y": 1.4728934749265172}, "datetime": {"datetime": "2024-02-25 10:22:13", "elapsed": 1837.576019, "delta": 7.82224}}
{"target": 0.5097358526605491, "params": {"u": 6.137206952971645, "v": 2.2093257026081714, "w": 10.672874315865956, "x": 3.104670644881085, "y": 2.044569753094046}, "datetime": {"datetime": "2024-02-25 10:22:23", "elapsed": 1847.589798, "delta": 10.013779}}
{"target": 0.5436138820403881, "params": {"u": 6.42386321285413, "v": 1.7144275786789858, "w": 10.950573479251096, "x": 2.9229811426244026, "y": 2.246783694638491}, "datetime": {"datetime": "2024-02-25 10:22:33", "elapsed": 1857.527416, "delta": 9.937618}}
{"target": 0.7471988855414209, "params": {"u": 6.484511134133715, "v": 2.2476432100854056, "w": 11.947120454878302, "x": 1.867583357505802, "y": 3.735401582127156}, "datetime": {"datetime": "2024-02-25 10:22:42", "elapsed": 1866.482059, "delta": 8.954643}}
{"target": 0.5185739715850536, "params": {"u": 7.42936185691887, "v": 1.4315947027617084, "w": 11.265399302437077, "x": 1.4739301496154205, "y": 3.572464632940455}, "datetime": {"datetime": "2024-02-25 10:22:53", "elapsed": 1877.805193, "delta": 11.323134}}
{"target": -0.0037420524412369797, "params": {"u": 5.99357716632551, "v": 7.859055953106344, "w": 9.214048388781135, "x": 5.331182788187922, "y": 4.371488551091718}, "datetime": {"datetime": "2024-02-25 10:22:57", "elapsed": 1881.651827, "delta": 3.846634}}
{"target": 0.0740137135136646, "params": {"u": 8.951975946339012, "v": 12.26842740212415, "w": 12.282277406320281, "x": 6.1578618707973805, "y": 1.2650524309496576}, "datetime": {"datetime": "2024-02-25 10:23:00", "elapsed": 1885.231228, "delta": 3.579401}}
{"target": -0.0539163127581754, "params": {"u": 4.729504971810904, "v": 4.3129190817442975, "w": 5.983640242548147, "x": 2.869960759427612, "y": 0.5123354027762876}, "datetime": {"datetime": "2024-02-25 10:23:04", "elapsed": 1888.656042, "delta": 3.424814}}
{"target": 0.742339497401994, "params": {"u": 6.2677387653377705, "v": 1.492141762269994, "w": 9.975714085973024, "x": 1.7582449408985328, "y": 3.341854687329745}, "datetime": {"datetime": "2024-02-25 10:23:14", "elapsed": 1899.249675, "delta": 10.593633}}
{"target": -0.004617715355968004, "params": {"u": 2.3407820379108775, "v": 2.0809498217544182, "w": 5.031949834286621, "x": 6.324676858496811, "y": 1.1815307984758414}, "datetime": {"datetime": "2024-02-25 10:23:19", "elapsed": 1903.819311, "delta": 4.569636}}
{"target": -0.04111640093051394, "params": {"u": 1.490517654385283, "v": 3.598286538522615, "w": 6.546441369269546, "x": 4.614409758638553, "y": 0.15672156061998188}, "datetime": {"datetime": "2024-02-25 10:23:25", "elapsed": 1909.936769, "delta": 6.117458}}
{"target": -0.07205054755316616, "params": {"u": 7.960390897321391, "v": 3.018051127181045, "w": 9.709955656784574, "x": 1.3950315788992587, "y": 3.8559439542588154}, "datetime": {"datetime": "2024-02-25 10:23:29", "elapsed": 1914.054557, "delta": 4.117788}}
{"target": 0.4797264482599765, "params": {"u": 7.02710573912385, "v": 1.2104683496751658, "w": 10.899815132013465, "x": 3.1817158706376247, "y": 2.108005443057702}, "datetime": {"datetime": "2024-02-25 10:23:38", "elapsed": 1922.586062, "delta": 8.531505}}
{"target": 0.4363818899518913, "params": {"u": 6.305852688102256, "v": 2.326985373991022, "w": 10.233360637244814, "x": 3.1370900810083855, "y": 1.4777558720536905}, "datetime": {"datetime": "2024-02-25 10:23:46", "elapsed": 1931.26588, "delta": 8.679818}}
{"target": -0.02638415596408776, "params": {"u": 6.0635387024702725, "v": 1.0189102419315974, "w": 9.774559480689225, "x": 2.5746379364615066, "y": 4.850429409296083}, "datetime": {"datetime": "2024-02-25 10:23:55", "elapsed": 1940.23316, "delta": 8.96728}}
{"target": -0.05127444472503484, "params": {"u": 3.616391118864113, "v": 8.472532746048342, "w": 4.876221318906966, "x": 0.5222442623414518, "y": 4.906157739274354}, "datetime": {"datetime": "2024-02-25 10:23:59", "elapsed": 1943.472099, "delta": 3.238939}}
{"target": 0.4565357225156964, "params": {"u": 6.65960423658334, "v": 1.7577528130839521, "w": 10.720420932038722, "x": 3.4299393188403973, "y": 1.62971677544076}, "datetime": {"datetime": "2024-02-25 10:24:10", "elapsed": 1954.773101, "delta": 11.301002}}
{"target": 0.05145311593268312, "params": {"u": 5.697515022883538, "v": 4.482385754599699, "w": 12.613662926396287, "x": 5.21580806544875, "y": 1.989688652222693}, "datetime": {"datetime": "2024-02-25 10:24:15", "elapsed": 1959.446269, "delta": 4.673168}}
{"target": -0.019336778419059168, "params": {"u": 2.2607707361022187, "v": 1.235942323092035, "w": 8.337143035390667, "x": 5.095240370327536, "y": 4.609810638060136}, "datetime": {"datetime": "2024-02-25 10:24:20", "elapsed": 1964.382765, "delta": 4.936496}}
{"target": 0.6983649833460257, "params": {"u": 6.226580868160403, "v": 1.5495344839526934, "w": 10.927526018457709, "x": 2.1764161353868277, "y": 3.1963666428507653}, "datetime": {"datetime": "2024-02-25 10:24:26", "elapsed": 1971.247588, "delta": 6.864823}}
{"target": -0.016097281618848755, "params": {"u": 2.131721901162377, "v": 7.500098988239074, "w": 12.99195033527663, "x": 3.8725844579246362, "y": 0.6685172303708229}, "datetime": {"datetime": "2024-02-25 10:24:32", "elapsed": 1976.921984, "delta": 5.674396}}
