{"target": 3.483901630073784, "params": {"u": 8.52570314582312, "v": 12.79462962479928, "w": 9.75326129684612, "x": 2.4291806921533308, "y": 2.002406473726668}, "datetime": {"datetime": "2024-02-25 10:13:56", "elapsed": 1340.608301, "delta": 7.685757}}
{"target": 1.9360001905441337, "params": {"u": 7.619886755013875, "v": 12.981198794706803, "w": 11.103978042126446, "x": 3.0184874988142565, "y": 2.72820325674818}, "datetime": {"datetime": "2024-02-25 10:14:07", "elapsed": 1351.922534, "delta": 11.314233}}
{"target": 4.401782373440415, "params": {"u": 8.792296413435931, "v": 12.357649538337094, "w": 10.638157072207651, "x": 1.862383613585961, "y": 2.2256118511398633}, "datetime": {"datetime": "2024-02-25 10:14:16", "elapsed": 1361.197329, "delta": 9.274795}}
{"target": -0.05562935006556533, "params": {"u": 1.0, "v": 13.0, "w": 13.0, "x": 5.255470548803765, "y": 5.0}, "datetime": {"datetime": "2024-02-25 10:14:24", "elapsed": 1369.316434, "delta": 8.119105}}
{"target": 0.06151825229537312, "params": {"u": 13.0, "v": 1.0, "w": 7.396449780710031, "x": 7.1350981409330085, "y": 0.1}, "datetime": {"datetime": "2024-02-25 10:14:34", "elapsed": 1378.430867, "delta": 9.114433}}
{"target": 4.277811102330594, "params": {"u": 8.619996570006403, "v": 12.430755777408597, "w": 9.446054458706161, "x": 1.7990184376839373, "y": 1.5692615615705088}, "datetime": {"datetime": "2024-02-25 10:14:50", "elapsed": 1394.58723, "delta": 16.156363}}
{"target": 1.5246157149397366, "params": {"u": 6.770058949328305, "v": 12.00334917764159, "w": 11.632887590469334, "x": 2.297292039052147, "y": 0.2860363258349512}, "datetime": {"datetime": "2024-02-25 10:14:57", "elapsed": 1401.365171, "delta": 6.777941}}
{"target": 3.3346128962619157, "params": {"u": 7.577362559673224, "v": 12.951132108737742, "w": 10.170963936461185, "x": 2.6509254010052947, "y": 2.461831533683932}, "datetime": {"datetime": "2024-02-25 10:15:04", "elapsed": 1408.668262, "delta": 7.303091}}
{"target": 4.8245392597651255, "params": {"u": 7.943045546686864, "v": 12.32998116004894, "w": 10.895008801630262, "x": 1.8880624792598004, "y": 1.984243326070452}, "datetime": {"datetime": "2024-02-25 10:15:08", "elapsed": 1412.664052, "delta": 3.99579}}
{"target": 4.893125816615433, "params": {"u": 6.456078727537614, "v": 12.579288083581122, "w": 9.879861967890083, "x": 1.9691968166628488, "y": 1.9692694027249407}, "datetime": {"datetime": "2024-02-25 10:15:12", "elapsed": 1417.313831, "delta": 4.649779}}
{"target": 4.486191006648336, "params": {"u": 8.304715926527276, "v": 12.886772229749763, "w": 11.575462566344425, "x": 2.428136230085852, "y": 2.7042415223799954}, "datetime": {"datetime": "2024-02-25 10:15:17", "elapsed": 1421.339857, "delta": 4.026026}}
{"target": 4.678943681027221, "params": {"u": 8.057568958760601, "v": 12.576507048565926, "w": 10.88463608028046, "x": 1.9496027233218256, "y": 1.8091111186774425}, "datetime": {"datetime": "2024-02-25 10:15:24", "elapsed": 1428.398109, "delta": 7.058252}}
{"target": 4.839138993691109, "params": {"u": 8.883045621090549, "v": 12.226360608154096, "w": 11.061854993694926, "x": 1.8939794889257748, "y": 2.006557760074088}, "datetime": {"datetime": "2024-02-25 10:15:33", "elapsed": 1437.619394, "delta": 9.221285}}
{"target": 3.8731354635379445, "params": {"u": 8.858651784503813, "v": 12.825670596868308, "w": 9.381929789704989, "x": 1.7285466945325718, "y": 1.3464904212028792}, "datetime": {"datetime": "2024-02-25 10:15:43", "elapsed": 1447.429707, "delta": 9.810313}}
{"target": -0.03364138638452215, "params": {"u": 1.0, "v": 1.0, "w": 5.544973109693848, "x": 8.0, "y": 5.0}, "datetime": {"datetime": "2024-02-25 10:15:53", "elapsed": 1457.876655, "delta": 10.446948}}
{"target": -0.03208819714602412, "params": {"u": 2.698004569673062, "v": 1.3806959096894098, "w": 1.0307790853629557, "x": 0.5305920035626874, "y": 3.979876527702781}, "datetime": {"datetime": "2024-02-25 10:15:59", "elapsed": 1464.040365, "delta": 6.16371}}
{"target": 0.03166745868878804, "params": {"u": 7.121051384383768, "v": 13.0, "w": 1.0, "x": 8.0, "y": 0.1}, "datetime": {"datetime": "2024-02-25 10:16:09", "elapsed": 1473.415556, "delta": 9.375191}}
{"target": -0.16924056405297125, "params": {"u": 8.905776684618022, "v": 1.0, "w": 13.0, "x": 1.9774043649371875, "y": 0.1}, "datetime": {"datetime": "2024-02-25 10:16:20", "elapsed": 1484.547484, "delta": 11.131928}}
{"target": 0.016908339187588023, "params": {"u": 13.0, "v": 13.0, "w": 1.0, "x": 3.7694086374126092, "y": 4.023372344085912}, "datetime": {"datetime": "2024-02-25 10:16:26", "elapsed": 1490.784806, "delta": 6.237322}}
{"target": 4.0186429923904115, "params": {"u": 8.936079782814144, "v": 12.299160261225094, "w": 10.912900676354742, "x": 1.872806533555579, "y": 1.4206897420751263}, "datetime": {"datetime": "2024-02-25 10:16:30", "elapsed": 1495.333393, "delta": 4.548587}}
{"target": 0.009511095037747103, "params": {"u": 1.0, "v": 10.281973629806183, "w": 5.450851131280088, "x": 0.5, "y": 5.0}, "datetime": {"datetime": "2024-02-25 10:16:37", "elapsed": 1502.204065, "delta": 6.870672}}
{"target": 4.700374583214053, "params": {"u": 8.536191213882695, "v": 12.887460914799783, "w": 10.128931725174091, "x": 2.1121308761857627, "y": 1.9564010235786489}, "datetime": {"datetime": "2024-02-25 10:16:46", "elapsed": 1511.323267, "delta": 9.119202}}
{"target": 0.02180525463809828, "params": {"u": 13.0, "v": 3.3001948403283228, "w": 1.0, "x": 5.712596573677337, "y": 5.0}, "datetime": {"datetime": "2024-02-25 10:16:53", "elapsed": 1517.608114, "delta": 6.284847}}
{"target": 2.8466496870626634, "params": {"u": 8.144278274240948, "v": 12.54413969268046, "w": 9.493142083833716, "x": 1.2908773804470197, "y": 1.4513555354735146}, "datetime": {"datetime": "2024-02-25 10:17:01", "elapsed": 1525.857113, "delta": 8.248999}}
{"target": -0.01461679060451176, "params": {"u": 1.0, "v": 1.0, "w": 13.0, "x": 8.0, "y": 0.1}, "datetime": {"datetime": "2024-02-25 10:17:08", "elapsed": 1533.13592, "delta": 7.278807}}
{"target": 0.08621817524227374, "params": {"u": 9.112453955249881, "v": 11.807588485443182, "w": 10.290194024884478, "x": 1.1785589862013153, "y": 1.683067196804074}, "datetime": {"datetime": "2024-02-25 10:17:17", "elapsed": 1541.903111, "delta": 8.767191}}
{"target": 4.4763161159250355, "params": {"u": 8.746944672533818, "v": 12.788935480253596, "w": 11.54331571179342, "x": 1.7606915212150258, "y": 1.7893947349413684}, "datetime": {"datetime": "2024-02-25 10:17:24", "elapsed": 1548.527096, "delta": 6.623985}}
{"target": 4.721217224866581, "params": {"u": 8.598226917174838, "v": 12.839873946112101, "w": 11.355368767816792, "x": 2.357355359792793, "y": 2.449417218266066}, "datetime": {"datetime": "2024-02-25 10:17:34", "elapsed": 1559.079441, "delta": 10.552345}}
{"target": -0.04352640677599441, "params": {"u": 9.955386843960888, "v": 1.0, "w": 1.0000000000000002, "x": 8.0, "y": 5.0}, "datetime": {"datetime": "2024-02-25 10:17:43", "elapsed": 1568.240573, "delta": 9.161132}}
{"target": 4.136205255499887, "params": {"u": 8.958813108562302, "v": 12.57854011773939, "w": 11.096645988762758, "x": 1.648197115200045, "y": 1.7525965186154318}, "datetime": {"datetime": "2024-02-25 10:17:52", "elapsed": 1576.665739, "delta": 8.425166}}
{"target": 4.037734545600499, "params": {"u": 8.18747378305864, "v": 12.48394960183627, "w": 10.955147435399248, "x": 2.2303600969507906, "y": 1.8361032341040764}, "datetime": {"datetime": "2024-02-25 10:18:01", "elapsed": 1586.278658, "delta": 9.612919}}
{"target": 0.06165085091928992, "params": {"u": 13.0, "v": 1.0, "w": 7.480762658617173, "x": 0.5, "y": 0.1}, "datetime": {"datetime": "2024-02-25 10:18:11", "elapsed": 1595.508965, "delta": 9.230307}}
{"target": 0.014031589433846655, "params": {"u": 13.0, "v": 7.8048732843482895, "w": 13.0, "x": 0.5, "y": 5.0}, "datetime": {"datetime": "2024-02-25 10:18:16", "elapsed": 1600.454703, "delta": 4.945738}}
{"target": -0.061287951652436154, "params": {"u": 5.959688827550227, "v": 13.0, "w": 13.0, "x": 8.0, "y": 5.0}, "datetime": {"datetime": "2024-02-25 10:18:20", "elapsed": 1605.093795, "delta": 4.639092}}
{"target": -0.01461679060451176, "params": {"u": 7.223526685163763, "v": 7.974935951065825, "w": 1.0, "x": 8.0, "y": 0.1}, "datetime": {"datetime": "2024-02-25 10:18:25", "elapsed": 1610.260709, "delta": 5.166914}}
{"target": 4.221370077220259, "params": {"u": 8.76525226592544, "v": 12.623146351602262, "w": 9.834644004404502, "x": 1.7577789324124413, "y": 1.5566676604456042}, "datetime": {"datetime": "2024-02-25 10:18:32", "elapsed": 1616.5723, "delta": 6.311591}}
{"target": 0.0509426708108474, "params": {"u": 13.0, "v": 13.0, "w": 13.0, "x": 8.0, "y": 5.0}, "datetime": {"datetime": "2024-02-25 10:18:40", "elapsed": 1624.754927, "delta": 8.182627}}
{"target": 0.016632305849210487, "params": {"u": 13.0, "v": 8.325392074112752, "w": 8.430595549655665, "x": 0.5, "y": 5.0}, "datetime": {"datetime": "2024-02-25 10:18:47", "elapsed": 1631.597187, "delta": 6.84226}}
{"target": 0.11258581741926328, "params": {"u": 8.73774200021086, "v": 1.0, "w": 5.1448803568313055, "x": 0.5, "y": 0.1}, "datetime": {"datetime": "2024-02-25 10:18:52", "elapsed": 1636.34836, "delta": 4.751173}}
{"target": -0.05879151120946157, "params": {"u": 11.160772320349965, "v": 9.686946693969594, "w": 9.228629542310458, "x": 8.0, "y": 0.1}, "datetime": {"datetime": "2024-02-25 10:19:02", "elapsed": 1647.276025, "delta": 10.927665}}
{"target": 0.03166745868878804, "params": {"u": 5.103980561551045, "v": 13.0, "w": 13.0, "x": 8.0, "y": 0.1}, "datetime": {"datetime": "2024-02-25 10:19:07", "elapsed": 1652.100787, "delta": 4.824762}}
{"target": -0.045491030786609016, "params": {"u": 13.0, "v": 8.44612666186416, "w": 5.369185635071725, "x": 0.5, "y": 0.1}, "datetime": {"datetime": "2024-02-25 10:19:14", "elapsed": 1658.451968, "delta": 6.351181}}
{"target": 0.024156467830658595, "params": {"u": 13.0, "v": 10.183538278573184, "w": 1.0, "x": 3.8108371442352102, "y": 0.1}, "datetime": {"datetime": "2024-02-25 10:19:26", "elapsed": 1670.71112, "delta": 12.259152}}
{"target": 0.03672728197002542, "params": {"u": 1.0, "v": 6.459852667868946, "w": 5.229703850314515, "x": 0.5, "y": 0.1}, "datetime": {"datetime": "2024-02-25 10:19:38", "elapsed": 1682.524885, "delta": 11.813765}}
{"target": 0.030191711324595024, "params": {"u": 1.0, "v": 8.934663016123285, "w": 13.0, "x": 8.0, "y": 5.0}, "datetime": {"datetime": "2024-02-25 10:19:44", "elapsed": 1689.012963, "delta": 6.488078}}
{"target": 3.3302245391261764, "params": {"u": 8.065727169389904, "v": 12.947593885287969, "w": 11.034213313454812, "x": 2.625452709300644, "y": 2.397832005573191}, "datetime": {"datetime": "2024-02-25 10:19:56", "elapsed": 1701.307348, "delta": 12.294385}}
{"target": 0.06165085091928992, "params": {"u": 13.0, "v": 13.0, "w": 13.0, "x": 0.5, "y": 0.1}, "datetime": {"datetime": "2024-02-25 10:20:05", "elapsed": 1709.933608, "delta": 8.62626}}
{"target": 0.01922917689865455, "params": {"u": 1.0, "v": 9.502111328485137, "w": 13.0, "x": 8.0, "y": 0.1}, "datetime": {"datetime": "2024-02-25 10:20:16", "elapsed": 1720.47154, "delta": 10.537932}}
{"target": 0.0509426708108474, "params": {"u": 4.900053280962647, "v": 1.0, "w": 13.0, "x": 8.0, "y": 5.0}, "datetime": {"datetime": "2024-02-25 10:20:27", "elapsed": 1731.915476, "delta": 11.443936}}
{"target": -0.04586987511787986, "params": {"u": 9.081362544496137, "v": 5.894782898127583, "w": 1.0, "x": 0.5, "y": 0.1}, "datetime": {"datetime": "2024-02-25 10:20:38", "elapsed": 1743.301417, "delta": 11.385941}}
{"target": 0.02036453602819414, "params": {"u": 1.0, "v": 13.0, "w": 13.0, "x": 0.5, "y": 5.0}, "datetime": {"datetime": "2024-02-25 10:20:47", "elapsed": 1752.151569, "delta": 8.850152}}
{"target": 2.822044360532893, "params": {"u": 6.071440946132805, "v": 12.400342810858792, "w": 10.640116208948957, "x": 2.9883967857003912, "y": 4.916954360346505}, "datetime": {"datetime": "2024-02-25 10:20:56", "elapsed": 1761.310166, "delta": 9.158597}}
{"target": -0.015850616367693228, "params": {"u": 1.0, "v": 6.626523830942304, "w": 1.0, "x": 6.373678914157617, "y": 0.1}, "datetime": {"datetime": "2024-02-25 10:21:05", "elapsed": 1769.599829, "delta": 8.289663}}
{"target": -0.04474699254360947, "params": {"u": 5.988464234219487, "v": 12.983694852645792, "w": 12.302416892449688, "x": 4.76143705131467, "y": 4.836882269028023}, "datetime": {"datetime": "2024-02-25 10:21:12", "elapsed": 1777.102746, "delta": 7.502917}}
{"target": -0.097286000478029, "params": {"u": 6.590161683093841, "v": 11.948445022370592, "w": 11.519206009761003, "x": 2.7342314628723576, "y": 4.981825465456292}, "datetime": {"datetime": "2024-02-25 10:21:22", "elapsed": 1787.010216, "delta": 9.90747}}
{"target": -0.045491030786609016, "params": {"u": 1.0, "v": 7.911041887359241, "w": 13.0, "x": 0.5, "y": 0.1}, "datetime": {"datetime": "2024-02-25 10:21:28", "elapsed": 1792.657444, "delta": 5.647228}}
{"target": -0.01961193240078963, "params": {"u": 8.48934065416864, "v": 11.918747207439472, "w": 11.034986667105507, "x": 2.0952197145849922, "y": 1.7354776965248195}, "datetime": {"datetime": "2024-02-25 10:21:36", "elapsed": 1801.064227, "delta": 8.406783}}
{"target": 0.04429486191450966, "params": {"u": 13.0, "v": 5.171618368234286, "w": 9.209555669073406, "x": 5.603770958526166, "y": 0.1}, "datetime": {"datetime": "2024-02-25 10:21:46", "elapsed": 1810.442068, "delta": 9.377841}}
{"target": -0.037635413289039375, "params": {"u": 1.0, "v": 13.0, "w": 4.7398044682766, "x": 4.902287803873927, "y": 0.1}, "datetime": {"datetime": "2024-02-25 10:21:55", "elapsed": 1820.05128, "delta": 9.609212}}
{"target": -2.2946464319972564, "params": {"u": 8.31627825786114, "v": 12.686549681744916, "w": 11.578649662082844, "x": 1.9656223315025372, "y": 3.2123170540878343}, "datetime": {"datetime": "2024-02-25 10:22:03", "elapsed": 1827.554257, "delta": 7.502977}}
{"target": -0.08215147054603868, "params": {"u": 3.8327831577623632, "v": 13.0, "w": 7.673459520805198, "x": 8.0, "y": 0.1}, "datetime": {"datetime": "2024-02-25 10:22:10", "elapsed": 1835.297104, "delta": 7.742847}}
{"target": 4.616424583434303, "params": {"u": 8.559894914525518, "v": 12.912149241752036, "w": 10.674847849470094, "x": 2.31034651482211, "y": 2.626179017137565}, "datetime": {"datetime": "2024-02-25 10:22:19", "elapsed": 1844.17146, "delta": 8.874356}}
{"target": 0.03166745868878804, "params": {"u": 8.306766228081608, "v": 4.540153080098519, "w": 13.0, "x": 8.0, "y": 0.1}, "datetime": {"datetime": "2024-02-25 10:22:33", "elapsed": 1858.299731, "delta": 14.128271}}
{"target": 2.8473879172699132, "params": {"u": 8.686017378409002, "v": 12.376487761684096, "w": 11.449439731599117, "x": 1.2945359232617393, "y": 1.488718895103749}, "datetime": {"datetime": "2024-02-25 10:22:43", "elapsed": 1867.842802, "delta": 9.543071}}
{"target": -0.24804420270467997, "params": {"u": 6.471029280951495, "v": 12.458669440215663, "w": 12.293092289300517, "x": 1.9690994011070018, "y": 1.6527327982306563}, "datetime": {"datetime": "2024-02-25 10:22:52", "elapsed": 1877.096754, "delta": 9.253952}}
{"target": 4.993610486119514, "params": {"u": 6.199661107938644, "v": 12.5277161767714, "w": 10.89724400667585, "x": 2.0361900260698436, "y": 2.0830525032804075}, "datetime": {"datetime": "2024-02-25 10:23:01", "elapsed": 1885.534876, "delta": 8.438122}}
{"target": -0.03708127440822016, "params": {"u": 13.0, "v": 1.0, "w": 1.0, "x": 3.1607096341936827, "y": 2.0665711847209804}, "datetime": {"datetime": "2024-02-25 10:23:06", "elapsed": 1890.708107, "delta": 5.173231}}
{"target": -0.07729290201678288, "params": {"u": 5.482405686070871, "v": 12.242607407134026, "w": 10.584608777012349, "x": 1.9596942767391843, "y": 4.908243790718435}, "datetime": {"datetime": "2024-02-25 10:23:17", "elapsed": 1901.971804, "delta": 11.263697}}
{"target": -0.04688035634603797, "params": {"u": 1.0, "v": 13.0, "w": 1.0, "x": 3.457952961577702, "y": 0.1}, "datetime": {"datetime": "2024-02-25 10:23:26", "elapsed": 1910.72551, "delta": 8.753706}}
{"target": -0.03364138638452215, "params": {"u": 4.977718699511335, "v": 6.467009583455328, "w": 5.733025698757595, "x": 8.0, "y": 5.0}, "datetime": {"datetime": "2024-02-25 10:23:33", "elapsed": 1917.610373, "delta": 6.884863}}
{"target": -0.09116167779373889, "params": {"u": 5.7697840930368685, "v": 12.608926183849315, "w": 10.133176674050096, "x": 3.8394926107855443, "y": 4.703119591598493}, "datetime": {"datetime": "2024-02-25 10:23:40", "elapsed": 1925.233008, "delta": 7.622635}}
{"target": -0.04654032461391629, "params": {"u": 12.941882088911786, "v": 12.891835256820077, "w": 5.605167047209289, "x": 1.0158299026180226, "y": 0.6809354010869969}, "datetime": {"datetime": "2024-02-25 10:23:52", "elapsed": 1936.45211, "delta": 11.219102}}
{"target": -0.033647516087987286, "params": {"u": 1.0, "v": 6.662596503975728, "w": 5.881367403857511, "x": 4.574497181044739, "y": 5.0}, "datetime": {"datetime": "2024-02-25 10:23:58", "elapsed": 1942.397195, "delta": 5.945085}}
{"target": 0.06485398282358865, "params": {"u": 9.613898130515429, "v": 7.4203325876932915, "w": 13.0, "x": 0.5, "y": 0.1}, "datetime": {"datetime": "2024-02-25 10:24:09", "elapsed": 1953.494752, "delta": 11.097557}}
{"target": 2.834829240050971, "params": {"u": 8.368777938507291, "v": 12.872340661601088, "w": 11.150462606800742, "x": 2.327898614651904, "y": 1.4565175480808996}, "datetime": {"datetime": "2024-02-25 10:24:14", "elapsed": 1958.9356, "delta": 5.440848}}
{"target": 4.448911897136377, "params": {"u": 8.73532233030179, "v": 12.438550706688426, "w": 9.800695130973438, "x": 1.7468023651108475, "y": 1.9140569104723004}, "datetime": {"datetime": "2024-02-25 10:24:22", "elapsed": 1966.788707, "delta": 7.853107}}
{"target": 4.991501621658946, "params": {"u": 8.579311709955547, "v": 12.430015102555187, "w": 10.785908527575637, "x": 2.2063703582109704, "y": 2.332971801310068}, "datetime": {"datetime": "2024-02-25 10:24:33", "elapsed": 1977.650475, "delta": 10.861768}}
{"target": 0.22703067793757414, "params": {"u": 9.047895343656009, "v": 12.679362522999373, "w": 11.05587051436451, "x": 2.16931713619958, "y": 1.4732534186164814}, "datetime": {"datetime": "2024-02-25 10:24:45", "elapsed": 1989.757552, "delta": 12.107077}}
{"target": 4.701824228483613, "params": {"u": 8.071345746648989, "v": 12.478986994957534, "w": 11.684729813835304, "x": 2.2262045043443703, "y": 2.132766631709753}, "datetime": {"datetime": "2024-02-25 10:24:54", "elapsed": 1998.637019, "delta": 8.879467}}
{"target": 0.03606018156484443, "params": {"u": 9.018876033197277, "v": 1.0, "w": 13.0, "x": 0.5, "y": 5.0}, "datetime": {"datetime": "2024-02-25 10:25:02", "elapsed": 2006.968894, "delta": 8.331875}}
{"target": 3.344655244035902, "params": {"u": 8.389791284180069, "v": 12.25428576839206, "w": 11.033754895399225, "x": 1.8072024389605332, "y": 1.021867804823945}, "datetime": {"datetime": "2024-02-25 10:25:15", "elapsed": 2020.20382, "delta": 13.234926}}
{"target": 3.8459921259648837, "params": {"u": 6.679468933465966, "v": 12.96697020187625, "w": 10.240033247966748, "x": 2.006496207510603, "y": 1.4260052645075827}, "datetime": {"datetime": "2024-02-25 10:25:29", "elapsed": 2034.149893, "delta": 13.946073}}
{"target": 0.00858203759206751, "params": {"u": 1.0, "v": 9.632017671246329, "w": 1.0, "x": 0.5, "y": 5.0}, "datetime": {"datetime": "2024-02-25 10:25:44", "elapsed": 2048.348753, "delta": 14.19886}}
{"target": 4.676665540868137, "params": {"u": 8.498159767252192, "v": 12.283763970246978, "w": 11.380233081546654, "x": 1.8230802285731675, "y": 1.9384389965277324}, "datetime": {"datetime": "2024-02-25 10:25:57", "elapsed": 2062.070151, "delta": 13.721398}}
{"target": 4.491916208679029, "params": {"u": 7.783735279542597, "v": 12.91146763535752, "w": 11.33604767118232, "x": 2.1218060975864232, "y": 1.8670906948308914}, "datetime": {"datetime": "2024-02-25 10:26:12", "elapsed": 2077.157715, "delta": 15.087564}}
{"target": 0.0026375063646020265, "params": {"u": 6.900742249095132, "v": 13.0, "w": 1.0, "x": 4.491087542133659, "y": 5.0}, "datetime": {"datetime": "2024-02-25 10:26:29", "elapsed": 2093.926656, "delta": 16.768941}}
{"target": 4.776553880716589, "params": {"u": 8.004654049496281, "v": 12.672466220015215, "w": 10.546960193017416, "x": 2.0209522718241164, "y": 1.9054519089535047}, "datetime": {"datetime": "2024-02-25 10:26:35", "elapsed": 2100.332476, "delta": 6.40582}}
{"target": -0.04586987511787986, "params": {"u": 13.0, "v": 9.325467749633773, "w": 9.62680520303286, "x": 0.5, "y": 0.1}, "datetime": {"datetime": "2024-02-25 10:26:45", "elapsed": 2109.691879, "delta": 9.359403}}
{"target": 2.406369348623832, "params": {"u": 8.434448028715924, "v": 12.72909556650313, "w": 11.722688094275995, "x": 2.7485515654473236, "y": 2.280596433318768}, "datetime": {"datetime": "2024-02-25 10:26:57", "elapsed": 2121.532289, "delta": 11.84041}}
{"target": 0.02612907140189052, "params": {"u": 1.0, "v": 1.0, "w": 10.195232121607686, "x": 0.5, "y": 5.0}, "datetime": {"datetime": "2024-02-25 10:27:09", "elapsed": 2133.339577, "delta": 11.807288}}
{"target": -0.04352640677599441, "params": {"u": 11.644592129470308, "v": 10.621451061680078, "w": 6.583996779222426, "x": 8.0, "y": 5.0}, "datetime": {"datetime": "2024-02-25 10:27:15", "elapsed": 2140.018963, "delta": 6.679386}}
{"target": 0.030191711324595024, "params": {"u": 1.0, "v": 9.022459784708314, "w": 7.17968235554681, "x": 8.0, "y": 5.0}, "datetime": {"datetime": "2024-02-25 10:27:28", "elapsed": 2152.575102, "delta": 12.556139}}
{"target": 0.04998831157580302, "params": {"u": 8.20727742928761, "v": 1.0, "w": 9.22287978995779, "x": 0.5, "y": 0.1}, "datetime": {"datetime": "2024-02-25 10:27:36", "elapsed": 2160.453252, "delta": 7.87815}}
{"target": 0.06485398282358865, "params": {"u": 1.0, "v": 4.009186465236835, "w": 9.457659356943122, "x": 0.5, "y": 0.1}, "datetime": {"datetime": "2024-02-25 10:27:48", "elapsed": 2173.230571, "delta": 12.777319}}
