{"target": -0.745520602869664, "params": {"colsample_bytree": 0.3593629539053259, "learning_rate": 0.45777566347660703, "max_bin_exp": 9.790066964775752, "max_depth": 2.76981737218874, "n_estimators": 3921.8641877129726, "reg_alpha": 1.3766945859206805, "reg_lambda": 1.8415244998548113}, "datetime": {"datetime": "2024-02-19 15:32:42", "elapsed": 688.680982, "delta": 2.74937}}
{"target": -2.6751886228239763, "params": {"colsample_bytree": 0.24176277455551595, "learning_rate": 0.130071061972082, "max_bin_exp": 8.621783569341932, "max_depth": 1.839065970882975, "n_estimators": 3864.233116476506, "reg_alpha": 0.5926156079654284, "reg_lambda": 0.05221289067861412}, "datetime": {"datetime": "2024-02-19 15:32:44", "elapsed": 690.684777, "delta": 2.003795}}
{"target": -0.8889600187499999, "params": {"colsample_bytree": 0.2, "learning_rate": 0.5, "max_bin_exp": 7.261522192684855, "max_depth": 3.453237088580939, "n_estimators": 4148.1138170101385, "reg_alpha": 3.0, "reg_lambda": 0.0}, "datetime": {"datetime": "2024-02-19 15:32:47", "elapsed": 693.731725, "delta": 3.046948}}
{"target": -3.1202102095750948, "params": {"colsample_bytree": 1.0, "learning_rate": 0.001, "max_bin_exp": 10.0, "max_depth": 2.275868439950941, "n_estimators": 3741.0942870368017, "reg_alpha": 3.0, "reg_lambda": 3.0}, "datetime": {"datetime": "2024-02-19 15:32:50", "elapsed": 696.827016, "delta": 3.095291}}
{"target": -1.415280246592514, "params": {"colsample_bytree": 1.0, "learning_rate": 0.001, "max_bin_exp": 10.0, "max_depth": 6.0, "n_estimators": 2307.757304603525, "reg_alpha": 0.0, "reg_lambda": 3.0}, "datetime": {"datetime": "2024-02-19 15:32:54", "elapsed": 700.376585, "delta": 3.549569}}
{"target": -0.807330308992467, "params": {"colsample_bytree": 0.39097065689483784, "learning_rate": 0.30587365804705274, "max_bin_exp": 6.886258098939627, "max_depth": 4.66423610385408, "n_estimators": 4826.778827929605, "reg_alpha": 2.8748739119857807, "reg_lambda": 2.9338174855219004}, "datetime": {"datetime": "2024-02-19 15:32:57", "elapsed": 704.296124, "delta": 3.919539}}
{"target": -1.1576055303937145, "params": {"colsample_bytree": 0.4351876180081929, "learning_rate": 0.25552398126823495, "max_bin_exp": 4.549988366123775, "max_depth": 3.2247776203663037, "n_estimators": 3736.682810783948, "reg_alpha": 0.5242642392964875, "reg_lambda": 2.486284037243338}, "datetime": {"datetime": "2024-02-19 15:33:01", "elapsed": 707.328706, "delta": 3.032582}}
{"target": -0.8986611567642127, "params": {"colsample_bytree": 0.24998442422712222, "learning_rate": 0.16158176941854616, "max_bin_exp": 9.869424769458046, "max_depth": 5.755088856911297, "n_estimators": 3738.4881726375925, "reg_alpha": 0.23448309394478106, "reg_lambda": 0.1364684370144641}, "datetime": {"datetime": "2024-02-19 15:33:05", "elapsed": 712.040775, "delta": 4.712069}}
{"target": -0.7599662887093925, "params": {"colsample_bytree": 0.5021809812650695, "learning_rate": 0.08370399705480423, "max_bin_exp": 9.818395000205353, "max_depth": 2.525746384577475, "n_estimators": 3206.2215763042036, "reg_alpha": 0.02525721853477747, "reg_lambda": 2.396321120512586}, "datetime": {"datetime": "2024-02-19 15:33:07", "elapsed": 713.40129, "delta": 1.360515}}
{"target": -0.6503328068973635, "params": {"colsample_bytree": 1.0, "learning_rate": 0.5, "max_bin_exp": 7.286976063635853, "max_depth": 6.0, "n_estimators": 3738.8997162857086, "reg_alpha": 0.0, "reg_lambda": 3.0}, "datetime": {"datetime": "2024-02-19 15:33:13", "elapsed": 719.869437, "delta": 6.468147}}
{"target": -0.686418900730123, "params": {"colsample_bytree": 1.0, "learning_rate": 0.5, "max_bin_exp": 7.27376661746951, "max_depth": 6.0, "n_estimators": 3909.3269743981855, "reg_alpha": 3.0, "reg_lambda": 0.01603488540325331}, "datetime": {"datetime": "2024-02-19 15:33:19", "elapsed": 725.549636, "delta": 5.680199}}
{"target": -0.7075886887314619, "params": {"colsample_bytree": 0.8306243774314626, "learning_rate": 0.3598614843216649, "max_bin_exp": 6.002242655680349, "max_depth": 2.491172855820584, "n_estimators": 3923.306921078189, "reg_alpha": 0.5720814062906844, "reg_lambda": 0.4680624920571148}, "datetime": {"datetime": "2024-02-19 15:33:21", "elapsed": 727.945829, "delta": 2.396193}}
{"target": -1.0561972263850268, "params": {"colsample_bytree": 0.6812359395957726, "learning_rate": 0.018150684859532428, "max_bin_exp": 4.572762583273768, "max_depth": 5.117881541864129, "n_estimators": 4585.508830601679, "reg_alpha": 2.8987172221359843, "reg_lambda": 1.7830805154940483}, "datetime": {"datetime": "2024-02-19 15:33:26", "elapsed": 732.83092, "delta": 4.885091}}
{"target": -0.8384658328115805, "params": {"colsample_bytree": 0.35503697027264897, "learning_rate": 0.35362162844269, "max_bin_exp": 5.579972971972842, "max_depth": 3.4800416357540556, "n_estimators": 4165.4675656437685, "reg_alpha": 2.119688638335817, "reg_lambda": 2.498883982086781}, "datetime": {"datetime": "2024-02-19 15:33:29", "elapsed": 736.021915, "delta": 3.190995}}
{"target": -0.8639564036517184, "params": {"colsample_bytree": 0.8875865490800079, "learning_rate": 0.46454717432129417, "max_bin_exp": 9.871536122592321, "max_depth": 1.2814110406522619, "n_estimators": 4163.934913484322, "reg_alpha": 1.7196357520915795, "reg_lambda": 2.032521434936057}, "datetime": {"datetime": "2024-02-19 15:33:31", "elapsed": 738.007849, "delta": 1.985934}}
{"target": -0.6534284446971368, "params": {"colsample_bytree": 0.7958837168797388, "learning_rate": 0.10964500882955233, "max_bin_exp": 8.294012496439553, "max_depth": 4.026078623767419, "n_estimators": 3730.2620403688406, "reg_alpha": 0.5424158538152651, "reg_lambda": 0.05382104696637813}, "datetime": {"datetime": "2024-02-19 15:33:35", "elapsed": 742.186112, "delta": 4.178263}}
{"target": -1.2903208054525659, "params": {"colsample_bytree": 0.5768938217571056, "learning_rate": 0.4636468835246629, "max_bin_exp": 6.523882401163601, "max_depth": 1.9606848349410324, "n_estimators": 3206.694991442211, "reg_alpha": 2.9281479489423927, "reg_lambda": 2.4928009489344576}, "datetime": {"datetime": "2024-02-19 15:33:36", "elapsed": 743.18362, "delta": 0.997508}}
{"target": -0.9088655444826977, "params": {"colsample_bytree": 0.21936026942634373, "learning_rate": 0.25661942239921337, "max_bin_exp": 8.83901218951874, "max_depth": 5.390347428803555, "n_estimators": 4165.833028851929, "reg_alpha": 0.9421107488421129, "reg_lambda": 2.769108020689767}, "datetime": {"datetime": "2024-02-19 15:33:41", "elapsed": 747.841298, "delta": 4.657678}}
{"target": -0.8821580524364406, "params": {"colsample_bytree": 1.0, "learning_rate": 0.001, "max_bin_exp": 7.3679343821847345, "max_depth": 6.0, "n_estimators": 3921.929208332995, "reg_alpha": 0.0, "reg_lambda": 3.0}, "datetime": {"datetime": "2024-02-19 15:33:47", "elapsed": 753.947556, "delta": 6.106258}}
{"target": -0.8039036771421845, "params": {"colsample_bytree": 0.9653374503611243, "learning_rate": 0.4525844055223914, "max_bin_exp": 5.410637060664907, "max_depth": 2.797441234735742, "n_estimators": 4817.145555879082, "reg_alpha": 0.8065459364296439, "reg_lambda": 1.0611178785570035}, "datetime": {"datetime": "2024-02-19 15:33:50", "elapsed": 756.689298, "delta": 2.741742}}
{"target": -0.8904605687564369, "params": {"colsample_bytree": 0.3330065290948835, "learning_rate": 0.2893805681967113, "max_bin_exp": 5.400077655331646, "max_depth": 4.917662895386256, "n_estimators": 3729.3437417365094, "reg_alpha": 2.945137271180078, "reg_lambda": 2.2274890491679944}, "datetime": {"datetime": "2024-02-19 15:33:53", "elapsed": 760.318409, "delta": 3.629111}}
{"target": -0.6617124135904029, "params": {"colsample_bytree": 1.0, "learning_rate": 0.5, "max_bin_exp": 10.0, "max_depth": 4.875032533760694, "n_estimators": 4149.124715124047, "reg_alpha": 3.0, "reg_lambda": 3.0}, "datetime": {"datetime": "2024-02-19 15:33:59", "elapsed": 765.335525, "delta": 5.017116}}
{"target": -0.7876811520112404, "params": {"colsample_bytree": 1.0, "learning_rate": 0.5, "max_bin_exp": 5.867661094101136, "max_depth": 5.135097926385783, "n_estimators": 2300.974041586276, "reg_alpha": 0.0, "reg_lambda": 3.0}, "datetime": {"datetime": "2024-02-19 15:34:01", "elapsed": 767.611975, "delta": 2.27645}}
{"target": -1.3488662080331921, "params": {"colsample_bytree": 1.0, "learning_rate": 0.001, "max_bin_exp": 10.0, "max_depth": 6.0, "n_estimators": 2311.15476740878, "reg_alpha": 3.0, "reg_lambda": 0.0}, "datetime": {"datetime": "2024-02-19 15:34:04", "elapsed": 771.275069, "delta": 3.663094}}
{"target": -0.7902207723642006, "params": {"colsample_bytree": 0.315620840756772, "learning_rate": 0.38921681900510685, "max_bin_exp": 9.3886616075241, "max_depth": 5.807041537709244, "n_estimators": 4779.647089463151, "reg_alpha": 0.24999743015420195, "reg_lambda": 0.42403290711802677}, "datetime": {"datetime": "2024-02-19 15:34:10", "elapsed": 776.713891, "delta": 5.438822}}
{"target": -0.6702920046271775, "params": {"colsample_bytree": 0.9427436243694924, "learning_rate": 0.4387575563505635, "max_bin_exp": 8.666939797845693, "max_depth": 4.461753585249186, "n_estimators": 3963.04861792014, "reg_alpha": 2.8828927118209102, "reg_lambda": 2.865547905672937}, "datetime": {"datetime": "2024-02-19 15:34:14", "elapsed": 781.05415, "delta": 4.340259}}
{"target": -1.8274278142495366, "params": {"colsample_bytree": 0.20706095042062236, "learning_rate": 0.17667584767149447, "max_bin_exp": 5.337405909460263, "max_depth": 5.976113530022254, "n_estimators": 3963.9521458160534, "reg_alpha": 1.161384002313588, "reg_lambda": 0.17855488522290486}, "datetime": {"datetime": "2024-02-19 15:34:18", "elapsed": 785.282948, "delta": 4.228798}}
{"target": -0.8523764343926553, "params": {"colsample_bytree": 1.0, "learning_rate": 0.5, "max_bin_exp": 10.0, "max_depth": 1.0, "n_estimators": 3961.666612597527, "reg_alpha": 1.0500748954130092, "reg_lambda": 3.0}, "datetime": {"datetime": "2024-02-19 15:34:21", "elapsed": 787.54601, "delta": 2.263062}}
{"target": -3.1428834571195265, "params": {"colsample_bytree": 0.264665554685228, "learning_rate": 0.26642385777358535, "max_bin_exp": 4.4663666529274515, "max_depth": 5.644785516237254, "n_estimators": 745.7536627442162, "reg_alpha": 0.36530849457861225, "reg_lambda": 1.422232428027154}, "datetime": {"datetime": "2024-02-19 15:34:22", "elapsed": 788.753555, "delta": 1.207545}}
{"target": -0.9059437611523071, "params": {"colsample_bytree": 1.0, "learning_rate": 0.001, "max_bin_exp": 6.815331016845958, "max_depth": 6.0, "n_estimators": 4625.468578093922, "reg_alpha": 0.0, "reg_lambda": 3.0}, "datetime": {"datetime": "2024-02-19 15:34:28", "elapsed": 795.172048, "delta": 6.418493}}
{"target": -1.1231239544818885, "params": {"colsample_bytree": 0.9057668670692511, "learning_rate": 0.4847273723840496, "max_bin_exp": 4.415606367013738, "max_depth": 5.002696012238421, "n_estimators": 767.5613401018675, "reg_alpha": 2.6170863117272987, "reg_lambda": 0.7049189458045555}, "datetime": {"datetime": "2024-02-19 15:34:30", "elapsed": 796.559166, "delta": 1.387118}}
{"target": -1.0532037136477828, "params": {"colsample_bytree": 0.2, "learning_rate": 0.5, "max_bin_exp": 10.0, "max_depth": 6.0, "n_estimators": 4787.832958337258, "reg_alpha": 0.0, "reg_lambda": 3.0}, "datetime": {"datetime": "2024-02-19 15:34:52", "elapsed": 818.443815, "delta": 21.884649}}
{"target": -0.6975315059366173, "params": {"colsample_bytree": 0.7917588792920198, "learning_rate": 0.12818536138033, "max_bin_exp": 8.787521783420747, "max_depth": 2.8772412840370296, "n_estimators": 3714.1494817694843, "reg_alpha": 1.2287541433585214, "reg_lambda": 1.9216861794242797}, "datetime": {"datetime": "2024-02-19 15:34:54", "elapsed": 821.14584, "delta": 2.702025}}
{"target": -3.096607695330155, "params": {"colsample_bytree": 0.2683602259110851, "learning_rate": 0.2792918493711524, "max_bin_exp": 7.20112759532692, "max_depth": 1.4378730698713307, "n_estimators": 768.883153149865, "reg_alpha": 0.3704188393825282, "reg_lambda": 0.5295773317750135}, "datetime": {"datetime": "2024-02-19 15:34:55", "elapsed": 822.07991, "delta": 0.93407}}
{"target": -0.6861468682093044, "params": {"colsample_bytree": 0.621288690319679, "learning_rate": 0.3892892522966088, "max_bin_exp": 7.9868005856250965, "max_depth": 3.2679836020791773, "n_estimators": 760.3867855894949, "reg_alpha": 1.0689149600786783, "reg_lambda": 2.7727050794769132}, "datetime": {"datetime": "2024-02-19 15:34:57", "elapsed": 823.357518, "delta": 1.277608}}
{"target": -0.8875851739781957, "params": {"colsample_bytree": 0.2, "learning_rate": 0.5, "max_bin_exp": 10.0, "max_depth": 6.0, "n_estimators": 773.5299524157429, "reg_alpha": 3.0, "reg_lambda": 3.0}, "datetime": {"datetime": "2024-02-19 15:34:58", "elapsed": 824.9315, "delta": 1.573982}}
{"target": -0.694228950417108, "params": {"colsample_bytree": 0.4421704742079565, "learning_rate": 0.35354581412305397, "max_bin_exp": 7.246867907856366, "max_depth": 5.905536745824921, "n_estimators": 763.7416102010241, "reg_alpha": 0.18915621064249344, "reg_lambda": 1.9684874392790945}, "datetime": {"datetime": "2024-02-19 15:35:00", "elapsed": 826.528147, "delta": 1.596647}}
{"target": -4.02914336537194, "params": {"colsample_bytree": 0.2839778930708936, "learning_rate": 0.002657349810065656, "max_bin_exp": 4.094955767136168, "max_depth": 4.574087410486785, "n_estimators": 760.9725823263727, "reg_alpha": 2.695006415018229, "reg_lambda": 1.7399170592889743}, "datetime": {"datetime": "2024-02-19 15:35:01", "elapsed": 827.670571, "delta": 1.142424}}
{"target": -0.5956798686528956, "params": {"colsample_bytree": 0.9752728604628074, "learning_rate": 0.18336362467649384, "max_bin_exp": 9.996784256790978, "max_depth": 4.493201540303854, "n_estimators": 761.1820042684875, "reg_alpha": 0.7164023909153684, "reg_lambda": 1.3117214217540831}, "datetime": {"datetime": "2024-02-19 15:35:02", "elapsed": 829.161228, "delta": 1.490657}}
{"target": -0.6427366146756562, "params": {"colsample_bytree": 0.650617002464603, "learning_rate": 0.11047783538478073, "max_bin_exp": 8.385704974558848, "max_depth": 4.179402037684875, "n_estimators": 4819.104670874231, "reg_alpha": 0.49051948422652747, "reg_lambda": 2.9306556740497887}, "datetime": {"datetime": "2024-02-19 15:35:06", "elapsed": 833.316438, "delta": 4.15521}}
{"target": -3.6651439981285314, "params": {"colsample_bytree": 0.2, "learning_rate": 0.001, "max_bin_exp": 4.4031684116550585, "max_depth": 6.0, "n_estimators": 3924.0574261156917, "reg_alpha": 3.0, "reg_lambda": 0.0}, "datetime": {"datetime": "2024-02-19 15:35:11", "elapsed": 838.057004, "delta": 4.740566}}
{"target": -0.6784092326410959, "params": {"colsample_bytree": 1.0, "learning_rate": 0.5, "max_bin_exp": 8.409622130553014, "max_depth": 6.0, "n_estimators": 4143.8316798126825, "reg_alpha": 3.0, "reg_lambda": 0.1947990149816553}, "datetime": {"datetime": "2024-02-19 15:35:17", "elapsed": 843.872012, "delta": 5.815008}}
{"target": -0.8199239894562514, "params": {"colsample_bytree": 0.296784740325627, "learning_rate": 0.17904011414531637, "max_bin_exp": 6.836978419690498, "max_depth": 5.924258071856478, "n_estimators": 3716.76089045501, "reg_alpha": 0.39846760761951683, "reg_lambda": 1.173796358227118}, "datetime": {"datetime": "2024-02-19 15:35:22", "elapsed": 848.770188, "delta": 4.898176}}
{"target": -0.6945677207700685, "params": {"colsample_bytree": 1.0, "learning_rate": 0.5, "max_bin_exp": 10.0, "max_depth": 5.9175901420550945, "n_estimators": 3921.2872560454084, "reg_alpha": 0.0, "reg_lambda": 0.0}, "datetime": {"datetime": "2024-02-19 15:35:29", "elapsed": 855.8045, "delta": 7.034312}}
{"target": -0.9116741497719515, "params": {"colsample_bytree": 0.2, "learning_rate": 0.5, "max_bin_exp": 8.88717774966215, "max_depth": 5.28705074654756, "n_estimators": 4817.480035838393, "reg_alpha": 2.885387347891243, "reg_lambda": 0.0}, "datetime": {"datetime": "2024-02-19 15:35:33", "elapsed": 860.136417, "delta": 4.331917}}
{"target": -0.7384886994258787, "params": {"colsample_bytree": 0.37913420328015324, "learning_rate": 0.41263095153589957, "max_bin_exp": 9.832871215558031, "max_depth": 2.1100127795787444, "n_estimators": 3925.0285248530095, "reg_alpha": 0.5528751482330974, "reg_lambda": 0.5032915874592605}, "datetime": {"datetime": "2024-02-19 15:35:36", "elapsed": 862.82332, "delta": 2.686903}}
{"target": -0.7700402023834745, "params": {"colsample_bytree": 0.47204771935666356, "learning_rate": 0.2225468231748698, "max_bin_exp": 5.211618000285044, "max_depth": 3.8826023678125203, "n_estimators": 4159.589961507574, "reg_alpha": 0.39844877830002823, "reg_lambda": 2.9129514398526397}, "datetime": {"datetime": "2024-02-19 15:35:39", "elapsed": 866.258253, "delta": 3.434933}}
{"target": -0.6584153553017597, "params": {"colsample_bytree": 0.7048008218254012, "learning_rate": 0.31790394162226615, "max_bin_exp": 9.405021320296433, "max_depth": 5.5862660301151665, "n_estimators": 3711.4312940603245, "reg_alpha": 0.01838764923054048, "reg_lambda": 1.6357045374045147}, "datetime": {"datetime": "2024-02-19 15:35:45", "elapsed": 872.051982, "delta": 5.793729}}
{"target": -0.666536095416777, "params": {"colsample_bytree": 1.0, "learning_rate": 0.5, "max_bin_exp": 6.696718308064298, "max_depth": 6.0, "n_estimators": 3712.9545845344396, "reg_alpha": 3.0, "reg_lambda": 3.0}, "datetime": {"datetime": "2024-02-19 15:35:53", "elapsed": 879.785495, "delta": 7.733513}}
{"target": -0.7992852630508106, "params": {"colsample_bytree": 0.884324725763914, "learning_rate": 0.2655685746610163, "max_bin_exp": 5.334366558191651, "max_depth": 3.98627102002005, "n_estimators": 3710.260594810748, "reg_alpha": 0.020225915891279422, "reg_lambda": 0.5646118514070405}, "datetime": {"datetime": "2024-02-19 15:35:57", "elapsed": 883.649335, "delta": 3.86384}}
{"target": -0.6714806686560221, "params": {"colsample_bytree": 0.7885776452091802, "learning_rate": 0.36305594691020193, "max_bin_exp": 9.41623457346373, "max_depth": 4.1367747407538245, "n_estimators": 3709.793110358811, "reg_alpha": 2.986634791243422, "reg_lambda": 0.3987573660807664}, "datetime": {"datetime": "2024-02-19 15:36:02", "elapsed": 889.104983, "delta": 5.455648}}
{"target": -2.5605885964424435, "params": {"colsample_bytree": 0.7440969409759803, "learning_rate": 0.03373344149887997, "max_bin_exp": 9.29054219616603, "max_depth": 1.0752484062337555, "n_estimators": 3709.53926057859, "reg_alpha": 0.4366973086472722, "reg_lambda": 1.3331855791285019}, "datetime": {"datetime": "2024-02-19 15:36:04", "elapsed": 891.237336, "delta": 2.132353}}
{"target": -2.718489650341337, "params": {"colsample_bytree": 0.2, "learning_rate": 0.5, "max_bin_exp": 10.0, "max_depth": 1.0, "n_estimators": 761.3987356605229, "reg_alpha": 0.0, "reg_lambda": 3.0}, "datetime": {"datetime": "2024-02-19 15:36:06", "elapsed": 892.607383, "delta": 1.370047}}
{"target": -1.0043985670517745, "params": {"colsample_bytree": 0.2, "learning_rate": 0.5, "max_bin_exp": 10.0, "max_depth": 6.0, "n_estimators": 3192.079355284521, "reg_alpha": 0.0, "reg_lambda": 0.0}, "datetime": {"datetime": "2024-02-19 15:36:09", "elapsed": 895.4467, "delta": 2.839317}}
{"target": -3.76725641825565, "params": {"colsample_bytree": 0.2, "learning_rate": 0.001, "max_bin_exp": 10.0, "max_depth": 3.04654904497665, "n_estimators": 3909.8350049811606, "reg_alpha": 3.0, "reg_lambda": 0.31928133916164797}, "datetime": {"datetime": "2024-02-19 15:36:13", "elapsed": 899.759568, "delta": 4.312868}}
{"target": -1.1566042679812099, "params": {"colsample_bytree": 0.509124569357992, "learning_rate": 0.2408794785063898, "max_bin_exp": 4.428001027890827, "max_depth": 3.9379031840012164, "n_estimators": 3714.110503521773, "reg_alpha": 1.618601872713196, "reg_lambda": 0.7750275148939781}, "datetime": {"datetime": "2024-02-19 15:36:16", "elapsed": 902.993015, "delta": 3.233447}}
{"target": -1.0114598548669962, "params": {"colsample_bytree": 0.6232578537348812, "learning_rate": 0.02569259884681668, "max_bin_exp": 5.716667019406199, "max_depth": 2.2277891074873764, "n_estimators": 4142.685510135443, "reg_alpha": 2.8369222694184466, "reg_lambda": 2.109810216707746}, "datetime": {"datetime": "2024-02-19 15:36:19", "elapsed": 905.738506, "delta": 2.745491}}
{"target": -0.7369385055651189, "params": {"colsample_bytree": 1.0, "learning_rate": 0.5, "max_bin_exp": 10.0, "max_depth": 3.5814466564295375, "n_estimators": 4586.361709340644, "reg_alpha": 0.342240100760964, "reg_lambda": 0.0}, "datetime": {"datetime": "2024-02-19 15:36:24", "elapsed": 910.376034, "delta": 4.637528}}
{"target": -0.6502328790298376, "params": {"colsample_bytree": 1.0, "learning_rate": 0.5, "max_bin_exp": 7.06348738085124, "max_depth": 6.0, "n_estimators": 3910.4565814959883, "reg_alpha": 0.5110715070560894, "reg_lambda": 3.0}, "datetime": {"datetime": "2024-02-19 15:36:30", "elapsed": 917.036682, "delta": 6.660648}}
{"target": -0.6266009957627119, "params": {"colsample_bytree": 0.8989437019793782, "learning_rate": 0.12855496325297888, "max_bin_exp": 9.961256933077458, "max_depth": 5.567270926072228, "n_estimators": 3715.754888701758, "reg_alpha": 2.0063867918220897, "reg_lambda": 0.3689742296228854}, "datetime": {"datetime": "2024-02-19 15:36:36", "elapsed": 923.17472, "delta": 6.138038}}
{"target": -0.6025415089959614, "params": {"colsample_bytree": 0.8184116246846842, "learning_rate": 0.17415412612640532, "max_bin_exp": 9.573661020083067, "max_depth": 5.636867833501103, "n_estimators": 765.8982283594529, "reg_alpha": 2.69243541763374, "reg_lambda": 1.8456079310132734}, "datetime": {"datetime": "2024-02-19 15:36:38", "elapsed": 924.919414, "delta": 1.744694}}
{"target": -0.9118413011917375, "params": {"colsample_bytree": 0.2, "learning_rate": 0.5, "max_bin_exp": 8.435100790229413, "max_depth": 6.0, "n_estimators": 3712.541331083908, "reg_alpha": 3.0, "reg_lambda": 0.0}, "datetime": {"datetime": "2024-02-19 15:36:44", "elapsed": 930.667859, "delta": 5.748445}}
