{"target": -7.194011209336638, "params": {"u": 0.834044009405148, "x": 1.8812979737686324, "y": -4.998856251826551}, "datetime": {"datetime": "2024-02-27 23:05:43", "elapsed": 0.0, "delta": 0.0}}
{"target": 6.774877816948241, "params": {"u": 1.5348470354829065, "x": -0.6751336562290668, "y": 4.984135585909076}, "datetime": {"datetime": "2024-02-27 23:05:43", "elapsed": 0.111717, "delta": 0.111717}}
{"target": 8.032017924077199, "params": {"u": 1.339641274647888, "x": -0.2765452699017394, "y": 4.894867921113628}, "datetime": {"datetime": "2024-02-27 23:05:43", "elapsed": 0.497743, "delta": 0.386026}}
{"target": -18.0, "params": {"u": 0.0, "x": 3.0, "y": 5.0}, "datetime": {"datetime": "2024-02-27 23:05:43", "elapsed": 0.743263, "delta": 0.24552}}
{"target": -6.329571572422086, "params": {"u": 0.9066832996898009, "x": -0.8215438610159563, "y": 2.8720490355592005}, "datetime": {"datetime": "2024-02-27 23:05:44", "elapsed": 1.084926, "delta": 0.341663}}
{"target": -9.23422173446644, "params": {"u": 0.12222152013450072, "x": -0.7717340740374796, "y": 4.990559955582942}, "datetime": {"datetime": "2024-02-27 23:05:44", "elapsed": 1.422225, "delta": 0.337299}}
{"target": 19.998278742683418, "params": {"u": 2.0, "x": 0.04148803823493447, "y": 4.447654722427129}, "datetime": {"datetime": "2024-02-27 23:05:44", "elapsed": 1.73112, "delta": 0.308895}}
{"target": 17.80068102369009, "params": {"u": 2.0, "x": 1.0951342275309965, "y": 3.985095418017531}, "datetime": {"datetime": "2024-02-27 23:05:45", "elapsed": 2.079605, "delta": 0.348485}}
{"target": 9.848550622356896, "params": {"u": 2.0, "x": 2.4802115590495712, "y": 0.8924136303287724}, "datetime": {"datetime": "2024-02-27 23:05:45", "elapsed": 2.521346, "delta": 0.441741}}
{"target": -18.0, "params": {"u": 0.0, "x": 3.0, "y": -0.7410109447456668}, "datetime": {"datetime": "2024-02-27 23:05:45", "elapsed": 2.736166, "delta": 0.21482}}
{"target": 17.722309651110876, "params": {"u": 2.0, "x": 1.130349657800241, "y": 2.2334006435546296}, "datetime": {"datetime": "2024-02-27 23:05:46", "elapsed": 3.084118, "delta": 0.347952}}
{"target": 18.0, "params": {"u": 2.0, "x": -1.0, "y": -1.0761840330609045}, "datetime": {"datetime": "2024-02-27 23:05:46", "elapsed": 3.188479, "delta": 0.104361}}
{"target": 18.0, "params": {"u": 2.0, "x": -1.0, "y": -3.226582514339215}, "datetime": {"datetime": "2024-02-27 23:05:46", "elapsed": 3.543371, "delta": 0.354892}}
{"target": -2.0, "params": {"u": 0.0, "x": -1.0, "y": -2.3793547652173834}, "datetime": {"datetime": "2024-02-27 23:05:47", "elapsed": 3.990701, "delta": 0.44733}}
{"target": 18.0, "params": {"u": 2.0, "x": -1.0, "y": -5.0}, "datetime": {"datetime": "2024-02-27 23:05:47", "elapsed": 4.372743, "delta": 0.382042}}
{"target": 19.89843556436714, "params": {"u": 2.0, "x": 0.3186917564557608, "y": 0.2855902121595217}, "datetime": {"datetime": "2024-02-27 23:05:48", "elapsed": 4.895097, "delta": 0.522354}}
{"target": 19.677373017981395, "params": {"u": 2.0, "x": 0.568002625010312, "y": -1.6598175823391528}, "datetime": {"datetime": "2024-02-27 23:05:48", "elapsed": 5.330863, "delta": 0.435766}}
{"target": 19.89137867335244, "params": {"u": 2.0, "x": 0.3295774971801957, "y": -3.4945227482903025}, "datetime": {"datetime": "2024-02-27 23:05:48", "elapsed": 5.806398, "delta": 0.475535}}
{"target": 19.37471793312112, "params": {"u": 2.0, "x": 0.7907477896768864, "y": 5.0}, "datetime": {"datetime": "2024-02-27 23:05:49", "elapsed": 6.160671, "delta": 0.354273}}
{"target": 18.0, "params": {"u": 2.0, "x": -1.0, "y": 0.6767398253887514}, "datetime": {"datetime": "2024-02-27 23:05:49", "elapsed": 6.588785, "delta": 0.428114}}
{"target": 19.987354369154318, "params": {"u": 2.0, "x": -0.11245279385449729, "y": -2.4192550850442998}, "datetime": {"datetime": "2024-02-27 23:05:50", "elapsed": 6.89772, "delta": 0.308935}}
{"target": 16.634615006135956, "params": {"u": 2.0, "x": 1.5379808171313598, "y": -2.6612909976922476}, "datetime": {"datetime": "2024-02-27 23:05:50", "elapsed": 7.354695, "delta": 0.456975}}
{"target": 19.98593027326055, "params": {"u": 2.0, "x": 0.1186158789515527, "y": 1.507163263501619}, "datetime": {"datetime": "2024-02-27 23:05:50", "elapsed": 7.708023, "delta": 0.353328}}
{"target": 19.929425532138435, "params": {"u": 2.0, "x": 0.2656585550317615, "y": 3.1335825793506142}, "datetime": {"datetime": "2024-02-27 23:05:51", "elapsed": 8.177928, "delta": 0.469905}}
{"target": 19.96375936640806, "params": {"u": 2.0, "x": -0.19036972866487845, "y": -0.5233808119232302}, "datetime": {"datetime": "2024-02-27 23:05:51", "elapsed": 8.450991, "delta": 0.273063}}
{"target": 19.90735051176689, "params": {"u": 2.0, "x": -0.30438378444508396, "y": -4.240359575267989}, "datetime": {"datetime": "2024-02-27 23:05:51", "elapsed": 8.668103, "delta": 0.217112}}
{"target": 19.68867037841248, "params": {"u": 2.0, "x": 0.5579691941205386, "y": -2.5900769426058488}, "datetime": {"datetime": "2024-02-27 23:05:52", "elapsed": 8.985549, "delta": 0.317446}}
{"target": 19.82641449431396, "params": {"u": 2.0, "x": 0.4166359390235572, "y": 4.04459511719473}, "datetime": {"datetime": "2024-02-27 23:05:52", "elapsed": 9.315099, "delta": 0.32955}}
{"target": 19.97676629810259, "params": {"u": 2.0, "x": 0.15242605386682254, "y": -5.0}, "datetime": {"datetime": "2024-02-27 23:05:52", "elapsed": 9.713174, "delta": 0.398075}}
{"target": 17.912997152675775, "params": {"u": 2.0, "x": 1.042594287018793, "y": -0.5891666994704767}, "datetime": {"datetime": "2024-02-27 23:05:53", "elapsed": 10.111363, "delta": 0.398189}}
{"target": 19.941290073545634, "params": {"u": 2.0, "x": 0.24230131335666943, "y": 5.0}, "datetime": {"datetime": "2024-02-27 23:05:53", "elapsed": 10.512473, "delta": 0.40111}}
{"target": 19.94016525726261, "params": {"u": 2.0, "x": -0.24461141170720416, "y": 0.5557003864590497}, "datetime": {"datetime": "2024-02-27 23:05:54", "elapsed": 10.97056, "delta": 0.458087}}
{"target": 19.953922777093226, "params": {"u": 2.0, "x": 0.21465605723290024, "y": 2.3331824973420563}, "datetime": {"datetime": "2024-02-27 23:05:54", "elapsed": 11.549393, "delta": 0.578833}}
{"target": 19.78044997923679, "params": {"u": 2.0, "x": 0.46856165097371466, "y": -4.3505269621309495}, "datetime": {"datetime": "2024-02-27 23:05:55", "elapsed": 12.37606, "delta": 0.826667}}
{"target": 19.98535148305708, "params": {"u": 2.0, "x": -0.1210310577617207, "y": -1.4553582823887572}, "datetime": {"datetime": "2024-02-27 23:05:56", "elapsed": 13.02402, "delta": 0.64796}}
{"target": 19.647272896538325, "params": {"u": 2.0, "x": 0.5939083291735128, "y": 1.1189703078906739}, "datetime": {"datetime": "2024-02-27 23:05:56", "elapsed": 13.558885, "delta": 0.534865}}
{"target": 19.82242465411794, "params": {"u": 2.0, "x": 0.42139689828244054, "y": 4.626838335465771}, "datetime": {"datetime": "2024-02-27 23:05:57", "elapsed": 14.525701, "delta": 0.966816}}
{"target": 19.971766510951234, "params": {"u": 2.0, "x": -0.16802823884325335, "y": -3.220262241007503}, "datetime": {"datetime": "2024-02-27 23:05:58", "elapsed": 15.141035, "delta": 0.615334}}
{"target": 19.925771427924353, "params": {"u": 2.0, "x": 0.2724492100844634, "y": -0.8879722527682599}, "datetime": {"datetime": "2024-02-27 23:05:58", "elapsed": 15.704977, "delta": 0.563942}}
{"target": 19.997874469224154, "params": {"u": 2.0, "x": -0.04610347899935766, "y": -4.653789188829858}, "datetime": {"datetime": "2024-02-27 23:05:59", "elapsed": 16.704162, "delta": 0.999185}}
{"target": 19.992335734804755, "params": {"u": 2.0, "x": -0.0875457891348601, "y": 3.647043199377235}, "datetime": {"datetime": "2024-02-27 23:06:00", "elapsed": 17.511233, "delta": 0.807071}}
{"target": 19.891923211692344, "params": {"u": 2.0, "x": -0.32875034343351883, "y": 2.2413491756945403}, "datetime": {"datetime": "2024-02-27 23:06:01", "elapsed": 17.989504, "delta": 0.478271}}
{"target": 19.997167471622408, "params": {"u": 2.0, "x": 0.05322150296252722, "y": -3.9563315186458006}, "datetime": {"datetime": "2024-02-27 23:06:02", "elapsed": 18.839034, "delta": 0.84953}}
{"target": 19.990283372629953, "params": {"u": 2.0, "x": 0.09857295455674743, "y": 0.9096369743534025}, "datetime": {"datetime": "2024-02-27 23:06:02", "elapsed": 19.635871, "delta": 0.796837}}
{"target": 19.976197328615967, "params": {"u": 2.0, "x": -0.15428114396785886, "y": 2.844395424523683}, "datetime": {"datetime": "2024-02-27 23:06:03", "elapsed": 20.309641, "delta": 0.67377}}
{"target": 19.975625499427643, "params": {"u": 2.0, "x": 0.15612335050323958, "y": -1.9799514861768863}, "datetime": {"datetime": "2024-02-27 23:06:04", "elapsed": 21.245519, "delta": 0.935878}}
{"target": 19.993291880924357, "params": {"u": 2.0, "x": -0.08190310785094056, "y": -0.002618820445672956}, "datetime": {"datetime": "2024-02-27 23:06:04", "elapsed": 21.682955, "delta": 0.437436}}
{"target": 19.992628552027135, "params": {"u": 2.0, "x": 0.08585713699435114, "y": 4.010397539656992}, "datetime": {"datetime": "2024-02-27 23:06:05", "elapsed": 22.341421, "delta": 0.658466}}
{"target": 19.937505649164752, "params": {"u": 2.0, "x": -0.24998870141518342, "y": -5.0}, "datetime": {"datetime": "2024-02-27 23:06:06", "elapsed": 23.31699, "delta": 0.975569}}
{"target": 19.843885015784767, "params": {"u": 2.0, "x": -0.39511388765168953, "y": 1.4468129896715725}, "datetime": {"datetime": "2024-02-27 23:06:07", "elapsed": 24.092533, "delta": 0.775543}}
{"target": 19.993940584736574, "params": {"u": 2.0, "x": -0.0778422460070692, "y": 1.9397219757707318}, "datetime": {"datetime": "2024-02-27 23:06:07", "elapsed": 24.817971, "delta": 0.725438}}
{"target": 19.983974164422204, "params": {"u": 2.0, "x": 0.12659318930256633, "y": -2.8614387174212155}, "datetime": {"datetime": "2024-02-27 23:06:09", "elapsed": 25.856502, "delta": 1.038531}}
{"target": 19.77005769906393, "params": {"u": 2.0, "x": -0.4795229931255336, "y": -1.990581296856391}, "datetime": {"datetime": "2024-02-27 23:06:09", "elapsed": 26.204166, "delta": 0.347664}}
{"target": 8.194373402111324, "params": {"u": 1.9975228177968434, "x": 0.25525256532629603, "y": -0.4257470617279191}, "datetime": {"datetime": "2024-02-27 23:06:10", "elapsed": 27.036714, "delta": 0.832548}}
{"target": -8.912838994481865, "params": {"u": 0.7655559287828244, "x": -0.7770423284940513, "y": -0.032951043640423}, "datetime": {"datetime": "2024-02-27 23:06:11", "elapsed": 28.024375, "delta": 0.987661}}
{"target": -2.0, "params": {"u": 0.0, "x": -1.0, "y": -5.0}, "datetime": {"datetime": "2024-02-27 23:06:11", "elapsed": 28.759094, "delta": 0.734719}}
{"target": 2.0, "params": {"u": 2.0, "x": 3.0, "y": 2.9553306852126044}, "datetime": {"datetime": "2024-02-27 23:06:12", "elapsed": 29.772922, "delta": 1.013828}}
{"target": 3.0345423347391574, "params": {"u": 1.975597977475443, "x": 2.0981808229180587, "y": -1.355457668921579}, "datetime": {"datetime": "2024-02-27 23:06:13", "elapsed": 30.522389, "delta": 0.749467}}
{"target": -21.062854749963826, "params": {"u": 0.0, "x": 1.6162073409172055, "y": 2.006876888807258}, "datetime": {"datetime": "2024-02-27 23:06:14", "elapsed": 31.259242, "delta": 0.736853}}
{"target": 2.0, "params": {"u": 2.0, "x": 3.0, "y": -3.569743715159147}, "datetime": {"datetime": "2024-02-27 23:06:14", "elapsed": 31.543473, "delta": 0.284231}}
{"target": -2.6789709527840273, "params": {"u": 0.7499394966661993, "x": 0.9011692936284693, "y": -2.8731515723361976}, "datetime": {"datetime": "2024-02-27 23:06:15", "elapsed": 32.748877, "delta": 1.205404}}
{"target": 10.76147592609572, "params": {"u": 2.0, "x": 2.288782225093571, "y": 5.0}, "datetime": {"datetime": "2024-02-27 23:06:16", "elapsed": 33.747082, "delta": 0.998205}}
{"target": 16.847994522257757, "params": {"u": 2.0, "x": 1.4669715326966108, "y": 0.35599941811880226}, "datetime": {"datetime": "2024-02-27 23:06:17", "elapsed": 34.595097, "delta": 0.848015}}
{"target": 7.325554612074509, "params": {"u": 1.9784191486678195, "x": -0.8840705962296789, "y": -0.48101356652889393}, "datetime": {"datetime": "2024-02-27 23:06:18", "elapsed": 35.235714, "delta": 0.640617}}
{"target": -18.0, "params": {"u": 0.0, "x": 3.0, "y": -3.4171239439336074}, "datetime": {"datetime": "2024-02-27 23:06:19", "elapsed": 35.860031, "delta": 0.624317}}
{"target": 18.0, "params": {"u": 2.0, "x": -1.0, "y": 3.7239649115070446}, "datetime": {"datetime": "2024-02-27 23:06:20", "elapsed": 37.130307, "delta": 1.270276}}
{"target": 6.374615061559638, "params": {"u": 1.2843318410124902, "x": -1.0, "y": -3.9818257078004984}, "datetime": {"datetime": "2024-02-27 23:06:21", "elapsed": 38.017728, "delta": 0.887421}}
{"target": 18.0, "params": {"u": 2.0, "x": -1.0, "y": 1.8093573580040845}, "datetime": {"datetime": "2024-02-27 23:06:22", "elapsed": 38.884083, "delta": 0.866355}}
{"target": 3.802189492454076, "params": {"u": 1.9756379242790254, "x": 1.4889336346740425, "y": -3.70949462205193}, "datetime": {"datetime": "2024-02-27 23:06:23", "elapsed": 39.883741, "delta": 0.999658}}
{"target": 5.828463629123078, "params": {"u": 1.019563148976118, "x": 1.1201233895983298, "y": 5.0}, "datetime": {"datetime": "2024-02-27 23:06:23", "elapsed": 40.666285, "delta": 0.782544}}
{"target": 18.0, "params": {"u": 2.0, "x": -1.0, "y": -2.302302638721576}, "datetime": {"datetime": "2024-02-27 23:06:25", "elapsed": 41.871067, "delta": 1.204782}}
{"target": 6.942882431632455, "params": {"u": 1.2230855141610344, "x": 0.7592735829476366, "y": -1.2046341666266758}, "datetime": {"datetime": "2024-02-27 23:06:26", "elapsed": 42.853503, "delta": 0.982436}}
{"target": 17.08718775342252, "params": {"u": 2.0, "x": 1.3830445569747498, "y": 3.103390122322517}, "datetime": {"datetime": "2024-02-27 23:06:26", "elapsed": 43.632848, "delta": 0.779345}}
{"target": 8.627264932817603, "params": {"u": 1.2479750346431397, "x": 0.20246010913976464, "y": -4.921239475609733}, "datetime": {"datetime": "2024-02-27 23:06:27", "elapsed": 44.471952, "delta": 0.839104}}
{"target": 2.0, "params": {"u": 2.0, "x": 3.0, "y": -5.0}, "datetime": {"datetime": "2024-02-27 23:06:28", "elapsed": 45.413456, "delta": 0.941504}}
{"target": 6.758130767745428, "params": {"u": 1.353586923669299, "x": 0.6565397945290465, "y": 0.7459040751643545}, "datetime": {"datetime": "2024-02-27 23:06:29", "elapsed": 46.421098, "delta": 1.007642}}
{"target": 18.0, "params": {"u": 2.0, "x": -1.0, "y": 2.866818356434994}, "datetime": {"datetime": "2024-02-27 23:06:30", "elapsed": 47.522411, "delta": 1.101313}}
{"target": 6.374615061559638, "params": {"u": 1.4631204375501985, "x": -1.0, "y": -1.6714887347130623}, "datetime": {"datetime": "2024-02-27 23:06:31", "elapsed": 48.525364, "delta": 1.002953}}
{"target": 2.0, "params": {"u": 2.0, "x": 3.0, "y": -0.0918097536745021}, "datetime": {"datetime": "2024-02-27 23:06:32", "elapsed": 49.614544, "delta": 1.08918}}
{"target": 17.97231184030362, "params": {"u": 2.0, "x": 1.013749554720681, "y": -5.0}, "datetime": {"datetime": "2024-02-27 23:06:33", "elapsed": 50.599923, "delta": 0.985379}}
{"target": 3.71179642949231, "params": {"u": 1.9938962875092705, "x": 1.628005529088616, "y": 1.4044333471425121}, "datetime": {"datetime": "2024-02-27 23:06:34", "elapsed": 51.294336, "delta": 0.694413}}
{"target": 7.1027125077263875, "params": {"u": 1.414204508804584, "x": 0.811149807216383, "y": 3.379590001856556}, "datetime": {"datetime": "2024-02-27 23:06:35", "elapsed": 52.599312, "delta": 1.304976}}
{"target": 11.848834039410157, "params": {"u": 2.0, "x": 2.0374410324202863, "y": 3.9642057035940246}, "datetime": {"datetime": "2024-02-27 23:06:37", "elapsed": 54.019102, "delta": 1.41979}}
{"target": 17.82289297161988, "params": {"u": 2.0, "x": 1.0849456338361478, "y": -1.2057718323829945}, "datetime": {"datetime": "2024-02-27 23:06:38", "elapsed": 55.237895, "delta": 1.218793}}
{"target": 3.7108134415522827, "params": {"u": 1.9893516473040087, "x": 1.626752519249934, "y": -0.27708142632638655}, "datetime": {"datetime": "2024-02-27 23:06:39", "elapsed": 56.061289, "delta": 0.823394}}
{"target": 19.20119612800401, "params": {"u": 2.0, "x": 0.8937582849943205, "y": 0.5380183941964632}, "datetime": {"datetime": "2024-02-27 23:06:40", "elapsed": 57.194294, "delta": 1.133005}}
{"target": 2.0, "params": {"u": 2.0, "x": 3.0, "y": -2.256173529850334}, "datetime": {"datetime": "2024-02-27 23:06:41", "elapsed": 58.058202, "delta": 0.863908}}
{"target": 6.374615061559638, "params": {"u": 1.4243484829114228, "x": -1.0, "y": 1.2867779171825022}, "datetime": {"datetime": "2024-02-27 23:06:42", "elapsed": 59.323801, "delta": 1.265599}}
{"target": 19.86102475332129, "params": {"u": 2.0, "x": -0.3727938393787003, "y": -1.0072192463055887}, "datetime": {"datetime": "2024-02-27 23:06:43", "elapsed": 60.438128, "delta": 1.114327}}
{"target": 17.57191846381658, "params": {"u": 2.0, "x": 1.1950236550727444, "y": -2.1242749339872846}, "datetime": {"datetime": "2024-02-27 23:06:44", "elapsed": 61.571887, "delta": 1.133759}}
{"target": 16.90921734715402, "params": {"u": 2.0, "x": 1.445953890290413, "y": 4.766633228528}, "datetime": {"datetime": "2024-02-27 23:06:45", "elapsed": 62.792915, "delta": 1.221028}}
{"target": 18.0, "params": {"u": 2.0, "x": -1.0, "y": -4.1509278770749845}, "datetime": {"datetime": "2024-02-27 23:06:47", "elapsed": 64.636448, "delta": 1.843533}}
{"target": 18.0, "params": {"u": 2.0, "x": -1.0, "y": -1.615968406107285}, "datetime": {"datetime": "2024-02-27 23:06:48", "elapsed": 65.800143, "delta": 1.163695}}
{"target": 19.740274127619156, "params": {"u": 2.0, "x": 0.5096330762233211, "y": -1.196554942740505}, "datetime": {"datetime": "2024-02-27 23:06:50", "elapsed": 67.406487, "delta": 1.606344}}
{"target": 7.083223202847954, "params": {"u": 1.9499731829199534, "x": 0.8051725907239224, "y": 2.595509992657269}, "datetime": {"datetime": "2024-02-27 23:06:51", "elapsed": 68.514389, "delta": 1.107902}}
{"target": 6.753534011995608, "params": {"u": 1.9912286136391817, "x": 0.6489444890640272, "y": 1.8620774447888708}, "datetime": {"datetime": "2024-02-27 23:06:52", "elapsed": 69.394263, "delta": 0.879874}}
{"target": 15.696285010068781, "params": {"u": 2.0, "x": 1.8176124421700075, "y": 2.4642414683091816}, "datetime": {"datetime": "2024-02-27 23:06:54", "elapsed": 70.950431, "delta": 1.556168}}
{"target": 2.020590937818479, "params": {"u": 1.3417755583146467, "x": 2.992090707188746, "y": 1.339075838038914}, "datetime": {"datetime": "2024-02-27 23:06:55", "elapsed": 72.14132, "delta": 1.190889}}
{"target": -3.4413650993821427, "params": {"u": 0.0, "x": 0.8810547567234216, "y": -0.46632280820964167}, "datetime": {"datetime": "2024-02-27 23:06:56", "elapsed": 73.641134, "delta": 1.499814}}
{"target": 18.0, "params": {"u": 2.0, "x": -1.0, "y": 4.40425250941351}, "datetime": {"datetime": "2024-02-27 23:06:58", "elapsed": 75.209944, "delta": 1.56881}}
{"target": -1.9721132703061315, "params": {"u": 0.0, "x": 0.9240110352309897, "y": 4.055446634818546}, "datetime": {"datetime": "2024-02-27 23:06:59", "elapsed": 76.356741, "delta": 1.146797}}
{"target": 7.230602684203735, "params": {"u": 1.4574228410642744, "x": -0.4112032028967258, "y": -2.853036030870895}, "datetime": {"datetime": "2024-02-27 23:07:00", "elapsed": 77.724994, "delta": 1.368253}}
{"target": -2.0, "params": {"u": 0.0, "x": -1.0, "y": 1.5100214123392912}, "datetime": {"datetime": "2024-02-27 23:07:01", "elapsed": 78.543052, "delta": 0.818058}}
{"target": -18.0, "params": {"u": 0.0, "x": 3.0, "y": 3.0493409836637824}, "datetime": {"datetime": "2024-02-27 23:07:03", "elapsed": 79.962267, "delta": 1.419215}}
{"target": -17.748557491636838, "params": {"u": 0.0, "x": 0.6182061233323763, "y": -5.0}, "datetime": {"datetime": "2024-02-27 23:07:04", "elapsed": 81.142378, "delta": 1.180111}}
{"target": 2.0, "params": {"u": 2.0, "x": 3.0, "y": 5.0}, "datetime": {"datetime": "2024-02-27 23:07:05", "elapsed": 82.374927, "delta": 1.232549}}
{"target": 6.374615061559638, "params": {"u": 1.355244258153295, "x": -1.0, "y": -5.0}, "datetime": {"datetime": "2024-02-27 23:07:06", "elapsed": 83.803674, "delta": 1.428747}}
{"target": 19.721837656913003, "params": {"u": 2.0, "x": -0.5274109811968228, "y": 4.140294158477339}, "datetime": {"datetime": "2024-02-27 23:07:08", "elapsed": 85.462462, "delta": 1.658788}}
{"target": 7.264753731285317, "params": {"u": 1.9925079324629424, "x": 0.8619545622948812, "y": -3.095286027787557}, "datetime": {"datetime": "2024-02-27 23:07:09", "elapsed": 86.653533, "delta": 1.191071}}
{"target": 19.674074577386268, "params": {"u": 2.0, "x": -0.5708987849117665, "y": -3.69796487693949}, "datetime": {"datetime": "2024-02-27 23:07:11", "elapsed": 88.018913, "delta": 1.36538}}
{"target": 4.373829247532495, "params": {"u": 1.477989214144637, "x": 1.8567688499726989, "y": -2.3236667100036867}, "datetime": {"datetime": "2024-02-27 23:07:12", "elapsed": 89.256726, "delta": 1.237813}}
{"target": 15.928028452980591, "params": {"u": 2.0, "x": 1.7527040671543526, "y": -5.0}, "datetime": {"datetime": "2024-02-27 23:07:13", "elapsed": 90.044822, "delta": 0.788096}}
{"target": 8.658306052586099, "params": {"u": 1.501631870959511, "x": 0.19880598690043302, "y": -3.8649443505512693}, "datetime": {"datetime": "2024-02-27 23:07:14", "elapsed": 91.041148, "delta": 0.996326}}
{"target": 9.089380679249281, "params": {"u": 1.479284498368863, "x": 0.14815432115611876, "y": 4.090170871324187}, "datetime": {"datetime": "2024-02-27 23:07:15", "elapsed": 92.137944, "delta": 1.096796}}
{"target": 6.834128607331941, "params": {"u": 1.639216516004245, "x": 0.5362125222239471, "y": -2.164617907852885}, "datetime": {"datetime": "2024-02-27 23:07:16", "elapsed": 93.120648, "delta": 0.982704}}
{"target": 18.0, "params": {"u": 2.0, "x": -1.0, "y": 1.2059660332024298}, "datetime": {"datetime": "2024-02-27 23:07:17", "elapsed": 93.907242, "delta": 0.786594}}
{"target": 19.88957315552697, "params": {"u": 2.0, "x": -0.33230534824619884, "y": 5.0}, "datetime": {"datetime": "2024-02-27 23:07:19", "elapsed": 96.092846, "delta": 2.185604}}
