{"target": 0.1586972853830943, "params": {"u": 6.231938825704045, "v": 1.311114781934696, "w": 7.59594973454451, "x": 3.7649179446370766, "y": 2.1598022302286966}, "datetime": {"datetime": "2024-02-25 09:51:35", "elapsed": 0.0, "delta": 0.0}}
{"target": 0.02965915966191069, "params": {"u": 4.115548435528888, "v": 12.02513925080644, "w": 2.7858089310683734, "x": 7.807346120371143, "y": 4.56014444437472}, "datetime": {"datetime": "2024-02-25 09:51:35", "elapsed": 0.097872, "delta": 0.097872}}
{"target": -0.1218653536486953, "params": {"u": 9.609233139226657, "v": 1.174243761092817, "w": 10.46399067618544, "x": 7.4163850095551105, "y": 1.2311041092295174}, "datetime": {"datetime": "2024-02-25 09:51:36", "elapsed": 0.366546, "delta": 0.268674}}
{"target": -0.08671944865643964, "params": {"u": 7.091661252837961, "v": 1.8298892152835773, "w": 7.445276997304267, "x": 4.004238931658266, "y": 2.6605412395386763}, "datetime": {"datetime": "2024-02-25 09:51:36", "elapsed": 0.673368, "delta": 0.306822}}
{"target": -0.02382909141401768, "params": {"u": 4.1815102520357925, "v": 5.993902533887698, "w": 3.580538558794596, "x": 7.832530405557823, "y": 0.5730167067554051}, "datetime": {"datetime": "2024-02-25 09:51:36", "elapsed": 0.971164, "delta": 0.297796}}
{"target": -0.0570710585028942, "params": {"u": 4.562015215643541, "v": 1.0519987898785739, "w": 2.561499131303017, "x": 2.3037377222716495, "y": 0.6117012777744109}, "datetime": {"datetime": "2024-02-25 09:51:36", "elapsed": 1.162977, "delta": 0.191813}}
{"target": 0.028816275759464056, "params": {"u": 4.096294466654839, "v": 11.881371273893107, "w": 2.5466383791620646, "x": 7.070554957143155, "y": 4.631210230877369}, "datetime": {"datetime": "2024-02-25 09:51:37", "elapsed": 1.679034, "delta": 0.516057}}
{"target": -0.013475490815865073, "params": {"u": 4.3191347335202135, "v": 11.42751554275761, "w": 2.386960697245102, "x": 7.581896217676297, "y": 4.215547378065234}, "datetime": {"datetime": "2024-02-25 09:51:37", "elapsed": 2.071189, "delta": 0.392155}}
{"target": -0.017478375542576252, "params": {"u": 4.324885096490645, "v": 11.511699332668158, "w": 2.566281005148271, "x": 7.2367188107454545, "y": 4.551158444530386}, "datetime": {"datetime": "2024-02-25 09:51:38", "elapsed": 2.370168, "delta": 0.298979}}
{"target": 0.06563652204953693, "params": {"u": 4.97013870362984, "v": 5.418131959987866, "w": 12.935202540241125, "x": 2.111610844495126, "y": 3.215650648401414}, "datetime": {"datetime": "2024-02-25 09:51:38", "elapsed": 2.716818, "delta": 0.34665}}
{"target": -0.11655171092161705, "params": {"u": 6.307719128130907, "v": 1.805077231351584, "w": 7.2812986999357605, "x": 4.220381736583475, "y": 2.2067507478733495}, "datetime": {"datetime": "2024-02-25 09:51:38", "elapsed": 2.877601, "delta": 0.160783}}
{"target": 0.11630663252710473, "params": {"u": 9.276108356022668, "v": 12.779739327091104, "w": 12.711761007455449, "x": 5.007460200644299, "y": 4.136758480524778}, "datetime": {"datetime": "2024-02-25 09:51:38", "elapsed": 3.045383, "delta": 0.167782}}
{"target": 0.06014723730814067, "params": {"u": 7.810112573499284, "v": 7.860625515464619, "w": 6.4719013254266375, "x": 5.274389097536851, "y": 2.0648219485847625}, "datetime": {"datetime": "2024-02-25 09:51:38", "elapsed": 3.311192, "delta": 0.265809}}
{"target": 0.0358497994213617, "params": {"u": 5.47883986879608, "v": 5.01757630184344, "w": 1.862020405587085, "x": 5.795126985626671, "y": 2.866157166005912}, "datetime": {"datetime": "2024-02-25 09:51:39", "elapsed": 3.554128, "delta": 0.242936}}
{"target": -0.06121812406964133, "params": {"u": 10.863885662055992, "v": 7.8194630136251115, "w": 4.04423548980685, "x": 0.9476996501282247, "y": 3.5573710020843268}, "datetime": {"datetime": "2024-02-25 09:51:39", "elapsed": 3.803556, "delta": 0.249428}}
{"target": -0.04844661237120973, "params": {"u": 2.3223533821709106, "v": 4.6088944397920795, "w": 11.734243921133727, "x": 6.796837029151238, "y": 4.182986763591818}, "datetime": {"datetime": "2024-02-25 09:51:39", "elapsed": 4.022252, "delta": 0.218696}}
{"target": 0.02088887775672315, "params": {"u": 3.198608025068306, "v": 5.449803284050613, "w": 2.9313451810111375, "x": 3.9633856981406557, "y": 3.1836369703683163}, "datetime": {"datetime": "2024-02-25 09:51:39", "elapsed": 4.168678, "delta": 0.146426}}
{"target": 0.09996921586435056, "params": {"u": 9.099656175608583, "v": 2.9009986844599376, "w": 9.948548343720665, "x": 6.471037736330251, "y": 3.8965073091519913}, "datetime": {"datetime": "2024-02-25 09:51:40", "elapsed": 4.473844, "delta": 0.305166}}
{"target": -0.006783496237565353, "params": {"u": 4.609344995778487, "v": 11.023529013367348, "w": 2.091640508924059, "x": 2.2544112181997153, "y": 3.541400959114661}, "datetime": {"datetime": "2024-02-25 09:51:40", "elapsed": 4.700381, "delta": 0.226537}}
{"target": 0.025120170152533025, "params": {"u": 1.3428955264719176, "v": 6.901415283920468, "w": 10.15167543600013, "x": 3.647316245796295, "y": 0.43703583957800207}, "datetime": {"datetime": "2024-02-25 09:51:40", "elapsed": 4.86206, "delta": 0.161679}}
{"target": -0.17589980379128675, "params": {"u": 5.254374460737224, "v": 12.461606474194713, "w": 9.537262626836414, "x": 3.3576323340082705, "y": 2.0337806459724463}, "datetime": {"datetime": "2024-02-25 09:51:40", "elapsed": 5.052587, "delta": 0.190527}}
{"target": 0.007844567776212296, "params": {"u": 2.967451225891709, "v": 8.232603624483723, "w": 9.735438479529789, "x": 3.1782655421458665, "y": 3.4127227545367154}, "datetime": {"datetime": "2024-02-25 09:51:40", "elapsed": 5.250994, "delta": 0.198407}}
{"target": -0.06732695767671612, "params": {"u": 7.278355496563062, "v": 1.2129845464549223, "w": 4.192698075340143, "x": 4.475164063558547, "y": 2.1184198948243855}, "datetime": {"datetime": "2024-02-25 09:51:41", "elapsed": 5.51992, "delta": 0.268926}}
{"target": 0.06780922254932359, "params": {"u": 5.056650665939211, "v": 7.865288776446536, "w": 10.43325969992365, "x": 3.14768157362591, "y": 3.2945768954044463}, "datetime": {"datetime": "2024-02-25 09:51:41", "elapsed": 5.822307, "delta": 0.302387}}
{"target": 0.07248350350490641, "params": {"u": 10.236194292557586, "v": 6.57847523378264, "w": 7.810118685967431, "x": 1.9065423094982807, "y": 0.43400734893672854}, "datetime": {"datetime": "2024-02-25 09:51:41", "elapsed": 6.031057, "delta": 0.20875}}
{"target": 0.21627320313903184, "params": {"u": 11.430631767568602, "v": 2.872000552535888, "w": 9.792731128995575, "x": 2.612317267488968, "y": 2.1401354680332068}, "datetime": {"datetime": "2024-02-25 09:51:41", "elapsed": 6.158063, "delta": 0.127006}}
{"target": 0.005030635944899541, "params": {"u": 1.056951205984784, "v": 4.778203683940205, "w": 12.318832141853793, "x": 0.6290128326695086, "y": 3.1821252574443655}, "datetime": {"datetime": "2024-02-25 09:51:42", "elapsed": 6.355235, "delta": 0.197172}}
{"target": 0.024446405852501178, "params": {"u": 1.8761803835216204, "v": 10.02577978711037, "w": 7.808657423822844, "x": 6.147488482882007, "y": 0.6495704395609089}, "datetime": {"datetime": "2024-02-25 09:51:42", "elapsed": 6.578396, "delta": 0.223161}}
{"target": 0.0835638110266505, "params": {"u": 3.597184553541925, "v": 12.880573264198217, "w": 10.418774013186486, "x": 2.4693649861204556, "y": 0.7426120382570008}, "datetime": {"datetime": "2024-02-25 09:51:42", "elapsed": 6.755116, "delta": 0.17672}}
{"target": 0.07125463591888506, "params": {"u": 4.916770645920524, "v": 2.7775155753327723, "w": 5.787032118377946, "x": 1.7183017843774335, "y": 0.2652201071623137}, "datetime": {"datetime": "2024-02-25 09:51:42", "elapsed": 6.886755, "delta": 0.131639}}
{"target": 0.037256099224361273, "params": {"u": 10.669167672899862, "v": 8.555921737039636, "w": 2.3572882255317333, "x": 7.906607313153261, "y": 2.8302019912984813}, "datetime": {"datetime": "2024-02-25 09:51:42", "elapsed": 7.111252, "delta": 0.224497}}
{"target": 0.08023792128680915, "params": {"u": 3.2611240143436744, "v": 5.233845633290789, "w": 9.781712632044353, "x": 6.227038581308384, "y": 3.2878606945286615}, "datetime": {"datetime": "2024-02-25 09:51:42", "elapsed": 7.277965, "delta": 0.166713}}
{"target": -0.001499303779631857, "params": {"u": 1.427341791470138, "v": 3.036233173289659, "w": 3.508205460026032, "x": 2.378712717577904, "y": 0.744147467375349}, "datetime": {"datetime": "2024-02-25 09:51:43", "elapsed": 8.073119, "delta": 0.795154}}
{"target": -0.02684710572240845, "params": {"u": 12.841921375325311, "v": 7.060148101559026, "w": 3.324400205380423, "x": 6.746832268539244, "y": 0.42217112679960545}, "datetime": {"datetime": "2024-02-25 09:51:44", "elapsed": 8.398153, "delta": 0.325034}}
{"target": 0.09832379435946911, "params": {"u": 10.370118801695934, "v": 12.194889044224409, "w": 12.558855614098627, "x": 6.388428639654897, "y": 1.6068935318334172}, "datetime": {"datetime": "2024-02-25 09:51:44", "elapsed": 8.617503, "delta": 0.21935}}
{"target": -0.02091775817086486, "params": {"u": 4.825525540741153, "v": 4.509742700254785, "w": 12.872949912642662, "x": 4.236465532477807, "y": 0.8432523073613736}, "datetime": {"datetime": "2024-02-25 09:51:44", "elapsed": 9.12293, "delta": 0.505427}}
{"target": -0.000927171793172609, "params": {"u": 12.740834321297202, "v": 3.4875964809096667, "w": 6.6345670492721, "x": 3.2895142678601634, "y": 3.598307507996196}, "datetime": {"datetime": "2024-02-25 09:51:45", "elapsed": 9.527812, "delta": 0.404882}}
{"target": -0.17893138396524724, "params": {"u": 9.290854554461426, "v": 12.92983731522173, "w": 12.12408179165392, "x": 0.7426631228357015, "y": 2.3889741066720176}, "datetime": {"datetime": "2024-02-25 09:51:45", "elapsed": 9.837501, "delta": 0.309689}}
{"target": -0.05826428103379273, "params": {"u": 1.4017402079076797, "v": 3.880383740775853, "w": 11.628483357927717, "x": 4.819504747899411, "y": 4.674515650391359}, "datetime": {"datetime": "2024-02-25 09:51:46", "elapsed": 10.37357, "delta": 0.536069}}
{"target": 0.3479501883853316, "params": {"u": 6.60425408483135, "v": 4.776681302836499, "w": 10.343796726457542, "x": 1.257493797590862, "y": 0.5335451377136947}, "datetime": {"datetime": "2024-02-25 09:51:46", "elapsed": 10.579636, "delta": 0.206066}}
{"target": -0.05343960032529774, "params": {"u": 10.00261404650005, "v": 4.113740358994002, "w": 5.123426039503128, "x": 6.750395547430709, "y": 4.782753083100256}, "datetime": {"datetime": "2024-02-25 09:51:46", "elapsed": 11.180586, "delta": 0.60095}}
{"target": 0.054455319020474055, "params": {"u": 3.8336453173103666, "v": 2.5966563966859293, "w": 12.345984938678239, "x": 1.0169684575917035, "y": 3.714708107491641}, "datetime": {"datetime": "2024-02-25 09:51:47", "elapsed": 11.850903, "delta": 0.670317}}
{"target": 0.11285301940551988, "params": {"u": 10.791273678212463, "v": 4.23187346268239, "w": 8.183225364873111, "x": 2.280330288765409, "y": 2.7113870498369312}, "datetime": {"datetime": "2024-02-25 09:51:48", "elapsed": 12.354348, "delta": 0.503445}}
{"target": 0.31261808160142746, "params": {"u": 4.287004416006048, "v": 12.419227540162595, "w": 11.50459496618602, "x": 1.6309127640797696, "y": 2.5693382118727452}, "datetime": {"datetime": "2024-02-25 09:51:48", "elapsed": 13.151499, "delta": 0.797151}}
{"target": -0.03492044320855391, "params": {"u": 11.755682123627727, "v": 10.693221148610258, "w": 4.823205627929253, "x": 3.079944724352096, "y": 4.976394668487494}, "datetime": {"datetime": "2024-02-25 09:51:49", "elapsed": 13.925596, "delta": 0.774097}}
{"target": -0.023738621419615545, "params": {"u": 11.82204647067649, "v": 5.552501250863144, "w": 4.46377345808805, "x": 3.7960388063066115, "y": 3.818497827105124}, "datetime": {"datetime": "2024-02-25 09:51:50", "elapsed": 14.383938, "delta": 0.458342}}
{"target": -0.03026624029963207, "params": {"u": 10.39479551055069, "v": 11.858582398797548, "w": 12.812138977009056, "x": 6.598961163874456, "y": 1.5790404798518152}, "datetime": {"datetime": "2024-02-25 09:51:50", "elapsed": 15.140985, "delta": 0.757047}}
{"target": -0.016186687155837782, "params": {"u": 3.9341466251220485, "v": 6.832399034999302, "w": 10.307468015491295, "x": 5.7005655881174, "y": 4.961313358907005}, "datetime": {"datetime": "2024-02-25 09:51:51", "elapsed": 15.70997, "delta": 0.568985}}
{"target": -0.11980717593846593, "params": {"u": 7.7622981815677, "v": 1.290981762478455, "w": 6.997632109275042, "x": 7.77117894147415, "y": 4.00194446454429}, "datetime": {"datetime": "2024-02-25 09:51:51", "elapsed": 16.117305, "delta": 0.407335}}
{"target": 0.04751182506732357, "params": {"u": 10.311858299800441, "v": 7.093106510227905, "w": 4.60331859020095, "x": 3.7279753798751045, "y": 3.402455320702112}, "datetime": {"datetime": "2024-02-25 09:51:52", "elapsed": 16.616017, "delta": 0.498712}}
{"target": 0.025453165912885756, "params": {"u": 2.2059427687800772, "v": 3.120264090058881, "w": 2.445126880617264, "x": 7.735622277492803, "y": 2.0862167368226925}, "datetime": {"datetime": "2024-02-25 09:51:52", "elapsed": 17.141251, "delta": 0.525234}}
{"target": -0.01160488129407783, "params": {"u": 7.77291396620267, "v": 9.772458757250865, "w": 5.670936325645318, "x": 7.72433816420522, "y": 1.628661255481007}, "datetime": {"datetime": "2024-02-25 09:51:53", "elapsed": 17.995443, "delta": 0.854192}}
{"target": -0.07524294250805792, "params": {"u": 7.342913013689142, "v": 8.585800764151099, "w": 3.420852053243614, "x": 1.0477024739617407, "y": 2.241979260128224}, "datetime": {"datetime": "2024-02-25 09:51:54", "elapsed": 19.331686, "delta": 1.336243}}
{"target": 0.056915028398518405, "params": {"u": 8.050472200171887, "v": 6.919243745327089, "w": 7.387870884719935, "x": 5.116629857393322, "y": 4.42603449255683}, "datetime": {"datetime": "2024-02-25 09:51:56", "elapsed": 20.353833, "delta": 1.022147}}
{"target": -0.02827325148652057, "params": {"u": 9.6130990547537, "v": 11.530995828430097, "w": 2.7721759077664365, "x": 5.753431119606119, "y": 1.9734522426462433}, "datetime": {"datetime": "2024-02-25 09:51:57", "elapsed": 21.453353, "delta": 1.09952}}
{"target": -0.009792124123792368, "params": {"u": 2.4163039442723586, "v": 9.026876680321106, "w": 3.8091463174254687, "x": 6.245202372517783, "y": 2.046437978391293}, "datetime": {"datetime": "2024-02-25 09:51:58", "elapsed": 22.611031, "delta": 1.157678}}
{"target": -0.18908047046840235, "params": {"u": 7.245648599399643, "v": 1.044426382513718, "w": 9.64080600764581, "x": 5.41548276331095, "y": 1.2938442300060395}, "datetime": {"datetime": "2024-02-25 09:51:59", "elapsed": 23.700778, "delta": 1.089747}}
{"target": 0.023134998464010452, "params": {"u": 3.958181103867053, "v": 3.92204308823576, "w": 3.2375593376391736, "x": 5.365468384139188, "y": 3.6172065346873556}, "datetime": {"datetime": "2024-02-25 09:52:00", "elapsed": 24.552497, "delta": 0.851719}}
{"target": 0.02257305971882912, "params": {"u": 7.993854746152472, "v": 9.064519001223225, "w": 10.037297843676493, "x": 4.930676985664477, "y": 3.9419120524905544}, "datetime": {"datetime": "2024-02-25 09:52:01", "elapsed": 25.465299, "delta": 0.912802}}
{"target": -0.052669497658287934, "params": {"u": 10.597643665822227, "v": 3.7494994134533504, "w": 5.013840356234429, "x": 3.1724094175786157, "y": 4.458134446570376}, "datetime": {"datetime": "2024-02-25 09:52:01", "elapsed": 26.310422, "delta": 0.845123}}
{"target": 0.04074863983472424, "params": {"u": 3.032315918568167, "v": 11.889560485733103, "w": 10.049667454429336, "x": 7.852106806516854, "y": 4.5373574549155435}, "datetime": {"datetime": "2024-02-25 09:52:03", "elapsed": 27.745798, "delta": 1.435376}}
{"target": 0.08920314044967721, "params": {"u": 12.403646965307164, "v": 5.070137396582724, "w": 10.921397663528282, "x": 1.3032970265046926, "y": 0.6343191590873272}, "datetime": {"datetime": "2024-02-25 09:52:04", "elapsed": 28.392688, "delta": 0.64689}}
{"target": -0.0004170615545774131, "params": {"u": 11.344185065765068, "v": 8.69662434061951, "w": 6.002035931553653, "x": 5.489683685368023, "y": 1.9535922967311508}, "datetime": {"datetime": "2024-02-25 09:52:04", "elapsed": 29.189168, "delta": 0.79648}}
{"target": -0.024925419176125084, "params": {"u": 10.848607376906438, "v": 5.036138922718764, "w": 3.7548905018282266, "x": 6.350586932448796, "y": 1.5205950949205636}, "datetime": {"datetime": "2024-02-25 09:52:05", "elapsed": 30.000987, "delta": 0.811819}}
{"target": 0.07154543327574171, "params": {"u": 3.0532917691130397, "v": 4.680271525231802, "w": 11.062737652396509, "x": 7.834640839921595, "y": 0.6164623365508954}, "datetime": {"datetime": "2024-02-25 09:52:06", "elapsed": 30.583704, "delta": 0.582717}}
{"target": -0.045852917323011465, "params": {"u": 4.684976359663997, "v": 8.823781041268285, "w": 4.382134944443119, "x": 3.916566206129717, "y": 3.9240490109554123}, "datetime": {"datetime": "2024-02-25 09:52:06", "elapsed": 31.129596, "delta": 0.545892}}
{"target": 0.1187379528480312, "params": {"u": 6.07406854113707, "v": 6.149744876528349, "w": 10.445778658097622, "x": 4.881508531803379, "y": 0.7838803190899238}, "datetime": {"datetime": "2024-02-25 09:52:07", "elapsed": 31.950493, "delta": 0.820897}}
{"target": -0.1888693988987361, "params": {"u": 9.068246182183856, "v": 12.548233068088805, "w": 7.213549214995074, "x": 3.159791339695631, "y": 0.8810144738532176}, "datetime": {"datetime": "2024-02-25 09:52:08", "elapsed": 33.099722, "delta": 1.149229}}
{"target": 0.04783860013737299, "params": {"u": 5.088636410040001, "v": 3.4757440894565588, "w": 4.700149634716118, "x": 2.726093299888249, "y": 3.4507129296101953}, "datetime": {"datetime": "2024-02-25 09:52:09", "elapsed": 34.097428, "delta": 0.997706}}
{"target": 0.015208622170762832, "params": {"u": 2.488743750760214, "v": 5.627149926421906, "w": 5.145782100868485, "x": 0.7649613341669804, "y": 4.594480310994591}, "datetime": {"datetime": "2024-02-25 09:52:10", "elapsed": 35.309163, "delta": 1.211735}}
{"target": 0.045696873729842644, "params": {"u": 6.227621677612941, "v": 7.192830817860697, "w": 9.126702138090044, "x": 3.5872332710543375, "y": 1.7978673679852266}, "datetime": {"datetime": "2024-02-25 09:52:11", "elapsed": 36.005582, "delta": 0.696419}}
{"target": -0.2530487763097609, "params": {"u": 6.370493698960423, "v": 3.53000082680716, "w": 9.805086708097623, "x": 2.6364683121768016, "y": 1.4761210604214263}, "datetime": {"datetime": "2024-02-25 09:52:12", "elapsed": 36.730856, "delta": 0.725274}}
{"target": 0.050868604758428596, "params": {"u": 6.341117842355029, "v": 6.031165438195827, "w": 5.025705648993219, "x": 6.500004749247488, "y": 1.4772929913931512}, "datetime": {"datetime": "2024-02-25 09:52:13", "elapsed": 37.477788, "delta": 0.746932}}
{"target": -0.08198732934917116, "params": {"u": 3.004103720819707, "v": 1.2818664328275946, "w": 10.69983771712343, "x": 5.424561959430074, "y": 3.6141631944842025}, "datetime": {"datetime": "2024-02-25 09:52:13", "elapsed": 38.006961, "delta": 0.529173}}
{"target": -0.023099091556168273, "params": {"u": 12.014455244879215, "v": 6.041004023736123, "w": 4.535109581746843, "x": 7.956208247170693, "y": 2.4946973734637465}, "datetime": {"datetime": "2024-02-25 09:52:14", "elapsed": 39.042174, "delta": 1.035213}}
{"target": -0.03638779442556636, "params": {"u": 1.6493311773838717, "v": 2.1865129882688983, "w": 5.271114604346792, "x": 7.68189129887259, "y": 0.9618564564453237}, "datetime": {"datetime": "2024-02-25 09:52:16", "elapsed": 40.36984, "delta": 1.327666}}
{"target": 0.0619153972723907, "params": {"u": 8.699228617543861, "v": 7.2544257074893395, "w": 3.0638689901500706, "x": 3.9838322679986593, "y": 4.894027129410154}, "datetime": {"datetime": "2024-02-25 09:52:16", "elapsed": 41.238564, "delta": 0.868724}}
{"target": -0.028927862611810202, "params": {"u": 1.9657727496517317, "v": 10.475727127695693, "w": 8.381870500819382, "x": 5.147444745511731, "y": 3.211741202657714}, "datetime": {"datetime": "2024-02-25 09:52:18", "elapsed": 42.530405, "delta": 1.291841}}
{"target": -0.0007065692612316076, "params": {"u": 2.4855988312922923, "v": 12.195351917172776, "w": 2.238185025949909, "x": 7.664483985954758, "y": 1.1367867824355826}, "datetime": {"datetime": "2024-02-25 09:52:18", "elapsed": 43.307768, "delta": 0.777363}}
{"target": 0.059475404725153974, "params": {"u": 10.658593190437522, "v": 11.746666872191733, "w": 10.143155618361632, "x": 4.622608121766602, "y": 3.470157183557866}, "datetime": {"datetime": "2024-02-25 09:52:19", "elapsed": 43.797488, "delta": 0.48972}}
{"target": -0.03235536321967961, "params": {"u": 4.133911852225491, "v": 9.483458304846742, "w": 2.262815520355612, "x": 6.164183812960563, "y": 2.9746127859277918}, "datetime": {"datetime": "2024-02-25 09:52:20", "elapsed": 44.357809, "delta": 0.560321}}
{"target": -0.023074679517295197, "params": {"u": 9.474716558455295, "v": 6.545035093221642, "w": 3.8290186363613743, "x": 4.723539760558576, "y": 1.4274696577336397}, "datetime": {"datetime": "2024-02-25 09:52:20", "elapsed": 45.137449, "delta": 0.77964}}
{"target": -0.07214035316930706, "params": {"u": 4.20323900271645, "v": 2.7879519703802096, "w": 8.4919500500648, "x": 7.5516707925079185, "y": 4.115701335632152}, "datetime": {"datetime": "2024-02-25 09:52:21", "elapsed": 45.699712, "delta": 0.562263}}
{"target": -0.021232551695759362, "params": {"u": 7.504265657765892, "v": 9.51210739290519, "w": 4.288410671614011, "x": 7.065068094713538, "y": 2.824344541183254}, "datetime": {"datetime": "2024-02-25 09:52:22", "elapsed": 46.544464, "delta": 0.844752}}
{"target": -0.049421830387728106, "params": {"u": 2.482644358538246, "v": 1.037703378489875, "w": 5.998563607142636, "x": 1.0736190774289258, "y": 0.6905064952180618}, "datetime": {"datetime": "2024-02-25 09:52:23", "elapsed": 47.661102, "delta": 1.116638}}
{"target": 0.09394730808109374, "params": {"u": 8.11633694473164, "v": 3.670169041650744, "w": 7.214752323380328, "x": 6.836758751426776, "y": 3.4772104959571264}, "datetime": {"datetime": "2024-02-25 09:52:23", "elapsed": 48.25519, "delta": 0.594088}}
