{"target": 0.11847306183146217, "params": {"u": 7.266687636382276, "v": 0.15149174334609716, "x": 9.814346584656503, "y": 9.412232559561827}, "datetime": {"datetime": "2024-02-27 10:34:56", "elapsed": 77.870103, "delta": 1.227821}}
{"target": 0.1902830099418154, "params": {"u": 8.744276911185342, "v": 9.082182020645226, "x": 3.54820127370316, "y": 2.6911001182184435}, "datetime": {"datetime": "2024-02-27 10:34:57", "elapsed": 78.760736, "delta": 0.890633}}
{"target": 0.5255396206170295, "params": {"u": 7.595689697204303, "v": 7.608683314406205, "x": 6.525420803154094, "y": 4.534236180397077}, "datetime": {"datetime": "2024-02-27 10:34:59", "elapsed": 80.566783, "delta": 1.806047}}
{"target": 0.14317936520031924, "params": {"u": 0.16051630383429494, "v": 5.993513266483021, "x": 9.80828427934416, "y": 5.092132066631734}, "datetime": {"datetime": "2024-02-27 10:35:01", "elapsed": 82.486588, "delta": 1.919805}}
{"target": 0.8645824615566228, "params": {"u": 7.573641708751141, "v": 6.840610040798111, "x": 5.803806657898694, "y": 5.210603470255137}, "datetime": {"datetime": "2024-02-27 10:35:02", "elapsed": 83.714624, "delta": 1.228036}}
{"target": 0.8740383506403528, "params": {"u": 6.301732505556474, "v": 5.939333313616081, "x": 5.2776386769398425, "y": 4.936648167620601}, "datetime": {"datetime": "2024-02-27 10:35:03", "elapsed": 84.667786, "delta": 0.953162}}
{"target": 0.7272092458938224, "params": {"u": 6.515472116591302, "v": 7.490847358649067, "x": 6.724596630817198, "y": 5.248219330150818}, "datetime": {"datetime": "2024-02-27 10:35:04", "elapsed": 85.311314, "delta": 0.643528}}
{"target": 0.982927133005303, "params": {"u": 6.6525978804992505, "v": 7.044097560676107, "x": 6.3497580968505, "y": 6.092852247903662}, "datetime": {"datetime": "2024-02-27 10:35:06", "elapsed": 87.24883, "delta": 1.937516}}
{"target": 0.274928299084488, "params": {"u": 0.6678421877619878, "v": 9.485493235004794, "x": 1.6347879444937097, "y": 7.212554732666491}, "datetime": {"datetime": "2024-02-27 10:35:06", "elapsed": 87.826119, "delta": 0.577289}}
{"target": 0.15965027901739093, "params": {"u": 0.9917045220432441, "v": 3.8521321012463474, "x": 4.877681847567079, "y": 9.050118409077708}, "datetime": {"datetime": "2024-02-27 10:35:07", "elapsed": 88.897408, "delta": 1.071289}}
{"target": 1.1066888283245786, "params": {"u": 6.442113836272746, "v": 5.726413968112629, "x": 5.735209980597644, "y": 5.88695848600532}, "datetime": {"datetime": "2024-02-27 10:35:08", "elapsed": 89.838282, "delta": 0.940874}}
{"target": 2.517190269303738, "params": {"u": 6.515579613316714, "v": 6.733033449496489, "x": 5.828121132506924, "y": 6.187200921508282}, "datetime": {"datetime": "2024-02-27 10:35:09", "elapsed": 90.578336, "delta": 0.740054}}
{"target": 0.2612223843329328, "params": {"u": 1.6867707928222375, "v": 6.197969228215239, "x": 6.500639323851393, "y": 6.375566465320781}, "datetime": {"datetime": "2024-02-27 10:35:09", "elapsed": 91.081553, "delta": 0.503217}}
{"target": 0.2324378149419105, "params": {"u": 1.7403828817278455, "v": 1.3284969115680634, "x": 4.913293882912929, "y": 5.450739878383733}, "datetime": {"datetime": "2024-02-27 10:35:10", "elapsed": 91.848456, "delta": 0.766903}}
{"target": 0.20548302350004036, "params": {"u": 6.968235136445262, "v": 1.897233466613235, "x": 4.249354833220699, "y": 8.458082540788523}, "datetime": {"datetime": "2024-02-27 10:35:11", "elapsed": 92.604672, "delta": 0.756216}}
{"target": 0.20710576341485687, "params": {"u": 0.6403018779576553, "v": 2.9928060205308205, "x": 6.329341027097862, "y": 4.446666753891124}, "datetime": {"datetime": "2024-02-27 10:35:11", "elapsed": 93.174375, "delta": 0.569703}}
{"target": 0.40915439382000773, "params": {"u": 6.777764726404605, "v": 2.8977493991574277, "x": 7.484421249952064, "y": 5.898311167740191}, "datetime": {"datetime": "2024-02-27 10:35:12", "elapsed": 93.796061, "delta": 0.621686}}
{"target": 0.34353191516615594, "params": {"u": 3.557323376087341, "v": 7.230866672042044, "x": 0.5599404448867651, "y": 6.084575169552993}, "datetime": {"datetime": "2024-02-27 10:35:13", "elapsed": 94.489881, "delta": 0.69382}}
{"target": 1.0225397749113052, "params": {"u": 6.316414808740558, "v": 7.11062849214377, "x": 5.795166516387323, "y": 6.068409396029719}, "datetime": {"datetime": "2024-02-27 10:35:14", "elapsed": 95.38111, "delta": 0.891229}}
{"target": 1.2223220234662522, "params": {"u": 6.455046066562129, "v": 6.159948205127254, "x": 6.854028552167471, "y": 5.81479177843838}, "datetime": {"datetime": "2024-02-27 10:35:15", "elapsed": 96.529277, "delta": 1.148167}}
{"target": 0.731553856088294, "params": {"u": 7.311727682197677, "v": 7.016268059666437, "x": 6.0481251840881844, "y": 5.769936876188753}, "datetime": {"datetime": "2024-02-27 10:35:16", "elapsed": 97.62111, "delta": 1.091833}}
{"target": 0.810787937884478, "params": {"u": 6.581928484609744, "v": 6.116807701544348, "x": 7.2236824236044574, "y": 6.45242156647619}, "datetime": {"datetime": "2024-02-27 10:35:17", "elapsed": 98.517187, "delta": 0.896077}}
{"target": 0.2034510166218209, "params": {"u": 7.312051884634538, "v": 7.330723060675216, "x": 9.653379591498073, "y": 1.39547300938057}, "datetime": {"datetime": "2024-02-27 10:35:17", "elapsed": 99.004517, "delta": 0.48733}}
{"target": 0.7980601337237323, "params": {"u": 6.094403467184285, "v": 5.298747396083999, "x": 4.813401356519341, "y": 4.997772054631209}, "datetime": {"datetime": "2024-02-27 10:35:18", "elapsed": 99.875656, "delta": 0.871139}}
{"target": 2.114826397766035, "params": {"u": 6.4033949755618815, "v": 6.362246632460961, "x": 6.135536591218721, "y": 6.386505944064171}, "datetime": {"datetime": "2024-02-27 10:35:19", "elapsed": 100.874178, "delta": 0.998522}}
{"target": 0.9622742072369752, "params": {"u": 5.906248769256629, "v": 6.007427452664608, "x": 5.366689409308516, "y": 5.963311708433779}, "datetime": {"datetime": "2024-02-27 10:35:20", "elapsed": 101.527352, "delta": 0.653174}}
{"target": 0.6526594321731851, "params": {"u": 5.760953910189235, "v": 6.585612268553657, "x": 4.3322632632931555, "y": 6.460289798011956}, "datetime": {"datetime": "2024-02-27 10:35:21", "elapsed": 102.878826, "delta": 1.351474}}
{"target": 1.7256145212466112, "params": {"u": 6.514133030304233, "v": 6.591800013924872, "x": 5.8382638175525, "y": 6.548223562942786}, "datetime": {"datetime": "2024-02-27 10:35:22", "elapsed": 104.173675, "delta": 1.294849}}
{"target": 0.5743304501247788, "params": {"u": 4.057686566127896, "v": 5.369909433550571, "x": 5.159477626984433, "y": 6.558214036479971}, "datetime": {"datetime": "2024-02-27 10:35:24", "elapsed": 105.782464, "delta": 1.608789}}
{"target": 0.3571090544332111, "params": {"u": 6.892515134523569, "v": 6.509204307799066, "x": 6.706036694172494, "y": 8.974851848359366}, "datetime": {"datetime": "2024-02-27 10:35:25", "elapsed": 107.181073, "delta": 1.398609}}
{"target": 0.7410829869172036, "params": {"u": 6.57648012637785, "v": 4.208815268905752, "x": 7.459576939023586, "y": 2.1930293504724716}, "datetime": {"datetime": "2024-02-27 10:35:27", "elapsed": 108.372556, "delta": 1.191483}}
{"target": 0.2908403954168531, "params": {"u": 6.656193621933248, "v": 5.082709306445653, "x": 4.321934212832059, "y": 9.219371916294616}, "datetime": {"datetime": "2024-02-27 10:35:28", "elapsed": 109.450736, "delta": 1.07818}}
{"target": 0.8409834581575121, "params": {"u": 6.881140753791159, "v": 2.904223754734997, "x": 7.474562965146258, "y": 1.6172244605193087}, "datetime": {"datetime": "2024-02-27 10:35:29", "elapsed": 110.509305, "delta": 1.058569}}
{"target": 0.18107024599598825, "params": {"u": 9.440693087162062, "v": 0.15105483669765163, "x": 2.3273252225035246, "y": 4.7024872280715}, "datetime": {"datetime": "2024-02-27 10:35:30", "elapsed": 112.110202, "delta": 1.600897}}
{"target": 3.438753841420075, "params": {"u": 5.866463964288532, "v": 3.2847787969171316, "x": 5.068007597186336, "y": 2.7463746022293933}, "datetime": {"datetime": "2024-02-27 10:35:31", "elapsed": 113.182601, "delta": 1.072399}}
{"target": 1.4503151781585966, "params": {"u": 6.005889053171399, "v": 3.311723946517473, "x": 4.839844987507604, "y": 2.7607508255424023}, "datetime": {"datetime": "2024-02-27 10:35:33", "elapsed": 115.179386, "delta": 1.996785}}
{"target": 0.2635626724684802, "params": {"u": 3.7263585876651275, "v": 9.346368196557002, "x": 6.696590458040167, "y": 6.256088666921897}, "datetime": {"datetime": "2024-02-27 10:35:34", "elapsed": 116.001678, "delta": 0.822292}}
{"target": 2.9235630663143235, "params": {"u": 5.727360288840194, "v": 3.25788038813842, "x": 5.295603360747316, "y": 2.7320195542861088}, "datetime": {"datetime": "2024-02-27 10:35:35", "elapsed": 116.951829, "delta": 0.950151}}
{"target": 0.49309065031486543, "params": {"u": 7.42721401618181, "v": 6.58669659293621, "x": 7.103610515696075, "y": 3.0364285856723603}, "datetime": {"datetime": "2024-02-27 10:35:36", "elapsed": 117.523075, "delta": 0.571246}}
{"target": 3.370872648068929, "params": {"u": 5.947737332529005, "v": 3.3530853219823604, "x": 5.2301287078506995, "y": 2.834206180665755}, "datetime": {"datetime": "2024-02-27 10:35:38", "elapsed": 119.468931, "delta": 1.945856}}
{"target": 3.657163184883508, "params": {"u": 5.883315569709812, "v": 3.122708628504007, "x": 5.1677588639404926, "y": 2.8791595987195984}, "datetime": {"datetime": "2024-02-27 10:35:40", "elapsed": 121.610283, "delta": 2.141352}}
{"target": 2.315863732062295, "params": {"u": 5.701977956012987, "v": 3.0382702806325934, "x": 4.914549855747397, "y": 3.5799028509378994}, "datetime": {"datetime": "2024-02-27 10:35:41", "elapsed": 123.047067, "delta": 1.436784}}
{"target": 0.2566037145044335, "params": {"u": 1.455641861151541, "v": 2.021302272014869, "x": 6.6663009053600994, "y": 2.6934141514606615}, "datetime": {"datetime": "2024-02-27 10:35:42", "elapsed": 123.924136, "delta": 0.877069}}
{"target": 2.0187424408886026, "params": {"u": 5.29861206870856, "v": 3.1136104336654014, "x": 5.497899272570014, "y": 3.478377231419627}, "datetime": {"datetime": "2024-02-27 10:35:44", "elapsed": 125.380729, "delta": 1.456593}}
{"target": 0.6618857020236945, "params": {"u": 1.0590998073873303, "v": 2.4037132563281824, "x": 1.3729949399636154, "y": 1.813704033370499}, "datetime": {"datetime": "2024-02-27 10:35:45", "elapsed": 126.881833, "delta": 1.501104}}
{"target": 3.927644546998793, "params": {"u": 5.7262337826402065, "v": 3.2669948398109154, "x": 5.111915133233434, "y": 3.035969943125258}, "datetime": {"datetime": "2024-02-27 10:35:49", "elapsed": 130.20825, "delta": 3.326417}}
{"target": 0.5970972238991634, "params": {"u": 4.376689555528449, "v": 6.79927410440129, "x": 6.023045380616066, "y": 5.095714733880005}, "datetime": {"datetime": "2024-02-27 10:35:50", "elapsed": 131.752945, "delta": 1.544695}}
{"target": 0.31360632223527396, "params": {"u": 3.066095879063816, "v": 3.6642386507361637, "x": 6.556511926370242, "y": 6.9664483793015535}, "datetime": {"datetime": "2024-02-27 10:35:51", "elapsed": 133.181005, "delta": 1.42806}}
{"target": 0.24369527580743644, "params": {"u": 3.17991479544499, "v": 9.65883164202834, "x": 4.7912633140690595, "y": 3.3194269029084356}, "datetime": {"datetime": "2024-02-27 10:35:52", "elapsed": 134.125811, "delta": 0.944806}}
{"target": 1.4358838376594116, "params": {"u": 5.941323989553501, "v": 2.7914740588885776, "x": 5.237270136219596, "y": 3.0091762960956157}, "datetime": {"datetime": "2024-02-27 10:35:54", "elapsed": 136.035782, "delta": 1.909971}}
{"target": 2.7682502979548294, "params": {"u": 5.6316998003591365, "v": 3.5792586565059836, "x": 4.599473996875948, "y": 3.1838326611126453}, "datetime": {"datetime": "2024-02-27 10:35:57", "elapsed": 138.216876, "delta": 2.181094}}
{"target": 3.980157097678862, "params": {"u": 5.487095425775017, "v": 3.264722234771903, "x": 4.930594714866098, "y": 3.0599838715397465}, "datetime": {"datetime": "2024-02-27 10:35:58", "elapsed": 139.93619, "delta": 1.719314}}
{"target": 3.9836323057116148, "params": {"u": 5.591838202684946, "v": 3.118413826426122, "x": 4.9728925542637565, "y": 2.9181300132507024}, "datetime": {"datetime": "2024-02-27 10:36:00", "elapsed": 141.545783, "delta": 1.609593}}
{"target": 0.1627461375839824, "params": {"u": 2.618681536702198, "v": 0.037798445838180816, "x": 7.603427089823054, "y": 7.105031353349447}, "datetime": {"datetime": "2024-02-27 10:36:01", "elapsed": 142.838178, "delta": 1.292395}}
{"target": 3.8438096395172567, "params": {"u": 5.492775336921177, "v": 3.363133253950719, "x": 4.958211352791593, "y": 2.8618765524260157}, "datetime": {"datetime": "2024-02-27 10:36:04", "elapsed": 145.481949, "delta": 2.643771}}
{"target": 3.718932303066582, "params": {"u": 5.445529777072767, "v": 3.56699552102009, "x": 5.034634995035092, "y": 3.1871933636483543}, "datetime": {"datetime": "2024-02-27 10:36:06", "elapsed": 147.895627, "delta": 2.413678}}
{"target": 3.6712754002253116, "params": {"u": 5.137602005959495, "v": 3.4420231564605923, "x": 4.8262732557259165, "y": 3.1041887010157456}, "datetime": {"datetime": "2024-02-27 10:36:08", "elapsed": 149.99581, "delta": 2.100183}}
{"target": 0.18046392285326338, "params": {"u": 6.50820925649533, "v": 1.1395951340516075, "x": 2.472013788325534, "y": 8.458891530450133}, "datetime": {"datetime": "2024-02-27 10:36:10", "elapsed": 151.75328, "delta": 1.75747}}
{"target": 1.4874445080350835, "params": {"u": 5.530294899881603, "v": 4.066524757040215, "x": 4.735611553611378, "y": 3.8258605362604623}, "datetime": {"datetime": "2024-02-27 10:36:13", "elapsed": 154.514471, "delta": 2.761191}}
{"target": 0.3736696762288021, "params": {"u": 6.684599542795297, "v": 4.351009634893366, "x": 8.933409323377305, "y": 5.952767515639841}, "datetime": {"datetime": "2024-02-27 10:36:14", "elapsed": 155.632838, "delta": 1.118367}}
{"target": 1.3829778183247745, "params": {"u": 4.78270820332277, "v": 3.355098062643229, "x": 5.034700424238721, "y": 3.581928702614813}, "datetime": {"datetime": "2024-02-27 10:36:16", "elapsed": 157.786334, "delta": 2.153496}}
{"target": 0.18760449375373994, "params": {"u": 8.018403633324237, "v": 7.483908040819863, "x": 8.545352921000683, "y": 0.16662232804536492}, "datetime": {"datetime": "2024-02-27 10:36:17", "elapsed": 158.83009, "delta": 1.043756}}
{"target": 3.523335445127156, "params": {"u": 5.208385139332512, "v": 3.106482651218824, "x": 4.808129672364363, "y": 2.859939244959312}, "datetime": {"datetime": "2024-02-27 10:36:21", "elapsed": 162.7718, "delta": 3.94171}}
{"target": 0.33253769214933676, "params": {"u": 3.829815200642698, "v": 6.386508327983538, "x": 7.643403185289995, "y": 6.066537484181325}, "datetime": {"datetime": "2024-02-27 10:36:23", "elapsed": 164.315612, "delta": 1.543812}}
{"target": 3.3475548270986115, "params": {"u": 5.085377646437918, "v": 3.933579153171295, "x": 5.156029617297069, "y": 2.7580960409390753}, "datetime": {"datetime": "2024-02-27 10:36:24", "elapsed": 165.947354, "delta": 1.631742}}
{"target": 3.4395669573507304, "params": {"u": 5.1926704691512136, "v": 3.5453855557059466, "x": 4.741912980549023, "y": 3.0533496168335383}, "datetime": {"datetime": "2024-02-27 10:36:26", "elapsed": 167.562302, "delta": 1.614948}}
{"target": 3.7494744615182776, "params": {"u": 5.057239889321812, "v": 3.4664598539334164, "x": 5.126667420433454, "y": 2.873817351414448}, "datetime": {"datetime": "2024-02-27 10:36:27", "elapsed": 169.119749, "delta": 1.557447}}
{"target": 1.2997630205153738, "params": {"u": 4.612592446118756, "v": 3.6172641494126934, "x": 4.334854241673626, "y": 2.8898830517466987}, "datetime": {"datetime": "2024-02-27 10:36:30", "elapsed": 171.277519, "delta": 2.15777}}
{"target": 2.6254614390422626, "params": {"u": 5.0319075750898925, "v": 3.561524387028243, "x": 4.962795289443067, "y": 2.5315312688402316}, "datetime": {"datetime": "2024-02-27 10:36:31", "elapsed": 172.808167, "delta": 1.530648}}
{"target": 3.2976833840992104, "params": {"u": 5.121130265272841, "v": 3.776548702120636, "x": 5.281972486426332, "y": 3.1107617434067607}, "datetime": {"datetime": "2024-02-27 10:36:33", "elapsed": 174.306494, "delta": 1.498327}}
{"target": 1.5521284575989032, "params": {"u": 4.992834711086854, "v": 4.131338290777361, "x": 4.612681407300332, "y": 3.143435579782693}, "datetime": {"datetime": "2024-02-27 10:36:34", "elapsed": 175.644708, "delta": 1.338214}}
{"target": 3.9694316425408833, "params": {"u": 5.282084260038539, "v": 3.212522447814727, "x": 5.097639172648928, "y": 3.0107047589586604}, "datetime": {"datetime": "2024-02-27 10:36:36", "elapsed": 177.379477, "delta": 1.734769}}
{"target": 0.2745151907968806, "params": {"u": 8.354097623508354, "v": 8.242612393395962, "x": 8.84251057539194, "y": 4.5750843439031055}, "datetime": {"datetime": "2024-02-27 10:36:38", "elapsed": 179.229018, "delta": 1.849541}}
{"target": 1.2903389638571028, "params": {"u": 5.3902492343262605, "v": 4.239812459051734, "x": 5.587876062263928, "y": 3.3386899705254427}, "datetime": {"datetime": "2024-02-27 10:36:39", "elapsed": 181.124437, "delta": 1.895419}}
{"target": 1.3850129589275861, "params": {"u": 5.275868024646072, "v": 2.9829585355753174, "x": 4.909449097808011, "y": 3.1508047448066967}, "datetime": {"datetime": "2024-02-27 10:36:41", "elapsed": 182.75926, "delta": 1.634823}}
{"target": 1.2879338886419067, "params": {"u": 4.730620498746509, "v": 3.8450775677799176, "x": 5.366675927277434, "y": 2.810073844048099}, "datetime": {"datetime": "2024-02-27 10:36:43", "elapsed": 184.950108, "delta": 2.190848}}
{"target": 3.9160088444341783, "params": {"u": 5.28489780523473, "v": 3.458440535496683, "x": 5.121906215457912, "y": 3.0079666934916927}, "datetime": {"datetime": "2024-02-27 10:36:45", "elapsed": 186.543562, "delta": 1.593454}}
{"target": 0.1699368738434211, "params": {"u": 9.35731643651229, "v": 6.5604394518330515, "x": 1.5762155095022945, "y": 8.25355613909187}, "datetime": {"datetime": "2024-02-27 10:36:46", "elapsed": 188.072515, "delta": 1.528953}}
{"target": 3.2739855033554943, "params": {"u": 5.260664108133133, "v": 3.155123365163728, "x": 5.050658377987099, "y": 2.7004913129901493}, "datetime": {"datetime": "2024-02-27 10:36:48", "elapsed": 189.549893, "delta": 1.477378}}
{"target": 1.4821545471823416, "params": {"u": 5.935164333231299, "v": 3.0310288464724677, "x": 5.2074364168661145, "y": 3.987177414671257}, "datetime": {"datetime": "2024-02-27 10:36:49", "elapsed": 191.066761, "delta": 1.516868}}
{"target": 0.840513650095266, "params": {"u": 4.929662366774981, "v": 4.248466733286206, "x": 5.189579780625824, "y": 2.114798415924702}, "datetime": {"datetime": "2024-02-27 10:36:51", "elapsed": 192.548606, "delta": 1.481845}}
{"target": 1.6946702014178203, "params": {"u": 5.391918398675734, "v": 3.5412833986929524, "x": 5.009282821733385, "y": 3.8711844076720983}, "datetime": {"datetime": "2024-02-27 10:36:52", "elapsed": 193.8872, "delta": 1.338594}}
{"target": 1.402374702770003, "params": {"u": 6.5082154657070435, "v": 3.740211586979152, "x": 5.6521933031195175, "y": 3.3403648318945844}, "datetime": {"datetime": "2024-02-27 10:36:54", "elapsed": 196.117811, "delta": 2.230611}}
{"target": 1.103595108655552, "params": {"u": 4.859352766085077, "v": 3.0047106217803474, "x": 4.432860120717811, "y": 2.423457942625605}, "datetime": {"datetime": "2024-02-27 10:36:56", "elapsed": 197.954362, "delta": 1.836551}}
{"target": 1.5318845353517359, "params": {"u": 5.480444168865609, "v": 4.034070049170815, "x": 4.786522775203358, "y": 3.0755646376233137}, "datetime": {"datetime": "2024-02-27 10:36:58", "elapsed": 199.394898, "delta": 1.440536}}
{"target": 1.8954738718530728, "params": {"u": 5.8489813485740125, "v": 3.405139075977223, "x": 4.595388213757669, "y": 3.664333534481176}, "datetime": {"datetime": "2024-02-27 10:37:00", "elapsed": 201.287202, "delta": 1.892304}}
{"target": 0.19867280831175382, "params": {"u": 9.660275281289778, "v": 3.310150262240019, "x": 1.3222454824613894, "y": 2.2150650039186393}, "datetime": {"datetime": "2024-02-27 10:37:00", "elapsed": 201.805501, "delta": 0.518299}}
{"target": 0.14836525918277366, "params": {"u": 1.3180253432379252, "v": 1.8095863363597076, "x": 3.2449376260509624, "y": 8.863219324738576}, "datetime": {"datetime": "2024-02-27 10:37:01", "elapsed": 202.421088, "delta": 0.615587}}
{"target": 2.1461010233427045, "params": {"u": 5.558964878322797, "v": 3.893599351550093, "x": 5.641550310808774, "y": 3.071657406128161}, "datetime": {"datetime": "2024-02-27 10:37:02", "elapsed": 203.332244, "delta": 0.911156}}
{"target": 1.817727379928486, "params": {"u": 5.463928136952059, "v": 3.7380518918267724, "x": 5.5785921934075775, "y": 3.5297751390720657}, "datetime": {"datetime": "2024-02-27 10:37:02", "elapsed": 203.942038, "delta": 0.609794}}
{"target": 3.6998330597527276, "params": {"u": 5.088701796602387, "v": 3.2840165759817044, "x": 5.1855721596770135, "y": 2.9399711432503706}, "datetime": {"datetime": "2024-02-27 10:37:04", "elapsed": 205.752953, "delta": 1.810915}}
{"target": 1.496603911700547, "params": {"u": 5.583106857908916, "v": 3.2986010238035526, "x": 4.038507409442542, "y": 2.9772884832552373}, "datetime": {"datetime": "2024-02-27 10:37:06", "elapsed": 207.595622, "delta": 1.842669}}
{"target": 0.3716705133383199, "params": {"u": 6.743544894395262, "v": 2.2049760674384142, "x": 2.980072109304425, "y": 0.6928889751265388}, "datetime": {"datetime": "2024-02-27 10:37:07", "elapsed": 208.815446, "delta": 1.219824}}
{"target": 3.586421755595499, "params": {"u": 5.029270436765403, "v": 3.4766117545603348, "x": 4.887211028689822, "y": 2.8102667652714475}, "datetime": {"datetime": "2024-02-27 10:37:10", "elapsed": 211.480494, "delta": 2.665048}}
{"target": 0.23607305106797177, "params": {"u": 7.753207839906394, "v": 5.007798734394239, "x": 1.17182670743756, "y": 7.180028074508459}, "datetime": {"datetime": "2024-02-27 10:37:11", "elapsed": 213.133287, "delta": 1.652793}}
