{"target": 4.388424582840866, "params": {"u": 1.0976270078546495, "x": 1.860757465489678, "y": 1.027633760716439}, "datetime": {"datetime": "2024-02-27 23:05:43", "elapsed": 0.0, "delta": 0.0}}
{"target": -1.106846371565652, "params": {"u": 0.35574367045526945, "x": -0.9711639033927844, "y": -4.9836858563681785}, "datetime": {"datetime": "2024-02-27 23:05:43", "elapsed": 0.179468, "delta": 0.179468}}
{"target": -17.18791687394104, "params": {"u": 0.460577698136895, "x": 2.8300697743909136, "y": -1.1675112495045359}, "datetime": {"datetime": "2024-02-27 23:05:43", "elapsed": 0.325932, "delta": 0.146464}}
{"target": 4.3085747978990305, "params": {"u": 1.069908403140124, "x": 1.8395491853541834, "y": 0.995802540002436}, "datetime": {"datetime": "2024-02-27 23:05:43", "elapsed": 0.476247, "delta": 0.150315}}
{"target": -18.544425662686034, "params": {"u": 0.9983448201172663, "x": 0.40807631438517894, "y": 2.2899501916570735}, "datetime": {"datetime": "2024-02-27 23:05:44", "elapsed": 0.97732, "delta": 0.501073}}
{"target": -23.157998170327215, "params": {"u": 0.3369859464763685, "x": 2.7220268778608676, "y": 1.516419099247531}, "datetime": {"datetime": "2024-02-27 23:05:44", "elapsed": 1.485512, "delta": 0.508192}}
{"target": 3.7351516841366568, "params": {"u": 1.728681561463776, "x": 1.6503805027013478, "y": 0.6794504748329492}, "datetime": {"datetime": "2024-02-27 23:05:45", "elapsed": 1.953142, "delta": 0.46763}}
{"target": 0.9513522352111039, "params": {"u": 1.8776826377863949, "x": 2.5843646992469, "y": 0.35306027467968804}, "datetime": {"datetime": "2024-02-27 23:05:45", "elapsed": 2.698188, "delta": 0.745046}}
{"target": 6.811394075388076, "params": {"u": 1.2695855236071143, "x": 0.5490343694953812, "y": -0.21963084460575732}, "datetime": {"datetime": "2024-02-27 23:05:46", "elapsed": 3.21515, "delta": 0.516962}}
{"target": 19.999204830938474, "params": {"u": 2.0, "x": 0.028198742197569255, "y": -0.9005608820785261}, "datetime": {"datetime": "2024-02-27 23:05:46", "elapsed": 3.671423, "delta": 0.456273}}
{"target": 7.049838348304295, "params": {"u": 1.64632178900134, "x": -0.7948110825994116, "y": -1.2766054060664616}, "datetime": {"datetime": "2024-02-27 23:05:47", "elapsed": 4.137182, "delta": 0.465759}}
{"target": 19.670657157374105, "params": {"u": 2.0, "x": 0.5738839975342548, "y": -1.6374098040031204}, "datetime": {"datetime": "2024-02-27 23:05:47", "elapsed": 4.47571, "delta": 0.338528}}
{"target": 19.941409778002317, "params": {"u": 2.0, "x": 0.2420541716180149, "y": -2.9716280784254265}, "datetime": {"datetime": "2024-02-27 23:05:47", "elapsed": 4.814694, "delta": 0.338984}}
{"target": 16.860493369885464, "params": {"u": 2.0, "x": 1.4627052437571064, "y": -3.582946310906502}, "datetime": {"datetime": "2024-02-27 23:05:48", "elapsed": 5.159464, "delta": 0.34477}}
{"target": -12.96936759609287, "params": {"u": 0.7097083209556577, "x": 0.7103638240666107, "y": -3.1364344325458973}, "datetime": {"datetime": "2024-02-27 23:05:48", "elapsed": 5.34174, "delta": 0.182276}}
{"target": 19.811289801610908, "params": {"u": 2.0, "x": 0.4344078710026923, "y": -4.487844958666565}, "datetime": {"datetime": "2024-02-27 23:05:48", "elapsed": 5.654866, "delta": 0.313126}}
{"target": 15.408678629510916, "params": {"u": 2.0, "x": 1.8950781964048562, "y": -5.0}, "datetime": {"datetime": "2024-02-27 23:05:49", "elapsed": 5.91898, "delta": 0.264114}}
{"target": 18.0, "params": {"u": 2.0, "x": -1.0, "y": -3.7406775185711147}, "datetime": {"datetime": "2024-02-27 23:05:49", "elapsed": 6.17768, "delta": 0.2587}}
{"target": 2.0, "params": {"u": 2.0, "x": 3.0, "y": -3.9799014976507667}, "datetime": {"datetime": "2024-02-27 23:05:49", "elapsed": 6.398439, "delta": 0.220759}}
{"target": 2.0, "params": {"u": 2.0, "x": 3.0, "y": 5.0}, "datetime": {"datetime": "2024-02-27 23:05:49", "elapsed": 6.650656, "delta": 0.252217}}
{"target": 7.082555472037363, "params": {"u": 1.9817570117445968, "x": -0.8049670743498236, "y": -4.943066476552823}, "datetime": {"datetime": "2024-02-27 23:05:50", "elapsed": 6.877015, "delta": 0.226359}}
{"target": 18.0, "params": {"u": 2.0, "x": -1.0, "y": 5.0}, "datetime": {"datetime": "2024-02-27 23:05:50", "elapsed": 7.064989, "delta": 0.187974}}
{"target": -2.0, "params": {"u": 0.4125754684718974, "x": -1.0, "y": 5.0}, "datetime": {"datetime": "2024-02-27 23:05:50", "elapsed": 7.331649, "delta": 0.26666}}
{"target": 7.190760662615794, "params": {"u": 1.835687399964595, "x": 0.4203298493007446, "y": 4.947676039681307}, "datetime": {"datetime": "2024-02-27 23:05:50", "elapsed": 7.650602, "delta": 0.318953}}
{"target": 19.23654411630926, "params": {"u": 2.0, "x": -0.873759625807201, "y": -2.677333141046177}, "datetime": {"datetime": "2024-02-27 23:05:51", "elapsed": 7.928345, "delta": 0.277743}}
{"target": -16.500438518848835, "params": {"u": 0.01921770338200135, "x": 2.211579616179226, "y": -4.994841570556936}, "datetime": {"datetime": "2024-02-27 23:05:51", "elapsed": 8.257743, "delta": 0.329398}}
{"target": 18.0, "params": {"u": 2.0, "x": -1.0, "y": 3.8588475764270047}, "datetime": {"datetime": "2024-02-27 23:05:51", "elapsed": 8.631589, "delta": 0.373846}}
{"target": 7.048428664695681, "params": {"u": 1.9926796390382435, "x": -0.7943688843010737, "y": 0.4833227867714571}, "datetime": {"datetime": "2024-02-27 23:05:52", "elapsed": 9.080372, "delta": 0.448783}}
{"target": -18.0, "params": {"u": 0.0, "x": 3.0, "y": 5.0}, "datetime": {"datetime": "2024-02-27 23:05:52", "elapsed": 9.377594, "delta": 0.297222}}
{"target": 19.03682452665593, "params": {"u": 2.0, "x": 0.9814150362329226, "y": -5.0}, "datetime": {"datetime": "2024-02-27 23:05:52", "elapsed": 9.724605, "delta": 0.347011}}
{"target": 19.99084091202991, "params": {"u": 2.0, "x": -0.09570312413966207, "y": -2.054111475381577}, "datetime": {"datetime": "2024-02-27 23:05:53", "elapsed": 10.033627, "delta": 0.309022}}
{"target": 8.821944898044688, "params": {"u": 1.9880191722602665, "x": -0.17964457314553872, "y": -3.7771036691853355}, "datetime": {"datetime": "2024-02-27 23:05:53", "elapsed": 10.31494, "delta": 0.281313}}
{"target": 17.49593868600764, "params": {"u": 2.0, "x": 1.2264017751097556, "y": -2.4778424640230456}, "datetime": {"datetime": "2024-02-27 23:05:54", "elapsed": 11.079573, "delta": 0.764633}}
{"target": -2.0, "params": {"u": 0.0, "x": -1.0, "y": 0.10402932058759334}, "datetime": {"datetime": "2024-02-27 23:05:54", "elapsed": 11.536427, "delta": 0.456854}}
{"target": 7.3686192283539675, "params": {"u": 1.9930023962682413, "x": 0.9031781182539631, "y": -4.095246835018255}, "datetime": {"datetime": "2024-02-27 23:05:55", "elapsed": 12.18988, "delta": 0.653453}}
{"target": 7.385071125514383, "params": {"u": 1.113626919460245, "x": -0.9896282763708864, "y": -2.9485491910540462}, "datetime": {"datetime": "2024-02-27 23:05:56", "elapsed": 12.895253, "delta": 0.705373}}
{"target": 11.058152458034488, "params": {"u": 2.0, "x": 2.223026662450433, "y": -2.809903332579835}, "datetime": {"datetime": "2024-02-27 23:05:56", "elapsed": 13.539687, "delta": 0.644434}}
{"target": 19.95606623228116, "params": {"u": 2.0, "x": 0.20960383517207473, "y": -5.0}, "datetime": {"datetime": "2024-02-27 23:05:57", "elapsed": 14.020595, "delta": 0.480908}}
{"target": 18.0, "params": {"u": 2.0, "x": -1.0, "y": 2.7071221511008736}, "datetime": {"datetime": "2024-02-27 23:05:57", "elapsed": 14.801767, "delta": 0.781172}}
{"target": 4.10945340138888, "params": {"u": 1.9767380776154122, "x": 1.388142727571954, "y": -0.9433951207855218}, "datetime": {"datetime": "2024-02-27 23:05:58", "elapsed": 15.153424, "delta": 0.351657}}
{"target": 6.374615061559638, "params": {"u": 1.1108432728569237, "x": -1.0, "y": 3.3433489453116776}, "datetime": {"datetime": "2024-02-27 23:05:58", "elapsed": 15.637768, "delta": 0.484344}}
{"target": 2.0, "params": {"u": 2.0, "x": 3.0, "y": 3.092823439205772}, "datetime": {"datetime": "2024-02-27 23:05:59", "elapsed": 16.203706, "delta": 0.565938}}
{"target": 19.987880979594976, "params": {"u": 2.0, "x": -0.11008642243720501, "y": 3.7358509708975314}, "datetime": {"datetime": "2024-02-27 23:05:59", "elapsed": 16.659357, "delta": 0.455651}}
{"target": 17.776292789498417, "params": {"u": 2.0, "x": 1.106213004127859, "y": 3.777750702679471}, "datetime": {"datetime": "2024-02-27 23:06:00", "elapsed": 17.33145, "delta": 0.672093}}
{"target": 19.81208277862666, "params": {"u": 2.0, "x": -0.4334941999304505, "y": 4.418524789468219}, "datetime": {"datetime": "2024-02-27 23:06:01", "elapsed": 17.927175, "delta": 0.595725}}
{"target": 7.384562497631258, "params": {"u": 1.9912570578890483, "x": -0.989894495947139, "y": 1.7576956008425242}, "datetime": {"datetime": "2024-02-27 23:06:01", "elapsed": 18.559995, "delta": 0.63282}}
{"target": 6.892285375362665, "params": {"u": 1.321169276641049, "x": 0.5094726985173589, "y": -5.0}, "datetime": {"datetime": "2024-02-27 23:06:02", "elapsed": 19.163625, "delta": 0.60363}}
{"target": 19.772292777604665, "params": {"u": 2.0, "x": 0.47718677935933546, "y": -2.3960513577717157}, "datetime": {"datetime": "2024-02-27 23:06:03", "elapsed": 20.145423, "delta": 0.981798}}
{"target": 16.038755731897673, "params": {"u": 2.0, "x": 1.7208266234871916, "y": 4.4028648868326465}, "datetime": {"datetime": "2024-02-27 23:06:04", "elapsed": 20.842543, "delta": 0.69712}}
{"target": 4.931235711021564, "params": {"u": 1.093763492756145, "x": 1.2424890750593605, "y": 4.1592068612804844}, "datetime": {"datetime": "2024-02-27 23:06:04", "elapsed": 21.646933, "delta": 0.80439}}
{"target": 8.120657735162911, "params": {"u": 1.334032141936381, "x": 0.26478255700137565, "y": -1.4009611398361188}, "datetime": {"datetime": "2024-02-27 23:06:05", "elapsed": 22.486486, "delta": 0.839553}}
{"target": 4.226994287047862, "params": {"u": 1.9710153993574957, "x": 1.8187597409138982, "y": 3.357659061844645}, "datetime": {"datetime": "2024-02-27 23:06:06", "elapsed": 23.790706, "delta": 1.30422}}
{"target": 8.168789882751682, "params": {"u": 1.9861070841953345, "x": -0.25853614011876447, "y": -2.7169160151299296}, "datetime": {"datetime": "2024-02-27 23:06:07", "elapsed": 24.701994, "delta": 0.911288}}
{"target": 7.376315760442111, "params": {"u": 1.9731624490232815, "x": 0.9939655280345527, "y": -2.9906822265148625}, "datetime": {"datetime": "2024-02-27 23:06:08", "elapsed": 25.366762, "delta": 0.664768}}
{"target": 19.777039725047622, "params": {"u": 2.0, "x": -0.47218669501837646, "y": 3.158167861166749}, "datetime": {"datetime": "2024-02-27 23:06:09", "elapsed": 26.162102, "delta": 0.79534}}
{"target": 18.0, "params": {"u": 2.0, "x": -1.0, "y": -2.0687053827812814}, "datetime": {"datetime": "2024-02-27 23:06:10", "elapsed": 26.989815, "delta": 0.827713}}
{"target": 3.4055258206398804, "params": {"u": 1.9774326541756821, "x": 2.0006444068218703, "y": -4.053717454328966}, "datetime": {"datetime": "2024-02-27 23:06:10", "elapsed": 27.794193, "delta": 0.804378}}
{"target": 16.014282872834062, "params": {"u": 2.0, "x": 1.7279227781257869, "y": -1.9601777408458285}, "datetime": {"datetime": "2024-02-27 23:06:12", "elapsed": 28.8311, "delta": 1.036907}}
{"target": 8.96989568065456, "params": {"u": 1.335256824729075, "x": -0.16231094232388177, "y": 4.153034487901671}, "datetime": {"datetime": "2024-02-27 23:06:13", "elapsed": 29.923909, "delta": 1.092809}}
{"target": 19.789943105311597, "params": {"u": 2.0, "x": 0.4583196424859007, "y": 3.3059867579478253}, "datetime": {"datetime": "2024-02-27 23:06:13", "elapsed": 30.754911, "delta": 0.831002}}
{"target": 6.9169849801506516, "params": {"u": 1.9532508484073883, "x": 0.49975799988916414, "y": 3.9166198255288425}, "datetime": {"datetime": "2024-02-27 23:06:14", "elapsed": 31.586565, "delta": 0.831654}}
{"target": -1.978411339666021, "params": {"u": 0.5701851280511292, "x": 0.9237783368897414, "y": -4.680673532566159}, "datetime": {"datetime": "2024-02-27 23:06:15", "elapsed": 32.269365, "delta": 0.6828}}
{"target": 9.84700768968311, "params": {"u": 1.9778466139957134, "x": -0.039552000006216836, "y": -1.4188458630531606}, "datetime": {"datetime": "2024-02-27 23:06:16", "elapsed": 33.600322, "delta": 1.330957}}
{"target": 7.960599745788738, "params": {"u": 1.9015198725291604, "x": -0.2862988559044459, "y": -0.4465593950888911}, "datetime": {"datetime": "2024-02-27 23:06:17", "elapsed": 34.596474, "delta": 0.996152}}
{"target": 2.268477775198626, "params": {"u": 1.154535337017827, "x": 2.2101693975179653, "y": -3.015725578671961}, "datetime": {"datetime": "2024-02-27 23:06:18", "elapsed": 35.184505, "delta": 0.588031}}
{"target": 6.224358239209472, "params": {"u": 1.6444603530059057, "x": 1.0504421686410197, "y": -1.9429319260102567}, "datetime": {"datetime": "2024-02-27 23:06:19", "elapsed": 36.134824, "delta": 0.950319}}
{"target": 0.9719104434155899, "params": {"u": 1.4635734081944456, "x": 2.523013175049632, "y": -1.0271019073881291}, "datetime": {"datetime": "2024-02-27 23:06:20", "elapsed": 36.927311, "delta": 0.792487}}
{"target": 7.3870947326395004, "params": {"u": 1.579849745197974, "x": -0.9885489586467076, "y": 4.49659873894289}, "datetime": {"datetime": "2024-02-27 23:06:21", "elapsed": 38.038293, "delta": 1.110982}}
{"target": 6.79787930149957, "params": {"u": 1.939072520858312, "x": 0.5577421297769023, "y": -0.7382577237732404}, "datetime": {"datetime": "2024-02-27 23:06:22", "elapsed": 38.838127, "delta": 0.799834}}
{"target": 19.828424958665952, "params": {"u": 2.0, "x": -0.414216177054987, "y": 5.0}, "datetime": {"datetime": "2024-02-27 23:06:22", "elapsed": 39.768968, "delta": 0.930841}}
{"target": 19.06957562798831, "params": {"u": 2.0, "x": 0.964585077643071, "y": 3.023536847901581}, "datetime": {"datetime": "2024-02-27 23:06:23", "elapsed": 40.504563, "delta": 0.735595}}
{"target": -2.0, "params": {"u": 0.0, "x": -1.0, "y": -1.8567537165333}, "datetime": {"datetime": "2024-02-27 23:06:24", "elapsed": 41.020446, "delta": 0.515883}}
{"target": -17.20993081650276, "params": {"u": 0.2062535286368936, "x": 1.6959047589704417, "y": 1.4571261357905474}, "datetime": {"datetime": "2024-02-27 23:06:24", "elapsed": 41.625499, "delta": 0.605053}}
{"target": 18.0, "params": {"u": 2.0, "x": -1.0, "y": -3.1920362385924035}, "datetime": {"datetime": "2024-02-27 23:06:26", "elapsed": 42.898511, "delta": 1.273012}}
{"target": -12.836226619385405, "params": {"u": 0.0, "x": 0.7125985881034724, "y": 5.0}, "datetime": {"datetime": "2024-02-27 23:06:26", "elapsed": 43.801151, "delta": 0.90264}}
{"target": 19.985531367167606, "params": {"u": 2.0, "x": 0.12028563019908983, "y": 2.765901432132605}, "datetime": {"datetime": "2024-02-27 23:06:27", "elapsed": 44.56492, "delta": 0.763769}}
{"target": -11.782165154793422, "params": {"u": 0.0, "x": 0.7300668087250232, "y": -0.5804077512834053}, "datetime": {"datetime": "2024-02-27 23:06:28", "elapsed": 45.419408, "delta": 0.854488}}
{"target": 7.416721208937879, "params": {"u": 1.0089762275767908, "x": 0.9401576228187078, "y": 4.457692217694779}, "datetime": {"datetime": "2024-02-27 23:06:29", "elapsed": 46.2605, "delta": 0.841092}}
{"target": 16.8364625566218, "params": {"u": 2.0, "x": 1.470896816020145, "y": 5.0}, "datetime": {"datetime": "2024-02-27 23:06:30", "elapsed": 47.061532, "delta": 0.801032}}
{"target": -2.0, "params": {"u": 0.0, "x": -1.0, "y": 2.0211136681317914}, "datetime": {"datetime": "2024-02-27 23:06:31", "elapsed": 48.009947, "delta": 0.948415}}
{"target": 1.6308588861472568, "params": {"u": 1.9570002517234537, "x": 2.8299572965208584, "y": -1.98280614420683}, "datetime": {"datetime": "2024-02-27 23:06:32", "elapsed": 49.087528, "delta": 1.077581}}
{"target": 6.374615061559638, "params": {"u": 1.3092446044562867, "x": -1.0, "y": -3.9914787909520135}, "datetime": {"datetime": "2024-02-27 23:06:33", "elapsed": 50.458465, "delta": 1.370937}}
{"target": 7.400763633325813, "params": {"u": 1.6143553299151565, "x": -0.9228344937244359, "y": -2.10786202348463}, "datetime": {"datetime": "2024-02-27 23:06:34", "elapsed": 51.123786, "delta": 0.665321}}
{"target": 1.857714066298584, "params": {"u": 1.1485907340792054, "x": 2.885915559297669, "y": 4.373364343683905}, "datetime": {"datetime": "2024-02-27 23:06:34", "elapsed": 51.741566, "delta": 0.61778}}
{"target": -18.0, "params": {"u": 0.0, "x": 3.0, "y": -3.17606495964033}, "datetime": {"datetime": "2024-02-27 23:06:35", "elapsed": 52.735085, "delta": 0.993519}}
{"target": 3.795442538266542, "params": {"u": 1.3644115787216342, "x": 1.686145899929758, "y": 4.962275590466827}, "datetime": {"datetime": "2024-02-27 23:06:37", "elapsed": 54.331399, "delta": 1.596314}}
{"target": 2.029568892568024, "params": {"u": 1.927550416597761, "x": 2.9702303483365777, "y": -4.987554890612418}, "datetime": {"datetime": "2024-02-27 23:06:38", "elapsed": 55.575769, "delta": 1.24437}}
{"target": 9.780684526487125, "params": {"u": 1.6362561572594099, "x": -0.0523315584663469, "y": 3.267194154091415}, "datetime": {"datetime": "2024-02-27 23:06:39", "elapsed": 56.245239, "delta": 0.66947}}
{"target": 19.896751368339203, "params": {"u": 2.0, "x": 0.3213232510429301, "y": 1.0727984336686984}, "datetime": {"datetime": "2024-02-27 23:06:40", "elapsed": 57.642422, "delta": 1.397183}}
{"target": 19.320509572045648, "params": {"u": 2.0, "x": 0.8243120937814469, "y": 1.630125033100172}, "datetime": {"datetime": "2024-02-27 23:06:42", "elapsed": 59.032831, "delta": 1.390409}}
{"target": 19.987955692307548, "params": {"u": 2.0, "x": 0.10974656118736824, "y": 1.7564092930694746}, "datetime": {"datetime": "2024-02-27 23:06:43", "elapsed": 60.639949, "delta": 1.607118}}
{"target": 6.082861173419591, "params": {"u": 1.9832387184193707, "x": 1.0792340088723065, "y": 2.2638222782949144}, "datetime": {"datetime": "2024-02-27 23:06:45", "elapsed": 62.508877, "delta": 1.868928}}
{"target": 7.314186262068247, "params": {"u": 1.9932767220799914, "x": 0.879637116950474, "y": 1.04998741179985}, "datetime": {"datetime": "2024-02-27 23:06:47", "elapsed": 63.976605, "delta": 1.467728}}
{"target": 19.956017108664465, "params": {"u": 2.0, "x": -0.20972098449018678, "y": 1.2040292836971875}, "datetime": {"datetime": "2024-02-27 23:06:48", "elapsed": 65.397203, "delta": 1.420598}}
{"target": 9.97997462404808, "params": {"u": 1.4097846450315128, "x": -0.006662314023074945, "y": 0.9722739104666128}, "datetime": {"datetime": "2024-02-27 23:06:49", "elapsed": 66.112775, "delta": 0.715572}}
{"target": 6.781586864601852, "params": {"u": 1.9450512726708094, "x": -0.5699447799548931, "y": 3.7572522132950397}, "datetime": {"datetime": "2024-02-27 23:06:50", "elapsed": 66.883495, "delta": 0.77072}}
{"target": 6.373586860522973, "params": {"u": 1.9933546891920193, "x": 1.000621517663041, "y": -4.969401981087901}, "datetime": {"datetime": "2024-02-27 23:06:50", "elapsed": 67.480629, "delta": 0.597134}}
{"target": -3.7156213980160224, "params": {"u": 0.5880566677369883, "x": 0.8745072472165214, "y": 3.3312654530192702}, "datetime": {"datetime": "2024-02-27 23:06:51", "elapsed": 67.979232, "delta": 0.498603}}
{"target": -11.076772126357698, "params": {"u": 0.7096900057557434, "x": -0.7416120957268313, "y": 2.3724710447958532}, "datetime": {"datetime": "2024-02-27 23:06:52", "elapsed": 68.863871, "delta": 0.884639}}
{"target": -17.760829301002502, "params": {"u": 0.12275243188268292, "x": 2.230617576888942, "y": -4.953287294367251}, "datetime": {"datetime": "2024-02-27 23:06:52", "elapsed": 69.532463, "delta": 0.668592}}
{"target": -16.286742028787202, "params": {"u": 0.13488645139107014, "x": -0.3556293894250788, "y": 1.1875146564009187}, "datetime": {"datetime": "2024-02-27 23:06:53", "elapsed": 70.037112, "delta": 0.504649}}
{"target": -6.729040944475727, "params": {"u": 0.7317966424888027, "x": 1.8938662279633305, "y": 1.607537197684045}, "datetime": {"datetime": "2024-02-27 23:06:54", "elapsed": 70.845495, "delta": 0.808383}}
{"target": 6.756957873933626, "params": {"u": 1.223665736202277, "x": 0.5965400165252239, "y": 2.7223187937286317}, "datetime": {"datetime": "2024-02-27 23:06:55", "elapsed": 72.379211, "delta": 1.533716}}
{"target": 9.807489872856447, "params": {"u": 1.9169321822575758, "x": 0.04734525121452999, "y": -0.8791328649661435}, "datetime": {"datetime": "2024-02-27 23:06:56", "elapsed": 73.547587, "delta": 1.168376}}
{"target": -9.509015487386105, "params": {"u": 0.7437129353689993, "x": 2.0784095432896064, "y": 3.5418443947386624}, "datetime": {"datetime": "2024-02-27 23:06:57", "elapsed": 73.949905, "delta": 0.402318}}
{"target": 3.2122389810216045, "params": {"u": 1.5440572251956002, "x": 2.0643676717243378, "y": 4.686497575703196}, "datetime": {"datetime": "2024-02-27 23:06:57", "elapsed": 74.59844, "delta": 0.648535}}
{"target": 7.069369863289616, "params": {"u": 1.68114086532169, "x": 0.80089604816501, "y": 3.1355651145462}, "datetime": {"datetime": "2024-02-27 23:06:58", "elapsed": 75.307047, "delta": 0.708607}}
{"target": 5.888816583600704, "params": {"u": 1.4280529526672536, "x": 1.1111186280253533, "y": 3.307051216324421}, "datetime": {"datetime": "2024-02-27 23:06:59", "elapsed": 76.264842, "delta": 0.957795}}
{"target": -19.67825606259419, "params": {"u": 0.16819948811306062, "x": 2.259148550624274, "y": -2.5429339634143657}, "datetime": {"datetime": "2024-02-27 23:07:00", "elapsed": 77.033716, "delta": 0.768874}}
{"target": 7.9480435489567824, "params": {"u": 1.9229094201144674, "x": 0.28804174918218317, "y": -2.9928334578098905}, "datetime": {"datetime": "2024-02-27 23:07:00", "elapsed": 77.672127, "delta": 0.638411}}
{"target": 6.805966041698145, "params": {"u": 1.9728579570529572, "x": 0.5524120774491919, "y": 3.315768308554869}, "datetime": {"datetime": "2024-02-27 23:07:01", "elapsed": 78.610571, "delta": 0.938444}}
{"target": 19.690785750071853, "params": {"u": 2.0, "x": 0.5560703641879736, "y": -2.4305820653990557}, "datetime": {"datetime": "2024-02-27 23:07:02", "elapsed": 79.702109, "delta": 1.091538}}
