{"target": 4.281472017357164, "params": {"u": 1.101595805149151, "x": 1.8325912904724193, "y": -2.0909526108705565}, "datetime": {"datetime": "2024-02-27 23:05:43", "elapsed": 0.0, "delta": 0.0}}
{"target": 7.3510897203720695, "params": {"u": 1.598813963439947, "x": -0.8948353202248773, "y": 4.99918866786275}, "datetime": {"datetime": "2024-02-27 23:05:43", "elapsed": 0.231427, "delta": 0.231427}}
{"target": 7.3902224057382355, "params": {"u": 1.5279035897915723, "x": -0.9868116789287069, "y": 4.964137537654199}, "datetime": {"datetime": "2024-02-27 23:05:43", "elapsed": 0.454816, "delta": 0.223389}}
{"target": -18.0, "params": {"u": 0.0, "x": 3.0, "y": 5.0}, "datetime": {"datetime": "2024-02-27 23:05:44", "elapsed": 0.854533, "delta": 0.399717}}
{"target": 18.0, "params": {"u": 2.0, "x": -1.0, "y": 1.043295764510445}, "datetime": {"datetime": "2024-02-27 23:05:44", "elapsed": 1.059496, "delta": 0.204963}}
{"target": -2.0, "params": {"u": 0.0, "x": -1.0, "y": -0.529415456321304}, "datetime": {"datetime": "2024-02-27 23:05:44", "elapsed": 1.493807, "delta": 0.434311}}
{"target": 19.996025497922066, "params": {"u": 2.0, "x": 0.06304365216209648, "y": 2.329638834815905}, "datetime": {"datetime": "2024-02-27 23:05:45", "elapsed": 1.877698, "delta": 0.383891}}
{"target": 16.04790482636291, "params": {"u": 2.0, "x": 1.7181662240997206, "y": 0.9187781464248973}, "datetime": {"datetime": "2024-02-27 23:05:45", "elapsed": 2.200692, "delta": 0.322994}}
{"target": 18.0, "params": {"u": 2.0, "x": -1.0, "y": -5.0}, "datetime": {"datetime": "2024-02-27 23:05:45", "elapsed": 2.51685, "delta": 0.316158}}
{"target": 2.0, "params": {"u": 2.0, "x": 3.0, "y": -5.0}, "datetime": {"datetime": "2024-02-27 23:05:45", "elapsed": 2.665451, "delta": 0.148601}}
{"target": -2.0, "params": {"u": 0.0, "x": -1.0, "y": -5.0}, "datetime": {"datetime": "2024-02-27 23:05:46", "elapsed": 2.915494, "delta": 0.250043}}
{"target": -2.0, "params": {"u": 0.5475335239796252, "x": -1.0, "y": 2.397399906989821}, "datetime": {"datetime": "2024-02-27 23:05:46", "elapsed": 3.312891, "delta": 0.397397}}
{"target": 19.902379635753647, "params": {"u": 2.0, "x": 0.31244257751842025, "y": 1.0275998982371723}, "datetime": {"datetime": "2024-02-27 23:05:46", "elapsed": 3.624791, "delta": 0.3119}}
{"target": 18.0, "params": {"u": 2.0, "x": -1.0, "y": -3.0266178428169557}, "datetime": {"datetime": "2024-02-27 23:05:47", "elapsed": 4.073845, "delta": 0.449054}}
{"target": 18.0, "params": {"u": 2.0, "x": -1.0, "y": -1.0337459419865296}, "datetime": {"datetime": "2024-02-27 23:05:47", "elapsed": 4.374766, "delta": 0.300921}}
{"target": 19.934316518812814, "params": {"u": 2.0, "x": 0.2562878873204655, "y": -4.181796120231401}, "datetime": {"datetime": "2024-02-27 23:05:47", "elapsed": 4.601692, "delta": 0.226926}}
{"target": 19.823960376305344, "params": {"u": 2.0, "x": 0.4195707612485119, "y": -0.948683351586029}, "datetime": {"datetime": "2024-02-27 23:05:47", "elapsed": 4.798467, "delta": 0.196775}}
{"target": 19.94842112183194, "params": {"u": 2.0, "x": 0.22710983723313222, "y": -2.5296151185767295}, "datetime": {"datetime": "2024-02-27 23:05:48", "elapsed": 4.976718, "delta": 0.178251}}
{"target": 17.439633639867136, "params": {"u": 2.0, "x": 1.249146252499228, "y": 2.4818495775289695}, "datetime": {"datetime": "2024-02-27 23:05:48", "elapsed": 5.246119, "delta": 0.269401}}
{"target": 19.939476814647666, "params": {"u": 2.0, "x": 0.2460146039411786, "y": -5.0}, "datetime": {"datetime": "2024-02-27 23:05:48", "elapsed": 5.352209, "delta": 0.10609}}
{"target": 19.969011717375377, "params": {"u": 2.0, "x": -0.1760348903616032, "y": -0.07345348501673914}, "datetime": {"datetime": "2024-02-27 23:05:48", "elapsed": 5.673664, "delta": 0.321455}}
{"target": 18.0, "params": {"u": 2.0, "x": -1.0, "y": 2.9665987055637926}, "datetime": {"datetime": "2024-02-27 23:05:49", "elapsed": 6.076003, "delta": 0.402339}}
{"target": 19.958285650229627, "params": {"u": 2.0, "x": -0.204240911108364, "y": -1.7221151111256119}, "datetime": {"datetime": "2024-02-27 23:05:49", "elapsed": 6.342024, "delta": 0.266021}}
{"target": 19.88033649884624, "params": {"u": 2.0, "x": -0.3459241262961546, "y": -4.271522764095535}, "datetime": {"datetime": "2024-02-27 23:05:49", "elapsed": 6.656915, "delta": 0.314891}}
{"target": 19.991315259416243, "params": {"u": 2.0, "x": -0.09319195557427523, "y": -3.295592960770097}, "datetime": {"datetime": "2024-02-27 23:05:50", "elapsed": 6.890464, "delta": 0.233549}}
{"target": 19.98743073096254, "params": {"u": 2.0, "x": -0.11211275144897183, "y": 1.7157600672176263}, "datetime": {"datetime": "2024-02-27 23:05:50", "elapsed": 7.020262, "delta": 0.129798}}
{"target": 19.665279731183645, "params": {"u": 2.0, "x": 0.5785501437354902, "y": 1.8069640555019482}, "datetime": {"datetime": "2024-02-27 23:05:50", "elapsed": 7.330894, "delta": 0.310632}}
{"target": 19.763462166928306, "params": {"u": 2.0, "x": 0.4863515529652319, "y": 0.010550671052191115}, "datetime": {"datetime": "2024-02-27 23:05:50", "elapsed": 7.660496, "delta": 0.329602}}
{"target": 19.994801701968044, "params": {"u": 2.0, "x": -0.07209922351841391, "y": -0.8198639407907125}, "datetime": {"datetime": "2024-02-27 23:05:51", "elapsed": 8.001057, "delta": 0.340561}}
{"target": 19.96523405432775, "params": {"u": 2.0, "x": -0.18645628354188434, "y": -5.0}, "datetime": {"datetime": "2024-02-27 23:05:51", "elapsed": 8.373923, "delta": 0.372866}}
{"target": 19.93318396547521, "params": {"u": 2.0, "x": 0.25848797752466324, "y": -1.729233777001855}, "datetime": {"datetime": "2024-02-27 23:05:51", "elapsed": 8.794656, "delta": 0.420733}}
{"target": 19.968150516585716, "params": {"u": 2.0, "x": -0.17846423567282482, "y": -2.4802831831084573}, "datetime": {"datetime": "2024-02-27 23:05:52", "elapsed": 9.122406, "delta": 0.32775}}
{"target": 19.99847536566555, "params": {"u": 2.0, "x": -0.039046566231259607, "y": 0.5600134901489896}, "datetime": {"datetime": "2024-02-27 23:05:52", "elapsed": 9.471303, "delta": 0.348897}}
{"target": 9.582462597563438, "params": {"u": 1.9906893374064727, "x": -0.08437528238117498, "y": -4.63380831746957}, "datetime": {"datetime": "2024-02-27 23:05:53", "elapsed": 9.860899, "delta": 0.389596}}
{"target": 17.9466623490442, "params": {"u": 2.0, "x": 1.0263223913351005, "y": -3.7005179615867356}, "datetime": {"datetime": "2024-02-27 23:05:53", "elapsed": 10.707862, "delta": 0.846963}}
{"target": 7.037192446270513, "params": {"u": 1.4779150395036473, "x": -0.7908273929744782, "y": -3.827289089597555}, "datetime": {"datetime": "2024-02-27 23:05:54", "elapsed": 11.383367, "delta": 0.675505}}
{"target": 7.907503642231109, "params": {"u": 1.8570587809531773, "x": 0.2937305045766907, "y": 3.7508152702255586}, "datetime": {"datetime": "2024-02-27 23:05:54", "elapsed": 11.641107, "delta": 0.25774}}
{"target": 7.250335391928704, "params": {"u": 1.3152938367617117, "x": 0.8571337140515993, "y": -0.8613548235524204}, "datetime": {"datetime": "2024-02-27 23:05:55", "elapsed": 11.840032, "delta": 0.198925}}
{"target": -11.568712252724415, "params": {"u": 0.6083923720868647, "x": 1.2347626882590577, "y": 1.08076305006057}, "datetime": {"datetime": "2024-02-27 23:05:55", "elapsed": 12.115792, "delta": 0.27576}}
{"target": 5.819852547859757, "params": {"u": 1.5292449026845232, "x": 1.1213843685561364, "y": -5.0}, "datetime": {"datetime": "2024-02-27 23:05:55", "elapsed": 12.679308, "delta": 0.563516}}
{"target": 6.374615061559638, "params": {"u": 1.367960540728406, "x": -1.0, "y": -2.0711938753947243}, "datetime": {"datetime": "2024-02-27 23:05:56", "elapsed": 13.336752, "delta": 0.657444}}
{"target": 9.441506457811723, "params": {"u": 2.0, "x": 2.560955591607999, "y": 2.17538044751071}, "datetime": {"datetime": "2024-02-27 23:05:57", "elapsed": 14.092806, "delta": 0.756054}}
{"target": 6.857681091875143, "params": {"u": 1.2773120239931437, "x": 0.524566153421504, "y": -3.43388666099125}, "datetime": {"datetime": "2024-02-27 23:05:57", "elapsed": 14.707396, "delta": 0.61459}}
{"target": 18.0, "params": {"u": 2.0, "x": -1.0, "y": 0.02723440282278172}, "datetime": {"datetime": "2024-02-27 23:05:58", "elapsed": 15.323039, "delta": 0.615643}}
{"target": 2.0, "params": {"u": 2.0, "x": 3.0, "y": 0.12276575589536486}, "datetime": {"datetime": "2024-02-27 23:05:59", "elapsed": 16.055372, "delta": 0.732333}}
{"target": -18.0, "params": {"u": 0.0, "x": 3.0, "y": -3.7299670169724877}, "datetime": {"datetime": "2024-02-27 23:05:59", "elapsed": 16.698827, "delta": 0.643455}}
{"target": -2.7763553700405694, "params": {"u": 0.0, "x": 0.12118926178185956, "y": 5.0}, "datetime": {"datetime": "2024-02-27 23:06:00", "elapsed": 17.195881, "delta": 0.497054}}
{"target": 11.485905172554823, "params": {"u": 2.0, "x": 2.1246399288927, "y": 3.790993238145999}, "datetime": {"datetime": "2024-02-27 23:06:01", "elapsed": 18.175748, "delta": 0.979867}}
{"target": -18.0, "params": {"u": 0.0, "x": 3.0, "y": -0.7402108592193267}, "datetime": {"datetime": "2024-02-27 23:06:02", "elapsed": 18.874729, "delta": 0.698981}}
{"target": 18.0, "params": {"u": 2.0, "x": -1.0, "y": 2.063931263451148}, "datetime": {"datetime": "2024-02-27 23:06:02", "elapsed": 19.285692, "delta": 0.410963}}
{"target": -18.0, "params": {"u": 0.0, "x": 3.0, "y": 2.475884940174895}, "datetime": {"datetime": "2024-02-27 23:06:02", "elapsed": 19.814461, "delta": 0.528769}}
{"target": 2.0, "params": {"u": 2.0, "x": 3.0, "y": 5.0}, "datetime": {"datetime": "2024-02-27 23:06:03", "elapsed": 20.530336, "delta": 0.715875}}
{"target": 1.7426502496264682, "params": {"u": 1.9899176895758905, "x": 2.8561609846774205, "y": -2.5274922776001474}, "datetime": {"datetime": "2024-02-27 23:06:04", "elapsed": 21.393213, "delta": 0.862877}}
{"target": 3.945002206586711, "params": {"u": 1.9945296492428268, "x": 1.4337087314047214, "y": 4.936844189088326}, "datetime": {"datetime": "2024-02-27 23:06:05", "elapsed": 22.212079, "delta": 0.818866}}
{"target": 7.419676404785367, "params": {"u": 1.0664373068127408, "x": -0.9480674231866089, "y": 0.6581865987893254}, "datetime": {"datetime": "2024-02-27 23:06:05", "elapsed": 22.830279, "delta": 0.6182}}
{"target": 16.764582285599236, "params": {"u": 2.0, "x": 1.4951313368399328, "y": -0.24702230481406334}, "datetime": {"datetime": "2024-02-27 23:06:06", "elapsed": 23.509216, "delta": 0.678937}}
{"target": 17.541037325423837, "params": {"u": 2.0, "x": 1.2078752727728812, "y": -2.1474747323451475}, "datetime": {"datetime": "2024-02-27 23:06:07", "elapsed": 24.089751, "delta": 0.580535}}
{"target": 18.0, "params": {"u": 2.0, "x": -1.0, "y": -4.0032314569468594}, "datetime": {"datetime": "2024-02-27 23:06:07", "elapsed": 24.762348, "delta": 0.672597}}
{"target": 18.0, "params": {"u": 2.0, "x": -1.0, "y": 3.9047214453580033}, "datetime": {"datetime": "2024-02-27 23:06:08", "elapsed": 25.473575, "delta": 0.711227}}
{"target": -16.428954241558593, "params": {"u": 0.0, "x": 0.3584816851363252, "y": -2.2056678141459853}, "datetime": {"datetime": "2024-02-27 23:06:09", "elapsed": 26.256299, "delta": 0.782724}}
{"target": 16.21623918778508, "params": {"u": 2.0, "x": 1.6684606115263607, "y": -1.2658626787784149}, "datetime": {"datetime": "2024-02-27 23:06:10", "elapsed": 27.172751, "delta": 0.916452}}
{"target": 2.0, "params": {"u": 2.0, "x": 3.0, "y": 3.2959380602372703}, "datetime": {"datetime": "2024-02-27 23:06:11", "elapsed": 28.134227, "delta": 0.961476}}
{"target": 7.418589218692926, "params": {"u": 1.990891264116665, "x": 0.9442067985888363, "y": 0.7153876093568616}, "datetime": {"datetime": "2024-02-27 23:06:11", "elapsed": 28.79422, "delta": 0.659993}}
{"target": 6.747539326789521, "params": {"u": 1.2282533171392391, "x": 0.6249027799651995, "y": 2.680521602258219}, "datetime": {"datetime": "2024-02-27 23:06:12", "elapsed": 29.619386, "delta": 0.825166}}
{"target": 7.382062974718728, "params": {"u": 1.065556925339927, "x": -0.9911752540670067, "y": 3.6736670718230098}, "datetime": {"datetime": "2024-02-27 23:06:13", "elapsed": 30.72983, "delta": 1.110444}}
{"target": 19.861047124613453, "params": {"u": 2.0, "x": 0.3727638332598081, "y": -3.6608357044728144}, "datetime": {"datetime": "2024-02-27 23:06:14", "elapsed": 31.350662, "delta": 0.620832}}
{"target": 3.9296079068733114, "params": {"u": 1.9816085373694396, "x": 1.438694355555326, "y": 1.8005220185071913}, "datetime": {"datetime": "2024-02-27 23:06:15", "elapsed": 32.276523, "delta": 0.925861}}
{"target": 17.3305092256946, "params": {"u": 2.0, "x": 1.2920877579736616, "y": 3.256854933495148}, "datetime": {"datetime": "2024-02-27 23:06:17", "elapsed": 33.873805, "delta": 1.597282}}
{"target": -2.6155322108647887, "params": {"u": 0.0, "x": 0.9030104128637462, "y": -5.0}, "datetime": {"datetime": "2024-02-27 23:06:18", "elapsed": 35.039012, "delta": 1.165207}}
{"target": 7.014356357003159, "params": {"u": 1.9884516725257086, "x": -0.46697778847478855, "y": -3.819454238328701}, "datetime": {"datetime": "2024-02-27 23:06:19", "elapsed": 35.955176, "delta": 0.916164}}
{"target": 7.401355290655488, "params": {"u": 1.987940573540968, "x": -0.9797086978429368, "y": -3.0505741610448442}, "datetime": {"datetime": "2024-02-27 23:06:19", "elapsed": 36.325593, "delta": 0.370417}}
{"target": 8.568016320711799, "params": {"u": 1.271891270562188, "x": 0.2094647146122166, "y": -4.8415925728009075}, "datetime": {"datetime": "2024-02-27 23:06:20", "elapsed": 36.944591, "delta": 0.618998}}
{"target": -19.706761422979262, "params": {"u": 0.19907188497116168, "x": 2.782637106076407, "y": 1.573983439521303}, "datetime": {"datetime": "2024-02-27 23:06:21", "elapsed": 37.920818, "delta": 0.976227}}
{"target": 1.1745597385597435, "params": {"u": 1.3577763712902569, "x": 2.7150892436706435, "y": -3.0532650534760233}, "datetime": {"datetime": "2024-02-27 23:06:22", "elapsed": 39.005238, "delta": 1.08442}}
{"target": 1.0206586617886906, "params": {"u": 1.9100501824367089, "x": 2.6523147599906163, "y": 4.989477024365156}, "datetime": {"datetime": "2024-02-27 23:06:23", "elapsed": 39.854237, "delta": 0.848999}}
{"target": -22.62915447289756, "params": {"u": 0.11228039224171327, "x": 1.4507253778134248, "y": 1.8620843117860018}, "datetime": {"datetime": "2024-02-27 23:06:23", "elapsed": 40.374382, "delta": 0.520145}}
{"target": -1.514142668029912, "params": {"u": 0.4220998684126287, "x": -0.9434791842989538, "y": 4.629934463713811}, "datetime": {"datetime": "2024-02-27 23:06:24", "elapsed": 40.83983, "delta": 0.465448}}
{"target": -10.843969555054638, "params": {"u": 0.6907092323678297, "x": 0.262349163285831, "y": 0.5024274974159351}, "datetime": {"datetime": "2024-02-27 23:06:24", "elapsed": 41.571518, "delta": 0.731688}}
{"target": -1.8828764382579308, "params": {"u": 0.8744552126913288, "x": 0.9273877853292682, "y": -2.6939703836428777}, "datetime": {"datetime": "2024-02-27 23:06:25", "elapsed": 42.230076, "delta": 0.658558}}
{"target": -17.73256862919, "params": {"u": 0.5866147520895546, "x": 1.686436188993813, "y": 3.3262142031740503}, "datetime": {"datetime": "2024-02-27 23:06:26", "elapsed": 42.865071, "delta": 0.634995}}
{"target": -19.049519859966946, "params": {"u": 0.9178000180691346, "x": -0.4236099441541583, "y": 2.6151459151493217}, "datetime": {"datetime": "2024-02-27 23:06:26", "elapsed": 43.575166, "delta": 0.710095}}
{"target": -3.7044794508361996, "params": {"u": 0.8550292171768101, "x": -0.8747676909159505, "y": -1.112575585121336}, "datetime": {"datetime": "2024-02-27 23:06:27", "elapsed": 44.124392, "delta": 0.549226}}
{"target": 4.354370273955844, "params": {"u": 1.3519124043652964, "x": 1.3355572550654684, "y": -0.3741210413440612}, "datetime": {"datetime": "2024-02-27 23:06:27", "elapsed": 44.602668, "delta": 0.478276}}
{"target": 7.386897983121106, "params": {"u": 1.416932124275895, "x": -0.9886553603856347, "y": 4.359230495657586}, "datetime": {"datetime": "2024-02-27 23:06:28", "elapsed": 44.995432, "delta": 0.392764}}
{"target": 7.067263876974504, "params": {"u": 1.9917102741122066, "x": 0.4516769492738293, "y": -0.9123890546123645}, "datetime": {"datetime": "2024-02-27 23:06:28", "elapsed": 45.733826, "delta": 0.738394}}
{"target": 8.10893253478839, "params": {"u": 1.4849382627222858, "x": -0.2663185416525806, "y": -2.491559285773474}, "datetime": {"datetime": "2024-02-27 23:06:29", "elapsed": 46.249107, "delta": 0.515281}}
{"target": -20.17686054897343, "params": {"u": 0.3504428792956935, "x": 0.48307367726133776, "y": 4.037300632271384}, "datetime": {"datetime": "2024-02-27 23:06:30", "elapsed": 47.105391, "delta": 0.856284}}
{"target": -15.547613028586273, "params": {"u": 0.9414932708832133, "x": -0.664715993732969, "y": -1.9385957627885118}, "datetime": {"datetime": "2024-02-27 23:06:30", "elapsed": 47.79568, "delta": 0.690289}}
{"target": -15.472120162261426, "params": {"u": 0.0357885270778433, "x": 1.7261570056808586, "y": 3.2124791609065966}, "datetime": {"datetime": "2024-02-27 23:06:31", "elapsed": 48.200142, "delta": 0.404462}}
{"target": 7.098003376751031, "params": {"u": 1.999999999968751, "x": 0.4433689212596262, "y": -0.0026138740000174474}, "datetime": {"datetime": "2024-02-27 23:06:32", "elapsed": 48.909076, "delta": 0.708934}}
{"target": 1.8002186877627189, "params": {"u": 1.423037731090709, "x": 2.8704893777949487, "y": 3.1668969087567014}, "datetime": {"datetime": "2024-02-27 23:06:32", "elapsed": 49.538799, "delta": 0.629723}}
{"target": 7.7294478499741786, "params": {"u": 1.7639682557540013, "x": -0.31998758755435164, "y": -1.9607905161804986}, "datetime": {"datetime": "2024-02-27 23:06:33", "elapsed": 50.115989, "delta": 0.57719}}
{"target": -0.7814661202492346, "params": {"u": 0.2291904153912765, "x": 0.06317324481185116, "y": 1.4612291205141403}, "datetime": {"datetime": "2024-02-27 23:06:34", "elapsed": 50.84817, "delta": 0.732181}}
{"target": -22.922175435119783, "params": {"u": 0.8343213786874355, "x": 1.4660208138033677, "y": 2.886028904892017}, "datetime": {"datetime": "2024-02-27 23:06:34", "elapsed": 51.369338, "delta": 0.521168}}
{"target": 7.080900437537803, "params": {"u": 1.8600718756083616, "x": -0.8044574355476519, "y": -0.6874907691764633}, "datetime": {"datetime": "2024-02-27 23:06:35", "elapsed": 52.247759, "delta": 0.878421}}
{"target": -5.25933371368585, "params": {"u": 0.6715556016378159, "x": 0.17086460070225717, "y": -0.6812180976327111}, "datetime": {"datetime": "2024-02-27 23:06:36", "elapsed": 53.493283, "delta": 1.245524}}
{"target": 4.6056930351365715, "params": {"u": 1.496844212158984, "x": 1.97773090367905, "y": 4.20286659634211}, "datetime": {"datetime": "2024-02-27 23:06:37", "elapsed": 54.331202, "delta": 0.837919}}
{"target": 1.7896707579701925, "params": {"u": 1.4310841075229948, "x": 2.8677972492643473, "y": 3.5599370549706766}, "datetime": {"datetime": "2024-02-27 23:06:38", "elapsed": 55.234517, "delta": 0.903315}}
{"target": 6.755936172957256, "params": {"u": 1.325612402677942, "x": -0.6531790248734604, "y": -3.9094348100291434}, "datetime": {"datetime": "2024-02-27 23:06:39", "elapsed": 56.10977, "delta": 0.875253}}
{"target": 6.911311823556648, "params": {"u": 1.9917511402688153, "x": 0.5019246385362122, "y": 0.05388841768941788}, "datetime": {"datetime": "2024-02-27 23:06:40", "elapsed": 56.998949, "delta": 0.889179}}
{"target": 9.898327496403095, "params": {"u": 1.8571623249444087, "x": 0.02840240308045683, "y": -0.7701163786107195}, "datetime": {"datetime": "2024-02-27 23:06:40", "elapsed": 57.428129, "delta": 0.42918}}
{"target": 8.577713315771437, "params": {"u": 1.0223554771497294, "x": 0.20831524876140195, "y": 1.532894758531027}, "datetime": {"datetime": "2024-02-27 23:06:41", "elapsed": 58.233022, "delta": 0.804893}}
{"target": -2.407387920792935, "params": {"u": 0.6770647614053744, "x": -0.1124705392595935, "y": -1.2078360721605397}, "datetime": {"datetime": "2024-02-27 23:06:42", "elapsed": 58.891821, "delta": 0.658799}}
{"target": -12.391478138746912, "params": {"u": 0.8133882853178189, "x": 0.2870845036148548, "y": 2.7778875025268803}, "datetime": {"datetime": "2024-02-27 23:06:42", "elapsed": 59.415273, "delta": 0.523452}}
{"target": 8.107907626245417, "params": {"u": 1.8288897367874275, "x": 0.26645307988647726, "y": 3.793423878723983}, "datetime": {"datetime": "2024-02-27 23:06:43", "elapsed": 59.990808, "delta": 0.575535}}
{"target": 5.339366079651828, "params": {"u": 1.9751991756201919, "x": 1.1870102000328249, "y": -2.123343263818093}, "datetime": {"datetime": "2024-02-27 23:06:43", "elapsed": 60.670592, "delta": 0.679784}}
{"target": -17.91712047531255, "params": {"u": 0.5647516433852808, "x": 1.6830344419042782, "y": -2.555146513530117}, "datetime": {"datetime": "2024-02-27 23:06:44", "elapsed": 61.114683, "delta": 0.444091}}
{"target": 7.339410596417309, "params": {"u": 1.9768935244927155, "x": 0.38811361769870345, "y": -0.9631192560150827}, "datetime": {"datetime": "2024-02-27 23:06:45", "elapsed": 62.301646, "delta": 1.186963}}
{"target": -19.3453825704704, "params": {"u": 0.7788335872027863, "x": -0.5710769038386294, "y": 4.431320385393322}, "datetime": {"datetime": "2024-02-27 23:06:46", "elapsed": 63.341804, "delta": 1.040158}}
{"target": 8.874846593433485, "params": {"u": 1.9812185043182406, "x": -0.17345901290486765, "y": -4.953702512440186}, "datetime": {"datetime": "2024-02-27 23:06:47", "elapsed": 64.264336, "delta": 0.922532}}
{"target": 9.71296730553362, "params": {"u": 1.9871364727013183, "x": 0.06409100255801592, "y": 2.2689928016641563}, "datetime": {"datetime": "2024-02-27 23:06:48", "elapsed": 65.200505, "delta": 0.936169}}
{"target": -17.422139038020358, "params": {"u": 0.022496284620689755, "x": 2.8253694023773424, "y": 3.958524706410021}, "datetime": {"datetime": "2024-02-27 23:06:48", "elapsed": 65.770092, "delta": 0.569587}}
{"target": 3.7574282513791992, "params": {"u": 1.3330998280613413, "x": 1.5138494995916711, "y": -4.586305454667253}, "datetime": {"datetime": "2024-02-27 23:06:49", "elapsed": 66.130573, "delta": 0.360481}}
