{"target": 3.933423009207885, "params": {"u": 7.443195024076669, "v": 12.131891904032678, "w": 9.199652476931787, "x": 2.4346535469875366, "y": 2.207162472157681}, "datetime": {"datetime": "2024-02-25 09:59:42", "elapsed": 486.767754, "delta": 3.530241}}
{"target": 4.575775707862069, "params": {"u": 6.955529784647928, "v": 12.651700272961845, "w": 11.128421990069784, "x": 2.312256723895385, "y": 2.2358377072533315}, "datetime": {"datetime": "2024-02-25 09:59:44", "elapsed": 488.695472, "delta": 1.927718}}
{"target": 4.448346135802764, "params": {"u": 6.8272674576372285, "v": 12.284536900178828, "w": 10.772143312334295, "x": 2.320811298378725, "y": 2.190409690473147}, "datetime": {"datetime": "2024-02-25 09:59:46", "elapsed": 490.546553, "delta": 1.851081}}
{"target": 4.652235343331664, "params": {"u": 6.598938122197287, "v": 12.649523335570214, "w": 11.224488351644673, "x": 1.9395726514400928, "y": 1.7898469738071756}, "datetime": {"datetime": "2024-02-25 09:59:49", "elapsed": 493.437322, "delta": 2.890769}}
{"target": 4.391126999531967, "params": {"u": 6.985176268214243, "v": 12.358356688143273, "w": 9.298964120151073, "x": 2.0051905137940516, "y": 1.6891280540473024}, "datetime": {"datetime": "2024-02-25 09:59:54", "elapsed": 498.561471, "delta": 5.124149}}
{"target": 4.767763552638202, "params": {"u": 7.099611292573606, "v": 12.559841993966177, "w": 10.811587620918427, "x": 2.109052030247695, "y": 1.9884715077947246}, "datetime": {"datetime": "2024-02-25 09:59:58", "elapsed": 502.493863, "delta": 3.932392}}
{"target": 0.1113638284888408, "params": {"u": 6.68523689397618, "v": 11.942432213094534, "w": 11.70177127937651, "x": 2.4915971520556526, "y": 2.1850361997482355}, "datetime": {"datetime": "2024-02-25 10:00:01", "elapsed": 505.398094, "delta": 2.904231}}
{"target": 4.496667636717881, "params": {"u": 7.098336562973112, "v": 12.852791778740883, "w": 11.624333158720539, "x": 2.2323320263347908, "y": 2.0426758953400466}, "datetime": {"datetime": "2024-02-25 10:00:04", "elapsed": 508.696268, "delta": 3.298174}}
{"target": 0.29747405311511693, "params": {"u": 7.1566094569765735, "v": 12.273346487260898, "w": 8.975922546929663, "x": 2.6621736182643136, "y": 1.1924604893202877}, "datetime": {"datetime": "2024-02-25 10:00:08", "elapsed": 512.991316, "delta": 4.295048}}
{"target": 2.850409224403624, "params": {"u": 6.363394055754471, "v": 12.13473868045142, "w": 11.671390616217664, "x": 1.3137150085334994, "y": 1.1716232327847038}, "datetime": {"datetime": "2024-02-25 10:00:12", "elapsed": 517.083264, "delta": 4.091948}}
{"target": 4.427945733968577, "params": {"u": 6.970212648464898, "v": 12.660358105420066, "w": 10.557726682311833, "x": 2.0490872249741945, "y": 2.4535568168327}, "datetime": {"datetime": "2024-02-25 10:00:17", "elapsed": 521.722937, "delta": 4.639673}}
{"target": 3.2725664656795437, "params": {"u": 6.338531509155839, "v": 12.6961689522469, "w": 11.616320399610526, "x": 1.599838896286121, "y": 1.0300639824931241}, "datetime": {"datetime": "2024-02-25 10:00:19", "elapsed": 524.139761, "delta": 2.416824}}
{"target": 3.7182232167565212, "params": {"u": 6.560337006711846, "v": 12.28485316369308, "w": 11.132688969970163, "x": 1.5638654546271964, "y": 1.4423670417323056}, "datetime": {"datetime": "2024-02-25 10:00:24", "elapsed": 528.787893, "delta": 4.648132}}
{"target": 0.07426449431675812, "params": {"u": 6.419462973489571, "v": 12.453754140296393, "w": 8.49849704741632, "x": 1.5556368963373972, "y": 1.541292777805591}, "datetime": {"datetime": "2024-02-25 10:00:27", "elapsed": 531.397273, "delta": 2.60938}}
{"target": 4.848726890777579, "params": {"u": 7.3961364353912185, "v": 12.385217836545472, "w": 11.520842146748091, "x": 2.292383815646943, "y": 2.379866386547587}, "datetime": {"datetime": "2024-02-25 10:00:29", "elapsed": 533.850034, "delta": 2.452761}}
{"target": 1.1828340140092517, "params": {"u": 7.545430111031704, "v": 12.287543965392388, "w": 11.149857644693803, "x": 3.0412718272967716, "y": 2.286876282545058}, "datetime": {"datetime": "2024-02-25 10:00:35", "elapsed": 539.971937, "delta": 6.121903}}
{"target": 3.6748133500349223, "params": {"u": 6.006118540328375, "v": 12.51862730075635, "w": 11.849649111103032, "x": 1.5382688760231433, "y": 1.4732927546367947}, "datetime": {"datetime": "2024-02-25 10:00:38", "elapsed": 542.964706, "delta": 2.992769}}
{"target": 3.568620884656142, "params": {"u": 6.497080171742699, "v": 12.634142971726805, "w": 11.405330430626353, "x": 1.6725602498509324, "y": 2.132488293631132}, "datetime": {"datetime": "2024-02-25 10:00:42", "elapsed": 546.59111, "delta": 3.626404}}
{"target": 3.911932348219104, "params": {"u": 6.3933653661519, "v": 12.791917117964424, "w": 10.38213567935866, "x": 2.478483226677252, "y": 2.2981442326078496}, "datetime": {"datetime": "2024-02-25 10:00:46", "elapsed": 550.398832, "delta": 3.807722}}
{"target": 0.07655070841848463, "params": {"u": 7.9508951931256355, "v": 11.893856556263136, "w": 9.65842071899755, "x": 2.30701577727387, "y": 2.0865332100915515}, "datetime": {"datetime": "2024-02-25 10:00:50", "elapsed": 554.473152, "delta": 4.07432}}
{"target": 4.871993348891402, "params": {"u": 6.441687705379948, "v": 12.632289095054581, "w": 10.680638601547589, "x": 1.9113757415181354, "y": 2.019499106148132}, "datetime": {"datetime": "2024-02-25 10:00:56", "elapsed": 560.540441, "delta": 6.067289}}
{"target": 4.2241140845043725, "params": {"u": 6.22642328268103, "v": 12.816666831786579, "w": 10.944792614595617, "x": 1.772367358492798, "y": 1.5481738528271094}, "datetime": {"datetime": "2024-02-25 10:01:00", "elapsed": 564.526243, "delta": 3.985802}}
{"target": 3.6764775133718683, "params": {"u": 7.305457578818188, "v": 12.916836946957094, "w": 11.236264472503624, "x": 2.4038758066819956, "y": 2.029386516809333}, "datetime": {"datetime": "2024-02-25 10:01:02", "elapsed": 566.864987, "delta": 2.338744}}
{"target": 4.052739342437988, "params": {"u": 7.676728241025645, "v": 12.502723696303931, "w": 10.872366184613194, "x": 1.889147946966538, "y": 1.4446944770198533}, "datetime": {"datetime": "2024-02-25 10:01:06", "elapsed": 571.309482, "delta": 4.444495}}
{"target": 3.507824386829977, "params": {"u": 6.330288273273768, "v": 12.763422967993275, "w": 11.180252531252663, "x": 1.5020275745318266, "y": 1.780517383842013}, "datetime": {"datetime": "2024-02-25 10:01:16", "elapsed": 580.741228, "delta": 9.431746}}
{"target": -0.31699028220646736, "params": {"u": 7.801471492263115, "v": 12.785673700459373, "w": 12.148526442576385, "x": 1.6968060832861291, "y": 2.0171241016533146}, "datetime": {"datetime": "2024-02-25 10:01:22", "elapsed": 586.562506, "delta": 5.821278}}
{"target": 4.284796664058187, "params": {"u": 6.229166363238703, "v": 12.921382545209392, "w": 11.583828375755223, "x": 2.0756391653021438, "y": 1.7117912676445424}, "datetime": {"datetime": "2024-02-25 10:01:26", "elapsed": 590.47293, "delta": 3.910424}}
{"target": 4.897462508108465, "params": {"u": 7.322248394056706, "v": 12.19926313984452, "w": 9.538521396155929, "x": 2.076102565404333, "y": 2.029758296325954}, "datetime": {"datetime": "2024-02-25 10:01:30", "elapsed": 594.589402, "delta": 4.116472}}
{"target": 3.3409487628739307, "params": {"u": 6.893627690135186, "v": 12.304226885304598, "w": 10.925013868128024, "x": 2.1438578129196406, "y": 1.3604553925147196}, "datetime": {"datetime": "2024-02-25 10:01:33", "elapsed": 598.068505, "delta": 3.479103}}
{"target": 2.3838495923385317, "params": {"u": 6.255924712152369, "v": 12.33521548852681, "w": 10.554099087131988, "x": 1.843877605235337, "y": 0.35027703955875467}, "datetime": {"datetime": "2024-02-25 10:01:37", "elapsed": 602.058148, "delta": 3.989643}}
{"target": 1.6054909970817102, "params": {"u": 6.08148882601812, "v": 12.989365869369607, "w": 11.26851418180186, "x": 1.8836968720271106, "y": 2.5819529019030316}, "datetime": {"datetime": "2024-02-25 10:01:41", "elapsed": 605.813075, "delta": 3.754927}}
{"target": 0.3095497873639969, "params": {"u": 6.189019128606297, "v": 12.601120960001055, "w": 12.590760685763918, "x": 1.2866059828495355, "y": 1.2357043777506775}, "datetime": {"datetime": "2024-02-25 10:01:45", "elapsed": 610.216253, "delta": 4.403178}}
{"target": 5.040104411913522, "params": {"u": 6.593955419697198, "v": 12.394671170699866, "w": 10.306542030865561, "x": 2.139661789142209, "y": 2.2932560737755825}, "datetime": {"datetime": "2024-02-25 10:01:49", "elapsed": 613.4404, "delta": 3.224147}}
{"target": 4.845822757992873, "params": {"u": 6.442310956843206, "v": 12.4608897555626, "w": 10.769840253285455, "x": 2.2945774199930584, "y": 2.5070470044714184}, "datetime": {"datetime": "2024-02-25 10:01:51", "elapsed": 615.852086, "delta": 2.411686}}
{"target": 4.4894090059157135, "params": {"u": 6.458321685302803, "v": 12.311541665038737, "w": 10.725526364120725, "x": 1.7743533682772732, "y": 1.765906669417175}, "datetime": {"datetime": "2024-02-25 10:01:55", "elapsed": 619.860699, "delta": 4.008613}}
{"target": 4.954175612674219, "params": {"u": 6.012263892036758, "v": 12.15066013927543, "w": 10.536914176210658, "x": 2.226600290356753, "y": 2.320525768991327}, "datetime": {"datetime": "2024-02-25 10:01:58", "elapsed": 622.441472, "delta": 2.580773}}
{"target": 4.391461903465208, "params": {"u": 6.894122031209797, "v": 12.664710524817805, "w": 10.683706446314693, "x": 1.9156778601594668, "y": 1.6340170049968432}, "datetime": {"datetime": "2024-02-25 10:02:01", "elapsed": 625.480935, "delta": 3.039463}}
{"target": 4.603022491993415, "params": {"u": 6.084269091714908, "v": 12.896082104052947, "w": 10.387751222713783, "x": 1.8937135885589549, "y": 1.7543044964387657}, "datetime": {"datetime": "2024-02-25 10:02:04", "elapsed": 628.821233, "delta": 3.340298}}
{"target": 3.6172056988377084, "params": {"u": 6.884749466163205, "v": 12.9741214847455, "w": 10.662152235387069, "x": 2.7225667497873283, "y": 2.7834877676207475}, "datetime": {"datetime": "2024-02-25 10:02:08", "elapsed": 632.962907, "delta": 4.141674}}
{"target": 3.693819577910468, "params": {"u": 7.894090263790302, "v": 12.15000405151207, "w": 11.123386276955248, "x": 1.7148291158507027, "y": 1.2401907507732064}, "datetime": {"datetime": "2024-02-25 10:02:12", "elapsed": 636.876991, "delta": 3.914084}}
{"target": 2.618702912365381, "params": {"u": 7.282704593439807, "v": 12.352913655090743, "w": 10.69546551399101, "x": 1.8555707354601774, "y": 0.5519399318562698}, "datetime": {"datetime": "2024-02-25 10:02:19", "elapsed": 644.267119, "delta": 7.390128}}
{"target": 2.8685786309723795, "params": {"u": 6.051768702575267, "v": 12.19062762592161, "w": 9.3586176422485, "x": 1.4489090886309142, "y": 0.8792212502056044}, "datetime": {"datetime": "2024-02-25 10:02:22", "elapsed": 647.060028, "delta": 2.792909}}
{"target": 4.730281871986169, "params": {"u": 6.267330995894172, "v": 12.209103330894482, "w": 10.834558373384132, "x": 1.9721356380416633, "y": 2.287392330166049}, "datetime": {"datetime": "2024-02-25 10:02:25", "elapsed": 650.203234, "delta": 3.143206}}
{"target": 4.62483433226506, "params": {"u": 7.054652169053454, "v": 12.183429017400375, "w": 11.909492958577651, "x": 1.808852433366285, "y": 1.9823450052949783}, "datetime": {"datetime": "2024-02-25 10:02:28", "elapsed": 653.249344, "delta": 3.04611}}
{"target": 4.278181045640706, "params": {"u": 7.078598613102284, "v": 12.224206794989323, "w": 11.742202658812499, "x": 1.6951166132995592, "y": 1.8733254727674848}, "datetime": {"datetime": "2024-02-25 10:02:30", "elapsed": 655.085093, "delta": 1.835749}}
{"target": 4.286099004716726, "params": {"u": 7.358060622433813, "v": 12.332817866944268, "w": 11.651552346912396, "x": 2.1858034270406743, "y": 1.8690860349906677}, "datetime": {"datetime": "2024-02-25 10:02:34", "elapsed": 658.97835, "delta": 3.893257}}
{"target": 0.22064165726670207, "params": {"u": 5.726287678127511, "v": 12.791511706446986, "w": 11.109118060541453, "x": 1.452932525553733, "y": 1.318735294056906}, "datetime": {"datetime": "2024-02-25 10:02:37", "elapsed": 661.67499, "delta": 2.69664}}
{"target": 0.2893749144883805, "params": {"u": 5.2559691440801295, "v": 12.146523496007422, "w": 9.414047605594934, "x": 2.087651084511555, "y": 0.11899763015297782}, "datetime": {"datetime": "2024-02-25 10:02:42", "elapsed": 666.974121, "delta": 5.299131}}
{"target": 4.367361229035277, "params": {"u": 6.316746311486625, "v": 12.313645805681134, "w": 11.762461992386179, "x": 1.7808842935591787, "y": 1.6433169501617662}, "datetime": {"datetime": "2024-02-25 10:02:45", "elapsed": 669.892767, "delta": 2.918646}}
{"target": 4.56964030629002, "params": {"u": 6.751509399732143, "v": 12.65174797445044, "w": 11.960496648748222, "x": 1.9213910774961862, "y": 1.7357887738174393}, "datetime": {"datetime": "2024-02-25 10:02:51", "elapsed": 675.372199, "delta": 5.479432}}
{"target": 3.426223806656261, "params": {"u": 6.800805564754347, "v": 12.646821997591335, "w": 11.703443879129793, "x": 2.490248466124504, "y": 2.117259728059903}, "datetime": {"datetime": "2024-02-25 10:02:56", "elapsed": 680.403096, "delta": 5.030897}}
{"target": 3.155039769116601, "params": {"u": 7.644863705844169, "v": 12.723825078820388, "w": 9.560504659375223, "x": 1.7537150665010623, "y": 0.8937129600782135}, "datetime": {"datetime": "2024-02-25 10:03:00", "elapsed": 685.296226, "delta": 4.89313}}
{"target": 4.001151523075683, "params": {"u": 6.304078511253101, "v": 12.705427999266124, "w": 11.386062159063975, "x": 1.8355131582077129, "y": 1.4027743961275543}, "datetime": {"datetime": "2024-02-25 10:03:05", "elapsed": 689.474093, "delta": 4.177867}}
{"target": 3.0639529616825167, "params": {"u": 6.013163057844123, "v": 12.287547173754916, "w": 11.857552873164003, "x": 1.9954700241807308, "y": 0.9902301652336484}, "datetime": {"datetime": "2024-02-25 10:03:10", "elapsed": 694.962219, "delta": 5.488126}}
{"target": 4.508031472893538, "params": {"u": 6.35301278798487, "v": 12.2869555779992, "w": 10.814119988130578, "x": 2.293880327581989, "y": 2.1640795300674798}, "datetime": {"datetime": "2024-02-25 10:03:13", "elapsed": 698.208406, "delta": 3.246187}}
{"target": 2.5922171264810543, "params": {"u": 6.798148018719369, "v": 12.562990937274849, "w": 9.59891102723914, "x": 1.8691322586931314, "y": 0.5410305214487904}, "datetime": {"datetime": "2024-02-25 10:03:17", "elapsed": 702.272927, "delta": 4.064521}}
{"target": -0.07045205361517083, "params": {"u": 5.295641513312555, "v": 12.42277513134388, "w": 12.213720799931519, "x": 2.4770043304060394, "y": 1.7393671776077575}, "datetime": {"datetime": "2024-02-25 10:03:22", "elapsed": 706.976378, "delta": 4.703451}}
{"target": 2.759987451400503, "params": {"u": 8.063643801441067, "v": 12.617424636252778, "w": 11.420680131320854, "x": 1.3985667958624288, "y": 0.8573488444499928}, "datetime": {"datetime": "2024-02-25 10:03:24", "elapsed": 708.717161, "delta": 1.740783}}
{"target": 3.6180878984458302, "params": {"u": 6.959227140741058, "v": 12.21179352084429, "w": 11.911584506831273, "x": 1.9217008897481014, "y": 1.2342097504368112}, "datetime": {"datetime": "2024-02-25 10:03:27", "elapsed": 711.684957, "delta": 2.967796}}
{"target": 1.5303568549841757, "params": {"u": 6.7047868349900135, "v": 12.901528388867277, "w": 11.021407954331302, "x": 3.228555518755233, "y": 3.04756923262669}, "datetime": {"datetime": "2024-02-25 10:03:33", "elapsed": 717.344589, "delta": 5.659632}}
{"target": -0.24458033571645815, "params": {"u": 5.729346368404768, "v": 12.458982901473238, "w": 11.045218217216366, "x": 2.7476989274719297, "y": 2.3281147656165344}, "datetime": {"datetime": "2024-02-25 10:03:41", "elapsed": 725.901577, "delta": 8.556988}}
{"target": 2.4608138360209137, "params": {"u": 7.327775940467372, "v": 12.208902964266251, "w": 11.599238319883277, "x": 1.5113611499410904, "y": 0.448609881899956}, "datetime": {"datetime": "2024-02-25 10:03:45", "elapsed": 729.640912, "delta": 3.739335}}
{"target": 4.191798941376465, "params": {"u": 8.260165522425032, "v": 12.893439480000206, "w": 9.406734266009254, "x": 2.3656596196456046, "y": 2.167930166414114}, "datetime": {"datetime": "2024-02-25 10:03:51", "elapsed": 735.697273, "delta": 6.056361}}
{"target": 0.4301941542415006, "params": {"u": 6.177312818689471, "v": 12.13470386567199, "w": 10.580684697164154, "x": 1.8619528899965467, "y": 2.638656466187769}, "datetime": {"datetime": "2024-02-25 10:03:59", "elapsed": 743.353184, "delta": 7.655911}}
{"target": -0.008550258556728793, "params": {"u": 7.536922280860378, "v": 11.462097580112994, "w": 10.950299902133795, "x": 1.7064362764302552, "y": 1.2832364666194949}, "datetime": {"datetime": "2024-02-25 10:04:03", "elapsed": 748.000621, "delta": 4.647437}}
{"target": 3.520767449437569, "params": {"u": 6.962141829490591, "v": 12.712287259334223, "w": 11.252260334777596, "x": 2.1081031031184754, "y": 2.6316716056995997}, "datetime": {"datetime": "2024-02-25 10:04:09", "elapsed": 754.15135, "delta": 6.150729}}
{"target": 3.3580324855716417, "params": {"u": 6.424598942695074, "v": 12.789023740743211, "w": 10.785891885719826, "x": 2.2645395058537514, "y": 1.5920767363437263}, "datetime": {"datetime": "2024-02-25 10:04:14", "elapsed": 758.986187, "delta": 4.834837}}
{"target": 0.34126261592464063, "params": {"u": 8.122201062098727, "v": 12.661413453521925, "w": 8.816080219755326, "x": 2.0875650227161247, "y": 2.120093119249666}, "datetime": {"datetime": "2024-02-25 10:04:21", "elapsed": 765.968628, "delta": 6.982441}}
{"target": 0.07308958825405941, "params": {"u": 6.811795942670301, "v": 11.508931919688134, "w": 12.70745746817974, "x": 1.3954763993424755, "y": 1.919457706821862}, "datetime": {"datetime": "2024-02-25 10:04:26", "elapsed": 770.817731, "delta": 4.849103}}
{"target": -0.22354665118155614, "params": {"u": 5.917323771970812, "v": 12.303780595110334, "w": 10.713090090000591, "x": 2.2128221002137014, "y": 1.8347362203778186}, "datetime": {"datetime": "2024-02-25 10:04:29", "elapsed": 773.804243, "delta": 2.986512}}
{"target": 4.938541934412372, "params": {"u": 6.0921390197687595, "v": 12.56885596276378, "w": 10.283953701527778, "x": 2.2377098769638675, "y": 2.32990313108685}, "datetime": {"datetime": "2024-02-25 10:04:38", "elapsed": 783.056992, "delta": 9.252749}}
{"target": 3.912901311993411, "params": {"u": 6.498237885700207, "v": 12.395071714734359, "w": 11.74220725615637, "x": 1.8008848329248976, "y": 1.3515936355210272}, "datetime": {"datetime": "2024-02-25 10:04:42", "elapsed": 786.736927, "delta": 3.679935}}
{"target": 3.0546809151171717, "params": {"u": 7.035307202446468, "v": 12.485747983156616, "w": 11.500872298087877, "x": 1.3763718361714719, "y": 1.2300253461998103}, "datetime": {"datetime": "2024-02-25 10:04:48", "elapsed": 792.565356, "delta": 5.828429}}
{"target": 2.732996739052177, "params": {"u": 8.676776649524466, "v": 12.612874323371592, "w": 11.377575624964106, "x": 1.9395323477507578, "y": 0.7095076577719761}, "datetime": {"datetime": "2024-02-25 10:04:51", "elapsed": 796.062189, "delta": 3.496833}}
{"target": 1.5790108638447522, "params": {"u": 8.305905281286435, "v": 12.747783097345664, "w": 10.48598296970677, "x": 2.4873179230536087, "y": 0.9385913684223666}, "datetime": {"datetime": "2024-02-25 10:04:55", "elapsed": 800.032738, "delta": 3.970549}}
{"target": 2.2753226872082926, "params": {"u": 7.877905396452016, "v": 12.81912081476674, "w": 10.859861759010197, "x": 1.5768692090073217, "y": 0.2281999337791504}, "datetime": {"datetime": "2024-02-25 10:04:58", "elapsed": 802.62194, "delta": 2.589202}}
{"target": -0.10946230293946903, "params": {"u": 8.57154957705936, "v": 11.769168957121094, "w": 11.673580144516258, "x": 2.4421571007704337, "y": 0.9120885621326829}, "datetime": {"datetime": "2024-02-25 10:05:02", "elapsed": 807.198985, "delta": 4.577045}}
{"target": 0.5144361180875572, "params": {"u": 9.31353533928965, "v": 12.95224972233784, "w": 9.65160096948699, "x": 3.0722548601116415, "y": 2.1042425289376054}, "datetime": {"datetime": "2024-02-25 10:05:06", "elapsed": 810.811119, "delta": 3.612134}}
{"target": 2.23785040871652, "params": {"u": 6.338830887401258, "v": 12.796125793628608, "w": 11.687575025543712, "x": 2.29314248872306, "y": 0.984378649735564}, "datetime": {"datetime": "2024-02-25 10:05:11", "elapsed": 816.110943, "delta": 5.299824}}
{"target": 3.072084803538832, "params": {"u": 7.962880483801527, "v": 12.770416144409975, "w": 9.530706431998556, "x": 2.389001766606218, "y": 1.7209249457155629}, "datetime": {"datetime": "2024-02-25 10:05:15", "elapsed": 819.808597, "delta": 3.697654}}
{"target": -0.10803146683549807, "params": {"u": 7.025454603356595, "v": 11.98526563186315, "w": 10.168163000412234, "x": 2.1905495143407627, "y": 2.179304788899175}, "datetime": {"datetime": "2024-02-25 10:05:20", "elapsed": 825.203075, "delta": 5.394478}}
{"target": 0.11597261512032314, "params": {"u": 7.413635731150614, "v": 11.969449997868342, "w": 9.795853660587719, "x": 1.1043027537431946, "y": 0.10683939840592394}, "datetime": {"datetime": "2024-02-25 10:05:24", "elapsed": 828.769003, "delta": 3.565928}}
{"target": 3.9948185466894595, "params": {"u": 7.714006347806787, "v": 12.98446604364073, "w": 10.2036620276471, "x": 1.8076835401205669, "y": 1.3981564373219009}, "datetime": {"datetime": "2024-02-25 10:05:28", "elapsed": 833.066191, "delta": 4.297188}}
{"target": 0.08978705202314156, "params": {"u": 7.405501782757704, "v": 12.711746022602478, "w": 12.333739768774349, "x": 1.9325137535054657, "y": 1.162014963487724}, "datetime": {"datetime": "2024-02-25 10:05:31", "elapsed": 835.345401, "delta": 2.27921}}
{"target": 3.8769724638786487, "params": {"u": 6.4302077880477055, "v": 12.907192981960378, "w": 10.972645940718705, "x": 2.327802526583925, "y": 1.9538208286931253}, "datetime": {"datetime": "2024-02-25 10:05:34", "elapsed": 838.454619, "delta": 3.109218}}
