{"target": -2.3677191482550612, "params": {"colsample_bytree": 0.21456364592463234, "learning_rate": 0.028174623096766733, "max_bin_exp": 8.561596068230095, "max_depth": 3.2368638081970937, "n_estimators": 1449.4468468036996, "reg_alpha": 2.68898436902359, "reg_lambda": 2.948613707572552}, "datetime": {"datetime": "2024-02-19 18:38:52", "elapsed": 1341.455376, "delta": 1.940425}}
{"target": -0.6452960062908281, "params": {"colsample_bytree": 1.0, "learning_rate": 0.5, "max_bin_exp": 8.456333862563124, "max_depth": 6.0, "n_estimators": 756.1377589455103, "reg_alpha": 0.0, "reg_lambda": 2.538080375735304}, "datetime": {"datetime": "2024-02-19 18:38:55", "elapsed": 1344.341024, "delta": 2.885648}}
{"target": -0.6501152798272717, "params": {"colsample_bytree": 1.0, "learning_rate": 0.5, "max_bin_exp": 7.515081106744383, "max_depth": 6.0, "n_estimators": 751.9723619108945, "reg_alpha": 0.0, "reg_lambda": 3.0}, "datetime": {"datetime": "2024-02-19 18:38:59", "elapsed": 1347.853129, "delta": 3.512105}}
{"target": -0.6696537416980234, "params": {"colsample_bytree": 0.43553226850655186, "learning_rate": 0.3267352342311652, "max_bin_exp": 9.852548035631454, "max_depth": 5.612649788184251, "n_estimators": 4144.300370149647, "reg_alpha": 2.0461461890369312, "reg_lambda": 0.2730384315593628}, "datetime": {"datetime": "2024-02-19 18:39:05", "elapsed": 1353.998812, "delta": 6.145683}}
{"target": -0.6497799513123823, "params": {"colsample_bytree": 1.0, "learning_rate": 0.5, "max_bin_exp": 7.022462295680925, "max_depth": 6.0, "n_estimators": 886.6763557421726, "reg_alpha": 3.0, "reg_lambda": 3.0}, "datetime": {"datetime": "2024-02-19 18:39:08", "elapsed": 1356.720321, "delta": 2.721509}}
{"target": -0.7134052439905543, "params": {"colsample_bytree": 0.5641177405532227, "learning_rate": 0.28373609676853506, "max_bin_exp": 7.7063788625467495, "max_depth": 5.667658423877824, "n_estimators": 594.5465322595219, "reg_alpha": 2.8236645022752587, "reg_lambda": 0.09231446692393463}, "datetime": {"datetime": "2024-02-19 18:39:10", "elapsed": 1359.252841, "delta": 2.53252}}
{"target": -0.6474261246983873, "params": {"colsample_bytree": 0.8799133618775021, "learning_rate": 0.24124582532454578, "max_bin_exp": 9.811937735244763, "max_depth": 5.712857351902749, "n_estimators": 2334.1965546464576, "reg_alpha": 0.31439583519085346, "reg_lambda": 0.613492184023072}, "datetime": {"datetime": "2024-02-19 18:39:14", "elapsed": 1363.034925, "delta": 3.782084}}
{"target": -0.6150919090807438, "params": {"colsample_bytree": 0.7344425166259805, "learning_rate": 0.17943225126033774, "max_bin_exp": 9.856727027370358, "max_depth": 5.701686197311676, "n_estimators": 4153.026050679259, "reg_alpha": 0.03278640283987955, "reg_lambda": 2.8339696676305133}, "datetime": {"datetime": "2024-02-19 18:39:21", "elapsed": 1370.159948, "delta": 7.125023}}
{"target": -0.6758105985566738, "params": {"colsample_bytree": 0.9773739225892819, "learning_rate": 0.48037619957604777, "max_bin_exp": 8.925680758338466, "max_depth": 5.664492072707458, "n_estimators": 3914.573079682124, "reg_alpha": 0.8314574548628557, "reg_lambda": 2.5464382853949834}, "datetime": {"datetime": "2024-02-19 18:39:28", "elapsed": 1377.31489, "delta": 7.154942}}
{"target": -0.7056366665515389, "params": {"colsample_bytree": 1.0, "learning_rate": 0.5, "max_bin_exp": 10.0, "max_depth": 4.868838490151086, "n_estimators": 1446.382209357375, "reg_alpha": 0.0, "reg_lambda": 0.27414936018177893}, "datetime": {"datetime": "2024-02-19 18:39:31", "elapsed": 1380.291291, "delta": 2.976401}}
{"target": -0.6957966861898245, "params": {"colsample_bytree": 0.3229921859967127, "learning_rate": 0.06684310733257391, "max_bin_exp": 7.550167723257927, "max_depth": 5.495062098685166, "n_estimators": 883.2577879108022, "reg_alpha": 0.04128494586076792, "reg_lambda": 2.012103534434341}, "datetime": {"datetime": "2024-02-19 18:39:34", "elapsed": 1383.383847, "delta": 3.092556}}
{"target": -1.1187500121402718, "params": {"colsample_bytree": 0.5608123959394651, "learning_rate": 0.2379192227595808, "max_bin_exp": 4.458614090005554, "max_depth": 6.0, "n_estimators": 1089.856782128919, "reg_alpha": 3.0, "reg_lambda": 1.8311792021816629}, "datetime": {"datetime": "2024-02-19 18:39:38", "elapsed": 1387.398905, "delta": 4.015058}}
{"target": -0.9665629983891317, "params": {"colsample_bytree": 0.2, "learning_rate": 0.5, "max_bin_exp": 9.577292743693524, "max_depth": 6.0, "n_estimators": 3918.3447343559187, "reg_alpha": 0.0, "reg_lambda": 1.2214208520012018}, "datetime": {"datetime": "2024-02-19 18:39:45", "elapsed": 1393.930319, "delta": 6.531414}}
{"target": -0.6611863470074153, "params": {"colsample_bytree": 0.8679028791136945, "learning_rate": 0.44357724035950763, "max_bin_exp": 9.109645756648927, "max_depth": 4.65752188022229, "n_estimators": 4737.893633692132, "reg_alpha": 0.27912451286601325, "reg_lambda": 2.6705555513542376}, "datetime": {"datetime": "2024-02-19 18:39:51", "elapsed": 1399.978524, "delta": 6.048205}}
{"target": -0.689300929235495, "params": {"colsample_bytree": 0.9485701682599756, "learning_rate": 0.42610878631226745, "max_bin_exp": 7.585082159764455, "max_depth": 3.661448337257451, "n_estimators": 742.3686647001223, "reg_alpha": 2.314006262124887, "reg_lambda": 2.915748303276829}, "datetime": {"datetime": "2024-02-19 18:39:55", "elapsed": 1403.661582, "delta": 3.683058}}
{"target": -0.7740332993276249, "params": {"colsample_bytree": 1.0, "learning_rate": 0.5, "max_bin_exp": 5.288598287953388, "max_depth": 3.710761016564877, "n_estimators": 1450.9905326286182, "reg_alpha": 0.0, "reg_lambda": 0.0}, "datetime": {"datetime": "2024-02-19 18:39:57", "elapsed": 1405.938763, "delta": 2.277181}}
{"target": -0.9103181214600988, "params": {"colsample_bytree": 0.22330068087278054, "learning_rate": 0.3727239165937046, "max_bin_exp": 8.201942349761971, "max_depth": 5.787372760212155, "n_estimators": 4365.006276794046, "reg_alpha": 2.018580175749937, "reg_lambda": 2.6710360768756685}, "datetime": {"datetime": "2024-02-19 18:40:02", "elapsed": 1411.531337, "delta": 5.592574}}
{"target": -0.9256204599120174, "params": {"colsample_bytree": 0.2850292118142738, "learning_rate": 0.0918784309773478, "max_bin_exp": 7.8034848706800215, "max_depth": 5.994080743859158, "n_estimators": 593.4627505807052, "reg_alpha": 0.21840206083705493, "reg_lambda": 2.7174910296178205}, "datetime": {"datetime": "2024-02-19 18:40:06", "elapsed": 1414.84444, "delta": 3.313103}}
{"target": -0.8767106611567207, "params": {"colsample_bytree": 0.23883059561609432, "learning_rate": 0.4814718292492202, "max_bin_exp": 7.1399929868599035, "max_depth": 3.9088400863662036, "n_estimators": 580.4521876372139, "reg_alpha": 0.3529337868832253, "reg_lambda": 2.561030430866814}, "datetime": {"datetime": "2024-02-19 18:40:08", "elapsed": 1417.528593, "delta": 2.684153}}
{"target": -1.6309056661222927, "params": {"colsample_bytree": 0.5972993742777668, "learning_rate": 0.14010094655145197, "max_bin_exp": 6.45649641215819, "max_depth": 1.7023363124792448, "n_estimators": 4476.876402205342, "reg_alpha": 0.41355384475355195, "reg_lambda": 0.019056461877286157}, "datetime": {"datetime": "2024-02-19 18:40:12", "elapsed": 1420.673915, "delta": 3.145322}}
{"target": -0.7176341513403367, "params": {"colsample_bytree": 0.5035843087503054, "learning_rate": 0.13169630400201932, "max_bin_exp": 6.1265305685720595, "max_depth": 5.949631163243657, "n_estimators": 4735.95863546791, "reg_alpha": 0.1328706482725931, "reg_lambda": 0.49770879689753755}, "datetime": {"datetime": "2024-02-19 18:40:19", "elapsed": 1427.739026, "delta": 7.065111}}
{"target": -0.7690434303950251, "params": {"colsample_bytree": 1.0, "learning_rate": 0.5, "max_bin_exp": 8.688200401388993, "max_depth": 3.304699358909936, "n_estimators": 4735.102191908434, "reg_alpha": 0.0, "reg_lambda": 0.0}, "datetime": {"datetime": "2024-02-19 18:40:23", "elapsed": 1432.489159, "delta": 4.750133}}
{"target": -0.6814439391763405, "params": {"colsample_bytree": 0.8177009094363441, "learning_rate": 0.45257690546147744, "max_bin_exp": 8.4276239517725, "max_depth": 5.783366896754712, "n_estimators": 4489.415944793707, "reg_alpha": 1.5550493841567439, "reg_lambda": 2.587857754543106}, "datetime": {"datetime": "2024-02-19 18:40:30", "elapsed": 1438.9701, "delta": 6.480941}}
{"target": -0.710331057386932, "params": {"colsample_bytree": 0.6204931837830108, "learning_rate": 0.4939872803258859, "max_bin_exp": 9.68301748848614, "max_depth": 5.677085782916038, "n_estimators": 4154.0997105103015, "reg_alpha": 2.788349365056405, "reg_lambda": 0.10184087578318801}, "datetime": {"datetime": "2024-02-19 18:40:37", "elapsed": 1446.398773, "delta": 7.428673}}
{"target": -0.8547085440994291, "params": {"colsample_bytree": 1.0, "learning_rate": 0.5, "max_bin_exp": 5.183977651784933, "max_depth": 4.306202443943543, "n_estimators": 4140.575448889566, "reg_alpha": 0.0, "reg_lambda": 0.0}, "datetime": {"datetime": "2024-02-19 18:40:44", "elapsed": 1453.173057, "delta": 6.774284}}
{"target": -2.4268429144391477, "params": {"colsample_bytree": 0.643030265350765, "learning_rate": 0.22505665372424327, "max_bin_exp": 9.652750151039701, "max_depth": 1.4662581675406323, "n_estimators": 1452.8681267421107, "reg_alpha": 0.41794049146212087, "reg_lambda": 0.1883041734484857}, "datetime": {"datetime": "2024-02-19 18:40:46", "elapsed": 1455.455661, "delta": 2.282604}}
{"target": -0.9118523848016714, "params": {"colsample_bytree": 0.2, "learning_rate": 0.5, "max_bin_exp": 8.18346953197641, "max_depth": 6.0, "n_estimators": 4748.980703952206, "reg_alpha": 0.8902785681691985, "reg_lambda": 0.0}, "datetime": {"datetime": "2024-02-19 18:40:53", "elapsed": 1461.987645, "delta": 6.531984}}
{"target": -0.6603467983506944, "params": {"colsample_bytree": 0.9628252155329071, "learning_rate": 0.20103987612059793, "max_bin_exp": 7.788104501726097, "max_depth": 5.661300675696603, "n_estimators": 4476.001167697263, "reg_alpha": 2.70535828418783, "reg_lambda": 0.8892134018972113}, "datetime": {"datetime": "2024-02-19 18:41:00", "elapsed": 1468.758058, "delta": 6.770413}}
{"target": -0.7139196177590925, "params": {"colsample_bytree": 1.0, "learning_rate": 0.5, "max_bin_exp": 8.048137561036, "max_depth": 4.672740420024993, "n_estimators": 1450.423087388194, "reg_alpha": 1.2577133594019259, "reg_lambda": 0.0}, "datetime": {"datetime": "2024-02-19 18:41:03", "elapsed": 1471.752936, "delta": 2.994878}}
{"target": -0.7813148992673022, "params": {"colsample_bytree": 0.9744479504456323, "learning_rate": 0.43721384096159804, "max_bin_exp": 5.076906867765594, "max_depth": 5.778085913429973, "n_estimators": 1453.797898373727, "reg_alpha": 1.9017898352122895, "reg_lambda": 2.525078929633544}, "datetime": {"datetime": "2024-02-19 18:41:06", "elapsed": 1475.193856, "delta": 3.44092}}
{"target": -3.9514001079449153, "params": {"colsample_bytree": 0.2350885744479693, "learning_rate": 0.04162429563750825, "max_bin_exp": 4.659103118854383, "max_depth": 1.9318833481639577, "n_estimators": 1452.5341420235256, "reg_alpha": 2.912905938079626, "reg_lambda": 0.6769345773688755}, "datetime": {"datetime": "2024-02-19 18:41:08", "elapsed": 1477.560218, "delta": 2.366362}}
{"target": -1.8275169362990675, "params": {"colsample_bytree": 0.2, "learning_rate": 0.5, "max_bin_exp": 5.964417927331137, "max_depth": 5.62926492027416, "n_estimators": 2334.67800862215, "reg_alpha": 3.0, "reg_lambda": 3.0}, "datetime": {"datetime": "2024-02-19 18:41:12", "elapsed": 1481.402831, "delta": 3.842613}}
{"target": -0.6927421700509799, "params": {"colsample_bytree": 1.0, "learning_rate": 0.5, "max_bin_exp": 6.210338963293538, "max_depth": 5.071152033093681, "n_estimators": 2940.6851608044353, "reg_alpha": 0.0, "reg_lambda": 3.0}, "datetime": {"datetime": "2024-02-19 18:41:16", "elapsed": 1485.257732, "delta": 3.854901}}
{"target": -0.7029389243614643, "params": {"colsample_bytree": 1.0, "learning_rate": 0.5, "max_bin_exp": 6.904603365989615, "max_depth": 6.0, "n_estimators": 2342.527111581777, "reg_alpha": 2.8701579109221593, "reg_lambda": 0.18144503341065804}, "datetime": {"datetime": "2024-02-19 18:41:22", "elapsed": 1491.114734, "delta": 5.857002}}
{"target": -4.2693100012594165, "params": {"colsample_bytree": 0.2, "learning_rate": 0.001, "max_bin_exp": 7.176927422325313, "max_depth": 6.0, "n_estimators": 1264.5264090357032, "reg_alpha": 3.0, "reg_lambda": 0.0}, "datetime": {"datetime": "2024-02-19 18:41:26", "elapsed": 1495.249402, "delta": 4.134668}}
{"target": -0.7294455768817679, "params": {"colsample_bytree": 0.8586222348239576, "learning_rate": 0.24394124041291398, "max_bin_exp": 6.062495383283743, "max_depth": 2.13681417008505, "n_estimators": 1260.921716806925, "reg_alpha": 1.8379672406339749, "reg_lambda": 1.2589774041957367}, "datetime": {"datetime": "2024-02-19 18:41:30", "elapsed": 1499.587081, "delta": 4.337679}}
{"target": -0.6447092119924082, "params": {"colsample_bytree": 1.0, "learning_rate": 0.5, "max_bin_exp": 8.296087713038773, "max_depth": 5.7557935616986535, "n_estimators": 1446.1237657296042, "reg_alpha": 0.0, "reg_lambda": 3.0}, "datetime": {"datetime": "2024-02-19 18:41:34", "elapsed": 1503.563389, "delta": 3.976308}}
{"target": -0.885311088062029, "params": {"colsample_bytree": 0.2, "learning_rate": 0.5, "max_bin_exp": 10.0, "max_depth": 2.8408705968515187, "n_estimators": 3916.703932708275, "reg_alpha": 2.766531388669297, "reg_lambda": 0.0}, "datetime": {"datetime": "2024-02-19 18:41:40", "elapsed": 1508.788584, "delta": 5.225195}}
{"target": -0.6281217581170552, "params": {"colsample_bytree": 0.6916889509132946, "learning_rate": 0.07509612787922867, "max_bin_exp": 7.026009803164992, "max_depth": 5.987258196946421, "n_estimators": 758.3568190397759, "reg_alpha": 2.9460171051571007, "reg_lambda": 2.7966630425302403}, "datetime": {"datetime": "2024-02-19 18:41:44", "elapsed": 1512.650792, "delta": 3.862208}}
{"target": -1.1750164478004816, "params": {"colsample_bytree": 0.5629394688460618, "learning_rate": 0.232428513038292, "max_bin_exp": 4.463168345192914, "max_depth": 5.450550753909298, "n_estimators": 4143.429262136803, "reg_alpha": 0.18859550291211713, "reg_lambda": 2.4507652371319932}, "datetime": {"datetime": "2024-02-19 18:41:51", "elapsed": 1519.871056, "delta": 7.220264}}
{"target": -1.1260183578027987, "params": {"colsample_bytree": 1.0, "learning_rate": 0.5, "max_bin_exp": 4.451600586865522, "max_depth": 3.0071183248987587, "n_estimators": 1263.0497148473912, "reg_alpha": 0.0, "reg_lambda": 3.0}, "datetime": {"datetime": "2024-02-19 18:41:54", "elapsed": 1523.360747, "delta": 3.489691}}
{"target": -0.7229331960297493, "params": {"colsample_bytree": 1.0, "learning_rate": 0.5, "max_bin_exp": 8.183565557049487, "max_depth": 4.237410132059092, "n_estimators": 4145.550012656551, "reg_alpha": 0.0, "reg_lambda": 0.0}, "datetime": {"datetime": "2024-02-19 18:42:00", "elapsed": 1529.431923, "delta": 6.071176}}
{"target": -3.1538169937029195, "params": {"colsample_bytree": 0.2, "learning_rate": 0.001, "max_bin_exp": 10.0, "max_depth": 6.0, "n_estimators": 3901.8469679712553, "reg_alpha": 0.0, "reg_lambda": 3.0}, "datetime": {"datetime": "2024-02-19 18:42:08", "elapsed": 1537.580491, "delta": 8.148568}}
{"target": -0.6940996219235522, "params": {"colsample_bytree": 1.0, "learning_rate": 0.5, "max_bin_exp": 7.354230495942254, "max_depth": 4.723283132985422, "n_estimators": 590.0744305376166, "reg_alpha": 0.0, "reg_lambda": 3.0}, "datetime": {"datetime": "2024-02-19 18:42:12", "elapsed": 1541.218966, "delta": 3.638475}}
{"target": -0.8307645236774106, "params": {"colsample_bytree": 0.20724120851692032, "learning_rate": 0.2282185880102188, "max_bin_exp": 9.301733823170917, "max_depth": 5.951097641077862, "n_estimators": 585.3844476110537, "reg_alpha": 1.3417295112870316, "reg_lambda": 2.5765649500453507}, "datetime": {"datetime": "2024-02-19 18:42:15", "elapsed": 1544.226535, "delta": 3.007569}}
{"target": -0.6631021773895437, "params": {"colsample_bytree": 0.7221063731915727, "learning_rate": 0.4924143966992725, "max_bin_exp": 9.876215347400082, "max_depth": 5.872858539027854, "n_estimators": 592.0444520605308, "reg_alpha": 2.9495782346837913, "reg_lambda": 2.5893214742390414}, "datetime": {"datetime": "2024-02-19 18:42:18", "elapsed": 1547.362503, "delta": 3.135968}}
{"target": -0.6917521350002942, "params": {"colsample_bytree": 0.9818659902372004, "learning_rate": 0.19171587005198484, "max_bin_exp": 6.1190752173798915, "max_depth": 2.983934235204007, "n_estimators": 3721.4138014666128, "reg_alpha": 0.5769854172465383, "reg_lambda": 0.5374694159698999}, "datetime": {"datetime": "2024-02-19 18:42:23", "elapsed": 1552.566009, "delta": 5.203506}}
{"target": -0.7129602393177671, "params": {"colsample_bytree": 0.6869314894375755, "learning_rate": 0.3450642551647639, "max_bin_exp": 7.623006203929447, "max_depth": 5.412237084844191, "n_estimators": 888.0622178953034, "reg_alpha": 2.938058485291385, "reg_lambda": 0.19215306083743566}, "datetime": {"datetime": "2024-02-19 18:42:26", "elapsed": 1555.551479, "delta": 2.98547}}
{"target": -0.6598984404072504, "params": {"colsample_bytree": 1.0, "learning_rate": 0.5, "max_bin_exp": 10.0, "max_depth": 5.009591166501403, "n_estimators": 4573.794614907688, "reg_alpha": 3.0, "reg_lambda": 0.22967247276675995}, "datetime": {"datetime": "2024-02-19 18:42:35", "elapsed": 1564.306308, "delta": 8.754829}}
{"target": -0.9035142980748293, "params": {"colsample_bytree": 0.2, "learning_rate": 0.5, "max_bin_exp": 10.0, "max_depth": 3.5855904590254255, "n_estimators": 4572.376228662102, "reg_alpha": 3.0, "reg_lambda": 2.7902106295921745}, "datetime": {"datetime": "2024-02-19 18:42:40", "elapsed": 1569.395713, "delta": 5.089405}}
{"target": -0.6730256663183409, "params": {"colsample_bytree": 0.7706800010710906, "learning_rate": 0.4750373658561633, "max_bin_exp": 9.932942796252881, "max_depth": 3.0337489232126242, "n_estimators": 1266.605588283399, "reg_alpha": 0.10217143258949124, "reg_lambda": 1.4688340505511932}, "datetime": {"datetime": "2024-02-19 18:42:44", "elapsed": 1573.049169, "delta": 3.653456}}
{"target": -0.663277332656912, "params": {"colsample_bytree": 1.0, "learning_rate": 0.5, "max_bin_exp": 8.027651067693396, "max_depth": 6.0, "n_estimators": 1084.251610534533, "reg_alpha": 0.333306699955922, "reg_lambda": 0.3991083084977845}, "datetime": {"datetime": "2024-02-19 18:42:47", "elapsed": 1576.219618, "delta": 3.170449}}
{"target": -0.6699122733094985, "params": {"colsample_bytree": 1.0, "learning_rate": 0.5, "max_bin_exp": 10.0, "max_depth": 3.353052898354722, "n_estimators": 865.7892673418112, "reg_alpha": 3.0, "reg_lambda": 3.0}, "datetime": {"datetime": "2024-02-19 18:42:50", "elapsed": 1578.894343, "delta": 2.674725}}
{"target": -0.6527160279793432, "params": {"colsample_bytree": 0.6395934230736446, "learning_rate": 0.367931339723045, "max_bin_exp": 9.63896464542142, "max_depth": 5.892835724326276, "n_estimators": 2750.480996435213, "reg_alpha": 2.139867415188694, "reg_lambda": 2.6966138461797358}, "datetime": {"datetime": "2024-02-19 18:42:55", "elapsed": 1584.125913, "delta": 5.23157}}
{"target": -0.7219051756267657, "params": {"colsample_bytree": 0.6352798408569749, "learning_rate": 0.49181186268552524, "max_bin_exp": 9.341828563450711, "max_depth": 4.690535623064584, "n_estimators": 4139.565025778654, "reg_alpha": 2.937855465078248, "reg_lambda": 0.26893681880995424}, "datetime": {"datetime": "2024-02-19 18:43:02", "elapsed": 1590.795267, "delta": 6.669354}}
{"target": -0.8518524835065767, "params": {"colsample_bytree": 0.36399737250597247, "learning_rate": 0.447383198077397, "max_bin_exp": 7.936761053279497, "max_depth": 5.856523075884727, "n_estimators": 2751.391811812441, "reg_alpha": 2.9435870528079198, "reg_lambda": 1.0975253945129952}, "datetime": {"datetime": "2024-02-19 18:43:08", "elapsed": 1596.61944, "delta": 5.824173}}
{"target": -0.6654896904154343, "params": {"colsample_bytree": 0.4496462471870503, "learning_rate": 0.24066649870917842, "max_bin_exp": 9.676831801836887, "max_depth": 5.90914977765092, "n_estimators": 4473.331061274974, "reg_alpha": 0.6183054121240964, "reg_lambda": 1.435363876599384}, "datetime": {"datetime": "2024-02-19 18:43:15", "elapsed": 1604.53368, "delta": 7.91424}}
{"target": -0.6514897364171374, "params": {"colsample_bytree": 0.9551494770292195, "learning_rate": 0.008483803378761916, "max_bin_exp": 8.14192822777478, "max_depth": 5.957333321812773, "n_estimators": 2325.751572265193, "reg_alpha": 1.8166191884699359, "reg_lambda": 2.7091548451180754}, "datetime": {"datetime": "2024-02-19 18:43:20", "elapsed": 1608.851839, "delta": 4.318159}}
{"target": -0.7131590603026423, "params": {"colsample_bytree": 1.0, "learning_rate": 0.5, "max_bin_exp": 8.052479222427777, "max_depth": 6.0, "n_estimators": 583.0470288585617, "reg_alpha": 3.0, "reg_lambda": 0.0}, "datetime": {"datetime": "2024-02-19 18:43:24", "elapsed": 1612.639212, "delta": 3.787373}}
{"target": -1.8966781530175967, "params": {"colsample_bytree": 0.6167627984055355, "learning_rate": 0.412738004600324, "max_bin_exp": 9.328120713661324, "max_depth": 1.7283551775786372, "n_estimators": 1265.1196809196724, "reg_alpha": 2.8597300892134365, "reg_lambda": 2.740223730479349}, "datetime": {"datetime": "2024-02-19 18:43:27", "elapsed": 1616.09835, "delta": 3.459138}}
{"target": -0.8131800212408781, "params": {"colsample_bytree": 0.49166652380324216, "learning_rate": 0.256419641360158, "max_bin_exp": 5.618973541677208, "max_depth": 5.73666400579166, "n_estimators": 2328.9814307764173, "reg_alpha": 1.218756401340468, "reg_lambda": 2.88661346030634}, "datetime": {"datetime": "2024-02-19 18:43:32", "elapsed": 1620.742633, "delta": 4.644283}}
