{"target": 3.360034078218362, "params": {"u": 1.533151797129561, "x": 2.0235223828147424, "y": -2.6254663390001265}, "datetime": {"datetime": "2024-02-27 23:09:38", "elapsed": 234.921193, "delta": 0.95564}}
{"target": -7.438537882665289, "params": {"u": 0.10183837235233018, "x": 0.20806039937856147, "y": -3.991550055708929}, "datetime": {"datetime": "2024-02-27 23:09:38", "elapsed": 235.484645, "delta": 0.563452}}
{"target": 7.554301341878027, "params": {"u": 1.2738843106919469, "x": 0.3483634952171726, "y": -2.568084606142528}, "datetime": {"datetime": "2024-02-27 23:09:39", "elapsed": 236.362882, "delta": 0.878237}}
{"target": 6.81830994376125, "params": {"u": 1.6629506302225239, "x": -0.7052251140467586, "y": 0.7800263834072758}, "datetime": {"datetime": "2024-02-27 23:09:41", "elapsed": 238.549729, "delta": 2.186847}}
{"target": -11.149457166067682, "params": {"u": 0.04395402826084838, "x": 1.228299489810965, "y": -1.352364087808108}, "datetime": {"datetime": "2024-02-27 23:09:42", "elapsed": 239.623766, "delta": 1.074037}}
{"target": 7.394883539026978, "params": {"u": 1.7165249902614448, "x": -0.37720319910036365, "y": -3.935315921407079}, "datetime": {"datetime": "2024-02-27 23:09:44", "elapsed": 241.164594, "delta": 1.540828}}
{"target": 6.777849276373672, "params": {"u": 1.9961865239817458, "x": 0.5731276074971117, "y": -3.865163614203796}, "datetime": {"datetime": "2024-02-27 23:09:45", "elapsed": 242.436409, "delta": 1.271815}}
{"target": -9.424202233585138, "params": {"u": 0.8468163109392202, "x": 2.0758724683958008, "y": -3.384328052220976}, "datetime": {"datetime": "2024-02-27 23:09:46", "elapsed": 243.567642, "delta": 1.131233}}
{"target": 18.0, "params": {"u": 2.0, "x": -1.0, "y": -2.779480053807085}, "datetime": {"datetime": "2024-02-27 23:09:48", "elapsed": 245.676962, "delta": 2.10932}}
{"target": 7.252084198178704, "params": {"u": 1.7448289741640044, "x": -0.4064443145233727, "y": -4.816495278098856}, "datetime": {"datetime": "2024-02-27 23:09:50", "elapsed": 247.156929, "delta": 1.479967}}
{"target": -11.795923123581918, "params": {"u": 0.7307797303871482, "x": 1.2382540508015083, "y": 0.07134551967215685}, "datetime": {"datetime": "2024-02-27 23:09:51", "elapsed": 248.074436, "delta": 0.917507}}
{"target": -21.014475375022656, "params": {"u": 0.9883065431527618, "x": 1.6174524090547178, "y": -4.118369156104867}, "datetime": {"datetime": "2024-02-27 23:09:52", "elapsed": 249.201231, "delta": 1.126795}}
{"target": 7.412804806311737, "params": {"u": 1.9650841697546964, "x": 0.3737851597840769, "y": 3.6470104437037367}, "datetime": {"datetime": "2024-02-27 23:09:54", "elapsed": 251.229974, "delta": 2.028743}}
{"target": -23.192397723473835, "params": {"u": 0.4117561695997871, "x": 1.4888844193901325, "y": 3.0374558073586595}, "datetime": {"datetime": "2024-02-27 23:09:55", "elapsed": 252.022815, "delta": 0.792841}}
{"target": 19.941750156229325, "params": {"u": 2.0, "x": 0.24135004406602956, "y": -2.418281438080222}, "datetime": {"datetime": "2024-02-27 23:09:56", "elapsed": 253.692736, "delta": 1.669921}}
{"target": 7.411252602376312, "params": {"u": 1.9877429900977188, "x": -0.971173623630627, "y": -2.3305275102111676}, "datetime": {"datetime": "2024-02-27 23:09:57", "elapsed": 254.727451, "delta": 1.034715}}
{"target": 5.977355045603236, "params": {"u": 1.9969228645039876, "x": 1.0972496848646172, "y": 4.019219043961218}, "datetime": {"datetime": "2024-02-27 23:09:58", "elapsed": 255.717201, "delta": 0.98975}}
{"target": -20.231215942969545, "params": {"u": 0.33676070780580214, "x": 0.49243958086562944, "y": -0.42897411676991926}, "datetime": {"datetime": "2024-02-27 23:10:00", "elapsed": 257.217109, "delta": 1.499908}}
{"target": -17.36588371283308, "params": {"u": 0.29437527729103286, "x": -0.6272033820847698, "y": 3.601917115475949}, "datetime": {"datetime": "2024-02-27 23:10:01", "elapsed": 258.019734, "delta": 0.802625}}
{"target": -10.504966788681312, "params": {"u": 0.2341468259036501, "x": 2.104425094393075, "y": 2.6814153366820204}, "datetime": {"datetime": "2024-02-27 23:10:02", "elapsed": 259.241191, "delta": 1.221457}}
{"target": 9.77349146704563, "params": {"u": 1.9805055920560255, "x": -0.05363408341961007, "y": -4.614859639976848}, "datetime": {"datetime": "2024-02-27 23:10:03", "elapsed": 260.524373, "delta": 1.283182}}
{"target": 3.9171404498057605, "params": {"u": 1.7078716993679257, "x": 1.4428568070323244, "y": -2.7914350609151906}, "datetime": {"datetime": "2024-02-27 23:10:04", "elapsed": 261.742479, "delta": 1.218106}}
{"target": 7.617832309176652, "params": {"u": 1.951786978706021, "x": -0.3377258870208033, "y": 2.2442714131996304}, "datetime": {"datetime": "2024-02-27 23:10:06", "elapsed": 263.338589, "delta": 1.59611}}
{"target": -11.23912100962849, "params": {"u": 0.46286297076294236, "x": 0.26861526919991885, "y": 1.8470143667876222}, "datetime": {"datetime": "2024-02-27 23:10:08", "elapsed": 265.035999, "delta": 1.69741}}
{"target": 7.191693573832495, "params": {"u": 1.0908499638457945, "x": 0.8384103597108208, "y": 4.267528296287557}, "datetime": {"datetime": "2024-02-27 23:10:09", "elapsed": 266.421276, "delta": 1.385277}}
{"target": -13.54119099012608, "params": {"u": 0.3508216556503698, "x": -0.3060188907436592, "y": -3.3123618431832735}, "datetime": {"datetime": "2024-02-27 23:10:10", "elapsed": 267.615849, "delta": 1.194573}}
{"target": 7.390564338222816, "params": {"u": 1.993356470735833, "x": -0.9866162020127356, "y": -2.8020012733418564}, "datetime": {"datetime": "2024-02-27 23:10:12", "elapsed": 268.922684, "delta": 1.306835}}
{"target": 6.753120892397714, "params": {"u": 1.9882136968791404, "x": 0.6032889955069245, "y": -4.723611059954376}, "datetime": {"datetime": "2024-02-27 23:10:13", "elapsed": 269.875436, "delta": 0.952752}}
{"target": 6.782512350777701, "params": {"u": 1.978125230759191, "x": -0.5691835003146228, "y": 0.2846350877962429}, "datetime": {"datetime": "2024-02-27 23:10:14", "elapsed": 271.174491, "delta": 1.299055}}
{"target": -19.050483020826597, "params": {"u": 0.26664037271127583, "x": 2.249821525580709, "y": 3.0422259520423296}, "datetime": {"datetime": "2024-02-27 23:10:15", "elapsed": 272.518539, "delta": 1.344048}}
{"target": 7.418050205110692, "params": {"u": 1.5043123699769028, "x": -0.9613309930061451, "y": 3.795843325965686}, "datetime": {"datetime": "2024-02-27 23:10:16", "elapsed": 273.697454, "delta": 1.178915}}
{"target": -28.302528573809248, "params": {"u": 0.40779879938035646, "x": 2.6160092549536946, "y": -3.526378307552479}, "datetime": {"datetime": "2024-02-27 23:10:17", "elapsed": 274.609035, "delta": 0.911581}}
{"target": 8.278777652911796, "params": {"u": 1.9993773022884869, "x": -0.24458256906975942, "y": 0.5107519277357584}, "datetime": {"datetime": "2024-02-27 23:10:20", "elapsed": 277.082632, "delta": 2.473597}}
{"target": 8.311747954496305, "params": {"u": 1.9526727174935115, "x": 0.24047650616104788, "y": 3.120825405527693}, "datetime": {"datetime": "2024-02-27 23:10:22", "elapsed": 279.150301, "delta": 2.067669}}
{"target": 6.756393796045128, "params": {"u": 1.0900867535480658, "x": -0.6539131588666258, "y": -0.4611401415933045}, "datetime": {"datetime": "2024-02-27 23:10:23", "elapsed": 280.618172, "delta": 1.467871}}
{"target": 7.3540666580613845, "params": {"u": 1.961021813731964, "x": 0.896184903929846, "y": -3.775661295170184}, "datetime": {"datetime": "2024-02-27 23:10:25", "elapsed": 282.439222, "delta": 1.82105}}
{"target": 8.047809621222587, "params": {"u": 1.9793753945407953, "x": 0.2744232653605385, "y": 3.165449976294516}, "datetime": {"datetime": "2024-02-27 23:10:26", "elapsed": 283.528818, "delta": 1.089596}}
{"target": 7.035087225898046, "params": {"u": 1.9920544584109634, "x": 0.4608161451710737, "y": -1.21473681376672}, "datetime": {"datetime": "2024-02-27 23:10:28", "elapsed": 285.293283, "delta": 1.764465}}
{"target": 17.80711725939971, "params": {"u": 2.0, "x": 1.0921917142151778, "y": 3.9376049337378025}, "datetime": {"datetime": "2024-02-27 23:10:30", "elapsed": 286.838016, "delta": 1.544733}}
{"target": 19.940292537121568, "params": {"u": 2.0, "x": -0.2443511057442398, "y": 0.6055344992862187}, "datetime": {"datetime": "2024-02-27 23:10:31", "elapsed": 288.160814, "delta": 1.322798}}
{"target": 8.91049370603971, "params": {"u": 1.9701769159410845, "x": -0.16928529297260253, "y": -3.590650447624406}, "datetime": {"datetime": "2024-02-27 23:10:32", "elapsed": 289.681137, "delta": 1.520323}}
{"target": 8.907089177039882, "params": {"u": 1.9316880722284138, "x": -0.16968420792621597, "y": -0.5075006378102938}, "datetime": {"datetime": "2024-02-27 23:10:33", "elapsed": 290.607957, "delta": 0.92682}}
{"target": 9.839961093474052, "params": {"u": 1.5130517850062606, "x": 0.040985315143324375, "y": 3.3952586033428194}, "datetime": {"datetime": "2024-02-27 23:10:34", "elapsed": 291.632027, "delta": 1.02407}}
{"target": 7.997174351078645, "params": {"u": 1.9968470083334107, "x": 0.2812708452215156, "y": -3.526211697534085}, "datetime": {"datetime": "2024-02-27 23:10:36", "elapsed": 293.39043, "delta": 1.758403}}
{"target": 9.447074906184309, "params": {"u": 1.9838935563974656, "x": -0.10331144993955554, "y": 3.596858665382193}, "datetime": {"datetime": "2024-02-27 23:10:38", "elapsed": 294.879284, "delta": 1.488854}}
{"target": 9.993342971813355, "params": {"u": 1.5802958199531205, "x": 0.002303655637430513, "y": 2.393204515054287}, "datetime": {"datetime": "2024-02-27 23:10:39", "elapsed": 296.088125, "delta": 1.208841}}
{"target": 9.880873530724493, "params": {"u": 1.9999999920487983, "x": -0.03234986512873082, "y": -0.03351710320160672}, "datetime": {"datetime": "2024-02-27 23:10:39", "elapsed": 296.772687, "delta": 0.684562}}
{"target": 1.245711398900852, "params": {"u": 1.9787580345490663, "x": 2.736454478984836, "y": -4.44787717440128}, "datetime": {"datetime": "2024-02-27 23:10:40", "elapsed": 297.649495, "delta": 0.876808}}
{"target": 6.946062779333296, "params": {"u": 1.9796437201424293, "x": 0.7604127965897871, "y": -0.8725836534265436}, "datetime": {"datetime": "2024-02-27 23:10:42", "elapsed": 299.229814, "delta": 1.580319}}
{"target": 7.972811785787684, "params": {"u": 1.961971840307432, "x": 0.2846120642012244, "y": -2.410092526680204}, "datetime": {"datetime": "2024-02-27 23:10:44", "elapsed": 301.198663, "delta": 1.968849}}
{"target": -11.437741891119376, "params": {"u": 0.7983457065206321, "x": -0.27177469778495, "y": -4.682293655579373}, "datetime": {"datetime": "2024-02-27 23:10:45", "elapsed": 302.817107, "delta": 1.618444}}
{"target": 9.308868856523691, "params": {"u": 1.9539849304564973, "x": -0.1212763505440333, "y": 0.032731577365061604}, "datetime": {"datetime": "2024-02-27 23:10:47", "elapsed": 304.014356, "delta": 1.197249}}
{"target": 19.581892876611576, "params": {"u": 2.0, "x": 0.6466120346764541, "y": -4.774758763210496}, "datetime": {"datetime": "2024-02-27 23:10:48", "elapsed": 305.646798, "delta": 1.632442}}
{"target": 6.752451394909141, "params": {"u": 1.9949595006939207, "x": 0.6467566738574981, "y": -0.8813116653502595}, "datetime": {"datetime": "2024-02-27 23:10:50", "elapsed": 306.902907, "delta": 1.256109}}
{"target": 9.67590013699376, "params": {"u": 1.985437699350705, "x": -0.0701216534566127, "y": 3.640314040402254}, "datetime": {"datetime": "2024-02-27 23:10:50", "elapsed": 307.745524, "delta": 0.842617}}
{"target": 7.73425270775256, "params": {"u": 1.950044994901038, "x": 0.31924835371462645, "y": 0.3302640107642496}, "datetime": {"datetime": "2024-02-27 23:10:52", "elapsed": 309.724272, "delta": 1.978748}}
{"target": -11.002857359580764, "params": {"u": 0.8264629707332904, "x": 0.2648660422177036, "y": -3.503642300013677}, "datetime": {"datetime": "2024-02-27 23:10:54", "elapsed": 310.858668, "delta": 1.134396}}
{"target": 7.227241776722266, "params": {"u": 1.95405825615258, "x": -0.4119576455677998, "y": -0.9776381046115254}, "datetime": {"datetime": "2024-02-27 23:10:55", "elapsed": 312.495644, "delta": 1.636976}}
{"target": 6.333788695288813, "params": {"u": 1.5449756159786192, "x": 1.0189780941663553, "y": -4.818132058211413}, "datetime": {"datetime": "2024-02-27 23:10:56", "elapsed": 313.594685, "delta": 1.099041}}
{"target": 1.4743189444544598, "params": {"u": 1.2658031802429381, "x": 2.3420477971092235, "y": -2.1214660351779733}, "datetime": {"datetime": "2024-02-27 23:10:57", "elapsed": 314.534365, "delta": 0.93968}}
{"target": 7.16134520514893, "params": {"u": 1.1385409036783627, "x": 0.8290507216626399, "y": 2.18061197660157}, "datetime": {"datetime": "2024-02-27 23:10:58", "elapsed": 315.521291, "delta": 0.986926}}
{"target": 19.986470043158803, "params": {"u": 2.0, "x": 0.11631834266872039, "y": 2.7538922816240707}, "datetime": {"datetime": "2024-02-27 23:11:00", "elapsed": 317.576737, "delta": 2.055446}}
{"target": -21.574174307235733, "params": {"u": 0.39698801048843535, "x": 1.6022296407053553, "y": 2.7613946175106276}, "datetime": {"datetime": "2024-02-27 23:11:02", "elapsed": 319.128849, "delta": 1.552112}}
{"target": 8.836079800570445, "params": {"u": 1.9934749242315306, "x": 0.17799239213648255, "y": 1.5393240759759683}, "datetime": {"datetime": "2024-02-27 23:11:03", "elapsed": 320.608542, "delta": 1.479693}}
{"target": 9.384869712162473, "params": {"u": 1.95103719144429, "x": 0.11153232663671941, "y": -4.0503999907212505}, "datetime": {"datetime": "2024-02-27 23:11:04", "elapsed": 321.692459, "delta": 1.083917}}
{"target": 7.594865964092602, "params": {"u": 1.0637403417875728, "x": 0.3415222339259163, "y": -4.951156626001682}, "datetime": {"datetime": "2024-02-27 23:11:05", "elapsed": 322.556075, "delta": 0.863616}}
{"target": -4.986679564632256, "params": {"u": 0.7662113232711505, "x": 1.984028412056297, "y": 2.044551690543064}, "datetime": {"datetime": "2024-02-27 23:11:06", "elapsed": 323.801053, "delta": 1.244978}}
{"target": 7.102366532337012, "params": {"u": 1.9587549675664986, "x": 0.44222001335935657, "y": 4.011299432824748}, "datetime": {"datetime": "2024-02-27 23:11:08", "elapsed": 325.154071, "delta": 1.353018}}
{"target": 9.398118886538342, "params": {"u": 1.999929785949096, "x": 0.10980172247082175, "y": -4.9558044642661665}, "datetime": {"datetime": "2024-02-27 23:11:10", "elapsed": 326.842111, "delta": 1.68804}}
{"target": 7.837137872990912, "params": {"u": 1.9820365856555027, "x": -0.30384380620985585, "y": 0.5692673779488375}, "datetime": {"datetime": "2024-02-27 23:11:10", "elapsed": 327.756947, "delta": 0.914836}}
{"target": 6.821938510582033, "params": {"u": 1.9463380314994523, "x": -0.5428507459025331, "y": 3.314900308532467}, "datetime": {"datetime": "2024-02-27 23:11:12", "elapsed": 329.044971, "delta": 1.288024}}
{"target": 9.671914214287806, "params": {"u": 1.9735433646438842, "x": 0.07075577908150121, "y": 1.5328558481986754}, "datetime": {"datetime": "2024-02-27 23:11:13", "elapsed": 330.566797, "delta": 1.521826}}
{"target": 8.736447201031392, "params": {"u": 1.9932868417212743, "x": -0.18964158805125697, "y": 0.5578766414584955}, "datetime": {"datetime": "2024-02-27 23:11:15", "elapsed": 332.081822, "delta": 1.515025}}
{"target": 9.912321425281512, "params": {"u": 1.9969482297968355, "x": 0.025099034973494305, "y": 4.466894946511644}, "datetime": {"datetime": "2024-02-27 23:11:16", "elapsed": 333.359304, "delta": 1.277482}}
{"target": 8.692025718858112, "params": {"u": 1.9999506158083102, "x": 0.19484623906398513, "y": -2.4448591293525137}, "datetime": {"datetime": "2024-02-27 23:11:18", "elapsed": 334.846421, "delta": 1.487117}}
{"target": 9.9786580728567, "params": {"u": 1.3456604254445295, "x": 0.007074517945394376, "y": -2.4784933411982566}, "datetime": {"datetime": "2024-02-27 23:11:19", "elapsed": 336.045193, "delta": 1.198772}}
{"target": 9.71375603474678, "params": {"u": 1.973557393948001, "x": 0.06395988831984623, "y": 4.392223954433554}, "datetime": {"datetime": "2024-02-27 23:11:20", "elapsed": 337.546135, "delta": 1.500942}}
{"target": 7.419932096751424, "params": {"u": 1.181158146134616, "x": -0.9497298260381193, "y": 1.0591427400337947}, "datetime": {"datetime": "2024-02-27 23:11:22", "elapsed": 338.843871, "delta": 1.297736}}
{"target": -22.05818246848362, "params": {"u": 0.7161167505386263, "x": 2.2950191973664498, "y": 3.0411421967004983}, "datetime": {"datetime": "2024-02-27 23:11:23", "elapsed": 340.16475, "delta": 1.320879}}
{"target": 6.879893615054257, "params": {"u": 1.990209950906149, "x": -0.5146518491396415, "y": 0.9575064020809645}, "datetime": {"datetime": "2024-02-27 23:11:24", "elapsed": 341.150117, "delta": 0.985367}}
{"target": 9.997108917610227, "params": {"u": 1.969344237171167, "x": 0.0010125006633270317, "y": -0.5797373834487907}, "datetime": {"datetime": "2024-02-27 23:11:25", "elapsed": 341.901409, "delta": 0.751292}}
{"target": 9.741649636504185, "params": {"u": 1.9999999993757798, "x": 0.0592401061370235, "y": 0.8741030674771783}, "datetime": {"datetime": "2024-02-27 23:11:26", "elapsed": 343.383112, "delta": 1.481703}}
{"target": 8.613616989262265, "params": {"u": 1.9843407657005592, "x": -0.20406988192380293, "y": 2.857322914289181}, "datetime": {"datetime": "2024-02-27 23:11:28", "elapsed": 345.296444, "delta": 1.913332}}
{"target": 9.224420338687679, "params": {"u": 1.954978196746634, "x": 0.1318002747235667, "y": -2.889291096779536}, "datetime": {"datetime": "2024-02-27 23:11:30", "elapsed": 347.008387, "delta": 1.711943}}
{"target": 9.634098183039708, "params": {"u": 1.975154619438952, "x": 0.0766482275172522, "y": 0.9105879212771919}, "datetime": {"datetime": "2024-02-27 23:11:31", "elapsed": 347.949964, "delta": 0.941577}}
{"target": 8.078341844535352, "params": {"u": 1.953178183562933, "x": 0.27035377181212805, "y": -2.4008965614327114}, "datetime": {"datetime": "2024-02-27 23:11:32", "elapsed": 349.270793, "delta": 1.320829}}
{"target": 0.9957672990888558, "params": {"u": 1.4826537273018117, "x": 2.636656191562792, "y": 4.934598898464268}, "datetime": {"datetime": "2024-02-27 23:11:33", "elapsed": 350.290176, "delta": 1.019383}}
{"target": 2.9745897165864914, "params": {"u": 1.8505163151119595, "x": 2.10814528459076, "y": 1.0484792395151699}, "datetime": {"datetime": "2024-02-27 23:11:34", "elapsed": 351.491927, "delta": 1.201751}}
{"target": -7.378491412698262, "params": {"u": 0.4005757024685024, "x": 1.8766333330079972, "y": -2.1159949433396363}, "datetime": {"datetime": "2024-02-27 23:11:36", "elapsed": 353.175247, "delta": 1.68332}}
{"target": -11.191821738770166, "params": {"u": 0.8587785033330575, "x": 2.119726932813651, "y": 4.042720529890799}, "datetime": {"datetime": "2024-02-27 23:11:37", "elapsed": 354.777278, "delta": 1.602031}}
{"target": 7.987584654705312, "params": {"u": 1.9470786342682354, "x": 0.2825822931040903, "y": -0.8941263015629498}, "datetime": {"datetime": "2024-02-27 23:11:40", "elapsed": 357.279809, "delta": 2.502531}}
{"target": 7.509432907905925, "params": {"u": 1.959059227198677, "x": -0.3561473628738061, "y": 3.282108518357788}, "datetime": {"datetime": "2024-02-27 23:11:42", "elapsed": 359.190419, "delta": 1.91061}}
{"target": 6.935168097750211, "params": {"u": 1.9779741438221417, "x": -0.4930427518684821, "y": 1.0206809821639231}, "datetime": {"datetime": "2024-02-27 23:11:43", "elapsed": 360.461487, "delta": 1.271068}}
{"target": -5.225471444934511, "params": {"u": 0.1166087701251004, "x": 0.8423840867946852, "y": -0.7579525061516534}, "datetime": {"datetime": "2024-02-27 23:11:44", "elapsed": 361.457552, "delta": 0.996065}}
{"target": 7.574650232985004, "params": {"u": 1.9990036940388387, "x": -0.34490934390855, "y": -4.233598894402145}, "datetime": {"datetime": "2024-02-27 23:11:45", "elapsed": 362.793366, "delta": 1.335814}}
{"target": 6.747646473476454, "params": {"u": 1.9589388621613504, "x": -0.6290041547889373, "y": -3.2002041205426957}, "datetime": {"datetime": "2024-02-27 23:11:47", "elapsed": 364.432048, "delta": 1.638682}}
{"target": 1.3803257644291147, "params": {"u": 1.941371508988264, "x": 2.363129557926066, "y": -1.9646850245968874}, "datetime": {"datetime": "2024-02-27 23:11:49", "elapsed": 365.83067, "delta": 1.398622}}
{"target": 9.983974371666008, "params": {"u": 1.9693642309981647, "x": 0.00539224076872058, "y": -0.5792028577502268}, "datetime": {"datetime": "2024-02-27 23:11:50", "elapsed": 367.362015, "delta": 1.531345}}
{"target": 9.22168314519558, "params": {"u": 1.9556692554027033, "x": -0.1321369535934851, "y": -1.4370049441286459}, "datetime": {"datetime": "2024-02-27 23:11:52", "elapsed": 369.034054, "delta": 1.672039}}
{"target": 19.687044261470145, "params": {"u": 2.0, "x": 0.5594244707999959, "y": -1.1780406700167976}, "datetime": {"datetime": "2024-02-27 23:11:54", "elapsed": 371.074541, "delta": 2.040487}}
{"target": 9.340095938615619, "params": {"u": 1.9969525963802006, "x": 0.11730814678042067, "y": 2.6835751388601734}, "datetime": {"datetime": "2024-02-27 23:11:57", "elapsed": 374.007077, "delta": 2.932536}}
{"target": 6.901862524165654, "params": {"u": 1.93701693327203, "x": 0.505616496153563, "y": 0.736216384523618}, "datetime": {"datetime": "2024-02-27 23:11:58", "elapsed": 375.133355, "delta": 1.126278}}
{"target": 19.922908308319958, "params": {"u": 2.0, "x": -0.27765390629350184, "y": 2.2246953109037304}, "datetime": {"datetime": "2024-02-27 23:12:00", "elapsed": 377.246014, "delta": 2.112659}}
{"target": -29.95358018413591, "params": {"u": 0.9786778107784722, "x": 2.471821779292743, "y": 2.832397373705323}, "datetime": {"datetime": "2024-02-27 23:12:02", "elapsed": 378.834069, "delta": 1.588055}}
{"target": 9.032019336175477, "params": {"u": 1.9631328234903103, "x": 0.15497732278297568, "y": 2.7752801265534646}, "datetime": {"datetime": "2024-02-27 23:12:04", "elapsed": 380.892413, "delta": 2.058344}}
{"target": 1.4314630190942896, "params": {"u": 1.5719695498063104, "x": 2.784004591934155, "y": -2.190708696652827}, "datetime": {"datetime": "2024-02-27 23:12:05", "elapsed": 382.065794, "delta": 1.173381}}
