{"target": -0.7127470518464571, "params": {"colsample_bytree": 1.0, "learning_rate": 0.5, "max_bin_exp": 7.270677307903409, "max_depth": 4.298975935507191, "n_estimators": 4518.448958690503, "reg_alpha": 3.0, "reg_lambda": 1.1073333283653193}, "datetime": {"datetime": "2024-02-19 16:26:12", "elapsed": 1344.798531, "delta": 5.748084}}
{"target": -0.656763584657118, "params": {"colsample_bytree": 0.432981202820295, "learning_rate": 0.23493683388253506, "max_bin_exp": 9.703660780062878, "max_depth": 5.807476424790912, "n_estimators": 4506.752003145352, "reg_alpha": 2.4740609445706725, "reg_lambda": 2.1727678353307636}, "datetime": {"datetime": "2024-02-19 16:26:19", "elapsed": 1351.655606, "delta": 6.857075}}
{"target": -0.6442890052554143, "params": {"colsample_bytree": 0.6812563573575323, "learning_rate": 0.28370112866309083, "max_bin_exp": 9.797096752211159, "max_depth": 5.5079640020092, "n_estimators": 2061.0203378642227, "reg_alpha": 0.4183421042409077, "reg_lambda": 0.973859520345493}, "datetime": {"datetime": "2024-02-19 16:26:22", "elapsed": 1355.089915, "delta": 3.434309}}
{"target": -0.7657711527718927, "params": {"colsample_bytree": 0.28794500514442234, "learning_rate": 0.026077495668165463, "max_bin_exp": 8.642285371083185, "max_depth": 4.947338860395652, "n_estimators": 2616.3523589144697, "reg_alpha": 0.18376583879650343, "reg_lambda": 1.9776509410678247}, "datetime": {"datetime": "2024-02-19 16:26:26", "elapsed": 1358.424932, "delta": 3.335017}}
{"target": -0.6695815775011771, "params": {"colsample_bytree": 0.5030928674158945, "learning_rate": 0.07954553711405975, "max_bin_exp": 9.67430840008888, "max_depth": 3.264785161186186, "n_estimators": 2568.696033627607, "reg_alpha": 0.684117078438983, "reg_lambda": 2.5816972110116994}, "datetime": {"datetime": "2024-02-19 16:26:31", "elapsed": 1363.590127, "delta": 5.165195}}
{"target": -0.8007124350039725, "params": {"colsample_bytree": 0.2988151596039617, "learning_rate": 0.021166945874607653, "max_bin_exp": 7.66084064100401, "max_depth": 4.976557406664673, "n_estimators": 2604.1227927394366, "reg_alpha": 0.08399720534761623, "reg_lambda": 0.11819611716349632}, "datetime": {"datetime": "2024-02-19 16:26:34", "elapsed": 1366.32218, "delta": 2.732053}}
{"target": -1.9640578414224341, "params": {"colsample_bytree": 0.2210059531918619, "learning_rate": 0.011367626926890733, "max_bin_exp": 9.43795605381578, "max_depth": 4.272837588297222, "n_estimators": 2065.3618240879614, "reg_alpha": 1.3159973556181088, "reg_lambda": 1.714793757365958}, "datetime": {"datetime": "2024-02-19 16:26:36", "elapsed": 1368.98599, "delta": 2.66381}}
{"target": -0.7458673151571327, "params": {"colsample_bytree": 0.6562877802514231, "learning_rate": 0.0950444464445857, "max_bin_exp": 6.922040444106726, "max_depth": 2.8835159478058334, "n_estimators": 2612.716458072393, "reg_alpha": 0.6319149645664933, "reg_lambda": 1.0907818848925666}, "datetime": {"datetime": "2024-02-19 16:26:38", "elapsed": 1371.137111, "delta": 2.151121}}
{"target": -0.6297697238522172, "params": {"colsample_bytree": 0.5997197305083996, "learning_rate": 0.2407103374292787, "max_bin_exp": 9.452616868585373, "max_depth": 3.9066369421525344, "n_estimators": 2193.909914261377, "reg_alpha": 0.8267055345434061, "reg_lambda": 1.7862762368342264}, "datetime": {"datetime": "2024-02-19 16:26:41", "elapsed": 1373.456509, "delta": 2.319398}}
{"target": -0.6004150375426671, "params": {"colsample_bytree": 0.8686173012116825, "learning_rate": 0.09936664068679306, "max_bin_exp": 9.14054160269796, "max_depth": 5.26551512362545, "n_estimators": 2605.684789904269, "reg_alpha": 2.8357050454961414, "reg_lambda": 0.40587631097795296}, "datetime": {"datetime": "2024-02-19 16:26:44", "elapsed": 1376.875569, "delta": 3.41906}}
{"target": -0.6473577375320004, "params": {"colsample_bytree": 1.0, "learning_rate": 0.5, "max_bin_exp": 9.62930346531831, "max_depth": 5.625123836886036, "n_estimators": 2593.4307336191696, "reg_alpha": 3.0, "reg_lambda": 1.5708044622542134}, "datetime": {"datetime": "2024-02-19 16:26:48", "elapsed": 1380.173535, "delta": 3.297966}}
{"target": -0.6092404936322976, "params": {"colsample_bytree": 0.9127129695875795, "learning_rate": 0.22053848073539833, "max_bin_exp": 9.807828231108285, "max_depth": 5.480588028840582, "n_estimators": 2567.1019010502187, "reg_alpha": 2.8537005525720036, "reg_lambda": 2.300287422173117}, "datetime": {"datetime": "2024-02-19 16:26:52", "elapsed": 1384.670535, "delta": 4.497}}
{"target": -0.6464667985051789, "params": {"colsample_bytree": 0.9418179450862394, "learning_rate": 0.3501736343597869, "max_bin_exp": 8.468556490948153, "max_depth": 4.803483352115961, "n_estimators": 2192.030793085245, "reg_alpha": 0.13168770095056093, "reg_lambda": 2.969575373115708}, "datetime": {"datetime": "2024-02-19 16:26:55", "elapsed": 1387.545378, "delta": 2.874843}}
{"target": -0.7979791134144008, "params": {"colsample_bytree": 0.34719657424581496, "learning_rate": 0.4559690353149224, "max_bin_exp": 9.926990980634368, "max_depth": 5.556679520589774, "n_estimators": 2610.872113486769, "reg_alpha": 2.9917002629088247, "reg_lambda": 0.4783345125111499}, "datetime": {"datetime": "2024-02-19 16:26:58", "elapsed": 1390.986589, "delta": 3.441211}}
{"target": -0.6754154178500822, "params": {"colsample_bytree": 0.6209576439860799, "learning_rate": 0.2173955194009828, "max_bin_exp": 7.956472590254861, "max_depth": 3.8894606507077922, "n_estimators": 2615.7918771276304, "reg_alpha": 1.0716891072959758, "reg_lambda": 0.573979996918763}, "datetime": {"datetime": "2024-02-19 16:27:01", "elapsed": 1393.642108, "delta": 2.655519}}
{"target": -0.7220645965883302, "params": {"colsample_bytree": 0.5712951126714345, "learning_rate": 0.5, "max_bin_exp": 8.195153979706792, "max_depth": 6.0, "n_estimators": 2613.384731830465, "reg_alpha": 0.37442076165322663, "reg_lambda": 1.3288135990712382}, "datetime": {"datetime": "2024-02-19 16:27:05", "elapsed": 1397.746313, "delta": 4.104205}}
{"target": -0.725253870603078, "params": {"colsample_bytree": 0.32524015122654704, "learning_rate": 0.3979195039608184, "max_bin_exp": 9.938811987685751, "max_depth": 3.5243556452190723, "n_estimators": 2566.9786608041272, "reg_alpha": 1.7982226794858192, "reg_lambda": 1.1787232023018257}, "datetime": {"datetime": "2024-02-19 16:27:09", "elapsed": 1401.510892, "delta": 3.764579}}
{"target": -1.8472511392066855, "params": {"colsample_bytree": 1.0, "learning_rate": 0.001, "max_bin_exp": 9.790499561321415, "max_depth": 5.554197336484916, "n_estimators": 2579.0120836863243, "reg_alpha": 1.867268810392023, "reg_lambda": 2.609493922649489}, "datetime": {"datetime": "2024-02-19 16:27:12", "elapsed": 1405.132456, "delta": 3.621564}}
{"target": -0.6163853770362524, "params": {"colsample_bytree": 0.8077465843705407, "learning_rate": 0.040652989575309814, "max_bin_exp": 8.822054094475874, "max_depth": 5.660424618532069, "n_estimators": 2611.7599925412514, "reg_alpha": 0.34433727139909776, "reg_lambda": 0.055037641813314275}, "datetime": {"datetime": "2024-02-19 16:27:15", "elapsed": 1408.056673, "delta": 2.924217}}
{"target": -0.6515223759975283, "params": {"colsample_bytree": 0.45126742237198764, "learning_rate": 0.06826434526187813, "max_bin_exp": 6.050978109659605, "max_depth": 5.049768803598122, "n_estimators": 2598.9865481475076, "reg_alpha": 1.9714640618645403, "reg_lambda": 1.056335270749137}, "datetime": {"datetime": "2024-02-19 16:27:18", "elapsed": 1411.164145, "delta": 3.107472}}
{"target": -0.7202424476712386, "params": {"colsample_bytree": 1.0, "learning_rate": 0.5, "max_bin_exp": 8.76909072931707, "max_depth": 3.337174630351656, "n_estimators": 2577.2157470402017, "reg_alpha": 1.4987476307442982, "reg_lambda": 0.9624591623844928}, "datetime": {"datetime": "2024-02-19 16:27:21", "elapsed": 1413.721394, "delta": 2.557249}}
{"target": -0.6257257109786959, "params": {"colsample_bytree": 0.9557292762548, "learning_rate": 0.37768074997567885, "max_bin_exp": 9.420600320986303, "max_depth": 5.869642236875557, "n_estimators": 2192.8421292293333, "reg_alpha": 0.10310184330988936, "reg_lambda": 1.039440718670642}, "datetime": {"datetime": "2024-02-19 16:27:25", "elapsed": 1418.098661, "delta": 4.377267}}
{"target": -0.8582183493526364, "params": {"colsample_bytree": 0.28038452756635135, "learning_rate": 0.43817266734660937, "max_bin_exp": 6.895917029376677, "max_depth": 4.217822007250133, "n_estimators": 2599.6994765694326, "reg_alpha": 1.5503490137756288, "reg_lambda": 2.8279748419390547}, "datetime": {"datetime": "2024-02-19 16:27:28", "elapsed": 1420.854406, "delta": 2.755745}}
{"target": -0.6639523165202742, "params": {"colsample_bytree": 1.0, "learning_rate": 0.17900723162433946, "max_bin_exp": 6.520365978398178, "max_depth": 5.049445065077869, "n_estimators": 4519.819191888532, "reg_alpha": 2.0478001706329936, "reg_lambda": 0.014798808387796944}, "datetime": {"datetime": "2024-02-19 16:27:35", "elapsed": 1427.235796, "delta": 6.38139}}
{"target": -0.710186080458451, "params": {"colsample_bytree": 0.8233549602347485, "learning_rate": 0.006481134451986159, "max_bin_exp": 7.676731807373126, "max_depth": 5.386898475900301, "n_estimators": 2615.2556944196513, "reg_alpha": 0.7984971648415716, "reg_lambda": 2.999728535047978}, "datetime": {"datetime": "2024-02-19 16:27:38", "elapsed": 1430.586135, "delta": 3.350339}}
{"target": -0.8891451044697504, "params": {"colsample_bytree": 0.2755588453298181, "learning_rate": 0.25804794136866654, "max_bin_exp": 7.4625054912439515, "max_depth": 5.963455334368112, "n_estimators": 4516.3407793431, "reg_alpha": 1.0404999888219741, "reg_lambda": 2.055322198094524}, "datetime": {"datetime": "2024-02-19 16:27:43", "elapsed": 1435.897523, "delta": 5.311388}}
{"target": -0.6891879107868776, "params": {"colsample_bytree": 0.8249005838171544, "learning_rate": 0.42744113084429125, "max_bin_exp": 9.545773716519426, "max_depth": 4.6815862037789255, "n_estimators": 2615.569728840626, "reg_alpha": 1.1412236749364197, "reg_lambda": 0.07607482198677329}, "datetime": {"datetime": "2024-02-19 16:27:46", "elapsed": 1438.939407, "delta": 3.041884}}
{"target": -0.6425901240554379, "params": {"colsample_bytree": 0.9759705887513213, "learning_rate": 0.34471652832753746, "max_bin_exp": 9.988866310153911, "max_depth": 4.612441710449336, "n_estimators": 2602.357148948272, "reg_alpha": 0.45832889721419334, "reg_lambda": 2.2414992379062646}, "datetime": {"datetime": "2024-02-19 16:27:50", "elapsed": 1443.078838, "delta": 4.139431}}
{"target": -0.678041775601202, "params": {"colsample_bytree": 1.0, "learning_rate": 0.5, "max_bin_exp": 8.437788201772381, "max_depth": 5.397048745260103, "n_estimators": 2593.6099919807953, "reg_alpha": 3.0, "reg_lambda": 0.0}, "datetime": {"datetime": "2024-02-19 16:27:55", "elapsed": 1447.350666, "delta": 4.271828}}
{"target": -0.9099948558189148, "params": {"colsample_bytree": 0.2788658275631304, "learning_rate": 0.3342406827140204, "max_bin_exp": 8.482685119141097, "max_depth": 5.750542023858318, "n_estimators": 4507.081499689997, "reg_alpha": 1.1043012771185379, "reg_lambda": 2.9648178210256653}, "datetime": {"datetime": "2024-02-19 16:28:00", "elapsed": 1452.890385, "delta": 5.539719}}
{"target": -0.6826888061882063, "params": {"colsample_bytree": 1.0, "learning_rate": 0.5, "max_bin_exp": 6.8698650880433645, "max_depth": 6.0, "n_estimators": 4158.204362331016, "reg_alpha": 2.5622546492376883, "reg_lambda": 1.6068342418085588}, "datetime": {"datetime": "2024-02-19 16:28:08", "elapsed": 1461.023941, "delta": 8.133556}}
{"target": -0.6799652972013714, "params": {"colsample_bytree": 0.8648401560801187, "learning_rate": 0.29665102204763527, "max_bin_exp": 8.293236628933382, "max_depth": 3.2193735373529346, "n_estimators": 2579.587202245067, "reg_alpha": 2.427190426031843, "reg_lambda": 0.4626556080235342}, "datetime": {"datetime": "2024-02-19 16:28:12", "elapsed": 1464.172716, "delta": 3.148775}}
{"target": -0.6220597073047244, "params": {"colsample_bytree": 0.6101731267323638, "learning_rate": 0.037757310644933526, "max_bin_exp": 8.90084584805779, "max_depth": 5.920300892000643, "n_estimators": 2567.5053961221265, "reg_alpha": 0.022766902607219697, "reg_lambda": 0.2249699463707473}, "datetime": {"datetime": "2024-02-19 16:28:15", "elapsed": 1467.312726, "delta": 3.14001}}
{"target": -0.6992036167556791, "params": {"colsample_bytree": 0.7059456208518944, "learning_rate": 0.43231439871098903, "max_bin_exp": 8.363007263332292, "max_depth": 5.017149465123557, "n_estimators": 2615.8378793101065, "reg_alpha": 2.4088078227518985, "reg_lambda": 0.989570139595734}, "datetime": {"datetime": "2024-02-19 16:28:18", "elapsed": 1470.627661, "delta": 3.314935}}
{"target": -0.5883076231152895, "params": {"colsample_bytree": 0.8762026543768018, "learning_rate": 0.1175854577808868, "max_bin_exp": 9.092158669721105, "max_depth": 5.906303713997801, "n_estimators": 2615.13129840271, "reg_alpha": 1.3885124478605966, "reg_lambda": 2.223252957669863}, "datetime": {"datetime": "2024-02-19 16:28:23", "elapsed": 1475.282099, "delta": 4.654438}}
{"target": -0.6957686438448976, "params": {"colsample_bytree": 0.9816816632457035, "learning_rate": 0.3154442500251014, "max_bin_exp": 9.762817921889903, "max_depth": 2.090861215088772, "n_estimators": 2580.1239189333864, "reg_alpha": 0.9426044564798935, "reg_lambda": 1.6254734902013088}, "datetime": {"datetime": "2024-02-19 16:28:26", "elapsed": 1478.900627, "delta": 3.618528}}
{"target": -0.6507841554242437, "params": {"colsample_bytree": 0.910793171570832, "learning_rate": 0.11231398730989707, "max_bin_exp": 6.796329734750698, "max_depth": 5.47394204409416, "n_estimators": 2615.5913258863297, "reg_alpha": 0.8486319074522395, "reg_lambda": 0.4515980985989013}, "datetime": {"datetime": "2024-02-19 16:28:30", "elapsed": 1483.145258, "delta": 4.244631}}
{"target": -0.7221406038466631, "params": {"colsample_bytree": 0.5250274282983362, "learning_rate": 0.3196412656965527, "max_bin_exp": 7.088260780666883, "max_depth": 2.875926788027612, "n_estimators": 2611.6412588551957, "reg_alpha": 0.6795252475270135, "reg_lambda": 2.8089101624878627}, "datetime": {"datetime": "2024-02-19 16:28:34", "elapsed": 1486.314735, "delta": 3.169477}}
{"target": -0.5852610844882885, "params": {"colsample_bytree": 0.9751879817218729, "learning_rate": 0.05632863036184317, "max_bin_exp": 9.991351248790034, "max_depth": 5.966705900444024, "n_estimators": 2590.577282947424, "reg_alpha": 2.81877812731803, "reg_lambda": 2.647840350330902}, "datetime": {"datetime": "2024-02-19 16:28:37", "elapsed": 1489.738746, "delta": 3.424011}}
{"target": -0.8871055615819208, "params": {"colsample_bytree": 0.20899794409598577, "learning_rate": 0.22426023571737438, "max_bin_exp": 7.84671140753135, "max_depth": 5.714399181434969, "n_estimators": 2579.127192995644, "reg_alpha": 1.1145651842058848, "reg_lambda": 1.523588708638718}, "datetime": {"datetime": "2024-02-19 16:28:40", "elapsed": 1492.919627, "delta": 3.180881}}
{"target": -0.6261983549753193, "params": {"colsample_bytree": 0.8742567390363627, "learning_rate": 0.1703493238850386, "max_bin_exp": 9.842258861181836, "max_depth": 3.894558907953422, "n_estimators": 2569.372327410986, "reg_alpha": 2.0933516915429244, "reg_lambda": 2.8819398063995654}, "datetime": {"datetime": "2024-02-19 16:28:43", "elapsed": 1496.139067, "delta": 3.21944}}
{"target": -0.8590420719515065, "params": {"colsample_bytree": 0.8055974843485465, "learning_rate": 0.006241948121332531, "max_bin_exp": 9.553988886655265, "max_depth": 4.30804551381977, "n_estimators": 2063.285632411753, "reg_alpha": 2.81391609037634, "reg_lambda": 1.435786156107218}, "datetime": {"datetime": "2024-02-19 16:28:49", "elapsed": 1501.739565, "delta": 5.600498}}
{"target": -0.6247927618401307, "params": {"colsample_bytree": 0.902564933010048, "learning_rate": 0.4108553731761267, "max_bin_exp": 9.722652030173062, "max_depth": 5.895645516893873, "n_estimators": 2068.6482755595885, "reg_alpha": 2.6310640394985585, "reg_lambda": 1.646069288343679}, "datetime": {"datetime": "2024-02-19 16:28:53", "elapsed": 1505.396422, "delta": 3.656857}}
{"target": -0.6972063544609227, "params": {"colsample_bytree": 0.5825515003769612, "learning_rate": 0.1397659697138793, "max_bin_exp": 6.47177745781187, "max_depth": 4.701580752395272, "n_estimators": 4504.537483567461, "reg_alpha": 2.660499374361464, "reg_lambda": 0.4278690326506007}, "datetime": {"datetime": "2024-02-19 16:28:57", "elapsed": 1510.054279, "delta": 4.657857}}
{"target": -0.6382805215675023, "params": {"colsample_bytree": 0.9074797680825166, "learning_rate": 0.1764021689631323, "max_bin_exp": 7.496250668629442, "max_depth": 5.776138504851908, "n_estimators": 2566.957915309074, "reg_alpha": 0.10116930044933525, "reg_lambda": 1.8651132304718192}, "datetime": {"datetime": "2024-02-19 16:29:02", "elapsed": 1514.223349, "delta": 4.16907}}
{"target": -0.7119212498418372, "params": {"colsample_bytree": 0.357301939529696, "learning_rate": 0.04151261920741024, "max_bin_exp": 6.730733567782629, "max_depth": 4.210485682156364, "n_estimators": 2598.887098332518, "reg_alpha": 2.88924423627526, "reg_lambda": 2.464204934247962}, "datetime": {"datetime": "2024-02-19 16:29:06", "elapsed": 1518.293923, "delta": 4.070574}}
{"target": -0.8947680642861344, "params": {"colsample_bytree": 0.22071174215114298, "learning_rate": 0.05453319228291341, "max_bin_exp": 7.07821352194795, "max_depth": 5.297248574799869, "n_estimators": 2617.419323865888, "reg_alpha": 0.9642360893206919, "reg_lambda": 1.2405494920810192}, "datetime": {"datetime": "2024-02-19 16:29:09", "elapsed": 1521.28723, "delta": 2.993307}}
{"target": -0.7407792683079721, "params": {"colsample_bytree": 0.5130914447124046, "learning_rate": 0.45477873950536435, "max_bin_exp": 7.893610232477272, "max_depth": 3.8638161072688106, "n_estimators": 2579.2045632578306, "reg_alpha": 0.37714330453747336, "reg_lambda": 0.12259725802930133}, "datetime": {"datetime": "2024-02-19 16:29:12", "elapsed": 1524.697373, "delta": 3.410143}}
{"target": -0.6590105836783486, "params": {"colsample_bytree": 0.46475135937782275, "learning_rate": 0.02579927334267212, "max_bin_exp": 9.19666096284177, "max_depth": 5.538680594958565, "n_estimators": 2610.5914698914444, "reg_alpha": 0.1490876937997121, "reg_lambda": 1.408993459583268}, "datetime": {"datetime": "2024-02-19 16:29:17", "elapsed": 1529.650396, "delta": 4.953023}}
{"target": -0.9043664534913489, "params": {"colsample_bytree": 0.2, "learning_rate": 0.5, "max_bin_exp": 8.403709072681226, "max_depth": 4.796129443983243, "n_estimators": 2585.8403384385488, "reg_alpha": 2.719456776092671, "reg_lambda": 2.8144227547657774}, "datetime": {"datetime": "2024-02-19 16:29:21", "elapsed": 1533.65579, "delta": 4.005394}}
{"target": -0.5879126427936676, "params": {"colsample_bytree": 0.9851971850403116, "learning_rate": 0.03136074541683312, "max_bin_exp": 9.43329159467065, "max_depth": 5.846204013128044, "n_estimators": 2065.4678025701246, "reg_alpha": 2.9402602529043125, "reg_lambda": 0.6389559072664166}, "datetime": {"datetime": "2024-02-19 16:29:28", "elapsed": 1540.199735, "delta": 6.543945}}
{"target": -0.6791635791685978, "params": {"colsample_bytree": 0.5488204528091583, "learning_rate": 0.3640275354034216, "max_bin_exp": 8.472419456109293, "max_depth": 4.681936274007325, "n_estimators": 2567.233430091701, "reg_alpha": 0.561752332326465, "reg_lambda": 2.9810940348331}, "datetime": {"datetime": "2024-02-19 16:29:31", "elapsed": 1543.452721, "delta": 3.252986}}
{"target": -1.8273395882681003, "params": {"colsample_bytree": 0.22502377348102467, "learning_rate": 0.4793919244839603, "max_bin_exp": 5.208275135311144, "max_depth": 4.168757239597388, "n_estimators": 2600.9591148972677, "reg_alpha": 2.944206790369509, "reg_lambda": 0.8102664575266298}, "datetime": {"datetime": "2024-02-19 16:29:35", "elapsed": 1548.140303, "delta": 4.687582}}
{"target": -0.9028496695489053, "params": {"colsample_bytree": 0.22708026170739767, "learning_rate": 0.33801886537814163, "max_bin_exp": 8.42822451156601, "max_depth": 5.6115074361338095, "n_estimators": 2609.059648411593, "reg_alpha": 1.3151689450061692, "reg_lambda": 2.4277535800039423}, "datetime": {"datetime": "2024-02-19 16:29:39", "elapsed": 1551.789885, "delta": 3.649582}}
{"target": -0.7392644020200684, "params": {"colsample_bytree": 1.0, "learning_rate": 0.5, "max_bin_exp": 7.418547937970407, "max_depth": 3.9550105494788106, "n_estimators": 2595.2528232734117, "reg_alpha": 0.0, "reg_lambda": 0.0}, "datetime": {"datetime": "2024-02-19 16:29:42", "elapsed": 1554.950021, "delta": 3.160136}}
{"target": -0.6995625967219867, "params": {"colsample_bytree": 0.9980508801831649, "learning_rate": 0.4407065173429846, "max_bin_exp": 9.058649584412855, "max_depth": 3.5829282683528594, "n_estimators": 2580.9471244233982, "reg_alpha": 1.3696781743780369, "reg_lambda": 0.06271466719195007}, "datetime": {"datetime": "2024-02-19 16:29:47", "elapsed": 1559.730762, "delta": 4.780741}}
{"target": -0.7313261055862456, "params": {"colsample_bytree": 0.7795828850663304, "learning_rate": 0.4579140012638817, "max_bin_exp": 7.894736847494846, "max_depth": 3.4311022622829714, "n_estimators": 2615.359188330918, "reg_alpha": 0.4100517274473836, "reg_lambda": 1.9905304862483248}, "datetime": {"datetime": "2024-02-19 16:29:52", "elapsed": 1564.624462, "delta": 4.8937}}
{"target": -1.1741267273452214, "params": {"colsample_bytree": 0.6870898898837823, "learning_rate": 0.003167410865398335, "max_bin_exp": 9.914783813670018, "max_depth": 5.3291206774605, "n_estimators": 2604.2848631202787, "reg_alpha": 2.644790430527314, "reg_lambda": 1.7916840882402068}, "datetime": {"datetime": "2024-02-19 16:29:56", "elapsed": 1568.631312, "delta": 4.00685}}
