{"target": 9.90832393059, "params": {"u": 4.33695421706127, "v": 4.552505601948409, "x": 4.050729050227955, "y": 3.9345029717727984}, "datetime": {"datetime": "2024-02-27 10:41:14", "elapsed": 456.178339, "delta": 5.03096}}
{"target": 0.13355040573000818, "params": {"u": 9.916265116449662, "v": 0.19323362059126659, "x": 2.077598519836573, "y": 7.745419842624188}, "datetime": {"datetime": "2024-02-27 10:41:16", "elapsed": 457.58644, "delta": 1.408101}}
{"target": 0.19865296751195094, "params": {"u": 5.778662775761464, "v": 8.812604152006191, "x": 7.248951970945525, "y": 0.4865238849395259}, "datetime": {"datetime": "2024-02-27 10:41:18", "elapsed": 459.483591, "delta": 1.897151}}
{"target": 2.315610671477343, "params": {"u": 4.028342264380942, "v": 4.143106544344999, "x": 3.8384036253915066, "y": 4.6427573057318945}, "datetime": {"datetime": "2024-02-27 10:41:24", "elapsed": 465.237956, "delta": 5.754365}}
{"target": 4.837260500788771, "params": {"u": 4.744040586788354, "v": 4.731132827652484, "x": 3.9370320232208056, "y": 4.35540014243359}, "datetime": {"datetime": "2024-02-27 10:41:27", "elapsed": 468.794201, "delta": 3.556245}}
{"target": 0.2327791821982267, "params": {"u": 4.328388881742597, "v": 0.46386373801627023, "x": 8.4506122764688, "y": 5.200919670882697}, "datetime": {"datetime": "2024-02-27 10:41:29", "elapsed": 470.316528, "delta": 1.522327}}
{"target": 0.30851997809447174, "params": {"u": 3.9329314789187864, "v": 5.446747526958554, "x": 8.357399294613026, "y": 3.074957689789274}, "datetime": {"datetime": "2024-02-27 10:41:31", "elapsed": 472.477063, "delta": 2.160535}}
{"target": 0.7928325482728846, "params": {"u": 7.694931621138551, "v": 1.8849271825193947, "x": 5.868335873641114, "y": 2.5839593385069817}, "datetime": {"datetime": "2024-02-27 10:41:33", "elapsed": 474.859087, "delta": 2.382024}}
{"target": 3.741759151702997, "params": {"u": 4.201193686701058, "v": 4.793230146075418, "x": 3.6810839091873926, "y": 3.6718411890906912}, "datetime": {"datetime": "2024-02-27 10:41:39", "elapsed": 480.970873, "delta": 6.111786}}
{"target": 0.3979654425704037, "params": {"u": 4.181478223111794, "v": 9.907841490137342, "x": 3.6134723171913565, "y": 6.142424112147179}, "datetime": {"datetime": "2024-02-27 10:41:42", "elapsed": 483.316204, "delta": 2.345331}}
{"target": 8.26819841224638, "params": {"u": 4.785454586260722, "v": 4.855047773046658, "x": 4.100248496727611, "y": 3.8593292857129367}, "datetime": {"datetime": "2024-02-27 10:41:45", "elapsed": 487.098323, "delta": 3.782119}}
{"target": 0.26626319523801634, "params": {"u": 1.1588568587286396, "v": 6.734536244320754, "x": 6.275181337285054, "y": 6.683871533815667}, "datetime": {"datetime": "2024-02-27 10:41:49", "elapsed": 490.257962, "delta": 3.159639}}
{"target": 0.11294506135401174, "params": {"u": 0.350600625836065, "v": 0.8839905430382999, "x": 9.112288778975154, "y": 6.933323191913829}, "datetime": {"datetime": "2024-02-27 10:41:50", "elapsed": 491.973463, "delta": 1.715501}}
{"target": 2.8204640045965763, "params": {"u": 4.557067977198549, "v": 4.4916748279261824, "x": 4.2154624827447424, "y": 3.443483200306784}, "datetime": {"datetime": "2024-02-27 10:41:53", "elapsed": 494.935909, "delta": 2.962446}}
{"target": 0.9093822617248856, "params": {"u": 5.2427027663873025, "v": 5.230901533085554, "x": 3.6635626503238106, "y": 3.8033874948001953}, "datetime": {"datetime": "2024-02-27 10:41:58", "elapsed": 499.833019, "delta": 4.89711}}
{"target": 4.839023221796187, "params": {"u": 4.5883023741937246, "v": 4.857137321403661, "x": 4.366310092133142, "y": 4.029631172419355}, "datetime": {"datetime": "2024-02-27 10:42:01", "elapsed": 503.096415, "delta": 3.263396}}
{"target": 3.2566109556822007, "params": {"u": 4.5867478507880675, "v": 4.4948053658043055, "x": 3.6496743493429316, "y": 3.6246079683772203}, "datetime": {"datetime": "2024-02-27 10:42:05", "elapsed": 507.014742, "delta": 3.918327}}
{"target": 2.935158956980336, "params": {"u": 4.187439273504828, "v": 4.629956361624624, "x": 4.503108197099728, "y": 3.709486195887979}, "datetime": {"datetime": "2024-02-27 10:42:09", "elapsed": 510.580981, "delta": 3.566239}}
{"target": 2.5021562047203156, "params": {"u": 4.9035712231286706, "v": 4.789019184581248, "x": 3.49126625444467, "y": 3.6316816990906196}, "datetime": {"datetime": "2024-02-27 10:42:12", "elapsed": 513.402741, "delta": 2.82176}}
{"target": 0.22218023868282785, "params": {"u": 2.4200054335085133, "v": 3.1083303791561425, "x": 9.159706210503929, "y": 4.6156774520213215}, "datetime": {"datetime": "2024-02-27 10:42:13", "elapsed": 514.867215, "delta": 1.464474}}
{"target": 1.2310023074363914, "params": {"u": 3.6072833247786407, "v": 4.8625999094255, "x": 4.069788599325989, "y": 4.304039131489068}, "datetime": {"datetime": "2024-02-27 10:42:15", "elapsed": 517.122852, "delta": 2.255637}}
{"target": 1.2181890128846806, "params": {"u": 3.646293688465451, "v": 4.592493313382202, "x": 4.3862347619611795, "y": 3.9079491688380443}, "datetime": {"datetime": "2024-02-27 10:42:18", "elapsed": 519.473191, "delta": 2.350339}}
{"target": 1.553463629448445, "params": {"u": 5.372791349687533, "v": 4.819990971032354, "x": 4.208519713623318, "y": 3.5696040553127775}, "datetime": {"datetime": "2024-02-27 10:42:23", "elapsed": 524.222347, "delta": 4.749156}}
{"target": 0.1432178984135029, "params": {"u": 3.564650220197443, "v": 0.40039636556784886, "x": 9.469577014439846, "y": 7.381896485959064}, "datetime": {"datetime": "2024-02-27 10:42:24", "elapsed": 526.060102, "delta": 1.837755}}
{"target": 1.850911511226848, "params": {"u": 4.2619690976617655, "v": 4.808621544860502, "x": 3.7025931201206754, "y": 4.722398894349723}, "datetime": {"datetime": "2024-02-27 10:42:28", "elapsed": 529.537046, "delta": 3.476944}}
{"target": 6.15648660777336, "params": {"u": 4.670996819234561, "v": 4.86932503962924, "x": 3.739787445035445, "y": 4.093758527050055}, "datetime": {"datetime": "2024-02-27 10:42:31", "elapsed": 532.936976, "delta": 3.39993}}
{"target": 9.424942449825856, "params": {"u": 4.250050156610078, "v": 4.40498829917296, "x": 4.112708257194614, "y": 3.995786737781785}, "datetime": {"datetime": "2024-02-27 10:42:36", "elapsed": 537.382305, "delta": 4.445329}}
{"target": 10.139260040423679, "params": {"u": 4.425349977060877, "v": 4.80514821662262, "x": 4.053733998021927, "y": 3.962911870596754}, "datetime": {"datetime": "2024-02-27 10:42:41", "elapsed": 542.207503, "delta": 4.825198}}
{"target": 0.3583817250240685, "params": {"u": 7.255818906312169, "v": 2.8907826093294453, "x": 2.493623733208772, "y": 2.247728033270635}, "datetime": {"datetime": "2024-02-27 10:42:43", "elapsed": 544.757348, "delta": 2.549845}}
{"target": 0.1507493921790531, "params": {"u": 3.414112127534916, "v": 1.5756918160852385, "x": 6.545030003275871, "y": 9.686249118498791}, "datetime": {"datetime": "2024-02-27 10:42:45", "elapsed": 546.350268, "delta": 1.59292}}
{"target": 0.2355823150595715, "params": {"u": 5.328861216505869, "v": 9.246913913875815, "x": 6.615665929879865, "y": 2.733277673572667}, "datetime": {"datetime": "2024-02-27 10:42:47", "elapsed": 548.608271, "delta": 2.258003}}
{"target": 1.5886391402537536, "params": {"u": 5.1854771290152595, "v": 4.606470191838566, "x": 4.224747725495269, "y": 3.9161079736586246}, "datetime": {"datetime": "2024-02-27 10:42:51", "elapsed": 553.106834, "delta": 4.498563}}
{"target": 3.347117978937472, "params": {"u": 4.475764344992863, "v": 4.985759793848566, "x": 3.503604852146549, "y": 3.9752503128507213}, "datetime": {"datetime": "2024-02-27 10:42:55", "elapsed": 556.643632, "delta": 3.536798}}
{"target": 6.438851085293127, "params": {"u": 4.910090584112792, "v": 4.644454992369859, "x": 4.017668532734271, "y": 4.261608107376236}, "datetime": {"datetime": "2024-02-27 10:42:58", "elapsed": 560.199815, "delta": 3.556183}}
{"target": 0.8733805713007848, "params": {"u": 3.333866555308794, "v": 3.6164001089169417, "x": 4.186977197979874, "y": 4.175454708941948}, "datetime": {"datetime": "2024-02-27 10:43:03", "elapsed": 565.199206, "delta": 4.999391}}
{"target": 5.147792274394091, "params": {"u": 4.409402603418618, "v": 4.658982967010287, "x": 3.9140209584810948, "y": 3.668087664426233}, "datetime": {"datetime": "2024-02-27 10:43:07", "elapsed": 568.221533, "delta": 3.022327}}
{"target": 1.5089468442005474, "params": {"u": 4.511550067664477, "v": 3.848129210130314, "x": 4.339859416593886, "y": 3.5458839023323563}, "datetime": {"datetime": "2024-02-27 10:43:09", "elapsed": 570.37245, "delta": 2.150917}}
{"target": 1.4855459609530013, "params": {"u": 4.166716597729437, "v": 3.5081291286367433, "x": 3.994173751307788, "y": 4.068260780274721}, "datetime": {"datetime": "2024-02-27 10:43:11", "elapsed": 572.744286, "delta": 2.371836}}
{"target": 9.771237257929974, "params": {"u": 4.479976565158439, "v": 4.977647131066299, "x": 4.091290236350908, "y": 4.009858398096068}, "datetime": {"datetime": "2024-02-27 10:43:13", "elapsed": 574.92516, "delta": 2.180874}}
{"target": 1.0379298328106508, "params": {"u": 5.273403066413343, "v": 4.540281244604341, "x": 4.431941248735226, "y": 4.91498207824745}, "datetime": {"datetime": "2024-02-27 10:43:16", "elapsed": 577.83344, "delta": 2.90828}}
{"target": 8.579764557492792, "params": {"u": 4.986529249059538, "v": 4.481298381487134, "x": 4.134177355197495, "y": 3.917708940523914}, "datetime": {"datetime": "2024-02-27 10:43:19", "elapsed": 580.394366, "delta": 2.560926}}
{"target": 0.3514867268132308, "params": {"u": 3.8321427807331254, "v": 7.871048288024848, "x": 3.7304871992358124, "y": 2.9711833707457345}, "datetime": {"datetime": "2024-02-27 10:43:20", "elapsed": 581.816145, "delta": 1.421779}}
{"target": 0.13931170404474655, "params": {"u": 2.208103073514086, "v": 1.8584988637929512, "x": 9.598856346456818, "y": 7.616219006144753}, "datetime": {"datetime": "2024-02-27 10:43:23", "elapsed": 584.604799, "delta": 2.788654}}
{"target": 2.360573356916642, "params": {"u": 4.06721841550096, "v": 4.180768357606187, "x": 4.424425758861025, "y": 3.44215034355146}, "datetime": {"datetime": "2024-02-27 10:43:27", "elapsed": 589.188867, "delta": 4.584068}}
{"target": 0.8196524774240393, "params": {"u": 4.0057154051889166, "v": 5.568140383135552, "x": 3.0508803587127975, "y": 3.53490550194549}, "datetime": {"datetime": "2024-02-27 10:43:31", "elapsed": 592.22961, "delta": 3.040743}}
{"target": 0.1727154306642135, "params": {"u": 2.932276554742572, "v": 0.8455524412587645, "x": 8.184269546515495, "y": 0.02432957525991375}, "datetime": {"datetime": "2024-02-27 10:43:32", "elapsed": 593.760291, "delta": 1.530681}}
{"target": 1.239474016726827, "params": {"u": 4.39963135801044, "v": 3.721127918216239, "x": 3.559641563912267, "y": 4.167294438641739}, "datetime": {"datetime": "2024-02-27 10:43:35", "elapsed": 596.791247, "delta": 3.030956}}
{"target": 1.418048992638605, "params": {"u": 5.0740571023693395, "v": 4.417959202096208, "x": 4.114770774429069, "y": 4.3507499493593125}, "datetime": {"datetime": "2024-02-27 10:43:39", "elapsed": 600.272552, "delta": 3.481305}}
{"target": 0.4042100413366213, "params": {"u": 5.598429315917483, "v": 7.801519142323144, "x": 6.339695146372875, "y": 3.0387851609870733}, "datetime": {"datetime": "2024-02-27 10:43:40", "elapsed": 601.482451, "delta": 1.209899}}
{"target": 1.2526861166026542, "params": {"u": 5.032464592884085, "v": 2.4306180820559176, "x": 5.91326985472413, "y": 2.951951322885521}, "datetime": {"datetime": "2024-02-27 10:43:44", "elapsed": 605.509612, "delta": 4.027161}}
{"target": 3.9086099946025503, "params": {"u": 4.714476887659387, "v": 4.0505184226882465, "x": 3.9012732786479507, "y": 3.5657849785129914}, "datetime": {"datetime": "2024-02-27 10:43:49", "elapsed": 610.603797, "delta": 5.094185}}
{"target": 3.2391041435698384, "params": {"u": 4.345518348472392, "v": 4.9766639809610265, "x": 4.328875547098628, "y": 3.580293580284326}, "datetime": {"datetime": "2024-02-27 10:43:51", "elapsed": 612.971669, "delta": 2.367872}}
{"target": 0.48468645847318464, "params": {"u": 5.614834395249502, "v": 4.4864776545358085, "x": 8.400763703704442, "y": 2.604466095712412}, "datetime": {"datetime": "2024-02-27 10:43:55", "elapsed": 616.318502, "delta": 3.346833}}
{"target": 3.5264769438325847, "params": {"u": 4.445083322551671, "v": 4.3436766108189415, "x": 3.928993393540484, "y": 4.472860083866276}, "datetime": {"datetime": "2024-02-27 10:44:00", "elapsed": 621.315707, "delta": 4.997205}}
{"target": 0.3186084758086336, "params": {"u": 5.600573879146844, "v": 4.0787209494306556, "x": 0.8730907690700418, "y": 3.0074634108910425}, "datetime": {"datetime": "2024-02-27 10:44:03", "elapsed": 624.385166, "delta": 3.069459}}
{"target": 3.6531309811721204, "params": {"u": 4.257516725241841, "v": 4.453548896080431, "x": 4.430338266082112, "y": 3.7870759610135893}, "datetime": {"datetime": "2024-02-27 10:44:06", "elapsed": 628.143904, "delta": 3.758738}}
{"target": 0.21802850668442952, "params": {"u": 6.240897245858783, "v": 1.1565058780221837, "x": 2.089657656069557, "y": 6.9695058367697}, "datetime": {"datetime": "2024-02-27 10:44:08", "elapsed": 629.593605, "delta": 1.449701}}
{"target": 0.29992809291343675, "params": {"u": 4.514791204548292, "v": 4.588638163969972, "x": 7.673392551896047, "y": 7.699861269447207}, "datetime": {"datetime": "2024-02-27 10:44:11", "elapsed": 632.366044, "delta": 2.772439}}
{"target": 0.8518504111506018, "params": {"u": 3.8279361109735985, "v": 3.9384888802002163, "x": 3.949734427907968, "y": 3.4759583791176487}, "datetime": {"datetime": "2024-02-27 10:44:16", "elapsed": 638.012529, "delta": 5.646485}}
{"target": 0.19408286656015453, "params": {"u": 7.344157755258658, "v": 1.4309337890643292, "x": 8.526797371154398, "y": 7.880951283217525}, "datetime": {"datetime": "2024-02-27 10:44:18", "elapsed": 639.942302, "delta": 1.929773}}
{"target": 1.0421957716248114, "params": {"u": 3.975205250041125, "v": 4.4422213229082015, "x": 4.432672827585998, "y": 4.524409350644008}, "datetime": {"datetime": "2024-02-27 10:44:22", "elapsed": 643.226114, "delta": 3.283812}}
{"target": 5.762284734190606, "params": {"u": 4.375532816880286, "v": 4.726552148979074, "x": 4.263129404269572, "y": 3.844241704723601}, "datetime": {"datetime": "2024-02-27 10:44:24", "elapsed": 645.479694, "delta": 2.25358}}
{"target": 1.2744292535061115, "params": {"u": 3.8931055288324012, "v": 4.821593147976861, "x": 3.868086451069639, "y": 3.8519105442676116}, "datetime": {"datetime": "2024-02-27 10:44:27", "elapsed": 648.454818, "delta": 2.975124}}
{"target": 0.13280387764275303, "params": {"u": 0.47074522220492465, "v": 0.5896054297348918, "x": 0.6279513059781794, "y": 6.599042874266406}, "datetime": {"datetime": "2024-02-27 10:44:30", "elapsed": 651.258703, "delta": 2.803885}}
{"target": 0.19484952006159786, "params": {"u": 8.292428380262077, "v": 3.9224975612598136, "x": 0.9834294843240798, "y": 0.8945319086721026}, "datetime": {"datetime": "2024-02-27 10:44:33", "elapsed": 654.832871, "delta": 3.574168}}
{"target": 6.940211873806371, "params": {"u": 4.471675044980258, "v": 4.032361311910724, "x": 4.034925954913115, "y": 3.7641337496944907}, "datetime": {"datetime": "2024-02-27 10:44:38", "elapsed": 659.351284, "delta": 4.518413}}
{"target": 0.20146052337286016, "params": {"u": 3.8146709457778503, "v": 9.753436216900392, "x": 8.529852127127581, "y": 6.495803769415089}, "datetime": {"datetime": "2024-02-27 10:44:39", "elapsed": 660.503329, "delta": 1.152045}}
{"target": 10.268682420944026, "params": {"u": 4.758496261946429, "v": 4.573687336080226, "x": 4.004069724870979, "y": 3.9471402147264456}, "datetime": {"datetime": "2024-02-27 10:44:43", "elapsed": 664.975143, "delta": 4.471814}}
{"target": 0.19399025821756577, "params": {"u": 9.965458069566374, "v": 0.27064309079933846, "x": 5.894687929212534, "y": 6.711886869380943}, "datetime": {"datetime": "2024-02-27 10:44:49", "elapsed": 671.038941, "delta": 6.063798}}
{"target": 0.33818300004034074, "params": {"u": 4.20405017599335, "v": 7.916664841671958, "x": 3.25346159805755, "y": 2.5040841322282734}, "datetime": {"datetime": "2024-02-27 10:44:51", "elapsed": 672.666961, "delta": 1.62802}}
{"target": 0.17710542838434015, "params": {"u": 1.13224419587315, "v": 5.046592586295979, "x": 8.349475154962274, "y": 0.9349693270782566}, "datetime": {"datetime": "2024-02-27 10:44:53", "elapsed": 674.486884, "delta": 1.819923}}
{"target": 3.3923039516939393, "params": {"u": 4.595955816145335, "v": 4.073823458859667, "x": 3.595146427902123, "y": 3.7153984120024317}, "datetime": {"datetime": "2024-02-27 10:44:59", "elapsed": 680.248903, "delta": 5.762019}}
{"target": 0.32769147859670006, "params": {"u": 4.057046485599997, "v": 9.503209424347151, "x": 5.42135253695518, "y": 5.558297879773616}, "datetime": {"datetime": "2024-02-27 10:45:02", "elapsed": 683.299233, "delta": 3.05033}}
{"target": 1.5225541971163448, "params": {"u": 5.165512661605179, "v": 4.017655087542709, "x": 3.965116014034622, "y": 4.092633594042319}, "datetime": {"datetime": "2024-02-27 10:45:05", "elapsed": 686.62555, "delta": 3.326317}}
{"target": 1.1088003159503141, "params": {"u": 4.291233674560906, "v": 5.9903080253488925, "x": 3.629418505888583, "y": 4.473922782924539}, "datetime": {"datetime": "2024-02-27 10:45:08", "elapsed": 690.188414, "delta": 3.562864}}
{"target": 0.8678256035962906, "params": {"u": 6.056106655582987, "v": 4.985578303481242, "x": 4.088002019578379, "y": 2.831593326712981}, "datetime": {"datetime": "2024-02-27 10:45:12", "elapsed": 694.127759, "delta": 3.939345}}
{"target": 4.587294604939066, "params": {"u": 4.642540197721709, "v": 4.340540123146228, "x": 3.6231858313696073, "y": 3.9589762586227795}, "datetime": {"datetime": "2024-02-27 10:45:14", "elapsed": 695.849543, "delta": 1.721784}}
{"target": 0.13582277022895925, "params": {"u": 0.12754033196767822, "v": 8.455539067910207, "x": 9.094229692402298, "y": 4.497638966850037}, "datetime": {"datetime": "2024-02-27 10:45:16", "elapsed": 697.651075, "delta": 1.801532}}
{"target": 1.5453992044491385, "params": {"u": 5.029743315040931, "v": 4.0802788187120544, "x": 4.038625096996081, "y": 3.6746449257714753}, "datetime": {"datetime": "2024-02-27 10:45:19", "elapsed": 701.09078, "delta": 3.439705}}
{"target": 1.3592269771308008, "params": {"u": 4.756154759548837, "v": 5.0579333731683125, "x": 4.0160180329886055, "y": 3.975485858143598}, "datetime": {"datetime": "2024-02-27 10:45:28", "elapsed": 710.027499, "delta": 8.936719}}
{"target": 4.581731734711841, "params": {"u": 4.681959561928135, "v": 4.800477215522867, "x": 3.620750546833368, "y": 3.9998624368751887}, "datetime": {"datetime": "2024-02-27 10:45:30", "elapsed": 712.000072, "delta": 1.972573}}
{"target": 0.31462719884049645, "params": {"u": 8.036949734203283, "v": 0.9116050962407762, "x": 4.463009972015613, "y": 1.0640692826217024}, "datetime": {"datetime": "2024-02-27 10:45:31", "elapsed": 713.121492, "delta": 1.12142}}
{"target": 0.14351606658757188, "params": {"u": 0.022971958043038754, "v": 3.044953835571377, "x": 1.0231859736432192, "y": 9.040501702601384}, "datetime": {"datetime": "2024-02-27 10:45:34", "elapsed": 715.813014, "delta": 2.691522}}
{"target": 1.2722248323221395, "params": {"u": 1.910941842499193, "v": 1.7814053799101692, "x": 1.2076250325741322, "y": 1.8012253352695784}, "datetime": {"datetime": "2024-02-27 10:45:36", "elapsed": 717.755952, "delta": 1.942938}}
{"target": 3.8391718158001256, "params": {"u": 4.159736025000921, "v": 4.932155239331635, "x": 3.904503895007333, "y": 4.434673167176487}, "datetime": {"datetime": "2024-02-27 10:45:39", "elapsed": 720.732646, "delta": 2.976694}}
{"target": 0.6646767942157776, "params": {"u": 8.713928306580634, "v": 3.778616815392305, "x": 7.220433778848849, "y": 4.677301867437411}, "datetime": {"datetime": "2024-02-27 10:45:40", "elapsed": 722.054115, "delta": 1.321469}}
{"target": 0.30844460064587387, "params": {"u": 6.59983510849039, "v": 8.287686353734085, "x": 6.168404906557211, "y": 2.7829626427083}, "datetime": {"datetime": "2024-02-27 10:45:42", "elapsed": 723.209976, "delta": 1.155861}}
{"target": 7.569628471808954, "params": {"u": 4.397477653251297, "v": 4.075285239002984, "x": 3.8829254578979944, "y": 3.831455638690545}, "datetime": {"datetime": "2024-02-27 10:45:43", "elapsed": 724.29897, "delta": 1.088994}}
{"target": 3.9399011491490357, "params": {"u": 5.245835197484694, "v": 3.271535234301517, "x": 4.925467353532904, "y": 2.92331631372561}, "datetime": {"datetime": "2024-02-27 10:45:44", "elapsed": 725.736799, "delta": 1.437829}}
{"target": 0.24792028353056642, "params": {"u": 4.334783009075234, "v": 9.362380827785865, "x": 6.293403658517, "y": 9.145107368947897}, "datetime": {"datetime": "2024-02-27 10:45:48", "elapsed": 729.613566, "delta": 3.876767}}
{"target": 0.3836807450558073, "params": {"u": 3.011817061278861, "v": 6.66771318320322, "x": 3.403903985020069, "y": 9.214989640120915}, "datetime": {"datetime": "2024-02-27 10:45:51", "elapsed": 732.483203, "delta": 2.869637}}
{"target": 0.12720796300773815, "params": {"u": 0.9020357962272985, "v": 2.8265824313284984, "x": 7.932261568144446, "y": 8.677559243859243}, "datetime": {"datetime": "2024-02-27 10:45:54", "elapsed": 736.108985, "delta": 3.625782}}
{"target": 0.2416951393290631, "params": {"u": 3.587890467318168, "v": 4.614292961364605, "x": 7.936171340304431, "y": 7.942471486258386}, "datetime": {"datetime": "2024-02-27 10:45:57", "elapsed": 738.886234, "delta": 2.777249}}
{"target": 0.2459224069733824, "params": {"u": 4.390938945030943, "v": 0.8894277382161964, "x": 0.7949538805538436, "y": 0.899607443470144}, "datetime": {"datetime": "2024-02-27 10:45:59", "elapsed": 740.728649, "delta": 1.842415}}
{"target": 1.1690928730967998, "params": {"u": 4.40354795267333, "v": 5.120252429467083, "x": 3.7792372252021877, "y": 3.549339853247008}, "datetime": {"datetime": "2024-02-27 10:46:03", "elapsed": 744.459847, "delta": 3.731198}}
