{"target": -0.9015115802348164, "params": {"colsample_bytree": 0.3361308669258527, "learning_rate": 0.18694382085764683, "max_bin_exp": 5.952793954488798, "max_depth": 5.872033693314318, "n_estimators": 4453.947217547405, "reg_alpha": 1.072362608107816, "reg_lambda": 1.9513186561565727}, "datetime": {"datetime": "2024-02-19 18:01:06", "elapsed": 1509.414285, "delta": 4.894982}}
{"target": -1.0409946291242753, "params": {"colsample_bytree": 0.2958951359168559, "learning_rate": 0.4719706031500771, "max_bin_exp": 5.140605861150044, "max_depth": 5.370998489116777, "n_estimators": 4449.362642775147, "reg_alpha": 1.586973622466509, "reg_lambda": 2.054673743684507}, "datetime": {"datetime": "2024-02-19 18:01:12", "elapsed": 1514.769583, "delta": 5.355298}}
{"target": -0.8497616242055084, "params": {"colsample_bytree": 1.0, "learning_rate": 0.001, "max_bin_exp": 7.585805339494798, "max_depth": 6.0, "n_estimators": 4299.235384081658, "reg_alpha": 0.0, "reg_lambda": 0.0}, "datetime": {"datetime": "2024-02-19 18:01:18", "elapsed": 1521.435382, "delta": 6.665799}}
{"target": -0.7082734820893656, "params": {"colsample_bytree": 1.0, "learning_rate": 0.5, "max_bin_exp": 8.062818285241544, "max_depth": 2.9861136060688165, "n_estimators": 1963.185387144341, "reg_alpha": 0.0, "reg_lambda": 0.10700636946355187}, "datetime": {"datetime": "2024-02-19 18:01:21", "elapsed": 1523.854112, "delta": 2.41873}}
{"target": -3.1699218452153954, "params": {"colsample_bytree": 0.33602128614660454, "learning_rate": 0.2969301925572899, "max_bin_exp": 4.039767623298674, "max_depth": 1.63342924104342, "n_estimators": 1628.5484741984462, "reg_alpha": 2.6779725184090153, "reg_lambda": 0.804876847538945}, "datetime": {"datetime": "2024-02-19 18:01:22", "elapsed": 1525.364136, "delta": 1.510024}}
{"target": -0.700898021314442, "params": {"colsample_bytree": 1.0, "learning_rate": 0.5, "max_bin_exp": 10.0, "max_depth": 3.451057734477269, "n_estimators": 4417.740868272042, "reg_alpha": 3.0, "reg_lambda": 3.0}, "datetime": {"datetime": "2024-02-19 18:01:27", "elapsed": 1529.788782, "delta": 4.424646}}
{"target": -0.7264174940402102, "params": {"colsample_bytree": 0.3276450607876763, "learning_rate": 0.12875025810518356, "max_bin_exp": 7.935159670853862, "max_depth": 4.45096972312575, "n_estimators": 4451.241359331564, "reg_alpha": 0.6955403937282146, "reg_lambda": 1.482906377752724}, "datetime": {"datetime": "2024-02-19 18:01:31", "elapsed": 1534.29744, "delta": 4.508658}}
{"target": -1.9519629609713391, "params": {"colsample_bytree": 0.6392104979602069, "learning_rate": 0.18909983388554294, "max_bin_exp": 5.239181396225868, "max_depth": 1.8591931192420317, "n_estimators": 4450.020139198844, "reg_alpha": 2.4676861296141746, "reg_lambda": 0.7690846196111507}, "datetime": {"datetime": "2024-02-19 18:01:34", "elapsed": 1537.241051, "delta": 2.943611}}
{"target": -0.7336387782316678, "params": {"colsample_bytree": 1.0, "learning_rate": 0.5, "max_bin_exp": 10.0, "max_depth": 3.2969886503959502, "n_estimators": 4370.924765139697, "reg_alpha": 3.0, "reg_lambda": 0.4443093684243381}, "datetime": {"datetime": "2024-02-19 18:01:40", "elapsed": 1542.7845, "delta": 5.543449}}
{"target": -0.6242071737538253, "params": {"colsample_bytree": 0.8647751461960966, "learning_rate": 0.18915926843488262, "max_bin_exp": 9.71392382002264, "max_depth": 5.967250676741821, "n_estimators": 4446.327631472038, "reg_alpha": 0.9521287882610757, "reg_lambda": 0.26811697970080517}, "datetime": {"datetime": "2024-02-19 18:01:46", "elapsed": 1548.883877, "delta": 6.099377}}
{"target": -0.6442456617977164, "params": {"colsample_bytree": 0.8609261648028288, "learning_rate": 0.19775606239992516, "max_bin_exp": 9.502157147477028, "max_depth": 4.9536308116096475, "n_estimators": 4266.344931359051, "reg_alpha": 0.4366083055263812, "reg_lambda": 0.4322135686566093}, "datetime": {"datetime": "2024-02-19 18:01:51", "elapsed": 1554.053797, "delta": 5.16992}}
{"target": -0.6997260432024995, "params": {"colsample_bytree": 0.4632630909479538, "learning_rate": 0.1862668445954649, "max_bin_exp": 6.53621628358979, "max_depth": 3.225848713409687, "n_estimators": 4457.32821231102, "reg_alpha": 0.758439946191492, "reg_lambda": 0.07667037043873137}, "datetime": {"datetime": "2024-02-19 18:01:55", "elapsed": 1558.36689, "delta": 4.313093}}
{"target": -0.7184804577312118, "params": {"colsample_bytree": 1.0, "learning_rate": 0.5, "max_bin_exp": 7.4750340002785025, "max_depth": 4.512982805146871, "n_estimators": 4364.843531154619, "reg_alpha": 0.0, "reg_lambda": 3.0}, "datetime": {"datetime": "2024-02-19 18:02:01", "elapsed": 1563.60382, "delta": 5.23693}}
{"target": -0.8869474654616878, "params": {"colsample_bytree": 0.3864906523351941, "learning_rate": 0.49972758606209594, "max_bin_exp": 7.665685781934121, "max_depth": 5.96301358519485, "n_estimators": 4458.476425922128, "reg_alpha": 0.03735212620086659, "reg_lambda": 0.38242244186307006}, "datetime": {"datetime": "2024-02-19 18:02:06", "elapsed": 1569.421367, "delta": 5.817547}}
{"target": -1.4377734052204714, "params": {"colsample_bytree": 0.9681881828499135, "learning_rate": 0.1140179468592798, "max_bin_exp": 4.714280003302205, "max_depth": 2.267783456525225, "n_estimators": 4459.915015836826, "reg_alpha": 1.9365836330792057, "reg_lambda": 0.7910677965640529}, "datetime": {"datetime": "2024-02-19 18:02:10", "elapsed": 1572.736717, "delta": 3.31535}}
{"target": -1.5736284786075798, "params": {"colsample_bytree": 0.8738279655056436, "learning_rate": 0.22490286520481112, "max_bin_exp": 9.726039549198994, "max_depth": 1.8675734334080698, "n_estimators": 3021.4423242916005, "reg_alpha": 0.5621153810715231, "reg_lambda": 1.0633997843467382}, "datetime": {"datetime": "2024-02-19 18:02:12", "elapsed": 1574.606328, "delta": 1.869611}}
{"target": -0.6900252501655191, "params": {"colsample_bytree": 0.8552260479528278, "learning_rate": 0.31412853613053676, "max_bin_exp": 8.387034814107583, "max_depth": 3.8749323955642354, "n_estimators": 4444.278950330794, "reg_alpha": 0.3679057595239572, "reg_lambda": 2.1025297612086993}, "datetime": {"datetime": "2024-02-19 18:02:16", "elapsed": 1578.986357, "delta": 4.380029}}
{"target": -0.6920753229909664, "params": {"colsample_bytree": 0.3706412074136421, "learning_rate": 0.216385348209959, "max_bin_exp": 9.479792912595943, "max_depth": 3.1428396277596673, "n_estimators": 4458.448561649596, "reg_alpha": 0.06673018805267028, "reg_lambda": 0.6342039785909768}, "datetime": {"datetime": "2024-02-19 18:02:20", "elapsed": 1583.393818, "delta": 4.407461}}
{"target": -0.6820829327374646, "params": {"colsample_bytree": 0.6042834112146012, "learning_rate": 0.2953819722955501, "max_bin_exp": 8.92928422415973, "max_depth": 3.303955946526637, "n_estimators": 1631.6342928619054, "reg_alpha": 2.8378518863656046, "reg_lambda": 0.04659626101457259}, "datetime": {"datetime": "2024-02-19 18:02:23", "elapsed": 1585.681874, "delta": 2.288056}}
{"target": -3.764980951012241, "params": {"colsample_bytree": 0.2, "learning_rate": 0.001, "max_bin_exp": 10.0, "max_depth": 3.963783119994877, "n_estimators": 4461.655585447203, "reg_alpha": 0.0, "reg_lambda": 0.0}, "datetime": {"datetime": "2024-02-19 18:02:27", "elapsed": 1589.750667, "delta": 4.068793}}
{"target": -0.7327382125323681, "params": {"colsample_bytree": 0.5243886448641637, "learning_rate": 0.38127859523522706, "max_bin_exp": 9.676771453562807, "max_depth": 2.7431347108013884, "n_estimators": 4442.980167894014, "reg_alpha": 0.7862411729172563, "reg_lambda": 0.16809877926147587}, "datetime": {"datetime": "2024-02-19 18:02:30", "elapsed": 1593.309457, "delta": 3.55879}}
{"target": -0.6687769698148394, "params": {"colsample_bytree": 0.6248748705525262, "learning_rate": 0.26983085773646337, "max_bin_exp": 8.277066782946456, "max_depth": 5.697920275534368, "n_estimators": 4455.435559500334, "reg_alpha": 0.5822882655536858, "reg_lambda": 0.2338113885788785}, "datetime": {"datetime": "2024-02-19 18:02:36", "elapsed": 1599.079469, "delta": 5.770012}}
{"target": -0.9615647187253561, "params": {"colsample_bytree": 0.2, "learning_rate": 0.5, "max_bin_exp": 9.873684339105207, "max_depth": 6.0, "n_estimators": 4303.369646816123, "reg_alpha": 3.0, "reg_lambda": 3.0}, "datetime": {"datetime": "2024-02-19 18:02:42", "elapsed": 1605.414648, "delta": 6.335179}}
{"target": -0.7103575118850047, "params": {"colsample_bytree": 0.8606263845836202, "learning_rate": 0.33055854454755895, "max_bin_exp": 9.275351368310563, "max_depth": 2.1800545821372554, "n_estimators": 1634.489906883328, "reg_alpha": 0.1736002422305698, "reg_lambda": 0.10524630581538819}, "datetime": {"datetime": "2024-02-19 18:02:45", "elapsed": 1607.913649, "delta": 2.499001}}
{"target": -0.7156784739132753, "params": {"colsample_bytree": 0.6611710716105672, "learning_rate": 0.2856718714491257, "max_bin_exp": 8.974340551675379, "max_depth": 2.832739749674144, "n_estimators": 1634.7957521521905, "reg_alpha": 2.502895793513445, "reg_lambda": 2.707169746519712}, "datetime": {"datetime": "2024-02-19 18:02:47", "elapsed": 1609.957848, "delta": 2.044199}}
{"target": -2.2880579378001413, "params": {"colsample_bytree": 0.7267763752220981, "learning_rate": 0.11545895873469819, "max_bin_exp": 9.442264360281332, "max_depth": 1.966760782412237, "n_estimators": 1636.305373656397, "reg_alpha": 2.9243251175231086, "reg_lambda": 0.5025937944473519}, "datetime": {"datetime": "2024-02-19 18:02:49", "elapsed": 1612.550643, "delta": 2.592795}}
{"target": -0.7695052942156144, "params": {"colsample_bytree": 0.31271088656377055, "learning_rate": 0.38975918625752265, "max_bin_exp": 7.791085554813449, "max_depth": 3.18177638343653, "n_estimators": 4457.192043238019, "reg_alpha": 0.2554281913660231, "reg_lambda": 2.165937364386669}, "datetime": {"datetime": "2024-02-19 18:02:53", "elapsed": 1616.529039, "delta": 3.978396}}
{"target": -0.650655800979505, "params": {"colsample_bytree": 0.4431170389027105, "learning_rate": 0.06743452889025692, "max_bin_exp": 7.289540733572053, "max_depth": 5.079588066954408, "n_estimators": 1632.819351390555, "reg_alpha": 2.4582443935237253, "reg_lambda": 1.5802934962176658}, "datetime": {"datetime": "2024-02-19 18:02:56", "elapsed": 1619.418874, "delta": 2.889835}}
{"target": -0.6272026808821799, "params": {"colsample_bytree": 0.8220493873562267, "learning_rate": 0.3063689976577398, "max_bin_exp": 9.520943016903795, "max_depth": 5.163043273999255, "n_estimators": 1632.956738290385, "reg_alpha": 1.5057416008592528, "reg_lambda": 2.1023707204975475}, "datetime": {"datetime": "2024-02-19 18:03:00", "elapsed": 1622.954093, "delta": 3.535219}}
{"target": -0.683440802718191, "params": {"colsample_bytree": 0.5274165668386167, "learning_rate": 0.20521080259608024, "max_bin_exp": 7.543217645307437, "max_depth": 3.0295163736001, "n_estimators": 1633.2766067116406, "reg_alpha": 0.06423003274434003, "reg_lambda": 2.3814067308279445}, "datetime": {"datetime": "2024-02-19 18:03:03", "elapsed": 1625.799385, "delta": 2.845292}}
{"target": -0.6752152467915048, "params": {"colsample_bytree": 0.7876965780918286, "learning_rate": 0.4167321188521985, "max_bin_exp": 8.289993043968288, "max_depth": 4.224515706558414, "n_estimators": 1635.566178308967, "reg_alpha": 1.004189634248389, "reg_lambda": 2.942206518587878}, "datetime": {"datetime": "2024-02-19 18:03:06", "elapsed": 1629.139373, "delta": 3.339988}}
{"target": -0.7261456044943024, "params": {"colsample_bytree": 0.4269829983117263, "learning_rate": 0.18793721598760932, "max_bin_exp": 8.403980800623298, "max_depth": 5.222086694990754, "n_estimators": 1634.8629430477833, "reg_alpha": 0.17053107055578476, "reg_lambda": 0.9785169048012387}, "datetime": {"datetime": "2024-02-19 18:03:09", "elapsed": 1632.43949, "delta": 3.300117}}
{"target": -0.7153234063390125, "params": {"colsample_bytree": 0.6749675267603426, "learning_rate": 0.4292383154391571, "max_bin_exp": 8.505079462585103, "max_depth": 5.0103203550315145, "n_estimators": 1873.6841234586384, "reg_alpha": 2.693285434119939, "reg_lambda": 0.13190310000168382}, "datetime": {"datetime": "2024-02-19 18:03:13", "elapsed": 1636.329747, "delta": 3.890257}}
{"target": -0.7673288232033825, "params": {"colsample_bytree": 0.8802874624147052, "learning_rate": 0.3707686388822009, "max_bin_exp": 5.779018063635078, "max_depth": 3.2333043635099763, "n_estimators": 1872.4729639286884, "reg_alpha": 1.8067437621411782, "reg_lambda": 1.3911298822975313}, "datetime": {"datetime": "2024-02-19 18:03:16", "elapsed": 1638.858609, "delta": 2.528862}}
{"target": -0.7499205998970104, "params": {"colsample_bytree": 0.6636320277909018, "learning_rate": 0.020567936268879677, "max_bin_exp": 9.455891849145072, "max_depth": 3.3978573413926263, "n_estimators": 1871.1724462102432, "reg_alpha": 2.66251900234283, "reg_lambda": 0.769662159628831}, "datetime": {"datetime": "2024-02-19 18:03:19", "elapsed": 1641.616035, "delta": 2.757426}}
{"target": -0.7197423364951154, "params": {"colsample_bytree": 0.5913352962815788, "learning_rate": 0.1669129848329018, "max_bin_exp": 7.90632922555312, "max_depth": 2.7111422750161065, "n_estimators": 1875.5090940095981, "reg_alpha": 1.169973087739729, "reg_lambda": 0.9545045314695694}, "datetime": {"datetime": "2024-02-19 18:03:21", "elapsed": 1643.663822, "delta": 2.047787}}
{"target": -2.7911517696445385, "params": {"colsample_bytree": 0.4319451897095979, "learning_rate": 0.0892045966965232, "max_bin_exp": 9.726390091710744, "max_depth": 1.7226375528093032, "n_estimators": 1873.9482888174591, "reg_alpha": 0.8733382483272275, "reg_lambda": 2.661847357978483}, "datetime": {"datetime": "2024-02-19 18:03:22", "elapsed": 1645.511359, "delta": 1.847537}}
{"target": -0.69174432131058, "params": {"colsample_bytree": 0.5189695177578384, "learning_rate": 0.2846874165373892, "max_bin_exp": 6.354184883075845, "max_depth": 3.8676700953047667, "n_estimators": 1877.6942498783005, "reg_alpha": 1.163126513807653, "reg_lambda": 0.75421212059145}, "datetime": {"datetime": "2024-02-19 18:03:25", "elapsed": 1648.326322, "delta": 2.814963}}
{"target": -1.4936558488590221, "params": {"colsample_bytree": 0.6688245080764292, "learning_rate": 0.24930701207772268, "max_bin_exp": 4.0703010658829415, "max_depth": 2.6660890539715245, "n_estimators": 1875.3642210041555, "reg_alpha": 1.3467722234079127, "reg_lambda": 1.8800938350715848}, "datetime": {"datetime": "2024-02-19 18:03:27", "elapsed": 1650.409053, "delta": 2.082731}}
{"target": -0.6942318696632974, "params": {"colsample_bytree": 0.8514339795068224, "learning_rate": 0.3365445545805638, "max_bin_exp": 7.882945480150859, "max_depth": 5.721778657860752, "n_estimators": 1870.284239216571, "reg_alpha": 1.5606685961296871, "reg_lambda": 0.10913794767784135}, "datetime": {"datetime": "2024-02-19 18:03:31", "elapsed": 1653.642345, "delta": 3.233292}}
{"target": -0.8325386539923199, "params": {"colsample_bytree": 0.3124655301057536, "learning_rate": 0.11568531993971772, "max_bin_exp": 5.849518913073769, "max_depth": 3.9491141294870564, "n_estimators": 1869.116860325403, "reg_alpha": 2.018980668030691, "reg_lambda": 0.04807806651252944}, "datetime": {"datetime": "2024-02-19 18:03:33", "elapsed": 1656.564606, "delta": 2.922261}}
{"target": -0.8573504791799081, "params": {"colsample_bytree": 0.27243522870875847, "learning_rate": 0.31150185574032674, "max_bin_exp": 6.6889134977936715, "max_depth": 5.600914641657718, "n_estimators": 1872.7526076974207, "reg_alpha": 1.2243647060554774, "reg_lambda": 0.05715493361286961}, "datetime": {"datetime": "2024-02-19 18:03:36", "elapsed": 1659.307363, "delta": 2.742757}}
{"target": -0.6745203862411355, "params": {"colsample_bytree": 0.9743970161911251, "learning_rate": 0.17615617901822478, "max_bin_exp": 7.918747214821117, "max_depth": 3.2376846873736325, "n_estimators": 1876.7476786224197, "reg_alpha": 2.8833566809976947, "reg_lambda": 0.11712138431032493}, "datetime": {"datetime": "2024-02-19 18:03:39", "elapsed": 1661.872396, "delta": 2.565033}}
{"target": -0.648998923500765, "params": {"colsample_bytree": 0.8018279202694873, "learning_rate": 0.016901388266724552, "max_bin_exp": 9.267672466342438, "max_depth": 4.578507082400105, "n_estimators": 1877.5290940634798, "reg_alpha": 0.8778208232467338, "reg_lambda": 0.16039926384275283}, "datetime": {"datetime": "2024-02-19 18:03:42", "elapsed": 1664.763159, "delta": 2.890763}}
{"target": -2.4345839745821567, "params": {"colsample_bytree": 0.6135414087828899, "learning_rate": 0.0027832782268462407, "max_bin_exp": 9.83603272217092, "max_depth": 3.9336377048772215, "n_estimators": 1867.7141229587428, "reg_alpha": 2.630062035272018, "reg_lambda": 2.011706510236569}, "datetime": {"datetime": "2024-02-19 18:03:44", "elapsed": 1667.326717, "delta": 2.563558}}
{"target": -0.7519739022186912, "params": {"colsample_bytree": 0.5290228534174466, "learning_rate": 0.07874220188505007, "max_bin_exp": 5.027222819279838, "max_depth": 4.082926507789178, "n_estimators": 1635.733990331506, "reg_alpha": 0.16776292733915932, "reg_lambda": 2.4606237612323234}, "datetime": {"datetime": "2024-02-19 18:03:47", "elapsed": 1669.918532, "delta": 2.591815}}
{"target": -1.8837086666666667, "params": {"colsample_bytree": 0.6551923030708187, "learning_rate": 0.009530184482067997, "max_bin_exp": 9.006335617527368, "max_depth": 2.2398124589768242, "n_estimators": 1879.2386871630952, "reg_alpha": 2.7287158164122376, "reg_lambda": 2.1518361640901897}, "datetime": {"datetime": "2024-02-19 18:03:50", "elapsed": 1673.01927, "delta": 3.100738}}
{"target": -0.6106428592639183, "params": {"colsample_bytree": 0.7270481601466356, "learning_rate": 0.05470234196529147, "max_bin_exp": 9.061526683924907, "max_depth": 4.971375578625521, "n_estimators": 1631.745451627265, "reg_alpha": 0.1272159892661927, "reg_lambda": 0.3490565954267876}, "datetime": {"datetime": "2024-02-19 18:03:54", "elapsed": 1676.708898, "delta": 3.689628}}
{"target": -0.8302641861420079, "params": {"colsample_bytree": 0.49986184054946325, "learning_rate": 0.3627265293690284, "max_bin_exp": 5.607667424573601, "max_depth": 2.5029423491147993, "n_estimators": 1633.896590126867, "reg_alpha": 0.3817975657719864, "reg_lambda": 0.07210783276284072}, "datetime": {"datetime": "2024-02-19 18:03:56", "elapsed": 1679.198061, "delta": 2.489163}}
{"target": -0.8125506991455078, "params": {"colsample_bytree": 0.39747004023841503, "learning_rate": 0.4216074493547883, "max_bin_exp": 8.222169400615375, "max_depth": 5.917907884557016, "n_estimators": 4266.817948806938, "reg_alpha": 2.5759675933868786, "reg_lambda": 0.3710458332901433}, "datetime": {"datetime": "2024-02-19 18:04:03", "elapsed": 1685.672029, "delta": 6.473968}}
{"target": -0.7264977861611346, "params": {"colsample_bytree": 0.7916662183365857, "learning_rate": 0.46043786132859693, "max_bin_exp": 6.458811480323079, "max_depth": 5.735482952271487, "n_estimators": 1875.8508896702976, "reg_alpha": 1.728886065575598, "reg_lambda": 0.3258974662528077}, "datetime": {"datetime": "2024-02-19 18:04:06", "elapsed": 1688.854511, "delta": 3.182482}}
{"target": -1.1234184564088983, "params": {"colsample_bytree": 1.0, "learning_rate": 0.001, "max_bin_exp": 10.0, "max_depth": 5.1535144840280545, "n_estimators": 4281.695801817637, "reg_alpha": 0.0, "reg_lambda": 1.419167881691382}, "datetime": {"datetime": "2024-02-19 18:04:14", "elapsed": 1696.902747, "delta": 8.048236}}
{"target": -1.0201549391112361, "params": {"colsample_bytree": 0.7501194755123628, "learning_rate": 0.05857091257131338, "max_bin_exp": 4.706191411926414, "max_depth": 5.598050440260862, "n_estimators": 1638.031131367948, "reg_alpha": 2.599252278754726, "reg_lambda": 2.858196820628822}, "datetime": {"datetime": "2024-02-19 18:04:17", "elapsed": 1699.982974, "delta": 3.080227}}
{"target": -3.1434743905131826, "params": {"colsample_bytree": 0.2071186975204328, "learning_rate": 0.3870330827986328, "max_bin_exp": 4.390252384861505, "max_depth": 5.94043798737859, "n_estimators": 1878.6395942828847, "reg_alpha": 0.6387418236287672, "reg_lambda": 0.10863622122158612}, "datetime": {"datetime": "2024-02-19 18:04:21", "elapsed": 1703.728274, "delta": 3.7453}}
{"target": -1.303085088336262, "params": {"colsample_bytree": 0.39630303894670393, "learning_rate": 0.12505419762976336, "max_bin_exp": 4.282154242976535, "max_depth": 5.838432549416239, "n_estimators": 1632.7271835096126, "reg_alpha": 1.4075292936139607, "reg_lambda": 1.9984676151083507}, "datetime": {"datetime": "2024-02-19 18:04:24", "elapsed": 1706.864274, "delta": 3.136}}
{"target": -1.859276601912665, "params": {"colsample_bytree": 0.4173222467938973, "learning_rate": 0.4302003522808079, "max_bin_exp": 9.595605169967243, "max_depth": 1.5151089084183402, "n_estimators": 1632.8364302174168, "reg_alpha": 0.3546801773569529, "reg_lambda": 2.1888475697642082}, "datetime": {"datetime": "2024-02-19 18:04:27", "elapsed": 1709.896654, "delta": 3.03238}}
{"target": -1.1198722769965277, "params": {"colsample_bytree": 1.0, "learning_rate": 0.5, "max_bin_exp": 4.0, "max_depth": 6.0, "n_estimators": 1970.6223278981765, "reg_alpha": 0.0, "reg_lambda": 3.0}, "datetime": {"datetime": "2024-02-19 18:04:31", "elapsed": 1713.669662, "delta": 3.773008}}
{"target": -3.1510154718102643, "params": {"colsample_bytree": 0.2, "learning_rate": 0.001, "max_bin_exp": 10.0, "max_depth": 6.0, "n_estimators": 4379.701669860288, "reg_alpha": 0.0, "reg_lambda": 2.560791313830415}, "datetime": {"datetime": "2024-02-19 18:04:38", "elapsed": 1721.541655, "delta": 7.871993}}
{"target": -3.138233626388889, "params": {"colsample_bytree": 0.674596520230185, "learning_rate": 0.4427850319145798, "max_bin_exp": 4.716466652354185, "max_depth": 1.4902910257717807, "n_estimators": 1638.1555193812846, "reg_alpha": 0.20558239683678692, "reg_lambda": 0.6890574703685328}, "datetime": {"datetime": "2024-02-19 18:04:40", "elapsed": 1723.449296, "delta": 1.907641}}
