{"target": 0.2543381570754528, "params": {"u": 8.692337200773144, "v": 4.00432351938459, "x": 1.7544995588108936, "y": 5.623712776340115}, "datetime": {"datetime": "2024-02-27 10:45:54", "elapsed": 735.921826, "delta": 2.324283}}
{"target": 0.3139418132556261, "params": {"u": 0.8571191480945983, "v": 2.017147512244013, "x": 2.403402340200537, "y": 2.5547464005491816}, "datetime": {"datetime": "2024-02-27 10:45:56", "elapsed": 737.930288, "delta": 2.008462}}
{"target": 1.2749314475950086, "params": {"u": 3.9400584427401233, "v": 4.650678612654934, "x": 3.887614201274685, "y": 4.1380745853469625}, "datetime": {"datetime": "2024-02-27 10:46:04", "elapsed": 745.804388, "delta": 7.8741}}
{"target": 0.11686313943075669, "params": {"u": 9.756595203888471, "v": 9.697968015665168, "x": 9.861970537931047, "y": 0.29368893758619286}, "datetime": {"datetime": "2024-02-27 10:46:10", "elapsed": 751.689524, "delta": 5.885136}}
{"target": 0.1886791886877122, "params": {"u": 9.573273789470955, "v": 5.999974728989765, "x": 2.4875127978429132, "y": 8.374091133146177}, "datetime": {"datetime": "2024-02-27 10:46:12", "elapsed": 753.703654, "delta": 2.01413}}
{"target": 3.818296366470568, "params": {"u": 4.689123398998465, "v": 4.88755303679688, "x": 4.438264819544479, "y": 3.856884350920191}, "datetime": {"datetime": "2024-02-27 10:46:16", "elapsed": 757.790875, "delta": 4.087221}}
{"target": 0.24069875074077102, "params": {"u": 5.327109584882322, "v": 9.122343465429129, "x": 5.2125175739604455, "y": 2.576269713229392}, "datetime": {"datetime": "2024-02-27 10:46:17", "elapsed": 758.888924, "delta": 1.098049}}
{"target": 0.17908419342177145, "params": {"u": 9.34963421735238, "v": 4.973683066866106, "x": 0.5703829505655245, "y": 3.154413649660791}, "datetime": {"datetime": "2024-02-27 10:46:19", "elapsed": 760.506011, "delta": 1.617087}}
{"target": 0.5029226970440016, "params": {"u": 5.427963041415409, "v": 5.496197532407856, "x": 4.714071222986519, "y": 7.481538307026163}, "datetime": {"datetime": "2024-02-27 10:46:21", "elapsed": 763.017526, "delta": 2.511515}}
{"target": 4.536889508178662, "params": {"u": 4.645515362149658, "v": 4.251219817236869, "x": 3.8324647218841323, "y": 3.6507406234303574}, "datetime": {"datetime": "2024-02-27 10:46:25", "elapsed": 766.440131, "delta": 3.422605}}
{"target": 0.14566776348782154, "params": {"u": 2.8725168776181507, "v": 2.4007450356120588, "x": 0.10456722588653489, "y": 8.704471421597033}, "datetime": {"datetime": "2024-02-27 10:46:29", "elapsed": 770.471978, "delta": 4.031847}}
{"target": 0.32026919338765364, "params": {"u": 4.480042772333511, "v": 7.907370528031147, "x": 7.818223854225228, "y": 3.5980071239711275}, "datetime": {"datetime": "2024-02-27 10:46:30", "elapsed": 771.864908, "delta": 1.39293}}
{"target": 0.7318186293321272, "params": {"u": 5.347536357350016, "v": 5.602781796264374, "x": 3.741408782180801, "y": 2.793755223883}, "datetime": {"datetime": "2024-02-27 10:46:31", "elapsed": 773.134942, "delta": 1.270034}}
{"target": 0.4111350296428546, "params": {"u": 6.793146163404424, "v": 3.7665133856972997, "x": 5.358416676943033, "y": 7.052914985540171}, "datetime": {"datetime": "2024-02-27 10:46:34", "elapsed": 776.181149, "delta": 3.046207}}
{"target": 4.195713780016413, "params": {"u": 4.294566279077947, "v": 4.630114445320595, "x": 3.750698795848267, "y": 4.3265159972839164}, "datetime": {"datetime": "2024-02-27 10:46:39", "elapsed": 780.907608, "delta": 4.726459}}
{"target": 0.2447177992041124, "params": {"u": 8.416228751666724, "v": 6.761141021217172, "x": 1.718088448334678, "y": 3.94008463002524}, "datetime": {"datetime": "2024-02-27 10:46:41", "elapsed": 782.452078, "delta": 1.54447}}
{"target": 0.09696764476546273, "params": {"u": 0.05780529219280739, "v": 2.904736806805489, "x": 9.857174152770698, "y": 9.628472744503695}, "datetime": {"datetime": "2024-02-27 10:46:47", "elapsed": 789.071909, "delta": 6.619831}}
{"target": 9.542047939095601, "params": {"u": 4.073318724161767, "v": 4.211527774137899, "x": 3.9996244141360746, "y": 4.104465269876776}, "datetime": {"datetime": "2024-02-27 10:46:50", "elapsed": 791.944482, "delta": 2.872573}}
{"target": 8.218744563200723, "params": {"u": 4.419479209781399, "v": 4.169493438419575, "x": 4.145425913798324, "y": 4.095911017467265}, "datetime": {"datetime": "2024-02-27 10:46:56", "elapsed": 797.616458, "delta": 5.671976}}
{"target": 10.175536088507355, "params": {"u": 4.648036237123334, "v": 4.419633978431512, "x": 4.044566895810581, "y": 4.042203069544187}, "datetime": {"datetime": "2024-02-27 10:46:59", "elapsed": 801.030794, "delta": 3.414336}}
{"target": 6.904005081920635, "params": {"u": 4.216883009511728, "v": 4.93512373958584, "x": 4.177528964742521, "y": 4.160350882059623}, "datetime": {"datetime": "2024-02-27 10:47:03", "elapsed": 804.312638, "delta": 3.281844}}
{"target": 0.39030268966854464, "params": {"u": 2.4371434068590503, "v": 6.310852406083325, "x": 2.0667488818487922, "y": 4.912764058947639}, "datetime": {"datetime": "2024-02-27 10:47:05", "elapsed": 806.213094, "delta": 1.900456}}
{"target": 0.1306223240361266, "params": {"u": 0.3065944548362942, "v": 6.119253512945319, "x": 9.994810165838741, "y": 6.685565270226881}, "datetime": {"datetime": "2024-02-27 10:47:09", "elapsed": 810.537339, "delta": 4.324245}}
{"target": 0.26234385836348983, "params": {"u": 4.450413928943393, "v": 4.255652754580639, "x": 9.928885091134134, "y": 2.5822419551050446}, "datetime": {"datetime": "2024-02-27 10:47:10", "elapsed": 811.796635, "delta": 1.259296}}
{"target": 2.5504226252486655, "params": {"u": 4.210091218982849, "v": 4.270238226593305, "x": 3.5710701902994444, "y": 3.5495993478146817}, "datetime": {"datetime": "2024-02-27 10:47:14", "elapsed": 815.420329, "delta": 3.623694}}
{"target": 4.396595343350398, "params": {"u": 4.281208172717465, "v": 4.4599163212029245, "x": 3.624672379938656, "y": 3.8774627820605447}, "datetime": {"datetime": "2024-02-27 10:47:17", "elapsed": 818.973169, "delta": 3.55284}}
{"target": 0.15429919067223274, "params": {"u": 3.188932672627679, "v": 6.262291709546243, "x": 9.943256271056542, "y": 9.393886974464698}, "datetime": {"datetime": "2024-02-27 10:47:20", "elapsed": 821.751202, "delta": 2.778033}}
{"target": 0.2856145552983344, "params": {"u": 2.2451590622133564, "v": 6.635044559275745, "x": 0.6091640592454972, "y": 5.1614870793973004}, "datetime": {"datetime": "2024-02-27 10:47:22", "elapsed": 823.709861, "delta": 1.958659}}
{"target": 0.3274542284784067, "params": {"u": 6.701357508882008, "v": 7.942816860223077, "x": 9.241187848982879, "y": 8.241032741416625}, "datetime": {"datetime": "2024-02-27 10:47:24", "elapsed": 825.639662, "delta": 1.929801}}
{"target": 2.318155408715693, "params": {"u": 6.598112301248056, "v": 6.2273472876417815, "x": 6.334926268684736, "y": 6.0084946101272525}, "datetime": {"datetime": "2024-02-27 10:47:25", "elapsed": 827.131446, "delta": 1.491784}}
{"target": 0.4120838847098945, "params": {"u": 2.07496060228191, "v": 4.413834440956671, "x": 3.850341914722396, "y": 6.069808161963418}, "datetime": {"datetime": "2024-02-27 10:47:28", "elapsed": 829.97706, "delta": 2.845614}}
{"target": 0.8336387376396777, "params": {"u": 4.858396861002966, "v": 5.65868075957064, "x": 5.075373989917958, "y": 4.861110700204368}, "datetime": {"datetime": "2024-02-27 10:47:31", "elapsed": 832.227213, "delta": 2.250153}}
{"target": 4.746301072645261, "params": {"u": 4.033489580938197, "v": 4.101061084066383, "x": 3.794859229585822, "y": 4.304007150056057}, "datetime": {"datetime": "2024-02-27 10:47:40", "elapsed": 841.94051, "delta": 9.713297}}
{"target": 6.5923585494458266, "params": {"u": 4.010857633226009, "v": 4.287655681247159, "x": 3.934692930656002, "y": 4.2449236660082645}, "datetime": {"datetime": "2024-02-27 10:47:46", "elapsed": 847.325623, "delta": 5.385113}}
{"target": 0.2403519282011136, "params": {"u": 9.910531676115, "v": 6.32955038936124, "x": 5.663403286684713, "y": 0.6501436699046947}, "datetime": {"datetime": "2024-02-27 10:47:49", "elapsed": 850.511476, "delta": 3.185853}}
{"target": 0.18277403748226106, "params": {"u": 2.191469474666797, "v": 9.970452548400262, "x": 7.092441509553908, "y": 2.965634165659904}, "datetime": {"datetime": "2024-02-27 10:47:52", "elapsed": 854.159957, "delta": 3.648481}}
{"target": 1.4545678523150996, "params": {"u": 4.952427618327367, "v": 3.860440748042927, "x": 3.9419949726766657, "y": 3.6287122096382554}, "datetime": {"datetime": "2024-02-27 10:47:57", "elapsed": 858.319467, "delta": 4.15951}}
{"target": 0.1460209723607942, "params": {"u": 5.261372080467904, "v": 2.4312277040809116, "x": 0.3506589821547301, "y": 9.304198252248705}, "datetime": {"datetime": "2024-02-27 10:47:59", "elapsed": 860.469289, "delta": 2.149822}}
{"target": 5.629941082537777, "params": {"u": 4.42318410746463, "v": 4.238340290430219, "x": 4.126179075483697, "y": 3.713061325622957}, "datetime": {"datetime": "2024-02-27 10:48:02", "elapsed": 863.289516, "delta": 2.820227}}
{"target": 0.3799659228748385, "params": {"u": 8.352319294581926, "v": 7.222464589891361, "x": 8.40656032387512, "y": 5.358567638143904}, "datetime": {"datetime": "2024-02-27 10:48:04", "elapsed": 865.665658, "delta": 2.376142}}
{"target": 0.10660496265524104, "params": {"u": 10.0, "v": 10.0, "x": 2.038687210199871, "y": 10.0}, "datetime": {"datetime": "2024-02-27 10:48:11", "elapsed": 872.417133, "delta": 6.751475}}
{"target": 0.31722378747416624, "params": {"u": 9.24247923730854, "v": 6.05618013565444, "x": 5.297247427639222, "y": 7.4664752418651394}, "datetime": {"datetime": "2024-02-27 10:48:13", "elapsed": 874.351489, "delta": 1.934356}}
{"target": 4.74512963353742, "params": {"u": 4.670849641926696, "v": 4.561630747050842, "x": 4.222746421942655, "y": 3.6968247725774397}, "datetime": {"datetime": "2024-02-27 10:48:15", "elapsed": 876.507279, "delta": 2.15579}}
{"target": 0.2108325176720198, "params": {"u": 1.848254990538386, "v": 0.028052996795675522, "x": 3.672716513922504, "y": 5.002905653778928}, "datetime": {"datetime": "2024-02-27 10:48:17", "elapsed": 878.362232, "delta": 1.854953}}
{"target": 0.141322182051041, "params": {"u": 1.1031349574414284, "v": 6.489815224484396, "x": 9.603754811936877, "y": 0.9376065954427626}, "datetime": {"datetime": "2024-02-27 10:48:19", "elapsed": 880.641416, "delta": 2.279184}}
{"target": 0.12825973133828816, "params": {"u": 8.845137586410534, "v": 0.013190451550739724, "x": 6.261301702917934, "y": 9.960177985406315}, "datetime": {"datetime": "2024-02-27 10:48:29", "elapsed": 890.930403, "delta": 10.288987}}
{"target": 2.8740342358380215, "params": {"u": 4.881289567506539, "v": 4.58275584952322, "x": 4.564502504465759, "y": 3.829895907539985}, "datetime": {"datetime": "2024-02-27 10:48:31", "elapsed": 893.16344, "delta": 2.233037}}
{"target": 0.1423238470689957, "params": {"u": 9.739873636060022, "v": 8.661348722916248, "x": 9.592274221391799, "y": 0.6562092250339169}, "datetime": {"datetime": "2024-02-27 10:48:34", "elapsed": 895.326313, "delta": 2.162873}}
{"target": 0.19770783587829813, "params": {"u": 5.572500048944628, "v": 9.97606129946011, "x": 0.03297171043651126, "y": 5.344577914082738}, "datetime": {"datetime": "2024-02-27 10:48:39", "elapsed": 900.490541, "delta": 5.164228}}
{"target": 0.29985609368412586, "params": {"u": 2.6154809275843114, "v": 5.499996298556918, "x": 3.6066679859691995, "y": 8.992574172380221}, "datetime": {"datetime": "2024-02-27 10:48:42", "elapsed": 903.275922, "delta": 2.785381}}
{"target": 6.685801103682933, "params": {"u": 4.382817793182276, "v": 4.29704988232836, "x": 3.9969990686621415, "y": 3.7485561594010175}, "datetime": {"datetime": "2024-02-27 10:48:46", "elapsed": 908.183827, "delta": 4.907905}}
{"target": 4.5110371953995, "params": {"u": 4.20763413170357, "v": 4.734725830483465, "x": 4.020729667130914, "y": 4.3859671192680025}, "datetime": {"datetime": "2024-02-27 10:48:52", "elapsed": 913.389219, "delta": 5.205392}}
{"target": 8.528803236391761, "params": {"u": 4.640079534833631, "v": 4.425642297795688, "x": 4.05738845010848, "y": 4.147369513339841}, "datetime": {"datetime": "2024-02-27 10:48:56", "elapsed": 918.139127, "delta": 4.749908}}
{"target": 6.518990926719569, "params": {"u": 4.324904995678288, "v": 4.410518455993213, "x": 4.259788883425295, "y": 3.9712203594337945}, "datetime": {"datetime": "2024-02-27 10:49:01", "elapsed": 922.489014, "delta": 4.349887}}
{"target": 1.4241080455026602, "params": {"u": 5.924518506399069, "v": 4.659289612632865, "x": 3.9602782499889475, "y": 4.3042195744831115}, "datetime": {"datetime": "2024-02-27 10:49:06", "elapsed": 927.361328, "delta": 4.872314}}
{"target": 0.2912653232642587, "params": {"u": 9.899295324398595, "v": 4.202468589385728, "x": 9.584308229725165, "y": 4.073606199634007}, "datetime": {"datetime": "2024-02-27 10:49:12", "elapsed": 934.193084, "delta": 6.831756}}
{"target": 0.3200846378843557, "params": {"u": 6.033464367546154, "v": 5.037682250649208, "x": 5.4147755564380535, "y": 9.06547134887018}, "datetime": {"datetime": "2024-02-27 10:49:15", "elapsed": 936.498407, "delta": 2.305323}}
{"target": 0.20179232113511836, "params": {"u": 0.12057703635686035, "v": 2.624350364901844, "x": 4.436964927419037, "y": 6.228048662575631}, "datetime": {"datetime": "2024-02-27 10:49:16", "elapsed": 938.166023, "delta": 1.667616}}
{"target": 0.11557451951340045, "params": {"u": 0.18233892464831758, "v": 1.1570183573569814, "x": 9.845524653824222, "y": 0.26190291473266014}, "datetime": {"datetime": "2024-02-27 10:49:18", "elapsed": 939.96888, "delta": 1.802857}}
{"target": 0.3068777349577975, "params": {"u": 3.7090592116116197, "v": 8.853391007559681, "x": 4.9654059649895474, "y": 9.526480392425308}, "datetime": {"datetime": "2024-02-27 10:49:22", "elapsed": 943.594505, "delta": 3.625625}}
{"target": 0.3407767268179152, "params": {"u": 6.5204381959777615, "v": 2.9787023553661784, "x": 2.225374369487527, "y": 5.240706503961187}, "datetime": {"datetime": "2024-02-27 10:49:25", "elapsed": 946.31729, "delta": 2.722785}}
{"target": 0.15821232817215009, "params": {"u": 0.19381920471516323, "v": 8.21873477458004, "x": 6.414425038850551, "y": 2.3497780953391265}, "datetime": {"datetime": "2024-02-27 10:49:27", "elapsed": 949.059451, "delta": 2.742161}}
{"target": 0.3690290818308989, "params": {"u": 4.504076589832016, "v": 7.022078973822249, "x": 7.676342422638822, "y": 6.449946050472942}, "datetime": {"datetime": "2024-02-27 10:49:30", "elapsed": 951.625719, "delta": 2.566268}}
{"target": 0.16377430296246268, "params": {"u": 1.5449289215161544, "v": 6.194963757384486, "x": 7.604863173901131, "y": 9.553023195255884}, "datetime": {"datetime": "2024-02-27 10:49:33", "elapsed": 954.285605, "delta": 2.659886}}
{"target": 2.4225787601540563, "params": {"u": 6.7799538738145895, "v": 6.223667253655273, "x": 5.876951691079312, "y": 6.2644236858758875}, "datetime": {"datetime": "2024-02-27 10:49:36", "elapsed": 958.063955, "delta": 3.77835}}
{"target": 4.8161710040380905, "params": {"u": 4.574635559181495, "v": 4.154661799885673, "x": 4.302174478666723, "y": 4.208044447831276}, "datetime": {"datetime": "2024-02-27 10:49:42", "elapsed": 964.053844, "delta": 5.989889}}
{"target": 0.22986696198402964, "params": {"u": 9.572490794159085, "v": 9.91039199610628, "x": 4.696192453805149, "y": 5.774045490816505}, "datetime": {"datetime": "2024-02-27 10:49:46", "elapsed": 967.679617, "delta": 3.625773}}
{"target": 0.30094745712567067, "params": {"u": 0.007207009611268633, "v": 9.388491329408314, "x": 2.9959968272235873, "y": 7.791734483733004}, "datetime": {"datetime": "2024-02-27 10:49:49", "elapsed": 971.18538, "delta": 3.505763}}
{"target": 0.3933562165918378, "params": {"u": 5.419833054604916, "v": 0.04914416881266481, "x": 3.9411737618203055, "y": 3.218642304448034}, "datetime": {"datetime": "2024-02-27 10:49:56", "elapsed": 978.016784, "delta": 6.831404}}
{"target": 0.40156824481334136, "params": {"u": 4.68576698606155, "v": 4.437790160937887, "x": 7.536821459223466, "y": 1.171342959537548}, "datetime": {"datetime": "2024-02-27 10:50:01", "elapsed": 982.296306, "delta": 4.279522}}
{"target": 0.28929402519373226, "params": {"u": 9.774934456860496, "v": 0.19618652018553173, "x": 6.574010034827423, "y": 4.177395012080547}, "datetime": {"datetime": "2024-02-27 10:50:05", "elapsed": 987.045354, "delta": 4.749048}}
{"target": 0.24141233210080956, "params": {"u": 5.624719985341409, "v": 0.06958943628785907, "x": 9.91431268555832, "y": 2.320790273316672}, "datetime": {"datetime": "2024-02-27 10:50:10", "elapsed": 991.598594, "delta": 4.55324}}
{"target": 0.372372529380651, "params": {"u": 3.0179197233546096, "v": 6.050329084627068, "x": 2.271247930294227, "y": 3.1293332843202446}, "datetime": {"datetime": "2024-02-27 10:50:12", "elapsed": 993.91388, "delta": 2.315286}}
{"target": 0.16343032414647127, "params": {"u": 9.821543745317502, "v": 0.15662053120686803, "x": 1.3355141715582741, "y": 3.4565183140301228}, "datetime": {"datetime": "2024-02-27 10:50:20", "elapsed": 1001.757254, "delta": 7.843374}}
{"target": 0.15118547998166737, "params": {"u": 0.1156155063229003, "v": 9.483535974916025, "x": 2.598830742387382, "y": 2.508818983937285}, "datetime": {"datetime": "2024-02-27 10:50:24", "elapsed": 1006.168843, "delta": 4.411589}}
{"target": 0.20193147622545266, "params": {"u": 0.0643204107693951, "v": 6.615540507164805, "x": 2.2655953284664534, "y": 2.287082616219699}, "datetime": {"datetime": "2024-02-27 10:50:26", "elapsed": 1008.117577, "delta": 1.948734}}
{"target": 0.26396967560572715, "params": {"u": 5.991728523017673, "v": 1.7837763235211912, "x": 1.9236133977705505, "y": 0.26099986929945307}, "datetime": {"datetime": "2024-02-27 10:50:29", "elapsed": 1011.046571, "delta": 2.928994}}
{"target": 0.12917484026616008, "params": {"u": 5.908201797038268, "v": 9.963027309170316, "x": 0.14011018656219898, "y": 0.7272415293341539}, "datetime": {"datetime": "2024-02-27 10:50:32", "elapsed": 1014.059809, "delta": 3.013238}}
{"target": 0.31067936934545615, "params": {"u": 9.519435712180996, "v": 7.0535135879464175, "x": 9.654816676640877, "y": 8.618802136583938}, "datetime": {"datetime": "2024-02-27 10:50:35", "elapsed": 1016.81406, "delta": 2.754251}}
{"target": 0.33162767662425596, "params": {"u": 8.791231494003288, "v": 7.2487073295770745, "x": 5.022031715760836, "y": 3.2108105574253063}, "datetime": {"datetime": "2024-02-27 10:50:38", "elapsed": 1020.036092, "delta": 3.222032}}
{"target": 0.413197726918451, "params": {"u": 8.07051873062284, "v": 6.471955872254754, "x": 4.261099923323613, "y": 5.270147772868156}, "datetime": {"datetime": "2024-02-27 10:50:43", "elapsed": 1024.340326, "delta": 4.304234}}
{"target": 3.07001498405232, "params": {"u": 4.915425723802206, "v": 4.09026369922427, "x": 4.012645963489847, "y": 3.4501076429455013}, "datetime": {"datetime": "2024-02-27 10:50:47", "elapsed": 1028.914987, "delta": 4.574661}}
{"target": 0.18419154602048957, "params": {"u": 9.871305423151252, "v": 3.1505965280285473, "x": 2.003979278918655, "y": 0.06354860146091101}, "datetime": {"datetime": "2024-02-27 10:50:52", "elapsed": 1034.146989, "delta": 5.232002}}
{"target": 0.18901282242853942, "params": {"u": 3.9585192880917064, "v": 3.9660347541257366, "x": 9.845108497760126, "y": 6.945542242414514}, "datetime": {"datetime": "2024-02-27 10:51:00", "elapsed": 1041.605266, "delta": 7.458277}}
{"target": 4.952643269609304, "params": {"u": 4.6531209294053175, "v": 4.632892381250761, "x": 4.353364336262873, "y": 3.931505658134654}, "datetime": {"datetime": "2024-02-27 10:51:07", "elapsed": 1048.522908, "delta": 6.917642}}
{"target": 0.11795580358030827, "params": {"u": 9.841135610987969, "v": 1.757355627213254, "x": 2.342561376442922, "y": 9.833943193843002}, "datetime": {"datetime": "2024-02-27 10:51:10", "elapsed": 1051.652963, "delta": 3.130055}}
{"target": 0.15458821799549063, "params": {"u": 3.5190175095360066, "v": 9.639125183895942, "x": 6.268788017187983, "y": 0.2551938285774813}, "datetime": {"datetime": "2024-02-27 10:51:16", "elapsed": 1057.465676, "delta": 5.812713}}
{"target": 0.1180218588809097, "params": {"u": 1.814535816037287, "v": 0.2160546156117571, "x": 6.28232051594887, "y": 9.519653838596454}, "datetime": {"datetime": "2024-02-27 10:51:33", "elapsed": 1074.744226, "delta": 17.27855}}
{"target": 0.18546871918211041, "params": {"u": 2.202136608760721, "v": 6.397772854127977, "x": 9.89525586596692, "y": 4.064164696209316}, "datetime": {"datetime": "2024-02-27 10:51:36", "elapsed": 1077.820172, "delta": 3.075946}}
{"target": 0.18178365378304473, "params": {"u": 9.460370677465782, "v": 0.9935003980829127, "x": 8.650791500404752, "y": 6.351186855403634}, "datetime": {"datetime": "2024-02-27 10:51:40", "elapsed": 1081.574164, "delta": 3.753992}}
{"target": 0.1517717178609618, "params": {"u": 4.301388786918725, "v": 9.920003635354242, "x": 9.794979703454995, "y": 9.61284782333414}, "datetime": {"datetime": "2024-02-27 10:51:49", "elapsed": 1090.711336, "delta": 9.137172}}
{"target": 0.24903243652538665, "params": {"u": 5.659585422761296, "v": 5.917817514866695, "x": 2.4312934308373393, "y": 9.598902789445416}, "datetime": {"datetime": "2024-02-27 10:51:55", "elapsed": 1096.660371, "delta": 5.949035}}
{"target": 5.456655652566085, "params": {"u": 4.484886115729784, "v": 4.127674895875249, "x": 3.9832853869189666, "y": 4.31875783720397}, "datetime": {"datetime": "2024-02-27 10:51:59", "elapsed": 1100.916999, "delta": 4.256628}}
{"target": 0.4306049712537389, "params": {"u": 5.435442269193125, "v": 1.392241861762803, "x": 3.5060904565200426, "y": 1.2914138039664635}, "datetime": {"datetime": "2024-02-27 10:52:02", "elapsed": 1104.103834, "delta": 3.186835}}
{"target": 0.10163981458188316, "params": {"u": 0.02002006367839093, "v": 0.01801250555242717, "x": 9.999143084969488, "y": 7.1890850973327405}, "datetime": {"datetime": "2024-02-27 10:52:12", "elapsed": 1114.071229, "delta": 9.967395}}
