{"target": -0.59125553389242, "params": {"colsample_bytree": 0.9681672407375357, "learning_rate": 0.02364591587363224, "max_bin_exp": 8.012990100606237, "max_depth": 5.4990367850559565, "n_estimators": 4321.849922684762, "reg_alpha": 2.5734154981574475, "reg_lambda": 2.6442706435384915}, "datetime": {"datetime": "2024-02-19 18:04:46", "elapsed": 1729.465471, "delta": 6.016175}}
{"target": -0.8579421781382416, "params": {"colsample_bytree": 0.26536419040520287, "learning_rate": 0.16597110260000864, "max_bin_exp": 6.47321768694285, "max_depth": 5.0787297310214585, "n_estimators": 4323.405499730314, "reg_alpha": 1.0560522858709556, "reg_lambda": 2.726011967978709}, "datetime": {"datetime": "2024-02-19 18:04:51", "elapsed": 1734.409019, "delta": 4.943548}}
{"target": -0.7054838932388219, "params": {"colsample_bytree": 0.8183570464344245, "learning_rate": 0.39746520708205224, "max_bin_exp": 7.824172250820518, "max_depth": 4.588174466823602, "n_estimators": 4327.80871319796, "reg_alpha": 2.8724494718397535, "reg_lambda": 1.6778676725448483}, "datetime": {"datetime": "2024-02-19 18:04:57", "elapsed": 1739.881991, "delta": 5.472972}}
{"target": -1.7187268876353579, "params": {"colsample_bytree": 0.810217377811947, "learning_rate": 0.09624682541575251, "max_bin_exp": 9.261217134113167, "max_depth": 1.7059432760893718, "n_estimators": 4326.4646370080445, "reg_alpha": 2.9642940509639133, "reg_lambda": 2.614223764363434}, "datetime": {"datetime": "2024-02-19 18:05:00", "elapsed": 1742.869651, "delta": 2.98766}}
{"target": -0.6569250620159488, "params": {"colsample_bytree": 0.8753759749406289, "learning_rate": 0.29527905655112335, "max_bin_exp": 7.737597993272848, "max_depth": 5.0954204864498225, "n_estimators": 1876.120867038384, "reg_alpha": 0.4973392433114826, "reg_lambda": 1.9978033223938794}, "datetime": {"datetime": "2024-02-19 18:05:04", "elapsed": 1746.681635, "delta": 3.811984}}
{"target": -0.7359640244251892, "params": {"colsample_bytree": 0.885430763829077, "learning_rate": 0.38353515101507973, "max_bin_exp": 8.635929018193686, "max_depth": 3.8266149360351207, "n_estimators": 4308.467572911322, "reg_alpha": 2.9384902802475747, "reg_lambda": 0.09289810511816265}, "datetime": {"datetime": "2024-02-19 18:05:08", "elapsed": 1751.081017, "delta": 4.399382}}
{"target": -0.8895694377898423, "params": {"colsample_bytree": 0.27148002602178756, "learning_rate": 0.4243826282252979, "max_bin_exp": 7.3442393366747565, "max_depth": 5.793276250364, "n_estimators": 4376.877377211703, "reg_alpha": 0.11193703304584457, "reg_lambda": 0.4644749469113322}, "datetime": {"datetime": "2024-02-19 18:05:13", "elapsed": 1756.204889, "delta": 5.123872}}
{"target": -3.143479116634298, "params": {"colsample_bytree": 0.2098076321454122, "learning_rate": 0.28048182447868436, "max_bin_exp": 4.731010372879164, "max_depth": 5.275919935029518, "n_estimators": 4330.692464575238, "reg_alpha": 2.5745215831778356, "reg_lambda": 0.39768063649244445}, "datetime": {"datetime": "2024-02-19 18:05:19", "elapsed": 1762.458293, "delta": 6.253404}}
{"target": -0.6699621460426229, "params": {"colsample_bytree": 0.5997673411022326, "learning_rate": 0.10099362221469921, "max_bin_exp": 6.556466243694986, "max_depth": 5.732113270153767, "n_estimators": 4445.665752102976, "reg_alpha": 1.289612300359356, "reg_lambda": 2.312716283092855}, "datetime": {"datetime": "2024-02-19 18:05:25", "elapsed": 1768.186158, "delta": 5.727865}}
{"target": -0.816621417275409, "params": {"colsample_bytree": 0.7951741292851648, "learning_rate": 0.32099137554614027, "max_bin_exp": 5.458502796152946, "max_depth": 5.306844941510915, "n_estimators": 4321.226848155129, "reg_alpha": 2.727012575656495, "reg_lambda": 0.5742129465332368}, "datetime": {"datetime": "2024-02-19 18:05:31", "elapsed": 1773.976897, "delta": 5.790739}}
{"target": -0.698814998566513, "params": {"colsample_bytree": 1.0, "learning_rate": 0.5, "max_bin_exp": 9.685552534552095, "max_depth": 6.0, "n_estimators": 4384.0354201144355, "reg_alpha": 3.0, "reg_lambda": 0.0}, "datetime": {"datetime": "2024-02-19 18:05:39", "elapsed": 1781.708561, "delta": 7.731664}}
{"target": -0.6367813215204213, "params": {"colsample_bytree": 0.5127798656482879, "learning_rate": 0.028684850371244627, "max_bin_exp": 9.763758984670947, "max_depth": 4.64297347402524, "n_estimators": 4321.77300379434, "reg_alpha": 0.5778735531855949, "reg_lambda": 2.190350080748723}, "datetime": {"datetime": "2024-02-19 18:05:44", "elapsed": 1787.568689, "delta": 5.860128}}
{"target": -0.7034166823475753, "params": {"colsample_bytree": 0.6366699426339715, "learning_rate": 0.4876827930150348, "max_bin_exp": 8.100750052906477, "max_depth": 5.742353457569465, "n_estimators": 4324.834099738726, "reg_alpha": 2.0055305629111246, "reg_lambda": 0.43782200330240884}, "datetime": {"datetime": "2024-02-19 18:05:51", "elapsed": 1793.795195, "delta": 6.226506}}
{"target": -0.6544540638302216, "params": {"colsample_bytree": 0.7260743311065945, "learning_rate": 0.09684184347350398, "max_bin_exp": 8.130520420340781, "max_depth": 3.458341672052571, "n_estimators": 4323.13359884254, "reg_alpha": 1.6553097428025065, "reg_lambda": 0.7889210884398148}, "datetime": {"datetime": "2024-02-19 18:05:56", "elapsed": 1799.353471, "delta": 5.558276}}
{"target": -0.8844501280514361, "params": {"colsample_bytree": 0.22763085012245965, "learning_rate": 0.0465842173862635, "max_bin_exp": 8.615885156503818, "max_depth": 5.96994090799519, "n_estimators": 4327.69404321298, "reg_alpha": 0.6875588052999121, "reg_lambda": 2.661595105934439}, "datetime": {"datetime": "2024-02-19 18:06:02", "elapsed": 1805.169868, "delta": 5.816397}}
{"target": -0.8890833405838042, "params": {"colsample_bytree": 0.2795614576575511, "learning_rate": 0.29031325564740484, "max_bin_exp": 6.2024049204421425, "max_depth": 2.450594446510612, "n_estimators": 2950.3313796566736, "reg_alpha": 2.441234807089092, "reg_lambda": 1.8270958940184479}, "datetime": {"datetime": "2024-02-19 18:06:04", "elapsed": 1807.577402, "delta": 2.407534}}
{"target": -0.678894125492879, "params": {"colsample_bytree": 1.0, "learning_rate": 0.5, "max_bin_exp": 10.0, "max_depth": 6.0, "n_estimators": 4440.064273948424, "reg_alpha": 0.45754617860341706, "reg_lambda": 0.39958186980903965}, "datetime": {"datetime": "2024-02-19 18:06:14", "elapsed": 1816.628026, "delta": 9.050624}}
{"target": -2.4128196451947974, "params": {"colsample_bytree": 0.2172781067142517, "learning_rate": 0.025703008080065242, "max_bin_exp": 9.760542302484545, "max_depth": 2.341904099802342, "n_estimators": 2948.125783853952, "reg_alpha": 1.8052469270880025, "reg_lambda": 0.7425316473430976}, "datetime": {"datetime": "2024-02-19 18:06:17", "elapsed": 1819.761667, "delta": 3.133641}}
{"target": -1.406047204576786, "params": {"colsample_bytree": 0.9948660927881019, "learning_rate": 0.28727461270295035, "max_bin_exp": 4.053268216653936, "max_depth": 2.4278382036453205, "n_estimators": 2952.996648986828, "reg_alpha": 0.030037305928980684, "reg_lambda": 1.3642671131599942}, "datetime": {"datetime": "2024-02-19 18:06:19", "elapsed": 1822.077538, "delta": 2.315871}}
{"target": -0.6641257726893539, "params": {"colsample_bytree": 0.8763525619138937, "learning_rate": 0.42963573897269736, "max_bin_exp": 9.273949165574345, "max_depth": 4.272398526370321, "n_estimators": 4324.379017579741, "reg_alpha": 0.16240326099658486, "reg_lambda": 1.3874703292864101}, "datetime": {"datetime": "2024-02-19 18:06:25", "elapsed": 1828.265605, "delta": 6.188067}}
{"target": -0.6904672145656781, "params": {"colsample_bytree": 1.0, "learning_rate": 0.5, "max_bin_exp": 7.4621025404632215, "max_depth": 6.0, "n_estimators": 1608.2894870097841, "reg_alpha": 0.0, "reg_lambda": 0.0}, "datetime": {"datetime": "2024-02-19 18:06:29", "elapsed": 1832.337795, "delta": 4.07219}}
{"target": -1.0785425617753943, "params": {"colsample_bytree": 0.6039717019851496, "learning_rate": 0.15605903551190903, "max_bin_exp": 4.681744073137886, "max_depth": 5.96815716419793, "n_estimators": 1868.6049442886622, "reg_alpha": 0.03688564946281836, "reg_lambda": 2.462990019869128}, "datetime": {"datetime": "2024-02-19 18:06:33", "elapsed": 1835.649781, "delta": 3.311986}}
{"target": -0.6328635802635064, "params": {"colsample_bytree": 0.997062336974265, "learning_rate": 0.0975975945099368, "max_bin_exp": 6.984454035653846, "max_depth": 4.541801258392015, "n_estimators": 1962.0996374805084, "reg_alpha": 0.4444030786976212, "reg_lambda": 2.9646134358668705}, "datetime": {"datetime": "2024-02-19 18:06:35", "elapsed": 1838.537533, "delta": 2.887752}}
{"target": -0.6876659128582571, "params": {"colsample_bytree": 0.31300247300116607, "learning_rate": 0.1503689026650472, "max_bin_exp": 9.102512277368053, "max_depth": 4.135882402821547, "n_estimators": 686.2605264034742, "reg_alpha": 1.6449393827603256, "reg_lambda": 0.08871905542741454}, "datetime": {"datetime": "2024-02-19 18:06:39", "elapsed": 1841.679444, "delta": 3.141911}}
{"target": -0.657415161033869, "params": {"colsample_bytree": 0.7383213978267686, "learning_rate": 0.26458042948818744, "max_bin_exp": 6.713431453189665, "max_depth": 4.9658684338601935, "n_estimators": 688.1374617660421, "reg_alpha": 2.7895817014938644, "reg_lambda": 1.4466733874657214}, "datetime": {"datetime": "2024-02-19 18:06:42", "elapsed": 1845.013734, "delta": 3.33429}}
{"target": -0.64632765927716, "params": {"colsample_bytree": 0.8100298896554945, "learning_rate": 0.02145522579793631, "max_bin_exp": 7.946361009846915, "max_depth": 5.17757370226627, "n_estimators": 685.7518122016731, "reg_alpha": 0.6406512777411872, "reg_lambda": 2.860458056289283}, "datetime": {"datetime": "2024-02-19 18:06:44", "elapsed": 1847.523566, "delta": 2.509832}}
{"target": -2.2561845928378057, "params": {"colsample_bytree": 0.4913972784827724, "learning_rate": 0.021514686972034878, "max_bin_exp": 5.937369415673851, "max_depth": 2.597723200399987, "n_estimators": 686.6846893684607, "reg_alpha": 0.35207188643586584, "reg_lambda": 0.8374657648418966}, "datetime": {"datetime": "2024-02-19 18:06:46", "elapsed": 1849.551074, "delta": 2.027508}}
{"target": -0.673219134694268, "params": {"colsample_bytree": 0.6921340703582266, "learning_rate": 0.4696038544224193, "max_bin_exp": 9.627465107599827, "max_depth": 5.644291398561659, "n_estimators": 684.9646938120591, "reg_alpha": 1.5013927461581247, "reg_lambda": 1.8821405299316272}, "datetime": {"datetime": "2024-02-19 18:06:49", "elapsed": 1852.306327, "delta": 2.755253}}
{"target": -0.6181158998719986, "params": {"colsample_bytree": 0.9363669924625813, "learning_rate": 0.25375469616599017, "max_bin_exp": 8.65456257559445, "max_depth": 5.155967399176119, "n_estimators": 688.3822331177473, "reg_alpha": 0.18968403489292673, "reg_lambda": 2.8403781530476495}, "datetime": {"datetime": "2024-02-19 18:06:52", "elapsed": 1854.86485, "delta": 2.558523}}
{"target": -3.8959289649952917, "params": {"colsample_bytree": 0.38917502867965315, "learning_rate": 0.001, "max_bin_exp": 9.333378392774327, "max_depth": 6.0, "n_estimators": 687.7085129582408, "reg_alpha": 2.8361681873668734, "reg_lambda": 2.233555790563622}, "datetime": {"datetime": "2024-02-19 18:06:56", "elapsed": 1859.347742, "delta": 4.482892}}
{"target": -3.8623194121939743, "params": {"colsample_bytree": 0.2, "learning_rate": 0.001, "max_bin_exp": 9.804684180174954, "max_depth": 6.0, "n_estimators": 1632.8250351939294, "reg_alpha": 2.624393781127279, "reg_lambda": 0.0}, "datetime": {"datetime": "2024-02-19 18:07:01", "elapsed": 1863.607084, "delta": 4.259342}}
{"target": -0.6776115011461276, "params": {"colsample_bytree": 0.6095432973567523, "learning_rate": 0.3117726442540598, "max_bin_exp": 7.684197124851932, "max_depth": 4.688115921990063, "n_estimators": 683.279278552708, "reg_alpha": 2.1113753497944763, "reg_lambda": 2.2550828783484143}, "datetime": {"datetime": "2024-02-19 18:07:03", "elapsed": 1866.204894, "delta": 2.59781}}
{"target": -0.6951586940604401, "params": {"colsample_bytree": 0.995795463917067, "learning_rate": 0.28792863937811564, "max_bin_exp": 7.349689417831471, "max_depth": 4.69268855182067, "n_estimators": 1632.4919471070843, "reg_alpha": 0.10724612489195773, "reg_lambda": 0.2724036015224076}, "datetime": {"datetime": "2024-02-19 18:07:06", "elapsed": 1869.361597, "delta": 3.156703}}
{"target": -1.5505895441354756, "params": {"colsample_bytree": 0.39398160027313944, "learning_rate": 0.02673844109915537, "max_bin_exp": 8.670938954990001, "max_depth": 3.031735723818275, "n_estimators": 683.9992055799405, "reg_alpha": 2.659918196388303, "reg_lambda": 0.5721554029218272}, "datetime": {"datetime": "2024-02-19 18:07:09", "elapsed": 1871.725135, "delta": 2.363538}}
{"target": -0.6694021235840075, "params": {"colsample_bytree": 1.0, "learning_rate": 0.5, "max_bin_exp": 7.951054145750723, "max_depth": 5.423323396402577, "n_estimators": 1633.100479551027, "reg_alpha": 0.3847866126210556, "reg_lambda": 3.0}, "datetime": {"datetime": "2024-02-19 18:07:13", "elapsed": 1876.275075, "delta": 4.54994}}
{"target": -0.6835113660251884, "params": {"colsample_bytree": 0.8993455338971519, "learning_rate": 0.464436401585247, "max_bin_exp": 9.213704960392814, "max_depth": 5.373430849111161, "n_estimators": 1627.7398645358448, "reg_alpha": 0.8343516246108043, "reg_lambda": 0.08621339282624318}, "datetime": {"datetime": "2024-02-19 18:07:17", "elapsed": 1880.023364, "delta": 3.748289}}
{"target": -0.6704616497862965, "params": {"colsample_bytree": 0.990560065666833, "learning_rate": 0.4996505319588836, "max_bin_exp": 8.617998260842427, "max_depth": 4.743861851444796, "n_estimators": 681.1198508646693, "reg_alpha": 0.22440133783453375, "reg_lambda": 2.8649835589409944}, "datetime": {"datetime": "2024-02-19 18:07:22", "elapsed": 1884.781831, "delta": 4.758467}}
{"target": -0.6976120550369292, "params": {"colsample_bytree": 0.8673123829466394, "learning_rate": 0.03927788654866243, "max_bin_exp": 5.556039756496128, "max_depth": 5.086569566974416, "n_estimators": 691.3458051262987, "reg_alpha": 2.436999745196175, "reg_lambda": 1.656992957635616}, "datetime": {"datetime": "2024-02-19 18:07:26", "elapsed": 1889.242746, "delta": 4.460915}}
{"target": -3.1477728382238706, "params": {"colsample_bytree": 0.2, "learning_rate": 0.001, "max_bin_exp": 9.811166216962, "max_depth": 6.0, "n_estimators": 4323.864053484503, "reg_alpha": 2.0406145047142767, "reg_lambda": 2.6929762280749925}, "datetime": {"datetime": "2024-02-19 18:07:33", "elapsed": 1896.101698, "delta": 6.858952}}
{"target": -0.6328445028623764, "params": {"colsample_bytree": 0.5717658033542996, "learning_rate": 0.0486917263996178, "max_bin_exp": 9.76559630807887, "max_depth": 3.2959168455942485, "n_estimators": 4319.871274781077, "reg_alpha": 0.2618265470632948, "reg_lambda": 0.21612596833264808}, "datetime": {"datetime": "2024-02-19 18:07:38", "elapsed": 1901.356604, "delta": 5.254906}}
{"target": -0.7668662280418728, "params": {"colsample_bytree": 0.7069098253326127, "learning_rate": 0.16344887172387518, "max_bin_exp": 5.777439370478765, "max_depth": 3.7976696333079327, "n_estimators": 4324.667275563424, "reg_alpha": 0.37274021205618213, "reg_lambda": 0.6588622469514394}, "datetime": {"datetime": "2024-02-19 18:07:44", "elapsed": 1906.675708, "delta": 5.319104}}
{"target": -0.766865254088137, "params": {"colsample_bytree": 0.4989211572552044, "learning_rate": 0.21317507433826627, "max_bin_exp": 5.490225410545172, "max_depth": 4.3405381338701545, "n_estimators": 689.2109615111291, "reg_alpha": 2.8105854437053504, "reg_lambda": 0.3142735433060697}, "datetime": {"datetime": "2024-02-19 18:07:47", "elapsed": 1909.66575, "delta": 2.990042}}
{"target": -0.7120679077422463, "params": {"colsample_bytree": 1.0, "learning_rate": 0.5, "max_bin_exp": 7.9167509988798, "max_depth": 3.797865738910524, "n_estimators": 1632.8248177287428, "reg_alpha": 2.6484922854219954, "reg_lambda": 3.0}, "datetime": {"datetime": "2024-02-19 18:07:50", "elapsed": 1912.728814, "delta": 3.063064}}
{"target": -0.7205844858726717, "params": {"colsample_bytree": 0.8588287082286798, "learning_rate": 0.37968247658595095, "max_bin_exp": 8.499844590212117, "max_depth": 3.6893276303857587, "n_estimators": 4320.316792643802, "reg_alpha": 0.9897993671536139, "reg_lambda": 2.4891762178339905}, "datetime": {"datetime": "2024-02-19 18:07:54", "elapsed": 1917.374495, "delta": 4.645681}}
{"target": -0.7536897522782781, "params": {"colsample_bytree": 0.4108736312607896, "learning_rate": 0.12343634753174684, "max_bin_exp": 7.876030107375205, "max_depth": 5.679210612304415, "n_estimators": 4446.660865331233, "reg_alpha": 2.33078324352645, "reg_lambda": 1.3777756389282145}, "datetime": {"datetime": "2024-02-19 18:08:01", "elapsed": 1924.546969, "delta": 7.172474}}
{"target": -0.6984937594309086, "params": {"colsample_bytree": 1.0, "learning_rate": 0.5, "max_bin_exp": 8.066395971890644, "max_depth": 4.933878173751685, "n_estimators": 4321.820332939436, "reg_alpha": 0.0, "reg_lambda": 0.44818693230626044}, "datetime": {"datetime": "2024-02-19 18:08:08", "elapsed": 1930.924845, "delta": 6.377876}}
{"target": -0.6554484202536489, "params": {"colsample_bytree": 1.0, "learning_rate": 0.5, "max_bin_exp": 8.585131413785959, "max_depth": 6.0, "n_estimators": 683.578486252734, "reg_alpha": 0.0, "reg_lambda": 1.9247452536929182}, "datetime": {"datetime": "2024-02-19 18:08:12", "elapsed": 1934.626167, "delta": 3.701322}}
{"target": -0.689667751797905, "params": {"colsample_bytree": 1.0, "learning_rate": 0.5, "max_bin_exp": 7.602087014780564, "max_depth": 6.0, "n_estimators": 4378.559024989554, "reg_alpha": 2.865494719734497, "reg_lambda": 0.37777194047701}, "datetime": {"datetime": "2024-02-19 18:08:21", "elapsed": 1943.930576, "delta": 9.304409}}
{"target": -0.7462782481638418, "params": {"colsample_bytree": 0.3127388256178716, "learning_rate": 0.37597162779660004, "max_bin_exp": 8.971366134086256, "max_depth": 5.497749881717936, "n_estimators": 1609.3209401025415, "reg_alpha": 0.0524313629801445, "reg_lambda": 2.530163929796391}, "datetime": {"datetime": "2024-02-19 18:08:25", "elapsed": 1947.650216, "delta": 3.71964}}
{"target": -0.6963147543248293, "params": {"colsample_bytree": 0.5880059975575267, "learning_rate": 0.4188713199947424, "max_bin_exp": 8.192733626557576, "max_depth": 4.889106049805812, "n_estimators": 4449.092413311333, "reg_alpha": 0.7607280883764009, "reg_lambda": 2.991456475846703}, "datetime": {"datetime": "2024-02-19 18:08:31", "elapsed": 1954.313757, "delta": 6.663541}}
{"target": -0.6543661640978108, "params": {"colsample_bytree": 0.6281001449834981, "learning_rate": 0.35008831199624685, "max_bin_exp": 9.917224760594975, "max_depth": 5.563945981914234, "n_estimators": 684.4807894957256, "reg_alpha": 0.21695270702379388, "reg_lambda": 0.4860552548577014}, "datetime": {"datetime": "2024-02-19 18:08:35", "elapsed": 1957.746239, "delta": 3.432482}}
{"target": -0.9063457282368174, "params": {"colsample_bytree": 0.20045474984971953, "learning_rate": 0.36347583035421216, "max_bin_exp": 8.562908333622248, "max_depth": 5.905252065972726, "n_estimators": 1874.8986936425674, "reg_alpha": 0.12817064248843146, "reg_lambda": 0.2696693488862052}, "datetime": {"datetime": "2024-02-19 18:08:39", "elapsed": 1962.295505, "delta": 4.549266}}
{"target": -0.6180676227301819, "params": {"colsample_bytree": 0.9994966758874022, "learning_rate": 0.3064979549106832, "max_bin_exp": 9.573780269231463, "max_depth": 5.669453165420966, "n_estimators": 4444.991169309202, "reg_alpha": 0.5584030079584211, "reg_lambda": 2.9050654458735043}, "datetime": {"datetime": "2024-02-19 18:08:47", "elapsed": 1970.058035, "delta": 7.76253}}
{"target": -1.4752586914194916, "params": {"colsample_bytree": 1.0, "learning_rate": 0.001, "max_bin_exp": 6.591067701408976, "max_depth": 4.786841287206443, "n_estimators": 4320.567041087778, "reg_alpha": 3.0, "reg_lambda": 3.0}, "datetime": {"datetime": "2024-02-19 18:08:52", "elapsed": 1975.295116, "delta": 5.237081}}
{"target": -0.8581193127339335, "params": {"colsample_bytree": 0.2, "learning_rate": 0.5, "max_bin_exp": 6.61579447084812, "max_depth": 3.9763255308237233, "n_estimators": 4454.7089511495815, "reg_alpha": 0.0, "reg_lambda": 0.0}, "datetime": {"datetime": "2024-02-19 18:08:59", "elapsed": 1982.355723, "delta": 7.060607}}
{"target": -0.7449682315836128, "params": {"colsample_bytree": 0.30332524646426196, "learning_rate": 0.38265954963817095, "max_bin_exp": 6.514782674446944, "max_depth": 4.201888194971868, "n_estimators": 690.3376854494303, "reg_alpha": 0.14266396806245096, "reg_lambda": 1.9310282439826338}, "datetime": {"datetime": "2024-02-19 18:09:02", "elapsed": 1984.981843, "delta": 2.62612}}
{"target": -0.6784242955692384, "params": {"colsample_bytree": 0.5907447673732912, "learning_rate": 0.016691622450458736, "max_bin_exp": 7.925506869225675, "max_depth": 3.8630204159122945, "n_estimators": 4326.6731421543145, "reg_alpha": 0.02700949132370667, "reg_lambda": 1.095666391728606}, "datetime": {"datetime": "2024-02-19 18:09:07", "elapsed": 1989.686675, "delta": 4.704832}}
{"target": -0.7162220074516683, "params": {"colsample_bytree": 1.0, "learning_rate": 0.5, "max_bin_exp": 8.108724217582061, "max_depth": 6.0, "n_estimators": 4452.6506286127715, "reg_alpha": 0.0, "reg_lambda": 0.0}, "datetime": {"datetime": "2024-02-19 18:09:15", "elapsed": 1998.002014, "delta": 8.315339}}
{"target": -0.7690434303950251, "params": {"colsample_bytree": 1.0, "learning_rate": 0.5, "max_bin_exp": 8.527922140977175, "max_depth": 3.9582183549610663, "n_estimators": 4314.98475062172, "reg_alpha": 0.0, "reg_lambda": 0.0}, "datetime": {"datetime": "2024-02-19 18:09:20", "elapsed": 2003.247542, "delta": 5.245528}}
