{"target": -0.6758992353806202, "params": {"colsample_bytree": 0.29663626948945315, "learning_rate": 0.09095545470025237, "max_bin_exp": 9.015248260829317, "max_depth": 5.973675599798784, "n_estimators": 2247.4887361105134, "reg_alpha": 0.019110482680497864, "reg_lambda": 1.3568661351440832}, "datetime": {"datetime": "2024-02-19 13:22:42", "elapsed": 465.607659, "delta": 1.993965}}
{"target": -0.720690373408764, "params": {"colsample_bytree": 0.43476053244375273, "learning_rate": 0.20511599199568764, "max_bin_exp": 8.96493213865655, "max_depth": 2.838059688734652, "n_estimators": 2249.4840876862413, "reg_alpha": 0.9667566486855879, "reg_lambda": 2.715331929165539}, "datetime": {"datetime": "2024-02-19 13:22:43", "elapsed": 466.780958, "delta": 1.173299}}
{"target": -0.688836131667016, "params": {"colsample_bytree": 0.8059753893240866, "learning_rate": 0.360504542259031, "max_bin_exp": 7.355054021836098, "max_depth": 4.102692100940432, "n_estimators": 2251.7405238383376, "reg_alpha": 1.0492768862738768, "reg_lambda": 0.4643350797502198}, "datetime": {"datetime": "2024-02-19 13:22:45", "elapsed": 468.558554, "delta": 1.777596}}
{"target": -0.6519367838039593, "params": {"colsample_bytree": 0.5629713059809396, "learning_rate": 0.204232976729705, "max_bin_exp": 9.941465630005386, "max_depth": 5.598646754093501, "n_estimators": 4759.3192568372715, "reg_alpha": 0.050172217616558656, "reg_lambda": 1.9470902519307782}, "datetime": {"datetime": "2024-02-19 13:22:51", "elapsed": 473.974392, "delta": 5.415838}}
{"target": -0.5931069006061677, "params": {"colsample_bytree": 0.7268000559957031, "learning_rate": 0.08903649522342783, "max_bin_exp": 9.601798315497444, "max_depth": 5.439222250591399, "n_estimators": 2250.7933482004505, "reg_alpha": 2.6627392781254215, "reg_lambda": 1.3278995883205602}, "datetime": {"datetime": "2024-02-19 13:22:53", "elapsed": 476.166592, "delta": 2.1922}}
{"target": -0.709484696056968, "params": {"colsample_bytree": 0.46624057564395693, "learning_rate": 0.4462179471512655, "max_bin_exp": 7.329550389853915, "max_depth": 5.497455890895908, "n_estimators": 2253.6026403814517, "reg_alpha": 2.419585857656454, "reg_lambda": 2.7342979942230694}, "datetime": {"datetime": "2024-02-19 13:22:55", "elapsed": 478.229326, "delta": 2.062734}}
{"target": -1.0311118768479284, "params": {"colsample_bytree": 0.8728313414171187, "learning_rate": 0.4796652464997836, "max_bin_exp": 6.333873142335848, "max_depth": 1.7684448384360683, "n_estimators": 2252.024046797103, "reg_alpha": 1.5007828658126652, "reg_lambda": 2.687927771804868}, "datetime": {"datetime": "2024-02-19 13:22:55", "elapsed": 478.922913, "delta": 0.693587}}
{"target": -0.7505412850562031, "params": {"colsample_bytree": 0.29196826449104957, "learning_rate": 0.1384579936828763, "max_bin_exp": 9.970625201806403, "max_depth": 2.3284427211425487, "n_estimators": 2254.6119384288218, "reg_alpha": 2.4467125804359156, "reg_lambda": 1.653002612400621}, "datetime": {"datetime": "2024-02-19 13:22:57", "elapsed": 480.0437, "delta": 1.120787}}
{"target": -0.7288552369339247, "params": {"colsample_bytree": 1.0, "learning_rate": 0.5, "max_bin_exp": 10.0, "max_depth": 2.198065969196755, "n_estimators": 4731.065824467966, "reg_alpha": 3.0, "reg_lambda": 3.0}, "datetime": {"datetime": "2024-02-19 13:23:00", "elapsed": 483.190936, "delta": 3.147236}}
{"target": -0.6755844261395069, "params": {"colsample_bytree": 0.6858176166653626, "learning_rate": 0.3387539271753365, "max_bin_exp": 8.824296807291123, "max_depth": 4.940129743060295, "n_estimators": 2256.5799726477344, "reg_alpha": 2.7397664708753195, "reg_lambda": 1.3629942265827888}, "datetime": {"datetime": "2024-02-19 13:23:01", "elapsed": 484.823194, "delta": 1.632258}}
{"target": -0.866287899474385, "params": {"colsample_bytree": 0.6473560585751854, "learning_rate": 0.45930338916591945, "max_bin_exp": 5.6572090525977545, "max_depth": 4.885433859990085, "n_estimators": 2256.49700153691, "reg_alpha": 2.9283215245255727, "reg_lambda": 0.002988475843609173}, "datetime": {"datetime": "2024-02-19 13:23:03", "elapsed": 486.344231, "delta": 1.521037}}
{"target": -0.725424868970692, "params": {"colsample_bytree": 0.5529215527164983, "learning_rate": 0.3956953753955375, "max_bin_exp": 7.743175973112984, "max_depth": 3.462781590728513, "n_estimators": 2255.2201024615624, "reg_alpha": 0.0654369338708295, "reg_lambda": 1.6544465085194364}, "datetime": {"datetime": "2024-02-19 13:23:04", "elapsed": 487.654278, "delta": 1.310047}}
{"target": -0.7099895118018774, "params": {"colsample_bytree": 0.3660455985420412, "learning_rate": 0.13507257733793498, "max_bin_exp": 7.739749737839839, "max_depth": 5.212646301612911, "n_estimators": 2258.062435810704, "reg_alpha": 0.18500216265415903, "reg_lambda": 2.688024618489175}, "datetime": {"datetime": "2024-02-19 13:23:06", "elapsed": 489.637783, "delta": 1.983505}}
{"target": -0.6687657831168712, "params": {"colsample_bytree": 0.47488534210108446, "learning_rate": 0.07841739393460896, "max_bin_exp": 8.746512528832506, "max_depth": 3.4075511089949235, "n_estimators": 2260.6889299314757, "reg_alpha": 0.575592462233846, "reg_lambda": 0.6551066651912361}, "datetime": {"datetime": "2024-02-19 13:23:08", "elapsed": 491.127508, "delta": 1.489725}}
{"target": -0.7353942149811308, "params": {"colsample_bytree": 0.38939614802385364, "learning_rate": 0.25831246971269295, "max_bin_exp": 9.408797445074196, "max_depth": 5.804218092476606, "n_estimators": 2252.954687009091, "reg_alpha": 0.26756239985575236, "reg_lambda": 0.7771029031214463}, "datetime": {"datetime": "2024-02-19 13:23:10", "elapsed": 493.593977, "delta": 2.466469}}
{"target": -1.1877908569826978, "params": {"colsample_bytree": 0.7432935977354345, "learning_rate": 0.422761737294249, "max_bin_exp": 7.955661900113585, "max_depth": 1.4473843122670522, "n_estimators": 2257.8923428781827, "reg_alpha": 1.7533642645844485, "reg_lambda": 0.0861394541758359}, "datetime": {"datetime": "2024-02-19 13:23:11", "elapsed": 494.3459, "delta": 0.751923}}
{"target": -0.9253946796345338, "params": {"colsample_bytree": 0.20436617167898544, "learning_rate": 0.05504050003301846, "max_bin_exp": 6.851819234380301, "max_depth": 4.545444684687722, "n_estimators": 2260.627360986608, "reg_alpha": 2.6458814390288903, "reg_lambda": 2.568498758606042}, "datetime": {"datetime": "2024-02-19 13:23:12", "elapsed": 495.757906, "delta": 1.412006}}
{"target": -0.8124471972446593, "params": {"colsample_bytree": 0.35973811352679386, "learning_rate": 0.42600125933380095, "max_bin_exp": 8.568264085685044, "max_depth": 5.991173137964827, "n_estimators": 2264.164591548476, "reg_alpha": 2.4660958284992303, "reg_lambda": 0.45668034127127843}, "datetime": {"datetime": "2024-02-19 13:23:15", "elapsed": 498.073185, "delta": 2.315279}}
{"target": -1.3523354335952216, "params": {"colsample_bytree": 0.8430202318767068, "learning_rate": 0.345165472553767, "max_bin_exp": 7.997969388626421, "max_depth": 1.0658557312982917, "n_estimators": 2263.308059955437, "reg_alpha": 1.4357406325595332, "reg_lambda": 0.8494020234937816}, "datetime": {"datetime": "2024-02-19 13:23:15", "elapsed": 498.842325, "delta": 0.76914}}
{"target": -1.0934210317031545, "params": {"colsample_bytree": 0.8068694964456029, "learning_rate": 0.20626918360285737, "max_bin_exp": 4.418242798433847, "max_depth": 5.343467233995636, "n_estimators": 2254.1617902890193, "reg_alpha": 0.23270593772623405, "reg_lambda": 0.2719377886354015}, "datetime": {"datetime": "2024-02-19 13:23:17", "elapsed": 500.825434, "delta": 1.983109}}
{"target": -0.7073844797315465, "params": {"colsample_bytree": 1.0, "learning_rate": 0.5, "max_bin_exp": 8.04244931298833, "max_depth": 3.4324667267118434, "n_estimators": 2181.3931369673933, "reg_alpha": 3.0, "reg_lambda": 3.0}, "datetime": {"datetime": "2024-02-19 13:23:19", "elapsed": 502.556058, "delta": 1.730624}}
{"target": -1.3715355391493056, "params": {"colsample_bytree": 0.3647450918175086, "learning_rate": 0.2723621432539003, "max_bin_exp": 4.948103476847677, "max_depth": 5.931197176857274, "n_estimators": 4999.975287242679, "reg_alpha": 0.811569536792857, "reg_lambda": 0.14123783995300876}, "datetime": {"datetime": "2024-02-19 13:23:24", "elapsed": 507.23108, "delta": 4.675022}}
{"target": -0.6694495968369306, "params": {"colsample_bytree": 0.7260945734108888, "learning_rate": 0.0972762794793309, "max_bin_exp": 6.670010410219177, "max_depth": 5.744701015327463, "n_estimators": 4992.8193579950375, "reg_alpha": 1.557923630973381, "reg_lambda": 0.1920753552178135}, "datetime": {"datetime": "2024-02-19 13:23:29", "elapsed": 511.994078, "delta": 4.762998}}
{"target": -0.604302365273364, "params": {"colsample_bytree": 0.8872398917117337, "learning_rate": 0.23582937664574635, "max_bin_exp": 9.958413763472212, "max_depth": 5.190378558983843, "n_estimators": 2260.798428216467, "reg_alpha": 1.8517830911279887, "reg_lambda": 2.9656673071233337}, "datetime": {"datetime": "2024-02-19 13:23:31", "elapsed": 514.507195, "delta": 2.513117}}
{"target": -1.849176825717985, "params": {"colsample_bytree": 0.8057684830760599, "learning_rate": 0.19308794862095247, "max_bin_exp": 9.480014957720917, "max_depth": 1.6659511686916235, "n_estimators": 2251.271381891697, "reg_alpha": 0.4519243930826943, "reg_lambda": 0.11849756707520565}, "datetime": {"datetime": "2024-02-19 13:23:32", "elapsed": 515.414729, "delta": 0.907534}}
{"target": -3.1088268083686446, "params": {"colsample_bytree": 1.0, "learning_rate": 0.001, "max_bin_exp": 8.08944333266802, "max_depth": 3.0386744421850125, "n_estimators": 2208.161377993257, "reg_alpha": 0.0, "reg_lambda": 3.0}, "datetime": {"datetime": "2024-02-19 13:23:33", "elapsed": 516.953084, "delta": 1.538355}}
{"target": -0.6500209666990349, "params": {"colsample_bytree": 1.0, "learning_rate": 0.5, "max_bin_exp": 7.673441103513392, "max_depth": 6.0, "n_estimators": 2236.5789539483258, "reg_alpha": 3.0, "reg_lambda": 3.0}, "datetime": {"datetime": "2024-02-19 13:23:36", "elapsed": 519.569778, "delta": 2.616694}}
{"target": -0.5936077984356609, "params": {"colsample_bytree": 0.7773327732225159, "learning_rate": 0.05250077698268809, "max_bin_exp": 9.922581042989695, "max_depth": 5.776749321001292, "n_estimators": 2258.5237896544236, "reg_alpha": 1.8491527947726611, "reg_lambda": 1.2111075656942742}, "datetime": {"datetime": "2024-02-19 13:23:38", "elapsed": 521.6976, "delta": 2.127822}}
{"target": -0.7216978532301047, "params": {"colsample_bytree": 0.38162707906477433, "learning_rate": 0.07928611920839601, "max_bin_exp": 7.616587967170873, "max_depth": 5.3564713221284865, "n_estimators": 2253.33284746513, "reg_alpha": 2.8674858613226055, "reg_lambda": 0.24286403411987578}, "datetime": {"datetime": "2024-02-19 13:23:40", "elapsed": 523.709606, "delta": 2.012006}}
{"target": -0.902572834070445, "params": {"colsample_bytree": 0.24326785097073708, "learning_rate": 0.46069596181810524, "max_bin_exp": 8.59249893288311, "max_depth": 4.41989060781447, "n_estimators": 2246.7750900082265, "reg_alpha": 2.667558521948315, "reg_lambda": 2.7581820728514304}, "datetime": {"datetime": "2024-02-19 13:23:42", "elapsed": 525.186899, "delta": 1.477293}}
{"target": -1.1372195950932793, "params": {"colsample_bytree": 0.5543209470181141, "learning_rate": 0.309849662882381, "max_bin_exp": 4.484811963453195, "max_depth": 4.823707677096087, "n_estimators": 2181.4378715268394, "reg_alpha": 0.0496666293967285, "reg_lambda": 2.1198942735098356}, "datetime": {"datetime": "2024-02-19 13:23:43", "elapsed": 526.800796, "delta": 1.613897}}
{"target": -0.6434917895886667, "params": {"colsample_bytree": 0.8034516260765487, "learning_rate": 0.39261949395113455, "max_bin_exp": 9.61691697512369, "max_depth": 4.964352218180411, "n_estimators": 2172.336532113118, "reg_alpha": 0.6534608173537574, "reg_lambda": 2.94794012126622}, "datetime": {"datetime": "2024-02-19 13:23:45", "elapsed": 528.758876, "delta": 1.95808}}
{"target": -0.6140419461629001, "params": {"colsample_bytree": 0.9722739366661053, "learning_rate": 0.21271920013969178, "max_bin_exp": 8.280077491723741, "max_depth": 5.90467279794903, "n_estimators": 2261.213260097255, "reg_alpha": 0.3174409693473833, "reg_lambda": 1.9810366773223875}, "datetime": {"datetime": "2024-02-19 13:23:47", "elapsed": 530.925645, "delta": 2.166769}}
{"target": -0.6006063149320268, "params": {"colsample_bytree": 0.7847956967645662, "learning_rate": 0.03702603292657976, "max_bin_exp": 8.20755202231179, "max_depth": 5.357998878558989, "n_estimators": 2267.51725706212, "reg_alpha": 0.03485232958721529, "reg_lambda": 1.9140337048229576}, "datetime": {"datetime": "2024-02-19 13:23:50", "elapsed": 533.201577, "delta": 2.275932}}
{"target": -0.6891576434916065, "params": {"colsample_bytree": 0.6218905646126116, "learning_rate": 0.35124845742114863, "max_bin_exp": 8.829118159049717, "max_depth": 5.66109923184154, "n_estimators": 2270.847409937977, "reg_alpha": 1.6618884128281262, "reg_lambda": 0.3398990316153101}, "datetime": {"datetime": "2024-02-19 13:23:52", "elapsed": 535.33837, "delta": 2.136793}}
{"target": -0.6901778780580566, "params": {"colsample_bytree": 0.6647760966998861, "learning_rate": 0.4191461666231724, "max_bin_exp": 8.578734410776436, "max_depth": 3.1798067710367137, "n_estimators": 2270.655533635575, "reg_alpha": 0.17800631210024953, "reg_lambda": 2.649984858880916}, "datetime": {"datetime": "2024-02-19 13:23:53", "elapsed": 536.828371, "delta": 1.490001}}
{"target": -0.6607949179731638, "params": {"colsample_bytree": 0.7641563355160925, "learning_rate": 0.047434985304832145, "max_bin_exp": 7.844116823981682, "max_depth": 3.3243458065713263, "n_estimators": 2267.644292377239, "reg_alpha": 2.5466698722434775, "reg_lambda": 0.26097450123834975}, "datetime": {"datetime": "2024-02-19 13:23:55", "elapsed": 538.118551, "delta": 1.29018}}
{"target": -2.1527674842984936, "params": {"colsample_bytree": 0.5806362959422311, "learning_rate": 0.17050115252914871, "max_bin_exp": 7.8272355906973825, "max_depth": 1.4831899299212294, "n_estimators": 2271.8266765816684, "reg_alpha": 2.074109769640817, "reg_lambda": 0.5499689374102753}, "datetime": {"datetime": "2024-02-19 13:23:55", "elapsed": 538.953637, "delta": 0.835086}}
{"target": -1.0304891437220458, "params": {"colsample_bytree": 0.9729037637642028, "learning_rate": 0.07167569765205703, "max_bin_exp": 4.440748289155017, "max_depth": 5.763252786671439, "n_estimators": 2268.92147010781, "reg_alpha": 0.11834796784258161, "reg_lambda": 1.521338649018034}, "datetime": {"datetime": "2024-02-19 13:23:57", "elapsed": 540.926173, "delta": 1.972536}}
{"target": -0.6493830780293668, "params": {"colsample_bytree": 0.8348434501700488, "learning_rate": 0.06380920891438438, "max_bin_exp": 8.97680560462603, "max_depth": 3.543798861329214, "n_estimators": 4743.3776005894515, "reg_alpha": 0.6456468463395124, "reg_lambda": 1.2935509373211977}, "datetime": {"datetime": "2024-02-19 13:24:01", "elapsed": 544.225885, "delta": 3.299712}}
{"target": -0.8475531235191559, "params": {"colsample_bytree": 0.23080494003641094, "learning_rate": 0.4359156404157743, "max_bin_exp": 9.490672758351028, "max_depth": 3.0095336480491715, "n_estimators": 2266.7142147980785, "reg_alpha": 0.7533170891401083, "reg_lambda": 1.3114217553513154}, "datetime": {"datetime": "2024-02-19 13:24:02", "elapsed": 545.558292, "delta": 1.332407}}
{"target": -0.8709945666224362, "params": {"colsample_bytree": 0.4069681540527816, "learning_rate": 0.04782534809129543, "max_bin_exp": 5.389173415648935, "max_depth": 4.8151685081014755, "n_estimators": 2265.5642821779197, "reg_alpha": 0.43145955934425795, "reg_lambda": 2.0215681569982253}, "datetime": {"datetime": "2024-02-19 13:24:04", "elapsed": 547.411181, "delta": 1.852889}}
{"target": -0.7682784441391537, "params": {"colsample_bytree": 0.3119466787552506, "learning_rate": 0.19277710479757726, "max_bin_exp": 6.063247535067874, "max_depth": 5.986677182221234, "n_estimators": 2269.3396066604623, "reg_alpha": 2.851636887803335, "reg_lambda": 0.21952717325732074}, "datetime": {"datetime": "2024-02-19 13:24:06", "elapsed": 549.489286, "delta": 2.078105}}
{"target": -1.0666058939912901, "params": {"colsample_bytree": 0.7434522724087771, "learning_rate": 0.09389906589134725, "max_bin_exp": 4.661472880888245, "max_depth": 5.551112746669924, "n_estimators": 4990.747650534239, "reg_alpha": 2.374269372204336, "reg_lambda": 2.66733189769108}, "datetime": {"datetime": "2024-02-19 13:24:10", "elapsed": 553.898383, "delta": 4.409097}}
{"target": -0.6186796724642478, "params": {"colsample_bytree": 0.7777002347547419, "learning_rate": 0.1927323359155058, "max_bin_exp": 9.692935374599914, "max_depth": 4.898532350817437, "n_estimators": 2263.870720644038, "reg_alpha": 0.2462351700520865, "reg_lambda": 2.0406581585691366}, "datetime": {"datetime": "2024-02-19 13:24:13", "elapsed": 556.050843, "delta": 2.15246}}
{"target": -0.6832750709458862, "params": {"colsample_bytree": 0.7417113217391882, "learning_rate": 0.49002400971557974, "max_bin_exp": 9.456981750217379, "max_depth": 4.280590626941408, "n_estimators": 4757.101594582345, "reg_alpha": 0.04762382404528864, "reg_lambda": 2.7691355870239285}, "datetime": {"datetime": "2024-02-19 13:24:17", "elapsed": 560.660282, "delta": 4.609439}}
{"target": -0.6506178591484229, "params": {"colsample_bytree": 0.9144372238259415, "learning_rate": 0.38801566432698753, "max_bin_exp": 9.451186100174557, "max_depth": 5.797989484843496, "n_estimators": 2267.418095107014, "reg_alpha": 2.795544745270197, "reg_lambda": 1.0329880813689822}, "datetime": {"datetime": "2024-02-19 13:24:20", "elapsed": 563.306972, "delta": 2.64669}}
{"target": -1.8275588234141433, "params": {"colsample_bytree": 0.2, "learning_rate": 0.5, "max_bin_exp": 5.739560492819531, "max_depth": 6.0, "n_estimators": 2259.8024421233795, "reg_alpha": 0.0, "reg_lambda": 0.0}, "datetime": {"datetime": "2024-02-19 13:24:22", "elapsed": 565.296626, "delta": 1.989654}}
{"target": -0.9432962247684343, "params": {"colsample_bytree": 0.2, "learning_rate": 0.5, "max_bin_exp": 10.0, "max_depth": 6.0, "n_estimators": 2270.035609076376, "reg_alpha": 0.0, "reg_lambda": 3.0}, "datetime": {"datetime": "2024-02-19 13:24:24", "elapsed": 567.928889, "delta": 2.632263}}
{"target": -3.1642640883886535, "params": {"colsample_bytree": 0.6268008469809488, "learning_rate": 0.18457519545675724, "max_bin_exp": 4.395254655925207, "max_depth": 1.1483138684644763, "n_estimators": 2188.8784483560767, "reg_alpha": 1.9862921925954473, "reg_lambda": 0.0735324616245776}, "datetime": {"datetime": "2024-02-19 13:24:25", "elapsed": 568.637243, "delta": 0.708354}}
{"target": -0.8866957328080862, "params": {"colsample_bytree": 0.2790593804780584, "learning_rate": 0.08296135678529633, "max_bin_exp": 7.866161765553231, "max_depth": 5.9060843007423856, "n_estimators": 4730.488144477494, "reg_alpha": 2.018675551255174, "reg_lambda": 0.10152110202139841}, "datetime": {"datetime": "2024-02-19 13:24:29", "elapsed": 572.939298, "delta": 4.302055}}
{"target": -2.9332926285487293, "params": {"colsample_bytree": 0.2507614952137838, "learning_rate": 0.0029219951168995627, "max_bin_exp": 9.834859616167321, "max_depth": 5.779630351782293, "n_estimators": 2698.0281353931655, "reg_alpha": 0.656002168369003, "reg_lambda": 0.1613446709608246}, "datetime": {"datetime": "2024-02-19 13:24:32", "elapsed": 575.069502, "delta": 2.130204}}
{"target": -0.6651900493850047, "params": {"colsample_bytree": 0.4485504696066631, "learning_rate": 0.03245581527537754, "max_bin_exp": 8.004796428750527, "max_depth": 3.0079602430899683, "n_estimators": 4733.585107115922, "reg_alpha": 2.848012243317823, "reg_lambda": 2.873304142968578}, "datetime": {"datetime": "2024-02-19 13:24:35", "elapsed": 578.25514, "delta": 3.185638}}
{"target": -0.7180492438573804, "params": {"colsample_bytree": 1.0, "learning_rate": 0.5, "max_bin_exp": 7.243596555244969, "max_depth": 4.739452490362499, "n_estimators": 2267.9949577656716, "reg_alpha": 3.0, "reg_lambda": 3.0}, "datetime": {"datetime": "2024-02-19 13:24:36", "elapsed": 579.95975, "delta": 1.70461}}
{"target": -1.5040497057337587, "params": {"colsample_bytree": 0.4232424797528011, "learning_rate": 0.060416888588181616, "max_bin_exp": 4.110192972211352, "max_depth": 4.331079867358436, "n_estimators": 2250.0012624423593, "reg_alpha": 2.8782366825580916, "reg_lambda": 0.34541932327306657}, "datetime": {"datetime": "2024-02-19 13:24:38", "elapsed": 581.719049, "delta": 1.759299}}
{"target": -0.6368696856726695, "params": {"colsample_bytree": 1.0, "learning_rate": 0.5, "max_bin_exp": 10.0, "max_depth": 6.0, "n_estimators": 2179.827624655328, "reg_alpha": 0.0, "reg_lambda": 3.0}, "datetime": {"datetime": "2024-02-19 13:24:42", "elapsed": 585.181594, "delta": 3.462545}}
{"target": -2.3226207129649246, "params": {"colsample_bytree": 1.0, "learning_rate": 0.001, "max_bin_exp": 5.517575735350928, "max_depth": 4.176635597647077, "n_estimators": 2692.5442387746025, "reg_alpha": 3.0, "reg_lambda": 0.0}, "datetime": {"datetime": "2024-02-19 13:24:44", "elapsed": 587.705521, "delta": 2.523927}}
{"target": -3.281161090310146, "params": {"colsample_bytree": 0.24061774622158172, "learning_rate": 0.09194542520698425, "max_bin_exp": 9.257796061061509, "max_depth": 1.0406588425447019, "n_estimators": 2172.1232339610942, "reg_alpha": 2.001400375077794, "reg_lambda": 2.9172010256896694}, "datetime": {"datetime": "2024-02-19 13:24:45", "elapsed": 588.6888, "delta": 0.983279}}
{"target": -0.6932636326506592, "params": {"colsample_bytree": 0.9814656506569592, "learning_rate": 0.24203661940708102, "max_bin_exp": 9.853222738986204, "max_depth": 2.258704460898877, "n_estimators": 2257.1431284155715, "reg_alpha": 1.554138902607291, "reg_lambda": 2.9208442522570532}, "datetime": {"datetime": "2024-02-19 13:24:46", "elapsed": 589.929393, "delta": 1.240593}}
