{"target": -0.6818655555516933, "params": {"colsample_bytree": 0.6878563756300174, "learning_rate": 0.4890958430661157, "max_bin_exp": 8.887929294721442, "max_depth": 5.543560064033513, "n_estimators": 4688.9383987155925, "reg_alpha": 2.273155954518892, "reg_lambda": 2.899118381994751}, "datetime": {"datetime": "2024-02-19 13:47:53", "elapsed": 1976.641535, "delta": 9.009005}}
{"target": -0.7295297285432114, "params": {"colsample_bytree": 0.5504230991315248, "learning_rate": 0.3433499977076609, "max_bin_exp": 6.7828368518746585, "max_depth": 5.650862225547726, "n_estimators": 1962.149680742661, "reg_alpha": 0.6651237824537157, "reg_lambda": 2.9209370328184083}, "datetime": {"datetime": "2024-02-19 13:47:58", "elapsed": 1981.201175, "delta": 4.55964}}
{"target": -0.6928572777713409, "params": {"colsample_bytree": 0.9176984668058159, "learning_rate": 0.4954406180082798, "max_bin_exp": 7.2429985267453905, "max_depth": 4.513820557558951, "n_estimators": 2022.5433649992353, "reg_alpha": 2.8935915056082235, "reg_lambda": 2.616854499209936}, "datetime": {"datetime": "2024-02-19 13:48:02", "elapsed": 1985.3915, "delta": 4.190325}}
{"target": -0.8653331161605462, "params": {"colsample_bytree": 0.24641493984549526, "learning_rate": 0.28160452297993477, "max_bin_exp": 9.747820333777177, "max_depth": 5.7139968739982026, "n_estimators": 1955.9789891149662, "reg_alpha": 2.1203543201479382, "reg_lambda": 2.241731656616754}, "datetime": {"datetime": "2024-02-19 13:48:06", "elapsed": 1989.773778, "delta": 4.382278}}
{"target": -1.0771878544037268, "params": {"colsample_bytree": 0.2, "learning_rate": 0.5, "max_bin_exp": 10.0, "max_depth": 5.232046861280201, "n_estimators": 4709.616679993047, "reg_alpha": 3.0, "reg_lambda": 0.0}, "datetime": {"datetime": "2024-02-19 13:48:15", "elapsed": 1998.957809, "delta": 9.184031}}
{"target": -0.6903483784839924, "params": {"colsample_bytree": 0.8972255997326783, "learning_rate": 0.38117880655013653, "max_bin_exp": 9.980992979091075, "max_depth": 3.6986616596248987, "n_estimators": 4700.88351968072, "reg_alpha": 0.8405428656141786, "reg_lambda": 2.9836622839784313}, "datetime": {"datetime": "2024-02-19 13:48:21", "elapsed": 2004.637242, "delta": 5.679433}}
{"target": -0.6746047672125118, "params": {"colsample_bytree": 0.7005019879590522, "learning_rate": 0.48469967245387546, "max_bin_exp": 9.884217532482957, "max_depth": 4.9455483468621555, "n_estimators": 1962.0244123139391, "reg_alpha": 2.865911067310211, "reg_lambda": 1.9222189901010882}, "datetime": {"datetime": "2024-02-19 13:48:25", "elapsed": 2008.700484, "delta": 4.063242}}
{"target": -0.6353955748948034, "params": {"colsample_bytree": 0.8569745043624031, "learning_rate": 0.23582463533354536, "max_bin_exp": 9.761731355961917, "max_depth": 3.2326224738057974, "n_estimators": 1984.0218321821424, "reg_alpha": 2.2191403038468445, "reg_lambda": 2.5048808465444914}, "datetime": {"datetime": "2024-02-19 13:48:31", "elapsed": 2014.909495, "delta": 6.209011}}
