{"target": -0.8911144297650181, "params": {"colsample_bytree": 0.4058116834257612, "learning_rate": 0.4127209227576639, "max_bin_exp": 7.165016934268593, "max_depth": 5.184035442767635, "n_estimators": 4502.282657234614, "reg_alpha": 0.9980922687866788, "reg_lambda": 0.4029494338181422}, "datetime": {"datetime": "2024-02-19 16:30:03", "elapsed": 1575.512372, "delta": 6.88106}}
{"target": -0.7782457703257415, "params": {"colsample_bytree": 0.9125541353923463, "learning_rate": 0.4112025625399361, "max_bin_exp": 5.708183330903122, "max_depth": 3.602368880300862, "n_estimators": 2606.2199297153716, "reg_alpha": 1.2892221907469743, "reg_lambda": 0.6590706801733921}, "datetime": {"datetime": "2024-02-19 16:30:07", "elapsed": 1580.025395, "delta": 4.513023}}
{"target": -0.6428948247870321, "params": {"colsample_bytree": 0.8833644708270165, "learning_rate": 0.2554860717045864, "max_bin_exp": 8.78047574056583, "max_depth": 4.716417968927417, "n_estimators": 2587.461140629862, "reg_alpha": 0.5087381285895776, "reg_lambda": 2.8407564534023355}, "datetime": {"datetime": "2024-02-19 16:30:11", "elapsed": 1583.655034, "delta": 3.629639}}
{"target": -0.7245043676228152, "params": {"colsample_bytree": 0.5520021678919595, "learning_rate": 0.19916092834759846, "max_bin_exp": 6.430189260339848, "max_depth": 4.293487654333486, "n_estimators": 4521.336621027319, "reg_alpha": 2.872388203972741, "reg_lambda": 1.1040228843248863}, "datetime": {"datetime": "2024-02-19 16:30:16", "elapsed": 1588.938626, "delta": 5.283592}}
{"target": -0.6134829971280603, "params": {"colsample_bytree": 0.9033127761486293, "learning_rate": 0.09110176103695201, "max_bin_exp": 7.351403792713915, "max_depth": 5.338284068745832, "n_estimators": 2588.00301251405, "reg_alpha": 0.1271707037596047, "reg_lambda": 2.3873659609140514}, "datetime": {"datetime": "2024-02-19 16:30:22", "elapsed": 1595.018281, "delta": 6.079655}}
{"target": -0.7822263666607815, "params": {"colsample_bytree": 0.33144530873926065, "learning_rate": 0.37820376331211286, "max_bin_exp": 8.430472661972953, "max_depth": 4.745982845748442, "n_estimators": 2610.065977647984, "reg_alpha": 0.07062331280625667, "reg_lambda": 0.10858871098275735}, "datetime": {"datetime": "2024-02-19 16:30:26", "elapsed": 1598.30156, "delta": 3.283279}}
{"target": -2.2491588489701035, "params": {"colsample_bytree": 1.0, "learning_rate": 0.001, "max_bin_exp": 9.499127417999212, "max_depth": 4.621055493280037, "n_estimators": 2580.8992539511373, "reg_alpha": 3.0, "reg_lambda": 1.018343396646013}, "datetime": {"datetime": "2024-02-19 16:30:29", "elapsed": 1602.123624, "delta": 3.822064}}
{"target": -3.0834175044903485, "params": {"colsample_bytree": 0.2, "learning_rate": 0.001, "max_bin_exp": 7.761766413278391, "max_depth": 6.0, "n_estimators": 4158.282507582588, "reg_alpha": 2.4684249232957347, "reg_lambda": 0.0}, "datetime": {"datetime": "2024-02-19 16:30:36", "elapsed": 1608.410527, "delta": 6.286903}}
{"target": -3.134746981862053, "params": {"colsample_bytree": 0.2, "learning_rate": 0.001, "max_bin_exp": 6.389028441178443, "max_depth": 5.4208310755346005, "n_estimators": 4504.22087013714, "reg_alpha": 0.7946335846403648, "reg_lambda": 1.3420939468745228}, "datetime": {"datetime": "2024-02-19 16:30:41", "elapsed": 1613.890627, "delta": 5.4801}}
{"target": -0.7001623262582208, "params": {"colsample_bytree": 0.39745648416526946, "learning_rate": 0.08915111661960563, "max_bin_exp": 8.076468177597674, "max_depth": 3.0760190179981812, "n_estimators": 2611.3656890100638, "reg_alpha": 0.6549774024865017, "reg_lambda": 1.022849995846221}, "datetime": {"datetime": "2024-02-19 16:30:44", "elapsed": 1616.658206, "delta": 2.767579}}
{"target": -0.725717263397711, "params": {"colsample_bytree": 0.4299373916154518, "learning_rate": 0.48799302563459007, "max_bin_exp": 7.297404899716193, "max_depth": 3.2204095413819163, "n_estimators": 2582.0138324770196, "reg_alpha": 1.8024648268793093, "reg_lambda": 1.8980100210272792}, "datetime": {"datetime": "2024-02-19 16:30:47", "elapsed": 1619.326064, "delta": 2.667858}}
{"target": -0.6763758010887477, "params": {"colsample_bytree": 0.9873272795038579, "learning_rate": 0.33681356397130746, "max_bin_exp": 7.822676169297221, "max_depth": 4.974177546107393, "n_estimators": 2575.683946758827, "reg_alpha": 0.602902151230852, "reg_lambda": 2.8441037733338894}, "datetime": {"datetime": "2024-02-19 16:30:50", "elapsed": 1623.017889, "delta": 3.691825}}
{"target": -0.7005325488965395, "params": {"colsample_bytree": 0.5331067631381357, "learning_rate": 0.1806506040235262, "max_bin_exp": 7.559953816967416, "max_depth": 5.454896437986011, "n_estimators": 2614.5524506548663, "reg_alpha": 0.7751799152019898, "reg_lambda": 1.2679896593642321}, "datetime": {"datetime": "2024-02-19 16:30:54", "elapsed": 1626.297285, "delta": 3.279396}}
{"target": -0.657222675073564, "params": {"colsample_bytree": 0.7062869642285514, "learning_rate": 0.2695652597635055, "max_bin_exp": 8.97395045782809, "max_depth": 4.452712210027056, "n_estimators": 2062.3766135096625, "reg_alpha": 1.3824447781761107, "reg_lambda": 0.43743538491067335}, "datetime": {"datetime": "2024-02-19 16:30:57", "elapsed": 1629.373622, "delta": 3.076337}}
{"target": -0.737039395247028, "params": {"colsample_bytree": 0.833824491981598, "learning_rate": 0.051561216510262284, "max_bin_exp": 5.640134253630519, "max_depth": 5.182682756250847, "n_estimators": 4507.605168012657, "reg_alpha": 0.5296074593594391, "reg_lambda": 2.470714983666891}, "datetime": {"datetime": "2024-02-19 16:31:02", "elapsed": 1635.129387, "delta": 5.755765}}
{"target": -0.6603953248414695, "params": {"colsample_bytree": 0.6220916603943496, "learning_rate": 0.2764862869271322, "max_bin_exp": 8.051689324390754, "max_depth": 5.15851679031546, "n_estimators": 2564.9919453022576, "reg_alpha": 0.6000822087040087, "reg_lambda": 0.43479151614522105}, "datetime": {"datetime": "2024-02-19 16:31:06", "elapsed": 1638.885037, "delta": 3.75565}}
{"target": -0.6949548699071623, "params": {"colsample_bytree": 1.0, "learning_rate": 0.5, "max_bin_exp": 10.0, "max_depth": 5.52121470560448, "n_estimators": 2066.5465359512195, "reg_alpha": 0.1083282911753987, "reg_lambda": 0.0}, "datetime": {"datetime": "2024-02-19 16:31:11", "elapsed": 1643.719795, "delta": 4.834758}}
{"target": -0.6407033501281854, "params": {"colsample_bytree": 0.7350585062677397, "learning_rate": 0.1989492293703172, "max_bin_exp": 8.465434711100054, "max_depth": 5.180607347431164, "n_estimators": 2591.3324485877233, "reg_alpha": 1.4325660859878815, "reg_lambda": 2.973635906231535}, "datetime": {"datetime": "2024-02-19 16:31:15", "elapsed": 1647.177945, "delta": 3.45815}}
