{"target": 9.743790149023571, "params": {"u": 1.986158909916003, "x": 0.05887091339614825, "y": 4.362975159001245}, "datetime": {"datetime": "2024-02-27 23:08:46", "elapsed": 182.870238, "delta": 1.366434}}
{"target": -12.762251325473791, "params": {"u": 0.9835110322794518, "x": 0.2931207615712226, "y": 3.456908316795502}, "datetime": {"datetime": "2024-02-27 23:08:46", "elapsed": 183.501523, "delta": 0.631285}}
{"target": 5.555149422162128, "params": {"u": 1.7155690213925043, "x": 1.158252207306334, "y": -0.7179499817752344}, "datetime": {"datetime": "2024-02-27 23:08:47", "elapsed": 184.598488, "delta": 1.096965}}
{"target": 7.118695569232386, "params": {"u": 1.9762996277161953, "x": 0.8160304039879511, "y": -3.0559729596002647}, "datetime": {"datetime": "2024-02-27 23:08:49", "elapsed": 186.388715, "delta": 1.790227}}
{"target": 6.80669320697309, "params": {"u": 1.9289025942161155, "x": 0.5519509661399966, "y": 1.2117451959551717}, "datetime": {"datetime": "2024-02-27 23:08:50", "elapsed": 187.302437, "delta": 0.913722}}
{"target": 6.898676030415032, "params": {"u": 1.9586535933617955, "x": 0.7425883482373239, "y": 2.5679308251934945}, "datetime": {"datetime": "2024-02-27 23:08:52", "elapsed": 189.076358, "delta": 1.773921}}
{"target": 1.1658586076987767, "params": {"u": 1.1895393021560094, "x": 2.4230510258094884, "y": 2.417610702071179}, "datetime": {"datetime": "2024-02-27 23:08:53", "elapsed": 189.984613, "delta": 0.908255}}
{"target": 7.31849307888173, "params": {"u": 1.9723299617802768, "x": -0.3923673948797455, "y": -0.558596694158048}, "datetime": {"datetime": "2024-02-27 23:08:54", "elapsed": 190.958317, "delta": 0.973704}}
{"target": 9.872852578040945, "params": {"u": 1.9497064999621259, "x": 0.03410652559325733, "y": -3.18173992165913}, "datetime": {"datetime": "2024-02-27 23:08:55", "elapsed": 192.575507, "delta": 1.61719}}
{"target": 9.622586455703495, "params": {"u": 1.3897284513595136, "x": 0.07840069124187954, "y": 3.8347289063276353}, "datetime": {"datetime": "2024-02-27 23:08:57", "elapsed": 194.006769, "delta": 1.431262}}
{"target": 6.374615061559638, "params": {"u": 1.9509868503286478, "x": -1.0, "y": -3.859573685867436}, "datetime": {"datetime": "2024-02-27 23:08:57", "elapsed": 194.724419, "delta": 0.71765}}
{"target": -7.112928606464999, "params": {"u": 0.5820832027703933, "x": 0.20270382588316238, "y": 4.199549915782756}, "datetime": {"datetime": "2024-02-27 23:08:58", "elapsed": 195.685908, "delta": 0.961489}}
{"target": 7.703003463438403, "params": {"u": 1.5783924660361097, "x": -0.3240902824536702, "y": -2.324195407828241}, "datetime": {"datetime": "2024-02-27 23:09:00", "elapsed": 196.98551, "delta": 1.299602}}
{"target": -16.405171223513733, "params": {"u": 0.15653625171022756, "x": 0.6478732517871348, "y": 2.7061530883365954}, "datetime": {"datetime": "2024-02-27 23:09:01", "elapsed": 197.860187, "delta": 0.874677}}
{"target": -15.074361439892183, "params": {"u": 0.8674259853524131, "x": -0.6735536750891797, "y": -2.3653086756502253}, "datetime": {"datetime": "2024-02-27 23:09:02", "elapsed": 199.215947, "delta": 1.35576}}
{"target": 9.247492535573556, "params": {"u": 1.9974249258725647, "x": 0.1289520843364022, "y": -1.7364346678041152}, "datetime": {"datetime": "2024-02-27 23:09:03", "elapsed": 200.684848, "delta": 1.468901}}
{"target": 6.978892135830222, "params": {"u": 1.8574178700321682, "x": -0.47809839964505274, "y": -4.844539477648638}, "datetime": {"datetime": "2024-02-27 23:09:04", "elapsed": 201.775671, "delta": 1.090823}}
{"target": 5.753898794921703, "params": {"u": 1.3381992908251479, "x": 1.130877787575716, "y": -1.1757518557562898}, "datetime": {"datetime": "2024-02-27 23:09:05", "elapsed": 202.704291, "delta": 0.92862}}
{"target": 8.286009958566925, "params": {"u": 1.8506604290433402, "x": -0.24367907607949935, "y": -2.143446018831648}, "datetime": {"datetime": "2024-02-27 23:09:06", "elapsed": 203.790614, "delta": 1.086323}}
{"target": -15.862314044271859, "params": {"u": 0.14112115469070363, "x": 0.6586732959168389, "y": 0.4248177109507729}, "datetime": {"datetime": "2024-02-27 23:09:07", "elapsed": 204.678752, "delta": 0.888138}}
{"target": 7.144086288008914, "params": {"u": 1.1072945494408106, "x": -0.4315778267269694, "y": -0.9804226897471082}, "datetime": {"datetime": "2024-02-27 23:09:08", "elapsed": 205.33048, "delta": 0.651728}}
{"target": 19.681217007261306, "params": {"u": 2.0, "x": 0.564608707636265, "y": 1.1185196263312012}, "datetime": {"datetime": "2024-02-27 23:09:10", "elapsed": 207.164296, "delta": 1.833816}}
{"target": -27.373345021842663, "params": {"u": 0.3092404008869971, "x": 2.3890242409799454, "y": -0.33918770074518356}, "datetime": {"datetime": "2024-02-27 23:09:11", "elapsed": 208.486558, "delta": 1.322262}}
{"target": 7.168090861480465, "params": {"u": 1.556496805186086, "x": 0.8311201836475224, "y": -3.6198745167360813}, "datetime": {"datetime": "2024-02-27 23:09:12", "elapsed": 209.138783, "delta": 0.652225}}
{"target": -17.20067205765855, "params": {"u": 0.509651751167751, "x": 1.323386101242579, "y": 4.445797544518859}, "datetime": {"datetime": "2024-02-27 23:09:12", "elapsed": 209.768127, "delta": 0.629344}}
{"target": 9.966251257664329, "params": {"u": 1.9694422265348441, "x": -0.010829026452791268, "y": -4.461571491906428}, "datetime": {"datetime": "2024-02-27 23:09:14", "elapsed": 211.48978, "delta": 1.721653}}
{"target": 7.028653434213499, "params": {"u": 1.9507746988232093, "x": 0.7881141059812777, "y": -1.6672886127528685}, "datetime": {"datetime": "2024-02-27 23:09:16", "elapsed": 212.836103, "delta": 1.346323}}
{"target": 5.087580883212048, "params": {"u": 1.9792871703258277, "x": 1.2207764041737716, "y": -1.826865639452997}, "datetime": {"datetime": "2024-02-27 23:09:18", "elapsed": 215.303853, "delta": 2.46775}}
{"target": -3.6978434259768136, "params": {"u": 0.5132403907194796, "x": -0.8749230202660376, "y": 0.7696633160622461}, "datetime": {"datetime": "2024-02-27 23:09:19", "elapsed": 216.210662, "delta": 0.906809}}
{"target": 4.455025562793221, "params": {"u": 1.7753143087529333, "x": 1.880033382693271, "y": -2.836732261914862}, "datetime": {"datetime": "2024-02-27 23:09:20", "elapsed": 217.244619, "delta": 1.033957}}
{"target": 0.9616358760541122, "params": {"u": 1.1381568310610382, "x": 2.5354262398330483, "y": 4.791083468687869}, "datetime": {"datetime": "2024-02-27 23:09:21", "elapsed": 218.160033, "delta": 0.915414}}
{"target": 6.84079243136437, "params": {"u": 1.3638663585794537, "x": 0.7170839774256184, "y": -3.056427277038699}, "datetime": {"datetime": "2024-02-27 23:09:22", "elapsed": 219.384709, "delta": 1.224676}}
{"target": 5.751214803178065, "params": {"u": 1.9722756292787578, "x": 1.1312585644476236, "y": 1.8010849724037534}, "datetime": {"datetime": "2024-02-27 23:09:24", "elapsed": 221.556365, "delta": 2.171656}}
{"target": 7.418137749402785, "params": {"u": 1.2262365536095505, "x": 0.9611317644727029, "y": 0.5959651678426656}, "datetime": {"datetime": "2024-02-27 23:09:26", "elapsed": 222.854928, "delta": 1.298563}}
{"target": 7.948134646051447, "params": {"u": 1.9704110093594147, "x": 0.28802907251857857, "y": 3.94386578618173}, "datetime": {"datetime": "2024-02-27 23:09:27", "elapsed": 224.159954, "delta": 1.305026}}
{"target": 6.7794721796125295, "params": {"u": 1.2518848498664292, "x": -0.679113093871428, "y": -4.443273869522684}, "datetime": {"datetime": "2024-02-27 23:09:28", "elapsed": 225.085723, "delta": 0.925769}}
{"target": -8.421314528708164, "params": {"u": 0.0634981148072229, "x": 2.0371577287191394, "y": 1.8115467309964792}, "datetime": {"datetime": "2024-02-27 23:09:29", "elapsed": 226.335514, "delta": 1.249791}}
{"target": -23.168550135027786, "params": {"u": 0.7299474709768659, "x": 1.4858846712958949, "y": 0.8123679053426098}, "datetime": {"datetime": "2024-02-27 23:09:30", "elapsed": 227.459839, "delta": 1.124325}}
{"target": -21.265875664518333, "params": {"u": 0.12690238215096983, "x": 2.755175280489904, "y": -2.905784139336899}, "datetime": {"datetime": "2024-02-27 23:09:31", "elapsed": 228.46001, "delta": 1.000171}}
{"target": 4.996711887917801, "params": {"u": 1.952293818875786, "x": 1.233294068334656, "y": 1.7676842524407128}, "datetime": {"datetime": "2024-02-27 23:09:33", "elapsed": 230.400968, "delta": 1.940958}}
{"target": 4.058977478861934, "params": {"u": 1.95316847530535, "x": 1.4009149038609872, "y": -2.5897733888723042}, "datetime": {"datetime": "2024-02-27 23:09:35", "elapsed": 231.901441, "delta": 1.500473}}
{"target": 17.624645596224806, "params": {"u": 2.0, "x": 1.1727550484969973, "y": -1.2123756554084673}, "datetime": {"datetime": "2024-02-27 23:09:36", "elapsed": 233.676726, "delta": 1.775285}}
{"target": 9.030387774412066, "params": {"u": 1.9852020800162953, "x": 0.15517059206634043, "y": -0.20316055651306897}, "datetime": {"datetime": "2024-02-27 23:09:38", "elapsed": 235.271414, "delta": 1.594688}}
{"target": 3.733181678478701, "params": {"u": 1.1233984907604646, "x": 1.531425734995838, "y": 0.6483582368288658}, "datetime": {"datetime": "2024-02-27 23:09:39", "elapsed": 236.432471, "delta": 1.161057}}
{"target": 19.99775087965441, "params": {"u": 2.0, "x": 0.04742489162443348, "y": -4.378717058775837}, "datetime": {"datetime": "2024-02-27 23:09:40", "elapsed": 237.779937, "delta": 1.347466}}
{"target": 19.023695780745374, "params": {"u": 2.0, "x": -0.9880810792918902, "y": -0.9886620369449606}, "datetime": {"datetime": "2024-02-27 23:09:42", "elapsed": 239.402901, "delta": 1.622964}}
{"target": 9.338644974569132, "params": {"u": 1.9654645785640719, "x": -0.11749356770064567, "y": -0.950904653483863}, "datetime": {"datetime": "2024-02-27 23:09:44", "elapsed": 241.107961, "delta": 1.70506}}
{"target": 5.3011676374499785, "params": {"u": 1.9290900727230922, "x": 1.192084531571942, "y": -1.1713624396143087}, "datetime": {"datetime": "2024-02-27 23:09:45", "elapsed": 242.737666, "delta": 1.629705}}
{"target": -8.155476510748258, "params": {"u": 0.7440637986200145, "x": 2.019681369085338, "y": -2.96569873372609}, "datetime": {"datetime": "2024-02-27 23:09:47", "elapsed": 244.304718, "delta": 1.567052}}
{"target": 6.995631562185299, "params": {"u": 1.9365314796209336, "x": 0.7774018877191917, "y": -3.15584875306807}, "datetime": {"datetime": "2024-02-27 23:09:49", "elapsed": 246.53894, "delta": 2.234222}}
{"target": -1.9717564721860654, "params": {"u": 0.9250560000706369, "x": 0.1013900963249128, "y": -4.45255816502584}, "datetime": {"datetime": "2024-02-27 23:09:50", "elapsed": 247.245375, "delta": 0.706435}}
{"target": 19.138300443298707, "params": {"u": 2.0, "x": -0.9282777368338051, "y": -0.9447850676045032}, "datetime": {"datetime": "2024-02-27 23:09:51", "elapsed": 248.194994, "delta": 0.949619}}
{"target": -0.9954111407270361, "params": {"u": 0.547531161015975, "x": -0.9934486308706538, "y": -2.8084444331069958}, "datetime": {"datetime": "2024-02-27 23:09:52", "elapsed": 249.397776, "delta": 1.202782}}
{"target": 4.600736989260447, "params": {"u": 1.1639198307764043, "x": 1.9837838339860454, "y": 3.056509515683688}, "datetime": {"datetime": "2024-02-27 23:09:54", "elapsed": 251.033605, "delta": 1.635829}}
{"target": -0.6074098004558763, "params": {"u": 0.40861532865013395, "x": -0.05561337568501523, "y": -0.053073760464503295}, "datetime": {"datetime": "2024-02-27 23:09:55", "elapsed": 252.120074, "delta": 1.086469}}
{"target": 4.2036230651026365, "params": {"u": 1.9925867906140162, "x": 1.3663550559684121, "y": -4.999989405857049}, "datetime": {"datetime": "2024-02-27 23:09:57", "elapsed": 254.466543, "delta": 2.346469}}
{"target": 6.747983880609805, "params": {"u": 1.9758155874991543, "x": 0.6193931574401934, "y": 1.1353904423889096}, "datetime": {"datetime": "2024-02-27 23:10:00", "elapsed": 257.051687, "delta": 2.585144}}
{"target": 7.342048893893718, "params": {"u": 1.2045278956413172, "x": -0.8908719775268046, "y": -1.6173414814355516}, "datetime": {"datetime": "2024-02-27 23:10:01", "elapsed": 258.050098, "delta": 0.998411}}
{"target": 9.83109372270161, "params": {"u": 1.7145599013282347, "x": 0.042760652665798204, "y": 4.458991738912886}, "datetime": {"datetime": "2024-02-27 23:10:02", "elapsed": 259.514329, "delta": 1.464231}}
{"target": 6.796790964533468, "params": {"u": 1.9926886370640593, "x": 0.5584904781389151, "y": -2.3896620822446657}, "datetime": {"datetime": "2024-02-27 23:10:03", "elapsed": 260.812673, "delta": 1.298344}}
{"target": 7.101457469316202, "params": {"u": 1.2740352369654118, "x": 0.8107659366291053, "y": -0.9487646794565885}, "datetime": {"datetime": "2024-02-27 23:10:05", "elapsed": 262.772687, "delta": 1.960014}}
{"target": -2.6968598222624713, "params": {"u": 0.20002395213615287, "x": 1.0546846967769041, "y": -4.774837444550965}, "datetime": {"datetime": "2024-02-27 23:10:07", "elapsed": 263.95004, "delta": 1.177353}}
{"target": 6.759896664267561, "params": {"u": 1.9694684842023553, "x": 0.6589969023386262, "y": 2.6601549479250313}, "datetime": {"datetime": "2024-02-27 23:10:08", "elapsed": 265.469683, "delta": 1.519643}}
{"target": 6.753329653112122, "params": {"u": 1.9564601689176788, "x": 0.6485477007190568, "y": 3.388831001241863}, "datetime": {"datetime": "2024-02-27 23:10:09", "elapsed": 266.371023, "delta": 0.90134}}
{"target": 7.41349178383447, "params": {"u": 1.952841793810408, "x": -0.9352597579803033, "y": -0.9663886450633079}, "datetime": {"datetime": "2024-02-27 23:10:11", "elapsed": 268.436333, "delta": 2.06531}}
{"target": -12.36290858418748, "params": {"u": 0.9985526548967691, "x": 1.2469446367557717, "y": -2.762103068599473}, "datetime": {"datetime": "2024-02-27 23:10:12", "elapsed": 269.564757, "delta": 1.128424}}
{"target": 3.7040847262314998, "params": {"u": 1.437222490833089, "x": 1.56471767363375, "y": -4.966007215311946}, "datetime": {"datetime": "2024-02-27 23:10:14", "elapsed": 270.86725, "delta": 1.302493}}
{"target": -0.995832728978268, "params": {"u": 0.9627680181006715, "x": -0.9928594384830194, "y": -0.01888456902778657}, "datetime": {"datetime": "2024-02-27 23:10:15", "elapsed": 272.01427, "delta": 1.14702}}
{"target": 19.400817298639573, "params": {"u": 2.0, "x": 0.7740689254584678, "y": 2.6721275367710966}, "datetime": {"datetime": "2024-02-27 23:10:16", "elapsed": 273.55681, "delta": 1.54254}}
{"target": 9.878668301845963, "params": {"u": 1.9365981702918622, "x": 0.03283624041298062, "y": -4.38442910473331}, "datetime": {"datetime": "2024-02-27 23:10:19", "elapsed": 276.102665, "delta": 2.545855}}
{"target": -19.965731310076002, "params": {"u": 0.8201184077753338, "x": -0.4643455164316759, "y": 0.15469531736654218}, "datetime": {"datetime": "2024-02-27 23:10:20", "elapsed": 277.587187, "delta": 1.484522}}
{"target": 1.5345824634211294, "params": {"u": 1.8523272457953623, "x": 2.8079642873819237, "y": -4.823866988479871}, "datetime": {"datetime": "2024-02-27 23:10:23", "elapsed": 279.885896, "delta": 2.298709}}
{"target": 9.919609975538116, "params": {"u": 1.9711183426056516, "x": 0.023323673301277825, "y": 0.8298374189430415}, "datetime": {"datetime": "2024-02-27 23:10:24", "elapsed": 281.617343, "delta": 1.731447}}
{"target": 19.753385477119323, "params": {"u": 2.0, "x": 0.4966029831572479, "y": 1.1395639410067653}, "datetime": {"datetime": "2024-02-27 23:10:26", "elapsed": 283.756768, "delta": 2.139425}}
{"target": -4.980621856377004, "params": {"u": 0.3605739784779367, "x": 1.9919103191217515, "y": -0.4271576157341901}, "datetime": {"datetime": "2024-02-27 23:10:27", "elapsed": 284.587716, "delta": 0.830948}}
{"target": -18.159072175734295, "params": {"u": 0.664538937337279, "x": 2.2365648947612717, "y": -1.3653100638806794}, "datetime": {"datetime": "2024-02-27 23:10:28", "elapsed": 285.646469, "delta": 1.058753}}
{"target": 9.280569610489493, "params": {"u": 1.9660000259942645, "x": 0.12483450047984856, "y": -1.6413471457151285}, "datetime": {"datetime": "2024-02-27 23:10:30", "elapsed": 287.745879, "delta": 2.09941}}
{"target": 6.285102511335683, "params": {"u": 1.973160502064552, "x": 1.0347923385349924, "y": 4.339464276989894}, "datetime": {"datetime": "2024-02-27 23:10:32", "elapsed": 288.952148, "delta": 1.206269}}
{"target": -28.089888151826056, "params": {"u": 0.3662220862065346, "x": 2.6216888960715017, "y": -3.664906271545705}, "datetime": {"datetime": "2024-02-27 23:10:32", "elapsed": 289.723123, "delta": 0.770975}}
{"target": 6.830012324675931, "params": {"u": 1.1321325381165759, "x": -0.5384000005266785, "y": -3.8575665812842788}, "datetime": {"datetime": "2024-02-27 23:10:34", "elapsed": 290.850421, "delta": 1.127298}}
{"target": 17.440147667635458, "params": {"u": 2.0, "x": 1.248940483916085, "y": -1.2309422925658586}, "datetime": {"datetime": "2024-02-27 23:10:35", "elapsed": 292.728282, "delta": 1.877861}}
{"target": -17.7146626829824, "params": {"u": 0.28152027050075623, "x": -0.6190253511798058, "y": 3.15509750976217}, "datetime": {"datetime": "2024-02-27 23:10:37", "elapsed": 294.244706, "delta": 1.516424}}
{"target": 7.369614518710595, "params": {"u": 1.9637964876487037, "x": -0.9969916290994072, "y": -1.653184961694325}, "datetime": {"datetime": "2024-02-27 23:10:40", "elapsed": 296.988878, "delta": 2.744172}}
{"target": -18.801065941342777, "params": {"u": 0.983633042012118, "x": -0.4156550004332007, "y": -3.109177768727407}, "datetime": {"datetime": "2024-02-27 23:10:41", "elapsed": 298.089791, "delta": 1.100913}}
{"target": 9.869700899825748, "params": {"u": 1.995342824535824, "x": 0.034787626493423485, "y": -3.087190768195356}, "datetime": {"datetime": "2024-02-27 23:10:43", "elapsed": 300.276632, "delta": 2.186841}}
{"target": 19.683606887639197, "params": {"u": 2.0, "x": 0.5624883219772684, "y": -2.489927614936451}, "datetime": {"datetime": "2024-02-27 23:10:45", "elapsed": 302.020012, "delta": 1.74338}}
{"target": 8.595960109050388, "params": {"u": 1.2207720943241749, "x": 0.20615568729688194, "y": -1.0627841067740142}, "datetime": {"datetime": "2024-02-27 23:10:47", "elapsed": 303.843292, "delta": 1.82328}}
{"target": -8.56456136436109, "params": {"u": 0.3761727540117499, "x": 2.044324042501474, "y": 3.39564249280736}, "datetime": {"datetime": "2024-02-27 23:10:48", "elapsed": 304.990658, "delta": 1.147366}}
{"target": -2.041834549684424, "params": {"u": 0.05003271989388791, "x": -0.9214730052395406, "y": 2.0833059961395666}, "datetime": {"datetime": "2024-02-27 23:10:49", "elapsed": 306.637029, "delta": 1.646371}}
{"target": 6.879450097960156, "params": {"u": 1.944607185966126, "x": 0.5148415039871616, "y": 1.0897750810396136}, "datetime": {"datetime": "2024-02-27 23:10:51", "elapsed": 308.307207, "delta": 1.670178}}
{"target": 3.8534768113205082, "params": {"u": 1.4820018526762126, "x": 1.7109063595387721, "y": -1.4562488577837107}, "datetime": {"datetime": "2024-02-27 23:10:53", "elapsed": 309.899772, "delta": 1.592565}}
{"target": 6.900947874070262, "params": {"u": 1.9361550913640402, "x": 0.7434911373338249, "y": -4.998999045105636}, "datetime": {"datetime": "2024-02-27 23:10:55", "elapsed": 312.040019, "delta": 2.140247}}
{"target": 7.417824929870385, "params": {"u": 1.9666101205502948, "x": -0.9423518931623001, "y": 4.517258761844245}, "datetime": {"datetime": "2024-02-27 23:10:56", "elapsed": 313.667115, "delta": 1.627096}}
{"target": 17.07460054736681, "params": {"u": 2.0, "x": 1.38758763782083, "y": -2.456002845942776}, "datetime": {"datetime": "2024-02-27 23:10:59", "elapsed": 316.073452, "delta": 2.406337}}
{"target": 4.038344769454248, "params": {"u": 1.3230376598959006, "x": 1.769611698943434, "y": -0.8200468106096697}, "datetime": {"datetime": "2024-02-27 23:11:00", "elapsed": 317.290642, "delta": 1.21719}}
{"target": 6.97197167989026, "params": {"u": 1.571886785670932, "x": 0.7694557549714474, "y": 0.9457091822673478}, "datetime": {"datetime": "2024-02-27 23:11:01", "elapsed": 318.46647, "delta": 1.175828}}
{"target": 18.0, "params": {"u": 2.0, "x": -1.0, "y": 4.4089292898671415}, "datetime": {"datetime": "2024-02-27 23:11:03", "elapsed": 320.467173, "delta": 2.000703}}
{"target": -8.270303588104152, "params": {"u": 0.2984237089225461, "x": 2.02820954968445, "y": -1.7112976795644053}, "datetime": {"datetime": "2024-02-27 23:11:04", "elapsed": 321.692231, "delta": 1.225058}}
{"target": 9.678815339641428, "params": {"u": 1.9890267546238931, "x": -0.06965619256536959, "y": -4.9948514611692865}, "datetime": {"datetime": "2024-02-27 23:11:06", "elapsed": 323.718227, "delta": 2.025996}}
{"target": 1.2403635226208216, "params": {"u": 1.9213883491861585, "x": 2.3996889120568508, "y": 0.3554127563683318}, "datetime": {"datetime": "2024-02-27 23:11:07", "elapsed": 324.802669, "delta": 1.084442}}
{"target": 8.947872369986786, "params": {"u": 1.932465078034342, "x": -0.16490018604408418, "y": -5.0}, "datetime": {"datetime": "2024-02-27 23:11:10", "elapsed": 327.204994, "delta": 2.402325}}
{"target": 5.799242420417809, "params": {"u": 1.9129690403085975, "x": 1.1243810658696036, "y": -3.8332752286984118}, "datetime": {"datetime": "2024-02-27 23:11:11", "elapsed": 328.813155, "delta": 1.608161}}
{"target": 7.303508496372448, "params": {"u": 1.1007495915987782, "x": 0.39546534302995884, "y": 1.5112583128064259}, "datetime": {"datetime": "2024-02-27 23:11:13", "elapsed": 330.04738, "delta": 1.234225}}
{"target": 9.22970679965642, "params": {"u": 1.8287088493546537, "x": 0.13114931536492325, "y": -1.9622498635561838}, "datetime": {"datetime": "2024-02-27 23:11:14", "elapsed": 331.60669, "delta": 1.55931}}
{"target": 7.414951883808644, "params": {"u": 1.927353513440527, "x": -0.9666932096076097, "y": -2.988817656028848}, "datetime": {"datetime": "2024-02-27 23:11:16", "elapsed": 333.363934, "delta": 1.757244}}
{"target": 19.462427112741363, "params": {"u": 2.0, "x": 0.7331936219435071, "y": -0.2893697310431193}, "datetime": {"datetime": "2024-02-27 23:11:19", "elapsed": 336.16381, "delta": 2.799876}}
