{"target": 0.3881324282311429, "params": {"u": 6.6813622920925315, "v": 1.5436155841333652, "w": 9.088939851627796, "x": 1.3463577935183881, "y": 4.192568739187561}, "datetime": {"datetime": "2024-02-25 10:14:47", "elapsed": 1391.61124, "delta": 8.465296}}
{"target": 0.6945772470789244, "params": {"u": 7.219779666660895, "v": 1.9600838336785014, "w": 9.17319911682895, "x": 2.0063492730694303, "y": 2.9974301450746808}, "datetime": {"datetime": "2024-02-25 10:14:53", "elapsed": 1398.211327, "delta": 6.600087}}
{"target": -0.045612159934324444, "params": {"u": 5.212582550793126, "v": 1.9699791464602834, "w": 2.8402261359214895, "x": 6.40336395266766, "y": 2.9068877071137322}, "datetime": {"datetime": "2024-02-25 10:14:57", "elapsed": 1401.789095, "delta": 3.577768}}
{"target": -0.06274814961995422, "params": {"u": 11.378565375563458, "v": 11.222799754086264, "w": 7.165148070791096, "x": 3.8714288669694694, "y": 4.243679387767441}, "datetime": {"datetime": "2024-02-25 10:15:00", "elapsed": 1404.95392, "delta": 3.164825}}
{"target": 0.410746110830121, "params": {"u": 6.687463767743118, "v": 1.6381224957300198, "w": 10.344551539884298, "x": 2.637248420459104, "y": 2.879439673964809}, "datetime": {"datetime": "2024-02-25 10:15:09", "elapsed": 1413.550167, "delta": 8.596247}}
{"target": -0.07774849704510019, "params": {"u": 3.49412155459403, "v": 2.7157405940774058, "w": 12.551427795818576, "x": 3.1254326824409335, "y": 3.03185517301868}, "datetime": {"datetime": "2024-02-25 10:15:12", "elapsed": 1416.823733, "delta": 3.273566}}
{"target": -0.030398384561174895, "params": {"u": 9.142356411430018, "v": 12.318228105308075, "w": 2.6571992990995437, "x": 6.2614952708889495, "y": 2.527687987101233}, "datetime": {"datetime": "2024-02-25 10:15:14", "elapsed": 1418.963792, "delta": 2.140059}}
{"target": 0.5604559030655125, "params": {"u": 7.675249804197356, "v": 1.2402864776682745, "w": 9.045828155721749, "x": 1.8441303818859378, "y": 2.959047945876596}, "datetime": {"datetime": "2024-02-25 10:15:21", "elapsed": 1426.018709, "delta": 7.054917}}
{"target": 0.0014372420697281415, "params": {"u": 7.633971455263378, "v": 4.038457579260484, "w": 2.5542322758516454, "x": 2.2797400199213245, "y": 2.934110559425428}, "datetime": {"datetime": "2024-02-25 10:15:26", "elapsed": 1430.763687, "delta": 4.744978}}
{"target": 0.45031682143499246, "params": {"u": 7.598281318257873, "v": 13.0, "w": 7.680474156582115, "x": 3.473874084356949, "y": 3.578361625181371}, "datetime": {"datetime": "2024-02-25 10:15:34", "elapsed": 1438.819079, "delta": 8.055392}}
{"target": 0.055575921935399224, "params": {"u": 10.741304594170165, "v": 6.485866298301577, "w": 10.032362151777578, "x": 7.285378691192189, "y": 0.4111612941707704}, "datetime": {"datetime": "2024-02-25 10:15:42", "elapsed": 1446.465643, "delta": 7.646564}}
{"target": 0.04227685274288433, "params": {"u": 8.175882920625329, "v": 11.116060249113774, "w": 10.849623762309937, "x": 7.2981395154553566, "y": 3.2011176910042876}, "datetime": {"datetime": "2024-02-25 10:15:48", "elapsed": 1452.500591, "delta": 6.034948}}
{"target": 0.6583966481273952, "params": {"u": 7.870314626906138, "v": 1.5156762494875644, "w": 10.211294603029064, "x": 1.8306886909548301, "y": 3.1279368839755914}, "datetime": {"datetime": "2024-02-25 10:15:55", "elapsed": 1460.08397, "delta": 7.583379}}
{"target": 0.6929328525686235, "params": {"u": 7.897510167272712, "v": 1.8127608853395651, "w": 9.85581849103901, "x": 1.4835104219115904, "y": 4.077382234906564}, "datetime": {"datetime": "2024-02-25 10:16:01", "elapsed": 1466.252371, "delta": 6.168401}}
{"target": 0.7271276866674308, "params": {"u": 8.323251584231885, "v": 1.18830668863125, "w": 9.457719372220758, "x": 2.0597019264580023, "y": 4.980072681675831}, "datetime": {"datetime": "2024-02-25 10:16:07", "elapsed": 1471.958915, "delta": 5.706544}}
{"target": 0.0216061983220079, "params": {"u": 1.3198222190165394, "v": 6.685240340337313, "w": 2.7929631540703936, "x": 3.484114152733083, "y": 0.9780094621152092}, "datetime": {"datetime": "2024-02-25 10:16:09", "elapsed": 1473.81497, "delta": 1.856055}}
{"target": 0.040115694315382214, "params": {"u": 1.11131653176174, "v": 8.325943154129488, "w": 7.309253391118453, "x": 3.1665143104094495, "y": 1.2066455666013336}, "datetime": {"datetime": "2024-02-25 10:16:14", "elapsed": 1479.003093, "delta": 5.188123}}
{"target": 0.5800399982867659, "params": {"u": 7.842649706560323, "v": 1.3351305671453013, "w": 9.635849754813975, "x": 1.7413064344534053, "y": 4.864644119761535}, "datetime": {"datetime": "2024-02-25 10:16:22", "elapsed": 1487.290035, "delta": 8.286942}}
{"target": 0.21212393324580445, "params": {"u": 9.090253867573288, "v": 2.6083102192675383, "w": 8.373832785165195, "x": 0.6576718639458041, "y": 2.597803770406758}, "datetime": {"datetime": "2024-02-25 10:16:27", "elapsed": 1491.782068, "delta": 4.492033}}
{"target": 0.7387955248688001, "params": {"u": 7.931252199754435, "v": 1.6254978237967688, "w": 10.134621719179432, "x": 2.0947812519678153, "y": 3.2746029900829225}, "datetime": {"datetime": "2024-02-25 10:16:30", "elapsed": 1495.320844, "delta": 3.538776}}
{"target": 0.8691610169901972, "params": {"u": 8.501635496129172, "v": 2.2720396926917013, "w": 9.518533773478257, "x": 1.7656239395326832, "y": 3.9316151231649226}, "datetime": {"datetime": "2024-02-25 10:16:41", "elapsed": 1505.992342, "delta": 10.671498}}
{"target": -0.226779772131014, "params": {"u": 9.073895202190469, "v": 2.467917915590494, "w": 9.139561872318332, "x": 1.8009958120446123, "y": 4.339528098911908}, "datetime": {"datetime": "2024-02-25 10:16:48", "elapsed": 1513.31347, "delta": 7.321128}}
{"target": 0.5142758251677397, "params": {"u": 6.575170320474873, "v": 1.7073649269883204, "w": 11.356929209350783, "x": 1.6705256256920518, "y": 4.851341123808828}, "datetime": {"datetime": "2024-02-25 10:16:57", "elapsed": 1521.815943, "delta": 8.502473}}
{"target": -0.08299207070816253, "params": {"u": 5.788161602322247, "v": 1.390875470775177, "w": 9.407689283935541, "x": 1.597668553191538, "y": 3.3955564981849875}, "datetime": {"datetime": "2024-02-25 10:17:03", "elapsed": 1528.029753, "delta": 6.21381}}
{"target": 0.36858919565235965, "params": {"u": 7.758025194967224, "v": 1.496962941022152, "w": 9.372917228258087, "x": 1.8596769944273355, "y": 2.5477254801055347}, "datetime": {"datetime": "2024-02-25 10:17:12", "elapsed": 1537.277148, "delta": 9.247395}}
{"target": 0.738434540046514, "params": {"u": 6.999338455958051, "v": 1.1051190592866034, "w": 10.859743484433988, "x": 1.8045438480098168, "y": 4.72233383594683}, "datetime": {"datetime": "2024-02-25 10:17:19", "elapsed": 1544.188867, "delta": 6.911719}}
{"target": -0.2339361135532245, "params": {"u": 8.136258911903289, "v": 12.45525324932828, "w": 7.800344070292683, "x": 6.105808911683786, "y": 1.169785376693741}, "datetime": {"datetime": "2024-02-25 10:17:24", "elapsed": 1548.504174, "delta": 4.315307}}
{"target": -0.05091530280688396, "params": {"u": 3.4009047154492125, "v": 5.458076525566165, "w": 2.981014992227589, "x": 1.284153411807766, "y": 3.6889499057512376}, "datetime": {"datetime": "2024-02-25 10:17:27", "elapsed": 1551.460765, "delta": 2.956591}}
{"target": 0.7086305759859579, "params": {"u": 6.739284996026138, "v": 1.4527323413169593, "w": 9.193469709527996, "x": 2.046308493997104, "y": 2.9906175591295825}, "datetime": {"datetime": "2024-02-25 10:17:33", "elapsed": 1557.565388, "delta": 6.104623}}
{"target": 0.08984248533526085, "params": {"u": 7.6901158475837335, "v": 2.664210067541533, "w": 10.447354154842738, "x": 1.293706389752755, "y": 2.8796334806035557}, "datetime": {"datetime": "2024-02-25 10:17:43", "elapsed": 1568.043787, "delta": 10.478399}}
{"target": 0.1538564183584263, "params": {"u": 5.875027671917392, "v": 1.3833226044234954, "w": 10.812847183857878, "x": 1.8597062368260904, "y": 3.2563775100042993}, "datetime": {"datetime": "2024-02-25 10:17:51", "elapsed": 1575.828906, "delta": 7.785119}}
{"target": 0.612831703367292, "params": {"u": 8.312922251582279, "v": 1.8255126225547178, "w": 10.079046775753856, "x": 1.508880687918949, "y": 4.371340525418705}, "datetime": {"datetime": "2024-02-25 10:18:01", "elapsed": 1585.649104, "delta": 9.820198}}
{"target": -0.10370032781590896, "params": {"u": 3.3759270435656177, "v": 2.585651015629153, "w": 6.017060453327517, "x": 2.616224933704998, "y": 3.356038511011177}, "datetime": {"datetime": "2024-02-25 10:18:04", "elapsed": 1588.652533, "delta": 3.003429}}
{"target": 0.9282044882857071, "params": {"u": 8.639617959207575, "v": 2.0573767367946854, "w": 9.812028203211042, "x": 1.6865383887338001, "y": 3.891670466373331}, "datetime": {"datetime": "2024-02-25 10:18:08", "elapsed": 1593.199874, "delta": 4.547341}}
{"target": 0.07243793179242305, "params": {"u": 3.8969981266571865, "v": 2.509029358458077, "w": 6.2690385630425265, "x": 7.594095940605085, "y": 0.2912753202175823}, "datetime": {"datetime": "2024-02-25 10:18:11", "elapsed": 1595.977253, "delta": 2.777379}}
{"target": 0.4363548020418394, "params": {"u": 6.687298499423909, "v": 1.1711478720317485, "w": 11.005046656036617, "x": 2.8826967673337607, "y": 2.587447012876309}, "datetime": {"datetime": "2024-02-25 10:18:22", "elapsed": 1606.534359, "delta": 10.557106}}
{"target": 0.6999895020316238, "params": {"u": 6.835093234084264, "v": 1.8945477532886548, "w": 10.59470443203961, "x": 2.158709887394525, "y": 3.224040769774778}, "datetime": {"datetime": "2024-02-25 10:18:31", "elapsed": 1615.440878, "delta": 8.906519}}
{"target": 0.2530284396829428, "params": {"u": 7.6127839766138745, "v": 1.5200520111257902, "w": 10.380871449176972, "x": 2.659762474896774, "y": 2.9520329339002442}, "datetime": {"datetime": "2024-02-25 10:18:41", "elapsed": 1625.881033, "delta": 10.440155}}
{"target": 0.2906642569774354, "params": {"u": 7.796603900015043, "v": 1.5857835010993644, "w": 10.86526133907612, "x": 1.3631810631170027, "y": 4.536599788921812}, "datetime": {"datetime": "2024-02-25 10:18:47", "elapsed": 1632.005506, "delta": 6.124473}}
{"target": 0.06450434064805616, "params": {"u": 12.705528171516603, "v": 7.696595030008025, "w": 10.518222496895056, "x": 1.7304181811039752, "y": 3.6675333437489743}, "datetime": {"datetime": "2024-02-25 10:18:50", "elapsed": 1635.254459, "delta": 3.248953}}
{"target": 0.1304602810989755, "params": {"u": 5.684834272541022, "v": 2.854158208709382, "w": 11.409192879770682, "x": 3.1584479672136467, "y": 1.8233952119720855}, "datetime": {"datetime": "2024-02-25 10:18:56", "elapsed": 1640.440343, "delta": 5.185884}}
{"target": 0.3204167586476494, "params": {"u": 7.390180635371948, "v": 2.373045837630581, "w": 9.421175956058587, "x": 1.6795652891444008, "y": 2.7419397186453454}, "datetime": {"datetime": "2024-02-25 10:19:04", "elapsed": 1648.946423, "delta": 8.50608}}
{"target": 0.676315486476519, "params": {"u": 6.577999082184949, "v": 2.581047702167647, "w": 10.815871232696304, "x": 1.963687012317125, "y": 4.993768164346864}, "datetime": {"datetime": "2024-02-25 10:19:09", "elapsed": 1654.083124, "delta": 5.136701}}
{"target": 0.008314959471913942, "params": {"u": 2.1027366347227625, "v": 9.960938944874561, "w": 5.129743860940177, "x": 6.018680990849074, "y": 1.821800317551555}, "datetime": {"datetime": "2024-02-25 10:19:13", "elapsed": 1658.203613, "delta": 4.120489}}
{"target": -0.2792950685980185, "params": {"u": 6.900218380428763, "v": 3.5378928993388166, "w": 10.446844902496313, "x": 1.6563846360892365, "y": 4.609762124447488}, "datetime": {"datetime": "2024-02-25 10:19:26", "elapsed": 1670.828545, "delta": 12.624932}}
{"target": -0.03286141232236949, "params": {"u": 3.807184514273696, "v": 10.014766916027012, "w": 8.086807289312304, "x": 3.300178145003447, "y": 0.3873014728090688}, "datetime": {"datetime": "2024-02-25 10:19:30", "elapsed": 1675.235427, "delta": 4.406882}}
{"target": 0.7894095620627574, "params": {"u": 8.685502135517448, "v": 1.4797182740565011, "w": 10.372161525004373, "x": 1.831014729535548, "y": 4.204970677411589}, "datetime": {"datetime": "2024-02-25 10:19:39", "elapsed": 1683.727998, "delta": 8.492571}}
{"target": -0.1331287993551739, "params": {"u": 8.244526762300314, "v": 5.3462734055919565, "w": 9.994926514739957, "x": 6.545903150526363, "y": 2.371848121877306}, "datetime": {"datetime": "2024-02-25 10:19:44", "elapsed": 1688.986049, "delta": 5.258051}}
{"target": 0.28346805718698126, "params": {"u": 6.759037642339454, "v": 1.033221161919958, "w": 11.03260253195441, "x": 1.5263220986952644, "y": 2.9780609750901035}, "datetime": {"datetime": "2024-02-25 10:19:54", "elapsed": 1698.582487, "delta": 9.596438}}
{"target": 0.7518832949552765, "params": {"u": 6.711238745896143, "v": 1.3644755274938285, "w": 10.5582727544989, "x": 2.1300620871654155, "y": 3.142822356443947}, "datetime": {"datetime": "2024-02-25 10:20:03", "elapsed": 1707.870936, "delta": 9.288449}}
{"target": 0.45127183217312167, "params": {"u": 7.108994590608045, "v": 2.2816558058602197, "w": 10.508546250316865, "x": 2.631575280114755, "y": 2.8539496725642404}, "datetime": {"datetime": "2024-02-25 10:20:13", "elapsed": 1717.849252, "delta": 9.978316}}
{"target": 0.24537183370746155, "params": {"u": 7.159330536201173, "v": 2.273146633164601, "w": 11.231921767714082, "x": 1.7039679842746855, "y": 2.4490105071969963}, "datetime": {"datetime": "2024-02-25 10:20:22", "elapsed": 1726.825486, "delta": 8.976234}}
{"target": -0.04191926626498635, "params": {"u": 7.901627486576773, "v": 2.2842561437701647, "w": 5.0000831592416475, "x": 4.868004308965362, "y": 1.7722230925199454}, "datetime": {"datetime": "2024-02-25 10:20:26", "elapsed": 1730.696446, "delta": 3.87096}}
{"target": 0.7071269655807471, "params": {"u": 8.64537369806189, "v": 2.02649121678787, "w": 10.797980336319732, "x": 2.12736010801576, "y": 4.732894982685975}, "datetime": {"datetime": "2024-02-25 10:20:36", "elapsed": 1741.275238, "delta": 10.578792}}
{"target": 0.044359586908538216, "params": {"u": 12.464077683634148, "v": 5.785849346666726, "w": 11.52314308484888, "x": 4.68475848480279, "y": 4.242040388208304}, "datetime": {"datetime": "2024-02-25 10:20:40", "elapsed": 1745.250655, "delta": 3.975417}}
{"target": -0.05309566480918609, "params": {"u": 4.420500732939875, "v": 11.112060595032334, "w": 8.63181959554288, "x": 3.8194302762600034, "y": 3.6688161245064617}, "datetime": {"datetime": "2024-02-25 10:20:45", "elapsed": 1749.856333, "delta": 4.605678}}
{"target": -0.049402953517757794, "params": {"u": 8.823585902436154, "v": 7.709701777898163, "w": 2.7978417657037373, "x": 4.406964598100821, "y": 4.948986834730389}, "datetime": {"datetime": "2024-02-25 10:20:50", "elapsed": 1754.531834, "delta": 4.675501}}
{"target": 0.31583378953498226, "params": {"u": 7.541767617474548, "v": 2.366100015659272, "w": 8.516181940496686, "x": 1.7459357952041352, "y": 2.9696861778511208}, "datetime": {"datetime": "2024-02-25 10:21:00", "elapsed": 1764.793253, "delta": 10.261419}}
{"target": 0.10019752747243625, "params": {"u": 9.064873563436617, "v": 1.0779842018179009, "w": 10.088260598814227, "x": 2.1507647418936964, "y": 4.749496743716102}, "datetime": {"datetime": "2024-02-25 10:21:10", "elapsed": 1774.85333, "delta": 10.060077}}
{"target": 0.6904572564826355, "params": {"u": 7.394275424995805, "v": 1.537653638846785, "w": 9.193132978661188, "x": 2.297679517025485, "y": 2.9835066729030317}, "datetime": {"datetime": "2024-02-25 10:21:18", "elapsed": 1782.481931, "delta": 7.628601}}
{"target": 0.7459128508665859, "params": {"u": 6.357228896685822, "v": 1.7756840555422757, "w": 10.079926650485632, "x": 1.981033371940118, "y": 4.519682097124431}, "datetime": {"datetime": "2024-02-25 10:21:23", "elapsed": 1787.779583, "delta": 5.297652}}
{"target": -0.078544349070071, "params": {"u": 4.281758443294606, "v": 1.9210985585568383, "w": 11.38940022515671, "x": 7.248668704627548, "y": 3.105359847222983}, "datetime": {"datetime": "2024-02-25 10:21:28", "elapsed": 1792.886065, "delta": 5.106482}}
{"target": 0.8168551958299691, "params": {"u": 8.830326726344657, "v": 2.7005952943658755, "w": 9.88116153282178, "x": 1.725234618251371, "y": 4.5013137547502655}, "datetime": {"datetime": "2024-02-25 10:21:33", "elapsed": 1797.419268, "delta": 4.533203}}
{"target": 0.621482269041847, "params": {"u": 6.930652001332618, "v": 1.7410779582645215, "w": 10.739524534778226, "x": 2.1311534396975076, "y": 2.747555586815268}, "datetime": {"datetime": "2024-02-25 10:21:41", "elapsed": 1805.796709, "delta": 8.377441}}
{"target": 0.7953471567100443, "params": {"u": 6.474234708626195, "v": 1.005949676861949, "w": 10.071381133817885, "x": 2.0076974387463133, "y": 3.311163772857562}, "datetime": {"datetime": "2024-02-25 10:21:50", "elapsed": 1814.56076, "delta": 8.764051}}
{"target": 0.77100506834886, "params": {"u": 7.152780997374682, "v": 1.4451501116399648, "w": 10.910526515885516, "x": 1.9807201770631995, "y": 3.4459187805680935}, "datetime": {"datetime": "2024-02-25 10:21:57", "elapsed": 1822.001373, "delta": 7.440613}}
{"target": 0.7282910248019954, "params": {"u": 7.824457053615099, "v": 2.062962712963463, "w": 9.510818289692498, "x": 2.1968712722133237, "y": 2.995913088418306}, "datetime": {"datetime": "2024-02-25 10:22:06", "elapsed": 1831.326407, "delta": 9.325034}}
{"target": 0.6317657083316738, "params": {"u": 6.262135906814413, "v": 1.019770064627525, "w": 9.964194843703451, "x": 2.2627697613782463, "y": 2.6655863190296136}, "datetime": {"datetime": "2024-02-25 10:22:14", "elapsed": 1838.753046, "delta": 7.426639}}
{"target": -0.031038164611478847, "params": {"u": 12.92560939262835, "v": 5.833440288782754, "w": 7.599100095651, "x": 6.18122444437829, "y": 3.6339133802016237}, "datetime": {"datetime": "2024-02-25 10:22:19", "elapsed": 1843.45731, "delta": 4.704264}}
{"target": 0.6627657665180787, "params": {"u": 8.493508354749899, "v": 1.0676336964832256, "w": 10.410965524943393, "x": 2.1380836119590523, "y": 4.698842197091007}, "datetime": {"datetime": "2024-02-25 10:22:27", "elapsed": 1851.525489, "delta": 8.068179}}
{"target": 0.6081251245825501, "params": {"u": 8.09641386857228, "v": 1.1814071334481122, "w": 9.958812083108292, "x": 2.5583314190353237, "y": 2.733626297658582}, "datetime": {"datetime": "2024-02-25 10:22:39", "elapsed": 1863.92475, "delta": 12.399261}}
{"target": 0.30950650646748834, "params": {"u": 8.648226320123241, "v": 2.786684580042465, "w": 10.831114331760089, "x": 1.3258003778266485, "y": 4.32870742159601}, "datetime": {"datetime": "2024-02-25 10:22:43", "elapsed": 1867.48261, "delta": 3.55786}}
{"target": 0.8585607022914101, "params": {"u": 8.432488307954127, "v": 1.1946418891831727, "w": 10.146799130938344, "x": 1.6615599154579794, "y": 4.326377988472128}, "datetime": {"datetime": "2024-02-25 10:22:52", "elapsed": 1876.714516, "delta": 9.231906}}
{"target": -0.0892882812341071, "params": {"u": 6.418710536761836, "v": 2.0729558215458828, "w": 5.00223680253012, "x": 2.6473946833483786, "y": 3.170297535281877}, "datetime": {"datetime": "2024-02-25 10:22:56", "elapsed": 1880.829677, "delta": 4.115161}}
{"target": 0.05533416231608055, "params": {"u": 8.837053433695708, "v": 4.128423335838842, "w": 12.248646091230022, "x": 5.6216626336625986, "y": 0.20586231413679107}, "datetime": {"datetime": "2024-02-25 10:23:02", "elapsed": 1887.077798, "delta": 6.248121}}
{"target": 0.549087388242284, "params": {"u": 7.643806048675149, "v": 1.5220688391723836, "w": 10.005063576436182, "x": 2.5571511132890694, "y": 2.248646680663233}, "datetime": {"datetime": "2024-02-25 10:23:14", "elapsed": 1898.660262, "delta": 11.582464}}
{"target": -0.013063610476510988, "params": {"u": 10.903708031508668, "v": 9.97389249498203, "w": 2.263530678292553, "x": 5.231713789641576, "y": 2.998398989526753}, "datetime": {"datetime": "2024-02-25 10:23:17", "elapsed": 1901.980363, "delta": 3.320101}}
{"target": 0.6090958839379261, "params": {"u": 8.218322036809582, "v": 1.7767745214049087, "w": 10.358932921780196, "x": 2.041143470619883, "y": 2.810129816767875}, "datetime": {"datetime": "2024-02-25 10:23:29", "elapsed": 1914.067486, "delta": 12.087123}}
{"target": 0.4832393029883268, "params": {"u": 6.776415168246812, "v": 1.591137741903482, "w": 10.152240541390384, "x": 2.367839904693587, "y": 2.210006040628027}, "datetime": {"datetime": "2024-02-25 10:23:39", "elapsed": 1923.880172, "delta": 9.812686}}
{"target": 0.5510117985256521, "params": {"u": 7.668002733326011, "v": 1.7440678770413829, "w": 9.430657279946935, "x": 2.720267265937704, "y": 2.6164933734759654}, "datetime": {"datetime": "2024-02-25 10:23:51", "elapsed": 1935.62892, "delta": 11.748748}}
{"target": 0.9084736190267434, "params": {"u": 7.258548591335049, "v": 1.0, "w": 9.97340753232469, "x": 1.6835870467674416, "y": 4.233133129513838}, "datetime": {"datetime": "2024-02-25 10:24:02", "elapsed": 1947.325023, "delta": 11.696103}}
{"target": 0.7222282859744572, "params": {"u": 6.167931497106153, "v": 2.9224928096687144, "w": 10.053619394762757, "x": 2.1864586949805833, "y": 4.873812097731648}, "datetime": {"datetime": "2024-02-25 10:24:15", "elapsed": 1960.108298, "delta": 12.783275}}
{"target": -0.032893215516130454, "params": {"u": 5.311534827867307, "v": 1.2338737639051702, "w": 4.643714986696718, "x": 6.352754207721256, "y": 0.6624112507477149}, "datetime": {"datetime": "2024-02-25 10:24:19", "elapsed": 1964.317401, "delta": 4.209103}}
{"target": -0.026042081435373184, "params": {"u": 4.57647705550005, "v": 11.041941955587033, "w": 12.81748091275609, "x": 4.174911070792172, "y": 4.032500600150311}, "datetime": {"datetime": "2024-02-25 10:24:24", "elapsed": 1969.210607, "delta": 4.893206}}
{"target": 0.7954525186784304, "params": {"u": 7.661388564690341, "v": 1.721239093735372, "w": 9.309056546197034, "x": 1.961908862311111, "y": 3.24225199872256}, "datetime": {"datetime": "2024-02-25 10:24:32", "elapsed": 1976.647277, "delta": 7.43667}}
