{"target": 1.0290823526488655, "params": {"u": 1.6355056555147622, "x": 2.656957342081967, "y": 2.665488913293502}, "datetime": {"datetime": "2024-02-27 23:08:41", "elapsed": 178.420368, "delta": 0.75298}}
{"target": 4.245548971005945, "params": {"u": 1.1980223307981435, "x": 1.8234580130975746, "y": -3.958355287498442}, "datetime": {"datetime": "2024-02-27 23:08:42", "elapsed": 179.600071, "delta": 1.179703}}
{"target": 6.764601474049243, "params": {"u": 1.9933299549786017, "x": 0.5863638384212853, "y": 1.7393432057077582}, "datetime": {"datetime": "2024-02-27 23:08:44", "elapsed": 181.382935, "delta": 1.782864}}
{"target": 3.8056632472548486, "params": {"u": 1.6895558230619427, "x": 1.6909426211064074, "y": 2.0987603378981294}, "datetime": {"datetime": "2024-02-27 23:08:45", "elapsed": 182.318752, "delta": 0.935817}}
{"target": 7.3052619765204945, "params": {"u": 1.2765813259729217, "x": -0.8762734976341653, "y": 0.660958648225848}, "datetime": {"datetime": "2024-02-27 23:08:46", "elapsed": 183.491241, "delta": 1.172489}}
{"target": 7.653419681142093, "params": {"u": 1.9540572098886988, "x": 0.3319465692450674, "y": -3.629921006887049}, "datetime": {"datetime": "2024-02-27 23:08:48", "elapsed": 185.770445, "delta": 2.279204}}
{"target": 9.87509937663955, "params": {"u": 1.9854997017717395, "x": 0.033617873813781785, "y": 2.380676925301115}, "datetime": {"datetime": "2024-02-27 23:08:49", "elapsed": 186.734573, "delta": 0.964128}}
{"target": 9.998492162111742, "params": {"u": 1.97833248896982, "x": 0.0005304521426232611, "y": -0.9170109364574417}, "datetime": {"datetime": "2024-02-27 23:08:51", "elapsed": 188.196736, "delta": 1.462163}}
{"target": -5.6569215025231525, "params": {"u": 0.30054177938311755, "x": 0.8340456664518796, "y": 0.5377840771873235}, "datetime": {"datetime": "2024-02-27 23:08:52", "elapsed": 188.854778, "delta": 0.658042}}
{"target": 3.3843098142345482, "params": {"u": 1.4535895650196524, "x": 2.0130579391807846, "y": 4.181799583896469}, "datetime": {"datetime": "2024-02-27 23:08:53", "elapsed": 189.926496, "delta": 1.071718}}
{"target": 5.254855647728171, "params": {"u": 1.9688695374577987, "x": 1.198249696291993, "y": 2.4280577685597136}, "datetime": {"datetime": "2024-02-27 23:08:55", "elapsed": 191.841927, "delta": 1.915431}}
{"target": 2.5573515866043888, "params": {"u": 1.3009047663901763, "x": 2.1697192996404735, "y": 1.2628790937355125}, "datetime": {"datetime": "2024-02-27 23:08:55", "elapsed": 192.338679, "delta": 0.496752}}
{"target": 19.989335689699082, "params": {"u": 2.0, "x": -0.10326814756214547, "y": 0.5441286149547302}, "datetime": {"datetime": "2024-02-27 23:08:56", "elapsed": 193.7029, "delta": 1.364221}}
{"target": 19.926610551013574, "params": {"u": 2.0, "x": -0.27090487073219366, "y": -1.7356482941270275}, "datetime": {"datetime": "2024-02-27 23:08:58", "elapsed": 195.521922, "delta": 1.819022}}
{"target": 19.994649942269337, "params": {"u": 2.0, "x": -0.07314408882926052, "y": -3.3595492716235205}, "datetime": {"datetime": "2024-02-27 23:08:59", "elapsed": 196.809743, "delta": 1.287821}}
{"target": 9.62393761968443, "params": {"u": 1.9407073396324703, "x": -0.07819593361450293, "y": 0.5238081115451886}, "datetime": {"datetime": "2024-02-27 23:09:01", "elapsed": 198.257428, "delta": 1.447685}}
{"target": -19.856982019102933, "params": {"u": 0.32777563175340196, "x": 1.6445272909534498, "y": 1.0445875246001126}, "datetime": {"datetime": "2024-02-27 23:09:02", "elapsed": 199.202101, "delta": 0.944673}}
{"target": -1.7115483430387926, "params": {"u": 0.3560993876183354, "x": -0.9343590750374231, "y": -0.7805062828174254}, "datetime": {"datetime": "2024-02-27 23:09:03", "elapsed": 200.294397, "delta": 1.092296}}
{"target": 7.414171088371905, "params": {"u": 1.9146235827639015, "x": -0.9677500197499613, "y": -3.9596765466216532}, "datetime": {"datetime": "2024-02-27 23:09:04", "elapsed": 201.312542, "delta": 1.018145}}
{"target": 1.772045283876242, "params": {"u": 1.3579317372530977, "x": 2.8633714518295803, "y": -3.3397793676545797}, "datetime": {"datetime": "2024-02-27 23:09:05", "elapsed": 202.209788, "delta": 0.897246}}
{"target": 19.980019902446028, "params": {"u": 2.0, "x": -0.1413509729502202, "y": -3.350159987108543}, "datetime": {"datetime": "2024-02-27 23:09:06", "elapsed": 203.449605, "delta": 1.239817}}
{"target": 7.783969500105169, "params": {"u": 1.9403271283363097, "x": -0.31170636073064584, "y": -4.201878191335986}, "datetime": {"datetime": "2024-02-27 23:09:07", "elapsed": 204.563699, "delta": 1.114094}}
{"target": -16.250373167520117, "params": {"u": 0.637146629649407, "x": -0.354906242952985, "y": -4.754605345654533}, "datetime": {"datetime": "2024-02-27 23:09:08", "elapsed": 205.606481, "delta": 1.042782}}
{"target": 6.747739227217135, "params": {"u": 1.7054071661867307, "x": -0.6214493717020577, "y": -3.6317555240264587}, "datetime": {"datetime": "2024-02-27 23:09:09", "elapsed": 206.327881, "delta": 0.7214}}
{"target": 19.960275401440704, "params": {"u": 2.0, "x": 0.19931030720787243, "y": -1.7681195699635923}, "datetime": {"datetime": "2024-02-27 23:09:11", "elapsed": 207.884317, "delta": 1.556436}}
{"target": 18.0, "params": {"u": 2.0, "x": -1.0, "y": 3.043342126894282}, "datetime": {"datetime": "2024-02-27 23:09:12", "elapsed": 209.347228, "delta": 1.462911}}
{"target": 7.419796299554438, "params": {"u": 1.9909636790636593, "x": -0.9487456750212724, "y": -0.9733763412672038}, "datetime": {"datetime": "2024-02-27 23:09:14", "elapsed": 211.17695, "delta": 1.829722}}
{"target": -11.154955562009341, "params": {"u": 0.8139823519028195, "x": 2.1189435178986527, "y": 4.72752639432969}, "datetime": {"datetime": "2024-02-27 23:09:15", "elapsed": 212.18855, "delta": 1.0116}}
{"target": -4.806915140210352, "params": {"u": 0.8099274940104959, "x": -0.8507693913259531, "y": 2.23573865734216}, "datetime": {"datetime": "2024-02-27 23:09:16", "elapsed": 212.986463, "delta": 0.797913}}
{"target": -12.987819382479575, "params": {"u": 0.20196817262485256, "x": 2.971866369179409, "y": -3.1466204110122553}, "datetime": {"datetime": "2024-02-27 23:09:17", "elapsed": 214.129679, "delta": 1.143216}}
{"target": 5.324655636566359, "params": {"u": 1.3284669951834058, "x": 1.1889635886406338, "y": 4.740489437128769}, "datetime": {"datetime": "2024-02-27 23:09:18", "elapsed": 215.251452, "delta": 1.121773}}
{"target": 6.374615061559638, "params": {"u": 1.9315766281961322, "x": -1.0, "y": 3.008260787835583}, "datetime": {"datetime": "2024-02-27 23:09:20", "elapsed": 217.153659, "delta": 1.902207}}
{"target": -20.121629985130657, "params": {"u": 0.038695711968971036, "x": 0.5282798723302409, "y": 2.4210329288262686}, "datetime": {"datetime": "2024-02-27 23:09:21", "elapsed": 218.618457, "delta": 1.464798}}
{"target": 7.419879868221365, "params": {"u": 1.9798759463212174, "x": 0.9550084844594098, "y": -3.719371867928838}, "datetime": {"datetime": "2024-02-27 23:09:23", "elapsed": 220.359254, "delta": 1.740797}}
{"target": 17.863075599060814, "params": {"u": 2.0, "x": 1.0662665712377877, "y": -3.7657218616761403}, "datetime": {"datetime": "2024-02-27 23:09:24", "elapsed": 221.611363, "delta": 1.252109}}
{"target": -24.01722174343528, "params": {"u": 0.7177110654686503, "x": 2.706630749825043, "y": -0.6113317100793569}, "datetime": {"datetime": "2024-02-27 23:09:25", "elapsed": 222.486677, "delta": 0.875314}}
{"target": -13.013506425154624, "params": {"u": 0.02893459739727655, "x": 2.9675473303174544, "y": 0.16037703512273005}, "datetime": {"datetime": "2024-02-27 23:09:26", "elapsed": 223.311529, "delta": 0.824852}}
{"target": 3.925821475863213, "params": {"u": 1.992358287586359, "x": 1.736245604549055, "y": -1.1801173939527265}, "datetime": {"datetime": "2024-02-27 23:09:27", "elapsed": 224.411417, "delta": 1.099888}}
{"target": -6.080515009466488, "params": {"u": 0.7980541757866779, "x": -0.18530605199625239, "y": 0.8135209007986273}, "datetime": {"datetime": "2024-02-27 23:09:28", "elapsed": 225.666946, "delta": 1.255529}}
{"target": -9.045457549826308, "params": {"u": 0.27663776612353996, "x": -0.2339097930245475, "y": -4.179145781350657}, "datetime": {"datetime": "2024-02-27 23:09:29", "elapsed": 226.594742, "delta": 0.927796}}
{"target": 7.761250199310872, "params": {"u": 1.9680687467855709, "x": -0.3151290894994765, "y": -1.8040902199978803}, "datetime": {"datetime": "2024-02-27 23:09:30", "elapsed": 227.807213, "delta": 1.212471}}
{"target": -9.290144105504366, "params": {"u": 0.2495167582180875, "x": 1.8347356547273046, "y": -2.807402035141079}, "datetime": {"datetime": "2024-02-27 23:09:32", "elapsed": 228.933382, "delta": 1.126169}}
{"target": 19.848259075604663, "params": {"u": 2.0, "x": 0.38953937464053073, "y": -3.731526036977782}, "datetime": {"datetime": "2024-02-27 23:09:34", "elapsed": 230.862792, "delta": 1.92941}}
{"target": -14.49176180264125, "params": {"u": 0.7595609552417795, "x": -0.32229616898003766, "y": -3.9037926346390384}, "datetime": {"datetime": "2024-02-27 23:09:35", "elapsed": 232.102378, "delta": 1.239586}}
{"target": 19.929182192009964, "params": {"u": 2.0, "x": 0.26611615507149683, "y": -1.8171467680500721}, "datetime": {"datetime": "2024-02-27 23:09:37", "elapsed": 234.243858, "delta": 2.14148}}
{"target": -2.7754524628541724, "params": {"u": 0.4402525135487092, "x": 1.0579746131533034, "y": -0.3065428244741035}, "datetime": {"datetime": "2024-02-27 23:09:38", "elapsed": 235.600098, "delta": 1.35624}}
{"target": -2.42996520218842, "params": {"u": 0.9921825984263888, "x": 0.9085928624392614, "y": 1.0263520000975515}, "datetime": {"datetime": "2024-02-27 23:09:39", "elapsed": 236.447663, "delta": 0.847565}}
{"target": 19.967162680941218, "params": {"u": 2.0, "x": -0.1812107034884608, "y": -2.5604212962265844}, "datetime": {"datetime": "2024-02-27 23:09:40", "elapsed": 237.767024, "delta": 1.319361}}
{"target": 4.574348687708202, "params": {"u": 1.3437646617593255, "x": 1.92624342760275, "y": -0.16943171172698168}, "datetime": {"datetime": "2024-02-27 23:09:41", "elapsed": 238.528517, "delta": 0.761493}}
{"target": 8.958915717958345, "params": {"u": 1.9919533520343653, "x": 0.16360242231626598, "y": 2.3507026449295267}, "datetime": {"datetime": "2024-02-27 23:09:43", "elapsed": 240.336239, "delta": 1.807722}}
{"target": -14.506109997050332, "params": {"u": 0.7474937778116202, "x": 0.6838362660239441, "y": -1.2262496113585342}, "datetime": {"datetime": "2024-02-27 23:09:44", "elapsed": 241.773062, "delta": 1.436823}}
{"target": 18.0, "params": {"u": 2.0, "x": -1.0, "y": -2.9501832336897023}, "datetime": {"datetime": "2024-02-27 23:09:47", "elapsed": 244.363708, "delta": 2.590646}}
{"target": 4.7233113393260275, "params": {"u": 1.9880915460291502, "x": 1.2730324245761282, "y": -2.1797268403705283}, "datetime": {"datetime": "2024-02-27 23:09:48", "elapsed": 245.365422, "delta": 1.001714}}
{"target": 9.39539100035637, "params": {"u": 1.9344575694162627, "x": -0.1101588890291911, "y": -3.3915611660746032}, "datetime": {"datetime": "2024-02-27 23:09:49", "elapsed": 246.349648, "delta": 0.984226}}
{"target": 2.4559111432544896, "params": {"u": 1.4956075645776883, "x": 2.1838808317889873, "y": -0.21153553792207713}, "datetime": {"datetime": "2024-02-27 23:09:50", "elapsed": 247.406594, "delta": 1.056946}}
{"target": 8.240922175138504, "params": {"u": 1.985010410365908, "x": -0.24933855364463353, "y": -1.7159123697936374}, "datetime": {"datetime": "2024-02-27 23:09:51", "elapsed": 248.352637, "delta": 0.946043}}
{"target": 1.9221614607258957, "params": {"u": 1.1380646176364535, "x": 2.905630214206622, "y": -3.360812410012316}, "datetime": {"datetime": "2024-02-27 23:09:52", "elapsed": 249.590133, "delta": 1.237496}}
{"target": 8.755075097587426, "params": {"u": 1.97183490923339, "x": -0.18746196333581278, "y": 1.6929660777225228}, "datetime": {"datetime": "2024-02-27 23:09:53", "elapsed": 250.748475, "delta": 1.158342}}
{"target": 19.98846905389817, "params": {"u": 2.0, "x": -0.10738224295398596, "y": 0.044602404267515904}, "datetime": {"datetime": "2024-02-27 23:09:55", "elapsed": 252.112044, "delta": 1.363569}}
{"target": 18.0, "params": {"u": 2.0, "x": -1.0, "y": 1.9832919963645734}, "datetime": {"datetime": "2024-02-27 23:09:56", "elapsed": 253.572857, "delta": 1.460813}}
{"target": 9.479758560800569, "params": {"u": 1.9371695643193634, "x": -0.09888528655501894, "y": 0.1131200153858023}, "datetime": {"datetime": "2024-02-27 23:09:58", "elapsed": 255.491085, "delta": 1.918228}}
{"target": 3.9908497363726063, "params": {"u": 1.9930721237318574, "x": 1.7561460045510597, "y": 0.999412338464001}, "datetime": {"datetime": "2024-02-27 23:10:00", "elapsed": 257.287968, "delta": 1.796883}}
{"target": 9.085430446549111, "params": {"u": 1.9644580236924811, "x": -0.1486261103232338, "y": -2.7425436359646738}, "datetime": {"datetime": "2024-02-27 23:10:01", "elapsed": 258.807572, "delta": 1.519604}}
{"target": 7.491861607036178, "params": {"u": 1.915976576445969, "x": 0.3592620425271029, "y": -1.7916865143274263}, "datetime": {"datetime": "2024-02-27 23:10:04", "elapsed": 261.394527, "delta": 2.586955}}
{"target": 19.96093602969198, "params": {"u": 2.0, "x": 0.1976460733432866, "y": -1.8596650027195956}, "datetime": {"datetime": "2024-02-27 23:10:06", "elapsed": 262.862113, "delta": 1.467586}}
{"target": -20.24444263047222, "params": {"u": 0.7593239217244294, "x": 0.508444730661457, "y": 4.353217498827288}, "datetime": {"datetime": "2024-02-27 23:10:07", "elapsed": 264.037373, "delta": 1.17526}}
{"target": 4.521305979747243, "params": {"u": 1.9410303185607038, "x": 1.305527947729058, "y": 2.532128180910954}, "datetime": {"datetime": "2024-02-27 23:10:09", "elapsed": 265.940034, "delta": 1.902661}}
{"target": 7.935265172168453, "params": {"u": 1.9350548584514409, "x": 0.28982458947053624, "y": -1.9478596054595378}, "datetime": {"datetime": "2024-02-27 23:10:10", "elapsed": 267.682878, "delta": 1.742844}}
{"target": 6.851710073150713, "params": {"u": 1.9058267839162741, "x": -0.5273937251258989, "y": -4.3419908987638625}, "datetime": {"datetime": "2024-02-27 23:10:12", "elapsed": 268.886026, "delta": 1.203148}}
{"target": 6.799447555289433, "params": {"u": 1.5154733640344742, "x": -0.5566775338564636, "y": -4.086507009732388}, "datetime": {"datetime": "2024-02-27 23:10:12", "elapsed": 269.801511, "delta": 0.915485}}
{"target": 8.381318200331794, "params": {"u": 1.9479547651097395, "x": -0.23191244003262268, "y": -2.6107262174469383}, "datetime": {"datetime": "2024-02-27 23:10:14", "elapsed": 271.635537, "delta": 1.834026}}
{"target": 7.3953817584518085, "params": {"u": 1.9640560942856222, "x": -0.9188525125938352, "y": 3.844357081442242}, "datetime": {"datetime": "2024-02-27 23:10:16", "elapsed": 273.730646, "delta": 2.095109}}
{"target": 7.368222737958433, "params": {"u": 1.9830647612610621, "x": -0.9975938398991828, "y": 0.9771915119208954}, "datetime": {"datetime": "2024-02-27 23:10:17", "elapsed": 274.51687, "delta": 0.786224}}
{"target": 8.050346984751723, "params": {"u": 1.9289759098086925, "x": 0.27408341943631775, "y": -1.8299164339132812}, "datetime": {"datetime": "2024-02-27 23:10:19", "elapsed": 276.227518, "delta": 1.710648}}
{"target": 2.997300444911266, "params": {"u": 1.171974909901998, "x": 2.104428170699075, "y": 0.1410086412106395}, "datetime": {"datetime": "2024-02-27 23:10:21", "elapsed": 277.84843, "delta": 1.620912}}
{"target": 7.262977056939672, "params": {"u": 1.939520375514753, "x": 0.4040715177943175, "y": 1.0318054709445321}, "datetime": {"datetime": "2024-02-27 23:10:22", "elapsed": 279.752137, "delta": 1.903707}}
{"target": 6.911547753390412, "params": {"u": 1.054543340160769, "x": 0.50183381033112, "y": 3.7059874024138555}, "datetime": {"datetime": "2024-02-27 23:10:24", "elapsed": 281.574414, "delta": 1.822277}}
{"target": 8.900673335751076, "params": {"u": 1.9389892188763589, "x": 0.17043577503555163, "y": -1.9182091659925913}, "datetime": {"datetime": "2024-02-27 23:10:27", "elapsed": 284.180799, "delta": 2.606385}}
{"target": -12.320312198407835, "params": {"u": 0.8674112580341988, "x": 2.1421702788258488, "y": 2.8437785838916376}, "datetime": {"datetime": "2024-02-27 23:10:29", "elapsed": 285.844127, "delta": 1.663328}}
{"target": 3.9089678169858537, "params": {"u": 1.9339723388512409, "x": 1.4456507383089847, "y": -0.24438894576722348}, "datetime": {"datetime": "2024-02-27 23:10:32", "elapsed": 288.856043, "delta": 3.011916}}
{"target": 0.9671105737400278, "params": {"u": 1.8848557711893301, "x": 2.6115649223094928, "y": 4.767892516323007}, "datetime": {"datetime": "2024-02-27 23:10:32", "elapsed": 289.570329, "delta": 0.714286}}
{"target": 7.14715764649301, "params": {"u": 1.7729834939128972, "x": -0.824711437459519, "y": 2.881673736059641}, "datetime": {"datetime": "2024-02-27 23:10:33", "elapsed": 290.762977, "delta": 1.192648}}
{"target": 19.978893400238732, "params": {"u": 2.0, "x": -0.14528110600235966, "y": 1.7829687088716673}, "datetime": {"datetime": "2024-02-27 23:10:36", "elapsed": 293.1365, "delta": 2.373523}}
{"target": 8.830849589054505, "params": {"u": 1.9515107798081177, "x": 0.1786037593474048, "y": -1.79799240186036}, "datetime": {"datetime": "2024-02-27 23:10:38", "elapsed": 295.683825, "delta": 2.547325}}
{"target": 6.931551599792659, "params": {"u": 1.9748487880981875, "x": 0.49435207677283044, "y": -0.13023763242803454}, "datetime": {"datetime": "2024-02-27 23:10:40", "elapsed": 297.118004, "delta": 1.434179}}
{"target": 19.934760063740775, "params": {"u": 2.0, "x": 0.2554210959557283, "y": -1.891070782163197}, "datetime": {"datetime": "2024-02-27 23:10:42", "elapsed": 299.610222, "delta": 2.492218}}
{"target": 6.296607770695253, "params": {"u": 1.9577174451996266, "x": 1.0314111552603058, "y": -3.8280994387302423}, "datetime": {"datetime": "2024-02-27 23:10:44", "elapsed": 301.826957, "delta": 2.216735}}
{"target": 9.754620039623031, "params": {"u": 1.9668389204419794, "x": -0.05698661303069841, "y": 0.009497213605978772}, "datetime": {"datetime": "2024-02-27 23:10:47", "elapsed": 304.076307, "delta": 2.24935}}
{"target": 7.799750308935241, "params": {"u": 1.9940028880232439, "x": 0.3093516070749507, "y": -4.121293110510543}, "datetime": {"datetime": "2024-02-27 23:10:48", "elapsed": 305.674988, "delta": 1.598681}}
{"target": 4.262632244738935, "params": {"u": 1.4010398713742789, "x": 1.353786746985036, "y": 4.945960410201904}, "datetime": {"datetime": "2024-02-27 23:10:49", "elapsed": 306.829959, "delta": 1.154971}}
{"target": 7.418244347761668, "params": {"u": 1.9900229209896945, "x": -0.943322711236775, "y": 0.018211978178696242}, "datetime": {"datetime": "2024-02-27 23:10:52", "elapsed": 309.061645, "delta": 2.231686}}
{"target": 7.399862874646921, "params": {"u": 1.934339697142215, "x": -0.980768093198924, "y": 3.944280363328069}, "datetime": {"datetime": "2024-02-27 23:10:54", "elapsed": 311.129768, "delta": 2.068123}}
{"target": 18.0, "params": {"u": 2.0, "x": -1.0, "y": 1.1228885072031023}, "datetime": {"datetime": "2024-02-27 23:10:56", "elapsed": 313.623462, "delta": 2.493694}}
{"target": -23.173726406442064, "params": {"u": 0.9777373041486137, "x": 1.5288271839497654, "y": -3.69153019847974}, "datetime": {"datetime": "2024-02-27 23:10:57", "elapsed": 314.771916, "delta": 1.148454}}
{"target": 8.764434714256438, "params": {"u": 1.9660192069083076, "x": 0.18636727441919776, "y": -4.273052105352838}, "datetime": {"datetime": "2024-02-27 23:10:59", "elapsed": 315.94375, "delta": 1.171834}}
{"target": 7.62681975162873, "params": {"u": 1.8297001794871874, "x": 0.3362547273178813, "y": 3.3626132377267037}, "datetime": {"datetime": "2024-02-27 23:11:00", "elapsed": 317.41065, "delta": 1.4669}}
{"target": 3.705150028259414, "params": {"u": 1.967903351525868, "x": 1.5628085294708653, "y": -1.294056986997596}, "datetime": {"datetime": "2024-02-27 23:11:01", "elapsed": 318.766461, "delta": 1.355811}}
{"target": 3.697037653791053, "params": {"u": 1.9921744343412164, "x": 1.5902301522797662, "y": -0.2692059590736804}, "datetime": {"datetime": "2024-02-27 23:11:03", "elapsed": 320.385226, "delta": 1.618765}}
{"target": 3.79284238430629, "params": {"u": 1.9401051781849883, "x": 1.6848867833614243, "y": 0.8713106171682874}, "datetime": {"datetime": "2024-02-27 23:11:05", "elapsed": 322.661079, "delta": 2.275853}}
{"target": 18.0, "params": {"u": 2.0, "x": -1.0, "y": -4.08222630541187}, "datetime": {"datetime": "2024-02-27 23:11:08", "elapsed": 324.83225, "delta": 2.171171}}
{"target": 19.13892716975097, "params": {"u": 2.0, "x": -0.9279401005717066, "y": 3.0097901569342125}, "datetime": {"datetime": "2024-02-27 23:11:10", "elapsed": 327.243844, "delta": 2.411594}}
{"target": 6.804757721926059, "params": {"u": 1.9238111939073488, "x": 0.5531845287303438, "y": -0.016526261727461744}, "datetime": {"datetime": "2024-02-27 23:11:12", "elapsed": 329.159534, "delta": 1.91569}}
{"target": 8.603941504233315, "params": {"u": 1.5969547230691472, "x": 0.20521238503069528, "y": -3.942848090998463}, "datetime": {"datetime": "2024-02-27 23:11:13", "elapsed": 330.171125, "delta": 1.011591}}
{"target": 19.994498109642375, "params": {"u": 2.0, "x": -0.0741747285645485, "y": -0.9834056203832735}, "datetime": {"datetime": "2024-02-27 23:11:16", "elapsed": 332.877127, "delta": 2.706002}}
{"target": -7.580599360549222, "params": {"u": 0.4650667208526664, "x": -0.2103817194380242, "y": 1.6491891236449927}, "datetime": {"datetime": "2024-02-27 23:11:17", "elapsed": 334.116356, "delta": 1.239229}}
{"target": 19.950968244356464, "params": {"u": 2.0, "x": -0.22143115328141155, "y": 1.8151680515331514}, "datetime": {"datetime": "2024-02-27 23:11:19", "elapsed": 336.145521, "delta": 2.029165}}
{"target": 9.11089363358455, "params": {"u": 1.9984362982303585, "x": -0.1455793561211225, "y": 1.7913588438653063}, "datetime": {"datetime": "2024-02-27 23:11:20", "elapsed": 337.292135, "delta": 1.146614}}
