{"target": 0.14836659566606616, "params": {"u": 1.635928074752594, "v": 9.469118434844985, "x": 1.3715530521487906, "y": 2.0059467700581077}, "datetime": {"datetime": "2024-02-27 10:38:06", "elapsed": 267.538657, "delta": 1.64128}}
{"target": 0.12752266323086578, "params": {"u": 9.712118486773987, "v": 0.020835825598490842, "x": 0.11862093223910852, "y": 5.407423453773308}, "datetime": {"datetime": "2024-02-27 10:38:08", "elapsed": 270.096963, "delta": 2.558306}}
{"target": 0.29071346537810105, "params": {"u": 5.481613986478368, "v": 4.571052133017001, "x": 9.07440917869151, "y": 6.932159551330555}, "datetime": {"datetime": "2024-02-27 10:38:10", "elapsed": 271.68908, "delta": 1.592117}}
{"target": 1.3795867962133352, "params": {"u": 6.1262426429781165, "v": 3.9331975696331023, "x": 4.727583134705993, "y": 3.2403102996534603}, "datetime": {"datetime": "2024-02-27 10:38:12", "elapsed": 273.957041, "delta": 2.267961}}
{"target": 2.7077846847877636, "params": {"u": 5.392757175220693, "v": 3.3240425555824036, "x": 4.551227390356606, "y": 2.9719569431015804}, "datetime": {"datetime": "2024-02-27 10:38:14", "elapsed": 275.628021, "delta": 1.67098}}
{"target": 4.032842933464029, "params": {"u": 5.658025912400582, "v": 3.6761406998266697, "x": 4.999511538736138, "y": 3.0601830370514795}, "datetime": {"datetime": "2024-02-27 10:38:17", "elapsed": 278.666494, "delta": 3.038473}}
{"target": 0.18007337218730923, "params": {"u": 0.2982404837248187, "v": 9.925885190103113, "x": 6.166272020862867, "y": 7.649226910892165}, "datetime": {"datetime": "2024-02-27 10:38:19", "elapsed": 280.529626, "delta": 1.863132}}
{"target": 3.5680464645197714, "params": {"u": 5.585225429334347, "v": 3.81770070397783, "x": 5.125545723595154, "y": 3.196079859919041}, "datetime": {"datetime": "2024-02-27 10:38:21", "elapsed": 282.527927, "delta": 1.998301}}
{"target": 0.24526343092601705, "params": {"u": 7.720036108690284, "v": 7.054234575321971, "x": 2.461880252224713, "y": 2.103339633332111}, "datetime": {"datetime": "2024-02-27 10:38:22", "elapsed": 283.427689, "delta": 0.899762}}
{"target": 1.1843807225253422, "params": {"u": 6.2171210442482945, "v": 2.987133211631737, "x": 4.8032072835429975, "y": 2.5023521955567842}, "datetime": {"datetime": "2024-02-27 10:38:23", "elapsed": 284.317624, "delta": 0.889935}}
{"target": 0.12351627643515782, "params": {"u": 5.79548834961995, "v": 0.20358292416790214, "x": 9.996337594071203, "y": 8.954395859073504}, "datetime": {"datetime": "2024-02-27 10:38:24", "elapsed": 285.357412, "delta": 1.039788}}
{"target": 0.13474490347854007, "params": {"u": 6.026406655258527, "v": 1.1818171144062783, "x": 1.811018028055712, "y": 9.975728485442403}, "datetime": {"datetime": "2024-02-27 10:38:25", "elapsed": 286.271536, "delta": 0.914124}}
{"target": 0.3556890209142625, "params": {"u": 6.357824959017583, "v": 4.2662304558796045, "x": 3.7035242151328465, "y": 0.08955931052784805}, "datetime": {"datetime": "2024-02-27 10:38:26", "elapsed": 287.835469, "delta": 1.563933}}
{"target": 0.17982923822760782, "params": {"u": 5.09701574867006, "v": 9.819240707862857, "x": 9.996934724375189, "y": 9.001338855708024}, "datetime": {"datetime": "2024-02-27 10:38:29", "elapsed": 290.659224, "delta": 2.823755}}
{"target": 0.1005759787596981, "params": {"u": 0.0, "v": 4.038025644497617, "x": 10.0, "y": 10.0}, "datetime": {"datetime": "2024-02-27 10:38:31", "elapsed": 292.307815, "delta": 1.648591}}
{"target": 0.4076504245975317, "params": {"u": 5.537945202076826, "v": 7.171108369981204, "x": 2.890068276094915, "y": 8.409576544783032}, "datetime": {"datetime": "2024-02-27 10:38:32", "elapsed": 293.390361, "delta": 1.082546}}
{"target": 0.219911835400613, "params": {"u": 4.045006585019189, "v": 0.0, "x": 0.0, "y": 1.1896318717671837}, "datetime": {"datetime": "2024-02-27 10:38:33", "elapsed": 294.974855, "delta": 1.584494}}
{"target": 0.23735705382525607, "params": {"u": 0.5740531591043263, "v": 2.164988574377096, "x": 2.4787900820648456, "y": 4.366091917059842}, "datetime": {"datetime": "2024-02-27 10:38:35", "elapsed": 296.530565, "delta": 1.55571}}
{"target": 0.18450951998628867, "params": {"u": 6.692726749198254, "v": 6.496911906239774, "x": 10.0, "y": 0.0}, "datetime": {"datetime": "2024-02-27 10:38:37", "elapsed": 298.739674, "delta": 2.209109}}
{"target": 0.20673797537848726, "params": {"u": 0.9858104225159847, "v": 2.15204946882974, "x": 1.3405876773298409, "y": 4.964969287415611}, "datetime": {"datetime": "2024-02-27 10:38:39", "elapsed": 300.459113, "delta": 1.719439}}
{"target": 1.9508108604394256, "params": {"u": 6.713945713646976, "v": 2.152441985052893, "x": 5.688012257152675, "y": 1.656230487977165}, "datetime": {"datetime": "2024-02-27 10:38:40", "elapsed": 302.076619, "delta": 1.617506}}
{"target": 0.27431718022004836, "params": {"u": 0.08589221044458029, "v": 1.8748032004454207, "x": 2.040067052211749, "y": 3.3300851653178}, "datetime": {"datetime": "2024-02-27 10:38:42", "elapsed": 303.599801, "delta": 1.523182}}
{"target": 1.0515339521701887, "params": {"u": 5.441532125967394, "v": 3.6564872787703226, "x": 3.5907305670939325, "y": 2.949443353133676}, "datetime": {"datetime": "2024-02-27 10:38:45", "elapsed": 306.428292, "delta": 2.828491}}
{"target": 0.22085293723859492, "params": {"u": 3.1025362561168657, "v": 0.4310333420896906, "x": 3.391960729907897, "y": 6.417292153361797}, "datetime": {"datetime": "2024-02-27 10:38:46", "elapsed": 307.511981, "delta": 1.083689}}
{"target": 2.471141853300054, "params": {"u": 5.735909972701242, "v": 3.648887279813464, "x": 4.779338575506555, "y": 2.5402294435083594}, "datetime": {"datetime": "2024-02-27 10:38:47", "elapsed": 308.927135, "delta": 1.415154}}
{"target": 2.4898420490414264, "params": {"u": 5.058613471364507, "v": 3.2430136519740396, "x": 4.555821757434728, "y": 2.759205371699134}, "datetime": {"datetime": "2024-02-27 10:38:48", "elapsed": 310.192067, "delta": 1.264932}}
{"target": 0.21421696976733545, "params": {"u": 8.75852321914389, "v": 8.030543643884407, "x": 2.7846040461114887, "y": 3.04454687996727}, "datetime": {"datetime": "2024-02-27 10:38:50", "elapsed": 311.282753, "delta": 1.090686}}
{"target": 2.4606393752882685, "params": {"u": 5.839378185167719, "v": 3.891575241568468, "x": 4.477479827707425, "y": 2.9924580213761374}, "datetime": {"datetime": "2024-02-27 10:38:51", "elapsed": 312.398366, "delta": 1.115613}}
{"target": 0.2891861733836354, "params": {"u": 0.6745949520181316, "v": 7.4018000460490985, "x": 3.545933746685175, "y": 7.751208285740043}, "datetime": {"datetime": "2024-02-27 10:38:52", "elapsed": 313.72093, "delta": 1.322564}}
{"target": 0.26282124783904437, "params": {"u": 7.69762474734213, "v": 7.1871273735905294, "x": 6.996405187672215, "y": 0.9791998042617411}, "datetime": {"datetime": "2024-02-27 10:38:53", "elapsed": 314.949028, "delta": 1.228098}}
{"target": 0.1388106661804843, "params": {"u": 6.704752647745948e-05, "v": 2.5802591341768966, "x": 9.783697947087399, "y": 3.359296652406144}, "datetime": {"datetime": "2024-02-27 10:38:56", "elapsed": 317.756342, "delta": 2.807314}}
{"target": 1.444603071786613, "params": {"u": 6.405414667874949, "v": 3.24129807785536, "x": 5.53919556279191, "y": 3.2767226739768898}, "datetime": {"datetime": "2024-02-27 10:38:58", "elapsed": 319.40348, "delta": 1.647138}}
{"target": 2.2303830703292804, "params": {"u": 6.3566769903768705, "v": 2.4327003061789823, "x": 6.056746691568864, "y": 2.365476241696679}, "datetime": {"datetime": "2024-02-27 10:39:00", "elapsed": 321.525513, "delta": 2.122033}}
{"target": 0.2844427245935655, "params": {"u": 2.5471595306150716, "v": 5.9937087635088595, "x": 7.293490235666814, "y": 6.470708343650291}, "datetime": {"datetime": "2024-02-27 10:39:02", "elapsed": 323.803608, "delta": 2.278095}}
{"target": 0.1383677153523921, "params": {"u": 6.515264357085813, "v": 0.0, "x": 5.887634747108043, "y": 10.0}, "datetime": {"datetime": "2024-02-27 10:39:05", "elapsed": 326.727523, "delta": 2.923915}}
{"target": 3.3048312777491393, "params": {"u": 5.312790934610909, "v": 3.6592271649070742, "x": 4.861222091402288, "y": 3.26886442238865}, "datetime": {"datetime": "2024-02-27 10:39:08", "elapsed": 329.969086, "delta": 3.241563}}
{"target": 0.1574780105108597, "params": {"u": 2.4778000882631646, "v": 1.4724846628424548, "x": 7.583432705499062, "y": 8.357756368625097}, "datetime": {"datetime": "2024-02-27 10:39:10", "elapsed": 331.363735, "delta": 1.394649}}
{"target": 0.2050422380787484, "params": {"u": 5.157890512985517, "v": 0.6771172061031978, "x": 10.0, "y": 0.0}, "datetime": {"datetime": "2024-02-27 10:39:11", "elapsed": 332.230623, "delta": 0.866888}}
{"target": 0.1676671557918441, "params": {"u": 2.3342452967181284, "v": 9.743981692540718, "x": 8.581613124376691, "y": 4.07941124105612}, "datetime": {"datetime": "2024-02-27 10:39:12", "elapsed": 333.316371, "delta": 1.085748}}
{"target": 1.3034815983834571, "params": {"u": 5.705776810064799, "v": 2.7143569104306398, "x": 5.408394101631444, "y": 3.3192232169512836}, "datetime": {"datetime": "2024-02-27 10:39:13", "elapsed": 334.711374, "delta": 1.395003}}
{"target": 0.3872487984613113, "params": {"u": 9.97991415812127, "v": 7.546192602411999, "x": 7.453331953712189, "y": 5.970128662553847}, "datetime": {"datetime": "2024-02-27 10:39:15", "elapsed": 336.91191, "delta": 2.200536}}
{"target": 0.20176621145110576, "params": {"u": 8.339325707539873, "v": 7.84603327123569, "x": 1.1206301259403106, "y": 4.112634814266508}, "datetime": {"datetime": "2024-02-27 10:39:16", "elapsed": 337.662347, "delta": 0.750437}}
{"target": 2.6680586385272047, "params": {"u": 5.5371389624512, "v": 3.9979128996767677, "x": 5.025938874699309, "y": 3.4705771833632726}, "datetime": {"datetime": "2024-02-27 10:39:19", "elapsed": 340.957263, "delta": 3.294916}}
{"target": 0.3513447739390727, "params": {"u": 7.588728936186643, "v": 8.858584354468958, "x": 8.286585812805573, "y": 5.111465504979042}, "datetime": {"datetime": "2024-02-27 10:39:20", "elapsed": 342.119723, "delta": 1.16246}}
{"target": 0.6760927964903128, "params": {"u": 6.543684019492658, "v": 1.1758484174166706, "x": 5.20191047837732, "y": 3.6413050219999086}, "datetime": {"datetime": "2024-02-27 10:39:23", "elapsed": 345.013649, "delta": 2.893926}}
{"target": 0.4960761129608728, "params": {"u": 7.28261058949407, "v": 1.2477366426679026, "x": 6.856602451125572, "y": 4.424796192630107}, "datetime": {"datetime": "2024-02-27 10:39:25", "elapsed": 346.698008, "delta": 1.684359}}
{"target": 0.18185794786729978, "params": {"u": 2.6342406754895, "v": 3.8551832391119945, "x": 2.88582849315437, "y": 9.772871947942471}, "datetime": {"datetime": "2024-02-27 10:39:27", "elapsed": 348.643866, "delta": 1.945858}}
{"target": 0.3995317502013521, "params": {"u": 9.314574450084233, "v": 5.1045353834954, "x": 7.552493903235099, "y": 4.665758121149142}, "datetime": {"datetime": "2024-02-27 10:39:29", "elapsed": 350.407398, "delta": 1.763532}}
{"target": 3.297112825661032, "params": {"u": 5.693330557899346, "v": 3.2811271629561056, "x": 5.134435227068299, "y": 2.73177888817691}, "datetime": {"datetime": "2024-02-27 10:39:31", "elapsed": 352.468915, "delta": 2.061517}}
{"target": 0.12147725593076872, "params": {"u": 10.0, "v": 9.791865010241427, "x": 4.627708925913863, "y": 0.0}, "datetime": {"datetime": "2024-02-27 10:39:34", "elapsed": 355.317452, "delta": 2.848537}}
{"target": 0.19368260345969504, "params": {"u": 7.654253950038892, "v": 6.689971363724447, "x": 10.0, "y": 10.0}, "datetime": {"datetime": "2024-02-27 10:39:37", "elapsed": 358.36595, "delta": 3.048498}}
{"target": 0.41614141163234225, "params": {"u": 3.867121464087547, "v": 2.3026184738101785, "x": 4.225500660759812, "y": 1.0198357549811032}, "datetime": {"datetime": "2024-02-27 10:39:38", "elapsed": 359.611693, "delta": 1.245743}}
{"target": 1.001915958839435, "params": {"u": 6.7050211737859975, "v": 3.3086294417401216, "x": 6.748014640541849, "y": 1.5715048952473853}, "datetime": {"datetime": "2024-02-27 10:39:40", "elapsed": 361.599346, "delta": 1.987653}}
{"target": 1.4494356142152092, "params": {"u": 5.186121668126561, "v": 2.738979509814634, "x": 5.2039485192660795, "y": 2.915308100153411}, "datetime": {"datetime": "2024-02-27 10:39:41", "elapsed": 362.950737, "delta": 1.351391}}
{"target": 0.32057463186206564, "params": {"u": 9.422198032750606, "v": 2.7078565217980985, "x": 9.919095247057593, "y": 1.012339662992734}, "datetime": {"datetime": "2024-02-27 10:39:43", "elapsed": 364.916066, "delta": 1.965329}}
{"target": 0.8663346818411338, "params": {"u": 6.70548364995509, "v": 1.5895499752052566, "x": 5.223027104442782, "y": 2.66413257007987}, "datetime": {"datetime": "2024-02-27 10:39:44", "elapsed": 365.94329, "delta": 1.027224}}
{"target": 0.3102970292960373, "params": {"u": 3.3328469409124772, "v": 8.350973160070364, "x": 1.835439932120222, "y": 4.349865094038145}, "datetime": {"datetime": "2024-02-27 10:39:46", "elapsed": 367.217336, "delta": 1.274046}}
{"target": 0.4051407588874662, "params": {"u": 3.354702153993241, "v": 10.0, "x": 2.2960093043958456, "y": 10.0}, "datetime": {"datetime": "2024-02-27 10:39:47", "elapsed": 369.160685, "delta": 1.943349}}
{"target": 0.7078685903912494, "params": {"u": 4.87662510303715, "v": 3.7035866067743797, "x": 6.717075106990214, "y": 2.5101652967809196}, "datetime": {"datetime": "2024-02-27 10:39:49", "elapsed": 370.904002, "delta": 1.743317}}
{"target": 0.20248257114005103, "params": {"u": 3.8767472199416306, "v": 6.451066952162559, "x": 10.0, "y": 3.1289838486737556}, "datetime": {"datetime": "2024-02-27 10:39:51", "elapsed": 373.118287, "delta": 2.214285}}
{"target": 0.4401268614029059, "params": {"u": 5.976799028597578, "v": 5.743064052267791, "x": 3.555478246457251, "y": 1.2878160686626805}, "datetime": {"datetime": "2024-02-27 10:39:53", "elapsed": 374.559635, "delta": 1.441348}}
{"target": 2.162799380407068, "params": {"u": 6.3328124082834245, "v": 2.4525927467270616, "x": 6.086743393812203, "y": 1.6676848318741522}, "datetime": {"datetime": "2024-02-27 10:39:54", "elapsed": 375.804549, "delta": 1.244914}}
{"target": 4.039303184543923, "params": {"u": 5.75989516058098, "v": 3.9024750181746706, "x": 4.958141574287166, "y": 3.0324283950897413}, "datetime": {"datetime": "2024-02-27 10:39:58", "elapsed": 379.872238, "delta": 4.067689}}
{"target": 0.10744570299552052, "params": {"u": 0.0, "v": 0.0, "x": 10.0, "y": 6.302946371051369}, "datetime": {"datetime": "2024-02-27 10:40:01", "elapsed": 382.247805, "delta": 2.375567}}
{"target": 0.20690062473990412, "params": {"u": 4.07254813512192, "v": 1.9671787721961653, "x": 2.0623482848331043, "y": 7.513467449297455}, "datetime": {"datetime": "2024-02-27 10:40:02", "elapsed": 383.540783, "delta": 1.292978}}
{"target": 0.18185822378391384, "params": {"u": 0.38896346826568506, "v": 6.202523589089186, "x": 0.26037629760510494, "y": 9.166145330487652}, "datetime": {"datetime": "2024-02-27 10:40:06", "elapsed": 387.823682, "delta": 4.282899}}
{"target": 3.586807977475372, "params": {"u": 5.421043604869836, "v": 3.34765026722767, "x": 5.002224588965667, "y": 2.777713928783875}, "datetime": {"datetime": "2024-02-27 10:40:09", "elapsed": 390.40497, "delta": 2.581288}}
{"target": 0.16471882250044223, "params": {"u": 2.9092536426102713, "v": 8.462431148492811, "x": 4.844984914774759, "y": 0.0}, "datetime": {"datetime": "2024-02-27 10:40:12", "elapsed": 393.246864, "delta": 2.841894}}
{"target": 0.10720525385371511, "params": {"u": 9.789058885731684, "v": 9.917638632720935, "x": 0.7912720897505776, "y": 0.3621805317632476}, "datetime": {"datetime": "2024-02-27 10:40:15", "elapsed": 397.019725, "delta": 3.772861}}
{"target": 0.2085141074528099, "params": {"u": 7.159280189779286, "v": 0.0, "x": 2.900561709437378, "y": 6.382402219596693}, "datetime": {"datetime": "2024-02-27 10:40:17", "elapsed": 398.758595, "delta": 1.73887}}
{"target": 0.3520966456676991, "params": {"u": 6.6615591554354525, "v": 9.618292130341265, "x": 8.403161417143409, "y": 7.404033626444936}, "datetime": {"datetime": "2024-02-27 10:40:18", "elapsed": 399.822584, "delta": 1.063989}}
{"target": 3.7250683632895742, "params": {"u": 5.393871532884655, "v": 3.574923651866567, "x": 5.15161613111994, "y": 3.111390762911359}, "datetime": {"datetime": "2024-02-27 10:40:20", "elapsed": 401.752047, "delta": 1.929463}}
{"target": 3.326006223182552, "params": {"u": 5.798853783179486, "v": 3.92701832372518, "x": 5.059267238770552, "y": 3.290410891036789}, "datetime": {"datetime": "2024-02-27 10:40:22", "elapsed": 403.774076, "delta": 2.022029}}
{"target": 2.199012228248352, "params": {"u": 5.206897400983166, "v": 3.613533534825698, "x": 5.249750263629363, "y": 3.5680975859868935}, "datetime": {"datetime": "2024-02-27 10:40:24", "elapsed": 405.658431, "delta": 1.884355}}
{"target": 0.10890083251271772, "params": {"u": 6.090993404446354, "v": 10.0, "x": 10.0, "y": 0.0}, "datetime": {"datetime": "2024-02-27 10:40:27", "elapsed": 408.595531, "delta": 2.9371}}
{"target": 3.155095915624828, "params": {"u": 5.459075333325309, "v": 3.826810222094906, "x": 4.694858901190032, "y": 3.1455405043666342}, "datetime": {"datetime": "2024-02-27 10:40:29", "elapsed": 410.613144, "delta": 2.017613}}
{"target": 0.2539357971779804, "params": {"u": 0.0, "v": 5.430429729132147, "x": 4.915949019216641, "y": 4.985156066435413}, "datetime": {"datetime": "2024-02-27 10:40:32", "elapsed": 413.586537, "delta": 2.973393}}
{"target": 1.9332001806041164, "params": {"u": 5.173764519883997, "v": 3.3194777601339642, "x": 5.7126054642562965, "y": 2.7748870533305894}, "datetime": {"datetime": "2024-02-27 10:40:34", "elapsed": 415.830298, "delta": 2.243761}}
{"target": 0.27355258092345447, "params": {"u": 1.216734971052672, "v": 7.832522101488204, "x": 1.9541853653575603, "y": 4.392754325440086}, "datetime": {"datetime": "2024-02-27 10:40:36", "elapsed": 417.816827, "delta": 1.986529}}
{"target": 0.37309267500129295, "params": {"u": 9.295328145715182, "v": 5.52638996306198, "x": 5.276725506309755, "y": 2.8119991519326124}, "datetime": {"datetime": "2024-02-27 10:40:38", "elapsed": 420.039846, "delta": 2.223019}}
{"target": 0.1677897183554179, "params": {"u": 0.0, "v": 0.0, "x": 6.7056492105042285, "y": 3.3199180686831142}, "datetime": {"datetime": "2024-02-27 10:40:41", "elapsed": 422.947372, "delta": 2.907526}}
{"target": 0.29864107129643164, "params": {"u": 3.140941015193721, "v": 9.833916788426894, "x": 0.19850271330891567, "y": 7.176040017281274}, "datetime": {"datetime": "2024-02-27 10:40:43", "elapsed": 424.361666, "delta": 1.414294}}
{"target": 0.19343976875462718, "params": {"u": 5.912279144379852, "v": 3.1246117765790866, "x": 0.0, "y": 0.0}, "datetime": {"datetime": "2024-02-27 10:40:45", "elapsed": 426.811358, "delta": 2.449692}}
{"target": 1.5535026862949555, "params": {"u": 6.00206680298487, "v": 3.4324920013711036, "x": 5.225013896805027, "y": 2.9615240620112138}, "datetime": {"datetime": "2024-02-27 10:40:48", "elapsed": 429.824653, "delta": 3.013295}}
{"target": 0.17524919069497255, "params": {"u": 1.3359069616340402, "v": 2.2556583105528727, "x": 8.799914055486814, "y": 1.2016680641305022}, "datetime": {"datetime": "2024-02-27 10:40:50", "elapsed": 431.346904, "delta": 1.522251}}
{"target": 0.9210755902697939, "params": {"u": 7.352670691627754, "v": 3.0175580810561895, "x": 5.181803978443574, "y": 3.2932833514857007}, "datetime": {"datetime": "2024-02-27 10:40:55", "elapsed": 436.996652, "delta": 5.649748}}
{"target": 0.26325221668687676, "params": {"u": 4.121187561261509, "v": 2.4096080894892733, "x": 9.03938721122026, "y": 0.2872305840760625}, "datetime": {"datetime": "2024-02-27 10:40:58", "elapsed": 439.335985, "delta": 2.339333}}
{"target": 0.16968164492171753, "params": {"u": 9.903789507879607, "v": 9.072679225407846, "x": 4.0963073088845, "y": 2.3079504589786906}, "datetime": {"datetime": "2024-02-27 10:40:59", "elapsed": 440.399393, "delta": 1.063408}}
{"target": 0.24342822709651435, "params": {"u": 3.9335366983733655, "v": 5.406494660074044, "x": 9.537101445443003, "y": 3.5583673505034574}, "datetime": {"datetime": "2024-02-27 10:40:59", "elapsed": 441.100528, "delta": 0.701135}}
{"target": 0.23642793490802483, "params": {"u": 9.998030411894893, "v": 0.26708028881594514, "x": 3.877710044297454, "y": 3.91945765540473}, "datetime": {"datetime": "2024-02-27 10:41:03", "elapsed": 444.540231, "delta": 3.439703}}
{"target": 1.1200262064748248, "params": {"u": 7.536353980524352, "v": 3.152565491572706, "x": 6.876478820044312, "y": 2.4515360859647393}, "datetime": {"datetime": "2024-02-27 10:41:05", "elapsed": 446.910767, "delta": 2.370536}}
{"target": 0.3826473330427154, "params": {"u": 2.4997870715485004, "v": 6.425370438857722, "x": 1.8321516738244814, "y": 8.623555287516115}, "datetime": {"datetime": "2024-02-27 10:41:06", "elapsed": 448.122834, "delta": 1.212067}}
{"target": 0.1157950709108705, "params": {"u": 10.0, "v": 2.3460100233388985, "x": 0.0, "y": 0.0}, "datetime": {"datetime": "2024-02-27 10:41:10", "elapsed": 451.609901, "delta": 3.487067}}
{"target": 3.1840954921157256, "params": {"u": 5.393877866949568, "v": 3.8528226909287113, "x": 5.227064996232426, "y": 2.759658794899363}, "datetime": {"datetime": "2024-02-27 10:41:15", "elapsed": 457.048735, "delta": 5.438834}}
{"target": 6.2008350591602115, "params": {"u": 4.925539192671133, "v": 4.820007641241063, "x": 4.187658048781369, "y": 4.203573125262558}, "datetime": {"datetime": "2024-02-27 10:41:17", "elapsed": 458.796541, "delta": 1.747806}}
{"target": 1.1751554783138227, "params": {"u": 6.150812743077702, "v": 3.8202092817476707, "x": 4.4744114564066715, "y": 2.4768918305084044}, "datetime": {"datetime": "2024-02-27 10:41:19", "elapsed": 460.495875, "delta": 1.699334}}
{"target": 2.846235805935235, "params": {"u": 4.567242847858286, "v": 4.899612852944991, "x": 3.442675407552418, "y": 4.083637617201238}, "datetime": {"datetime": "2024-02-27 10:41:21", "elapsed": 462.910097, "delta": 2.414222}}
