{"target": 0.009949733111988759, "params": {"u": 10.253231037727504, "v": 4.247829678360091, "w": 1.2147654258710499, "x": 6.162750786379343, "y": 0.3028674310193279}, "datetime": {"datetime": "2024-02-25 10:07:46", "elapsed": 970.759354, "delta": 2.690227}}
{"target": 0.8402293362384587, "params": {"u": 8.489882548870245, "v": 2.539622004092136, "w": 9.480734215466311, "x": 1.8344290504173382, "y": 4.572838630085029}, "datetime": {"datetime": "2024-02-25 10:07:53", "elapsed": 977.386016, "delta": 6.626662}}
{"target": -0.04325549637514091, "params": {"u": 12.06948010863943, "v": 1.5742179179600337, "w": 8.547680483378864, "x": 1.5297689562373822, "y": 3.35052915175474}, "datetime": {"datetime": "2024-02-25 10:07:56", "elapsed": 981.017613, "delta": 3.631597}}
{"target": 0.002273986825630784, "params": {"u": 5.820585743829753, "v": 4.295163066321702, "w": 2.314145745888938, "x": 6.262082686718408, "y": 0.6851422567621861}, "datetime": {"datetime": "2024-02-25 10:08:00", "elapsed": 984.916362, "delta": 3.898749}}
{"target": -0.01971913031807062, "params": {"u": 2.4119518371407196, "v": 11.488743420450254, "w": 1.9274190915131468, "x": 5.802027663693136, "y": 4.416247725994479}, "datetime": {"datetime": "2024-02-25 10:08:03", "elapsed": 987.556437, "delta": 2.640075}}
{"target": 0.898746925564127, "params": {"u": 6.904676950591316, "v": 1.2560301612375686, "w": 9.493584105244736, "x": 1.6354442404927192, "y": 4.156968363039514}, "datetime": {"datetime": "2024-02-25 10:08:06", "elapsed": 991.083358, "delta": 3.526921}}
{"target": 0.4453313815455384, "params": {"u": 7.464315290032838, "v": 2.920934498803796, "w": 10.756826297981352, "x": 1.3849026095243009, "y": 3.7538186284087374}, "datetime": {"datetime": "2024-02-25 10:08:12", "elapsed": 996.549845, "delta": 5.466487}}
{"target": 0.7876081820395309, "params": {"u": 8.620518501570473, "v": 1.0706904195984528, "w": 9.607483332943207, "x": 1.8393113903028544, "y": 4.683375691611167}, "datetime": {"datetime": "2024-02-25 10:08:14", "elapsed": 998.760191, "delta": 2.210346}}
{"target": 0.013124773459306825, "params": {"u": 12.268023372192761, "v": 8.851888710919008, "w": 9.76122695393906, "x": 5.255218284849471, "y": 4.268397976868885}, "datetime": {"datetime": "2024-02-25 10:08:16", "elapsed": 1000.829676, "delta": 2.069485}}
{"target": 0.4409903286077095, "params": {"u": 7.450573533518135, "v": 1.7114792213316137, "w": 9.94049237165972, "x": 1.873900143807578, "y": 2.6960203884685514}, "datetime": {"datetime": "2024-02-25 10:08:19", "elapsed": 1003.427271, "delta": 2.597595}}
{"target": 0.040389738500531305, "params": {"u": 3.218216408386344, "v": 8.875383339020898, "w": 12.883985767434956, "x": 7.5874613663093715, "y": 0.4151198081258798}, "datetime": {"datetime": "2024-02-25 10:08:21", "elapsed": 1005.463745, "delta": 2.036474}}
{"target": 0.6789630252488786, "params": {"u": 7.769758927156334, "v": 2.9823898352250566, "w": 10.459053412246018, "x": 1.670458507087212, "y": 4.615486481305128}, "datetime": {"datetime": "2024-02-25 10:08:26", "elapsed": 1010.653929, "delta": 5.190184}}
{"target": 0.2099462362740745, "params": {"u": 8.42708714484718, "v": 1.9984169574730197, "w": 8.919911565996195, "x": 2.230032923769399, "y": 4.57756068529099}, "datetime": {"datetime": "2024-02-25 10:08:29", "elapsed": 1013.712451, "delta": 3.058522}}
{"target": 0.8355551683956539, "params": {"u": 7.779804252116524, "v": 1.491512121592443, "w": 9.450415779783706, "x": 1.8194343978274645, "y": 4.254486250153782}, "datetime": {"datetime": "2024-02-25 10:08:32", "elapsed": 1016.724876, "delta": 3.012425}}
{"target": 0.7287516777894277, "params": {"u": 7.976193465565684, "v": 1.456536135287045, "w": 9.537422227657858, "x": 2.1983040406106635, "y": 3.0605302801462644}, "datetime": {"datetime": "2024-02-25 10:08:36", "elapsed": 1020.434564, "delta": 3.709688}}
{"target": -0.011478923458694312, "params": {"u": 5.98840452891794, "v": 3.619856930540645, "w": 4.0903217165903545, "x": 7.66865005493484, "y": 4.7079305455575415}, "datetime": {"datetime": "2024-02-25 10:08:38", "elapsed": 1022.758854, "delta": 2.32429}}
{"target": 0.9086441795912613, "params": {"u": 7.143356741650251, "v": 1.3252227996940662, "w": 10.356916020746223, "x": 1.7422699578826888, "y": 4.216102996832953}, "datetime": {"datetime": "2024-02-25 10:08:43", "elapsed": 1027.409378, "delta": 4.650524}}
{"target": -0.011562716226025255, "params": {"u": 2.505529524688449, "v": 5.805061253198362, "w": 6.263525158455318, "x": 4.475689870116762, "y": 1.3157422306496274}, "datetime": {"datetime": "2024-02-25 10:08:47", "elapsed": 1031.584014, "delta": 4.174636}}
{"target": 0.00780987375519326, "params": {"u": 4.345656112483615, "v": 8.01674817511239, "w": 5.7042925618003615, "x": 7.571626241693248, "y": 0.9200800372186496}, "datetime": {"datetime": "2024-02-25 10:08:52", "elapsed": 1036.738741, "delta": 5.154727}}
{"target": 0.022067963942950106, "params": {"u": 9.17068316506788, "v": 9.186338953228413, "w": 8.118341341837414, "x": 6.045030364574208, "y": 2.4068971761123183}, "datetime": {"datetime": "2024-02-25 10:08:55", "elapsed": 1039.437375, "delta": 2.698634}}
{"target": 0.7701143113010537, "params": {"u": 8.39474443101604, "v": 2.483883606598625, "w": 10.490470715790314, "x": 1.5590014651656376, "y": 4.243863537133711}, "datetime": {"datetime": "2024-02-25 10:08:59", "elapsed": 1043.904368, "delta": 4.466993}}
{"target": -0.04111084334650331, "params": {"u": 11.41855080948217, "v": 8.718034038747174, "w": 3.0991478195956312, "x": 5.768120797725009, "y": 4.526097971786588}, "datetime": {"datetime": "2024-02-25 10:09:02", "elapsed": 1047.163888, "delta": 3.25952}}
{"target": 0.4336636516844308, "params": {"u": 8.401710647209164, "v": 1.359063670119128, "w": 9.839159918645649, "x": 2.1309267570262294, "y": 2.3350935688109367}, "datetime": {"datetime": "2024-02-25 10:09:09", "elapsed": 1054.026382, "delta": 6.862494}}
{"target": 0.7840827793949795, "params": {"u": 7.870670327872969, "v": 1.4218649778594998, "w": 10.373865862927513, "x": 2.029419042526956, "y": 3.1997713314751985}, "datetime": {"datetime": "2024-02-25 10:09:13", "elapsed": 1057.930265, "delta": 3.903883}}
{"target": 0.02189825393331025, "params": {"u": 2.108907830580465, "v": 12.006965886993783, "w": 12.652280561900293, "x": 6.878256235589728, "y": 1.7399304215102545}, "datetime": {"datetime": "2024-02-25 10:09:16", "elapsed": 1060.895835, "delta": 2.96557}}
{"target": 0.13303951556141214, "params": {"u": 7.603049159587567, "v": 3.5826815426603793, "w": 8.953784434794468, "x": 3.7410386070270714, "y": 2.405587474734697}, "datetime": {"datetime": "2024-02-25 10:09:19", "elapsed": 1064.145967, "delta": 3.250132}}
{"target": 0.6604322550771873, "params": {"u": 7.305170583280232, "v": 1.8693162527582308, "w": 10.840839245966436, "x": 1.8014488289638648, "y": 3.1682790111325816}, "datetime": {"datetime": "2024-02-25 10:09:22", "elapsed": 1066.441455, "delta": 2.295488}}
{"target": 0.8622707733940439, "params": {"u": 6.259727606531811, "v": 2.3613283936213687, "w": 9.669278457377514, "x": 1.8392370443417612, "y": 4.492771007846609}, "datetime": {"datetime": "2024-02-25 10:09:27", "elapsed": 1071.929995, "delta": 5.48854}}
{"target": 0.532561615854143, "params": {"u": 7.819230200788695, "v": 1.0609334614798516, "w": 9.970829691998155, "x": 1.9483970400360748, "y": 2.775761810733881}, "datetime": {"datetime": "2024-02-25 10:09:30", "elapsed": 1075.238029, "delta": 3.308034}}
{"target": 0.2954139574945602, "params": {"u": 8.77974457832042, "v": 2.7464712679971726, "w": 11.013716383554893, "x": 1.312988692917167, "y": 4.30526453528621}, "datetime": {"datetime": "2024-02-25 10:09:39", "elapsed": 1083.941697, "delta": 8.703668}}
{"target": 0.5984381473165112, "params": {"u": 8.983210964887471, "v": 1.929678834851655, "w": 9.289860247498133, "x": 1.582059897876591, "y": 4.564621836812596}, "datetime": {"datetime": "2024-02-25 10:09:47", "elapsed": 1091.557455, "delta": 7.615758}}
{"target": 0.0013171706956200274, "params": {"u": 10.279477921936747, "v": 2.0329063411042325, "w": 6.310903649875127, "x": 7.738577859654375, "y": 3.374183468071468}, "datetime": {"datetime": "2024-02-25 10:09:50", "elapsed": 1094.843303, "delta": 3.285848}}
{"target": 0.4178417804392924, "params": {"u": 7.737240714837824, "v": 1.9424705148786443, "w": 9.658847326837112, "x": 1.494688353220163, "y": 3.3462339443961864}, "datetime": {"datetime": "2024-02-25 10:09:56", "elapsed": 1100.670173, "delta": 5.82687}}
{"target": 0.8418803965816397, "params": {"u": 6.611955600704443, "v": 1.0492434263024073, "w": 10.017634991861382, "x": 1.6428035838924322, "y": 4.322273500941338}, "datetime": {"datetime": "2024-02-25 10:10:01", "elapsed": 1106.244557, "delta": 5.574384}}
{"target": 0.8275383060597171, "params": {"u": 8.043386792014992, "v": 1.3683211920004479, "w": 9.935866237156873, "x": 1.925577869908726, "y": 3.4305609866934113}, "datetime": {"datetime": "2024-02-25 10:10:06", "elapsed": 1110.618157, "delta": 4.3736}}
{"target": 0.7434663643861086, "params": {"u": 8.330413052411592, "v": 1.2668321471523267, "w": 9.827311985133692, "x": 1.8545595381562499, "y": 4.21831512874851}, "datetime": {"datetime": "2024-02-25 10:10:09", "elapsed": 1113.866835, "delta": 3.248678}}
{"target": 0.28594561572919797, "params": {"u": 7.146755668750012, "v": 2.064727340196358, "w": 11.58712558303461, "x": 1.3516974032720097, "y": 4.506499118687583}, "datetime": {"datetime": "2024-02-25 10:10:13", "elapsed": 1118.305173, "delta": 4.438338}}
{"target": 0.026349127041863814, "params": {"u": 2.695056214241331, "v": 7.037333946648228, "w": 8.18627257723432, "x": 1.8059228178623308, "y": 4.873759108830558}, "datetime": {"datetime": "2024-02-25 10:10:16", "elapsed": 1120.739618, "delta": 2.434445}}
{"target": -0.03142454989737285, "params": {"u": 4.251539021621146, "v": 9.935803311914768, "w": 4.829589334666672, "x": 5.400485586373048, "y": 2.2327238994507543}, "datetime": {"datetime": "2024-02-25 10:10:19", "elapsed": 1124.286502, "delta": 3.546884}}
{"target": -0.32155384444953994, "params": {"u": 9.154670818218905, "v": 1.2771043697252824, "w": 9.515926847024302, "x": 1.640916645177172, "y": 4.615599937593616}, "datetime": {"datetime": "2024-02-25 10:10:25", "elapsed": 1129.760421, "delta": 5.473919}}
{"target": 0.7678709134380161, "params": {"u": 7.759772120956609, "v": 1.5022703942677142, "w": 9.926605602266417, "x": 2.056149669951277, "y": 3.1334262681188902}, "datetime": {"datetime": "2024-02-25 10:10:31", "elapsed": 1136.078409, "delta": 6.317988}}
{"target": -0.006844732674886847, "params": {"u": 1.3383364113864453, "v": 5.947094008204216, "w": 12.310468853936188, "x": 7.180337180576931, "y": 0.4337536042648341}, "datetime": {"datetime": "2024-02-25 10:10:34", "elapsed": 1138.44932, "delta": 2.370911}}
{"target": 0.7030009804790713, "params": {"u": 7.477436455604133, "v": 1.3393619043801892, "w": 10.729624568060629, "x": 1.5367747051476626, "y": 4.300927559841163}, "datetime": {"datetime": "2024-02-25 10:10:39", "elapsed": 1143.718889, "delta": 5.269569}}
{"target": 0.024675233131792478, "params": {"u": 11.839793485143659, "v": 5.076044925507118, "w": 7.485296055545155, "x": 1.3964211654400787, "y": 0.18795891600690737}, "datetime": {"datetime": "2024-02-25 10:10:44", "elapsed": 1148.646298, "delta": 4.927409}}
{"target": -0.11940482316682856, "params": {"u": 8.405995397110534, "v": 1.3978520280636322, "w": 9.579010186526524, "x": 2.058449785678932, "y": 3.815669750880892}, "datetime": {"datetime": "2024-02-25 10:10:51", "elapsed": 1155.574084, "delta": 6.927786}}
{"target": -0.07727690001006644, "params": {"u": 4.06182117516711, "v": 12.965821550419879, "w": 12.11278207923359, "x": 5.09333117783892, "y": 3.028167730896156}, "datetime": {"datetime": "2024-02-25 10:10:55", "elapsed": 1159.956672, "delta": 4.382588}}
{"target": 0.1356832270930779, "params": {"u": 9.21472731834991, "v": 2.053412494845533, "w": 9.703811102962824, "x": 1.8118225490674174, "y": 4.748076254357028}, "datetime": {"datetime": "2024-02-25 10:11:01", "elapsed": 1165.773811, "delta": 5.817139}}
{"target": 0.7944406771238047, "params": {"u": 7.324513803871647, "v": 1.1476577680680848, "w": 10.878532548463504, "x": 1.802834573936721, "y": 3.9587015528482543}, "datetime": {"datetime": "2024-02-25 10:11:06", "elapsed": 1170.716117, "delta": 4.942306}}
{"target": 0.7939825802142784, "params": {"u": 7.521964561223849, "v": 1.2595051306826166, "w": 9.48418698254905, "x": 2.011812377524002, "y": 3.247584029558656}, "datetime": {"datetime": "2024-02-25 10:11:11", "elapsed": 1175.948583, "delta": 5.232466}}
{"target": -0.005474810899893012, "params": {"u": 7.041130748823789, "v": 6.8209750034558665, "w": 9.519049244765156, "x": 4.777317594287599, "y": 3.4183236587928043}, "datetime": {"datetime": "2024-02-25 10:11:14", "elapsed": 1178.68155, "delta": 2.732967}}
{"target": 0.09817965719599853, "params": {"u": 5.925138339893268, "v": 2.198101695815248, "w": 9.82312395398332, "x": 1.818818890869961, "y": 4.377369841532916}, "datetime": {"datetime": "2024-02-25 10:11:21", "elapsed": 1186.056575, "delta": 7.375025}}
{"target": -0.03602721609250073, "params": {"u": 4.386165015272955, "v": 5.801646385266419, "w": 8.254831521114875, "x": 4.170836184255135, "y": 1.204539610689194}, "datetime": {"datetime": "2024-02-25 10:11:25", "elapsed": 1189.370609, "delta": 3.314034}}
{"target": 0.6277623048408705, "params": {"u": 8.04223736176009, "v": 1.8695547742175065, "w": 9.519835970376949, "x": 1.671175823304236, "y": 4.686551269038788}, "datetime": {"datetime": "2024-02-25 10:11:32", "elapsed": 1196.704928, "delta": 7.334319}}
{"target": 0.8779491661081671, "params": {"u": 8.443626714416018, "v": 2.1988778355898497, "w": 9.845125532088279, "x": 1.7401013167501054, "y": 4.398694529467667}, "datetime": {"datetime": "2024-02-25 10:11:40", "elapsed": 1204.662821, "delta": 7.957893}}
{"target": 0.7456688567227677, "params": {"u": 7.4080586959174175, "v": 1.1290450164801293, "w": 10.047914230463121, "x": 1.9630353653164225, "y": 4.871015181985969}, "datetime": {"datetime": "2024-02-25 10:11:44", "elapsed": 1208.896803, "delta": 4.233982}}
{"target": 0.7706339840806492, "params": {"u": 6.217290400742574, "v": 1.390609905485458, "w": 9.966806412835744, "x": 1.9141197269758499, "y": 3.2169661323319274}, "datetime": {"datetime": "2024-02-25 10:11:50", "elapsed": 1214.914356, "delta": 6.017553}}
{"target": 0.03527891556588404, "params": {"u": 4.822763572423595, "v": 3.7705022539231354, "w": 12.806655110095368, "x": 6.27729627244669, "y": 0.5110329343505904}, "datetime": {"datetime": "2024-02-25 10:11:53", "elapsed": 1217.654661, "delta": 2.740305}}
{"target": -0.046864685348087645, "params": {"u": 3.0072485252583663, "v": 3.800390704059538, "w": 12.052843598236954, "x": 7.30533789713818, "y": 1.2232424699874496}, "datetime": {"datetime": "2024-02-25 10:11:57", "elapsed": 1221.404633, "delta": 3.749972}}
{"target": 0.5195151520996801, "params": {"u": 8.231148813595846, "v": 2.25915932436361, "w": 9.820058748608847, "x": 1.7616045095327564, "y": 4.990048584373304}, "datetime": {"datetime": "2024-02-25 10:12:02", "elapsed": 1226.575216, "delta": 5.170583}}
{"target": 0.915634156931401, "params": {"u": 8.704369780760883, "v": 1.317046166109888, "w": 10.172169026194291, "x": 1.6794740275725362, "y": 4.195011316306635}, "datetime": {"datetime": "2024-02-25 10:12:08", "elapsed": 1232.564059, "delta": 5.988843}}
{"target": 0.6177147509223058, "params": {"u": 6.3366933649599595, "v": 1.9993176533664005, "w": 10.484166950298981, "x": 1.8949466720025234, "y": 4.2070733506738}, "datetime": {"datetime": "2024-02-25 10:12:12", "elapsed": 1236.957884, "delta": 4.393825}}
{"target": 0.8607455869443318, "params": {"u": 7.773905377321922, "v": 1.705393523496498, "w": 10.76824091533527, "x": 1.6017405159278435, "y": 4.170254689235441}, "datetime": {"datetime": "2024-02-25 10:12:16", "elapsed": 1241.116838, "delta": 4.158954}}
{"target": 0.43100032035883373, "params": {"u": 8.13757560215124, "v": 1.6631105504543897, "w": 9.931094593944472, "x": 1.96356084080423, "y": 4.253925075321972}, "datetime": {"datetime": "2024-02-25 10:12:27", "elapsed": 1252.260867, "delta": 11.144029}}
{"target": 0.654030946125743, "params": {"u": 6.685914802915292, "v": 1.785092403634223, "w": 10.66330847128965, "x": 1.791342643164227, "y": 3.1723477955630073}, "datetime": {"datetime": "2024-02-25 10:12:34", "elapsed": 1258.780979, "delta": 6.520112}}
{"target": 0.5957228992395293, "params": {"u": 7.126065758353591, "v": 1.4880329469607365, "w": 10.884618681034475, "x": 2.6210018232375436, "y": 2.658216621981333}, "datetime": {"datetime": "2024-02-25 10:12:40", "elapsed": 1264.478612, "delta": 5.697633}}
{"target": -0.03514798725493152, "params": {"u": 4.979347326342246, "v": 10.86209705444816, "w": 1.697090000198513, "x": 4.671809646864253, "y": 0.7094716450730572}, "datetime": {"datetime": "2024-02-25 10:12:43", "elapsed": 1268.035455, "delta": 3.556843}}
{"target": -0.16749278663162737, "params": {"u": 7.387741946725461, "v": 4.251025322217595, "w": 6.993259636001463, "x": 1.1658878202596146, "y": 0.2864272597194938}, "datetime": {"datetime": "2024-02-25 10:12:47", "elapsed": 1272.027616, "delta": 3.992161}}
{"target": 0.8599821036510688, "params": {"u": 7.80065611841455, "v": 1.685972524978527, "w": 10.44903486258852, "x": 1.6618023602476002, "y": 3.6760824594586308}, "datetime": {"datetime": "2024-02-25 10:13:02", "elapsed": 1286.661667, "delta": 14.634051}}
{"target": 0.0036335833148322567, "params": {"u": 5.264150614245645, "v": 7.814156874201475, "w": 5.749771432701689, "x": 2.1139479589523633, "y": 1.4523105333039432}, "datetime": {"datetime": "2024-02-25 10:13:06", "elapsed": 1290.488608, "delta": 3.826941}}
{"target": -0.13816291199999886, "params": {"u": 9.217562779486018, "v": 1.0954839641696772, "w": 10.506591506229384, "x": 1.9125043408477789, "y": 3.6180067768250335}, "datetime": {"datetime": "2024-02-25 10:13:14", "elapsed": 1299.01743, "delta": 8.528822}}
{"target": 0.5409326993613741, "params": {"u": 8.407137790222922, "v": 2.4181026382714164, "w": 10.494644822927835, "x": 1.724172904724221, "y": 4.89779604584211}, "datetime": {"datetime": "2024-02-25 10:13:18", "elapsed": 1303.190393, "delta": 4.172963}}
{"target": 0.06466007068509215, "params": {"u": 7.826203772278719, "v": 6.866698028659089, "w": 12.19492582266891, "x": 6.357388843361681, "y": 0.28312790649020214}, "datetime": {"datetime": "2024-02-25 10:13:22", "elapsed": 1306.962744, "delta": 3.772351}}
{"target": 0.5533412958226327, "params": {"u": 6.282630232841844, "v": 2.7957158284134733, "w": 9.838045526886983, "x": 1.5490932895040561, "y": 4.560293107140447}, "datetime": {"datetime": "2024-02-25 10:13:30", "elapsed": 1315.088152, "delta": 8.125408}}
{"target": 0.04575110460524011, "params": {"u": 8.604506495735361, "v": 8.139138550692477, "w": 2.9029022595524308, "x": 3.47283077498982, "y": 4.256735503071118}, "datetime": {"datetime": "2024-02-25 10:13:37", "elapsed": 1322.003844, "delta": 6.915692}}
{"target": -0.004090693925170454, "params": {"u": 3.6835084367435753, "v": 8.613269430643516, "w": 3.475468802944666, "x": 2.6777237347746996, "y": 2.036248618954537}, "datetime": {"datetime": "2024-02-25 10:13:41", "elapsed": 1325.905932, "delta": 3.902088}}
{"target": 0.015226796370297708, "params": {"u": 12.267152961210495, "v": 1.0713155303695698, "w": 7.5559312022178595, "x": 7.436096376612714, "y": 0.699865934556418}, "datetime": {"datetime": "2024-02-25 10:13:46", "elapsed": 1330.421634, "delta": 4.515702}}
{"target": 0.0750030328555332, "params": {"u": 3.6952977418103337, "v": 3.627380795932955, "w": 10.342065583632083, "x": 4.262082833822646, "y": 1.818288323089681}, "datetime": {"datetime": "2024-02-25 10:13:49", "elapsed": 1333.948183, "delta": 3.526549}}
{"target": 0.8965564184474891, "params": {"u": 7.672317510902495, "v": 1.4347869393882529, "w": 10.105461700876798, "x": 1.6272013272342871, "y": 3.8633917746095725}, "datetime": {"datetime": "2024-02-25 10:13:56", "elapsed": 1340.767296, "delta": 6.819113}}
{"target": 0.47616711731385364, "params": {"u": 7.537364774963631, "v": 2.34772191217901, "w": 10.720284983359036, "x": 2.0632238845460034, "y": 2.520091721856874}, "datetime": {"datetime": "2024-02-25 10:14:00", "elapsed": 1344.403192, "delta": 3.635896}}
{"target": 0.17207954308165807, "params": {"u": 7.935427503561241, "v": 1.9975793864220575, "w": 10.47516976967831, "x": 1.2119582790764856, "y": 3.9842847559468324}, "datetime": {"datetime": "2024-02-25 10:14:07", "elapsed": 1352.107749, "delta": 7.704557}}
{"target": 0.9159681455597444, "params": {"u": 7.546513927848208, "v": 1.59546359019105, "w": 10.932673856202145, "x": 1.6550146719749865, "y": 3.8619287254093453}, "datetime": {"datetime": "2024-02-25 10:14:14", "elapsed": 1358.334518, "delta": 6.226769}}
{"target": 0.8266209625938765, "params": {"u": 7.5777168273132665, "v": 1.3873051477551543, "w": 10.637548812691042, "x": 1.7371092007881757, "y": 3.499172681521045}, "datetime": {"datetime": "2024-02-25 10:14:19", "elapsed": 1364.261885, "delta": 5.927367}}
{"target": 0.7320895687647878, "params": {"u": 7.299613999797314, "v": 1.4363981570893178, "w": 10.644757350603758, "x": 2.099763704518845, "y": 3.009594249637989}, "datetime": {"datetime": "2024-02-25 10:14:25", "elapsed": 1369.857171, "delta": 5.595286}}
{"target": 0.9019265976043674, "params": {"u": 8.682078602674839, "v": 2.6819435457480347, "w": 10.456773994419155, "x": 1.7477957498289745, "y": 4.163895342805546}, "datetime": {"datetime": "2024-02-25 10:14:29", "elapsed": 1373.842946, "delta": 3.985775}}
{"target": 0.7426595078856872, "params": {"u": 6.469991661661084, "v": 1.167895706914523, "w": 10.572108705684686, "x": 1.778127217531436, "y": 3.3165362938062413}, "datetime": {"datetime": "2024-02-25 10:14:38", "elapsed": 1383.145944, "delta": 9.302998}}
