{"target": -0.6806162567285341, "params": {"colsample_bytree": 0.5025882853030176, "learning_rate": 0.2929848397810521, "max_bin_exp": 9.941380135694235, "max_depth": 3.580375226174744, "n_estimators": 4490.174213117348, "reg_alpha": 1.0759273116472805, "reg_lambda": 0.5628798303966904}, "datetime": {"datetime": "2024-02-19 18:43:38", "elapsed": 1626.76006, "delta": 6.017427}}
{"target": -0.6907808966079625, "params": {"colsample_bytree": 1.0, "learning_rate": 0.5, "max_bin_exp": 10.0, "max_depth": 2.1960623633558716, "n_estimators": 1445.1127481264837, "reg_alpha": 0.0, "reg_lambda": 3.0}, "datetime": {"datetime": "2024-02-19 18:43:41", "elapsed": 1630.603842, "delta": 3.843782}}
{"target": -0.7187305872480432, "params": {"colsample_bytree": 0.5844749623812616, "learning_rate": 0.46220753236837336, "max_bin_exp": 7.774041430855105, "max_depth": 5.266129668271352, "n_estimators": 4734.2951163407715, "reg_alpha": 2.64025406310954, "reg_lambda": 0.043168847130797605}, "datetime": {"datetime": "2024-02-19 18:43:49", "elapsed": 1638.287769, "delta": 7.683927}}
{"target": -0.6492714293123234, "params": {"colsample_bytree": 0.5279116502774295, "learning_rate": 0.09549441506777381, "max_bin_exp": 7.242157155418749, "max_depth": 5.622960063998127, "n_estimators": 1261.4811057819159, "reg_alpha": 0.24724309094591856, "reg_lambda": 2.5851836928569583}, "datetime": {"datetime": "2024-02-19 18:43:55", "elapsed": 1644.003436, "delta": 5.715667}}
{"target": -0.6926715650122116, "params": {"colsample_bytree": 0.8605606259644101, "learning_rate": 0.04379663699422158, "max_bin_exp": 5.6007080932867765, "max_depth": 5.9050290877309335, "n_estimators": 751.7639822835682, "reg_alpha": 1.2691232557673333, "reg_lambda": 0.7822652033200737}, "datetime": {"datetime": "2024-02-19 18:43:58", "elapsed": 1647.448094, "delta": 3.444658}}
{"target": -0.6324332935760211, "params": {"colsample_bytree": 1.0, "learning_rate": 0.5, "max_bin_exp": 9.800753785462318, "max_depth": 5.9662063000431464, "n_estimators": 2344.189310233968, "reg_alpha": 3.0, "reg_lambda": 2.781540246125425}, "datetime": {"datetime": "2024-02-19 18:44:03", "elapsed": 1651.857982, "delta": 4.409888}}
{"target": -0.911240317481756, "params": {"colsample_bytree": 0.2, "learning_rate": 0.5, "max_bin_exp": 8.118028170518937, "max_depth": 5.813764680234531, "n_estimators": 4475.871325155297, "reg_alpha": 0.0, "reg_lambda": 3.0}, "datetime": {"datetime": "2024-02-19 18:44:09", "elapsed": 1658.030097, "delta": 6.172115}}
{"target": -0.647171735743291, "params": {"colsample_bytree": 1.0, "learning_rate": 0.5, "max_bin_exp": 8.996562871632188, "max_depth": 6.0, "n_estimators": 4578.345296017782, "reg_alpha": 3.0, "reg_lambda": 3.0}, "datetime": {"datetime": "2024-02-19 18:44:18", "elapsed": 1667.495469, "delta": 9.465372}}
{"target": -0.8902430152424671, "params": {"colsample_bytree": 0.2, "learning_rate": 0.5, "max_bin_exp": 8.64636871057051, "max_depth": 2.940894913502751, "n_estimators": 742.4411261625476, "reg_alpha": 3.0, "reg_lambda": 0.0}, "datetime": {"datetime": "2024-02-19 18:44:21", "elapsed": 1670.26326, "delta": 2.767791}}
{"target": -0.6588701943664664, "params": {"colsample_bytree": 0.984344848938661, "learning_rate": 0.43504851465484096, "max_bin_exp": 9.877704715491088, "max_depth": 5.747812055250675, "n_estimators": 1269.2499168064514, "reg_alpha": 0.038935955575379766, "reg_lambda": 1.9462700825265804}, "datetime": {"datetime": "2024-02-19 18:44:26", "elapsed": 1675.420088, "delta": 5.156828}}
{"target": -0.8879862432203389, "params": {"colsample_bytree": 0.227727436684663, "learning_rate": 0.26072697081334123, "max_bin_exp": 7.791926840261539, "max_depth": 4.330747154642365, "n_estimators": 4471.741808507428, "reg_alpha": 2.7251612377445897, "reg_lambda": 0.5834942183453959}, "datetime": {"datetime": "2024-02-19 18:44:32", "elapsed": 1681.122385, "delta": 5.702297}}
{"target": -2.2097662219632768, "params": {"colsample_bytree": 1.0, "learning_rate": 0.001, "max_bin_exp": 10.0, "max_depth": 6.0, "n_estimators": 885.1291415702408, "reg_alpha": 3.0, "reg_lambda": 0.0}, "datetime": {"datetime": "2024-02-19 18:44:36", "elapsed": 1685.230433, "delta": 4.108048}}
{"target": -0.695415248674099, "params": {"colsample_bytree": 0.8965697788761706, "learning_rate": 0.4721206211361811, "max_bin_exp": 8.645657576400929, "max_depth": 3.6669551986612827, "n_estimators": 1260.6669308918667, "reg_alpha": 1.364215073955132, "reg_lambda": 0.43053773641179893}, "datetime": {"datetime": "2024-02-19 18:44:39", "elapsed": 1688.299359, "delta": 3.068926}}
{"target": -0.7053099590270421, "params": {"colsample_bytree": 0.8966741959011972, "learning_rate": 0.4499055697509984, "max_bin_exp": 8.551491775660232, "max_depth": 2.3959025092057864, "n_estimators": 1301.4485028248419, "reg_alpha": 0.3930677647510612, "reg_lambda": 0.5492693152584252}, "datetime": {"datetime": "2024-02-19 18:44:42", "elapsed": 1691.401055, "delta": 3.101696}}
{"target": -0.694399461276998, "params": {"colsample_bytree": 0.5042862901747154, "learning_rate": 0.34837813105642423, "max_bin_exp": 6.933614065592863, "max_depth": 4.5767861170235715, "n_estimators": 1299.0798647609438, "reg_alpha": 2.030169275138353, "reg_lambda": 1.9064029578892692}, "datetime": {"datetime": "2024-02-19 18:44:46", "elapsed": 1694.680061, "delta": 3.279006}}
{"target": -0.7524059882626751, "params": {"colsample_bytree": 0.902352724057611, "learning_rate": 0.29056433341349086, "max_bin_exp": 5.872598812036614, "max_depth": 4.945601826382319, "n_estimators": 1301.8328409987996, "reg_alpha": 0.4363861683700815, "reg_lambda": 2.967106814638549}, "datetime": {"datetime": "2024-02-19 18:44:49", "elapsed": 1698.445154, "delta": 3.765093}}
{"target": -0.6655980094390007, "params": {"colsample_bytree": 1.0, "learning_rate": 0.5, "max_bin_exp": 6.544377329338067, "max_depth": 6.0, "n_estimators": 754.1605458725734, "reg_alpha": 2.6058506634732863, "reg_lambda": 3.0}, "datetime": {"datetime": "2024-02-19 18:44:53", "elapsed": 1702.465971, "delta": 4.020817}}
{"target": -0.6840206371375592, "params": {"colsample_bytree": 0.7986563869211809, "learning_rate": 0.45602618156777186, "max_bin_exp": 8.336350590890735, "max_depth": 5.578028864549111, "n_estimators": 1303.1794407258183, "reg_alpha": 2.6213098478690795, "reg_lambda": 0.6220683554259403}, "datetime": {"datetime": "2024-02-19 18:44:57", "elapsed": 1705.988046, "delta": 3.522075}}
{"target": -0.7428993387358758, "params": {"colsample_bytree": 1.0, "learning_rate": 0.5, "max_bin_exp": 8.502137298728515, "max_depth": 3.5991495436469494, "n_estimators": 3904.344271733899, "reg_alpha": 2.958822583580579, "reg_lambda": 0.9084327622278349}, "datetime": {"datetime": "2024-02-19 18:45:02", "elapsed": 1711.581766, "delta": 5.59372}}
{"target": -4.5714930803790015, "params": {"colsample_bytree": 0.2, "learning_rate": 0.001, "max_bin_exp": 7.104275147174572, "max_depth": 2.5483988606881383, "n_estimators": 1302.2438903936018, "reg_alpha": 3.0, "reg_lambda": 2.4925274546654776}, "datetime": {"datetime": "2024-02-19 18:45:06", "elapsed": 1714.721324, "delta": 3.139558}}
{"target": -0.7137688351547786, "params": {"colsample_bytree": 0.7845077202143207, "learning_rate": 0.4123225520562235, "max_bin_exp": 9.522816072881128, "max_depth": 2.3071104522236476, "n_estimators": 1296.710386975754, "reg_alpha": 0.13420851079509655, "reg_lambda": 2.262871054232668}, "datetime": {"datetime": "2024-02-19 18:45:10", "elapsed": 1719.090531, "delta": 4.369207}}
{"target": -0.5910677908155308, "params": {"colsample_bytree": 0.7514522094268492, "learning_rate": 0.1186860090941538, "max_bin_exp": 9.958688758953667, "max_depth": 5.89580459108535, "n_estimators": 1301.7463361695009, "reg_alpha": 0.5627505720896426, "reg_lambda": 2.0632830412744982}, "datetime": {"datetime": "2024-02-19 18:45:15", "elapsed": 1723.857459, "delta": 4.766928}}
{"target": -0.8678765951124058, "params": {"colsample_bytree": 1.0, "learning_rate": 0.5, "max_bin_exp": 6.1173567475018364, "max_depth": 1.655442036001574, "n_estimators": 3724.107536370127, "reg_alpha": 3.0, "reg_lambda": 0.0}, "datetime": {"datetime": "2024-02-19 18:45:20", "elapsed": 1729.565345, "delta": 5.707886}}
{"target": -0.694307139553172, "params": {"colsample_bytree": 0.3559212126390625, "learning_rate": 0.0837108435425813, "max_bin_exp": 9.999329809033371, "max_depth": 5.464912427161743, "n_estimators": 1298.1986793400213, "reg_alpha": 1.472749498705058, "reg_lambda": 0.8867804712426623}, "datetime": {"datetime": "2024-02-19 18:45:25", "elapsed": 1734.102579, "delta": 4.537234}}
{"target": -0.8582022317708333, "params": {"colsample_bytree": 0.2640720047828702, "learning_rate": 0.2626314599282863, "max_bin_exp": 6.239099755473301, "max_depth": 5.807205025087978, "n_estimators": 1297.9772737494839, "reg_alpha": 0.41870250641470563, "reg_lambda": 2.0881226535987585}, "datetime": {"datetime": "2024-02-19 18:45:30", "elapsed": 1738.644804, "delta": 4.542225}}
{"target": -0.6429078055356933, "params": {"colsample_bytree": 0.7901098340480484, "learning_rate": 0.03695538886095262, "max_bin_exp": 9.883606940298069, "max_depth": 4.116829335856222, "n_estimators": 1299.30990389528, "reg_alpha": 0.37283641059919126, "reg_lambda": 2.343888381645092}, "datetime": {"datetime": "2024-02-19 18:45:35", "elapsed": 1743.713902, "delta": 5.069098}}
{"target": -0.6368696856726695, "params": {"colsample_bytree": 1.0, "learning_rate": 0.5, "max_bin_exp": 10.0, "max_depth": 6.0, "n_estimators": 2747.2608486211034, "reg_alpha": 0.0, "reg_lambda": 3.0}, "datetime": {"datetime": "2024-02-19 18:45:41", "elapsed": 1749.662878, "delta": 5.948976}}
{"target": -3.1268662368938323, "params": {"colsample_bytree": 0.2, "learning_rate": 0.001, "max_bin_exp": 10.0, "max_depth": 6.0, "n_estimators": 4488.538549894702, "reg_alpha": 3.0, "reg_lambda": 0.0}, "datetime": {"datetime": "2024-02-19 18:45:49", "elapsed": 1758.28804, "delta": 8.625162}}
{"target": -0.7214715092446079, "params": {"colsample_bytree": 1.0, "learning_rate": 0.5, "max_bin_exp": 8.380081337416117, "max_depth": 2.6333642735186533, "n_estimators": 4489.385647713503, "reg_alpha": 0.8179223459013609, "reg_lambda": 3.0}, "datetime": {"datetime": "2024-02-19 18:45:54", "elapsed": 1763.412598, "delta": 5.124558}}
{"target": -0.884497850870998, "params": {"colsample_bytree": 0.2141332693899715, "learning_rate": 0.09114298843991461, "max_bin_exp": 7.1141238922390695, "max_depth": 4.622595668384178, "n_estimators": 4491.868007508722, "reg_alpha": 0.30385779696542514, "reg_lambda": 2.240462661771843}, "datetime": {"datetime": "2024-02-19 18:46:01", "elapsed": 1769.676994, "delta": 6.264396}}
{"target": -0.7395172955486404, "params": {"colsample_bytree": 0.6679807932622599, "learning_rate": 0.27019475257398584, "max_bin_exp": 5.383014184494665, "max_depth": 3.720898192106349, "n_estimators": 1083.4826410689466, "reg_alpha": 0.18460778480991336, "reg_lambda": 0.6624850874806046}, "datetime": {"datetime": "2024-02-19 18:46:04", "elapsed": 1773.159788, "delta": 3.482794}}
{"target": -0.6553211793416572, "params": {"colsample_bytree": 0.6979335716136689, "learning_rate": 0.33593417349338645, "max_bin_exp": 9.531009309359913, "max_depth": 5.839847904298688, "n_estimators": 1086.2814215446876, "reg_alpha": 1.9624486995297892, "reg_lambda": 2.426426242389668}, "datetime": {"datetime": "2024-02-19 18:46:08", "elapsed": 1777.468401, "delta": 4.308613}}
{"target": -0.6271557501566913, "params": {"colsample_bytree": 0.6995129087216387, "learning_rate": 0.04223162013815757, "max_bin_exp": 6.849614575184239, "max_depth": 5.93059907962163, "n_estimators": 1301.2784400996482, "reg_alpha": 1.3837509536530403, "reg_lambda": 0.49016652704129515}, "datetime": {"datetime": "2024-02-19 18:46:14", "elapsed": 1782.645549, "delta": 5.177148}}
{"target": -1.1568828783585658, "params": {"colsample_bytree": 0.52934635987376, "learning_rate": 0.1966675801820683, "max_bin_exp": 4.641347534107901, "max_depth": 5.304503176061322, "n_estimators": 4487.687321172537, "reg_alpha": 1.4932980288455426, "reg_lambda": 2.8060297280877884}, "datetime": {"datetime": "2024-02-19 18:46:22", "elapsed": 1790.705104, "delta": 8.059555}}
{"target": -0.7792031973686147, "params": {"colsample_bytree": 0.7181716608695039, "learning_rate": 0.17640079952711818, "max_bin_exp": 5.420227106320799, "max_depth": 4.74680379261056, "n_estimators": 3708.970449069578, "reg_alpha": 2.4925396852579302, "reg_lambda": 0.3572457795128299}, "datetime": {"datetime": "2024-02-19 18:46:28", "elapsed": 1796.805697, "delta": 6.100593}}
{"target": -0.6615262270884827, "params": {"colsample_bytree": 0.8531288149086207, "learning_rate": 0.35118674006305567, "max_bin_exp": 8.146534579537036, "max_depth": 5.98924459150839, "n_estimators": 1446.368108781928, "reg_alpha": 2.9625102585800906, "reg_lambda": 1.0271293969060522}, "datetime": {"datetime": "2024-02-19 18:46:32", "elapsed": 1800.824437, "delta": 4.01874}}
{"target": -0.6532127980071504, "params": {"colsample_bytree": 0.8437383404375027, "learning_rate": 0.4445560424184277, "max_bin_exp": 9.992072122311344, "max_depth": 5.499248557249073, "n_estimators": 880.2011324722638, "reg_alpha": 0.2648877831901211, "reg_lambda": 2.949997219017643}, "datetime": {"datetime": "2024-02-19 18:46:36", "elapsed": 1804.93215, "delta": 4.107713}}
{"target": -0.7260155068576389, "params": {"colsample_bytree": 0.5873985967271731, "learning_rate": 0.03549826870068044, "max_bin_exp": 9.835865135478109, "max_depth": 2.3143113663647465, "n_estimators": 4494.217170653636, "reg_alpha": 0.9775684947868643, "reg_lambda": 0.7783418354540652}, "datetime": {"datetime": "2024-02-19 18:46:41", "elapsed": 1810.369696, "delta": 5.437546}}
{"target": -0.7208397767217661, "params": {"colsample_bytree": 1.0, "learning_rate": 0.5, "max_bin_exp": 9.972725808873944, "max_depth": 2.8679871305155156, "n_estimators": 4492.004825295712, "reg_alpha": 2.687779736049384, "reg_lambda": 3.0}, "datetime": {"datetime": "2024-02-19 18:46:47", "elapsed": 1816.043908, "delta": 5.674212}}
{"target": -0.7947429262049789, "params": {"colsample_bytree": 0.6896662944844785, "learning_rate": 0.23098086848070293, "max_bin_exp": 5.496546963761249, "max_depth": 2.3719360206499442, "n_estimators": 3709.0573993214, "reg_alpha": 0.36046638738948966, "reg_lambda": 2.3482083925120967}, "datetime": {"datetime": "2024-02-19 18:46:51", "elapsed": 1820.378005, "delta": 4.334097}}
{"target": -3.6680216665371943, "params": {"colsample_bytree": 0.2, "learning_rate": 0.001, "max_bin_exp": 4.67252346982429, "max_depth": 6.0, "n_estimators": 3896.2678731119795, "reg_alpha": 3.0, "reg_lambda": 3.0}, "datetime": {"datetime": "2024-02-19 18:46:58", "elapsed": 1826.987788, "delta": 6.609783}}
{"target": -0.8658709076580154, "params": {"colsample_bytree": 0.2438678381971629, "learning_rate": 0.19282822635338048, "max_bin_exp": 9.556853261197915, "max_depth": 4.877372863056373, "n_estimators": 3894.203518283595, "reg_alpha": 1.210678411726904, "reg_lambda": 2.573761983896737}, "datetime": {"datetime": "2024-02-19 18:47:06", "elapsed": 1835.118163, "delta": 8.130375}}
{"target": -0.6606533378413372, "params": {"colsample_bytree": 1.0, "learning_rate": 0.5, "max_bin_exp": 10.0, "max_depth": 4.772060326080162, "n_estimators": 4491.7944033801905, "reg_alpha": 0.0, "reg_lambda": 3.0}, "datetime": {"datetime": "2024-02-19 18:47:15", "elapsed": 1844.38628, "delta": 9.268117}}
{"target": -0.7375390463504885, "params": {"colsample_bytree": 1.0, "learning_rate": 0.5, "max_bin_exp": 10.0, "max_depth": 3.7509893130252134, "n_estimators": 4154.163953705615, "reg_alpha": 0.0, "reg_lambda": 0.0}, "datetime": {"datetime": "2024-02-19 18:47:23", "elapsed": 1852.325166, "delta": 7.938886}}
{"target": -0.7122303009430908, "params": {"colsample_bytree": 1.0, "learning_rate": 0.5, "max_bin_exp": 7.88684239715417, "max_depth": 5.286982254744174, "n_estimators": 3897.4718093787824, "reg_alpha": 0.07773911525199026, "reg_lambda": 0.21787734235386502}, "datetime": {"datetime": "2024-02-19 18:47:31", "elapsed": 1859.913943, "delta": 7.588777}}
{"target": -0.6617483568499145, "params": {"colsample_bytree": 0.5874660228107085, "learning_rate": 0.2127058406494434, "max_bin_exp": 9.580532408235594, "max_depth": 3.9397170698112065, "n_estimators": 3831.656732136228, "reg_alpha": 0.9098575137870359, "reg_lambda": 0.5025822196991956}, "datetime": {"datetime": "2024-02-19 18:47:36", "elapsed": 1865.445768, "delta": 5.531825}}
{"target": -3.153662416548965, "params": {"colsample_bytree": 0.2, "learning_rate": 0.001, "max_bin_exp": 10.0, "max_depth": 6.0, "n_estimators": 4151.636673894577, "reg_alpha": 3.0, "reg_lambda": 2.98701241696594}, "datetime": {"datetime": "2024-02-19 18:47:46", "elapsed": 1874.924594, "delta": 9.478826}}
{"target": -0.7321788179568418, "params": {"colsample_bytree": 0.7028181972149921, "learning_rate": 0.3451691420347923, "max_bin_exp": 6.356781154324324, "max_depth": 5.284657518433661, "n_estimators": 3833.0865068979856, "reg_alpha": 0.858774242961904, "reg_lambda": 1.2359650141952558}, "datetime": {"datetime": "2024-02-19 18:47:53", "elapsed": 1881.992625, "delta": 7.068031}}
{"target": -0.6412879881002824, "params": {"colsample_bytree": 1.0, "learning_rate": 0.5, "max_bin_exp": 10.0, "max_depth": 5.911418498705213, "n_estimators": 1264.9459904791038, "reg_alpha": 0.0, "reg_lambda": 3.0}, "datetime": {"datetime": "2024-02-19 18:47:57", "elapsed": 1886.208999, "delta": 4.216374}}
{"target": -0.7086679200587042, "params": {"colsample_bytree": 1.0, "learning_rate": 0.5, "max_bin_exp": 7.138677203740399, "max_depth": 6.0, "n_estimators": 666.5777410612727, "reg_alpha": 3.0, "reg_lambda": 0.2911248263323838}, "datetime": {"datetime": "2024-02-19 18:48:02", "elapsed": 1890.878115, "delta": 4.669116}}
{"target": -0.7135012122962278, "params": {"colsample_bytree": 1.0, "learning_rate": 0.5, "max_bin_exp": 8.660246635154248, "max_depth": 4.830218814106249, "n_estimators": 1300.178417552159, "reg_alpha": 0.0, "reg_lambda": 0.0}, "datetime": {"datetime": "2024-02-19 18:48:07", "elapsed": 1895.962481, "delta": 5.084366}}
{"target": -0.6842656992593023, "params": {"colsample_bytree": 0.829880601697844, "learning_rate": 0.345541506416249, "max_bin_exp": 7.555786391321838, "max_depth": 3.06302051675444, "n_estimators": 1086.8392949069942, "reg_alpha": 1.9453031501743216, "reg_lambda": 0.4718985196171097}, "datetime": {"datetime": "2024-02-19 18:48:10", "elapsed": 1899.11534, "delta": 3.152859}}
{"target": -0.7034621825211865, "params": {"colsample_bytree": 0.8902010917634637, "learning_rate": 0.1743139867354163, "max_bin_exp": 7.98924360232458, "max_depth": 2.578185817728748, "n_estimators": 3832.7764892007986, "reg_alpha": 2.9078747757851486, "reg_lambda": 0.36765815318821704}, "datetime": {"datetime": "2024-02-19 18:48:15", "elapsed": 1904.184801, "delta": 5.069461}}
{"target": -0.8667053381032249, "params": {"colsample_bytree": 0.31617806214149546, "learning_rate": 0.007319551710027817, "max_bin_exp": 6.13209156312795, "max_depth": 4.453075163830506, "n_estimators": 3720.620086915508, "reg_alpha": 2.90213014737495, "reg_lambda": 2.7457483429145917}, "datetime": {"datetime": "2024-02-19 18:48:21", "elapsed": 1910.303553, "delta": 6.118752}}
{"target": -1.618346332435852, "params": {"colsample_bytree": 0.20031152790334625, "learning_rate": 0.48023708197991166, "max_bin_exp": 8.94657949096875, "max_depth": 1.0638358745351204, "n_estimators": 4490.720586985185, "reg_alpha": 0.04563441514453448, "reg_lambda": 1.2540481621557893}, "datetime": {"datetime": "2024-02-19 18:48:26", "elapsed": 1915.305382, "delta": 5.001829}}
{"target": -0.7132188252655662, "params": {"colsample_bytree": 0.7567227046860168, "learning_rate": 0.37995971011807395, "max_bin_exp": 8.13225839344049, "max_depth": 2.034269351830046, "n_estimators": 3831.778478116814, "reg_alpha": 2.186597029532749, "reg_lambda": 2.9118303176531666}, "datetime": {"datetime": "2024-02-19 18:48:31", "elapsed": 1920.126222, "delta": 4.82084}}
{"target": -0.9059849468544022, "params": {"colsample_bytree": 0.3430688867997983, "learning_rate": 0.12532067942156508, "max_bin_exp": 5.409299167603194, "max_depth": 2.2142074497422417, "n_estimators": 3834.824604184487, "reg_alpha": 1.6706587659606003, "reg_lambda": 2.347655291580363}, "datetime": {"datetime": "2024-02-19 18:48:36", "elapsed": 1924.655883, "delta": 4.529661}}
{"target": -0.6551779925994586, "params": {"colsample_bytree": 1.0, "learning_rate": 0.5, "max_bin_exp": 9.010082505902677, "max_depth": 6.0, "n_estimators": 598.9776047661336, "reg_alpha": 3.0, "reg_lambda": 2.306966521428322}, "datetime": {"datetime": "2024-02-19 18:48:40", "elapsed": 1928.97987, "delta": 4.323987}}
{"target": -3.148829399081921, "params": {"colsample_bytree": 0.2, "learning_rate": 0.001, "max_bin_exp": 10.0, "max_depth": 5.199485636092039, "n_estimators": 4143.487569508199, "reg_alpha": 0.0, "reg_lambda": 3.0}, "datetime": {"datetime": "2024-02-19 18:48:48", "elapsed": 1937.039054, "delta": 8.059184}}
