{"target": 9.173641596285893, "params": {"u": 1.9109091477147016, "x": 0.13800753672205968, "y": 2.8263972235883177}, "datetime": {"datetime": "2024-02-27 23:07:04", "elapsed": 81.217981, "delta": 1.515872}}
{"target": 9.947885852247946, "params": {"u": 1.9877028317476946, "x": 0.016015459633381024, "y": 2.755620892341815}, "datetime": {"datetime": "2024-02-27 23:07:05", "elapsed": 82.036577, "delta": 0.818596}}
{"target": -1.2314473729954543, "params": {"u": 0.9839921826267801, "x": 0.9603166791853286, "y": 4.448065849087875}, "datetime": {"datetime": "2024-02-27 23:07:06", "elapsed": 83.040923, "delta": 1.004346}}
{"target": 6.812829786346704, "params": {"u": 1.8965882851457179, "x": 0.5481646138236158, "y": -2.3704307510807485}, "datetime": {"datetime": "2024-02-27 23:07:07", "elapsed": 84.050837, "delta": 1.009914}}
{"target": 6.780915009644151, "params": {"u": 1.9919649410448443, "x": -0.6803032055401288, "y": 0.37392633996385527}, "datetime": {"datetime": "2024-02-27 23:07:07", "elapsed": 84.478458, "delta": 0.427621}}
{"target": -13.149055224275394, "params": {"u": 0.8298233995974182, "x": 2.953327423692421, "y": 1.5057701608906937}, "datetime": {"datetime": "2024-02-27 23:07:08", "elapsed": 85.030711, "delta": 0.552253}}
{"target": -1.0878938261234552, "params": {"u": 0.8249791741732158, "x": 0.9732775637511057, "y": 4.111831796042978}, "datetime": {"datetime": "2024-02-27 23:07:08", "elapsed": 85.652005, "delta": 0.621294}}
{"target": -1.9074795583604036, "params": {"u": 0.7723669191589062, "x": -0.09966690571077663, "y": -3.848273671376814}, "datetime": {"datetime": "2024-02-27 23:07:09", "elapsed": 85.986784, "delta": 0.334779}}
{"target": 4.309255870354811, "params": {"u": 1.8948578332454307, "x": 1.8397251025269457, "y": 4.8454250164446915}, "datetime": {"datetime": "2024-02-27 23:07:09", "elapsed": 86.509481, "delta": 0.522697}}
{"target": 7.3636672290686676, "params": {"u": 1.9916548977524624, "x": -0.3832790065288787, "y": 4.493709975458319}, "datetime": {"datetime": "2024-02-27 23:07:10", "elapsed": 87.260999, "delta": 0.751518}}
{"target": 7.686644337586696, "params": {"u": 1.611974105042921, "x": 0.3266581025179409, "y": 4.298568601202007}, "datetime": {"datetime": "2024-02-27 23:07:10", "elapsed": 87.7763, "delta": 0.515301}}
{"target": 7.055286735550663, "params": {"u": 1.9221949391480888, "x": 0.4550224616612433, "y": -4.50437615374679}, "datetime": {"datetime": "2024-02-27 23:07:11", "elapsed": 88.542162, "delta": 0.765862}}
{"target": -4.54010127376085, "params": {"u": 0.17506874367514813, "x": 0.8562945837062106, "y": 0.6266131000418884}, "datetime": {"datetime": "2024-02-27 23:07:12", "elapsed": 89.28026, "delta": 0.738098}}
{"target": 9.029157945377506, "params": {"u": 1.983472147945473, "x": -0.15531624702997915, "y": 3.6816880749793253}, "datetime": {"datetime": "2024-02-27 23:07:13", "elapsed": 89.995501, "delta": 0.715241}}
{"target": -1.3744050863307358, "params": {"u": 0.13163035184893013, "x": -0.9510118171165813, "y": 3.8638777074695803}, "datetime": {"datetime": "2024-02-27 23:07:13", "elapsed": 90.700076, "delta": 0.704575}}
{"target": 6.8051816180501525, "params": {"u": 1.9222004807831683, "x": -0.5529126443724834, "y": -4.16861504192089}, "datetime": {"datetime": "2024-02-27 23:07:14", "elapsed": 91.633131, "delta": 0.933055}}
{"target": 4.447593328052594, "params": {"u": 1.6424847819907877, "x": 1.8777690422817601, "y": 3.9469622164008964}, "datetime": {"datetime": "2024-02-27 23:07:15", "elapsed": 92.269539, "delta": 0.636408}}
{"target": 9.64633465280491, "params": {"u": 1.9476306167354853, "x": -0.07476505515639031, "y": -2.021764313504754}, "datetime": {"datetime": "2024-02-27 23:07:16", "elapsed": 93.373901, "delta": 1.104362}}
{"target": 9.788044311943693, "params": {"u": 1.243963406573566, "x": 0.05098386271732114, "y": -2.233704835580954}, "datetime": {"datetime": "2024-02-27 23:07:17", "elapsed": 94.207752, "delta": 0.833851}}
{"target": -17.548006425650126, "params": {"u": 0.36611519908973555, "x": 2.2274289281552972, "y": -0.023162542206396353}, "datetime": {"datetime": "2024-02-27 23:07:18", "elapsed": 95.201226, "delta": 0.993474}}
{"target": 7.272454098109058, "params": {"u": 1.971455271095462, "x": -0.8645794420038984, "y": -2.7404889257463347}, "datetime": {"datetime": "2024-02-27 23:07:18", "elapsed": 95.829434, "delta": 0.628208}}
{"target": 8.152998224026675, "params": {"u": 1.9572182185763505, "x": -0.2605753717537249, "y": 1.1940596781103627}, "datetime": {"datetime": "2024-02-27 23:07:20", "elapsed": 97.08628, "delta": 1.256846}}
{"target": 9.879866987826308, "params": {"u": 1.9913510324724686, "x": 0.03257219056136673, "y": -0.9745896301836323}, "datetime": {"datetime": "2024-02-27 23:07:21", "elapsed": 98.062207, "delta": 0.975927}}
{"target": 7.273677259271992, "params": {"u": 1.9492240517613297, "x": 0.8649999700139729, "y": 1.67117168470568}, "datetime": {"datetime": "2024-02-27 23:07:22", "elapsed": 99.37522, "delta": 1.313013}}
{"target": 6.940008040935922, "params": {"u": 1.9928527717460243, "x": 0.49130969387939105, "y": -2.4535063837525817}, "datetime": {"datetime": "2024-02-27 23:07:23", "elapsed": 100.361694, "delta": 0.986474}}
{"target": -18.452161342121627, "params": {"u": 0.662419356569669, "x": -0.40548075545553974, "y": 2.2071123249039823}, "datetime": {"datetime": "2024-02-27 23:07:24", "elapsed": 101.13095, "delta": 0.769256}}
{"target": 7.459595689448822, "params": {"u": 1.9557378083087014, "x": 0.36508519980835663, "y": 1.1040079896899426}, "datetime": {"datetime": "2024-02-27 23:07:25", "elapsed": 101.979028, "delta": 0.848078}}
{"target": -2.760086786696469, "params": {"u": 0.8413292588109889, "x": 0.12081562345014385, "y": -3.730737125112636}, "datetime": {"datetime": "2024-02-27 23:07:26", "elapsed": 103.461184, "delta": 1.482156}}
{"target": 6.983251729066819, "params": {"u": 1.9310611266341382, "x": -0.4766878757667312, "y": 4.451875813565058}, "datetime": {"datetime": "2024-02-27 23:07:27", "elapsed": 104.3849, "delta": 0.923716}}
{"target": -27.745039752136336, "params": {"u": 0.2999431403388937, "x": 2.39750439600261, "y": -4.302082284478873}, "datetime": {"datetime": "2024-02-27 23:07:28", "elapsed": 104.97927, "delta": 0.59437}}
{"target": -17.563378364474797, "params": {"u": 0.3410330871354519, "x": -0.3829830253594846, "y": 4.097625198818445}, "datetime": {"datetime": "2024-02-27 23:07:28", "elapsed": 105.829417, "delta": 0.850147}}
{"target": 9.947380406124534, "params": {"u": 1.831888759564466, "x": -0.016152758452735227, "y": 4.802244580674971}, "datetime": {"datetime": "2024-02-27 23:07:29", "elapsed": 106.498666, "delta": 0.669249}}
{"target": -17.533066787634958, "params": {"u": 0.2740662832349958, "x": 0.6233381197650352, "y": -2.3263444149356918}, "datetime": {"datetime": "2024-02-27 23:07:30", "elapsed": 107.182219, "delta": 0.683553}}
{"target": -1.9377490782199018, "params": {"u": 0.4630816654585235, "x": 0.10048157805942637, "y": -3.1629170374537807}, "datetime": {"datetime": "2024-02-27 23:07:31", "elapsed": 107.969397, "delta": 0.787178}}
{"target": -9.096710264983244, "params": {"u": 0.19526330141534842, "x": 2.0653441792499736, "y": -0.6869001899061109}, "datetime": {"datetime": "2024-02-27 23:07:32", "elapsed": 108.886509, "delta": 0.917112}}
{"target": 9.031569436680062, "params": {"u": 1.9616896801643082, "x": 0.15503062036262172, "y": 1.8214042189274}, "datetime": {"datetime": "2024-02-27 23:07:32", "elapsed": 109.779617, "delta": 0.893108}}
{"target": -11.912703349383525, "params": {"u": 0.25472353319083596, "x": 1.7865966292261346, "y": -4.444127235758424}, "datetime": {"datetime": "2024-02-27 23:07:33", "elapsed": 110.669991, "delta": 0.890374}}
{"target": 4.606824754935513, "params": {"u": 1.7596343495597937, "x": 1.9758800679546251, "y": -0.7068070710800427}, "datetime": {"datetime": "2024-02-27 23:07:34", "elapsed": 111.728004, "delta": 1.058013}}
{"target": -21.862886961705378, "params": {"u": 0.6832407703021111, "x": 1.5934926677054646, "y": -3.246987095009326}, "datetime": {"datetime": "2024-02-27 23:07:35", "elapsed": 112.582738, "delta": 0.854734}}
{"target": 6.75083737943709, "params": {"u": 1.9849672938690746, "x": 0.6084969095949351, "y": -1.6967984442655606}, "datetime": {"datetime": "2024-02-27 23:07:36", "elapsed": 113.151253, "delta": 0.568515}}
{"target": 9.06837959840919, "params": {"u": 1.9741044942536046, "x": 0.15065910943154703, "y": 1.682089491740335}, "datetime": {"datetime": "2024-02-27 23:07:36", "elapsed": 113.785142, "delta": 0.633889}}
{"target": 9.854416678204014, "params": {"u": 1.9835191521904556, "x": 0.03802228063199736, "y": 1.756371822161798}, "datetime": {"datetime": "2024-02-27 23:07:37", "elapsed": 114.620992, "delta": 0.83585}}
{"target": 7.401904910599921, "params": {"u": 1.9698394887596435, "x": -0.9793076884818639, "y": 3.9237741318134827}, "datetime": {"datetime": "2024-02-27 23:07:38", "elapsed": 115.820079, "delta": 1.199087}}
{"target": -20.399905543915956, "params": {"u": 0.63663383668106, "x": 1.3845622437212204, "y": -4.413987191313469}, "datetime": {"datetime": "2024-02-27 23:07:40", "elapsed": 116.839054, "delta": 1.018975}}
{"target": 9.339970897667836, "params": {"u": 1.9844038889747078, "x": 0.11732413007834053, "y": 2.6765202284014213}, "datetime": {"datetime": "2024-02-27 23:07:41", "elapsed": 118.815076, "delta": 1.976022}}
{"target": 19.969963492638236, "params": {"u": 2.0, "x": 0.1733104363902032, "y": -2.939999157475071}, "datetime": {"datetime": "2024-02-27 23:07:43", "elapsed": 120.248077, "delta": 1.433001}}
{"target": 7.323337389387309, "params": {"u": 1.9889130659706524, "x": 0.3913750443204007, "y": 3.225447276303136}, "datetime": {"datetime": "2024-02-27 23:07:44", "elapsed": 121.583559, "delta": 1.335482}}
{"target": -18.05446926472553, "params": {"u": 0.8691000892178713, "x": 0.3949209952905526, "y": -4.809445226679687}, "datetime": {"datetime": "2024-02-27 23:07:45", "elapsed": 122.253545, "delta": 0.669986}}
{"target": 7.011102465344777, "params": {"u": 1.9955652184857862, "x": 0.46796628109062066, "y": -1.6312448708304417}, "datetime": {"datetime": "2024-02-27 23:07:46", "elapsed": 123.277382, "delta": 1.023837}}
{"target": 6.99061721845796, "params": {"u": 1.936565453597306, "x": 0.4743337994653891, "y": 4.742584430864982}, "datetime": {"datetime": "2024-02-27 23:07:47", "elapsed": 124.305802, "delta": 1.02842}}
{"target": 8.095620315499051, "params": {"u": 1.291103284421342, "x": 0.26806953195913463, "y": 2.205005218939199}, "datetime": {"datetime": "2024-02-27 23:07:48", "elapsed": 125.195774, "delta": 0.889972}}
{"target": 8.604659226852181, "params": {"u": 1.9491044687312677, "x": -0.20512759687177384, "y": -0.42820412039082534}, "datetime": {"datetime": "2024-02-27 23:07:49", "elapsed": 125.905604, "delta": 0.70983}}
{"target": 19.18007428894316, "params": {"u": 2.0, "x": 0.9054974936778334, "y": -5.0}, "datetime": {"datetime": "2024-02-27 23:07:50", "elapsed": 127.174943, "delta": 1.269339}}
{"target": 7.383865855182819, "params": {"u": 1.965205848624553, "x": 0.9902559741576225, "y": 2.947747339074783}, "datetime": {"datetime": "2024-02-27 23:07:51", "elapsed": 128.19536, "delta": 1.020417}}
{"target": 2.482420913534117, "params": {"u": 1.0439224430420901, "x": 2.1801840043133023, "y": 0.10381325253303952}, "datetime": {"datetime": "2024-02-27 23:07:52", "elapsed": 129.635228, "delta": 1.439868}}
{"target": -12.997959342161232, "params": {"u": 0.6651453686880273, "x": 2.9700116871508975, "y": 3.9868174007453856}, "datetime": {"datetime": "2024-02-27 23:07:53", "elapsed": 130.723762, "delta": 1.088534}}
{"target": 7.405489665692926, "params": {"u": 1.1861423430987086, "x": -0.9267823778221826, "y": 4.591960753158823}, "datetime": {"datetime": "2024-02-27 23:07:54", "elapsed": 131.586565, "delta": 0.862803}}
{"target": -20.289740595871628, "params": {"u": 0.6723286138661413, "x": 1.3821037024234966, "y": -3.8259667028441324}, "datetime": {"datetime": "2024-02-27 23:07:55", "elapsed": 132.356164, "delta": 0.769599}}
{"target": 3.9154257040827787, "params": {"u": 1.9149901588003988, "x": 1.4434385913734773, "y": 3.7693602064523457}, "datetime": {"datetime": "2024-02-27 23:07:56", "elapsed": 133.304184, "delta": 0.94802}}
{"target": 3.7164921878534365, "params": {"u": 1.1090472957086615, "x": 1.633478266448229, "y": 4.341231397922288}, "datetime": {"datetime": "2024-02-27 23:07:57", "elapsed": 134.190404, "delta": 0.88622}}
{"target": 9.2508863563218, "params": {"u": 1.9775781407384918, "x": -0.12853152436164583, "y": 3.82870408366443}, "datetime": {"datetime": "2024-02-27 23:07:58", "elapsed": 135.543919, "delta": 1.353515}}
{"target": 2.0290227627532396, "params": {"u": 1.1539209684143186, "x": 2.978871712146197, "y": 2.9597834426216485}, "datetime": {"datetime": "2024-02-27 23:07:59", "elapsed": 136.358601, "delta": 0.814682}}
{"target": 3.83263222103745, "params": {"u": 1.7025752935996274, "x": 1.4749539313286033, "y": 1.006058012782015}, "datetime": {"datetime": "2024-02-27 23:08:00", "elapsed": 137.22544, "delta": 0.866839}}
{"target": 19.862879427965986, "params": {"u": 2.0, "x": 0.3702979503508137, "y": -4.436468050133162}, "datetime": {"datetime": "2024-02-27 23:08:01", "elapsed": 138.597533, "delta": 1.372093}}
{"target": -13.027024330496642, "params": {"u": 0.5284454167521642, "x": -0.7093935982437833, "y": -1.802105363319928}, "datetime": {"datetime": "2024-02-27 23:08:03", "elapsed": 140.108307, "delta": 1.510774}}
{"target": 2.237273486126785, "params": {"u": 1.576811051511292, "x": 2.214603716337784, "y": -1.3651590966655789}, "datetime": {"datetime": "2024-02-27 23:08:04", "elapsed": 141.143321, "delta": 1.035014}}
{"target": -5.119014981392187, "params": {"u": 0.5199009054192649, "x": 0.8444869555384096, "y": -3.647643804367381}, "datetime": {"datetime": "2024-02-27 23:08:05", "elapsed": 142.017274, "delta": 0.873953}}
{"target": 7.429477980221275, "params": {"u": 1.9155846017687557, "x": -0.3706488244270205, "y": 0.29264579187174977}, "datetime": {"datetime": "2024-02-27 23:08:05", "elapsed": 142.778341, "delta": 0.761067}}
{"target": 7.129684029503807, "params": {"u": 1.9858221033309555, "x": -0.43518419684058873, "y": 4.339899710762177}, "datetime": {"datetime": "2024-02-27 23:08:06", "elapsed": 143.810044, "delta": 1.031703}}
{"target": 8.254335953167281, "params": {"u": 1.975205022241696, "x": 0.24764803038861638, "y": -2.8587771589777655}, "datetime": {"datetime": "2024-02-27 23:08:08", "elapsed": 144.988117, "delta": 1.178073}}
{"target": 19.983519452367716, "params": {"u": 2.0, "x": -0.12837658521819817, "y": 1.2195926405695439}, "datetime": {"datetime": "2024-02-27 23:08:09", "elapsed": 145.903334, "delta": 0.915217}}
{"target": -21.776855771921255, "params": {"u": 0.48564188101055894, "x": 1.5961750741379812, "y": -0.2628939672889796}, "datetime": {"datetime": "2024-02-27 23:08:09", "elapsed": 146.593626, "delta": 0.690292}}
{"target": 9.129340550750488, "params": {"u": 1.9250661562636415, "x": -0.14336334814017304, "y": 1.1818893927760747}, "datetime": {"datetime": "2024-02-27 23:08:10", "elapsed": 147.529798, "delta": 0.936172}}
{"target": 3.6989210710464633, "params": {"u": 1.7551065949384665, "x": 1.6041399963827407, "y": -0.1947443224037908}, "datetime": {"datetime": "2024-02-27 23:08:11", "elapsed": 148.500389, "delta": 0.970591}}
{"target": 19.979576516639746, "params": {"u": 2.0, "x": -0.1429107531302402, "y": -2.1270662716426565}, "datetime": {"datetime": "2024-02-27 23:08:13", "elapsed": 149.86587, "delta": 1.365481}}
{"target": 19.134364367056193, "params": {"u": 2.0, "x": 0.9303954175208546, "y": 3.1108664607886998}, "datetime": {"datetime": "2024-02-27 23:08:14", "elapsed": 151.245805, "delta": 1.379935}}
{"target": 7.1613228111833, "params": {"u": 1.4731721380664893, "x": -0.42734868195691256, "y": 2.876110276996897}, "datetime": {"datetime": "2024-02-27 23:08:15", "elapsed": 152.036185, "delta": 0.79038}}
{"target": 7.2194216602146675, "params": {"u": 1.96077340965616, "x": -0.4137237654808752, "y": 4.9459864239437845}, "datetime": {"datetime": "2024-02-27 23:08:16", "elapsed": 153.518842, "delta": 1.482657}}
{"target": 8.710602788352883, "params": {"u": 1.425881046833345, "x": 0.1926682562235995, "y": -2.7086008241922555}, "datetime": {"datetime": "2024-02-27 23:08:17", "elapsed": 154.568403, "delta": 1.049561}}
{"target": 6.7872524363130005, "params": {"u": 1.9697841059846455, "x": 0.5654303341730698, "y": -1.526445082290282}, "datetime": {"datetime": "2024-02-27 23:08:19", "elapsed": 156.485228, "delta": 1.916825}}
{"target": 7.203927255232177, "params": {"u": 1.9739731702418357, "x": -0.4172684587294291, "y": 3.1025908009334504}, "datetime": {"datetime": "2024-02-27 23:08:20", "elapsed": 157.665192, "delta": 1.179964}}
{"target": 1.865894127427966, "params": {"u": 1.572388577572398, "x": 2.270409900797109, "y": -3.5188328035486363}, "datetime": {"datetime": "2024-02-27 23:08:21", "elapsed": 158.697098, "delta": 1.031906}}
{"target": -9.989003900687083, "params": {"u": 0.4182981722390766, "x": 0.7593576556996777, "y": 0.4667600669817773}, "datetime": {"datetime": "2024-02-27 23:08:22", "elapsed": 159.442184, "delta": 0.745086}}
{"target": 19.796214960404367, "params": {"u": 2.0, "x": 0.45142556373740395, "y": -4.397073524635221}, "datetime": {"datetime": "2024-02-27 23:08:25", "elapsed": 161.959083, "delta": 2.516899}}
{"target": -29.284056156179457, "params": {"u": 0.7703884389637319, "x": 2.4411761551984177, "y": -2.608761108642584}, "datetime": {"datetime": "2024-02-27 23:08:26", "elapsed": 162.873621, "delta": 0.914538}}
{"target": -2.015781884575425, "params": {"u": 0.7137053238254476, "x": -0.1025559370846727, "y": -3.597130460445197}, "datetime": {"datetime": "2024-02-27 23:08:27", "elapsed": 164.008041, "delta": 1.13442}}
{"target": 1.0710225183395856, "params": {"u": 1.6336292970004995, "x": 2.459975791421249, "y": 1.7855181715211774}, "datetime": {"datetime": "2024-02-27 23:08:27", "elapsed": 164.691183, "delta": 0.683142}}
{"target": -15.323192925649167, "params": {"u": 0.47653761654642457, "x": 2.8717132522726727, "y": -0.5974505664518217}, "datetime": {"datetime": "2024-02-27 23:08:28", "elapsed": 165.479907, "delta": 0.788724}}
{"target": 19.9634638253727, "params": {"u": 2.0, "x": -0.1911443816263035, "y": -2.0462577986069914}, "datetime": {"datetime": "2024-02-27 23:08:29", "elapsed": 166.767748, "delta": 1.287841}}
{"target": -3.818184899687459, "params": {"u": 0.8794683614934133, "x": 0.872130264685409, "y": -2.8457942886519314}, "datetime": {"datetime": "2024-02-27 23:08:30", "elapsed": 167.211486, "delta": 0.443738}}
{"target": 19.940892616200586, "params": {"u": 2.0, "x": 0.24312010159469108, "y": 1.0204609560709783}, "datetime": {"datetime": "2024-02-27 23:08:31", "elapsed": 168.44028, "delta": 1.228794}}
{"target": -1.0320197851947732, "params": {"u": 0.0006290572484008994, "x": 0.9812771739475741, "y": -1.4395029015720717}, "datetime": {"datetime": "2024-02-27 23:08:32", "elapsed": 169.556584, "delta": 1.116304}}
{"target": 3.70282923206463, "params": {"u": 1.0524858423750154, "x": 1.6141586871446316, "y": -3.0123794384975575}, "datetime": {"datetime": "2024-02-27 23:08:33", "elapsed": 170.503878, "delta": 0.947294}}
{"target": 7.2113546049831285, "params": {"u": 1.418331484398706, "x": 0.8445669894612564, "y": -0.6181477815765515}, "datetime": {"datetime": "2024-02-27 23:08:34", "elapsed": 171.606949, "delta": 1.103071}}
{"target": 9.919469924949638, "params": {"u": 1.74485337296009, "x": -0.02335816563957005, "y": 1.4084376607481284}, "datetime": {"datetime": "2024-02-27 23:08:35", "elapsed": 172.471584, "delta": 0.864635}}
{"target": 7.250884711329867, "params": {"u": 1.9856994270240267, "x": 0.8573153502986179, "y": 3.0491908005482955}, "datetime": {"datetime": "2024-02-27 23:08:37", "elapsed": 174.013962, "delta": 1.542378}}
{"target": -1.0355066418545888, "params": {"u": 0.4079519212222207, "x": -0.9806473185947748, "y": 2.626123123957303}, "datetime": {"datetime": "2024-02-27 23:08:38", "elapsed": 175.374508, "delta": 1.360546}}
{"target": 8.664522321894392, "params": {"u": 1.9425345322501508, "x": -0.19807530279907848, "y": 1.3198484956739556}, "datetime": {"datetime": "2024-02-27 23:08:40", "elapsed": 177.110077, "delta": 1.735569}}
{"target": -11.343575272912199, "params": {"u": 0.19756709067737854, "x": 0.7372534634983272, "y": 4.368934069365016}, "datetime": {"datetime": "2024-02-27 23:08:41", "elapsed": 178.683194, "delta": 1.573117}}
{"target": 6.776620958519647, "params": {"u": 1.9823666293399131, "x": 0.5742151993626052, "y": -2.3291867537498634}, "datetime": {"datetime": "2024-02-27 23:08:43", "elapsed": 180.515618, "delta": 1.832424}}
{"target": 4.50874277555695, "params": {"u": 1.640459081046133, "x": 1.897760649124674, "y": -2.1210792652978174}, "datetime": {"datetime": "2024-02-27 23:08:44", "elapsed": 181.753484, "delta": 1.237866}}
{"target": 19.7098985896519, "params": {"u": 2.0, "x": -0.5386106296278428, "y": 3.225449654794196}, "datetime": {"datetime": "2024-02-27 23:08:46", "elapsed": 183.159748, "delta": 1.406264}}
{"target": 19.5723162693467, "params": {"u": 2.0, "x": 0.6539753287802987, "y": -2.46412073562422}, "datetime": {"datetime": "2024-02-27 23:08:48", "elapsed": 185.24535, "delta": 2.085602}}
{"target": -8.135756666471053, "params": {"u": 0.5222089714110865, "x": 2.017959148170452, "y": -1.4927509188160135}, "datetime": {"datetime": "2024-02-27 23:08:49", "elapsed": 186.470524, "delta": 1.225174}}
{"target": -13.326153206290346, "params": {"u": 0.16737507188538192, "x": -0.30242461413441823, "y": -4.0577119688993}, "datetime": {"datetime": "2024-02-27 23:08:50", "elapsed": 187.101332, "delta": 0.630808}}
{"target": 6.963789041197064, "params": {"u": 1.1873239266234858, "x": 0.48308931151850665, "y": 4.376917340105248}, "datetime": {"datetime": "2024-02-27 23:08:51", "elapsed": 188.08049, "delta": 0.979158}}
