{"target": -8.563589848135678, "params": {"u": 0.9456940349645404, "x": 2.0442785447857155, "y": -1.7473528532782199}, "datetime": {"datetime": "2024-02-27 23:11:32", "elapsed": 349.256038, "delta": 1.253206}}
{"target": -27.416305563148665, "params": {"u": 0.09649376599823545, "x": 2.389979326587793, "y": 1.8839813582820275}, "datetime": {"datetime": "2024-02-27 23:11:33", "elapsed": 350.531928, "delta": 1.27589}}
{"target": 3.7714142036315152, "params": {"u": 1.8086533246712388, "x": 1.5053016101663275, "y": 0.1786711077943295}, "datetime": {"datetime": "2024-02-27 23:11:35", "elapsed": 352.077845, "delta": 1.545917}}
{"target": -16.24978916439495, "params": {"u": 0.9010573822514873, "x": 2.8498861081793923, "y": 0.6251055743570113}, "datetime": {"datetime": "2024-02-27 23:11:36", "elapsed": 353.433613, "delta": 1.355768}}
{"target": 7.406497020186137, "params": {"u": 1.1775078819155722, "x": 0.9756796030997634, "y": -3.0819140289106595}, "datetime": {"datetime": "2024-02-27 23:11:37", "elapsed": 354.427109, "delta": 0.993496}}
{"target": 7.419630539467857, "params": {"u": 1.944623767980131, "x": -0.9564666128279256, "y": 3.727895986384631}, "datetime": {"datetime": "2024-02-27 23:11:40", "elapsed": 357.363256, "delta": 2.936147}}
{"target": 4.053019457728066, "params": {"u": 1.9278533348915026, "x": 1.402482672406952, "y": -3.4852313294503614}, "datetime": {"datetime": "2024-02-27 23:11:42", "elapsed": 359.485539, "delta": 2.122283}}
{"target": -30.275074985131713, "params": {"u": 0.939718241063692, "x": 2.506866802666061, "y": 4.942697517055478}, "datetime": {"datetime": "2024-02-27 23:11:43", "elapsed": 360.682013, "delta": 1.196474}}
{"target": 9.491816356441763, "params": {"u": 1.1617055142812094, "x": -0.0972314588939005, "y": 1.5236681243661163}, "datetime": {"datetime": "2024-02-27 23:11:45", "elapsed": 362.043306, "delta": 1.361293}}
{"target": 7.332853425063551, "params": {"u": 1.9843298515841232, "x": -0.8870199725812489, "y": 2.6537493513275994}, "datetime": {"datetime": "2024-02-27 23:11:48", "elapsed": 364.861672, "delta": 2.818366}}
{"target": 19.71339581614196, "params": {"u": 2.0, "x": -0.5353542601474656, "y": 5.0}, "datetime": {"datetime": "2024-02-27 23:11:50", "elapsed": 367.534405, "delta": 2.672733}}
{"target": -1.4160799525789507, "params": {"u": 0.6355438748938109, "x": -0.948641417093842, "y": -1.4823457713110786}, "datetime": {"datetime": "2024-02-27 23:11:51", "elapsed": 368.734612, "delta": 1.200207}}
{"target": 7.33550841496502, "params": {"u": 1.9863001471932056, "x": -0.888115541482501, "y": 4.970122653619235}, "datetime": {"datetime": "2024-02-27 23:11:54", "elapsed": 370.854251, "delta": 2.119639}}
{"target": 3.806408125996569, "params": {"u": 1.9672439566747644, "x": 1.4868863122509377, "y": -1.2601435712511622}, "datetime": {"datetime": "2024-02-27 23:11:55", "elapsed": 372.497225, "delta": 1.642974}}
{"target": 18.0, "params": {"u": 2.0, "x": -1.0, "y": -3.322308235795904}, "datetime": {"datetime": "2024-02-27 23:11:58", "elapsed": 375.026561, "delta": 2.529336}}
{"target": 7.014517939234711, "params": {"u": 1.3799476429881627, "x": 0.7835748996580172, "y": -4.651493264758436}, "datetime": {"datetime": "2024-02-27 23:11:59", "elapsed": 376.383802, "delta": 1.357241}}
{"target": -16.221698935222285, "params": {"u": 0.25559471133288514, "x": -0.6515821474779884, "y": -0.14339213653036964}, "datetime": {"datetime": "2024-02-27 23:12:01", "elapsed": 378.079096, "delta": 1.695294}}
{"target": -11.590566864795614, "params": {"u": 0.5747758312691775, "x": 1.2350988082209224, "y": -4.272090278972072}, "datetime": {"datetime": "2024-02-27 23:12:02", "elapsed": 379.594818, "delta": 1.515722}}
{"target": -0.15806448877889068, "params": {"u": 0.7606982745167064, "x": -0.028263302844235838, "y": -4.799277830312247}, "datetime": {"datetime": "2024-02-27 23:12:03", "elapsed": 380.724156, "delta": 1.129338}}
{"target": 6.314578006482439, "params": {"u": 1.948455022686907, "x": 1.0257391047552282, "y": 3.718493006532116}, "datetime": {"datetime": "2024-02-27 23:12:06", "elapsed": 382.843719, "delta": 2.119563}}
{"target": 4.118347445580078, "params": {"u": 1.9147156939521754, "x": 1.385979231222286, "y": -3.6752310272297706}, "datetime": {"datetime": "2024-02-27 23:12:08", "elapsed": 385.066381, "delta": 2.222662}}
{"target": 18.0, "params": {"u": 2.0, "x": -1.0, "y": -3.5964288527931885}, "datetime": {"datetime": "2024-02-27 23:12:11", "elapsed": 387.92574, "delta": 2.859359}}
{"target": 7.41979457990848, "params": {"u": 1.9057664824251472, "x": -0.9555787307011001, "y": -3.303603664469452}, "datetime": {"datetime": "2024-02-27 23:12:13", "elapsed": 390.339195, "delta": 2.413455}}
{"target": 9.888226641059951, "params": {"u": 1.695992948749755, "x": 0.03070861232088662, "y": 2.4463962114630213}, "datetime": {"datetime": "2024-02-27 23:12:15", "elapsed": 392.337161, "delta": 1.997966}}
{"target": 9.903756396938853, "params": {"u": 1.991133920637961, "x": 0.02713650886450303, "y": 1.3879837006781734}, "datetime": {"datetime": "2024-02-27 23:12:18", "elapsed": 394.891588, "delta": 2.554427}}
{"target": 7.047066280895656, "params": {"u": 1.8720951959321936, "x": 0.7939410949587744, "y": 1.4522651898942796}, "datetime": {"datetime": "2024-02-27 23:12:21", "elapsed": 398.202249, "delta": 3.310661}}
{"target": 7.3568838511055645, "params": {"u": 1.9937442969129888, "x": 0.8974848662395947, "y": -2.7220789816671633}, "datetime": {"datetime": "2024-02-27 23:12:23", "elapsed": 400.677731, "delta": 2.475482}}
{"target": 4.217330417881829, "params": {"u": 1.9742070444945554, "x": 1.8163138594292185, "y": 4.46017612064389}, "datetime": {"datetime": "2024-02-27 23:12:26", "elapsed": 403.144936, "delta": 2.467205}}
{"target": 0.9547148269816095, "params": {"u": 1.8964295092796786, "x": 2.593122238958508, "y": -3.9205030690657905}, "datetime": {"datetime": "2024-02-27 23:12:27", "elapsed": 404.229188, "delta": 1.084252}}
{"target": 1.1537334451749093, "params": {"u": 1.32339321899144, "x": 2.7082636145813663, "y": 4.3203053492381756}, "datetime": {"datetime": "2024-02-27 23:12:28", "elapsed": 405.578887, "delta": 1.349699}}
{"target": 6.374615061559638, "params": {"u": 1.8868517256221973, "x": -1.0, "y": -3.665614349524386}, "datetime": {"datetime": "2024-02-27 23:12:31", "elapsed": 408.405502, "delta": 2.826615}}
{"target": 3.9383155568801875, "params": {"u": 1.876671780742654, "x": 1.740234854476784, "y": -0.9229435530216978}, "datetime": {"datetime": "2024-02-27 23:12:32", "elapsed": 409.691975, "delta": 1.286473}}
{"target": 19.958238728511525, "params": {"u": 2.0, "x": -0.20435574738303103, "y": -0.8616803948397277}, "datetime": {"datetime": "2024-02-27 23:12:35", "elapsed": 411.909884, "delta": 2.217909}}
{"target": 9.56305444759932, "params": {"u": 1.33043698158667, "x": 0.08719723676273006, "y": -3.5166428367030367}, "datetime": {"datetime": "2024-02-27 23:12:36", "elapsed": 413.494755, "delta": 1.584871}}
{"target": 4.551262867989557, "params": {"u": 1.1613311089846805, "x": 1.3004808884059393, "y": 3.3479194085730555}, "datetime": {"datetime": "2024-02-27 23:12:37", "elapsed": 414.456518, "delta": 0.961763}}
{"target": 3.748779576035524, "params": {"u": 1.8585505595553717, "x": 1.519632280773335, "y": 4.986607727141756}, "datetime": {"datetime": "2024-02-27 23:12:39", "elapsed": 416.370518, "delta": 1.914}}
{"target": 7.880396982721081, "params": {"u": 1.9836145407307746, "x": -0.2975890741438949, "y": -0.9050799525549191}, "datetime": {"datetime": "2024-02-27 23:12:42", "elapsed": 419.318646, "delta": 2.948128}}
{"target": 4.137751864321949, "params": {"u": 1.3280903619048425, "x": 1.381341264767757, "y": 3.4119743923251864}, "datetime": {"datetime": "2024-02-27 23:12:44", "elapsed": 420.919804, "delta": 1.601158}}
{"target": 2.051567906540395, "params": {"u": 1.927099665392704, "x": 2.2416490785665215, "y": -4.733266736970085}, "datetime": {"datetime": "2024-02-27 23:12:45", "elapsed": 422.236395, "delta": 1.316591}}
{"target": 8.556287751094452, "params": {"u": 1.9923208648435702, "x": 0.21085676003316278, "y": 1.251961233791107}, "datetime": {"datetime": "2024-02-27 23:12:48", "elapsed": 425.039129, "delta": 2.802734}}
{"target": 6.820478059930807, "params": {"u": 1.24675673662447, "x": -0.7064404140738452, "y": -0.12726223178022167}, "datetime": {"datetime": "2024-02-27 23:12:49", "elapsed": 426.675644, "delta": 1.636515}}
{"target": 4.108429242808938, "params": {"u": 1.88478914127924, "x": 1.7884198112556668, "y": -2.043314886018497}, "datetime": {"datetime": "2024-02-27 23:12:53", "elapsed": 429.995884, "delta": 3.32024}}
{"target": 3.7640408476837095, "params": {"u": 1.378062084429435, "x": 1.5096986929836569, "y": -3.6606839246980263}, "datetime": {"datetime": "2024-02-27 23:12:54", "elapsed": 431.375141, "delta": 1.379257}}
{"target": 6.803218610888337, "params": {"u": 1.1340390459480656, "x": -0.5541800551760216, "y": 0.28533468997445866}, "datetime": {"datetime": "2024-02-27 23:12:56", "elapsed": 432.902236, "delta": 1.527095}}
{"target": -8.247541863665123, "params": {"u": 0.023765003571852406, "x": 2.0266752301555773, "y": 3.730422404381395}, "datetime": {"datetime": "2024-02-27 23:12:57", "elapsed": 434.408456, "delta": 1.50622}}
{"target": -21.75282558651237, "params": {"u": 0.22001205454753636, "x": 1.59691161161249, "y": 0.663127835101676}, "datetime": {"datetime": "2024-02-27 23:12:59", "elapsed": 436.223835, "delta": 1.815379}}
{"target": 0.9842704666231565, "params": {"u": 1.1732018807866285, "x": 2.5114112124493544, "y": -0.417792678248019}, "datetime": {"datetime": "2024-02-27 23:13:01", "elapsed": 438.026254, "delta": 1.802419}}
{"target": 4.990361216853266, "params": {"u": 1.9950760201551325, "x": 1.23417887263679, "y": -2.2630819307180428}, "datetime": {"datetime": "2024-02-27 23:13:02", "elapsed": 439.567795, "delta": 1.541541}}
{"target": 16.45942249971853, "params": {"u": 2.0, "x": 1.5939189127058722, "y": 4.354387640031781}, "datetime": {"datetime": "2024-02-27 23:13:06", "elapsed": 442.831964, "delta": 3.264169}}
{"target": 6.764692425814808, "params": {"u": 1.9839572385117799, "x": -0.5862582458198484, "y": 4.307259897873772}, "datetime": {"datetime": "2024-02-27 23:13:07", "elapsed": 444.521782, "delta": 1.689818}}
{"target": -22.53319896907176, "params": {"u": 0.41619441837157334, "x": 1.446522108511179, "y": -1.8990451236011117}, "datetime": {"datetime": "2024-02-27 23:13:09", "elapsed": 446.194557, "delta": 1.672775}}
{"target": 3.995287999573783, "params": {"u": 1.0044281773167807, "x": 1.7574363694902, "y": -2.330238558023413}, "datetime": {"datetime": "2024-02-27 23:13:10", "elapsed": 447.415561, "delta": 1.221004}}
{"target": -20.033415150373152, "params": {"u": 0.7045934716097069, "x": -0.5359346172613293, "y": -1.673312840079105}, "datetime": {"datetime": "2024-02-27 23:13:12", "elapsed": 448.837618, "delta": 1.422057}}
{"target": -22.790892710053548, "params": {"u": 0.502581096953653, "x": 2.3064220411211616, "y": 0.25393066525555774}, "datetime": {"datetime": "2024-02-27 23:13:13", "elapsed": 450.088384, "delta": 1.250766}}
{"target": -11.783101032825646, "params": {"u": 0.27460493532106134, "x": 0.7300514360212027, "y": -3.6316987549373945}, "datetime": {"datetime": "2024-02-27 23:13:15", "elapsed": 451.998305, "delta": 1.909921}}
{"target": -7.103563269502962, "params": {"u": 0.14911180652220768, "x": 0.2025489607549522, "y": 2.4114914896832094}, "datetime": {"datetime": "2024-02-27 23:13:17", "elapsed": 454.028652, "delta": 2.030347}}
{"target": -19.14381051052382, "params": {"u": 0.4148111321612187, "x": -0.4268282839612305, "y": -4.779142625304223}, "datetime": {"datetime": "2024-02-27 23:13:19", "elapsed": 456.027767, "delta": 1.999115}}
{"target": 8.073596927247827, "params": {"u": 1.0472400329301448, "x": 0.27098339001076166, "y": -2.641742249409366}, "datetime": {"datetime": "2024-02-27 23:13:20", "elapsed": 457.369644, "delta": 1.341877}}
{"target": 8.392209250703413, "params": {"u": 1.9236838387105772, "x": -0.23058304640931748, "y": -0.7580150151071425}, "datetime": {"datetime": "2024-02-27 23:13:23", "elapsed": 460.049433, "delta": 2.679789}}
{"target": -5.039335292117933, "params": {"u": 0.8985684907753388, "x": 1.9725478509575147, "y": 3.8354702688327453}, "datetime": {"datetime": "2024-02-27 23:13:24", "elapsed": 461.246012, "delta": 1.196579}}
{"target": 7.256199905500239, "params": {"u": 1.9536749803709417, "x": -0.8590808395067988, "y": -1.978145996354944}, "datetime": {"datetime": "2024-02-27 23:13:26", "elapsed": 463.790128, "delta": 2.544116}}
{"target": 2.596944386707989, "params": {"u": 1.9082605377058341, "x": 2.1641666260044707, "y": -3.576070211972191}, "datetime": {"datetime": "2024-02-27 23:13:29", "elapsed": 465.942185, "delta": 2.152057}}
{"target": 3.8618345968441794, "params": {"u": 1.9349993127498808, "x": 1.714076663134248, "y": 4.276276490993107}, "datetime": {"datetime": "2024-02-27 23:13:32", "elapsed": 469.660149, "delta": 3.717964}}
{"target": 3.8038554038927046, "params": {"u": 1.9867260537750444, "x": 1.6901109225272757, "y": -3.0594610870716}, "datetime": {"datetime": "2024-02-27 23:13:34", "elapsed": 471.486465, "delta": 1.826316}}
{"target": 4.536304973379089, "params": {"u": 1.79032712904542, "x": 1.908290222527656, "y": 1.9179052673086883}, "datetime": {"datetime": "2024-02-27 23:13:35", "elapsed": 472.787058, "delta": 1.300593}}
{"target": 9.996653494971994, "params": {"u": 1.5083581550446563, "x": -0.0011702747112707357, "y": -0.09274291520870115}, "datetime": {"datetime": "2024-02-27 23:13:37", "elapsed": 474.714202, "delta": 1.927144}}
{"target": 7.256671518571228, "params": {"u": 1.9816481272727011, "x": 0.4054418290117745, "y": -4.284462084897962}, "datetime": {"datetime": "2024-02-27 23:13:40", "elapsed": 477.320979, "delta": 2.606777}}
{"target": 4.333804474151236, "params": {"u": 1.995208638244404, "x": 1.846110744787274, "y": 2.6454204133788455}, "datetime": {"datetime": "2024-02-27 23:13:42", "elapsed": 478.886743, "delta": 1.565764}}
{"target": 7.0642149833575765, "params": {"u": 1.862457996458142, "x": 0.7992970604259275, "y": 1.090269387615061}, "datetime": {"datetime": "2024-02-27 23:13:44", "elapsed": 481.120405, "delta": 2.233662}}
{"target": 19.999811233787693, "params": {"u": 2.0, "x": -0.013739221677584307, "y": -2.1732111535774368}, "datetime": {"datetime": "2024-02-27 23:13:47", "elapsed": 483.840027, "delta": 2.719622}}
{"target": -3.1729673052706673, "params": {"u": 0.07794706248962457, "x": -0.8877726170774758, "y": -3.596422501793215}, "datetime": {"datetime": "2024-02-27 23:13:47", "elapsed": 484.67043, "delta": 0.830403}}
{"target": 4.845188119097248, "params": {"u": 1.8076333154114907, "x": 1.254850764779441, "y": -1.551035009775017}, "datetime": {"datetime": "2024-02-27 23:13:49", "elapsed": 486.12662, "delta": 1.45619}}
{"target": 19.993624067892334, "params": {"u": 2.0, "x": -0.07984943398463616, "y": -2.2820706477343085}, "datetime": {"datetime": "2024-02-27 23:13:50", "elapsed": 487.748103, "delta": 1.621483}}
{"target": -14.095238047438254, "params": {"u": 0.30173998667579993, "x": 2.1734136289696973, "y": -3.8961008837504485}, "datetime": {"datetime": "2024-02-27 23:13:52", "elapsed": 488.928272, "delta": 1.180169}}
{"target": 9.66602485261572, "params": {"u": 1.8965927677375547, "x": -0.07168796473731875, "y": -2.2258968716025263}, "datetime": {"datetime": "2024-02-27 23:13:55", "elapsed": 492.554484, "delta": 3.626212}}
{"target": 19.54894074683785, "params": {"u": 2.0, "x": -0.6716094498755579, "y": 3.276708998153416}, "datetime": {"datetime": "2024-02-27 23:13:59", "elapsed": 496.004082, "delta": 3.449598}}
{"target": -7.034108339477074, "params": {"u": 0.10555205248590394, "x": -0.20139898135216772, "y": 1.0784170282448393}, "datetime": {"datetime": "2024-02-27 23:14:00", "elapsed": 497.651152, "delta": 1.64707}}
{"target": -19.793094337666588, "params": {"u": 0.7466863271273734, "x": -0.4540936474865078, "y": 4.898233379354924}, "datetime": {"datetime": "2024-02-27 23:14:01", "elapsed": 498.709153, "delta": 1.058001}}
{"target": 6.76599284333081, "params": {"u": 1.9578464625005398, "x": -0.6663471299138966, "y": 3.4433097873817626}, "datetime": {"datetime": "2024-02-27 23:14:04", "elapsed": 500.894441, "delta": 2.185288}}
{"target": 6.75798774909196, "params": {"u": 1.8768279231878155, "x": -0.6563321002206961, "y": 3.2895277752944185}, "datetime": {"datetime": "2024-02-27 23:14:06", "elapsed": 503.673426, "delta": 2.778985}}
{"target": 19.998229021071598, "params": {"u": 2.0, "x": -0.04208300046815346, "y": 1.0046368006574522}, "datetime": {"datetime": "2024-02-27 23:14:11", "elapsed": 508.106656, "delta": 4.43323}}
{"target": 9.49995951495529, "params": {"u": 1.997487610100028, "x": 0.0961077877359755, "y": -2.3224069833816263}, "datetime": {"datetime": "2024-02-27 23:14:13", "elapsed": 510.61418, "delta": 2.507524}}
{"target": 16.33698969680182, "params": {"u": 2.0, "x": 1.6318732497342379, "y": -1.8474453218700813}, "datetime": {"datetime": "2024-02-27 23:14:16", "elapsed": 513.605365, "delta": 2.991185}}
{"target": 7.5726964633424245, "params": {"u": 1.8291924335631837, "x": 0.34523901414450675, "y": -3.3821435616793094}, "datetime": {"datetime": "2024-02-27 23:14:18", "elapsed": 515.439562, "delta": 1.834197}}
{"target": 6.747856392765893, "params": {"u": 1.1664967570089824, "x": -0.6311865823437066, "y": -2.091694555723377}, "datetime": {"datetime": "2024-02-27 23:14:20", "elapsed": 517.142845, "delta": 1.703283}}
{"target": 19.994956651651023, "params": {"u": 2.0, "x": 0.07101653574327464, "y": 0.9377799421885138}, "datetime": {"datetime": "2024-02-27 23:14:24", "elapsed": 521.173732, "delta": 4.030887}}
{"target": -23.259440195370978, "params": {"u": 0.015613714536181211, "x": 1.5044332712962176, "y": 2.7295678918072888}, "datetime": {"datetime": "2024-02-27 23:14:26", "elapsed": 522.928091, "delta": 1.754359}}
{"target": 15.841788558522454, "params": {"u": 2.0, "x": 1.7771357408699948, "y": -1.813252629692294}, "datetime": {"datetime": "2024-02-27 23:14:29", "elapsed": 525.854816, "delta": 2.926725}}
{"target": 16.43471109797901, "params": {"u": 2.0, "x": 1.6016519291097517, "y": 4.498426192857972}, "datetime": {"datetime": "2024-02-27 23:14:31", "elapsed": 528.182563, "delta": 2.327747}}
{"target": 19.997880908253986, "params": {"u": 2.0, "x": -0.04603359366826301, "y": 0.8566502119177658}, "datetime": {"datetime": "2024-02-27 23:14:34", "elapsed": 531.498516, "delta": 3.315953}}
{"target": 7.378687408285465, "params": {"u": 1.282133854359613, "x": -0.3803356722719444, "y": 1.15035883895637}, "datetime": {"datetime": "2024-02-27 23:14:36", "elapsed": 532.853384, "delta": 1.354868}}
{"target": 9.574685868828002, "params": {"u": 1.8505934065919407, "x": -0.08551102781239406, "y": 0.8544538246219693}, "datetime": {"datetime": "2024-02-27 23:14:38", "elapsed": 535.274315, "delta": 2.420931}}
{"target": 9.827344642827597, "params": {"u": 1.9538517250468599, "x": 0.04350217108241328, "y": 0.8217677218226811}, "datetime": {"datetime": "2024-02-27 23:14:41", "elapsed": 538.113721, "delta": 2.839406}}
{"target": 19.970017111131778, "params": {"u": 2.0, "x": -0.1731556781287332, "y": 0.9288202091050618}, "datetime": {"datetime": "2024-02-27 23:14:43", "elapsed": 540.210613, "delta": 2.096892}}
{"target": -16.793930414796073, "params": {"u": 0.2680337321016668, "x": 0.3659969694174703, "y": -3.760862015583031}, "datetime": {"datetime": "2024-02-27 23:14:44", "elapsed": 541.795756, "delta": 1.585143}}
{"target": 7.398696693459602, "params": {"u": 1.0946466833959128, "x": 0.9212513383779509, "y": 4.60035631465143}, "datetime": {"datetime": "2024-02-27 23:14:48", "elapsed": 544.925305, "delta": 3.129549}}
{"target": 6.374615061559638, "params": {"u": 1.851659776660763, "x": -1.0, "y": 5.0}, "datetime": {"datetime": "2024-02-27 23:14:52", "elapsed": 548.897522, "delta": 3.972217}}
{"target": 3.7271537657353875, "params": {"u": 1.9026865956228807, "x": 1.6438136482436865, "y": -1.6911809871927899}, "datetime": {"datetime": "2024-02-27 23:14:55", "elapsed": 552.059784, "delta": 3.162262}}
{"target": 7.09247803566879, "params": {"u": 1.2198270215170737, "x": -0.4448342974199071, "y": 0.0957439814289156}, "datetime": {"datetime": "2024-02-27 23:14:57", "elapsed": 554.665854, "delta": 2.60607}}
{"target": 4.35999972422475, "params": {"u": 1.6365378458019604, "x": 1.853044514852701, "y": -1.1648210111890545}, "datetime": {"datetime": "2024-02-27 23:15:00", "elapsed": 556.836694, "delta": 2.17084}}
{"target": -11.829090823646546, "params": {"u": 0.011346617588712471, "x": 1.2387631862711612, "y": 4.0776799040154295}, "datetime": {"datetime": "2024-02-27 23:15:01", "elapsed": 558.818254, "delta": 1.98156}}
{"target": -13.833140166539575, "params": {"u": 0.5102570459829929, "x": -0.31094612998848525, "y": -0.16372194170279553}, "datetime": {"datetime": "2024-02-27 23:15:03", "elapsed": 559.992106, "delta": 1.173852}}
{"target": 4.326135663459748, "params": {"u": 1.7910160433917, "x": 1.844105799157758, "y": -2.554793024475291}, "datetime": {"datetime": "2024-02-27 23:15:04", "elapsed": 561.209556, "delta": 1.21745}}
{"target": 19.56668759857138, "params": {"u": 2.0, "x": 0.6582646894894314, "y": -2.7538001395289964}, "datetime": {"datetime": "2024-02-27 23:15:06", "elapsed": 563.180111, "delta": 1.970555}}
{"target": 6.75056532030338, "params": {"u": 1.8555370925701622, "x": 0.6422611177596869, "y": -2.6693910563595082}, "datetime": {"datetime": "2024-02-27 23:15:09", "elapsed": 565.850809, "delta": 2.670698}}
{"target": 19.96541229083633, "params": {"u": 2.0, "x": -0.1859777114701361, "y": 0.7869207976166676}, "datetime": {"datetime": "2024-02-27 23:15:11", "elapsed": 568.440815, "delta": 2.590006}}
{"target": -15.036387660459997, "params": {"u": 0.1645297656796969, "x": 1.2881957620631854, "y": 4.987131629440743}, "datetime": {"datetime": "2024-02-27 23:15:13", "elapsed": 570.155355, "delta": 1.71454}}
