{"target": -0.7306494052090691, "params": {"colsample_bytree": 0.8057191433250863, "learning_rate": 0.3144534621977152, "max_bin_exp": 7.824706204245766, "max_depth": 3.9408451928731303, "n_estimators": 4515.346850772439, "reg_alpha": 2.1556765322203555, "reg_lambda": 1.1603013518738796}, "datetime": {"datetime": "2024-02-19 16:14:35", "elapsed": 647.678171, "delta": 2.99469}}
{"target": -0.7017628084911283, "params": {"colsample_bytree": 0.7422057418014643, "learning_rate": 0.4437956410567474, "max_bin_exp": 8.102632802402905, "max_depth": 3.441793910930257, "n_estimators": 2064.2457366914405, "reg_alpha": 1.7333403041165825, "reg_lambda": 2.0824500347727164}, "datetime": {"datetime": "2024-02-19 16:14:36", "elapsed": 649.134656, "delta": 1.456485}}
{"target": -0.7917735879781663, "params": {"colsample_bytree": 0.3478347644754265, "learning_rate": 0.425798184897816, "max_bin_exp": 7.748456842665532, "max_depth": 4.007671176333524, "n_estimators": 2590.748924355463, "reg_alpha": 0.4618318894919242, "reg_lambda": 2.203985975169092}, "datetime": {"datetime": "2024-02-19 16:14:38", "elapsed": 651.096633, "delta": 1.961977}}
{"target": -0.6429322677289312, "params": {"colsample_bytree": 1.0, "learning_rate": 0.37548069630421466, "max_bin_exp": 9.04655735792051, "max_depth": 4.32675673290116, "n_estimators": 2595.1208914567987, "reg_alpha": 0.2820565547937366, "reg_lambda": 0.21185107090851915}, "datetime": {"datetime": "2024-02-19 16:14:41", "elapsed": 653.239211, "delta": 2.142578}}
{"target": -0.6175788242908427, "params": {"colsample_bytree": 0.7322405390028, "learning_rate": 0.2295556568538085, "max_bin_exp": 8.283323058295625, "max_depth": 5.3093919545957995, "n_estimators": 2193.344145958891, "reg_alpha": 2.535083819370241, "reg_lambda": 2.702401735272176}, "datetime": {"datetime": "2024-02-19 16:14:43", "elapsed": 655.468333, "delta": 2.229122}}
{"target": -0.6370470269332627, "params": {"colsample_bytree": 1.0, "learning_rate": 0.37531705614106353, "max_bin_exp": 8.667269261005755, "max_depth": 5.316095632184861, "n_estimators": 4514.751084314209, "reg_alpha": 2.3400207249108167, "reg_lambda": 2.4711062757920854}, "datetime": {"datetime": "2024-02-19 16:14:48", "elapsed": 660.511493, "delta": 5.04316}}
{"target": -0.7002542780909766, "params": {"colsample_bytree": 0.7302289453229898, "learning_rate": 0.4281639342432229, "max_bin_exp": 8.826575836938122, "max_depth": 3.5805216867357132, "n_estimators": 2596.4820187903474, "reg_alpha": 2.5162033088589473, "reg_lambda": 1.2923833331919008}, "datetime": {"datetime": "2024-02-19 16:14:49", "elapsed": 662.126877, "delta": 1.615384}}
{"target": -0.7283458575947506, "params": {"colsample_bytree": 0.5556104718628208, "learning_rate": 0.35640521833175237, "max_bin_exp": 6.009605708413865, "max_depth": 5.313075976569603, "n_estimators": 2191.4450354813935, "reg_alpha": 1.196400229455642, "reg_lambda": 2.509544510996373}, "datetime": {"datetime": "2024-02-19 16:14:51", "elapsed": 664.141665, "delta": 2.014788}}
{"target": -0.6737015109485346, "params": {"colsample_bytree": 0.8658073188775057, "learning_rate": 0.4838671712162799, "max_bin_exp": 7.674914044805022, "max_depth": 5.036133649283018, "n_estimators": 4508.683956590951, "reg_alpha": 2.5517953486563436, "reg_lambda": 0.7663630820797733}, "datetime": {"datetime": "2024-02-19 16:14:56", "elapsed": 669.082521, "delta": 4.940856}}
{"target": -0.8801804903792961, "params": {"colsample_bytree": 0.2, "learning_rate": 0.5, "max_bin_exp": 9.155592437236692, "max_depth": 4.072338386242983, "n_estimators": 2575.9030796618226, "reg_alpha": 2.0878841402455026, "reg_lambda": 2.111514385596625}, "datetime": {"datetime": "2024-02-19 16:14:58", "elapsed": 671.017106, "delta": 1.934585}}
{"target": -0.6618034202422464, "params": {"colsample_bytree": 0.5297619008378498, "learning_rate": 0.14698301435684935, "max_bin_exp": 7.9702452758563185, "max_depth": 4.367575981807674, "n_estimators": 2577.0883313185327, "reg_alpha": 0.42466270818927443, "reg_lambda": 1.202816661850965}, "datetime": {"datetime": "2024-02-19 16:15:00", "elapsed": 672.708757, "delta": 1.691651}}
{"target": -0.8885730229357931, "params": {"colsample_bytree": 0.2691330503946143, "learning_rate": 0.4368852308000218, "max_bin_exp": 7.868051797271803, "max_depth": 5.74502301958042, "n_estimators": 2589.757550986862, "reg_alpha": 0.6743465077928955, "reg_lambda": 2.1424764105005405}, "datetime": {"datetime": "2024-02-19 16:15:02", "elapsed": 674.830957, "delta": 2.1222}}
{"target": -0.7083831098222694, "params": {"colsample_bytree": 0.46659285234334136, "learning_rate": 0.33067833772308713, "max_bin_exp": 7.437076886361144, "max_depth": 5.561092862407732, "n_estimators": 2192.703673110036, "reg_alpha": 0.6235606877360654, "reg_lambda": 2.0272824508620904}, "datetime": {"datetime": "2024-02-19 16:15:04", "elapsed": 676.895598, "delta": 2.064641}}
{"target": -0.6567358984066031, "params": {"colsample_bytree": 0.9741881202830427, "learning_rate": 0.3973348935141851, "max_bin_exp": 9.26156637537203, "max_depth": 4.760892850043363, "n_estimators": 2597.472858544818, "reg_alpha": 1.0797267071978798, "reg_lambda": 0.7610223699401214}, "datetime": {"datetime": "2024-02-19 16:15:06", "elapsed": 679.015962, "delta": 2.120364}}
{"target": -0.6836450194849046, "params": {"colsample_bytree": 0.2858534529261114, "learning_rate": 0.11986125133828138, "max_bin_exp": 8.470854404322816, "max_depth": 3.0935454388281274, "n_estimators": 4507.341509056783, "reg_alpha": 2.4460010913000767, "reg_lambda": 2.9582016738341106}, "datetime": {"datetime": "2024-02-19 16:15:10", "elapsed": 682.561402, "delta": 3.54544}}
{"target": -0.7578440233437058, "params": {"colsample_bytree": 0.4233832421752788, "learning_rate": 0.44774587334517346, "max_bin_exp": 8.330429213026754, "max_depth": 4.722923774564271, "n_estimators": 2598.8099393207144, "reg_alpha": 1.4779042764486334, "reg_lambda": 2.9898655367992477}, "datetime": {"datetime": "2024-02-19 16:15:12", "elapsed": 684.318272, "delta": 1.75687}}
{"target": -0.6787029984036606, "params": {"colsample_bytree": 0.5115799279286054, "learning_rate": 0.3203613628267975, "max_bin_exp": 8.755917965520878, "max_depth": 5.868800707788879, "n_estimators": 2592.224145674181, "reg_alpha": 2.8890326039023817, "reg_lambda": 2.2032199957544942}, "datetime": {"datetime": "2024-02-19 16:15:14", "elapsed": 686.595015, "delta": 2.276743}}
{"target": -0.6875753674551496, "params": {"colsample_bytree": 0.5433239446269683, "learning_rate": 0.303498684523972, "max_bin_exp": 9.965897833483123, "max_depth": 4.730787918923618, "n_estimators": 2593.3521113931897, "reg_alpha": 0.6952888146306733, "reg_lambda": 0.6149883507790397}, "datetime": {"datetime": "2024-02-19 16:15:16", "elapsed": 688.574913, "delta": 1.979898}}
{"target": -0.6907516243412342, "params": {"colsample_bytree": 0.5652236220077939, "learning_rate": 0.3022879518046875, "max_bin_exp": 8.526024074481217, "max_depth": 5.258158675161882, "n_estimators": 2596.13545282719, "reg_alpha": 2.51836835393127, "reg_lambda": 0.377139226181177}, "datetime": {"datetime": "2024-02-19 16:15:18", "elapsed": 690.960223, "delta": 2.38531}}
{"target": -0.6673830814491171, "params": {"colsample_bytree": 0.7047535484994432, "learning_rate": 0.25924314946834054, "max_bin_exp": 8.924028120844305, "max_depth": 5.019232822570883, "n_estimators": 2579.550923367159, "reg_alpha": 2.143550252939265, "reg_lambda": 0.2325291481632431}, "datetime": {"datetime": "2024-02-19 16:15:21", "elapsed": 693.241541, "delta": 2.281318}}
{"target": -3.78630416490113, "params": {"colsample_bytree": 0.2, "learning_rate": 0.001, "max_bin_exp": 8.663979279599422, "max_depth": 3.679775031235884, "n_estimators": 4509.296489952703, "reg_alpha": 1.226329441895918, "reg_lambda": 2.5215783406527454}, "datetime": {"datetime": "2024-02-19 16:15:24", "elapsed": 696.400003, "delta": 3.158462}}
{"target": -0.9018498215910427, "params": {"colsample_bytree": 0.22846634079170133, "learning_rate": 0.25340872000427167, "max_bin_exp": 8.322271622870243, "max_depth": 5.7268302115514365, "n_estimators": 2066.22530942942, "reg_alpha": 1.2009092560711254, "reg_lambda": 2.182657268009385}, "datetime": {"datetime": "2024-02-19 16:15:26", "elapsed": 698.267673, "delta": 1.86767}}
{"target": -0.707871143666137, "params": {"colsample_bytree": 0.6410546099647026, "learning_rate": 0.46616658229160585, "max_bin_exp": 8.978550670999875, "max_depth": 4.103951226445156, "n_estimators": 4506.08967353271, "reg_alpha": 2.2473798059486247, "reg_lambda": 2.3221579967626593}, "datetime": {"datetime": "2024-02-19 16:15:30", "elapsed": 702.688804, "delta": 4.421131}}
{"target": -0.5941315008551818, "params": {"colsample_bytree": 0.9339260865185506, "learning_rate": 0.10450624427678554, "max_bin_exp": 9.061871261635957, "max_depth": 5.3595547679967686, "n_estimators": 2193.114599374813, "reg_alpha": 1.4312000481432565, "reg_lambda": 1.8198792405222612}, "datetime": {"datetime": "2024-02-19 16:15:33", "elapsed": 705.172295, "delta": 2.483491}}
{"target": -0.6253038252905779, "params": {"colsample_bytree": 0.6685157271348285, "learning_rate": 0.1195982183719737, "max_bin_exp": 8.758621596418422, "max_depth": 5.543734865602397, "n_estimators": 2590.83824135435, "reg_alpha": 1.4986795350538467, "reg_lambda": 1.6132553927320057}, "datetime": {"datetime": "2024-02-19 16:15:35", "elapsed": 707.368484, "delta": 2.196189}}
{"target": -0.6035209533845891, "params": {"colsample_bytree": 0.838471833290749, "learning_rate": 0.05769452598969803, "max_bin_exp": 8.843981253870016, "max_depth": 5.6228649005096925, "n_estimators": 2190.6490325982563, "reg_alpha": 0.5911968172512443, "reg_lambda": 2.0821787907588787}, "datetime": {"datetime": "2024-02-19 16:15:37", "elapsed": 709.805146, "delta": 2.436662}}
{"target": -0.6216967214593633, "params": {"colsample_bytree": 0.6594489315312426, "learning_rate": 0.029034465096255513, "max_bin_exp": 8.595202274722888, "max_depth": 5.968042146290192, "n_estimators": 2578.6112206125463, "reg_alpha": 2.5097455453452655, "reg_lambda": 1.3497399489131015}, "datetime": {"datetime": "2024-02-19 16:15:40", "elapsed": 712.353684, "delta": 2.548538}}
{"target": -0.8888749520421373, "params": {"colsample_bytree": 0.2443002953223913, "learning_rate": 0.42431555141733207, "max_bin_exp": 7.74870715706036, "max_depth": 5.780283632776835, "n_estimators": 2064.501780318077, "reg_alpha": 0.26281475258305154, "reg_lambda": 1.1018050015282563}, "datetime": {"datetime": "2024-02-19 16:15:42", "elapsed": 714.262355, "delta": 1.908671}}
{"target": -0.7279841766131214, "params": {"colsample_bytree": 0.5190570685264693, "learning_rate": 0.3380601631433942, "max_bin_exp": 7.805983754769498, "max_depth": 5.090728372325183, "n_estimators": 2061.3241102526226, "reg_alpha": 1.335760911169602, "reg_lambda": 0.33678795535109995}, "datetime": {"datetime": "2024-02-19 16:15:44", "elapsed": 716.482743, "delta": 2.220388}}
{"target": -0.6666685442465572, "params": {"colsample_bytree": 0.32457210545622434, "learning_rate": 0.11286305852487771, "max_bin_exp": 9.327646586829957, "max_depth": 4.655566872196645, "n_estimators": 2062.3066396227255, "reg_alpha": 2.3380576339977335, "reg_lambda": 2.477914562417129}, "datetime": {"datetime": "2024-02-19 16:15:46", "elapsed": 718.415338, "delta": 1.932595}}
{"target": -0.6255194243445446, "params": {"colsample_bytree": 0.9845052324999404, "learning_rate": 0.1192499679263407, "max_bin_exp": 7.44110020385879, "max_depth": 5.306553774088004, "n_estimators": 2192.4665725722375, "reg_alpha": 2.0543127283555043, "reg_lambda": 1.622821330686425}, "datetime": {"datetime": "2024-02-19 16:15:48", "elapsed": 720.905694, "delta": 2.490356}}
{"target": -1.8556424523540491, "params": {"colsample_bytree": 1.0, "learning_rate": 0.001, "max_bin_exp": 8.13145127214027, "max_depth": 5.663609740211118, "n_estimators": 2061.5857639689407, "reg_alpha": 1.4629483150932572, "reg_lambda": 2.258590149439118}, "datetime": {"datetime": "2024-02-19 16:15:51", "elapsed": 723.360491, "delta": 2.454797}}
{"target": -0.6906824078588453, "params": {"colsample_bytree": 0.5417022000531588, "learning_rate": 0.10159931397149664, "max_bin_exp": 7.327093519816629, "max_depth": 4.909445992238616, "n_estimators": 4517.357045503155, "reg_alpha": 1.7717928586402523, "reg_lambda": 0.4584156882037512}, "datetime": {"datetime": "2024-02-19 16:15:54", "elapsed": 727.138324, "delta": 3.777833}}
{"target": -0.70113063316009, "params": {"colsample_bytree": 0.7035402398616568, "learning_rate": 0.3699682977879404, "max_bin_exp": 7.066938496059924, "max_depth": 4.048055863788196, "n_estimators": 2577.3088679089537, "reg_alpha": 2.0359880711879077, "reg_lambda": 0.9082724833022149}, "datetime": {"datetime": "2024-02-19 16:15:56", "elapsed": 728.934127, "delta": 1.795803}}
{"target": -0.704199576508784, "params": {"colsample_bytree": 1.0, "learning_rate": 0.5, "max_bin_exp": 8.58337724398607, "max_depth": 4.8075370573905625, "n_estimators": 4518.278140396648, "reg_alpha": 1.497139983487034, "reg_lambda": 1.7172303762569212}, "datetime": {"datetime": "2024-02-19 16:16:01", "elapsed": 733.514136, "delta": 4.580009}}
{"target": -0.9039396376324151, "params": {"colsample_bytree": 0.20087083007349885, "learning_rate": 0.43799160490421163, "max_bin_exp": 8.267751651125456, "max_depth": 4.747005242564466, "n_estimators": 2575.556766765277, "reg_alpha": 2.107282473466908, "reg_lambda": 0.3263377439669656}, "datetime": {"datetime": "2024-02-19 16:16:02", "elapsed": 735.091141, "delta": 1.577005}}
{"target": -0.6582023803946342, "params": {"colsample_bytree": 0.5780203599083813, "learning_rate": 0.42526866230562016, "max_bin_exp": 9.37525941890759, "max_depth": 4.630852318530818, "n_estimators": 2567.988270911201, "reg_alpha": 1.5210540069588105, "reg_lambda": 1.6633643803616813}, "datetime": {"datetime": "2024-02-19 16:16:04", "elapsed": 736.997321, "delta": 1.90618}}
{"target": -0.6783749445047669, "params": {"colsample_bytree": 0.992339184674355, "learning_rate": 0.3155473302969561, "max_bin_exp": 6.967099744720959, "max_depth": 5.3763731771303735, "n_estimators": 2579.432029647521, "reg_alpha": 2.394623011598674, "reg_lambda": 0.7346469242269611}, "datetime": {"datetime": "2024-02-19 16:16:06", "elapsed": 739.016938, "delta": 2.019617}}
{"target": -0.6772738184870087, "params": {"colsample_bytree": 0.5239618113443748, "learning_rate": 0.17245957759752417, "max_bin_exp": 8.073382605465842, "max_depth": 3.893510619608594, "n_estimators": 4504.247125320603, "reg_alpha": 0.9782754925379208, "reg_lambda": 1.3998648159136282}, "datetime": {"datetime": "2024-02-19 16:16:10", "elapsed": 742.393375, "delta": 3.376437}}
{"target": -0.7019659182299023, "params": {"colsample_bytree": 0.5467892946712609, "learning_rate": 0.3943959682666982, "max_bin_exp": 9.202882516772156, "max_depth": 3.692533366330709, "n_estimators": 2063.6862843031986, "reg_alpha": 2.172094933136341, "reg_lambda": 0.34068834964739214}, "datetime": {"datetime": "2024-02-19 16:16:11", "elapsed": 744.058024, "delta": 1.664649}}
{"target": -0.6474025017196283, "params": {"colsample_bytree": 0.8076116175825061, "learning_rate": 0.16981151332639027, "max_bin_exp": 7.503171645744983, "max_depth": 5.3766328894742905, "n_estimators": 4504.618840629929, "reg_alpha": 1.020914832366757, "reg_lambda": 2.710598502739499}, "datetime": {"datetime": "2024-02-19 16:16:16", "elapsed": 748.762381, "delta": 4.704357}}
{"target": -0.6960484623178371, "params": {"colsample_bytree": 0.5696189503851634, "learning_rate": 0.3497287019688911, "max_bin_exp": 8.05746573090494, "max_depth": 5.476070582365371, "n_estimators": 4506.696409584339, "reg_alpha": 2.159777577587891, "reg_lambda": 1.4726183487461668}, "datetime": {"datetime": "2024-02-19 16:16:21", "elapsed": 753.884924, "delta": 5.122543}}
{"target": -0.886616594091337, "params": {"colsample_bytree": 0.20435379591793412, "learning_rate": 0.05914627748884743, "max_bin_exp": 9.869036813656448, "max_depth": 4.986835984644103, "n_estimators": 2191.5034758751763, "reg_alpha": 1.375584313597075, "reg_lambda": 2.2632844883074035}, "datetime": {"datetime": "2024-02-19 16:16:23", "elapsed": 756.128525, "delta": 2.243601}}
{"target": -0.7402045784710267, "params": {"colsample_bytree": 0.37448469272581325, "learning_rate": 0.24926403123782484, "max_bin_exp": 7.959546504703802, "max_depth": 4.8060021980091046, "n_estimators": 2064.543241200826, "reg_alpha": 2.936208943696992, "reg_lambda": 2.026296646477408}, "datetime": {"datetime": "2024-02-19 16:16:25", "elapsed": 758.008069, "delta": 1.879544}}
{"target": -0.7592594329633063, "params": {"colsample_bytree": 0.4605964992211095, "learning_rate": 0.47192963877258526, "max_bin_exp": 6.701148534831728, "max_depth": 5.191829348239064, "n_estimators": 2598.853365755945, "reg_alpha": 0.6152630578135783, "reg_lambda": 1.5099293581916524}, "datetime": {"datetime": "2024-02-19 16:16:28", "elapsed": 760.304143, "delta": 2.296074}}
{"target": -0.6547231026291784, "params": {"colsample_bytree": 0.6445267475142111, "learning_rate": 0.3545752371468287, "max_bin_exp": 9.789653414466459, "max_depth": 4.70539115959509, "n_estimators": 2067.570449847364, "reg_alpha": 1.49094703583099, "reg_lambda": 2.512619367786029}, "datetime": {"datetime": "2024-02-19 16:16:30", "elapsed": 762.352057, "delta": 2.047914}}
{"target": -0.8826267113023777, "params": {"colsample_bytree": 0.2098053311647229, "learning_rate": 0.19443368471035677, "max_bin_exp": 8.001149729556348, "max_depth": 4.108953347020088, "n_estimators": 2590.536380208595, "reg_alpha": 2.8243457642195704, "reg_lambda": 2.4361124220735983}, "datetime": {"datetime": "2024-02-19 16:16:32", "elapsed": 764.291176, "delta": 1.939119}}
{"target": -1.3934715088041432, "params": {"colsample_bytree": 1.0, "learning_rate": 0.001, "max_bin_exp": 9.893554712372605, "max_depth": 4.625578309944795, "n_estimators": 4513.988189280941, "reg_alpha": 2.2144342113889115, "reg_lambda": 1.3048394832845747}, "datetime": {"datetime": "2024-02-19 16:16:36", "elapsed": 768.691422, "delta": 4.400246}}
{"target": -0.6999855192921439, "params": {"colsample_bytree": 0.32330583598298396, "learning_rate": 0.04039955078104968, "max_bin_exp": 6.9756409411190345, "max_depth": 5.268388369817805, "n_estimators": 4513.609166574307, "reg_alpha": 2.8668257309705054, "reg_lambda": 1.195861801569294}, "datetime": {"datetime": "2024-02-19 16:16:41", "elapsed": 773.659607, "delta": 4.968185}}
{"target": -0.6647219189112661, "params": {"colsample_bytree": 0.4378090700592733, "learning_rate": 0.28127317803010965, "max_bin_exp": 9.256932919355965, "max_depth": 4.542011817038921, "n_estimators": 2591.8663509272965, "reg_alpha": 2.0976990402778424, "reg_lambda": 1.0796590698129598}, "datetime": {"datetime": "2024-02-19 16:16:43", "elapsed": 775.873035, "delta": 2.213428}}
{"target": -0.7709694628502566, "params": {"colsample_bytree": 0.3401566811643475, "learning_rate": 0.41367946984802056, "max_bin_exp": 9.70461908975879, "max_depth": 5.906717542966065, "n_estimators": 2598.0402076395108, "reg_alpha": 2.8156883773530383, "reg_lambda": 1.0234833949079691}, "datetime": {"datetime": "2024-02-19 16:16:46", "elapsed": 778.303276, "delta": 2.430241}}
{"target": -0.6304529538054673, "params": {"colsample_bytree": 0.4752252782715684, "learning_rate": 0.060663098690221864, "max_bin_exp": 9.227409001142748, "max_depth": 5.902407362550982, "n_estimators": 2059.390137219598, "reg_alpha": 0.35004144216000044, "reg_lambda": 1.1928291120902723}, "datetime": {"datetime": "2024-02-19 16:16:48", "elapsed": 780.972122, "delta": 2.668846}}
{"target": -0.8591956515065914, "params": {"colsample_bytree": 0.6535987122050986, "learning_rate": 0.48011189001359533, "max_bin_exp": 5.88005248988362, "max_depth": 4.506766382303373, "n_estimators": 4505.018671962489, "reg_alpha": 1.9012491250092203, "reg_lambda": 2.583386765723322}, "datetime": {"datetime": "2024-02-19 16:16:52", "elapsed": 784.754263, "delta": 3.782141}}
{"target": -0.6993127983242113, "params": {"colsample_bytree": 1.0, "learning_rate": 0.5, "max_bin_exp": 7.757422624076412, "max_depth": 4.01892424345923, "n_estimators": 2600.0134284673013, "reg_alpha": 3.0, "reg_lambda": 2.603470047631046}, "datetime": {"datetime": "2024-02-19 16:16:54", "elapsed": 786.871936, "delta": 2.117673}}
{"target": -0.7092531064015419, "params": {"colsample_bytree": 0.5032814455966299, "learning_rate": 0.1508282881494751, "max_bin_exp": 7.168340939219094, "max_depth": 5.12667957816184, "n_estimators": 4513.22319835914, "reg_alpha": 0.7642371675956513, "reg_lambda": 0.2552002253945662}, "datetime": {"datetime": "2024-02-19 16:16:59", "elapsed": 791.527182, "delta": 4.655246}}
{"target": -0.6602645704875826, "params": {"colsample_bytree": 0.8979667150758852, "learning_rate": 0.1622443450037246, "max_bin_exp": 6.146066096966986, "max_depth": 5.051192106128489, "n_estimators": 4509.684222952979, "reg_alpha": 0.7582869533146973, "reg_lambda": 1.6619246901906861}, "datetime": {"datetime": "2024-02-19 16:17:03", "elapsed": 796.133029, "delta": 4.605847}}
{"target": -0.667645112581656, "params": {"colsample_bytree": 1.0, "learning_rate": 0.5, "max_bin_exp": 6.6579244468548415, "max_depth": 6.0, "n_estimators": 4508.954745125566, "reg_alpha": 2.20776963126252, "reg_lambda": 1.9636429500313295}, "datetime": {"datetime": "2024-02-19 16:17:10", "elapsed": 802.172889, "delta": 6.03986}}
{"target": -0.8680874234871557, "params": {"colsample_bytree": 0.356619254879211, "learning_rate": 0.25460659760581833, "max_bin_exp": 5.803316133867487, "max_depth": 5.838936174255855, "n_estimators": 2580.485374510812, "reg_alpha": 1.210670059946377, "reg_lambda": 0.7256855853565921}, "datetime": {"datetime": "2024-02-19 16:17:12", "elapsed": 804.574512, "delta": 2.401623}}
