{"target": 0.09944258613887139, "params": {"u": 10.377501119868725, "v": 3.0661562231628037, "w": 6.63010103565446, "x": 3.6122071929323445, "y": 3.114861326528277}, "datetime": {"datetime": "2024-02-25 10:24:36", "elapsed": 1981.02898, "delta": 4.381703}}
{"target": 0.8677681595406656, "params": {"u": 8.605689415242203, "v": 2.5465606483382084, "w": 11.322919679218028, "x": 1.6808354343628875, "y": 3.6585416295495836}, "datetime": {"datetime": "2024-02-25 10:24:48", "elapsed": 1992.887375, "delta": 11.858395}}
{"target": -0.057496609248909016, "params": {"u": 10.195407997873083, "v": 7.246587471686036, "w": 7.53899509591426, "x": 5.684407808835813, "y": 2.5127481227323014}, "datetime": {"datetime": "2024-02-25 10:24:52", "elapsed": 1997.239796, "delta": 4.352421}}
{"target": 0.02092038441325814, "params": {"u": 2.958408711371146, "v": 4.118748296626713, "w": 11.727102515756162, "x": 7.2470324618959525, "y": 1.3899787576944582}, "datetime": {"datetime": "2024-02-25 10:24:56", "elapsed": 2001.067524, "delta": 3.827728}}
{"target": 0.8649450838859111, "params": {"u": 8.187769386803152, "v": 2.4189673061710173, "w": 11.065105731245362, "x": 1.648333243193027, "y": 3.713537290157669}, "datetime": {"datetime": "2024-02-25 10:25:06", "elapsed": 2010.391037, "delta": 9.323513}}
{"target": -0.02587133221709539, "params": {"u": 3.3654178115088578, "v": 6.432546365528248, "w": 3.6923165137517833, "x": 2.1087611665182853, "y": 4.3119277174883806}, "datetime": {"datetime": "2024-02-25 10:25:10", "elapsed": 2014.773539, "delta": 4.382502}}
{"target": 0.708747498577187, "params": {"u": 6.572988475839732, "v": 1.0162299229074314, "w": 9.210745019238729, "x": 2.1840631217381414, "y": 2.9095711762832575}, "datetime": {"datetime": "2024-02-25 10:25:19", "elapsed": 2024.180985, "delta": 9.407446}}
{"target": 0.5455739375036865, "params": {"u": 8.163651117024964, "v": 1.2073549342544698, "w": 9.991253155718773, "x": 1.5303657257404777, "y": 4.529655633831457}, "datetime": {"datetime": "2024-02-25 10:25:32", "elapsed": 2037.001718, "delta": 12.820733}}
{"target": 0.18871986950778766, "params": {"u": 8.603444772862929, "v": 6.709475044905467, "w": 11.083302140781242, "x": 1.1794535721869086, "y": 1.2845771558832662}, "datetime": {"datetime": "2024-02-25 10:25:36", "elapsed": 2040.963336, "delta": 3.961618}}
{"target": -0.01564283302283255, "params": {"u": 12.673268716185945, "v": 11.796322705024187, "w": 5.967715329442484, "x": 2.4687959524538243, "y": 4.429739491186812}, "datetime": {"datetime": "2024-02-25 10:25:40", "elapsed": 2045.331907, "delta": 4.368571}}
{"target": 0.9123529740770057, "params": {"u": 8.464738880833385, "v": 2.782628736344951, "w": 10.96740500245366, "x": 1.7038302367279103, "y": 3.757857705998169}, "datetime": {"datetime": "2024-02-25 10:25:50", "elapsed": 2054.396096, "delta": 9.064189}}
{"target": 0.5391415223000162, "params": {"u": 7.097459180367659, "v": 1.5352117010147275, "w": 11.442778514222073, "x": 2.620480141150465, "y": 2.178880549053576}, "datetime": {"datetime": "2024-02-25 10:26:00", "elapsed": 2065.136366, "delta": 10.74027}}
{"target": 0.714973067697513, "params": {"u": 7.832413300255957, "v": 1.8997074877085023, "w": 9.001572070594854, "x": 2.2398359512475112, "y": 2.9470121753635015}, "datetime": {"datetime": "2024-02-25 10:26:11", "elapsed": 2075.411789, "delta": 10.275423}}
{"target": 0.7404505858474504, "params": {"u": 6.565123995122669, "v": 2.4555318805016855, "w": 10.159357013896194, "x": 2.137214489914649, "y": 4.971599348918635}, "datetime": {"datetime": "2024-02-25 10:26:19", "elapsed": 2083.797026, "delta": 8.385237}}
{"target": -0.2543754758908177, "params": {"u": 6.261143165690935, "v": 3.0090913721736765, "w": 11.024848111234903, "x": 2.5070387217886743, "y": 4.915278910304295}, "datetime": {"datetime": "2024-02-25 10:26:26", "elapsed": 2090.8983, "delta": 7.101274}}
{"target": 0.3625261967472024, "params": {"u": 8.44569752898157, "v": 13.0, "w": 10.162920663271361, "x": 4.40017890238927, "y": 3.504864875097186}, "datetime": {"datetime": "2024-02-25 10:26:34", "elapsed": 2098.788813, "delta": 7.890513}}
{"target": 0.5731382469323735, "params": {"u": 6.768237541773633, "v": 1.0465189630852563, "w": 10.014379372828468, "x": 2.0421923767386785, "y": 2.7422920713780994}, "datetime": {"datetime": "2024-02-25 10:26:42", "elapsed": 2106.627324, "delta": 7.838511}}
{"target": 0.03344638555802557, "params": {"u": 1.1780340899523774, "v": 10.287884088109204, "w": 8.737609835218255, "x": 2.9234612803155966, "y": 1.9379404231449262}, "datetime": {"datetime": "2024-02-25 10:26:47", "elapsed": 2111.684653, "delta": 5.057329}}
{"target": -0.03525177916575465, "params": {"u": 10.692758406686396, "v": 11.611464932253828, "w": 5.583315223174594, "x": 7.438061568939307, "y": 1.667156878758452}, "datetime": {"datetime": "2024-02-25 10:26:53", "elapsed": 2117.702735, "delta": 6.018082}}
{"target": 0.7979019949606765, "params": {"u": 7.710016827025561, "v": 2.5023723604956, "w": 10.94301220009008, "x": 1.5444906383495618, "y": 3.8958547349525077}, "datetime": {"datetime": "2024-02-25 10:27:02", "elapsed": 2126.738856, "delta": 9.036121}}
{"target": 0.06924485965006355, "params": {"u": 7.588964948050727, "v": 1.9842651451067272, "w": 9.524628729926416, "x": 2.57742090607187, "y": 3.111202553101804}, "datetime": {"datetime": "2024-02-25 10:27:10", "elapsed": 2134.498703, "delta": 7.759847}}
{"target": 0.8316138265784269, "params": {"u": 7.676817886560017, "v": 1.1205605327798387, "w": 10.124571234427275, "x": 1.8999868258500023, "y": 4.62264019499314}, "datetime": {"datetime": "2024-02-25 10:27:18", "elapsed": 2142.911433, "delta": 8.41273}}
{"target": 0.3910428847767421, "params": {"u": 7.679067659432959, "v": 1.5258409474252645, "w": 11.381481345013903, "x": 1.7429116180700874, "y": 2.79660830130121}, "datetime": {"datetime": "2024-02-25 10:27:26", "elapsed": 2150.549385, "delta": 7.637952}}
{"target": 0.26135146068578463, "params": {"u": 6.70176434998903, "v": 1.2764003633112146, "w": 8.648732393341412, "x": 2.5721979939733415, "y": 2.653646264081537}, "datetime": {"datetime": "2024-02-25 10:27:31", "elapsed": 2155.950214, "delta": 5.400829}}
{"target": 0.03983824201626825, "params": {"u": 1.5182975095690527, "v": 8.645886477628247, "w": 7.094646702647897, "x": 2.7138439352439128, "y": 1.3665032452766726}, "datetime": {"datetime": "2024-02-25 10:27:35", "elapsed": 2160.131833, "delta": 4.181619}}
{"target": 0.6302964601459541, "params": {"u": 8.20442977058707, "v": 1.944484598958704, "w": 9.527548040970629, "x": 2.2540619162089293, "y": 2.6681221758453417}, "datetime": {"datetime": "2024-02-25 10:27:48", "elapsed": 2173.084652, "delta": 12.952819}}
{"target": 0.6936456592210192, "params": {"u": 8.688948705771724, "v": 2.4602759199274344, "w": 11.95519811487692, "x": 1.935556582542135, "y": 3.623788396524158}, "datetime": {"datetime": "2024-02-25 10:28:00", "elapsed": 2184.662497, "delta": 11.577845}}
{"target": 0.8140242581691082, "params": {"u": 7.322007364761678, "v": 1.051595964218825, "w": 11.944943398738406, "x": 1.618615615654531, "y": 4.321408487946251}, "datetime": {"datetime": "2024-02-25 10:28:14", "elapsed": 2199.125526, "delta": 14.463029}}
{"target": 0.6049798374864712, "params": {"u": 8.165682794005939, "v": 1.318477714654735, "w": 10.607967624661939, "x": 2.2157853779128103, "y": 2.640156760852993}, "datetime": {"datetime": "2024-02-25 10:28:24", "elapsed": 2208.343864, "delta": 9.218338}}
{"target": 0.8578193873990084, "params": {"u": 8.274190548652303, "v": 2.737597490786979, "w": 11.448542658673821, "x": 1.7816986550610436, "y": 3.8556221391980356}, "datetime": {"datetime": "2024-02-25 10:28:33", "elapsed": 2217.3795, "delta": 9.035636}}
{"target": 0.04180918424494129, "params": {"u": 9.275861141780862, "v": 7.576498669689482, "w": 10.042617532763146, "x": 6.662325276019524, "y": 4.461215671569822}, "datetime": {"datetime": "2024-02-25 10:28:37", "elapsed": 2221.439875, "delta": 4.060375}}
{"target": 0.4168850459929008, "params": {"u": 6.3043273564771045, "v": 1.0242102826409933, "w": 9.49941808031323, "x": 2.264977815243978, "y": 2.1297913535657873}, "datetime": {"datetime": "2024-02-25 10:28:47", "elapsed": 2231.852426, "delta": 10.412551}}
{"target": -0.009368643459225532, "params": {"u": 2.0437141611739538, "v": 12.686423321400827, "w": 6.406829039275609, "x": 4.938635537307252, "y": 0.3192871623110066}, "datetime": {"datetime": "2024-02-25 10:28:52", "elapsed": 2236.88797, "delta": 5.035544}}
{"target": -0.12574439880064936, "params": {"u": 5.626005248488486, "v": 12.33394201419737, "w": 7.287056799835868, "x": 3.1756378246131898, "y": 4.383210952358496}, "datetime": {"datetime": "2024-02-25 10:28:56", "elapsed": 2240.42302, "delta": 3.53505}}
{"target": 0.04469116470985163, "params": {"u": 7.6326352521210765, "v": 4.180692833712941, "w": 3.8376307882092573, "x": 7.171970431589004, "y": 4.66087391299031}, "datetime": {"datetime": "2024-02-25 10:29:02", "elapsed": 2246.350301, "delta": 5.927281}}
{"target": 0.5934529555632329, "params": {"u": 8.586117038341992, "v": 2.711379187035049, "w": 11.436451442035153, "x": 1.8150932195999585, "y": 3.050547891573537}, "datetime": {"datetime": "2024-02-25 10:29:09", "elapsed": 2254.051793, "delta": 7.701492}}
{"target": -0.235614200729722, "params": {"u": 8.358865591476853, "v": 3.090702570000452, "w": 11.403740903360095, "x": 1.9657894480150695, "y": 3.977834424016817}, "datetime": {"datetime": "2024-02-25 10:29:18", "elapsed": 2263.174323, "delta": 9.12253}}
{"target": 0.541006703604093, "params": {"u": 7.992529069947967, "v": 2.3930034073666073, "w": 10.979097457233406, "x": 1.5071604553039877, "y": 4.48051648774108}, "datetime": {"datetime": "2024-02-25 10:29:27", "elapsed": 2271.520794, "delta": 8.346471}}
{"target": 0.7000929387674817, "params": {"u": 6.5034075319332585, "v": 1.0, "w": 9.566983031886647, "x": 1.8969136988864157, "y": 3.114366024906484}, "datetime": {"datetime": "2024-02-25 10:29:37", "elapsed": 2281.711099, "delta": 10.190305}}
{"target": 0.8744633960161718, "params": {"u": 7.4070434220617924, "v": 1.0, "w": 9.79703511719807, "x": 1.6093610431641299, "y": 3.8461215479351254}, "datetime": {"datetime": "2024-02-25 10:29:51", "elapsed": 2295.979788, "delta": 14.268689}}
{"target": -0.0332013167578689, "params": {"u": 1.8048299197530717, "v": 6.886251583223553, "w": 5.537255171750228, "x": 4.026976184611032, "y": 3.252227070637175}, "datetime": {"datetime": "2024-02-25 10:29:57", "elapsed": 2301.338505, "delta": 5.358717}}
{"target": 0.11812646319181604, "params": {"u": 7.691445720139999, "v": 1.990596367736317, "w": 3.0069223972976706, "x": 0.6866954149015907, "y": 1.1355925160772213}, "datetime": {"datetime": "2024-02-25 10:30:03", "elapsed": 2307.35325, "delta": 6.014745}}
{"target": -0.1173068842754288, "params": {"u": 8.729237794204558, "v": 5.291779549062612, "w": 8.155626175177582, "x": 4.983920205768317, "y": 3.85237168265064}, "datetime": {"datetime": "2024-02-25 10:30:10", "elapsed": 2314.710206, "delta": 7.356956}}
{"target": 0.8463719267767755, "params": {"u": 7.449233109345802, "v": 1.032127040882978, "w": 9.91746026799031, "x": 1.8678880026678184, "y": 4.445162727915957}, "datetime": {"datetime": "2024-02-25 10:30:25", "elapsed": 2329.781542, "delta": 15.071336}}
{"target": -0.007351184138247665, "params": {"u": 5.979966055646025, "v": 10.046253680270762, "w": 1.9224793228205916, "x": 3.9568169769314308, "y": 3.9445945336423796}, "datetime": {"datetime": "2024-02-25 10:30:30", "elapsed": 2334.934034, "delta": 5.152492}}
{"target": 0.5709481516396083, "params": {"u": 7.4882005677073895, "v": 2.0362339362815107, "w": 10.659105186963625, "x": 2.785319735345838, "y": 2.412692242389764}, "datetime": {"datetime": "2024-02-25 10:30:44", "elapsed": 2348.560552, "delta": 13.626518}}
{"target": 0.6058445755917714, "params": {"u": 8.095778809976808, "v": 2.2021607266152072, "w": 11.732764949038629, "x": 1.4622232949411162, "y": 4.22267827669639}, "datetime": {"datetime": "2024-02-25 10:30:59", "elapsed": 2363.72763, "delta": 15.167078}}
{"target": 0.15831851677033182, "params": {"u": 6.66596435373211, "v": 2.470581554406328, "w": 11.363878436432433, "x": 7.6555861802834935, "y": 2.882039193467052}, "datetime": {"datetime": "2024-02-25 10:31:03", "elapsed": 2367.369181, "delta": 3.641551}}
{"target": 0.8757349176700179, "params": {"u": 6.296257524537003, "v": 1.9755549059405433, "w": 10.022093551844883, "x": 1.6406590714860376, "y": 3.7563814776244446}, "datetime": {"datetime": "2024-02-25 10:31:17", "elapsed": 2382.146349, "delta": 14.777168}}
{"target": 0.260146637368239, "params": {"u": 8.035553464141017, "v": 3.03594918503132, "w": 10.770503524062356, "x": 1.3326373346966216, "y": 3.378478290401952}, "datetime": {"datetime": "2024-02-25 10:31:28", "elapsed": 2392.776233, "delta": 10.629884}}
{"target": 0.21736270829986426, "params": {"u": 7.464366682650708, "v": 1.021701560213791, "w": 10.883606534661414, "x": 1.2788047675608747, "y": 4.395516138070613}, "datetime": {"datetime": "2024-02-25 10:31:33", "elapsed": 2398.010396, "delta": 5.234163}}
{"target": 0.7023691458553749, "params": {"u": 7.27420998354031, "v": 2.111302275346865, "w": 11.023383947840138, "x": 1.4849506249267115, "y": 4.011390579426753}, "datetime": {"datetime": "2024-02-25 10:31:45", "elapsed": 2410.290103, "delta": 12.279707}}
{"target": -0.014791929373145175, "params": {"u": 9.116455055852146, "v": 1.945278957730744, "w": 11.945155605608749, "x": 1.4979108779542225, "y": 3.8980028246031484}, "datetime": {"datetime": "2024-02-25 10:31:55", "elapsed": 2419.640083, "delta": 9.34998}}
{"target": 0.3525373547073669, "params": {"u": 7.895433336634172, "v": 1.782137548203405, "w": 10.813080207801452, "x": 2.2416171804569256, "y": 1.9494071997624627}, "datetime": {"datetime": "2024-02-25 10:32:05", "elapsed": 2429.463255, "delta": 9.823172}}
{"target": -0.01506613505967987, "params": {"u": 4.496653500980193, "v": 5.510248853731252, "w": 5.420194378485192, "x": 0.6529354008223585, "y": 0.730398790499981}, "datetime": {"datetime": "2024-02-25 10:32:08", "elapsed": 2432.514636, "delta": 3.051381}}
{"target": 0.7434080317297379, "params": {"u": 6.7282500966012275, "v": 1.3721844208703393, "w": 9.791564796289766, "x": 1.886123510523127, "y": 4.804724404852189}, "datetime": {"datetime": "2024-02-25 10:32:13", "elapsed": 2438.275892, "delta": 5.761256}}
{"target": 0.5402809821071861, "params": {"u": 7.831593803621793, "v": 2.0761377445736993, "w": 10.334668031598584, "x": 2.918829668434957, "y": 2.1215639320958526}, "datetime": {"datetime": "2024-02-25 10:32:25", "elapsed": 2449.801708, "delta": 11.525816}}
{"target": 0.6828458345774977, "params": {"u": 7.098377318257492, "v": 1.2771915790874595, "w": 11.522011136733505, "x": 2.1718778304129613, "y": 2.8469285962086053}, "datetime": {"datetime": "2024-02-25 10:32:42", "elapsed": 2466.957456, "delta": 17.155748}}
{"target": 0.4950344934781352, "params": {"u": 7.097042688528529, "v": 2.2070233053954684, "w": 10.432926155009248, "x": 2.789986331813644, "y": 1.9232200902433731}, "datetime": {"datetime": "2024-02-25 10:32:51", "elapsed": 2475.708958, "delta": 8.751502}}
{"target": 0.018469049394729986, "params": {"u": 9.746760648897355, "v": 7.842513500847185, "w": 11.409469284866242, "x": 7.63158045046233, "y": 2.761677310121468}, "datetime": {"datetime": "2024-02-25 10:32:56", "elapsed": 2480.55431, "delta": 4.845352}}
{"target": -0.04573447678205121, "params": {"u": 6.4479137336166765, "v": 11.035831166221405, "w": 2.53417269349647, "x": 3.611506801854619, "y": 2.5692298037312153}, "datetime": {"datetime": "2024-02-25 10:33:00", "elapsed": 2485.05978, "delta": 4.50547}}
{"target": 0.08822988774389046, "params": {"u": 6.121414426989499, "v": 11.966621598534141, "w": 8.710692245680887, "x": 1.9660932716559405, "y": 0.4643425894217015}, "datetime": {"datetime": "2024-02-25 10:33:06", "elapsed": 2490.789199, "delta": 5.729419}}
{"target": 0.6719336075447976, "params": {"u": 7.608761200321251, "v": 2.0536800953506584, "w": 11.377042155724133, "x": 2.16752605782993, "y": 2.824439230195177}, "datetime": {"datetime": "2024-02-25 10:33:20", "elapsed": 2504.884643, "delta": 14.095444}}
{"target": 0.02228298867672154, "params": {"u": 2.0901518373267702, "v": 10.85891426046702, "w": 7.303880540541478, "x": 4.754096374824149, "y": 3.527036012700051}, "datetime": {"datetime": "2024-02-25 10:33:25", "elapsed": 2509.914468, "delta": 5.029825}}
{"target": 0.0005602478161576966, "params": {"u": 1.1553008517010892, "v": 11.264449413544122, "w": 2.667797883786376, "x": 4.568139150865254, "y": 0.7932815021738698}, "datetime": {"datetime": "2024-02-25 10:33:28", "elapsed": 2513.282105, "delta": 3.367637}}
{"target": 0.7319410933399988, "params": {"u": 8.18294613602474, "v": 1.0791000351352853, "w": 9.913850877914264, "x": 2.041082235883572, "y": 4.957149166844756}, "datetime": {"datetime": "2024-02-25 10:33:43", "elapsed": 2528.302456, "delta": 15.020351}}
{"target": 0.01460729612751837, "params": {"u": 2.2773639531712906, "v": 11.094392825779247, "w": 9.48028330293288, "x": 4.102514786396725, "y": 1.6138308020632703}, "datetime": {"datetime": "2024-02-25 10:33:48", "elapsed": 2532.785041, "delta": 4.482585}}
{"target": 0.7386726415373177, "params": {"u": 7.783488689438737, "v": 2.4807675788948056, "w": 11.989084260016014, "x": 1.549118740111705, "y": 3.72611310587246}, "datetime": {"datetime": "2024-02-25 10:34:00", "elapsed": 2545.17369, "delta": 12.388649}}
{"target": 0.6238619535121086, "params": {"u": 7.257892383411203, "v": 1.6862502604971035, "w": 11.204833140602142, "x": 2.3301298074979235, "y": 3.060214101826495}, "datetime": {"datetime": "2024-02-25 10:34:13", "elapsed": 2557.96378, "delta": 12.79009}}
{"target": -0.05638083142879754, "params": {"u": 3.272997999117394, "v": 2.6725308856325265, "w": 10.06334796223524, "x": 2.597325374407302, "y": 1.0405208136189226}, "datetime": {"datetime": "2024-02-25 10:34:19", "elapsed": 2564.020466, "delta": 6.056686}}
{"target": -0.055052836942160135, "params": {"u": 4.601617119001595, "v": 3.4895483961048606, "w": 3.7818163544553207, "x": 2.867137966245311, "y": 0.9033603641074448}, "datetime": {"datetime": "2024-02-25 10:34:23", "elapsed": 2568.244513, "delta": 4.224047}}
