{"target": 0.7358042583947696, "params": {"u": 8.472722858759095, "v": 2.0989812572259314, "w": 10.808331268142261, "x": 1.9428030771046132, "y": 3.128254907919206}, "datetime": {"datetime": "2024-02-25 09:54:28", "elapsed": 172.377533, "delta": 1.798627}}
{"target": -0.051650327644694634, "params": {"u": 8.395473886584195, "v": 2.5859227032652257, "w": 10.692620527874215, "x": 2.332251114370946, "y": 3.3944200025795936}, "datetime": {"datetime": "2024-02-25 09:54:29", "elapsed": 173.590202, "delta": 1.212669}}
{"target": -0.021184503385439177, "params": {"u": 7.195721213313957, "v": 8.714976775694964, "w": 3.103762645607076, "x": 4.252025504566511, "y": 0.5066629485356767}, "datetime": {"datetime": "2024-02-25 09:54:31", "elapsed": 175.747622, "delta": 2.15742}}
{"target": 0.05338033150934576, "params": {"u": 11.629610734116334, "v": 5.264590889691922, "w": 12.927099275555609, "x": 5.771162543006058, "y": 2.6742179153313463}, "datetime": {"datetime": "2024-02-25 09:54:32", "elapsed": 176.925066, "delta": 1.177444}}
{"target": -0.11488916173862944, "params": {"u": 6.4826997139531235, "v": 10.722733681684046, "w": 11.3383553661997, "x": 1.8894880372079224, "y": 2.365582374855729}, "datetime": {"datetime": "2024-02-25 09:54:33", "elapsed": 177.744867, "delta": 0.819801}}
{"target": 0.8697223852528155, "params": {"u": 7.495369855024745, "v": 1.21286614514728, "w": 9.644917665328297, "x": 1.821145723453078, "y": 3.627193597574334}, "datetime": {"datetime": "2024-02-25 09:54:34", "elapsed": 178.853957, "delta": 1.10909}}
{"target": 0.061385867245246514, "params": {"u": 10.430405393544111, "v": 5.6541659295083875, "w": 11.984720530547639, "x": 3.1796642648110587, "y": 2.6767089482321187}, "datetime": {"datetime": "2024-02-25 09:54:35", "elapsed": 179.771519, "delta": 0.917562}}
{"target": 0.022523681421423122, "params": {"u": 12.399668708158375, "v": 6.567454186262489, "w": 2.2049558676013064, "x": 4.743435483151484, "y": 4.516622633701395}, "datetime": {"datetime": "2024-02-25 09:54:35", "elapsed": 180.278586, "delta": 0.507067}}
{"target": 0.6403720575077266, "params": {"u": 8.673321013536398, "v": 2.715613920767074, "w": 9.875817018535887, "x": 1.7277102314815613, "y": 3.2424461210109765}, "datetime": {"datetime": "2024-02-25 09:54:36", "elapsed": 181.263917, "delta": 0.985331}}
{"target": 0.09328470204976401, "params": {"u": 7.965526569965418, "v": 2.5085588244515282, "w": 10.30562872279784, "x": 1.4526877190009628, "y": 2.2221018578030267}, "datetime": {"datetime": "2024-02-25 09:54:38", "elapsed": 182.37038, "delta": 1.106463}}
{"target": 0.051656085777350653, "params": {"u": 5.005341452351113, "v": 6.2464464259477, "w": 8.309560795190002, "x": 4.454540945536628, "y": 2.4174267326926104}, "datetime": {"datetime": "2024-02-25 09:54:39", "elapsed": 183.349296, "delta": 0.978916}}
{"target": -0.024402347384650802, "params": {"u": 10.462926623014209, "v": 10.111166523612592, "w": 9.892887326335474, "x": 1.2551627870647732, "y": 1.8837193754440686}, "datetime": {"datetime": "2024-02-25 09:54:39", "elapsed": 184.080226, "delta": 0.73093}}
{"target": 0.7484655909930191, "params": {"u": 8.183193044794688, "v": 2.118117974460139, "w": 10.156106509015293, "x": 1.545468200772601, "y": 3.756881343351645}, "datetime": {"datetime": "2024-02-25 09:54:40", "elapsed": 184.995684, "delta": 0.915458}}
{"target": 0.2970091905170556, "params": {"u": 6.530534533614951, "v": 1.8752220594711106, "w": 8.882522801423619, "x": 1.7444742556730501, "y": 3.439518053368165}, "datetime": {"datetime": "2024-02-25 09:54:41", "elapsed": 185.555005, "delta": 0.559321}}
{"target": 0.05337277505821169, "params": {"u": 7.10547033097869, "v": 6.241619412536409, "w": 11.660853941941543, "x": 3.6345916620105223, "y": 2.6540867190131476}, "datetime": {"datetime": "2024-02-25 09:54:42", "elapsed": 186.560694, "delta": 1.005689}}
{"target": 0.04500544299978366, "params": {"u": 12.76441850742489, "v": 11.634198149105387, "w": 10.212673509679192, "x": 5.201053883701301, "y": 1.3324569871283902}, "datetime": {"datetime": "2024-02-25 09:54:43", "elapsed": 187.642564, "delta": 1.08187}}
{"target": 0.8184462561241693, "params": {"u": 8.030044836033824, "v": 1.225099086783227, "w": 9.933628478045057, "x": 1.746437484944084, "y": 3.4732890706106607}, "datetime": {"datetime": "2024-02-25 09:54:44", "elapsed": 188.944692, "delta": 1.302128}}
{"target": 0.6992611317502191, "params": {"u": 8.330672735810756, "v": 2.4993389521749583, "w": 9.946029139188973, "x": 2.1950856152234453, "y": 2.8773175172388514}, "datetime": {"datetime": "2024-02-25 09:54:45", "elapsed": 189.8225, "delta": 0.877808}}
{"target": -0.055331129996061046, "params": {"u": 1.5145430420533348, "v": 1.8745026361979829, "w": 8.377002809010893, "x": 3.075352345781759, "y": 0.48115114271755643}, "datetime": {"datetime": "2024-02-25 09:54:46", "elapsed": 190.720044, "delta": 0.897544}}
{"target": -0.016740575993723826, "params": {"u": 5.941804688732452, "v": 7.848667910573036, "w": 2.159430108432514, "x": 4.9655721852076065, "y": 4.928345252648639}, "datetime": {"datetime": "2024-02-25 09:54:47", "elapsed": 192.244911, "delta": 1.524867}}
{"target": 0.030308608685010948, "params": {"u": 8.378758236579015, "v": 1.3934907986445344, "w": 9.698810077067588, "x": 0.9120273515699752, "y": 3.691093799831546}, "datetime": {"datetime": "2024-02-25 09:54:50", "elapsed": 194.558486, "delta": 2.313575}}
{"target": 0.0021133636964995994, "params": {"u": 8.224702593663004, "v": 1.6717759384590942, "w": 10.588942893239846, "x": 2.000731467327305, "y": 3.9660398484032044}, "datetime": {"datetime": "2024-02-25 09:54:52", "elapsed": 196.757834, "delta": 2.199348}}
{"target": 0.12084144727265182, "params": {"u": 11.64618137833703, "v": 5.646045146113429, "w": 6.300460428546213, "x": 0.773305498538772, "y": 4.92591186096186}, "datetime": {"datetime": "2024-02-25 09:54:53", "elapsed": 197.908675, "delta": 1.150841}}
{"target": 0.45648726799882977, "params": {"u": 7.857786669503422, "v": 2.223896088294289, "w": 10.84271333407746, "x": 1.9422694583977282, "y": 2.6324382744369514}, "datetime": {"datetime": "2024-02-25 09:54:55", "elapsed": 199.462227, "delta": 1.553552}}
{"target": 0.8865431666481363, "params": {"u": 7.358979219422011, "v": 1.249737371247258, "w": 10.034093200005614, "x": 1.7194874285496822, "y": 3.647367271586332}, "datetime": {"datetime": "2024-02-25 09:54:57", "elapsed": 201.746341, "delta": 2.284114}}
{"target": -0.28861771536850617, "params": {"u": 8.77680565314555, "v": 3.1942341387245894, "w": 9.514066241613035, "x": 1.7289045189618377, "y": 3.900778736183231}, "datetime": {"datetime": "2024-02-25 09:54:59", "elapsed": 203.36636, "delta": 1.620019}}
{"target": 0.4030648325562322, "params": {"u": 8.838162161797309, "v": 2.279390610791274, "w": 10.746383135612678, "x": 2.067377906575601, "y": 2.335001147200883}, "datetime": {"datetime": "2024-02-25 09:55:00", "elapsed": 204.709703, "delta": 1.343343}}
{"target": 0.07021966973071168, "params": {"u": 1.6210992428179858, "v": 1.2237989993448086, "w": 9.22172758760437, "x": 1.466956590781113, "y": 2.2913292918823367}, "datetime": {"datetime": "2024-02-25 09:55:01", "elapsed": 205.845595, "delta": 1.135892}}
{"target": 0.419682938284847, "params": {"u": 7.432255075942885, "v": 1.8117182719947365, "w": 10.27283378565667, "x": 1.6548180389855167, "y": 3.013148266829064}, "datetime": {"datetime": "2024-02-25 09:55:02", "elapsed": 206.68858, "delta": 0.842985}}
{"target": 0.452971011305295, "params": {"u": 6.834130214399485, "v": 1.4105460032732076, "w": 9.990350190543753, "x": 1.8026808866042132, "y": 2.827618087404702}, "datetime": {"datetime": "2024-02-25 09:55:03", "elapsed": 208.2525, "delta": 1.56392}}
{"target": -0.02217611060483117, "params": {"u": 11.652990146147495, "v": 5.070997984453322, "w": 3.9739863460495792, "x": 2.6280340698148454, "y": 4.649838121776479}, "datetime": {"datetime": "2024-02-25 09:55:05", "elapsed": 209.357002, "delta": 1.104502}}
{"target": -0.05131639600870029, "params": {"u": 12.678456718368635, "v": 8.265647199949866, "w": 10.183338681253716, "x": 0.6163622638872928, "y": 1.4954189827480404}, "datetime": {"datetime": "2024-02-25 09:55:05", "elapsed": 210.264341, "delta": 0.907339}}
{"target": 0.7033260261889104, "params": {"u": 8.484444516236845, "v": 2.0301931128671056, "w": 10.476313547446248, "x": 1.6899553737907522, "y": 3.386300883441768}, "datetime": {"datetime": "2024-02-25 09:55:09", "elapsed": 214.073366, "delta": 3.809025}}
{"target": 0.839263203651304, "params": {"u": 8.350055976178458, "v": 2.888915274501073, "w": 9.965047316719412, "x": 1.855506392682075, "y": 3.4126477529998662}, "datetime": {"datetime": "2024-02-25 09:55:12", "elapsed": 216.827902, "delta": 2.754536}}
{"target": 0.02790425215711121, "params": {"u": 12.424314738215276, "v": 9.570292233935715, "w": 3.7600589647318756, "x": 5.719154450838156, "y": 4.4102876170868806}, "datetime": {"datetime": "2024-02-25 09:55:13", "elapsed": 217.986401, "delta": 1.158499}}
{"target": 0.5398110750058722, "params": {"u": 7.692914115047082, "v": 1.6698417309065006, "w": 10.838792660895363, "x": 1.7432745280218298, "y": 3.070758190229624}, "datetime": {"datetime": "2024-02-25 09:55:17", "elapsed": 221.983438, "delta": 3.997037}}
{"target": 0.008787076400298665, "params": {"u": 10.499914238661361, "v": 11.97878150033298, "w": 2.598743298081975, "x": 7.659660002038479, "y": 4.152796628206266}, "datetime": {"datetime": "2024-02-25 09:55:18", "elapsed": 223.163007, "delta": 1.179569}}
{"target": -0.2777677593448949, "params": {"u": 9.193900173831828, "v": 2.010439130576493, "w": 10.951222423055167, "x": 2.262165726109486, "y": 2.542034593881935}, "datetime": {"datetime": "2024-02-25 09:55:21", "elapsed": 225.470855, "delta": 2.307848}}
{"target": 0.6019951323355847, "params": {"u": 8.362004825345212, "v": 1.8615904919355986, "w": 9.689589786250439, "x": 2.2142721745184075, "y": 2.6348820330145495}, "datetime": {"datetime": "2024-02-25 09:55:24", "elapsed": 229.013317, "delta": 3.542462}}
{"target": 0.3773031369345098, "params": {"u": 7.773579542652028, "v": 1.3222781592279462, "w": 9.413131883924457, "x": 1.5413636507731436, "y": 3.1610509426642985}, "datetime": {"datetime": "2024-02-25 09:55:25", "elapsed": 230.164575, "delta": 1.151258}}
{"target": 0.6324732091760351, "params": {"u": 8.014480119209136, "v": 2.2719525570026717, "w": 10.476310319284861, "x": 1.8965488416520688, "y": 3.773574318706754}, "datetime": {"datetime": "2024-02-25 09:55:27", "elapsed": 231.778622, "delta": 1.614047}}
{"target": 0.8931879135177637, "params": {"u": 7.740338751317593, "v": 1.574856759497568, "w": 9.887905032162756, "x": 1.7296790841341154, "y": 3.656841313717896}, "datetime": {"datetime": "2024-02-25 09:55:29", "elapsed": 234.229996, "delta": 2.451374}}
{"target": 0.005968946684740763, "params": {"u": 4.3441901988985645, "v": 4.474849231797821, "w": 8.94521084628889, "x": 7.163022293216709, "y": 2.7079146575235766}, "datetime": {"datetime": "2024-02-25 09:55:31", "elapsed": 235.658244, "delta": 1.428248}}
{"target": -0.043331290321057946, "params": {"u": 12.420698079654516, "v": 3.9470442983047183, "w": 4.208176762189002, "x": 0.9612002512597901, "y": 4.407837406844976}, "datetime": {"datetime": "2024-02-25 09:55:33", "elapsed": 237.520239, "delta": 1.861995}}
{"target": 0.4757647609545526, "params": {"u": 8.241620869613005, "v": 2.6410104689792226, "w": 9.081669644956547, "x": 2.805938266928656, "y": 1.8392066908607785}, "datetime": {"datetime": "2024-02-25 09:55:35", "elapsed": 239.386512, "delta": 1.866273}}
{"target": 0.48155148849331236, "params": {"u": 6.827745575370353, "v": 2.055030788016295, "w": 10.387544820021818, "x": 1.6290525242753289, "y": 3.1701339028563837}, "datetime": {"datetime": "2024-02-25 09:55:36", "elapsed": 240.7233, "delta": 1.336788}}
{"target": 0.05509811612861628, "params": {"u": 4.9077060322266535, "v": 1.6994045507082265, "w": 5.725965883398011, "x": 4.3472341080608885, "y": 4.019772863604485}, "datetime": {"datetime": "2024-02-25 09:55:37", "elapsed": 242.241095, "delta": 1.517795}}
{"target": 0.3423026539648701, "params": {"u": 8.458015750227677, "v": 1.973373547262443, "w": 9.717518641969347, "x": 1.4036055769295341, "y": 3.4496866104696218}, "datetime": {"datetime": "2024-02-25 09:55:39", "elapsed": 243.435089, "delta": 1.193994}}
{"target": -0.14684230187975522, "params": {"u": 7.771593074355808, "v": 3.1150437814928154, "w": 9.576381869022164, "x": 2.1071787218335256, "y": 3.027126009242942}, "datetime": {"datetime": "2024-02-25 09:55:40", "elapsed": 245.001873, "delta": 1.566784}}
{"target": 0.8689512342085967, "params": {"u": 7.966726581777653, "v": 2.027667235898405, "w": 9.180315060595614, "x": 1.6811030486979246, "y": 3.660642343793905}, "datetime": {"datetime": "2024-02-25 09:55:42", "elapsed": 246.627897, "delta": 1.626024}}
{"target": -0.019275600796213842, "params": {"u": 3.74628285637648, "v": 11.876039100683387, "w": 1.5153025194438827, "x": 6.737651671137435, "y": 2.969749330448704}, "datetime": {"datetime": "2024-02-25 09:55:43", "elapsed": 247.977727, "delta": 1.34983}}
{"target": 0.8449067093660018, "params": {"u": 6.858183570529436, "v": 1.086314912363807, "w": 9.655120800809582, "x": 1.8395275880031559, "y": 3.654171988286841}, "datetime": {"datetime": "2024-02-25 09:55:45", "elapsed": 250.085271, "delta": 2.107544}}
{"target": 0.03033613960655104, "params": {"u": 2.936301280124684, "v": 10.454043522221003, "w": 2.0923172138714046, "x": 3.327380456606891, "y": 3.260985266373027}, "datetime": {"datetime": "2024-02-25 09:55:47", "elapsed": 251.935294, "delta": 1.850023}}
{"target": -0.0868019540193017, "params": {"u": 4.030246138640378, "v": 5.883608547813562, "w": 9.005948535829038, "x": 4.232737894064911, "y": 4.518075403301629}, "datetime": {"datetime": "2024-02-25 09:55:49", "elapsed": 253.388209, "delta": 1.452915}}
{"target": 0.6058729732736051, "params": {"u": 8.566206645581998, "v": 2.295637597695169, "w": 9.889682398207453, "x": 1.4556675942731898, "y": 4.190641220761727}, "datetime": {"datetime": "2024-02-25 09:55:51", "elapsed": 255.839619, "delta": 2.45141}}
{"target": -0.2980317657824073, "params": {"u": 6.68883980555741, "v": 1.1710871044964328, "w": 8.394699833478183, "x": 1.9721166925035853, "y": 4.572633003764502}, "datetime": {"datetime": "2024-02-25 09:55:53", "elapsed": 257.533854, "delta": 1.694235}}
{"target": 0.06511036712718526, "params": {"u": 10.434085314209632, "v": 5.639394411264844, "w": 4.702840158086792, "x": 2.0922146265890884, "y": 3.2757386028313267}, "datetime": {"datetime": "2024-02-25 09:55:54", "elapsed": 258.581411, "delta": 1.047557}}
{"target": 0.053803206171602315, "params": {"u": 3.2270288821429878, "v": 10.825107231984887, "w": 11.390726904979148, "x": 5.727617416738641, "y": 2.468719599322221}, "datetime": {"datetime": "2024-02-25 09:55:55", "elapsed": 259.925271, "delta": 1.34386}}
{"target": 0.039623309278614606, "params": {"u": 4.760854789023893, "v": 2.673763898345102, "w": 2.745186124948645, "x": 6.54383725729297, "y": 3.4687605574525135}, "datetime": {"datetime": "2024-02-25 09:55:56", "elapsed": 261.176805, "delta": 1.251534}}
{"target": -0.030838985595163033, "params": {"u": 10.127612571736524, "v": 10.895265623794558, "w": 3.5357193527787647, "x": 7.734831670369981, "y": 4.567734853562207}, "datetime": {"datetime": "2024-02-25 09:55:58", "elapsed": 262.428444, "delta": 1.251639}}
{"target": 0.20798141599516343, "params": {"u": 6.750708714093333, "v": 1.560281189378741, "w": 10.499136481589504, "x": 1.369776714355869, "y": 3.197730987566402}, "datetime": {"datetime": "2024-02-25 09:55:59", "elapsed": 264.018064, "delta": 1.58962}}
{"target": 0.6642234710410039, "params": {"u": 7.648121238074966, "v": 1.745290027740202, "w": 10.682419317708298, "x": 2.1071556184038434, "y": 2.8534844608101504}, "datetime": {"datetime": "2024-02-25 09:56:01", "elapsed": 266.177221, "delta": 2.159157}}
{"target": 0.6451127865655074, "params": {"u": 8.122724725761723, "v": 2.4301023637188517, "w": 9.681314832615538, "x": 1.5982801833123892, "y": 3.4682280507392127}, "datetime": {"datetime": "2024-02-25 09:56:02", "elapsed": 266.986466, "delta": 0.809245}}
{"target": 0.5988596852184624, "params": {"u": 8.457945189823915, "v": 2.2205216798978933, "w": 9.235804091945246, "x": 2.6697947015289976, "y": 2.508537317738576}, "datetime": {"datetime": "2024-02-25 09:56:04", "elapsed": 268.624681, "delta": 1.638215}}
{"target": 0.28241529442761343, "params": {"u": 7.624439806607816, "v": 1.7468076186500805, "w": 10.384870967997694, "x": 1.3325008848778968, "y": 3.56094673826266}, "datetime": {"datetime": "2024-02-25 09:56:06", "elapsed": 270.476384, "delta": 1.851703}}
{"target": -0.7040542662272886, "params": {"u": 7.19648028696211, "v": 1.1304861134655653, "w": 10.37229157172123, "x": 2.249043348156013, "y": 4.048849928511918}, "datetime": {"datetime": "2024-02-25 09:56:08", "elapsed": 272.761063, "delta": 2.284679}}
{"target": -0.012447596161194662, "params": {"u": 1.7195798552580501, "v": 11.597557544197775, "w": 8.25910095177591, "x": 2.951884036971211, "y": 2.9677285336444177}, "datetime": {"datetime": "2024-02-25 09:56:09", "elapsed": 274.039883, "delta": 1.27882}}
{"target": 0.8652723228200222, "params": {"u": 7.729655484759975, "v": 1.609462299824444, "w": 9.152320028264498, "x": 1.7804145565759861, "y": 3.531223540877003}, "datetime": {"datetime": "2024-02-25 09:56:11", "elapsed": 275.792007, "delta": 1.752124}}
{"target": 0.019676332278625613, "params": {"u": 10.5983963839614, "v": 11.627578245742761, "w": 2.482860857089816, "x": 7.482573364225966, "y": 1.7089303449560576}, "datetime": {"datetime": "2024-02-25 09:56:12", "elapsed": 276.841784, "delta": 1.049777}}
{"target": 0.24000559592910764, "params": {"u": 8.371383332149115, "v": 2.575325028465703, "w": 9.296513128643245, "x": 1.6995924205258768, "y": 2.437264526030235}, "datetime": {"datetime": "2024-02-25 09:56:13", "elapsed": 278.297972, "delta": 1.456188}}
{"target": -0.11319306673917584, "params": {"u": 8.939162453395673, "v": 2.2796323271843764, "w": 8.979344011971213, "x": 2.350917289630311, "y": 3.1612511330935633}, "datetime": {"datetime": "2024-02-25 09:56:16", "elapsed": 280.382869, "delta": 2.084897}}
{"target": -0.06873057896491286, "params": {"u": 8.557805618940563, "v": 6.3216533750464174, "w": 4.855987946312499, "x": 1.4321313187389553, "y": 4.040189812737316}, "datetime": {"datetime": "2024-02-25 09:56:17", "elapsed": 281.698061, "delta": 1.315192}}
{"target": 0.6495872852898459, "params": {"u": 8.35435277550446, "v": 2.144003797318431, "w": 10.441824466149772, "x": 2.1174302965205998, "y": 2.815634926460352}, "datetime": {"datetime": "2024-02-25 09:56:21", "elapsed": 285.765366, "delta": 4.067305}}
{"target": 0.6983047098634629, "params": {"u": 7.816183243637063, "v": 1.0702148303878967, "w": 10.441957395653892, "x": 1.887441473175337, "y": 3.121817810606464}, "datetime": {"datetime": "2024-02-25 09:56:22", "elapsed": 287.330884, "delta": 1.565518}}
{"target": 0.03542604356052242, "params": {"u": 11.137896019443476, "v": 11.373628780646163, "w": 6.492428912123485, "x": 1.6811493833132158, "y": 0.9870803627401138}, "datetime": {"datetime": "2024-02-25 09:56:24", "elapsed": 289.209924, "delta": 1.87904}}
{"target": -0.04275220035391648, "params": {"u": 4.841749838374019, "v": 5.556453977384519, "w": 12.68554959210024, "x": 7.189460954689302, "y": 2.6764362862755946}, "datetime": {"datetime": "2024-02-25 09:56:25", "elapsed": 290.312161, "delta": 1.102237}}
{"target": 0.10414688663501523, "params": {"u": 9.793365767106273, "v": 4.101725463026693, "w": 9.70441595159898, "x": 5.3915468338879196, "y": 0.5594729254978392}, "datetime": {"datetime": "2024-02-25 09:56:27", "elapsed": 291.38638, "delta": 1.074219}}
{"target": -0.023133818404373237, "params": {"u": 1.162266646917383, "v": 2.840356157927518, "w": 5.532404577018499, "x": 6.58636152150349, "y": 1.9804693678453338}, "datetime": {"datetime": "2024-02-25 09:56:28", "elapsed": 292.353016, "delta": 0.966636}}
{"target": 0.011502351518875518, "params": {"u": 8.700102372731024, "v": 1.7788527881742033, "w": 7.678605265961236, "x": 7.071886401094637, "y": 0.3466950564405734}, "datetime": {"datetime": "2024-02-25 09:56:29", "elapsed": 293.384858, "delta": 1.031842}}
{"target": 0.06825076163657598, "params": {"u": 10.46561470067123, "v": 12.994436188797142, "w": 1.1058145271066406, "x": 5.3508430566429475, "y": 0.8003436200277756}, "datetime": {"datetime": "2024-02-25 09:56:30", "elapsed": 294.621248, "delta": 1.23639}}
{"target": 0.7004324264516923, "params": {"u": 6.796649084727246, "v": 1.374813784200485, "w": 9.93849188108921, "x": 1.5161275607467035, "y": 3.7625841840342544}, "datetime": {"datetime": "2024-02-25 09:56:31", "elapsed": 295.888598, "delta": 1.26735}}
{"target": 0.39744814385770394, "params": {"u": 7.630385019036353, "v": 1.3017793850214772, "w": 9.792412516972535, "x": 1.4378167381439086, "y": 4.540526381634351}, "datetime": {"datetime": "2024-02-25 09:56:34", "elapsed": 299.1006, "delta": 3.212002}}
{"target": -0.060908689441268545, "params": {"u": 12.746956204628631, "v": 12.998993257510689, "w": 10.710572493706263, "x": 6.920075058344179, "y": 3.967262586821199}, "datetime": {"datetime": "2024-02-25 09:56:36", "elapsed": 301.113492, "delta": 2.012892}}
{"target": 0.9191984664958617, "params": {"u": 6.260812291878873, "v": 1.1921912996152595, "w": 9.550163783980313, "x": 1.7161909155494373, "y": 4.185604048004838}, "datetime": {"datetime": "2024-02-25 09:56:40", "elapsed": 305.315897, "delta": 4.202405}}
{"target": 0.3198230296090969, "params": {"u": 7.534994493014105, "v": 1.5788656126985838, "w": 10.788080741497335, "x": 2.910923309778636, "y": 2.6662121575039137}, "datetime": {"datetime": "2024-02-25 09:56:43", "elapsed": 307.893794, "delta": 2.577897}}
