{"target": -0.6760191315542793, "params": {"colsample_bytree": 0.8791393290766407, "learning_rate": 0.36727301767924836, "max_bin_exp": 9.901055902794475, "max_depth": 4.535309667145643, "n_estimators": 4422.232353618987, "reg_alpha": 0.09528038418307272, "reg_lambda": 0.058440685378577384}, "datetime": {"datetime": "2024-02-19 17:49:53", "elapsed": 836.097372, "delta": 4.257702}}
{"target": -0.8387768075057379, "params": {"colsample_bytree": 0.7720812051265471, "learning_rate": 0.45401235625597225, "max_bin_exp": 5.126468747541848, "max_depth": 5.7926864873303465, "n_estimators": 4298.895080864698, "reg_alpha": 2.792857831102612, "reg_lambda": 0.23754440328754334}, "datetime": {"datetime": "2024-02-19 17:49:57", "elapsed": 840.227903, "delta": 4.130531}}
{"target": -0.7768979475400188, "params": {"colsample_bytree": 0.9499479385804761, "learning_rate": 0.2534925191868189, "max_bin_exp": 5.607916120128911, "max_depth": 5.440503968007991, "n_estimators": 4310.062875488435, "reg_alpha": 0.2753147460874328, "reg_lambda": 2.8663401245278464}, "datetime": {"datetime": "2024-02-19 17:50:02", "elapsed": 844.838458, "delta": 4.610555}}
{"target": -0.7169641658578302, "params": {"colsample_bytree": 0.46337817802018466, "learning_rate": 0.46357647200533997, "max_bin_exp": 8.130046528763476, "max_depth": 5.812665358038831, "n_estimators": 4422.958832651577, "reg_alpha": 1.6351747334391642, "reg_lambda": 0.7246070570457785}, "datetime": {"datetime": "2024-02-19 17:50:07", "elapsed": 849.907401, "delta": 5.068943}}
{"target": -0.85984708221516, "params": {"colsample_bytree": 1.0, "learning_rate": 0.001, "max_bin_exp": 8.165979910934242, "max_depth": 6.0, "n_estimators": 4395.391537110093, "reg_alpha": 3.0, "reg_lambda": 0.0}, "datetime": {"datetime": "2024-02-19 17:50:14", "elapsed": 856.625651, "delta": 6.71825}}
{"target": -0.6791350002788077, "params": {"colsample_bytree": 0.536583271955503, "learning_rate": 0.4762531874383628, "max_bin_exp": 9.90857901076699, "max_depth": 4.621795603516608, "n_estimators": 1966.3759389159577, "reg_alpha": 0.5584998999550018, "reg_lambda": 2.1828794582246633}, "datetime": {"datetime": "2024-02-19 17:50:15", "elapsed": 858.44406, "delta": 1.818409}}
{"target": -0.6431670927120116, "params": {"colsample_bytree": 0.6294803713469221, "learning_rate": 0.21684995524980277, "max_bin_exp": 9.994901714523984, "max_depth": 4.484746862617893, "n_estimators": 4273.864632285244, "reg_alpha": 0.11115470895719926, "reg_lambda": 2.8738525258921244}, "datetime": {"datetime": "2024-02-19 17:50:20", "elapsed": 862.743, "delta": 4.29894}}
{"target": -1.827015091062706, "params": {"colsample_bytree": 1.0, "learning_rate": 0.5, "max_bin_exp": 5.238338851742246, "max_depth": 1.442806267689766, "n_estimators": 4397.962967180155, "reg_alpha": 3.0, "reg_lambda": 2.1308560731167905}, "datetime": {"datetime": "2024-02-19 17:50:21", "elapsed": 864.4581, "delta": 1.7151}}
{"target": -0.668274490933969, "params": {"colsample_bytree": 0.8158010306939556, "learning_rate": 0.3879757071238362, "max_bin_exp": 9.444604498964793, "max_depth": 5.979075815127107, "n_estimators": 1618.8504011858106, "reg_alpha": 2.83563508763313, "reg_lambda": 0.5053724314758541}, "datetime": {"datetime": "2024-02-19 17:50:24", "elapsed": 866.791264, "delta": 2.333164}}
{"target": -0.7080827329130988, "params": {"colsample_bytree": 0.5841630081738143, "learning_rate": 0.4767055865829961, "max_bin_exp": 8.94876473514538, "max_depth": 5.698972367549671, "n_estimators": 1622.5456711341994, "reg_alpha": 2.8223428787341387, "reg_lambda": 0.49876478811953895}, "datetime": {"datetime": "2024-02-19 17:50:26", "elapsed": 868.914944, "delta": 2.12368}}
{"target": -0.7267035425814814, "params": {"colsample_bytree": 0.9275456943327285, "learning_rate": 0.3770729424833738, "max_bin_exp": 9.672455110205684, "max_depth": 2.70448974729454, "n_estimators": 4299.159801919595, "reg_alpha": 2.246678476799865, "reg_lambda": 2.5607002527912592}, "datetime": {"datetime": "2024-02-19 17:50:29", "elapsed": 871.617188, "delta": 2.702244}}
{"target": -0.9106010640242466, "params": {"colsample_bytree": 0.2, "learning_rate": 0.5, "max_bin_exp": 8.285032908135223, "max_depth": 6.0, "n_estimators": 1604.4568959982914, "reg_alpha": 3.0, "reg_lambda": 0.0}, "datetime": {"datetime": "2024-02-19 17:50:31", "elapsed": 873.824191, "delta": 2.207003}}
{"target": -0.7258682430401072, "params": {"colsample_bytree": 1.0, "learning_rate": 0.5, "max_bin_exp": 10.0, "max_depth": 4.9208079424799225, "n_estimators": 4432.615237775315, "reg_alpha": 1.1884099196639943, "reg_lambda": 0.0}, "datetime": {"datetime": "2024-02-19 17:50:36", "elapsed": 878.701702, "delta": 4.877511}}
{"target": -0.6624775266976739, "params": {"colsample_bytree": 0.8041706668274611, "learning_rate": 0.4797015256357103, "max_bin_exp": 9.900881104864496, "max_depth": 5.28689052104674, "n_estimators": 4390.1599000658425, "reg_alpha": 0.8193767906460303, "reg_lambda": 2.7123521400381643}, "datetime": {"datetime": "2024-02-19 17:50:41", "elapsed": 884.190866, "delta": 5.489164}}
{"target": -3.142516086679026, "params": {"colsample_bytree": 0.8904562650390662, "learning_rate": 0.49360968322711923, "max_bin_exp": 4.211418637046134, "max_depth": 1.0173356345233038, "n_estimators": 4278.125184160317, "reg_alpha": 2.930740312706972, "reg_lambda": 2.5638801054169926}, "datetime": {"datetime": "2024-02-19 17:50:43", "elapsed": 885.801018, "delta": 1.610152}}
{"target": -0.744146283066296, "params": {"colsample_bytree": 0.7296592532513799, "learning_rate": 0.0699430806103738, "max_bin_exp": 5.804160277454872, "max_depth": 5.802430878901238, "n_estimators": 4434.232562949458, "reg_alpha": 0.5408540800545353, "reg_lambda": 2.759783051096709}, "datetime": {"datetime": "2024-02-19 17:50:47", "elapsed": 889.90724, "delta": 4.106222}}
{"target": -0.6621359200377384, "params": {"colsample_bytree": 0.6475862294356254, "learning_rate": 0.3112181212667367, "max_bin_exp": 9.777237797154452, "max_depth": 5.239378536534081, "n_estimators": 4316.821605474401, "reg_alpha": 0.08340389910147583, "reg_lambda": 0.45155999936892044}, "datetime": {"datetime": "2024-02-19 17:50:52", "elapsed": 895.20873, "delta": 5.30149}}
{"target": -0.7415623551215277, "params": {"colsample_bytree": 0.4083637533190313, "learning_rate": 0.372796615911856, "max_bin_exp": 8.22154148645588, "max_depth": 2.6106722818995243, "n_estimators": 1962.9130707068687, "reg_alpha": 2.714648527584715, "reg_lambda": 0.9810359195660444}, "datetime": {"datetime": "2024-02-19 17:50:53", "elapsed": 896.544054, "delta": 1.335324}}
{"target": -0.6161637584194033, "params": {"colsample_bytree": 0.8584772068476583, "learning_rate": 0.24593600863213577, "max_bin_exp": 9.876782400533227, "max_depth": 5.549725585266061, "n_estimators": 4370.539577710335, "reg_alpha": 0.09518263336424437, "reg_lambda": 2.95454753139547}, "datetime": {"datetime": "2024-02-19 17:50:59", "elapsed": 901.691112, "delta": 5.147058}}
{"target": -0.6496266058247998, "params": {"colsample_bytree": 0.4359501931834102, "learning_rate": 0.21261321484394202, "max_bin_exp": 9.695960613774927, "max_depth": 5.83164045884748, "n_estimators": 4272.951639903375, "reg_alpha": 2.7272883099677943, "reg_lambda": 2.7787844918549176}, "datetime": {"datetime": "2024-02-19 17:51:04", "elapsed": 906.804436, "delta": 5.113324}}
{"target": -0.8610784143758827, "params": {"colsample_bytree": 0.20564193241440637, "learning_rate": 0.1214500107864037, "max_bin_exp": 6.307969468040838, "max_depth": 3.6509463852537185, "n_estimators": 4311.109379402247, "reg_alpha": 2.185326561289223, "reg_lambda": 0.06840949699625087}, "datetime": {"datetime": "2024-02-19 17:51:06", "elapsed": 909.359597, "delta": 2.555161}}
{"target": -0.6490530152277542, "params": {"colsample_bytree": 1.0, "learning_rate": 0.5, "max_bin_exp": 10.0, "max_depth": 6.0, "n_estimators": 4435.876071405724, "reg_alpha": 3.0, "reg_lambda": 0.9602519055145048}, "datetime": {"datetime": "2024-02-19 17:51:14", "elapsed": 916.781779, "delta": 7.422182}}
{"target": -0.6734718192568101, "params": {"colsample_bytree": 1.0, "learning_rate": 0.5, "max_bin_exp": 6.709473477951863, "max_depth": 6.0, "n_estimators": 1599.4384322745013, "reg_alpha": 3.0, "reg_lambda": 1.8086348470171698}, "datetime": {"datetime": "2024-02-19 17:51:16", "elapsed": 919.371731, "delta": 2.589952}}
{"target": -0.6246600051682409, "params": {"colsample_bytree": 0.6010523922943336, "learning_rate": 0.027257329977794377, "max_bin_exp": 8.572917530072, "max_depth": 4.124765593443557, "n_estimators": 4370.946202245399, "reg_alpha": 2.128136372496242, "reg_lambda": 2.8217211983982047}, "datetime": {"datetime": "2024-02-19 17:51:20", "elapsed": 923.347883, "delta": 3.976152}}
{"target": -3.0959951353401602, "params": {"colsample_bytree": 1.0, "learning_rate": 0.001, "max_bin_exp": 7.198311147133389, "max_depth": 2.8158686865129576, "n_estimators": 4402.236253569518, "reg_alpha": 0.0, "reg_lambda": 0.0}, "datetime": {"datetime": "2024-02-19 17:51:23", "elapsed": 925.782931, "delta": 2.435048}}
{"target": -0.638426696308557, "params": {"colsample_bytree": 1.0, "learning_rate": 0.5, "max_bin_exp": 9.428065661391189, "max_depth": 6.0, "n_estimators": 4438.248896755696, "reg_alpha": 3.0, "reg_lambda": 3.0}, "datetime": {"datetime": "2024-02-19 17:51:29", "elapsed": 931.704721, "delta": 5.92179}}
{"target": -4.285512815666197, "params": {"colsample_bytree": 0.2, "learning_rate": 0.001, "max_bin_exp": 4.0, "max_depth": 3.418536201988858, "n_estimators": 1961.1177442396156, "reg_alpha": 0.0, "reg_lambda": 0.0}, "datetime": {"datetime": "2024-02-19 17:51:30", "elapsed": 932.97172, "delta": 1.266999}}
{"target": -0.6252984435028249, "params": {"colsample_bytree": 0.929613679086583, "learning_rate": 0.3015586467458011, "max_bin_exp": 9.199454244264725, "max_depth": 4.863808367127625, "n_estimators": 1962.3262609289316, "reg_alpha": 0.3191652637931689, "reg_lambda": 1.1468338706339503}, "datetime": {"datetime": "2024-02-19 17:51:32", "elapsed": 934.880818, "delta": 1.909098}}
{"target": -0.6465350212511769, "params": {"colsample_bytree": 1.0, "learning_rate": 0.5, "max_bin_exp": 10.0, "max_depth": 6.0, "n_estimators": 4279.021700971484, "reg_alpha": 0.0, "reg_lambda": 1.81558832207724}, "datetime": {"datetime": "2024-02-19 17:51:40", "elapsed": 942.642417, "delta": 7.761599}}
{"target": -0.8552154868202683, "params": {"colsample_bytree": 0.21965813597434902, "learning_rate": 0.45479506995837665, "max_bin_exp": 9.786857010465926, "max_depth": 2.009152608511379, "n_estimators": 4426.356274717823, "reg_alpha": 0.7125683705051102, "reg_lambda": 0.4414048236719402}, "datetime": {"datetime": "2024-02-19 17:51:42", "elapsed": 945.03864, "delta": 2.396223}}
{"target": -0.6829846069495019, "params": {"colsample_bytree": 0.6506251734170585, "learning_rate": 0.35079528548078714, "max_bin_exp": 8.22199140363513, "max_depth": 3.0749872571848544, "n_estimators": 1964.159909942616, "reg_alpha": 0.4191134039813347, "reg_lambda": 2.4764261239127583}, "datetime": {"datetime": "2024-02-19 17:51:44", "elapsed": 946.637679, "delta": 1.599039}}
{"target": -1.1645821080626175, "params": {"colsample_bytree": 1.0, "learning_rate": 0.5, "max_bin_exp": 4.400640933228091, "max_depth": 3.823127906732336, "n_estimators": 4363.351495475195, "reg_alpha": 0.0, "reg_lambda": 0.25148103354983475}, "datetime": {"datetime": "2024-02-19 17:51:46", "elapsed": 949.576849, "delta": 2.93917}}
{"target": -0.7242125259269068, "params": {"colsample_bytree": 0.8398090813745827, "learning_rate": 0.48744475567694157, "max_bin_exp": 9.58960496141732, "max_depth": 3.866473806751771, "n_estimators": 4406.313289976559, "reg_alpha": 0.1773059910082453, "reg_lambda": 1.1976168966696683}, "datetime": {"datetime": "2024-02-19 17:51:50", "elapsed": 953.186154, "delta": 3.609305}}
{"target": -0.6446722407706569, "params": {"colsample_bytree": 0.8075751912150195, "learning_rate": 0.13120146117025028, "max_bin_exp": 9.824759321686722, "max_depth": 3.8721848361796463, "n_estimators": 4371.425433329727, "reg_alpha": 0.19067296341263473, "reg_lambda": 0.6546077737438315}, "datetime": {"datetime": "2024-02-19 17:51:54", "elapsed": 956.697598, "delta": 3.511444}}
{"target": -1.7983759694797552, "params": {"colsample_bytree": 1.0, "learning_rate": 0.001, "max_bin_exp": 7.8999526976084695, "max_depth": 5.732128899338046, "n_estimators": 1961.4358232439058, "reg_alpha": 2.675283083397659, "reg_lambda": 0.0}, "datetime": {"datetime": "2024-02-19 17:51:56", "elapsed": 959.016231, "delta": 2.318633}}
{"target": -3.880260861699623, "params": {"colsample_bytree": 0.2, "learning_rate": 0.001, "max_bin_exp": 8.099551943664723, "max_depth": 6.0, "n_estimators": 1596.2986192673725, "reg_alpha": 0.0, "reg_lambda": 3.0}, "datetime": {"datetime": "2024-02-19 17:51:59", "elapsed": 961.717173, "delta": 2.700942}}
{"target": -0.6501179799091118, "params": {"colsample_bytree": 0.7074748412445253, "learning_rate": 0.19524499980366233, "max_bin_exp": 9.605079327745717, "max_depth": 4.335968103673878, "n_estimators": 4278.848126871624, "reg_alpha": 1.8083326134624742, "reg_lambda": 2.7761693613587317}, "datetime": {"datetime": "2024-02-19 17:52:03", "elapsed": 966.407155, "delta": 4.689982}}
{"target": -0.7218099672445351, "params": {"colsample_bytree": 0.4951864955346764, "learning_rate": 0.4267994824393115, "max_bin_exp": 9.44863398694708, "max_depth": 2.661562265094674, "n_estimators": 4423.845752724523, "reg_alpha": 2.5132458977179954, "reg_lambda": 1.6847383694124747}, "datetime": {"datetime": "2024-02-19 17:52:06", "elapsed": 969.232297, "delta": 2.825142}}
{"target": -0.6238790320062382, "params": {"colsample_bytree": 0.7096002238140648, "learning_rate": 0.06473678221437314, "max_bin_exp": 7.097656125888852, "max_depth": 5.189018580141096, "n_estimators": 1618.0657489299197, "reg_alpha": 2.7259102870608407, "reg_lambda": 2.9075991700598847}, "datetime": {"datetime": "2024-02-19 17:52:08", "elapsed": 971.452847, "delta": 2.22055}}
{"target": -0.6766511740179203, "params": {"colsample_bytree": 0.5356417411568077, "learning_rate": 0.21298002940324928, "max_bin_exp": 7.794659803702611, "max_depth": 5.906223193729889, "n_estimators": 1975.2915971421946, "reg_alpha": 0.3274420161414483, "reg_lambda": 2.6083282550812052}, "datetime": {"datetime": "2024-02-19 17:52:11", "elapsed": 973.684629, "delta": 2.231782}}
{"target": -0.6145371529026986, "params": {"colsample_bytree": 0.8113284458503476, "learning_rate": 0.16442858395208235, "max_bin_exp": 8.964198236659263, "max_depth": 4.978264556956405, "n_estimators": 1601.2552215508813, "reg_alpha": 1.117134943833361, "reg_lambda": 2.9248647989482035}, "datetime": {"datetime": "2024-02-19 17:52:12", "elapsed": 975.553867, "delta": 1.869238}}
{"target": -1.155012314770002, "params": {"colsample_bytree": 1.0, "learning_rate": 0.5, "max_bin_exp": 4.0, "max_depth": 5.514989242521547, "n_estimators": 1598.3178268985937, "reg_alpha": 2.3080866735066317, "reg_lambda": 0.0}, "datetime": {"datetime": "2024-02-19 17:52:15", "elapsed": 977.625942, "delta": 2.072075}}
{"target": -0.8896503574505651, "params": {"colsample_bytree": 0.2814527895217017, "learning_rate": 0.49452219615256116, "max_bin_exp": 7.471356653391052, "max_depth": 5.867601374455689, "n_estimators": 4312.433105545523, "reg_alpha": 2.5449063186647245, "reg_lambda": 2.146798288893561}, "datetime": {"datetime": "2024-02-19 17:52:19", "elapsed": 982.362366, "delta": 4.736424}}
{"target": -0.6474078860346045, "params": {"colsample_bytree": 1.0, "learning_rate": 0.5, "max_bin_exp": 8.980306296493774, "max_depth": 6.0, "n_estimators": 4399.530278641362, "reg_alpha": 0.0, "reg_lambda": 3.0}, "datetime": {"datetime": "2024-02-19 17:52:26", "elapsed": 989.435988, "delta": 7.073622}}
{"target": -0.618589032374771, "params": {"colsample_bytree": 0.7821451991643149, "learning_rate": 0.07838956402788347, "max_bin_exp": 9.76136962658147, "max_depth": 5.130530368265049, "n_estimators": 1610.525982100507, "reg_alpha": 0.29300027257320704, "reg_lambda": 0.03499803980164584}, "datetime": {"datetime": "2024-02-19 17:52:29", "elapsed": 991.924401, "delta": 2.488413}}
{"target": -0.8773934189559793, "params": {"colsample_bytree": 0.2105035989057142, "learning_rate": 0.4060987094882323, "max_bin_exp": 9.858069939038, "max_depth": 3.4765621923642906, "n_estimators": 4311.654718967071, "reg_alpha": 0.03706603705626721, "reg_lambda": 2.854176994729277}, "datetime": {"datetime": "2024-02-19 17:52:32", "elapsed": 995.089745, "delta": 3.165344}}
{"target": -0.8887738073181498, "params": {"colsample_bytree": 0.2788596205741505, "learning_rate": 0.06405042329144674, "max_bin_exp": 7.965348718820584, "max_depth": 5.656870552166469, "n_estimators": 1610.6974605424584, "reg_alpha": 2.2145702326659142, "reg_lambda": 1.4473701432948163}, "datetime": {"datetime": "2024-02-19 17:52:34", "elapsed": 996.988179, "delta": 1.898434}}
{"target": -1.0519955809954684, "params": {"colsample_bytree": 0.7780288691352031, "learning_rate": 0.007352917197085913, "max_bin_exp": 4.267399748093185, "max_depth": 5.582144619705436, "n_estimators": 4434.520691381265, "reg_alpha": 2.4336149982658135, "reg_lambda": 1.374376420337716}, "datetime": {"datetime": "2024-02-19 17:52:38", "elapsed": 1001.33436, "delta": 4.346181}}
{"target": -0.6948181369559941, "params": {"colsample_bytree": 1.0, "learning_rate": 0.5, "max_bin_exp": 10.0, "max_depth": 5.523360382720832, "n_estimators": 1980.9129755949643, "reg_alpha": 3.0, "reg_lambda": 0.0}, "datetime": {"datetime": "2024-02-19 17:52:41", "elapsed": 1003.989511, "delta": 2.655151}}
{"target": -1.4131855538312146, "params": {"colsample_bytree": 1.0, "learning_rate": 0.001, "max_bin_exp": 6.7866173820676785, "max_depth": 6.0, "n_estimators": 1982.4580597993531, "reg_alpha": 3.0, "reg_lambda": 0.0}, "datetime": {"datetime": "2024-02-19 17:52:44", "elapsed": 1006.841701, "delta": 2.85219}}
{"target": -0.6944162589170639, "params": {"colsample_bytree": 0.5484794762782403, "learning_rate": 0.45790002683443204, "max_bin_exp": 8.232844688428504, "max_depth": 5.902956789725596, "n_estimators": 4318.738679310537, "reg_alpha": 0.2639615001672091, "reg_lambda": 2.76653106394838}, "datetime": {"datetime": "2024-02-19 17:52:49", "elapsed": 1012.04509, "delta": 5.203389}}
{"target": -0.6447566128032679, "params": {"colsample_bytree": 0.6863593841598374, "learning_rate": 0.08922988283195547, "max_bin_exp": 8.929275703454092, "max_depth": 3.6382415245533677, "n_estimators": 1965.1176713487737, "reg_alpha": 1.5647348438681372, "reg_lambda": 0.30669826349070384}, "datetime": {"datetime": "2024-02-19 17:52:51", "elapsed": 1013.635764, "delta": 1.590674}}
{"target": -0.8185808651608111, "params": {"colsample_bytree": 0.3434219043215775, "learning_rate": 0.4103139484086738, "max_bin_exp": 9.858578511909592, "max_depth": 5.922526518803775, "n_estimators": 4372.706689932938, "reg_alpha": 1.809494109166253, "reg_lambda": 0.034156856628241083}, "datetime": {"datetime": "2024-02-19 17:52:56", "elapsed": 1018.989363, "delta": 5.353599}}
{"target": -0.6945381337721429, "params": {"colsample_bytree": 0.6991482602378287, "learning_rate": 0.1818314887968388, "max_bin_exp": 6.655999651906512, "max_depth": 5.516180447072864, "n_estimators": 4415.05350237384, "reg_alpha": 0.01420965159083698, "reg_lambda": 0.013892578577054282}, "datetime": {"datetime": "2024-02-19 17:53:01", "elapsed": 1023.98605, "delta": 4.996687}}
{"target": -1.8275628303916918, "params": {"colsample_bytree": 0.2, "learning_rate": 0.5, "max_bin_exp": 5.396556512622143, "max_depth": 6.0, "n_estimators": 1618.7796144420804, "reg_alpha": 3.0, "reg_lambda": 0.39902241646142067}, "datetime": {"datetime": "2024-02-19 17:53:03", "elapsed": 1026.214342, "delta": 2.228292}}
{"target": -1.169460078943032, "params": {"colsample_bytree": 0.785879458739462, "learning_rate": 0.19466258801524966, "max_bin_exp": 9.605461548840442, "max_depth": 1.255547474771184, "n_estimators": 4371.714533434424, "reg_alpha": 0.9474242727532016, "reg_lambda": 2.9533332505087966}, "datetime": {"datetime": "2024-02-19 17:53:05", "elapsed": 1028.239353, "delta": 2.025011}}
{"target": -3.105528776559557, "params": {"colsample_bytree": 0.2, "learning_rate": 0.001, "max_bin_exp": 7.752483606332555, "max_depth": 6.0, "n_estimators": 4285.009023231781, "reg_alpha": 0.0, "reg_lambda": 3.0}, "datetime": {"datetime": "2024-02-19 17:53:10", "elapsed": 1033.21325, "delta": 4.973897}}
{"target": -0.7962511126316796, "params": {"colsample_bytree": 1.0, "learning_rate": 0.5, "max_bin_exp": 5.867062939937593, "max_depth": 6.0, "n_estimators": 4287.570831237786, "reg_alpha": 3.0, "reg_lambda": 0.0}, "datetime": {"datetime": "2024-02-19 17:53:16", "elapsed": 1039.117973, "delta": 5.904723}}
{"target": -0.6770336936795625, "params": {"colsample_bytree": 0.8957682133337008, "learning_rate": 0.44067348249289146, "max_bin_exp": 8.27646368293206, "max_depth": 5.8560119128390165, "n_estimators": 4308.1612495579375, "reg_alpha": 1.517075060739784, "reg_lambda": 1.4662516881807557}, "datetime": {"datetime": "2024-02-19 17:53:21", "elapsed": 1044.449545, "delta": 5.331572}}
{"target": -0.8981579351731697, "params": {"colsample_bytree": 0.21616506650114778, "learning_rate": 0.4927895916617038, "max_bin_exp": 9.124092235215345, "max_depth": 5.129790169599319, "n_estimators": 1620.1445047171921, "reg_alpha": 2.30107662534583, "reg_lambda": 2.9034187469536104}, "datetime": {"datetime": "2024-02-19 17:53:23", "elapsed": 1046.548728, "delta": 2.099183}}
{"target": -0.7299325104597018, "params": {"colsample_bytree": 0.39926880770250234, "learning_rate": 0.19496610641758538, "max_bin_exp": 9.464157035696156, "max_depth": 4.373394139621893, "n_estimators": 4284.315073806732, "reg_alpha": 1.2879405014210046, "reg_lambda": 0.024751262098033355}, "datetime": {"datetime": "2024-02-19 17:53:28", "elapsed": 1050.73198, "delta": 4.183252}}
