{"target": -0.7029625579816973, "params": {"colsample_bytree": 0.5613194447019458, "learning_rate": 0.38284887804813833, "max_bin_exp": 8.354812698215545, "max_depth": 5.513365126583068, "n_estimators": 2610.585073477178, "reg_alpha": 2.338486976093497, "reg_lambda": 2.254905358743245}, "datetime": {"datetime": "2024-02-19 16:22:54", "elapsed": 1146.993592, "delta": 3.713852}}
{"target": -0.8806851303245645, "params": {"colsample_bytree": 0.23130391827236674, "learning_rate": 0.16336962615275236, "max_bin_exp": 7.014147471193726, "max_depth": 4.229022367692515, "n_estimators": 2609.524307757036, "reg_alpha": 1.2822817361299823, "reg_lambda": 1.154672736752667}, "datetime": {"datetime": "2024-02-19 16:22:57", "elapsed": 1149.905541, "delta": 2.911949}}
{"target": -0.6980425225941345, "params": {"colsample_bytree": 0.7888107033438176, "learning_rate": 0.4659783840705251, "max_bin_exp": 9.96234508043003, "max_depth": 4.036214940729409, "n_estimators": 2609.8580481232175, "reg_alpha": 1.5350445450625367, "reg_lambda": 0.3971733265276264}, "datetime": {"datetime": "2024-02-19 16:23:00", "elapsed": 1152.930132, "delta": 3.024591}}
{"target": -0.6316424574799906, "params": {"colsample_bytree": 0.6789067873689445, "learning_rate": 0.09255276440543447, "max_bin_exp": 9.248480260955624, "max_depth": 3.0028629857358893, "n_estimators": 2611.4634329911305, "reg_alpha": 1.2752144127065268, "reg_lambda": 1.824146460256486}, "datetime": {"datetime": "2024-02-19 16:23:03", "elapsed": 1155.33478, "delta": 2.404648}}
{"target": -0.702575336729049, "params": {"colsample_bytree": 0.7979494156664715, "learning_rate": 0.011067790362551743, "max_bin_exp": 9.490326449260044, "max_depth": 4.102472153912878, "n_estimators": 2607.78873092312, "reg_alpha": 1.6010789030600165, "reg_lambda": 1.134059851532121}, "datetime": {"datetime": "2024-02-19 16:23:06", "elapsed": 1158.67275, "delta": 3.33797}}
{"target": -2.3905791583333333, "params": {"colsample_bytree": 1.0, "learning_rate": 0.001, "max_bin_exp": 6.17505961670743, "max_depth": 4.992148292593999, "n_estimators": 2563.4651571582176, "reg_alpha": 0.7595794962201741, "reg_lambda": 2.475918813333172}, "datetime": {"datetime": "2024-02-19 16:23:09", "elapsed": 1161.253474, "delta": 2.580724}}
{"target": -2.0038968898040252, "params": {"colsample_bytree": 0.7776896474361168, "learning_rate": 0.1631368202125923, "max_bin_exp": 9.423858363147087, "max_depth": 1.95234158276157, "n_estimators": 2610.4264400218262, "reg_alpha": 1.6455565429186727, "reg_lambda": 1.5087765396550878}, "datetime": {"datetime": "2024-02-19 16:23:10", "elapsed": 1163.074517, "delta": 1.821043}}
{"target": -0.700865467960658, "params": {"colsample_bytree": 0.4236807179457386, "learning_rate": 0.30942828865480193, "max_bin_exp": 9.416581666470298, "max_depth": 4.66094226306235, "n_estimators": 2611.6897249558674, "reg_alpha": 0.021531096076921385, "reg_lambda": 1.8787798925522994}, "datetime": {"datetime": "2024-02-19 16:23:13", "elapsed": 1165.832382, "delta": 2.757865}}
{"target": -0.6372152739524481, "params": {"colsample_bytree": 0.924488152245728, "learning_rate": 0.11449257472401568, "max_bin_exp": 9.183331131427227, "max_depth": 3.864268992457235, "n_estimators": 2603.543827766869, "reg_alpha": 0.5572517190930598, "reg_lambda": 0.08847515909586023}, "datetime": {"datetime": "2024-02-19 16:23:16", "elapsed": 1168.267377, "delta": 2.434995}}
{"target": -0.6494121304441061, "params": {"colsample_bytree": 0.9749299116781931, "learning_rate": 0.3606171846997449, "max_bin_exp": 8.594530676404995, "max_depth": 4.349298122881274, "n_estimators": 2611.7983209552012, "reg_alpha": 2.248309334138508, "reg_lambda": 2.7429404046707115}, "datetime": {"datetime": "2024-02-19 16:23:19", "elapsed": 1172.133681, "delta": 3.866304}}
{"target": -0.8161935587243261, "params": {"colsample_bytree": 0.6434311855144923, "learning_rate": 0.28801233725753245, "max_bin_exp": 5.711954501226195, "max_depth": 2.92198994966182, "n_estimators": 2566.56860450503, "reg_alpha": 1.7860425724204814, "reg_lambda": 2.6481992199737934}, "datetime": {"datetime": "2024-02-19 16:23:22", "elapsed": 1174.80711, "delta": 2.673429}}
{"target": -0.8928219882518243, "params": {"colsample_bytree": 0.2641291247316727, "learning_rate": 0.1647129384230567, "max_bin_exp": 8.603309540368665, "max_depth": 3.4643368202430738, "n_estimators": 2612.824184655461, "reg_alpha": 2.5089421057855055, "reg_lambda": 1.0990771933998986}, "datetime": {"datetime": "2024-02-19 16:23:24", "elapsed": 1177.028844, "delta": 2.221734}}
{"target": -0.6792927024938206, "params": {"colsample_bytree": 0.791971478729218, "learning_rate": 0.4799050874771028, "max_bin_exp": 9.990772438815728, "max_depth": 5.788515573901429, "n_estimators": 2610.146009054592, "reg_alpha": 0.7754309422468499, "reg_lambda": 2.1613056050082626}, "datetime": {"datetime": "2024-02-19 16:23:29", "elapsed": 1181.351493, "delta": 4.322649}}
{"target": -0.6369996904697798, "params": {"colsample_bytree": 0.6020464542677442, "learning_rate": 0.21419790390474733, "max_bin_exp": 8.772663360052821, "max_depth": 5.429830292642699, "n_estimators": 2611.6041649705667, "reg_alpha": 1.9072157023771465, "reg_lambda": 1.1775605647633294}, "datetime": {"datetime": "2024-02-19 16:23:32", "elapsed": 1184.44357, "delta": 3.092077}}
{"target": -1.84983972884887, "params": {"colsample_bytree": 1.0, "learning_rate": 0.001, "max_bin_exp": 9.134511741038027, "max_depth": 5.668042705043836, "n_estimators": 2189.4916192458013, "reg_alpha": 2.169480816054483, "reg_lambda": 3.0}, "datetime": {"datetime": "2024-02-19 16:23:35", "elapsed": 1187.626975, "delta": 3.183405}}
{"target": -0.6596649460510828, "params": {"colsample_bytree": 0.825971730764375, "learning_rate": 0.19418772101492604, "max_bin_exp": 6.772517380015268, "max_depth": 5.882449574299909, "n_estimators": 2566.5253531786543, "reg_alpha": 1.7428263335398495, "reg_lambda": 1.1806338014462168}, "datetime": {"datetime": "2024-02-19 16:23:38", "elapsed": 1190.582887, "delta": 2.955912}}
{"target": -0.6253361400879826, "params": {"colsample_bytree": 0.9940394024331669, "learning_rate": 0.14756995682779878, "max_bin_exp": 8.755372790561804, "max_depth": 5.680189013461254, "n_estimators": 2191.7386778762434, "reg_alpha": 2.209358554692129, "reg_lambda": 0.2350986068468166}, "datetime": {"datetime": "2024-02-19 16:23:41", "elapsed": 1193.643812, "delta": 3.060925}}
{"target": -0.8090416487236641, "params": {"colsample_bytree": 0.3800923442169829, "learning_rate": 0.46303964261290365, "max_bin_exp": 9.31803275805364, "max_depth": 5.9751253470989765, "n_estimators": 2600.9776164873983, "reg_alpha": 0.9024005763566929, "reg_lambda": 0.421363501326135}, "datetime": {"datetime": "2024-02-19 16:23:44", "elapsed": 1197.157067, "delta": 3.513255}}
{"target": -0.7444196942436146, "params": {"colsample_bytree": 0.37103498581211086, "learning_rate": 0.2097119778263299, "max_bin_exp": 7.194525827956367, "max_depth": 4.578722555938141, "n_estimators": 2581.268874006366, "reg_alpha": 2.9284662793120386, "reg_lambda": 0.23941112518908525}, "datetime": {"datetime": "2024-02-19 16:23:48", "elapsed": 1200.420855, "delta": 3.263788}}
{"target": -0.6977563060744578, "params": {"colsample_bytree": 1.0, "learning_rate": 0.5, "max_bin_exp": 8.09522771544584, "max_depth": 4.353230199318437, "n_estimators": 4510.586031862515, "reg_alpha": 3.0, "reg_lambda": 0.9962377670273413}, "datetime": {"datetime": "2024-02-19 16:23:53", "elapsed": 1205.698293, "delta": 5.277438}}
{"target": -0.6570901453066149, "params": {"colsample_bytree": 0.9509932114019175, "learning_rate": 0.4166628094777498, "max_bin_exp": 9.68942975023415, "max_depth": 5.781389816938119, "n_estimators": 2592.573540862533, "reg_alpha": 1.0236470243509994, "reg_lambda": 0.3132211976992827}, "datetime": {"datetime": "2024-02-19 16:23:56", "elapsed": 1209.025536, "delta": 3.327243}}
{"target": -0.6634969619249131, "params": {"colsample_bytree": 0.7765597462149074, "learning_rate": 0.13483897489239358, "max_bin_exp": 7.9893320358739, "max_depth": 3.255177433506039, "n_estimators": 2612.738777725015, "reg_alpha": 0.2882584449575485, "reg_lambda": 2.3666009598826836}, "datetime": {"datetime": "2024-02-19 16:23:59", "elapsed": 1211.513145, "delta": 2.487609}}
{"target": -0.8527784704471221, "params": {"colsample_bytree": 0.2733224583544427, "learning_rate": 0.1874113537325295, "max_bin_exp": 9.835389893150815, "max_depth": 5.78712093408177, "n_estimators": 2612.825307790641, "reg_alpha": 2.592523082261782, "reg_lambda": 2.0668772661665757}, "datetime": {"datetime": "2024-02-19 16:24:02", "elapsed": 1214.661268, "delta": 3.148123}}
{"target": -0.6392401204257885, "params": {"colsample_bytree": 0.6815086983219536, "learning_rate": 0.2775728138647675, "max_bin_exp": 9.985693897423857, "max_depth": 5.86067828639488, "n_estimators": 2064.354804696727, "reg_alpha": 2.031945795282934, "reg_lambda": 2.9917403361409054}, "datetime": {"datetime": "2024-02-19 16:24:05", "elapsed": 1218.014603, "delta": 3.353335}}
{"target": -0.6289417459650131, "params": {"colsample_bytree": 0.9716510333928885, "learning_rate": 0.2340164007031649, "max_bin_exp": 9.647045864790941, "max_depth": 5.286440484086991, "n_estimators": 2612.9528713400064, "reg_alpha": 0.7331681256159117, "reg_lambda": 0.1345204617809701}, "datetime": {"datetime": "2024-02-19 16:24:09", "elapsed": 1221.330237, "delta": 3.315634}}
{"target": -0.6025079280543786, "params": {"colsample_bytree": 0.870819364438606, "learning_rate": 0.12083012726324631, "max_bin_exp": 9.546912825567942, "max_depth": 5.3621553719688615, "n_estimators": 2568.4841225946443, "reg_alpha": 2.9803448758468027, "reg_lambda": 1.4138674309836365}, "datetime": {"datetime": "2024-02-19 16:24:12", "elapsed": 1224.794921, "delta": 3.464684}}
{"target": -0.8579319267758356, "params": {"colsample_bytree": 0.2, "learning_rate": 0.5, "max_bin_exp": 6.253949473686967, "max_depth": 6.0, "n_estimators": 4518.172356451033, "reg_alpha": 3.0, "reg_lambda": 2.455089985398445}, "datetime": {"datetime": "2024-02-19 16:24:17", "elapsed": 1230.146196, "delta": 5.351275}}
{"target": -0.7658607417468514, "params": {"colsample_bytree": 0.6998213988742288, "learning_rate": 0.4856324532191968, "max_bin_exp": 8.938339628693466, "max_depth": 4.363445780986339, "n_estimators": 2568.63667911933, "reg_alpha": 2.446254865091769, "reg_lambda": 0.04787815611422652}, "datetime": {"datetime": "2024-02-19 16:24:20", "elapsed": 1233.016907, "delta": 2.870711}}
{"target": -0.6894373567840749, "params": {"colsample_bytree": 0.8496481857471299, "learning_rate": 0.3123161865481981, "max_bin_exp": 6.4972062202702485, "max_depth": 5.647712478670029, "n_estimators": 4505.984447545943, "reg_alpha": 0.32907110920674965, "reg_lambda": 1.6444404669090549}, "datetime": {"datetime": "2024-02-19 16:24:26", "elapsed": 1238.548069, "delta": 5.531162}}
{"target": -0.6393437851871469, "params": {"colsample_bytree": 0.5962141403254704, "learning_rate": 0.059533126148467085, "max_bin_exp": 7.112759487627368, "max_depth": 5.610223395082936, "n_estimators": 2058.8138018586355, "reg_alpha": 0.08468535395308041, "reg_lambda": 0.6631491561772759}, "datetime": {"datetime": "2024-02-19 16:24:29", "elapsed": 1241.646182, "delta": 3.098113}}
{"target": -0.6662928141610758, "params": {"colsample_bytree": 0.45240963364400893, "learning_rate": 0.14074321317988944, "max_bin_exp": 8.732352246956685, "max_depth": 5.464412917357037, "n_estimators": 2614.7854011206755, "reg_alpha": 0.19609216399580487, "reg_lambda": 0.23273399845954468}, "datetime": {"datetime": "2024-02-19 16:24:32", "elapsed": 1244.802133, "delta": 3.155951}}
{"target": -0.6356396098792814, "params": {"colsample_bytree": 0.8049150223036163, "learning_rate": 0.07705270750495744, "max_bin_exp": 7.693818263446623, "max_depth": 5.442169709076355, "n_estimators": 2190.256556195701, "reg_alpha": 2.1579331263962644, "reg_lambda": 0.3723837324766719}, "datetime": {"datetime": "2024-02-19 16:24:36", "elapsed": 1248.370023, "delta": 3.56789}}
{"target": -0.6443237343573447, "params": {"colsample_bytree": 0.7125982662842525, "learning_rate": 0.08281696833409298, "max_bin_exp": 7.13596701555882, "max_depth": 5.892882447371657, "n_estimators": 2566.1406777769425, "reg_alpha": 0.311620776050084, "reg_lambda": 0.037088567249166204}, "datetime": {"datetime": "2024-02-19 16:24:39", "elapsed": 1251.608435, "delta": 3.238412}}
{"target": -0.742594823789136, "params": {"colsample_bytree": 0.31057715206860154, "learning_rate": 0.46855627646743764, "max_bin_exp": 9.874185329872391, "max_depth": 3.5795472194418974, "n_estimators": 2614.259309043736, "reg_alpha": 0.2535320318379235, "reg_lambda": 0.8964477029789168}, "datetime": {"datetime": "2024-02-19 16:24:42", "elapsed": 1254.213626, "delta": 2.605191}}
{"target": -0.6557971100135359, "params": {"colsample_bytree": 0.6330895885476268, "learning_rate": 0.3942881208851635, "max_bin_exp": 9.875438076881498, "max_depth": 5.538725298502388, "n_estimators": 4506.092567129471, "reg_alpha": 0.3082221840037054, "reg_lambda": 2.770138189006504}, "datetime": {"datetime": "2024-02-19 16:24:49", "elapsed": 1261.60042, "delta": 7.386794}}
{"target": -1.0243864417082305, "params": {"colsample_bytree": 0.9977307070926651, "learning_rate": 0.06752884680689354, "max_bin_exp": 4.560452762766241, "max_depth": 5.869843466838971, "n_estimators": 2593.3775340506304, "reg_alpha": 0.4564295453946685, "reg_lambda": 1.2468683405830117}, "datetime": {"datetime": "2024-02-19 16:24:52", "elapsed": 1264.638371, "delta": 3.037951}}
{"target": -0.596222979037194, "params": {"colsample_bytree": 0.9635820931613308, "learning_rate": 0.024279362146243773, "max_bin_exp": 8.64404914682743, "max_depth": 5.116875536376411, "n_estimators": 2614.0758336838057, "reg_alpha": 0.8999775371674238, "reg_lambda": 2.249873270884186}, "datetime": {"datetime": "2024-02-19 16:24:55", "elapsed": 1268.033826, "delta": 3.395455}}
{"target": -0.7105513468705861, "params": {"colsample_bytree": 0.4874656025894491, "learning_rate": 0.37066919271679627, "max_bin_exp": 8.173205340007476, "max_depth": 5.714318904820189, "n_estimators": 2580.2448610658575, "reg_alpha": 2.980900485689551, "reg_lambda": 1.7462508504955525}, "datetime": {"datetime": "2024-02-19 16:24:59", "elapsed": 1271.355743, "delta": 3.321917}}
{"target": -2.2579877557497645, "params": {"colsample_bytree": 1.0, "learning_rate": 0.001, "max_bin_exp": 8.582949457045943, "max_depth": 4.3859667782748515, "n_estimators": 2601.1330972403753, "reg_alpha": 3.0, "reg_lambda": 1.1493135391511462}, "datetime": {"datetime": "2024-02-19 16:25:02", "elapsed": 1274.388087, "delta": 3.032344}}
{"target": -0.7772965441501885, "params": {"colsample_bytree": 0.4004077792544169, "learning_rate": 0.49384163790271324, "max_bin_exp": 9.386531134955604, "max_depth": 5.160360246642888, "n_estimators": 2591.8555061828747, "reg_alpha": 0.2908853766526729, "reg_lambda": 2.5605567004745198}, "datetime": {"datetime": "2024-02-19 16:25:05", "elapsed": 1277.736136, "delta": 3.348049}}
{"target": -1.2559067403160311, "params": {"colsample_bytree": 0.2267812758955559, "learning_rate": 0.023902647441338885, "max_bin_exp": 6.412085523257657, "max_depth": 4.739890561305271, "n_estimators": 2190.474018441034, "reg_alpha": 1.3355134571911838, "reg_lambda": 0.6174973128736022}, "datetime": {"datetime": "2024-02-19 16:25:09", "elapsed": 1281.29228, "delta": 3.556144}}
{"target": -0.6350222329519728, "params": {"colsample_bytree": 1.0, "learning_rate": 0.5, "max_bin_exp": 10.0, "max_depth": 5.041537971205528, "n_estimators": 2060.587610051987, "reg_alpha": 0.0, "reg_lambda": 2.558852006520996}, "datetime": {"datetime": "2024-02-19 16:25:12", "elapsed": 1284.982831, "delta": 3.690551}}
{"target": -0.7478388769170787, "params": {"colsample_bytree": 0.40732622606670077, "learning_rate": 0.03347256741396648, "max_bin_exp": 8.148858062246376, "max_depth": 4.253616388447531, "n_estimators": 2612.2097519783183, "reg_alpha": 0.4437521761876425, "reg_lambda": 0.0960150965428529}, "datetime": {"datetime": "2024-02-19 16:25:15", "elapsed": 1287.712317, "delta": 2.729486}}
{"target": -0.7091026009004238, "params": {"colsample_bytree": 1.0, "learning_rate": 0.5, "max_bin_exp": 9.739944303601307, "max_depth": 3.943335455971112, "n_estimators": 2572.608169894676, "reg_alpha": 2.4455673696435944, "reg_lambda": 0.0}, "datetime": {"datetime": "2024-02-19 16:25:18", "elapsed": 1290.553861, "delta": 2.841544}}
{"target": -0.6648108607852224, "params": {"colsample_bytree": 0.615808058152046, "learning_rate": 0.2034825816771351, "max_bin_exp": 7.724604847438464, "max_depth": 4.779798690789638, "n_estimators": 2608.0365426691656, "reg_alpha": 0.8153151748181832, "reg_lambda": 2.5999605609806853}, "datetime": {"datetime": "2024-02-19 16:25:21", "elapsed": 1293.354611, "delta": 2.80075}}
{"target": -0.5885156191972694, "params": {"colsample_bytree": 0.9750824256772188, "learning_rate": 0.05256608109110558, "max_bin_exp": 9.350960723371344, "max_depth": 5.311957990880309, "n_estimators": 2608.3754745703613, "reg_alpha": 2.9555708351767893, "reg_lambda": 1.183398393876211}, "datetime": {"datetime": "2024-02-19 16:25:24", "elapsed": 1296.904467, "delta": 3.549856}}
{"target": -0.6581398268493996, "params": {"colsample_bytree": 0.621716512570589, "learning_rate": 0.2417921564256162, "max_bin_exp": 8.952432929969657, "max_depth": 5.89348989559054, "n_estimators": 2064.148234597711, "reg_alpha": 2.2598513414776225, "reg_lambda": 0.12173187766180182}, "datetime": {"datetime": "2024-02-19 16:25:28", "elapsed": 1300.215555, "delta": 3.311088}}
{"target": -0.6813303229129885, "params": {"colsample_bytree": 0.4621898545119513, "learning_rate": 0.4509397876472116, "max_bin_exp": 9.866571992970709, "max_depth": 5.12549353222572, "n_estimators": 2615.4510589075257, "reg_alpha": 0.8123333159105874, "reg_lambda": 1.7512130340256085}, "datetime": {"datetime": "2024-02-19 16:25:31", "elapsed": 1303.574938, "delta": 3.359383}}
{"target": -1.012541856111332, "params": {"colsample_bytree": 0.2, "learning_rate": 0.5, "max_bin_exp": 10.0, "max_depth": 4.311648688905622, "n_estimators": 4935.731354779292, "reg_alpha": 1.544542423200604, "reg_lambda": 0.0}, "datetime": {"datetime": "2024-02-19 16:25:36", "elapsed": 1308.829618, "delta": 5.25468}}
{"target": -0.7471216130484198, "params": {"colsample_bytree": 1.0, "learning_rate": 0.2252228701169034, "max_bin_exp": 5.929960111812432, "max_depth": 3.2084427626594993, "n_estimators": 2605.173734638931, "reg_alpha": 0.0, "reg_lambda": 1.9719871113405654}, "datetime": {"datetime": "2024-02-19 16:25:40", "elapsed": 1312.301696, "delta": 3.472078}}
{"target": -0.6643491339086042, "params": {"colsample_bytree": 0.8657302687907333, "learning_rate": 0.36357899267650823, "max_bin_exp": 7.058473315627719, "max_depth": 5.484593449365774, "n_estimators": 2607.9972710114357, "reg_alpha": 2.42137071416858, "reg_lambda": 2.992916058187708}, "datetime": {"datetime": "2024-02-19 16:25:43", "elapsed": 1315.480884, "delta": 3.179188}}
{"target": -0.6303361914496528, "params": {"colsample_bytree": 0.5059788776816183, "learning_rate": 0.06467378376008634, "max_bin_exp": 9.976961371327963, "max_depth": 5.0979971455892175, "n_estimators": 2061.715730141128, "reg_alpha": 0.9020226086365508, "reg_lambda": 0.1062053435595075}, "datetime": {"datetime": "2024-02-19 16:25:46", "elapsed": 1318.732087, "delta": 3.251203}}
{"target": -0.6921198678819444, "params": {"colsample_bytree": 0.8952087910448518, "learning_rate": 0.02403002091650219, "max_bin_exp": 6.319891026510613, "max_depth": 3.7160110493352, "n_estimators": 2614.839804592207, "reg_alpha": 1.083041988927928, "reg_lambda": 2.463900496707338}, "datetime": {"datetime": "2024-02-19 16:25:49", "elapsed": 1321.398564, "delta": 2.666477}}
{"target": -0.859295054315266, "params": {"colsample_bytree": 0.27500083699238104, "learning_rate": 0.2526850225061838, "max_bin_exp": 6.1945509516982185, "max_depth": 4.64439516204182, "n_estimators": 2613.53054650914, "reg_alpha": 1.2805037518978366, "reg_lambda": 1.8867263567639967}, "datetime": {"datetime": "2024-02-19 16:25:51", "elapsed": 1324.110986, "delta": 2.712422}}
{"target": -1.283605679178437, "params": {"colsample_bytree": 0.705821924312771, "learning_rate": 0.44544540583552555, "max_bin_exp": 9.493464962174992, "max_depth": 1.5357369410802, "n_estimators": 2063.4869560864063, "reg_alpha": 2.2424465058808787, "reg_lambda": 0.33487389138223567}, "datetime": {"datetime": "2024-02-19 16:25:56", "elapsed": 1328.333914, "delta": 4.222928}}
{"target": -3.0973549563088514, "params": {"colsample_bytree": 1.0, "learning_rate": 0.001, "max_bin_exp": 9.817547054897819, "max_depth": 3.8704405545298526, "n_estimators": 2612.806287790591, "reg_alpha": 1.133326326639047, "reg_lambda": 2.1730680174785872}, "datetime": {"datetime": "2024-02-19 16:25:59", "elapsed": 1331.781681, "delta": 3.447767}}
{"target": -0.6966305254502119, "params": {"colsample_bytree": 0.6302171723946943, "learning_rate": 0.39728202780415656, "max_bin_exp": 8.568609914350244, "max_depth": 5.378182544906447, "n_estimators": 2613.018814739179, "reg_alpha": 1.9014364493118558, "reg_lambda": 0.05511085860741116}, "datetime": {"datetime": "2024-02-19 16:26:04", "elapsed": 1336.255224, "delta": 4.473543}}
{"target": -0.6866292156667476, "params": {"colsample_bytree": 0.4944942774644173, "learning_rate": 0.30726791920454544, "max_bin_exp": 8.597451824573572, "max_depth": 4.259141958669138, "n_estimators": 2610.2821557080592, "reg_alpha": 1.8603031124689928, "reg_lambda": 1.183249586485784}, "datetime": {"datetime": "2024-02-19 16:26:06", "elapsed": 1339.050447, "delta": 2.795223}}
