{"target": 9.553653314376373, "params": {"u": 1.999878985661608, "x": -0.08854956173309114, "y": -0.1113234957489615}, "datetime": {"datetime": "2024-02-27 23:14:46", "elapsed": 543.809036, "delta": 3.030694}}
{"target": 1.0600942080890228, "params": {"u": 1.8815389779896141, "x": 2.465070631049852, "y": 4.319062178557807}, "datetime": {"datetime": "2024-02-27 23:14:48", "elapsed": 545.684548, "delta": 1.875512}}
{"target": 3.886198711544754, "params": {"u": 1.924893739649899, "x": 1.4537362714468398, "y": -0.1528372995160403}, "datetime": {"datetime": "2024-02-27 23:14:52", "elapsed": 548.992556, "delta": 3.308008}}
{"target": 19.985940304896868, "params": {"u": 2.0, "x": -0.11857358518293065, "y": 0.48554883559815176}, "datetime": {"datetime": "2024-02-27 23:14:54", "elapsed": 551.609693, "delta": 2.617137}}
{"target": 7.652181135959989, "params": {"u": 1.9546436671018896, "x": 0.332145670971316, "y": -3.617135823585389}, "datetime": {"datetime": "2024-02-27 23:14:56", "elapsed": 553.613156, "delta": 2.003463}}
{"target": 9.413298605873333, "params": {"u": 1.9998633921672155, "x": -0.10780590374474075, "y": 0.09949990400687447}, "datetime": {"datetime": "2024-02-27 23:15:03", "elapsed": 560.185206, "delta": 6.57205}}
{"target": -11.128416030545392, "params": {"u": 0.10439189841029162, "x": 1.8003814877270004, "y": -3.06017131289276}, "datetime": {"datetime": "2024-02-27 23:15:04", "elapsed": 561.22466, "delta": 1.039454}}
{"target": 19.97114482937055, "params": {"u": 2.0, "x": -0.16986809773895112, "y": -2.621455718912581}, "datetime": {"datetime": "2024-02-27 23:15:07", "elapsed": 564.08961, "delta": 2.86495}}
{"target": 9.977322772771778, "params": {"u": 1.906515186419365, "x": 0.007489734822940797, "y": -1.4911842699196343}, "datetime": {"datetime": "2024-02-27 23:15:09", "elapsed": 565.939281, "delta": 1.849671}}
{"target": 6.758113149880085, "params": {"u": 1.9888980720709273, "x": 0.5947909209940088, "y": -0.013515506480691997}, "datetime": {"datetime": "2024-02-27 23:15:11", "elapsed": 568.450974, "delta": 2.511693}}
{"target": 8.859733914125332, "params": {"u": 1.9983217200251029, "x": -0.17522678644215883, "y": -2.688934299329482}, "datetime": {"datetime": "2024-02-27 23:15:14", "elapsed": 571.645644, "delta": 3.19467}}
{"target": 16.25072147286844, "params": {"u": 2.0, "x": 1.6580948486535856, "y": 0.9507865119678887}, "datetime": {"datetime": "2024-02-27 23:15:18", "elapsed": 575.569439, "delta": 3.923795}}
{"target": 8.514837870369714, "params": {"u": 1.9317338494874283, "x": -0.21579310819883135, "y": -2.4791509816739965}, "datetime": {"datetime": "2024-02-27 23:15:20", "elapsed": 577.718798, "delta": 2.149359}}
{"target": 19.956127060882075, "params": {"u": 2.0, "x": 0.20945868117107172, "y": -1.9216665709762488}, "datetime": {"datetime": "2024-02-27 23:15:26", "elapsed": 583.089298, "delta": 5.3705}}
{"target": 4.330154403038204, "params": {"u": 1.606276578816891, "x": 1.8451552154551236, "y": 4.77088365121325}, "datetime": {"datetime": "2024-02-27 23:15:27", "elapsed": 584.5838, "delta": 1.494502}}
{"target": 17.415109025417102, "params": {"u": 2.0, "x": 1.2589245309322155, "y": -2.096492093052379}, "datetime": {"datetime": "2024-02-27 23:15:34", "elapsed": 591.745871, "delta": 7.162071}}
{"target": 19.761326543413443, "params": {"u": 2.0, "x": 0.48854217482890766, "y": -0.04553047100039271}, "datetime": {"datetime": "2024-02-27 23:15:38", "elapsed": 595.103738, "delta": 3.357867}}
{"target": 19.793470590576867, "params": {"u": 2.0, "x": 0.4544550686516043, "y": -0.9921179969365874}, "datetime": {"datetime": "2024-02-27 23:15:40", "elapsed": 597.201731, "delta": 2.097993}}
{"target": 19.987340791693594, "params": {"u": 2.0, "x": -0.11251314726024826, "y": -0.8516211919557084}, "datetime": {"datetime": "2024-02-27 23:15:44", "elapsed": 601.129609, "delta": 3.927878}}
{"target": 9.08250244363331, "params": {"u": 1.9953587812020042, "x": -0.14897561370915913, "y": 1.7731476946007074}, "datetime": {"datetime": "2024-02-27 23:15:46", "elapsed": 602.999698, "delta": 1.870089}}
{"target": 7.091740532785149, "params": {"u": 1.9749696536786816, "x": 0.4450307861957534, "y": -0.9671849341383275}, "datetime": {"datetime": "2024-02-27 23:15:48", "elapsed": 605.263095, "delta": 2.263397}}
{"target": 6.9990388548018565, "params": {"u": 1.1977664420002319, "x": -0.7785257060235673, "y": 1.2388748829700313}, "datetime": {"datetime": "2024-02-27 23:15:50", "elapsed": 607.017582, "delta": 1.754487}}
{"target": 9.754698967025355, "params": {"u": 1.9992231788645078, "x": -0.056972777758287574, "y": -0.017999810712269415}, "datetime": {"datetime": "2024-02-27 23:15:53", "elapsed": 609.946363, "delta": 2.928781}}
{"target": 6.89194825718651, "params": {"u": 1.9388285151318125, "x": 0.5096106706327492, "y": -0.07102267590307143}, "datetime": {"datetime": "2024-02-27 23:15:55", "elapsed": 612.558969, "delta": 2.612606}}
{"target": 1.3235369963567063, "params": {"u": 1.582287451932422, "x": 2.757419018932251, "y": -0.35317803531389913}, "datetime": {"datetime": "2024-02-27 23:15:57", "elapsed": 614.554954, "delta": 1.995985}}
{"target": 9.595104642732167, "params": {"u": 1.9709150401415492, "x": -0.08251411721527413, "y": -0.7957265697165887}, "datetime": {"datetime": "2024-02-27 23:16:00", "elapsed": 617.539587, "delta": 2.984633}}
{"target": 6.223742362390183, "params": {"u": 1.0736527455919278, "x": 1.0505864643694958, "y": -1.0913080805756836}, "datetime": {"datetime": "2024-02-27 23:16:02", "elapsed": 618.95906, "delta": 1.419473}}
{"target": 6.904930046407756, "params": {"u": 1.9791329930165593, "x": 0.5044062081057071, "y": -0.015322556306961064}, "datetime": {"datetime": "2024-02-27 23:16:04", "elapsed": 621.377495, "delta": 2.418435}}
{"target": 9.470146538031187, "params": {"u": 1.9909273740119549, "x": -0.10019537265925398, "y": -0.8917138003556458}, "datetime": {"datetime": "2024-02-27 23:16:07", "elapsed": 624.077393, "delta": 2.699898}}
{"target": 7.323920672069711, "params": {"u": 1.9639762867615742, "x": 0.391255856759122, "y": 1.109524700227241}, "datetime": {"datetime": "2024-02-27 23:16:11", "elapsed": 627.97106, "delta": 3.893667}}
{"target": 19.931136547940596, "params": {"u": 2.0, "x": -0.26241846745114, "y": -1.7706324753985414}, "datetime": {"datetime": "2024-02-27 23:16:14", "elapsed": 631.49171, "delta": 3.52065}}
{"target": 8.525329112599461, "params": {"u": 1.9717387903378936, "x": 0.2145410916105588, "y": -1.8334894859144724}, "datetime": {"datetime": "2024-02-27 23:16:18", "elapsed": 635.153897, "delta": 3.662187}}
{"target": -21.475647217348808, "params": {"u": 0.8049533531017297, "x": 2.751514978334897, "y": -0.09726945176391943}, "datetime": {"datetime": "2024-02-27 23:16:20", "elapsed": 637.337795, "delta": 2.183898}}
{"target": 4.715116966265235, "params": {"u": 1.9993129140190935, "x": 1.2742880456543197, "y": 2.446978355688283}, "datetime": {"datetime": "2024-02-27 23:16:24", "elapsed": 641.372496, "delta": 4.034701}}
{"target": -0.20617572368194814, "params": {"u": 0.17819385247090502, "x": 0.03229222990224434, "y": -1.3753827892468093}, "datetime": {"datetime": "2024-02-27 23:16:26", "elapsed": 643.048641, "delta": 1.676145}}
{"target": 19.945673045597037, "params": {"u": 2.0, "x": -0.23308143298633666, "y": 1.7782549435927244}, "datetime": {"datetime": "2024-02-27 23:16:30", "elapsed": 647.01679, "delta": 3.968149}}
{"target": -21.104825096021553, "params": {"u": 0.9672661947557799, "x": 2.757987695330002, "y": -0.3638486361758062}, "datetime": {"datetime": "2024-02-27 23:16:32", "elapsed": 649.33638, "delta": 2.31959}}
{"target": 9.011179567374757, "params": {"u": 1.9125128924776007, "x": 0.1574430203256192, "y": -4.94490844921231}, "datetime": {"datetime": "2024-02-27 23:16:34", "elapsed": 651.092369, "delta": 1.755989}}
{"target": 9.267822846955443, "params": {"u": 1.9724474049958474, "x": -0.1264263053154031, "y": -0.8536193963195053}, "datetime": {"datetime": "2024-02-27 23:16:38", "elapsed": 655.644827, "delta": 4.552458}}
{"target": -12.965145373397863, "params": {"u": 0.2561448053470081, "x": 2.992157763994195, "y": 1.5853360915453063}, "datetime": {"datetime": "2024-02-27 23:16:40", "elapsed": 657.591783, "delta": 1.946956}}
{"target": 9.377127826732384, "params": {"u": 1.95056404389297, "x": -0.11253884869047948, "y": -0.06771964790968088}, "datetime": {"datetime": "2024-02-27 23:16:44", "elapsed": 661.002171, "delta": 3.410388}}
{"target": -21.888986767295684, "params": {"u": 0.36650440129935014, "x": 1.592664116789301, "y": 3.4932495704273396}, "datetime": {"datetime": "2024-02-27 23:16:45", "elapsed": 662.524197, "delta": 1.522026}}
{"target": 3.6985487129790684, "params": {"u": 1.1069822275073586, "x": 1.6027510758443562, "y": -2.6915425874890997}, "datetime": {"datetime": "2024-02-27 23:16:47", "elapsed": 664.243735, "delta": 1.719538}}
{"target": 19.976651294477545, "params": {"u": 2.0, "x": -0.15280283218073315, "y": 1.71434258777389}, "datetime": {"datetime": "2024-02-27 23:16:51", "elapsed": 668.03229, "delta": 3.788555}}
{"target": -8.532732573854656, "params": {"u": 0.1686950610268798, "x": 2.042813660629082, "y": -4.150181503632822}, "datetime": {"datetime": "2024-02-27 23:16:53", "elapsed": 670.162095, "delta": 2.129805}}
{"target": 3.7181724594218295, "params": {"u": 1.9749188888272662, "x": 1.6352703236897246, "y": 1.000998123695589}, "datetime": {"datetime": "2024-02-27 23:16:58", "elapsed": 675.369711, "delta": 5.207616}}
{"target": -28.19339169103596, "params": {"u": 0.27862805612494346, "x": 2.4085029478870177, "y": -1.074952643987166}, "datetime": {"datetime": "2024-02-27 23:17:00", "elapsed": 677.185815, "delta": 1.816104}}
{"target": 8.500875631557058, "params": {"u": 1.992250267864107, "x": 0.21746225399343988, "y": -4.181027068752773}, "datetime": {"datetime": "2024-02-27 23:17:05", "elapsed": 681.994596, "delta": 4.808781}}
{"target": 7.018504980362604, "params": {"u": 1.476616367790831, "x": -0.7848616721057589, "y": -3.8255113165064447}, "datetime": {"datetime": "2024-02-27 23:17:06", "elapsed": 683.274305, "delta": 1.279709}}
{"target": -11.283254999958528, "params": {"u": 0.12149696485697947, "x": 1.7976301646656863, "y": -1.1964462369811022}, "datetime": {"datetime": "2024-02-27 23:17:08", "elapsed": 684.97402, "delta": 1.699715}}
{"target": 7.445704909531646, "params": {"u": 1.998825504755094, "x": 0.36763535086469723, "y": -3.7544536829851527}, "datetime": {"datetime": "2024-02-27 23:17:10", "elapsed": 687.69783, "delta": 2.72381}}
{"target": 9.01619142609044, "params": {"u": 1.990723900955722, "x": -0.15685059472964502, "y": -1.7866157775302707}, "datetime": {"datetime": "2024-02-27 23:17:14", "elapsed": 690.903436, "delta": 3.205606}}
{"target": 2.4055012802719418, "params": {"u": 1.3508780223862569, "x": 2.1909147798048427, "y": 1.1534723197472445}, "datetime": {"datetime": "2024-02-27 23:17:15", "elapsed": 692.297826, "delta": 1.39439}}
{"target": 4.841946222570048, "params": {"u": 1.9978919136559414, "x": 1.2553234904861243, "y": 2.516036786127457}, "datetime": {"datetime": "2024-02-27 23:17:21", "elapsed": 698.665622, "delta": 6.367796}}
{"target": 8.971457312846919, "params": {"u": 1.9400160488954297, "x": 0.16212716088905932, "y": -1.7450992598702997}, "datetime": {"datetime": "2024-02-27 23:17:24", "elapsed": 701.08278, "delta": 2.417158}}
{"target": -17.94456880742371, "params": {"u": 0.40242810472795654, "x": 1.682525621000957, "y": 1.0396810963102796}, "datetime": {"datetime": "2024-02-27 23:17:27", "elapsed": 703.953443, "delta": 2.870663}}
{"target": 8.528232290417677, "params": {"u": 1.9948945360407744, "x": 0.21419494937403893, "y": -1.8654978591817883}, "datetime": {"datetime": "2024-02-27 23:17:29", "elapsed": 706.798469, "delta": 2.845026}}
{"target": 19.06136953814837, "params": {"u": 2.0, "x": -0.9688294286672089, "y": 1.9545728159195692}, "datetime": {"datetime": "2024-02-27 23:17:33", "elapsed": 710.03616, "delta": 3.237691}}
{"target": 4.903679202511196, "params": {"u": 1.8885869161234783, "x": 1.246410825699905, "y": 2.3819152426215613}, "datetime": {"datetime": "2024-02-27 23:17:35", "elapsed": 712.582783, "delta": 2.546623}}
{"target": 9.514605530302088, "params": {"u": 1.9953659568800641, "x": -0.0940724923437628, "y": 0.022682755041922853}, "datetime": {"datetime": "2024-02-27 23:17:37", "elapsed": 714.621293, "delta": 2.03851}}
{"target": -4.101316763579252, "params": {"u": 0.21805848626097335, "x": 1.0995259736588472, "y": 4.7204040614444995}, "datetime": {"datetime": "2024-02-27 23:17:39", "elapsed": 716.438482, "delta": 1.817189}}
{"target": 9.391190811319017, "params": {"u": 1.9714429696048525, "x": -0.1107079581104724, "y": 0.4657686341856113}, "datetime": {"datetime": "2024-02-27 23:17:42", "elapsed": 719.619536, "delta": 3.181054}}
{"target": 9.356937888603468, "params": {"u": 1.9155663271216603, "x": -0.1151480807218408, "y": -0.8199963107411605}, "datetime": {"datetime": "2024-02-27 23:17:45", "elapsed": 722.263745, "delta": 2.644209}}
{"target": 19.03050902846822, "params": {"u": 2.0, "x": -0.984627326216259, "y": -2.988498753739877}, "datetime": {"datetime": "2024-02-27 23:17:47", "elapsed": 724.564211, "delta": 2.300466}}
