{"target": -2.895370748987759, "params": {"colsample_bytree": 0.38446659517796045, "learning_rate": 0.0020885529828005263, "max_bin_exp": 9.868286425697988, "max_depth": 4.888967851610705, "n_estimators": 2689.428559077485, "reg_alpha": 2.449350832769801, "reg_lambda": 1.2246173099679714}, "datetime": {"datetime": "2024-02-19 13:19:51", "elapsed": 294.905495, "delta": 1.620705}}
{"target": -2.651127518243879, "params": {"colsample_bytree": 0.8858614602029855, "learning_rate": 0.06576892958373147, "max_bin_exp": 7.5430636194095255, "max_depth": 1.523537157933659, "n_estimators": 2696.2061157651087, "reg_alpha": 2.8046410415914584, "reg_lambda": 2.9966454286401554}, "datetime": {"datetime": "2024-02-19 13:19:52", "elapsed": 295.599033, "delta": 0.693538}}
{"target": -0.7205192761505415, "params": {"colsample_bytree": 0.4784612208750302, "learning_rate": 0.48220425105674514, "max_bin_exp": 9.492966027167423, "max_depth": 4.002512272494771, "n_estimators": 2198.754208551725, "reg_alpha": 2.9181615459092765, "reg_lambda": 0.13190550701741555}, "datetime": {"datetime": "2024-02-19 13:19:54", "elapsed": 297.388358, "delta": 1.789325}}
{"target": -0.6979866359257296, "params": {"colsample_bytree": 0.7935917011194831, "learning_rate": 0.14996137867418632, "max_bin_exp": 6.748410752311562, "max_depth": 2.634199295956862, "n_estimators": 4746.285950754008, "reg_alpha": 1.9779027977960784, "reg_lambda": 2.1746366050670813}, "datetime": {"datetime": "2024-02-19 13:19:56", "elapsed": 299.534406, "delta": 2.146048}}
{"target": -0.6900139813206214, "params": {"colsample_bytree": 0.3054255340634379, "learning_rate": 0.09367683403021984, "max_bin_exp": 9.88768901572031, "max_depth": 4.4875489812737825, "n_estimators": 4728.837088171568, "reg_alpha": 2.593644592578489, "reg_lambda": 0.07729554876987932}, "datetime": {"datetime": "2024-02-19 13:20:00", "elapsed": 303.702645, "delta": 4.168239}}
{"target": -1.381400775623823, "params": {"colsample_bytree": 1.0, "learning_rate": 0.001, "max_bin_exp": 10.0, "max_depth": 4.616926091061442, "n_estimators": 4752.815694257735, "reg_alpha": 0.0, "reg_lambda": 0.0}, "datetime": {"datetime": "2024-02-19 13:20:05", "elapsed": 308.488201, "delta": 4.785556}}
{"target": -0.7125554980873351, "params": {"colsample_bytree": 0.8699417036624657, "learning_rate": 0.45484182078661695, "max_bin_exp": 9.419546303445868, "max_depth": 3.7663914894489894, "n_estimators": 2170.285650576778, "reg_alpha": 0.8953026707274672, "reg_lambda": 0.769216863659574}, "datetime": {"datetime": "2024-02-19 13:20:06", "elapsed": 309.875669, "delta": 1.387468}}
{"target": -1.4120534640007065, "params": {"colsample_bytree": 1.0, "learning_rate": 0.001, "max_bin_exp": 9.55303520876991, "max_depth": 6.0, "n_estimators": 2200.886168523984, "reg_alpha": 3.0, "reg_lambda": 2.687014154131698}, "datetime": {"datetime": "2024-02-19 13:20:10", "elapsed": 313.016643, "delta": 3.140974}}
{"target": -0.8188988050486993, "params": {"colsample_bytree": 0.784266760968966, "learning_rate": 0.401829525237564, "max_bin_exp": 5.344825367217956, "max_depth": 4.29083851966144, "n_estimators": 2692.9256867654794, "reg_alpha": 0.2705173928649631, "reg_lambda": 0.29765800177586776}, "datetime": {"datetime": "2024-02-19 13:20:11", "elapsed": 314.425812, "delta": 1.409169}}
{"target": -0.9068831505693856, "params": {"colsample_bytree": 0.22566820239532792, "learning_rate": 0.43764443679007947, "max_bin_exp": 8.384260778346711, "max_depth": 5.968309306405597, "n_estimators": 2169.379767476614, "reg_alpha": 0.7655480040710508, "reg_lambda": 1.9566045102273633}, "datetime": {"datetime": "2024-02-19 13:20:13", "elapsed": 316.135204, "delta": 1.709392}}
{"target": -1.8269443799023068, "params": {"colsample_bytree": 1.0, "learning_rate": 0.001, "max_bin_exp": 4.229342888941679, "max_depth": 5.311942495049783, "n_estimators": 4755.019808154386, "reg_alpha": 3.0, "reg_lambda": 0.0}, "datetime": {"datetime": "2024-02-19 13:20:17", "elapsed": 320.406637, "delta": 4.271433}}
{"target": -0.7189316942127179, "params": {"colsample_bytree": 0.41787445346638913, "learning_rate": 0.2148522931957492, "max_bin_exp": 8.098702820525975, "max_depth": 5.852127396200015, "n_estimators": 2194.1481631513543, "reg_alpha": 2.9124912514638917, "reg_lambda": 1.5560050869880864}, "datetime": {"datetime": "2024-02-19 13:20:19", "elapsed": 322.535222, "delta": 2.128585}}
{"target": -0.8103229135784488, "params": {"colsample_bytree": 0.7504341217834614, "learning_rate": 0.288154901974446, "max_bin_exp": 5.482531182955974, "max_depth": 5.4418506974602225, "n_estimators": 4747.519210980307, "reg_alpha": 0.11903850659352733, "reg_lambda": 2.988249793968172}, "datetime": {"datetime": "2024-02-19 13:20:24", "elapsed": 327.012049, "delta": 4.476827}}
{"target": -0.7787013387253928, "params": {"colsample_bytree": 0.4240756361523963, "learning_rate": 0.19984207369289847, "max_bin_exp": 7.903480478184765, "max_depth": 5.766717421546048, "n_estimators": 4752.697347618217, "reg_alpha": 1.6335371303077002, "reg_lambda": 2.8087303068756713}, "datetime": {"datetime": "2024-02-19 13:20:28", "elapsed": 331.59693, "delta": 4.584881}}
{"target": -0.7193541792917254, "params": {"colsample_bytree": 1.0, "learning_rate": 0.5, "max_bin_exp": 7.313032242777792, "max_depth": 4.889105794982329, "n_estimators": 4745.625219101133, "reg_alpha": 0.0, "reg_lambda": 0.0}, "datetime": {"datetime": "2024-02-19 13:20:32", "elapsed": 335.160935, "delta": 3.564005}}
{"target": -0.709389186219986, "params": {"colsample_bytree": 0.9115001415157684, "learning_rate": 0.021027586169814132, "max_bin_exp": 9.512725757879346, "max_depth": 3.4498670085398198, "n_estimators": 2196.2239006103314, "reg_alpha": 0.1518223107997313, "reg_lambda": 0.20191331169133364}, "datetime": {"datetime": "2024-02-19 13:20:33", "elapsed": 336.788741, "delta": 1.627806}}
{"target": -1.0018436647569446, "params": {"colsample_bytree": 0.5299729459051622, "learning_rate": 0.41631408687947397, "max_bin_exp": 9.94566507290519, "max_depth": 1.93157294566149, "n_estimators": 4746.233645978777, "reg_alpha": 2.164767587156139, "reg_lambda": 0.22725907271990065}, "datetime": {"datetime": "2024-02-19 13:20:35", "elapsed": 338.483029, "delta": 1.694288}}
{"target": -0.6750290979882996, "params": {"colsample_bytree": 0.5542164608614, "learning_rate": 0.07197618248347841, "max_bin_exp": 7.915437670637146, "max_depth": 3.80013739223575, "n_estimators": 2189.1294497447516, "reg_alpha": 2.579302633187873, "reg_lambda": 2.257853693728191}, "datetime": {"datetime": "2024-02-19 13:20:36", "elapsed": 339.675896, "delta": 1.192867}}
{"target": -0.6005268275188325, "params": {"colsample_bytree": 0.935231416463574, "learning_rate": 0.02985648574017086, "max_bin_exp": 7.571374325666515, "max_depth": 5.587007500611959, "n_estimators": 2190.8976839863817, "reg_alpha": 0.24824930600041983, "reg_lambda": 1.2779554212577702}, "datetime": {"datetime": "2024-02-19 13:20:38", "elapsed": 341.71682, "delta": 2.040924}}
{"target": -0.6203339277414613, "params": {"colsample_bytree": 0.6275218228743756, "learning_rate": 0.08992238156213833, "max_bin_exp": 9.569445538071182, "max_depth": 5.969368721458486, "n_estimators": 4991.555907503953, "reg_alpha": 1.9916607738766443, "reg_lambda": 1.6093045030968498}, "datetime": {"datetime": "2024-02-19 13:20:44", "elapsed": 347.075867, "delta": 5.359047}}
{"target": -0.7731142514087513, "params": {"colsample_bytree": 0.5339569088206579, "learning_rate": 0.47413851719155253, "max_bin_exp": 7.175080402020423, "max_depth": 4.914140401957355, "n_estimators": 4990.78604502124, "reg_alpha": 0.21528332595914856, "reg_lambda": 0.28733019035745067}, "datetime": {"datetime": "2024-02-19 13:20:47", "elapsed": 350.558424, "delta": 3.482557}}
{"target": -0.7689672927176209, "params": {"colsample_bytree": 0.5192170362442028, "learning_rate": 0.4684965981904855, "max_bin_exp": 6.605510300767049, "max_depth": 5.957349935180287, "n_estimators": 4994.651852998019, "reg_alpha": 2.329352832924906, "reg_lambda": 2.839180679968066}, "datetime": {"datetime": "2024-02-19 13:20:52", "elapsed": 355.052207, "delta": 4.493783}}
{"target": -0.6146390213806497, "params": {"colsample_bytree": 0.775595792559427, "learning_rate": 0.23070094363987284, "max_bin_exp": 9.715015397448424, "max_depth": 5.951672839876686, "n_estimators": 2182.068679366338, "reg_alpha": 2.826399588370159, "reg_lambda": 1.6169228721608793}, "datetime": {"datetime": "2024-02-19 13:20:54", "elapsed": 357.329097, "delta": 2.27689}}
{"target": -3.133762019114878, "params": {"colsample_bytree": 0.5251774564596889, "learning_rate": 0.02014873793216887, "max_bin_exp": 8.928210132788251, "max_depth": 1.3979953784129175, "n_estimators": 4989.1872913700845, "reg_alpha": 2.2064689896563223, "reg_lambda": 2.132181508751388}, "datetime": {"datetime": "2024-02-19 13:20:56", "elapsed": 359.095298, "delta": 1.766201}}
{"target": -0.7110871116282663, "params": {"colsample_bytree": 0.7366788007686449, "learning_rate": 0.4878459302128428, "max_bin_exp": 7.050684485168339, "max_depth": 5.012428739562007, "n_estimators": 2183.625806205651, "reg_alpha": 2.7763051134402374, "reg_lambda": 0.561957128478393}, "datetime": {"datetime": "2024-02-19 13:20:57", "elapsed": 360.925955, "delta": 1.830657}}
{"target": -0.6877940710231286, "params": {"colsample_bytree": 0.3949786854915, "learning_rate": 0.1020842914035024, "max_bin_exp": 9.088892089229365, "max_depth": 5.675322291995801, "n_estimators": 4723.604505059802, "reg_alpha": 0.9313028718769529, "reg_lambda": 2.143002602545651}, "datetime": {"datetime": "2024-02-19 13:21:02", "elapsed": 365.782878, "delta": 4.856923}}
{"target": -0.6602218407461968, "params": {"colsample_bytree": 0.41203286530952543, "learning_rate": 0.05678324597000217, "max_bin_exp": 9.432699846151646, "max_depth": 5.9977188401296715, "n_estimators": 4756.695434518161, "reg_alpha": 1.9720464677653138, "reg_lambda": 2.6841839302363923}, "datetime": {"datetime": "2024-02-19 13:21:08", "elapsed": 370.987041, "delta": 5.204163}}
{"target": -0.6527390899246704, "params": {"colsample_bytree": 0.7555761462119646, "learning_rate": 0.30050075962018336, "max_bin_exp": 7.939358515540806, "max_depth": 5.920464119056874, "n_estimators": 2182.346514738994, "reg_alpha": 0.5897736473150151, "reg_lambda": 2.8211869768986633}, "datetime": {"datetime": "2024-02-19 13:21:10", "elapsed": 372.996618, "delta": 2.009577}}
{"target": -0.7096060523231521, "params": {"colsample_bytree": 0.5069943460061628, "learning_rate": 0.16952164117338872, "max_bin_exp": 6.351895752530031, "max_depth": 5.078267543003604, "n_estimators": 4721.262261890663, "reg_alpha": 0.3560343971321124, "reg_lambda": 2.9956032432842754}, "datetime": {"datetime": "2024-02-19 13:21:14", "elapsed": 377.526233, "delta": 4.529615}}
{"target": -0.6900443452036251, "params": {"colsample_bytree": 0.5397134507178689, "learning_rate": 0.2833128485173256, "max_bin_exp": 8.762070409694875, "max_depth": 4.391663120619475, "n_estimators": 4718.829791200445, "reg_alpha": 1.8738980956165325, "reg_lambda": 1.3933824453889567}, "datetime": {"datetime": "2024-02-19 13:21:18", "elapsed": 381.375399, "delta": 3.849166}}
{"target": -1.0099804944415018, "params": {"colsample_bytree": 0.5178424371472625, "learning_rate": 0.032539278613266366, "max_bin_exp": 5.429112303084816, "max_depth": 2.5923267669489394, "n_estimators": 4719.417961519248, "reg_alpha": 2.1895600341381742, "reg_lambda": 0.29073354413406405}, "datetime": {"datetime": "2024-02-19 13:21:20", "elapsed": 383.397884, "delta": 2.022485}}
{"target": -0.6146301064008063, "params": {"colsample_bytree": 0.5946355229423028, "learning_rate": 0.07767904542489504, "max_bin_exp": 9.632009191989255, "max_depth": 5.993518396622061, "n_estimators": 4715.92743693769, "reg_alpha": 2.1818682866491423, "reg_lambda": 2.7391837320711727}, "datetime": {"datetime": "2024-02-19 13:21:25", "elapsed": 388.62002, "delta": 5.222136}}
{"target": -0.849833497713446, "params": {"colsample_bytree": 0.6017291396071187, "learning_rate": 0.36433065879976084, "max_bin_exp": 5.119858405654295, "max_depth": 5.739426231964359, "n_estimators": 4717.07611058685, "reg_alpha": 1.447837521327512, "reg_lambda": 1.7976936942210724}, "datetime": {"datetime": "2024-02-19 13:21:30", "elapsed": 393.160375, "delta": 4.540355}}
{"target": -3.7878827587099817, "params": {"colsample_bytree": 0.2, "learning_rate": 0.001, "max_bin_exp": 8.322439989099953, "max_depth": 3.3642644847472685, "n_estimators": 4716.158429619505, "reg_alpha": 0.0, "reg_lambda": 3.0}, "datetime": {"datetime": "2024-02-19 13:21:33", "elapsed": 395.978682, "delta": 2.818307}}
{"target": -0.6602163464600989, "params": {"colsample_bytree": 0.525197621006589, "learning_rate": 0.22788126953767945, "max_bin_exp": 9.0667730085185, "max_depth": 5.785196619054457, "n_estimators": 4720.233077952482, "reg_alpha": 1.1009515670273364, "reg_lambda": 1.005607558307572}, "datetime": {"datetime": "2024-02-19 13:21:38", "elapsed": 401.450915, "delta": 5.472233}}
{"target": -1.1635797916719814, "params": {"colsample_bytree": 0.5781687233610582, "learning_rate": 0.25928041413644654, "max_bin_exp": 4.714681499454482, "max_depth": 5.996112988664584, "n_estimators": 4720.336419836309, "reg_alpha": 0.17922156455649407, "reg_lambda": 0.48176592569264554}, "datetime": {"datetime": "2024-02-19 13:21:42", "elapsed": 405.835547, "delta": 4.384632}}
{"target": -0.6076734626853814, "params": {"colsample_bytree": 0.9518839084758277, "learning_rate": 0.06670205524684569, "max_bin_exp": 8.13517169865808, "max_depth": 5.997642125698757, "n_estimators": 4717.17257938777, "reg_alpha": 2.1277231839497643, "reg_lambda": 0.5058465706305781}, "datetime": {"datetime": "2024-02-19 13:21:47", "elapsed": 410.598235, "delta": 4.762688}}
{"target": -0.7281325433783178, "params": {"colsample_bytree": 0.5007035362350198, "learning_rate": 0.3837701621020692, "max_bin_exp": 7.346368093886223, "max_depth": 5.8496510913175515, "n_estimators": 4721.1445590500125, "reg_alpha": 2.7018591699438437, "reg_lambda": 0.9413747775822102}, "datetime": {"datetime": "2024-02-19 13:21:52", "elapsed": 415.13966, "delta": 4.541425}}
{"target": -1.11581935598002, "params": {"colsample_bytree": 0.5784493469787171, "learning_rate": 0.280203236034151, "max_bin_exp": 4.331116432135416, "max_depth": 5.651049595782545, "n_estimators": 2214.7075060703046, "reg_alpha": 2.311310794729091, "reg_lambda": 1.2237322295805655}, "datetime": {"datetime": "2024-02-19 13:21:54", "elapsed": 417.191017, "delta": 2.051357}}
{"target": -1.1997693912753058, "params": {"colsample_bytree": 0.7514499321002959, "learning_rate": 0.186776290189261, "max_bin_exp": 9.153337176541804, "max_depth": 1.5933710677107429, "n_estimators": 4721.637645637048, "reg_alpha": 2.6420715739459295, "reg_lambda": 2.847265226493214}, "datetime": {"datetime": "2024-02-19 13:21:56", "elapsed": 419.056556, "delta": 1.865539}}
{"target": -1.1757735437941383, "params": {"colsample_bytree": 0.8666886933599558, "learning_rate": 0.06227506054952027, "max_bin_exp": 4.980937850567845, "max_depth": 3.82736192437104, "n_estimators": 4743.928337475918, "reg_alpha": 2.9750196083889167, "reg_lambda": 0.6259731404516419}, "datetime": {"datetime": "2024-02-19 13:21:59", "elapsed": 422.03342, "delta": 2.976864}}
{"target": -1.3321482595903587, "params": {"colsample_bytree": 0.39925019971714637, "learning_rate": 0.32456522562269263, "max_bin_exp": 4.901574917718163, "max_depth": 5.564930859725489, "n_estimators": 2199.1177322650847, "reg_alpha": 1.7884787634917603, "reg_lambda": 0.21616719286773334}, "datetime": {"datetime": "2024-02-19 13:22:03", "elapsed": 426.623642, "delta": 4.590222}}
{"target": -0.8971930308174436, "params": {"colsample_bytree": 0.22716992606323114, "learning_rate": 0.09389213834331146, "max_bin_exp": 8.610394826712021, "max_depth": 5.747222801448897, "n_estimators": 4726.877119028001, "reg_alpha": 0.9465831406622468, "reg_lambda": 2.7496756192946648}, "datetime": {"datetime": "2024-02-19 13:22:09", "elapsed": 432.912294, "delta": 6.288652}}
{"target": -0.6912747701859698, "params": {"colsample_bytree": 0.5219939874844066, "learning_rate": 0.35925276783939586, "max_bin_exp": 9.926884417567344, "max_depth": 5.980556427303629, "n_estimators": 2238.024357202304, "reg_alpha": 2.4944327119954206, "reg_lambda": 1.3003116080536183}, "datetime": {"datetime": "2024-02-19 13:22:12", "elapsed": 434.972112, "delta": 2.059818}}
{"target": -0.6949775062345516, "params": {"colsample_bytree": 0.7189895957414645, "learning_rate": 0.4817511554557445, "max_bin_exp": 7.790025119221337, "max_depth": 5.933929683648526, "n_estimators": 2195.2645270352114, "reg_alpha": 0.1403172175368611, "reg_lambda": 0.483335011672857}, "datetime": {"datetime": "2024-02-19 13:22:14", "elapsed": 437.159904, "delta": 2.187792}}
{"target": -0.6632461268585951, "params": {"colsample_bytree": 0.7236560187915837, "learning_rate": 0.4304186717261783, "max_bin_exp": 9.051611757023567, "max_depth": 4.9195436170721, "n_estimators": 2242.662563777834, "reg_alpha": 2.9293799496453183, "reg_lambda": 2.158076645575315}, "datetime": {"datetime": "2024-02-19 13:22:15", "elapsed": 438.895385, "delta": 1.735481}}
{"target": -0.6157513779160781, "params": {"colsample_bytree": 0.9233597599870575, "learning_rate": 0.13282477345585084, "max_bin_exp": 8.298491752946287, "max_depth": 5.35910126094876, "n_estimators": 2244.562871849887, "reg_alpha": 0.2565060578648125, "reg_lambda": 0.9886966067060845}, "datetime": {"datetime": "2024-02-19 13:22:17", "elapsed": 440.91566, "delta": 2.020275}}
{"target": -0.8713146885151836, "params": {"colsample_bytree": 0.2600785701833959, "learning_rate": 0.2697335411576759, "max_bin_exp": 9.689385754708237, "max_depth": 5.638039550709174, "n_estimators": 2246.8288101326507, "reg_alpha": 2.2998819725174426, "reg_lambda": 0.4007272086508039}, "datetime": {"datetime": "2024-02-19 13:22:20", "elapsed": 443.021279, "delta": 2.105619}}
{"target": -0.7009568126383003, "params": {"colsample_bytree": 0.833964274899168, "learning_rate": 0.41080053766208807, "max_bin_exp": 6.251301808438635, "max_depth": 2.946215075025094, "n_estimators": 2243.018691371412, "reg_alpha": 1.8923174666720626, "reg_lambda": 0.514275489099532}, "datetime": {"datetime": "2024-02-19 13:22:21", "elapsed": 444.004311, "delta": 0.983032}}
{"target": -1.1236467697695975, "params": {"colsample_bytree": 0.5831491292621533, "learning_rate": 0.32078243212918894, "max_bin_exp": 4.325813724270115, "max_depth": 5.589655069536379, "n_estimators": 2243.2832136158477, "reg_alpha": 0.3656081517743043, "reg_lambda": 2.5371426579493352}, "datetime": {"datetime": "2024-02-19 13:22:22", "elapsed": 445.868469, "delta": 1.864158}}
{"target": -0.8375862556132574, "params": {"colsample_bytree": 0.3342758082671441, "learning_rate": 0.36995911852932917, "max_bin_exp": 7.90636378233463, "max_depth": 5.997667808646774, "n_estimators": 2240.891072553839, "reg_alpha": 2.556926540436744, "reg_lambda": 0.31787562757379473}, "datetime": {"datetime": "2024-02-19 13:22:25", "elapsed": 448.291166, "delta": 2.422697}}
{"target": -3.7410940093455745, "params": {"colsample_bytree": 1.0, "learning_rate": 0.001, "max_bin_exp": 10.0, "max_depth": 2.8256546629826236, "n_estimators": 2243.0555075107077, "reg_alpha": 1.02058308702886, "reg_lambda": 0.0}, "datetime": {"datetime": "2024-02-19 13:22:26", "elapsed": 449.494445, "delta": 1.203279}}
{"target": -0.7942381441592, "params": {"colsample_bytree": 0.38367420724833556, "learning_rate": 0.2558610596134868, "max_bin_exp": 6.223129316016541, "max_depth": 5.467395559192603, "n_estimators": 2246.1614684633428, "reg_alpha": 2.471016800171397, "reg_lambda": 0.7514544841817941}, "datetime": {"datetime": "2024-02-19 13:22:28", "elapsed": 451.266336, "delta": 1.771891}}
{"target": -0.8089255486309735, "params": {"colsample_bytree": 0.7434564918728224, "learning_rate": 0.35757738001539, "max_bin_exp": 5.559015837315273, "max_depth": 5.760922617122622, "n_estimators": 2206.5480805217358, "reg_alpha": 2.333766303239676, "reg_lambda": 0.5326064985010766}, "datetime": {"datetime": "2024-02-19 13:22:30", "elapsed": 453.478042, "delta": 2.211706}}
{"target": -0.706161169678746, "params": {"colsample_bytree": 0.5322004158116448, "learning_rate": 0.16786747379182057, "max_bin_exp": 7.592320654400963, "max_depth": 5.652933095538645, "n_estimators": 2180.766796760604, "reg_alpha": 0.24276937580237046, "reg_lambda": 0.14220363900377297}, "datetime": {"datetime": "2024-02-19 13:22:32", "elapsed": 455.360636, "delta": 1.882594}}
{"target": -0.6904672145656781, "params": {"colsample_bytree": 1.0, "learning_rate": 0.5, "max_bin_exp": 7.826791106652705, "max_depth": 6.0, "n_estimators": 2203.66783051248, "reg_alpha": 0.0, "reg_lambda": 0.0}, "datetime": {"datetime": "2024-02-19 13:22:35", "elapsed": 458.382667, "delta": 3.022031}}
{"target": -3.2107340333509886, "params": {"colsample_bytree": 0.7060948512951752, "learning_rate": 0.09438558811128643, "max_bin_exp": 4.206661173753751, "max_depth": 1.3099494609280073, "n_estimators": 2242.38818688377, "reg_alpha": 2.5094508338953614, "reg_lambda": 2.3190785660026414}, "datetime": {"datetime": "2024-02-19 13:22:36", "elapsed": 459.081975, "delta": 0.699308}}
{"target": -0.6493523322872529, "params": {"colsample_bytree": 1.0, "learning_rate": 0.5, "max_bin_exp": 7.712630373807375, "max_depth": 6.0, "n_estimators": 2244.5281913238778, "reg_alpha": 2.0709841552716415, "reg_lambda": 3.0}, "datetime": {"datetime": "2024-02-19 13:22:38", "elapsed": 461.500186, "delta": 2.418211}}
{"target": -0.701592808327816, "params": {"colsample_bytree": 0.5918994718020951, "learning_rate": 0.3556844996784167, "max_bin_exp": 6.03060028396967, "max_depth": 5.63187800012982, "n_estimators": 2249.635700312664, "reg_alpha": 0.9504127371462763, "reg_lambda": 2.026593784750923}, "datetime": {"datetime": "2024-02-19 13:22:40", "elapsed": 463.613694, "delta": 2.113508}}
