{"target": -0.6705514299766068, "params": {"colsample_bytree": 0.735921064971137, "learning_rate": 0.4465272933287135, "max_bin_exp": 9.480441185102643, "max_depth": 5.493540291438026, "n_estimators": 4155.459737605359, "reg_alpha": 1.248293096413783, "reg_lambda": 2.57600751574087}, "datetime": {"datetime": "2024-02-19 15:23:52", "elapsed": 158.873117, "delta": 5.438511}}
{"target": -0.7169430102695388, "params": {"colsample_bytree": 0.6948853394475216, "learning_rate": 0.3252395412383362, "max_bin_exp": 8.178379916560097, "max_depth": 2.497027977947167, "n_estimators": 4177.314293750587, "reg_alpha": 2.1402722929762326, "reg_lambda": 0.3625907598756214}, "datetime": {"datetime": "2024-02-19 15:23:54", "elapsed": 161.262515, "delta": 2.389398}}
{"target": -0.646276642892979, "params": {"colsample_bytree": 0.9930075888919079, "learning_rate": 0.36948981122311214, "max_bin_exp": 9.369671070737358, "max_depth": 4.9877658040378225, "n_estimators": 4585.993409257379, "reg_alpha": 2.9309956925655247, "reg_lambda": 2.6693841152452302}, "datetime": {"datetime": "2024-02-19 15:24:00", "elapsed": 167.295123, "delta": 6.032608}}
{"target": -0.7303852160204066, "params": {"colsample_bytree": 0.6617191291408691, "learning_rate": 0.4670949363008103, "max_bin_exp": 9.773297495536507, "max_depth": 2.512161750863303, "n_estimators": 4610.733534383083, "reg_alpha": 2.2300710931540273, "reg_lambda": 0.44092008872739163}, "datetime": {"datetime": "2024-02-19 15:24:03", "elapsed": 169.708381, "delta": 2.413258}}
{"target": -0.7065137456508945, "params": {"colsample_bytree": 0.8739201408130877, "learning_rate": 0.293077363927854, "max_bin_exp": 8.147401634009459, "max_depth": 2.8130721681253243, "n_estimators": 4834.633245889676, "reg_alpha": 1.3742440899752788, "reg_lambda": 1.5534449341936567}, "datetime": {"datetime": "2024-02-19 15:24:06", "elapsed": 172.959593, "delta": 3.251212}}
{"target": -0.7432830152531339, "params": {"colsample_bytree": 0.39158436988791057, "learning_rate": 0.20840995309383342, "max_bin_exp": 7.066474435883272, "max_depth": 5.843571070056879, "n_estimators": 3205.796911810638, "reg_alpha": 0.17959420222782452, "reg_lambda": 1.775721117222671}, "datetime": {"datetime": "2024-02-19 15:24:08", "elapsed": 174.78314, "delta": 1.823547}}
{"target": -0.7616822436240216, "params": {"colsample_bytree": 0.4244591565181797, "learning_rate": 0.17853664058611943, "max_bin_exp": 6.803875446623275, "max_depth": 4.686050369779199, "n_estimators": 3932.9561332620992, "reg_alpha": 0.6726018953000188, "reg_lambda": 1.814495392210293}, "datetime": {"datetime": "2024-02-19 15:24:12", "elapsed": 178.415772, "delta": 3.632632}}
{"target": -0.7299594301465395, "params": {"colsample_bytree": 0.8265942102547039, "learning_rate": 0.1621321675284913, "max_bin_exp": 7.85394373319183, "max_depth": 2.7931054214482645, "n_estimators": 697.3884776309826, "reg_alpha": 0.8564389516844275, "reg_lambda": 1.0259339959698663}, "datetime": {"datetime": "2024-02-19 15:24:12", "elapsed": 179.046833, "delta": 0.631061}}
{"target": -2.348011077404808, "params": {"colsample_bytree": 0.4164158909678539, "learning_rate": 0.20621148208733245, "max_bin_exp": 4.2576580056545374, "max_depth": 2.7407914286418693, "n_estimators": 812.936683192418, "reg_alpha": 1.9271625296015258, "reg_lambda": 1.6612413728434667}, "datetime": {"datetime": "2024-02-19 15:24:13", "elapsed": 179.891886, "delta": 0.845053}}
{"target": -1.4361955198770011, "params": {"colsample_bytree": 0.9315041439768512, "learning_rate": 0.006341967571444697, "max_bin_exp": 5.263755508846987, "max_depth": 2.387385478929477, "n_estimators": 4109.162539253678, "reg_alpha": 0.6132486503014838, "reg_lambda": 2.929130426268391}, "datetime": {"datetime": "2024-02-19 15:24:17", "elapsed": 183.354379, "delta": 3.462493}}
{"target": -0.690513844263477, "params": {"colsample_bytree": 0.3944251261876903, "learning_rate": 0.4147299962491143, "max_bin_exp": 6.557031798535507, "max_depth": 2.6164305326399075, "n_estimators": 3960.0057731456404, "reg_alpha": 1.759636743454318, "reg_lambda": 2.011485054079899}, "datetime": {"datetime": "2024-02-19 15:24:19", "elapsed": 186.192774, "delta": 2.838395}}
{"target": -0.7075008924876411, "params": {"colsample_bytree": 0.84551194705487, "learning_rate": 0.268617993719376, "max_bin_exp": 9.884176093406492, "max_depth": 2.0519393743737204, "n_estimators": 3985.6374163361634, "reg_alpha": 1.5182379001184678, "reg_lambda": 1.2465151867419761}, "datetime": {"datetime": "2024-02-19 15:24:24", "elapsed": 191.044453, "delta": 4.851679}}
{"target": -2.035573625417844, "params": {"colsample_bytree": 1.0, "learning_rate": 0.001, "max_bin_exp": 4.0, "max_depth": 6.0, "n_estimators": 2327.913105546363, "reg_alpha": 0.0, "reg_lambda": 0.0}, "datetime": {"datetime": "2024-02-19 15:24:28", "elapsed": 195.239483, "delta": 4.19503}}
{"target": -0.7836392772275189, "params": {"colsample_bytree": 0.5174990226986435, "learning_rate": 0.21433390963207677, "max_bin_exp": 5.209478330793728, "max_depth": 3.1112062496232586, "n_estimators": 3879.8312861305094, "reg_alpha": 0.7342119760571014, "reg_lambda": 1.256962186247132}, "datetime": {"datetime": "2024-02-19 15:24:32", "elapsed": 199.036998, "delta": 3.797515}}
{"target": -0.7167264944422376, "params": {"colsample_bytree": 0.8958794289580629, "learning_rate": 0.3882359160416854, "max_bin_exp": 9.359533258677976, "max_depth": 3.1922145640681974, "n_estimators": 3851.7096052109578, "reg_alpha": 0.6754309368591737, "reg_lambda": 0.391698862802484}, "datetime": {"datetime": "2024-02-19 15:24:35", "elapsed": 202.227977, "delta": 3.190979}}
{"target": -3.28303361044315, "params": {"colsample_bytree": 0.33059963739095355, "learning_rate": 0.051665042964796445, "max_bin_exp": 7.504066951319777, "max_depth": 1.480226802743669, "n_estimators": 2747.441425312878, "reg_alpha": 2.405356061821255, "reg_lambda": 0.29403246372206515}, "datetime": {"datetime": "2024-02-19 15:24:36", "elapsed": 203.120931, "delta": 0.892954}}
{"target": -0.9645249504207863, "params": {"colsample_bytree": 1.0, "learning_rate": 0.5, "max_bin_exp": 10.0, "max_depth": 1.0, "n_estimators": 2803.522368181138, "reg_alpha": 0.0, "reg_lambda": 0.0}, "datetime": {"datetime": "2024-02-19 15:24:37", "elapsed": 203.954479, "delta": 0.833548}}
{"target": -0.7469663886942659, "params": {"colsample_bytree": 0.5674715235701169, "learning_rate": 0.46631644606880873, "max_bin_exp": 7.769117052816067, "max_depth": 5.355475730259133, "n_estimators": 4776.486950043141, "reg_alpha": 1.898999040819981, "reg_lambda": 2.4748201238783367}, "datetime": {"datetime": "2024-02-19 15:24:42", "elapsed": 208.750919, "delta": 4.79644}}
{"target": -2.235697297457627, "params": {"colsample_bytree": 0.4960584524055609, "learning_rate": 0.08444196971969548, "max_bin_exp": 8.26971351100572, "max_depth": 1.2886526632316815, "n_estimators": 4750.446886886985, "reg_alpha": 2.2872194508921275, "reg_lambda": 2.224444293407482}, "datetime": {"datetime": "2024-02-19 15:24:45", "elapsed": 211.378567, "delta": 2.627648}}
{"target": -0.8279529647635651, "params": {"colsample_bytree": 0.5700718521296162, "learning_rate": 0.34138775086885453, "max_bin_exp": 5.252425607946424, "max_depth": 5.904770647114595, "n_estimators": 371.6178730757309, "reg_alpha": 2.9741779165716133, "reg_lambda": 1.8221352574775498}, "datetime": {"datetime": "2024-02-19 15:24:45", "elapsed": 211.656016, "delta": 0.277449}}
{"target": -4.285853281661958, "params": {"colsample_bytree": 0.8287340213540597, "learning_rate": 0.01925112027988683, "max_bin_exp": 5.9618905055731375, "max_depth": 1.8318114179147158, "n_estimators": 344.40436346792103, "reg_alpha": 0.543905896755813, "reg_lambda": 2.6834259273393593}, "datetime": {"datetime": "2024-02-19 15:24:45", "elapsed": 211.89064, "delta": 0.234624}}
{"target": -0.6678963215814794, "params": {"colsample_bytree": 0.8157912214451621, "learning_rate": 0.08944814518549078, "max_bin_exp": 6.416608442843016, "max_depth": 5.074636179840506, "n_estimators": 4229.129175916899, "reg_alpha": 0.849619093709736, "reg_lambda": 1.1701926979790485}, "datetime": {"datetime": "2024-02-19 15:24:53", "elapsed": 220.209617, "delta": 8.318977}}
{"target": -0.7096961691612229, "params": {"colsample_bytree": 0.4497279465593823, "learning_rate": 0.33438561540507933, "max_bin_exp": 9.062897295937194, "max_depth": 4.619976997843405, "n_estimators": 4670.137335224227, "reg_alpha": 0.4724563752488474, "reg_lambda": 0.6381647373471753}, "datetime": {"datetime": "2024-02-19 15:25:01", "elapsed": 227.329893, "delta": 7.120276}}
{"target": -3.6680216665371943, "params": {"colsample_bytree": 0.2, "learning_rate": 0.001, "max_bin_exp": 4.0, "max_depth": 6.0, "n_estimators": 3829.7665510648303, "reg_alpha": 3.0, "reg_lambda": 3.0}, "datetime": {"datetime": "2024-02-19 15:25:05", "elapsed": 232.11208, "delta": 4.782187}}
{"target": -2.7630507148275654, "params": {"colsample_bytree": 0.28553123543868053, "learning_rate": 0.33123178570806155, "max_bin_exp": 5.010915060487959, "max_depth": 1.9658020989488547, "n_estimators": 2831.5006517019465, "reg_alpha": 0.044956971978508564, "reg_lambda": 2.611142810792814}, "datetime": {"datetime": "2024-02-19 15:25:06", "elapsed": 232.983866, "delta": 0.871786}}
{"target": -2.0718752927436443, "params": {"colsample_bytree": 0.6132837366638944, "learning_rate": 0.18396428272447624, "max_bin_exp": 9.793834247424623, "max_depth": 1.6652262501804622, "n_estimators": 3229.7171318458054, "reg_alpha": 2.6684799736712197, "reg_lambda": 0.8647520538483388}, "datetime": {"datetime": "2024-02-19 15:25:08", "elapsed": 234.388651, "delta": 1.404785}}
{"target": -0.6505413143902279, "params": {"colsample_bytree": 0.5472652576351771, "learning_rate": 0.17439155583651694, "max_bin_exp": 8.238265421943996, "max_depth": 3.616902401497885, "n_estimators": 2194.0494056029856, "reg_alpha": 2.3635165040516806, "reg_lambda": 1.0770741034806566}, "datetime": {"datetime": "2024-02-19 15:25:10", "elapsed": 236.793346, "delta": 2.404695}}
{"target": -4.540864000470809, "params": {"colsample_bytree": 0.2, "learning_rate": 0.001, "max_bin_exp": 7.617251955156201, "max_depth": 1.0, "n_estimators": 2171.2897175549792, "reg_alpha": 3.0, "reg_lambda": 3.0}, "datetime": {"datetime": "2024-02-19 15:25:11", "elapsed": 237.615394, "delta": 0.822048}}
{"target": -1.1586891184008465, "params": {"colsample_bytree": 0.6210675029121173, "learning_rate": 0.42353931634941205, "max_bin_exp": 4.421773144206629, "max_depth": 3.4243056312997795, "n_estimators": 2206.456786072177, "reg_alpha": 0.7579862202685875, "reg_lambda": 1.290086289058232}, "datetime": {"datetime": "2024-02-19 15:25:13", "elapsed": 239.64058, "delta": 2.025186}}
{"target": -3.3316387256297078, "params": {"colsample_bytree": 0.4714128907950585, "learning_rate": 0.012854059894802556, "max_bin_exp": 8.67588376270961, "max_depth": 1.0757773551174905, "n_estimators": 4688.944274770426, "reg_alpha": 2.250847801498685, "reg_lambda": 0.438563122003226}, "datetime": {"datetime": "2024-02-19 15:25:14", "elapsed": 241.255817, "delta": 1.615237}}
{"target": -1.2073349612778255, "params": {"colsample_bytree": 0.5596706370381115, "learning_rate": 0.42012201171460983, "max_bin_exp": 4.196615305994266, "max_depth": 4.635996600466589, "n_estimators": 4655.973407635021, "reg_alpha": 0.851119157661067, "reg_lambda": 1.109725488639853}, "datetime": {"datetime": "2024-02-19 15:25:18", "elapsed": 244.886756, "delta": 3.630939}}
{"target": -0.63845120370965, "params": {"colsample_bytree": 0.9745991218295533, "learning_rate": 0.17423939081020964, "max_bin_exp": 9.806322127598309, "max_depth": 3.949021087911197, "n_estimators": 3865.582764365377, "reg_alpha": 0.3205602647596766, "reg_lambda": 2.4609307099970454}, "datetime": {"datetime": "2024-02-19 15:25:21", "elapsed": 248.06234, "delta": 3.175584}}
{"target": -4.693501926471281, "params": {"colsample_bytree": 1.0, "learning_rate": 0.001, "max_bin_exp": 4.0, "max_depth": 1.0, "n_estimators": 385.9218391305249, "reg_alpha": 0.0, "reg_lambda": 0.0}, "datetime": {"datetime": "2024-02-19 15:25:21", "elapsed": 248.280394, "delta": 0.218054}}
{"target": -0.8886739076550729, "params": {"colsample_bytree": 0.5605016904671092, "learning_rate": 0.42324025273618837, "max_bin_exp": 5.153100940551351, "max_depth": 4.418554390722155, "n_estimators": 3973.3185419451047, "reg_alpha": 0.8900971211883975, "reg_lambda": 0.8074287115179035}, "datetime": {"datetime": "2024-02-19 15:25:25", "elapsed": 252.047875, "delta": 3.767481}}
{"target": -3.1467361797242814, "params": {"colsample_bytree": 0.2, "learning_rate": 0.5, "max_bin_exp": 4.0, "max_depth": 1.0, "n_estimators": 4597.673831572821, "reg_alpha": 0.0, "reg_lambda": 0.0}, "datetime": {"datetime": "2024-02-19 15:25:27", "elapsed": 253.491418, "delta": 1.443543}}
{"target": -0.9281479871115819, "params": {"colsample_bytree": 0.2385342380909596, "learning_rate": 0.4644065434489684, "max_bin_exp": 9.483803162677372, "max_depth": 4.122400381026862, "n_estimators": 4574.702476605205, "reg_alpha": 1.1124689607534557, "reg_lambda": 1.3236485645977552}, "datetime": {"datetime": "2024-02-19 15:25:36", "elapsed": 262.347542, "delta": 8.856124}}
{"target": -3.259279616493056, "params": {"colsample_bytree": 0.2992996706591006, "learning_rate": 0.24033293456638502, "max_bin_exp": 4.693312616977996, "max_depth": 1.411039957737217, "n_estimators": 598.4858316761002, "reg_alpha": 0.3515405254991011, "reg_lambda": 1.9076100937388332}, "datetime": {"datetime": "2024-02-19 15:25:36", "elapsed": 262.874644, "delta": 0.527102}}
{"target": -1.899519060485817, "params": {"colsample_bytree": 0.8969495546683446, "learning_rate": 0.18375243773939887, "max_bin_exp": 5.2154789374520245, "max_depth": 1.8520719213229078, "n_estimators": 3723.4620178894174, "reg_alpha": 2.21549384499666, "reg_lambda": 2.2123677893922906}, "datetime": {"datetime": "2024-02-19 15:25:38", "elapsed": 264.661754, "delta": 1.78711}}
{"target": -0.7095927413797671, "params": {"colsample_bytree": 0.9872963715606944, "learning_rate": 0.027833287544117236, "max_bin_exp": 5.7578705388582705, "max_depth": 5.110433196339998, "n_estimators": 734.6322158439605, "reg_alpha": 1.9596758079845058, "reg_lambda": 1.2132766504259802}, "datetime": {"datetime": "2024-02-19 15:25:39", "elapsed": 265.91491, "delta": 1.253156}}
{"target": -0.7374667499499764, "params": {"colsample_bytree": 0.7548383289450309, "learning_rate": 0.0226511967661599, "max_bin_exp": 9.841129626319535, "max_depth": 2.8460897809517234, "n_estimators": 4145.378140343605, "reg_alpha": 2.751239155551187, "reg_lambda": 2.072375150333454}, "datetime": {"datetime": "2024-02-19 15:25:42", "elapsed": 268.357787, "delta": 2.442877}}
{"target": -0.6342700667773805, "params": {"colsample_bytree": 0.998501977200555, "learning_rate": 0.2418215846001216, "max_bin_exp": 9.13407287137921, "max_depth": 4.822507540404512, "n_estimators": 578.3199175610259, "reg_alpha": 0.3420865430519757, "reg_lambda": 0.10524836277700655}, "datetime": {"datetime": "2024-02-19 15:25:42", "elapsed": 269.300859, "delta": 0.943072}}
{"target": -0.8257319506900307, "params": {"colsample_bytree": 0.2655235001016507, "learning_rate": 0.35346435141286103, "max_bin_exp": 9.182983673257393, "max_depth": 2.905726600553272, "n_estimators": 3193.988304371498, "reg_alpha": 2.495240113346152, "reg_lambda": 0.029624713689193505}, "datetime": {"datetime": "2024-02-19 15:25:44", "elapsed": 270.887518, "delta": 1.586659}}
{"target": -1.8770911092793667, "params": {"colsample_bytree": 0.8850359195908799, "learning_rate": 0.2248059775327419, "max_bin_exp": 5.434053114409569, "max_depth": 1.2836911317451851, "n_estimators": 4215.803512453737, "reg_alpha": 1.0812934591702084, "reg_lambda": 0.9099835837701136}, "datetime": {"datetime": "2024-02-19 15:25:46", "elapsed": 272.463945, "delta": 1.576427}}
{"target": -2.618583653748823, "params": {"colsample_bytree": 0.392905851603672, "learning_rate": 0.09859790295978049, "max_bin_exp": 5.472225535532656, "max_depth": 1.9400224959917352, "n_estimators": 4189.144793790654, "reg_alpha": 0.2563255100023739, "reg_lambda": 0.6008716002846387}, "datetime": {"datetime": "2024-02-19 15:25:47", "elapsed": 273.93424, "delta": 1.470295}}
{"target": -0.7569445133399172, "params": {"colsample_bytree": 0.3812996765208273, "learning_rate": 0.34608545800751017, "max_bin_exp": 9.787930393840778, "max_depth": 3.3010349339362013, "n_estimators": 4167.42457380478, "reg_alpha": 2.280062927968962, "reg_lambda": 0.2375551740177314}, "datetime": {"datetime": "2024-02-19 15:25:51", "elapsed": 277.822241, "delta": 3.888001}}
{"target": -0.858449071318856, "params": {"colsample_bytree": 0.2805605697534703, "learning_rate": 0.3410334624959289, "max_bin_exp": 6.598656021310617, "max_depth": 5.578105646301988, "n_estimators": 775.9739220746824, "reg_alpha": 2.1834026498093397, "reg_lambda": 2.5399465610410545}, "datetime": {"datetime": "2024-02-19 15:25:52", "elapsed": 278.742441, "delta": 0.9202}}
{"target": -0.6613297141805703, "params": {"colsample_bytree": 0.4601596988833972, "learning_rate": 0.2707285705640532, "max_bin_exp": 9.091169863805524, "max_depth": 5.167559297191149, "n_estimators": 4622.484736774921, "reg_alpha": 2.3342184746754513, "reg_lambda": 2.768211800920885}, "datetime": {"datetime": "2024-02-19 15:25:57", "elapsed": 284.032034, "delta": 5.289593}}
{"target": -0.7422163377081862, "params": {"colsample_bytree": 0.796204418233674, "learning_rate": 0.4414774929098274, "max_bin_exp": 6.079369098270448, "max_depth": 4.65061470860495, "n_estimators": 3919.9410710894144, "reg_alpha": 2.5954731521021928, "reg_lambda": 0.44217583548661865}, "datetime": {"datetime": "2024-02-19 15:26:01", "elapsed": 287.699326, "delta": 3.667292}}
{"target": -1.9982361071857344, "params": {"colsample_bytree": 0.4942573304839064, "learning_rate": 0.4845564202484524, "max_bin_exp": 8.189109063247804, "max_depth": 1.8863438896800857, "n_estimators": 710.7822181453779, "reg_alpha": 1.5025006860536574, "reg_lambda": 0.5656819714217927}, "datetime": {"datetime": "2024-02-19 15:26:01", "elapsed": 288.26859, "delta": 0.569264}}
{"target": -0.826829350325153, "params": {"colsample_bytree": 0.6149795227208756, "learning_rate": 0.12005377161308911, "max_bin_exp": 5.319581052794982, "max_depth": 2.4811088832325723, "n_estimators": 4821.668023739947, "reg_alpha": 2.1834945244619695, "reg_lambda": 1.6112731102172786}, "datetime": {"datetime": "2024-02-19 15:26:04", "elapsed": 290.398771, "delta": 2.130181}}
{"target": -0.6819123909221987, "params": {"colsample_bytree": 0.9670136976910351, "learning_rate": 0.2538904536077451, "max_bin_exp": 8.258189591443863, "max_depth": 3.5462788481391585, "n_estimators": 3947.138800123786, "reg_alpha": 1.1509763795309897, "reg_lambda": 2.1991258253209716}, "datetime": {"datetime": "2024-02-19 15:26:07", "elapsed": 293.577239, "delta": 3.178468}}
{"target": -0.6419200889863613, "params": {"colsample_bytree": 0.6599941902890569, "learning_rate": 0.21051919753754197, "max_bin_exp": 8.424384251252313, "max_depth": 3.170907587256626, "n_estimators": 683.9469728170264, "reg_alpha": 1.45018481874799, "reg_lambda": 1.474763165152938}, "datetime": {"datetime": "2024-02-19 15:26:08", "elapsed": 294.426703, "delta": 0.849464}}
{"target": -0.7022324134280103, "params": {"colsample_bytree": 0.5421551484859453, "learning_rate": 0.223253598331385, "max_bin_exp": 7.961077261165777, "max_depth": 4.437449708435382, "n_estimators": 4790.981843190839, "reg_alpha": 1.6964797655317414, "reg_lambda": 2.231296409443916}, "datetime": {"datetime": "2024-02-19 15:26:11", "elapsed": 298.067889, "delta": 3.641186}}
{"target": -0.6847628956317681, "params": {"colsample_bytree": 0.49869733043382836, "learning_rate": 0.19645891897616524, "max_bin_exp": 8.18774525002253, "max_depth": 3.412082304557694, "n_estimators": 4241.67961861589, "reg_alpha": 0.36225489485599793, "reg_lambda": 0.95887198992451}, "datetime": {"datetime": "2024-02-19 15:26:14", "elapsed": 301.176419, "delta": 3.10853}}
{"target": -0.5887153945878942, "params": {"colsample_bytree": 0.9393644505992864, "learning_rate": 0.03965480595013598, "max_bin_exp": 9.048446897383986, "max_depth": 5.572849488779141, "n_estimators": 3741.7998645256184, "reg_alpha": 0.7862307968153696, "reg_lambda": 2.94764708864868}, "datetime": {"datetime": "2024-02-19 15:26:20", "elapsed": 306.632818, "delta": 5.456399}}
{"target": -1.0815859243347972, "params": {"colsample_bytree": 0.8575775174147082, "learning_rate": 0.19016311454059204, "max_bin_exp": 4.702754281095464, "max_depth": 4.250337417898976, "n_estimators": 3894.084635213368, "reg_alpha": 2.5927319529545616, "reg_lambda": 2.9626503507201374}, "datetime": {"datetime": "2024-02-19 15:26:23", "elapsed": 310.081138, "delta": 3.44832}}
{"target": -1.1369984222875102, "params": {"colsample_bytree": 0.6616667126668481, "learning_rate": 0.3334633896251282, "max_bin_exp": 4.525025597541019, "max_depth": 3.77179702971336, "n_estimators": 4849.8943765528265, "reg_alpha": 2.4546997045617367, "reg_lambda": 1.5561739708591025}, "datetime": {"datetime": "2024-02-19 15:26:26", "elapsed": 312.617393, "delta": 2.536255}}
{"target": -1.6638919026836159, "params": {"colsample_bytree": 0.6683120851256611, "learning_rate": 0.13701398484142063, "max_bin_exp": 4.082956393621675, "max_depth": 2.8741967573020375, "n_estimators": 2790.617184045299, "reg_alpha": 2.977862186359971, "reg_lambda": 0.8742408024548478}, "datetime": {"datetime": "2024-02-19 15:26:27", "elapsed": 313.593606, "delta": 0.976213}}
{"target": -0.9545763665460217, "params": {"colsample_bytree": 0.9931646868900634, "learning_rate": 0.16630115263461503, "max_bin_exp": 9.420453602664185, "max_depth": 3.636014081091436, "n_estimators": 415.7877750414483, "reg_alpha": 1.2485127742675997, "reg_lambda": 0.7199685789147889}, "datetime": {"datetime": "2024-02-19 15:26:27", "elapsed": 313.896982, "delta": 0.303376}}
