{"target": -0.7679888676936205, "params": {"colsample_bytree": 0.3616208264169403, "learning_rate": 0.46207226593600403, "max_bin_exp": 9.601554764056413, "max_depth": 5.031366209388895, "n_estimators": 2049.1219941959494, "reg_alpha": 0.6995816979571956, "reg_lambda": 2.700840723137663}, "datetime": {"datetime": "2024-02-19 13:26:55", "elapsed": 718.342779, "delta": 2.514857}}
{"target": -1.5623578011417136, "params": {"colsample_bytree": 0.9990425834638619, "learning_rate": 0.23079320903012543, "max_bin_exp": 7.336210890321149, "max_depth": 1.1492880218623083, "n_estimators": 2040.1436800340236, "reg_alpha": 2.488588149019883, "reg_lambda": 0.5286794134821307}, "datetime": {"datetime": "2024-02-19 13:26:56", "elapsed": 719.358598, "delta": 1.015819}}
{"target": -0.7035198219706332, "params": {"colsample_bytree": 0.4273411053775347, "learning_rate": 0.13458908396717315, "max_bin_exp": 8.141305056216705, "max_depth": 5.894254889256747, "n_estimators": 2052.8631156334286, "reg_alpha": 1.3393259577358467, "reg_lambda": 1.4773763942535763}, "datetime": {"datetime": "2024-02-19 13:26:58", "elapsed": 721.791115, "delta": 2.432517}}
{"target": -0.8531885354924377, "params": {"colsample_bytree": 0.21604163848910948, "learning_rate": 0.18904406727065465, "max_bin_exp": 9.962486655562131, "max_depth": 5.5629920818740946, "n_estimators": 2260.713802032458, "reg_alpha": 0.8468659198518724, "reg_lambda": 0.41645481453578714}, "datetime": {"datetime": "2024-02-19 13:27:00", "elapsed": 723.961224, "delta": 2.170109}}
{"target": -0.8346853737861933, "params": {"colsample_bytree": 0.22022379076537524, "learning_rate": 0.39032498044831937, "max_bin_exp": 9.646410799716808, "max_depth": 2.9667478299117485, "n_estimators": 2054.352583491163, "reg_alpha": 1.9373528579595822, "reg_lambda": 2.8903429047477873}, "datetime": {"datetime": "2024-02-19 13:27:02", "elapsed": 725.302145, "delta": 1.340921}}
{"target": -1.1322611552053907, "params": {"colsample_bytree": 0.7537921070003719, "learning_rate": 0.451104120150889, "max_bin_exp": 9.429563876082671, "max_depth": 1.2369275100210477, "n_estimators": 2034.2274032636954, "reg_alpha": 0.5909168869934698, "reg_lambda": 2.1472649012306686}, "datetime": {"datetime": "2024-02-19 13:27:03", "elapsed": 726.798373, "delta": 1.496228}}
{"target": -0.6677407075698767, "params": {"colsample_bytree": 0.6854783350806877, "learning_rate": 0.16365184612912262, "max_bin_exp": 7.447016717541382, "max_depth": 5.803920643529694, "n_estimators": 2033.8395213635904, "reg_alpha": 0.5065871312517468, "reg_lambda": 0.32840019779086815}, "datetime": {"datetime": "2024-02-19 13:27:06", "elapsed": 728.984321, "delta": 2.185948}}
{"target": -0.691804736749279, "params": {"colsample_bytree": 0.8434671163570349, "learning_rate": 0.43420092881774613, "max_bin_exp": 7.246080284774789, "max_depth": 5.996204364909003, "n_estimators": 2038.0450169295632, "reg_alpha": 0.02319897880582955, "reg_lambda": 2.4571617266187062}, "datetime": {"datetime": "2024-02-19 13:27:08", "elapsed": 731.378315, "delta": 2.393994}}
{"target": -1.826321634947696, "params": {"colsample_bytree": 0.22147016032620961, "learning_rate": 0.24537914552345302, "max_bin_exp": 5.681517743857574, "max_depth": 5.8890300200058405, "n_estimators": 2036.3077596831379, "reg_alpha": 0.3912126171647855, "reg_lambda": 0.3380488490894349}, "datetime": {"datetime": "2024-02-19 13:27:10", "elapsed": 733.340257, "delta": 1.961942}}
{"target": -0.6978120058744557, "params": {"colsample_bytree": 0.8549763562866954, "learning_rate": 0.3566319442701919, "max_bin_exp": 6.195751287078181, "max_depth": 5.982497395863252, "n_estimators": 2247.2154327269736, "reg_alpha": 0.04160379949895754, "reg_lambda": 1.5245511297402996}, "datetime": {"datetime": "2024-02-19 13:27:12", "elapsed": 735.600775, "delta": 2.260518}}
{"target": -0.6230317837217514, "params": {"colsample_bytree": 0.6880975381931652, "learning_rate": 0.03676198213195555, "max_bin_exp": 9.84235148397049, "max_depth": 4.411894563811735, "n_estimators": 2258.4679449015416, "reg_alpha": 0.43557210549888004, "reg_lambda": 2.5595482179602835}, "datetime": {"datetime": "2024-02-19 13:27:14", "elapsed": 737.73538, "delta": 2.134605}}
{"target": -0.7085221670683263, "params": {"colsample_bytree": 0.4167724410190565, "learning_rate": 0.44318624054073813, "max_bin_exp": 9.95868279808704, "max_depth": 3.3253880323029446, "n_estimators": 2041.9385114513825, "reg_alpha": 0.6129163401320382, "reg_lambda": 2.729409596864303}, "datetime": {"datetime": "2024-02-19 13:27:17", "elapsed": 740.063076, "delta": 2.327696}}
{"target": -0.7155990490256443, "params": {"colsample_bytree": 1.0, "learning_rate": 0.5, "max_bin_exp": 10.0, "max_depth": 4.505314625865897, "n_estimators": 2199.0349926771246, "reg_alpha": 0.0, "reg_lambda": 0.0}, "datetime": {"datetime": "2024-02-19 13:27:19", "elapsed": 742.831444, "delta": 2.768368}}
{"target": -1.4266983897687147, "params": {"colsample_bytree": 0.7145018385795632, "learning_rate": 0.2975494012502924, "max_bin_exp": 4.381389784236578, "max_depth": 2.6174115860351232, "n_estimators": 2028.6376768058603, "reg_alpha": 0.18449682174435167, "reg_lambda": 0.2665899211372502}, "datetime": {"datetime": "2024-02-19 13:27:21", "elapsed": 744.17973, "delta": 1.348286}}
{"target": -0.6205153973524304, "params": {"colsample_bytree": 0.5713854340065334, "learning_rate": 0.057643030715860244, "max_bin_exp": 9.893470397819392, "max_depth": 5.374075810551066, "n_estimators": 2057.056764715796, "reg_alpha": 0.5652495226540539, "reg_lambda": 2.6338029061924098}, "datetime": {"datetime": "2024-02-19 13:27:23", "elapsed": 746.899939, "delta": 2.720209}}
{"target": -1.8254143618820622, "params": {"colsample_bytree": 1.0, "learning_rate": 0.001, "max_bin_exp": 10.0, "max_depth": 5.389762282674953, "n_estimators": 2055.4041714672853, "reg_alpha": 1.9121400281782976, "reg_lambda": 0.0}, "datetime": {"datetime": "2024-02-19 13:27:26", "elapsed": 749.676458, "delta": 2.776519}}
{"target": -0.6897579764902462, "params": {"colsample_bytree": 0.30453499731479206, "learning_rate": 0.08971177413409342, "max_bin_exp": 6.348439956860334, "max_depth": 3.4900507368801525, "n_estimators": 2058.3850944692053, "reg_alpha": 1.7370475830091343, "reg_lambda": 2.8574644104937943}, "datetime": {"datetime": "2024-02-19 13:27:28", "elapsed": 751.404406, "delta": 1.727948}}
{"target": -0.8717836258901247, "params": {"colsample_bytree": 0.2, "learning_rate": 0.46884040596723336, "max_bin_exp": 9.085269997940186, "max_depth": 4.008702903454016, "n_estimators": 2059.587152913614, "reg_alpha": 0.0, "reg_lambda": 3.0}, "datetime": {"datetime": "2024-02-19 13:27:30", "elapsed": 753.345707, "delta": 1.941301}}
{"target": -0.7079236068708805, "params": {"colsample_bytree": 0.3338218391915533, "learning_rate": 0.10381501384903837, "max_bin_exp": 7.530872590447226, "max_depth": 5.890377300878771, "n_estimators": 2049.2760164877022, "reg_alpha": 2.8441249278755993, "reg_lambda": 1.0230074341539974}, "datetime": {"datetime": "2024-02-19 13:27:32", "elapsed": 755.785058, "delta": 2.439351}}
{"target": -0.7782576098767066, "params": {"colsample_bytree": 0.4028391697193523, "learning_rate": 0.46738150930536715, "max_bin_exp": 9.688946182116627, "max_depth": 5.65765312789641, "n_estimators": 4718.649245841776, "reg_alpha": 2.8028973397871484, "reg_lambda": 1.823642280855395}, "datetime": {"datetime": "2024-02-19 13:27:38", "elapsed": 761.148791, "delta": 5.363733}}
{"target": -0.6506804576336934, "params": {"colsample_bytree": 0.6188626337079326, "learning_rate": 0.2512037168443986, "max_bin_exp": 9.939047216075066, "max_depth": 4.846729905595277, "n_estimators": 4746.196272654173, "reg_alpha": 0.6699037155481586, "reg_lambda": 2.942698251439551}, "datetime": {"datetime": "2024-02-19 13:27:42", "elapsed": 765.530997, "delta": 4.382206}}
{"target": -1.3195243620633974, "params": {"colsample_bytree": 0.29624334566392396, "learning_rate": 0.2408784276048862, "max_bin_exp": 4.625605020232551, "max_depth": 5.228452862149563, "n_estimators": 2058.5537202762575, "reg_alpha": 0.03946508008044669, "reg_lambda": 1.9304305763029554}, "datetime": {"datetime": "2024-02-19 13:27:44", "elapsed": 767.64869, "delta": 2.117693}}
{"target": -1.338491298605226, "params": {"colsample_bytree": 0.3753634223307084, "learning_rate": 0.4048295812964843, "max_bin_exp": 4.916385223261754, "max_depth": 5.43247774832013, "n_estimators": 2052.292580042693, "reg_alpha": 2.259835060333608, "reg_lambda": 2.439385481811565}, "datetime": {"datetime": "2024-02-19 13:27:46", "elapsed": 769.940998, "delta": 2.292308}}
{"target": -3.457975258462806, "params": {"colsample_bytree": 0.5223944522609558, "learning_rate": 0.02644670346385644, "max_bin_exp": 5.11721492796844, "max_depth": 1.899548526158624, "n_estimators": 2061.6542464188233, "reg_alpha": 2.3857249205322066, "reg_lambda": 2.1351564520905804}, "datetime": {"datetime": "2024-02-19 13:27:48", "elapsed": 771.187557, "delta": 1.246559}}
{"target": -0.884249539381768, "params": {"colsample_bytree": 0.23799111968639367, "learning_rate": 0.2475804979810726, "max_bin_exp": 7.509336676050872, "max_depth": 4.682637649050949, "n_estimators": 2056.1756878283386, "reg_alpha": 0.5742158955253976, "reg_lambda": 2.5464908978842935}, "datetime": {"datetime": "2024-02-19 13:27:50", "elapsed": 773.354569, "delta": 2.167012}}
{"target": -0.8654641658103814, "params": {"colsample_bytree": 0.9405841375719477, "learning_rate": 0.0951473809466106, "max_bin_exp": 5.404119604817258, "max_depth": 2.448078017890149, "n_estimators": 2268.082395415231, "reg_alpha": 0.22031816291091066, "reg_lambda": 2.768800413639565}, "datetime": {"datetime": "2024-02-19 13:27:51", "elapsed": 774.608693, "delta": 1.254124}}
{"target": -0.6405031033710717, "params": {"colsample_bytree": 0.8977474403250618, "learning_rate": 0.0805250828265508, "max_bin_exp": 6.975678622805069, "max_depth": 5.895021842352463, "n_estimators": 2267.5424545120322, "reg_alpha": 2.9085260199299046, "reg_lambda": 0.38996169288515947}, "datetime": {"datetime": "2024-02-19 13:27:53", "elapsed": 776.940967, "delta": 2.332274}}
{"target": -0.8579732640110053, "params": {"colsample_bytree": 0.2, "learning_rate": 0.5, "max_bin_exp": 6.820489643688139, "max_depth": 6.0, "n_estimators": 2210.079310875185, "reg_alpha": 1.1891856471432587, "reg_lambda": 0.0}, "datetime": {"datetime": "2024-02-19 13:27:56", "elapsed": 779.242814, "delta": 2.301847}}
{"target": -0.6730996298294785, "params": {"colsample_bytree": 0.5256728038787681, "learning_rate": 0.2041252473462617, "max_bin_exp": 8.659920151133559, "max_depth": 3.4875889508119, "n_estimators": 2021.5672096036901, "reg_alpha": 1.5997125332917803, "reg_lambda": 2.679334796393257}, "datetime": {"datetime": "2024-02-19 13:27:58", "elapsed": 780.973405, "delta": 1.730591}}
{"target": -0.6126067261564266, "params": {"colsample_bytree": 0.943526898967838, "learning_rate": 0.13657648556383256, "max_bin_exp": 9.683068397255997, "max_depth": 5.437446774476086, "n_estimators": 2019.3994378172745, "reg_alpha": 0.0637390296588688, "reg_lambda": 0.5198712089178117}, "datetime": {"datetime": "2024-02-19 13:28:00", "elapsed": 783.827858, "delta": 2.854453}}
{"target": -1.288107491375353, "params": {"colsample_bytree": 0.25584040052290374, "learning_rate": 0.014754348275137042, "max_bin_exp": 8.106246607488504, "max_depth": 5.012153217165009, "n_estimators": 2019.1510162659308, "reg_alpha": 1.306322196865696, "reg_lambda": 2.61967615335877}, "datetime": {"datetime": "2024-02-19 13:28:03", "elapsed": 786.40574, "delta": 2.577882}}
{"target": -0.8578466112714807, "params": {"colsample_bytree": 0.2, "learning_rate": 0.5, "max_bin_exp": 6.271270814284949, "max_depth": 6.0, "n_estimators": 2210.112306653758, "reg_alpha": 3.0, "reg_lambda": 3.0}, "datetime": {"datetime": "2024-02-19 13:28:05", "elapsed": 788.749792, "delta": 2.344052}}
{"target": -1.9771576408898306, "params": {"colsample_bytree": 0.4510616056708604, "learning_rate": 0.2722803479780403, "max_bin_exp": 7.758257111965181, "max_depth": 1.1877889363036607, "n_estimators": 2020.2107673814871, "reg_alpha": 1.7841387065822873, "reg_lambda": 0.936729530775543}, "datetime": {"datetime": "2024-02-19 13:28:06", "elapsed": 789.85653, "delta": 1.106738}}
{"target": -0.8823717523937735, "params": {"colsample_bytree": 0.2583710564658903, "learning_rate": 0.1169978948717058, "max_bin_exp": 7.6941032725922085, "max_depth": 5.528366313833539, "n_estimators": 2272.9006361724623, "reg_alpha": 0.3354212153658488, "reg_lambda": 2.757502468515025}, "datetime": {"datetime": "2024-02-19 13:28:09", "elapsed": 792.173841, "delta": 2.317311}}
{"target": -0.8885122533662901, "params": {"colsample_bytree": 1.0, "learning_rate": 0.001, "max_bin_exp": 10.0, "max_depth": 6.0, "n_estimators": 4749.192230392444, "reg_alpha": 3.0, "reg_lambda": 3.0}, "datetime": {"datetime": "2024-02-19 13:28:17", "elapsed": 800.357505, "delta": 8.183664}}
{"target": -0.6902787593624942, "params": {"colsample_bytree": 0.7327653985245564, "learning_rate": 0.4673305847274705, "max_bin_exp": 9.927065976072562, "max_depth": 5.37266320825756, "n_estimators": 2033.4075161351823, "reg_alpha": 2.376516991790071, "reg_lambda": 0.1020267474321539}, "datetime": {"datetime": "2024-02-19 13:28:20", "elapsed": 803.299205, "delta": 2.9417}}
{"target": -0.6109160330010078, "params": {"colsample_bytree": 0.9983867389179948, "learning_rate": 0.06217605640102889, "max_bin_exp": 7.5011775954351485, "max_depth": 5.567468387330707, "n_estimators": 2185.651532919502, "reg_alpha": 0.19825794317853274, "reg_lambda": 1.8483610378431452}, "datetime": {"datetime": "2024-02-19 13:28:22", "elapsed": 805.521481, "delta": 2.222276}}
{"target": -0.7181603561528954, "params": {"colsample_bytree": 0.8869849613127203, "learning_rate": 0.07342754000291547, "max_bin_exp": 9.336483070814944, "max_depth": 2.423374352670035, "n_estimators": 2057.1605573213983, "reg_alpha": 1.9184348867883152, "reg_lambda": 2.9498595080080205}, "datetime": {"datetime": "2024-02-19 13:28:24", "elapsed": 807.145717, "delta": 1.624236}}
{"target": -1.8585585061440681, "params": {"colsample_bytree": 1.0, "learning_rate": 0.001, "max_bin_exp": 8.849570238469225, "max_depth": 5.249699812941854, "n_estimators": 2047.871786231184, "reg_alpha": 3.0, "reg_lambda": 3.0}, "datetime": {"datetime": "2024-02-19 13:28:26", "elapsed": 809.617, "delta": 2.471283}}
{"target": -0.6626404336320034, "params": {"colsample_bytree": 0.7674717828051132, "learning_rate": 0.39041402441818357, "max_bin_exp": 9.291105792657039, "max_depth": 5.765581572508002, "n_estimators": 2023.6849919865317, "reg_alpha": 1.8551507384390553, "reg_lambda": 2.401015368272932}, "datetime": {"datetime": "2024-02-19 13:28:29", "elapsed": 812.35377, "delta": 2.73677}}
{"target": -0.6853436020156545, "params": {"colsample_bytree": 0.31064803780390016, "learning_rate": 0.2592887344961796, "max_bin_exp": 9.979453282288409, "max_depth": 3.024206998478675, "n_estimators": 2024.8173099040248, "reg_alpha": 2.5611422240791963, "reg_lambda": 2.268345429394081}, "datetime": {"datetime": "2024-02-19 13:28:31", "elapsed": 814.077463, "delta": 1.723693}}
{"target": -0.6034355406036664, "params": {"colsample_bytree": 0.8472836976066136, "learning_rate": 0.05850841623287322, "max_bin_exp": 9.219248177718102, "max_depth": 4.976387875615525, "n_estimators": 2022.0845006167244, "reg_alpha": 2.8473273351130155, "reg_lambda": 0.3611783430054575}, "datetime": {"datetime": "2024-02-19 13:28:33", "elapsed": 816.225023, "delta": 2.14756}}
{"target": -1.3488273172316385, "params": {"colsample_bytree": 1.0, "learning_rate": 0.001, "max_bin_exp": 10.0, "max_depth": 6.0, "n_estimators": 2256.295474557894, "reg_alpha": 0.0, "reg_lambda": 0.0}, "datetime": {"datetime": "2024-02-19 13:28:36", "elapsed": 819.967188, "delta": 3.742165}}
{"target": -0.7106593476143186, "params": {"colsample_bytree": 1.0, "learning_rate": 0.5, "max_bin_exp": 6.582296129885465, "max_depth": 3.386591729707572, "n_estimators": 2175.981476320464, "reg_alpha": 3.0, "reg_lambda": 3.0}, "datetime": {"datetime": "2024-02-19 13:28:38", "elapsed": 821.781284, "delta": 1.814096}}
{"target": -0.6574411627368761, "params": {"colsample_bytree": 0.4624795731096629, "learning_rate": 0.1554957815082477, "max_bin_exp": 9.794515042713268, "max_depth": 5.860653162507819, "n_estimators": 4762.2230623547575, "reg_alpha": 1.133217037269591, "reg_lambda": 0.8967742524759357}, "datetime": {"datetime": "2024-02-19 13:28:44", "elapsed": 827.07522, "delta": 5.293936}}
{"target": -0.8545598426730227, "params": {"colsample_bytree": 0.25290191067055084, "learning_rate": 0.2121408994605766, "max_bin_exp": 9.892244329955368, "max_depth": 5.796220122872412, "n_estimators": 2022.1002247829872, "reg_alpha": 1.1615128587358323, "reg_lambda": 0.9614241736715682}, "datetime": {"datetime": "2024-02-19 13:28:46", "elapsed": 829.290003, "delta": 2.214783}}
{"target": -0.6750798362207217, "params": {"colsample_bytree": 0.9850884080338718, "learning_rate": 0.4812597809892087, "max_bin_exp": 8.571399212336672, "max_depth": 5.372784593262117, "n_estimators": 4764.886382564385, "reg_alpha": 0.3211888437832502, "reg_lambda": 1.2280796142748671}, "datetime": {"datetime": "2024-02-19 13:28:51", "elapsed": 834.923885, "delta": 5.633882}}
{"target": -3.1268662368938323, "params": {"colsample_bytree": 0.2, "learning_rate": 0.001, "max_bin_exp": 10.0, "max_depth": 6.0, "n_estimators": 4765.294420621713, "reg_alpha": 3.0, "reg_lambda": 0.0}, "datetime": {"datetime": "2024-02-19 13:28:58", "elapsed": 841.764745, "delta": 6.84086}}
{"target": -0.8438215331817913, "params": {"colsample_bytree": 0.8638637181669253, "learning_rate": 0.42430182254712495, "max_bin_exp": 5.932903916168771, "max_depth": 4.303229582041833, "n_estimators": 4764.240309045875, "reg_alpha": 0.8760505851456284, "reg_lambda": 2.002934279935368}, "datetime": {"datetime": "2024-02-19 13:29:03", "elapsed": 846.137623, "delta": 4.372878}}
{"target": -0.722547258767729, "params": {"colsample_bytree": 0.6426155911751412, "learning_rate": 0.29893320895795145, "max_bin_exp": 7.049342612484919, "max_depth": 3.389025718393568, "n_estimators": 4767.653437168189, "reg_alpha": 0.3975986383717717, "reg_lambda": 1.6875416223549675}, "datetime": {"datetime": "2024-02-19 13:29:07", "elapsed": 849.991262, "delta": 3.853639}}
{"target": -0.675426059663371, "params": {"colsample_bytree": 0.31254938769850527, "learning_rate": 0.13788464437386067, "max_bin_exp": 9.789111275056998, "max_depth": 3.4276158648697606, "n_estimators": 4771.667974074375, "reg_alpha": 0.0629159710319267, "reg_lambda": 2.357826104661456}, "datetime": {"datetime": "2024-02-19 13:29:10", "elapsed": 853.852833, "delta": 3.861571}}
{"target": -0.700006574621513, "params": {"colsample_bytree": 0.7777546169473275, "learning_rate": 0.2617985179379406, "max_bin_exp": 6.1077508035550085, "max_depth": 4.675718314667901, "n_estimators": 4772.196567777305, "reg_alpha": 0.11310029006175815, "reg_lambda": 1.8017672781028504}, "datetime": {"datetime": "2024-02-19 13:29:15", "elapsed": 858.077875, "delta": 4.225042}}
{"target": -1.950255250419315, "params": {"colsample_bytree": 0.30599866699033473, "learning_rate": 0.1819954372207259, "max_bin_exp": 8.189874631672156, "max_depth": 1.0353869034025838, "n_estimators": 4773.323028328376, "reg_alpha": 0.7179911957889596, "reg_lambda": 0.7235495178747399}, "datetime": {"datetime": "2024-02-19 13:29:17", "elapsed": 860.194554, "delta": 2.116679}}
{"target": -3.143068745540548, "params": {"colsample_bytree": 0.22218903907414067, "learning_rate": 0.07869004876327985, "max_bin_exp": 4.283936668626233, "max_depth": 3.8717278889891724, "n_estimators": 4768.564872800363, "reg_alpha": 0.29277425313215333, "reg_lambda": 2.731792773993703}, "datetime": {"datetime": "2024-02-19 13:29:20", "elapsed": 863.662841, "delta": 3.468287}}
{"target": -1.3488160504590396, "params": {"colsample_bytree": 1.0, "learning_rate": 0.001, "max_bin_exp": 10.0, "max_depth": 6.0, "n_estimators": 2170.900892233229, "reg_alpha": 1.8290239367519132, "reg_lambda": 0.0}, "datetime": {"datetime": "2024-02-19 13:29:24", "elapsed": 867.60815, "delta": 3.945309}}
{"target": -0.6827619334878179, "params": {"colsample_bytree": 0.37933217582066975, "learning_rate": 0.06530093298948694, "max_bin_exp": 9.173411003950626, "max_depth": 5.892017766592662, "n_estimators": 4771.606946014356, "reg_alpha": 0.36460067207047575, "reg_lambda": 0.8702198742022467}, "datetime": {"datetime": "2024-02-19 13:29:30", "elapsed": 873.839553, "delta": 6.231403}}
{"target": -0.6474078860346045, "params": {"colsample_bytree": 1.0, "learning_rate": 0.5, "max_bin_exp": 8.309758920412413, "max_depth": 6.0, "n_estimators": 4773.571113362119, "reg_alpha": 0.0, "reg_lambda": 3.0}, "datetime": {"datetime": "2024-02-19 13:29:37", "elapsed": 880.845673, "delta": 7.00612}}
{"target": -0.7199073555980388, "params": {"colsample_bytree": 1.0, "learning_rate": 0.5, "max_bin_exp": 8.893802870605343, "max_depth": 2.6650766115510764, "n_estimators": 4765.790115338155, "reg_alpha": 0.0, "reg_lambda": 2.54397825094815}, "datetime": {"datetime": "2024-02-19 13:29:41", "elapsed": 883.969864, "delta": 3.124191}}
{"target": -0.9051614852283428, "params": {"colsample_bytree": 0.2, "learning_rate": 0.5, "max_bin_exp": 8.402114265606972, "max_depth": 4.732058325242698, "n_estimators": 2048.741973696555, "reg_alpha": 0.0, "reg_lambda": 0.0}, "datetime": {"datetime": "2024-02-19 13:29:44", "elapsed": 887.065265, "delta": 3.095401}}
{"target": -0.6725129734999833, "params": {"colsample_bytree": 0.5891900266025603, "learning_rate": 0.376783952864996, "max_bin_exp": 8.732844739647943, "max_depth": 5.508692229020327, "n_estimators": 4769.657319633563, "reg_alpha": 0.12501361013778434, "reg_lambda": 2.4922093622730555}, "datetime": {"datetime": "2024-02-19 13:30:05", "elapsed": 908.299882, "delta": 21.234617}}
