{"target": -0.8587732369718101, "params": {"colsample_bytree": 0.23498263213827508, "learning_rate": 0.13352004040871066, "max_bin_exp": 6.308197289988877, "max_depth": 4.356433169898799, "n_estimators": 4159.732156355298, "reg_alpha": 0.1252576287369097, "reg_lambda": 0.3056036989098597}, "datetime": {"datetime": "2024-02-19 16:09:54", "elapsed": 366.833855, "delta": 3.306026}}
{"target": -0.9383430499205508, "params": {"colsample_bytree": 0.5083095181941673, "learning_rate": 0.03740777430864065, "max_bin_exp": 8.393037337023596, "max_depth": 2.6195387517027293, "n_estimators": 1729.2822925090923, "reg_alpha": 0.21792716977258408, "reg_lambda": 1.0617025516776772}, "datetime": {"datetime": "2024-02-19 16:09:55", "elapsed": 367.833443, "delta": 0.999588}}
{"target": -0.6861650311381825, "params": {"colsample_bytree": 0.42524321026399053, "learning_rate": 0.06486040831494466, "max_bin_exp": 9.513047712572336, "max_depth": 5.273919532300451, "n_estimators": 4507.60401470842, "reg_alpha": 2.5296274834181167, "reg_lambda": 0.23039330683746306}, "datetime": {"datetime": "2024-02-19 16:10:00", "elapsed": 372.881529, "delta": 5.048086}}
{"target": -0.6963745060786131, "params": {"colsample_bytree": 0.5535863738465951, "learning_rate": 0.2679756162438269, "max_bin_exp": 8.955972213703268, "max_depth": 3.1219292833820624, "n_estimators": 4505.182133584681, "reg_alpha": 1.9976787349985174, "reg_lambda": 0.999703171814322}, "datetime": {"datetime": "2024-02-19 16:10:03", "elapsed": 375.948348, "delta": 3.066819}}
{"target": -2.132507673369821, "params": {"colsample_bytree": 1.0, "learning_rate": 0.001, "max_bin_exp": 8.1329667242097, "max_depth": 3.1199825137437536, "n_estimators": 4506.646337685516, "reg_alpha": 0.0, "reg_lambda": 0.0}, "datetime": {"datetime": "2024-02-19 16:10:06", "elapsed": 379.01311, "delta": 3.064762}}
{"target": -0.7148813333296552, "params": {"colsample_bytree": 0.3762215185125832, "learning_rate": 0.2278339050613577, "max_bin_exp": 9.84530938249536, "max_depth": 2.878648841165816, "n_estimators": 4506.88501027906, "reg_alpha": 2.611699871219976, "reg_lambda": 1.46684547328989}, "datetime": {"datetime": "2024-02-19 16:10:09", "elapsed": 381.626954, "delta": 2.613844}}
{"target": -0.6964967058396047, "params": {"colsample_bytree": 0.6362703353696666, "learning_rate": 0.2648027981040477, "max_bin_exp": 7.806957318616901, "max_depth": 4.562684687098238, "n_estimators": 4504.959116893714, "reg_alpha": 2.9909380231109672, "reg_lambda": 2.2152979367051238}, "datetime": {"datetime": "2024-02-19 16:10:12", "elapsed": 384.991949, "delta": 3.364995}}
{"target": -0.8875111218926554, "params": {"colsample_bytree": 1.0, "learning_rate": 0.001, "max_bin_exp": 9.918879913802124, "max_depth": 6.0, "n_estimators": 4516.151073941384, "reg_alpha": 0.5073275346986875, "reg_lambda": 3.0}, "datetime": {"datetime": "2024-02-19 16:10:19", "elapsed": 391.955168, "delta": 6.963219}}
{"target": -0.6343071130127413, "params": {"colsample_bytree": 0.7988832073943986, "learning_rate": 0.18260254737154138, "max_bin_exp": 9.976658368898725, "max_depth": 3.2600026400404576, "n_estimators": 2062.056907072273, "reg_alpha": 2.6353617532248057, "reg_lambda": 0.18471924029414188}, "datetime": {"datetime": "2024-02-19 16:10:21", "elapsed": 393.307174, "delta": 1.352006}}
{"target": -0.7231084203242703, "params": {"colsample_bytree": 0.3448000239734402, "learning_rate": 0.22886032054822003, "max_bin_exp": 8.503778267966142, "max_depth": 4.252217233448655, "n_estimators": 2588.86608848181, "reg_alpha": 0.6342149536740102, "reg_lambda": 0.9350560320445415}, "datetime": {"datetime": "2024-02-19 16:10:22", "elapsed": 394.846172, "delta": 1.538998}}
{"target": -0.8869235604107815, "params": {"colsample_bytree": 0.22427225141789686, "learning_rate": 0.44805797902416633, "max_bin_exp": 7.535545949553242, "max_depth": 2.1873969547450574, "n_estimators": 4503.747493813099, "reg_alpha": 2.8626846696327304, "reg_lambda": 1.4911139898000503}, "datetime": {"datetime": "2024-02-19 16:10:24", "elapsed": 397.019788, "delta": 2.173616}}
{"target": -1.3553352288988934, "params": {"colsample_bytree": 0.6702289484163804, "learning_rate": 0.4125270444488976, "max_bin_exp": 9.43818971218905, "max_depth": 1.566079388869582, "n_estimators": 2588.60195804967, "reg_alpha": 0.7168984149999268, "reg_lambda": 2.1184916590738405}, "datetime": {"datetime": "2024-02-19 16:10:25", "elapsed": 397.844781, "delta": 0.824993}}
{"target": -0.8184313379539822, "params": {"colsample_bytree": 0.3069315925413032, "learning_rate": 0.30897603590977757, "max_bin_exp": 6.690961861807621, "max_depth": 5.598077746403752, "n_estimators": 2590.0614251027487, "reg_alpha": 2.0304942768159204, "reg_lambda": 0.9594974207972738}, "datetime": {"datetime": "2024-02-19 16:10:27", "elapsed": 399.634834, "delta": 1.790053}}
{"target": -0.7346658047669492, "params": {"colsample_bytree": 0.6309418987999216, "learning_rate": 0.38753614942387904, "max_bin_exp": 6.544535976553357, "max_depth": 5.912026639590332, "n_estimators": 2577.067458227696, "reg_alpha": 2.3905627218461967, "reg_lambda": 0.5054308176119726}, "datetime": {"datetime": "2024-02-19 16:10:29", "elapsed": 401.552524, "delta": 1.91769}}
{"target": -0.7057068009978043, "params": {"colsample_bytree": 0.3438693874069296, "learning_rate": 0.3150523707084744, "max_bin_exp": 9.752040639130245, "max_depth": 4.799713234382551, "n_estimators": 2566.537981131272, "reg_alpha": 0.4142363435521311, "reg_lambda": 2.4788350106292807}, "datetime": {"datetime": "2024-02-19 16:10:31", "elapsed": 403.302032, "delta": 1.749508}}
{"target": -3.1433252798655245, "params": {"colsample_bytree": 0.27271836926927934, "learning_rate": 0.24294820465498684, "max_bin_exp": 4.499432464678192, "max_depth": 3.153693282336086, "n_estimators": 2062.9572540637037, "reg_alpha": 0.25928885235494403, "reg_lambda": 0.6394054470854842}, "datetime": {"datetime": "2024-02-19 16:10:32", "elapsed": 404.416851, "delta": 1.114819}}
{"target": -0.7086403912788004, "params": {"colsample_bytree": 0.5380067611901203, "learning_rate": 0.4195737465075846, "max_bin_exp": 7.661495405551847, "max_depth": 2.6168784903327, "n_estimators": 4508.733575589994, "reg_alpha": 2.8563804912940807, "reg_lambda": 2.7734749652189308}, "datetime": {"datetime": "2024-02-19 16:10:34", "elapsed": 406.820658, "delta": 2.403807}}
{"target": -0.6314289062555173, "params": {"colsample_bytree": 0.7165740627365449, "learning_rate": 0.2827417060856792, "max_bin_exp": 9.85550726884976, "max_depth": 5.6401890142689695, "n_estimators": 2068.722289498003, "reg_alpha": 2.228139907239802, "reg_lambda": 0.016496121347066683}, "datetime": {"datetime": "2024-02-19 16:10:36", "elapsed": 409.042523, "delta": 2.221865}}
{"target": -0.6331972144442973, "params": {"colsample_bytree": 0.8359501380552741, "learning_rate": 0.3122742586819959, "max_bin_exp": 9.426575432532667, "max_depth": 5.987367790025177, "n_estimators": 2061.333489333242, "reg_alpha": 1.8595735256326646, "reg_lambda": 0.500840228345348}, "datetime": {"datetime": "2024-02-19 16:10:39", "elapsed": 411.499101, "delta": 2.456578}}
{"target": -1.1674932516699035, "params": {"colsample_bytree": 0.6321832582252287, "learning_rate": 0.4209553097238022, "max_bin_exp": 4.428987244488175, "max_depth": 3.4996778849145143, "n_estimators": 2574.7278389717053, "reg_alpha": 1.118749218184207, "reg_lambda": 0.14191247889722192}, "datetime": {"datetime": "2024-02-19 16:10:40", "elapsed": 412.667061, "delta": 1.16796}}
{"target": -0.66784271848402, "params": {"colsample_bytree": 0.6690890388416723, "learning_rate": 0.2863362001769681, "max_bin_exp": 9.228581055392336, "max_depth": 3.696676983316782, "n_estimators": 4503.064387606552, "reg_alpha": 1.1263282312801306, "reg_lambda": 2.6804217250857487}, "datetime": {"datetime": "2024-02-19 16:10:43", "elapsed": 416.021437, "delta": 3.354376}}
{"target": -2.2526573412311675, "params": {"colsample_bytree": 1.0, "learning_rate": 0.001, "max_bin_exp": 8.016784895678168, "max_depth": 4.68190303501319, "n_estimators": 2588.1440393526145, "reg_alpha": 3.0, "reg_lambda": 0.0}, "datetime": {"datetime": "2024-02-19 16:10:45", "elapsed": 417.737435, "delta": 1.715998}}
{"target": -0.9190539704309382, "params": {"colsample_bytree": 0.2384123282635433, "learning_rate": 0.2553727671518302, "max_bin_exp": 9.151516283797598, "max_depth": 5.954618078030132, "n_estimators": 4510.498309228834, "reg_alpha": 2.225766100246407, "reg_lambda": 1.2064319397668086}, "datetime": {"datetime": "2024-02-19 16:10:49", "elapsed": 422.063294, "delta": 4.325859}}
{"target": -0.6559577326197622, "params": {"colsample_bytree": 0.46845770626184013, "learning_rate": 0.0551902236904139, "max_bin_exp": 7.030158101652885, "max_depth": 5.695324177403543, "n_estimators": 4516.03337437751, "reg_alpha": 2.7960228077230163, "reg_lambda": 2.6351464704993868}, "datetime": {"datetime": "2024-02-19 16:10:54", "elapsed": 426.502024, "delta": 4.43873}}
{"target": -0.6086564592278719, "params": {"colsample_bytree": 0.9507722791788602, "learning_rate": 0.10282484243285055, "max_bin_exp": 8.370733139696195, "max_depth": 4.712067406644136, "n_estimators": 2059.971290427792, "reg_alpha": 0.2972957267659656, "reg_lambda": 2.780314397475445}, "datetime": {"datetime": "2024-02-19 16:10:55", "elapsed": 428.155149, "delta": 1.653125}}
{"target": -0.6584799412628002, "params": {"colsample_bytree": 0.5537433222732202, "learning_rate": 0.10555085433685368, "max_bin_exp": 7.704827285829623, "max_depth": 4.538146611665244, "n_estimators": 2591.9821667322867, "reg_alpha": 1.5213781973156817, "reg_lambda": 1.6011276578141507}, "datetime": {"datetime": "2024-02-19 16:10:57", "elapsed": 429.76289, "delta": 1.607741}}
{"target": -0.6639330778732272, "params": {"colsample_bytree": 0.6219642653708958, "learning_rate": 0.36174076425265284, "max_bin_exp": 9.977316262259777, "max_depth": 5.283519678642157, "n_estimators": 2592.015953077942, "reg_alpha": 2.0441195258253138, "reg_lambda": 2.9931117984994797}, "datetime": {"datetime": "2024-02-19 16:11:00", "elapsed": 432.245747, "delta": 2.482857}}
{"target": -0.7045886574950713, "params": {"colsample_bytree": 0.8065935758044156, "learning_rate": 0.35266038267434147, "max_bin_exp": 6.222171510551532, "max_depth": 4.516720452329865, "n_estimators": 2589.399957137463, "reg_alpha": 0.2765337110452062, "reg_lambda": 2.3164148256390362}, "datetime": {"datetime": "2024-02-19 16:11:01", "elapsed": 433.738767, "delta": 1.49302}}
{"target": -0.6378517630120056, "params": {"colsample_bytree": 0.8757051960585287, "learning_rate": 0.3825482607869276, "max_bin_exp": 9.763009916170024, "max_depth": 5.6200695331637185, "n_estimators": 4504.341307267031, "reg_alpha": 1.0674872478140152, "reg_lambda": 2.9468590874263665}, "datetime": {"datetime": "2024-02-19 16:11:06", "elapsed": 438.946421, "delta": 5.207654}}
{"target": -0.7965086140014418, "params": {"colsample_bytree": 0.9875385785242285, "learning_rate": 0.49938000872253835, "max_bin_exp": 5.1064621197040285, "max_depth": 3.889189566622595, "n_estimators": 2591.426891034485, "reg_alpha": 1.865466341198367, "reg_lambda": 1.0882505970768543}, "datetime": {"datetime": "2024-02-19 16:11:08", "elapsed": 440.240154, "delta": 1.293733}}
{"target": -0.6630775097361994, "params": {"colsample_bytree": 0.6971815122952818, "learning_rate": 0.20595798468460885, "max_bin_exp": 6.223218932425538, "max_depth": 3.0530892447694993, "n_estimators": 2591.367892306299, "reg_alpha": 1.8700870497582642, "reg_lambda": 2.756083555793107}, "datetime": {"datetime": "2024-02-19 16:11:09", "elapsed": 441.631392, "delta": 1.391238}}
{"target": -0.6358172552112757, "params": {"colsample_bytree": 0.8397455614665672, "learning_rate": 0.30940552386612463, "max_bin_exp": 8.34155468040112, "max_depth": 5.360223285440325, "n_estimators": 2593.487904884033, "reg_alpha": 2.8232949306064983, "reg_lambda": 2.6304595531056876}, "datetime": {"datetime": "2024-02-19 16:11:11", "elapsed": 443.731044, "delta": 2.099652}}
{"target": -0.6789086442693619, "params": {"colsample_bytree": 0.3735249284272071, "learning_rate": 0.05129559744462532, "max_bin_exp": 6.0325587423007505, "max_depth": 5.55747344920961, "n_estimators": 2593.478222090223, "reg_alpha": 0.5043821826368902, "reg_lambda": 2.466229640567179}, "datetime": {"datetime": "2024-02-19 16:11:13", "elapsed": 445.595222, "delta": 1.864178}}
{"target": -0.6532081502508533, "params": {"colsample_bytree": 1.0, "learning_rate": 0.5, "max_bin_exp": 7.863764177019886, "max_depth": 6.0, "n_estimators": 4517.957711661552, "reg_alpha": 2.0431322441422584, "reg_lambda": 3.0}, "datetime": {"datetime": "2024-02-19 16:11:19", "elapsed": 451.231411, "delta": 5.636189}}
{"target": -0.6735913672610641, "params": {"colsample_bytree": 0.3632594883968701, "learning_rate": 0.15979800936061292, "max_bin_exp": 9.539953808509809, "max_depth": 4.498133920518711, "n_estimators": 2594.732237368268, "reg_alpha": 0.12110463302393082, "reg_lambda": 2.4018847052430985}, "datetime": {"datetime": "2024-02-19 16:11:20", "elapsed": 452.962491, "delta": 1.73108}}
{"target": -0.6682720933556968, "params": {"colsample_bytree": 0.9616599932804044, "learning_rate": 0.36812002866820126, "max_bin_exp": 7.793249881397919, "max_depth": 5.815783346649512, "n_estimators": 2591.168075814503, "reg_alpha": 2.851067592458924, "reg_lambda": 2.8861124346206495}, "datetime": {"datetime": "2024-02-19 16:11:22", "elapsed": 454.960245, "delta": 1.997754}}
{"target": -0.5876295619688677, "params": {"colsample_bytree": 0.7408143098587552, "learning_rate": 0.0803453071521686, "max_bin_exp": 9.588890028290663, "max_depth": 5.927912757381758, "n_estimators": 2580.588576439621, "reg_alpha": 2.8732718831937296, "reg_lambda": 2.889047965576605}, "datetime": {"datetime": "2024-02-19 16:11:25", "elapsed": 457.31504, "delta": 2.354795}}
{"target": -0.7487973579302024, "params": {"colsample_bytree": 0.3102059373515358, "learning_rate": 0.18886870901641256, "max_bin_exp": 8.316630245441416, "max_depth": 2.6161244765706924, "n_estimators": 2593.6858090767423, "reg_alpha": 0.12436497085775511, "reg_lambda": 0.7111838553492607}, "datetime": {"datetime": "2024-02-19 16:11:26", "elapsed": 458.508156, "delta": 1.193116}}
{"target": -1.0392341013910957, "params": {"colsample_bytree": 0.2, "learning_rate": 0.5, "max_bin_exp": 10.0, "max_depth": 5.116213789873881, "n_estimators": 4504.442023165353, "reg_alpha": 2.999169101345405, "reg_lambda": 1.1352174312160626}, "datetime": {"datetime": "2024-02-19 16:11:31", "elapsed": 463.547187, "delta": 5.039031}}
{"target": -0.7114999570812736, "params": {"colsample_bytree": 0.6570607773899155, "learning_rate": 0.34685283732495326, "max_bin_exp": 6.895150751988718, "max_depth": 5.123187914752398, "n_estimators": 2597.163440026499, "reg_alpha": 1.4686653960644465, "reg_lambda": 2.59571772225677}, "datetime": {"datetime": "2024-02-19 16:11:33", "elapsed": 465.4904, "delta": 1.943213}}
{"target": -0.6442453056570739, "params": {"colsample_bytree": 0.9845570463277351, "learning_rate": 0.3313410298858524, "max_bin_exp": 8.867604256956483, "max_depth": 5.299994382909317, "n_estimators": 2594.1033844058725, "reg_alpha": 1.713229903138011, "reg_lambda": 0.7601702142461435}, "datetime": {"datetime": "2024-02-19 16:11:35", "elapsed": 467.470586, "delta": 1.980186}}
{"target": -0.6496024170359581, "params": {"colsample_bytree": 0.854933077466508, "learning_rate": 0.09838821795643064, "max_bin_exp": 7.574052594952587, "max_depth": 3.877247890475064, "n_estimators": 2595.456418869683, "reg_alpha": 2.581035667778169, "reg_lambda": 0.9542275963196053}, "datetime": {"datetime": "2024-02-19 16:11:36", "elapsed": 468.927686, "delta": 1.4571}}
{"target": -0.8063452111265594, "params": {"colsample_bytree": 0.40922446680771096, "learning_rate": 0.27646707354219563, "max_bin_exp": 5.8108575690319935, "max_depth": 3.4819414815236787, "n_estimators": 2595.6867165541435, "reg_alpha": 0.9666490400338006, "reg_lambda": 1.4577988800933883}, "datetime": {"datetime": "2024-02-19 16:11:38", "elapsed": 470.21241, "delta": 1.284724}}
{"target": -2.7160590845074157, "params": {"colsample_bytree": 0.41678198925392906, "learning_rate": 0.14699821874532357, "max_bin_exp": 9.01546949042455, "max_depth": 1.7427293603467815, "n_estimators": 2592.557396537532, "reg_alpha": 1.6349155789709542, "reg_lambda": 2.8834870383627527}, "datetime": {"datetime": "2024-02-19 16:11:38", "elapsed": 471.161402, "delta": 0.948992}}
{"target": -0.9085023867702448, "params": {"colsample_bytree": 0.2730277401905401, "learning_rate": 0.48592790398493063, "max_bin_exp": 8.08163063580383, "max_depth": 5.510779244679489, "n_estimators": 2591.5611141943004, "reg_alpha": 0.004046370719692272, "reg_lambda": 0.8214803948950636}, "datetime": {"datetime": "2024-02-19 16:11:40", "elapsed": 473.017827, "delta": 1.856425}}
{"target": -1.3319975627354046, "params": {"colsample_bytree": 0.985743690114645, "learning_rate": 0.001856160731949634, "max_bin_exp": 9.11487129140351, "max_depth": 5.938765853590717, "n_estimators": 2596.2368731608076, "reg_alpha": 0.048491368713521776, "reg_lambda": 2.413169703767325}, "datetime": {"datetime": "2024-02-19 16:11:43", "elapsed": 475.274952, "delta": 2.257125}}
{"target": -0.7585753287624325, "params": {"colsample_bytree": 0.8884442127074674, "learning_rate": 0.49976672839612757, "max_bin_exp": 6.4895485525855126, "max_depth": 3.0254431887937194, "n_estimators": 4512.287748465655, "reg_alpha": 1.065463831015042, "reg_lambda": 2.9143590536738855}, "datetime": {"datetime": "2024-02-19 16:11:45", "elapsed": 478.121834, "delta": 2.846882}}
{"target": -0.7152616516367996, "params": {"colsample_bytree": 0.9504672016205968, "learning_rate": 0.4557705329754832, "max_bin_exp": 7.870804785080575, "max_depth": 4.523921124738551, "n_estimators": 4500.835179021291, "reg_alpha": 1.3225639595107714, "reg_lambda": 2.310610547713114}, "datetime": {"datetime": "2024-02-19 16:11:49", "elapsed": 481.960109, "delta": 3.838275}}
{"target": -1.082464295062566, "params": {"colsample_bytree": 0.780429161073181, "learning_rate": 0.17161459423019476, "max_bin_exp": 4.251925382955156, "max_depth": 4.533959271294114, "n_estimators": 2593.851362829806, "reg_alpha": 2.6384549524239542, "reg_lambda": 2.270994933975969}, "datetime": {"datetime": "2024-02-19 16:11:51", "elapsed": 483.540587, "delta": 1.580478}}
{"target": -0.6120077431688441, "params": {"colsample_bytree": 0.6728477041284406, "learning_rate": 0.11259220339260312, "max_bin_exp": 9.268320071158522, "max_depth": 4.9947154029432514, "n_estimators": 2589.9827760380904, "reg_alpha": 0.9295384380776037, "reg_lambda": 2.913200799371881}, "datetime": {"datetime": "2024-02-19 16:11:53", "elapsed": 485.362088, "delta": 1.821501}}
{"target": -0.8579553380752707, "params": {"colsample_bytree": 0.2, "learning_rate": 0.5, "max_bin_exp": 6.779095755041341, "max_depth": 6.0, "n_estimators": 2593.804721207856, "reg_alpha": 2.6230206733489467, "reg_lambda": 0.6399912036045037}, "datetime": {"datetime": "2024-02-19 16:11:55", "elapsed": 487.209751, "delta": 1.847663}}
{"target": -0.663292117459503, "params": {"colsample_bytree": 0.8759279062874854, "learning_rate": 0.17913960490854824, "max_bin_exp": 6.66966199538523, "max_depth": 5.073541270353189, "n_estimators": 4503.069174782723, "reg_alpha": 1.7751957933182734, "reg_lambda": 2.5386867090585143}, "datetime": {"datetime": "2024-02-19 16:11:59", "elapsed": 491.802666, "delta": 4.592915}}
{"target": -1.891720764624529, "params": {"colsample_bytree": 0.9665910661451969, "learning_rate": 0.44465301259288287, "max_bin_exp": 5.946720201245532, "max_depth": 1.8450122816533874, "n_estimators": 2588.9847172833993, "reg_alpha": 2.1204087391960824, "reg_lambda": 2.8046133098082078}, "datetime": {"datetime": "2024-02-19 16:12:00", "elapsed": 492.658087, "delta": 0.855421}}
{"target": -0.8903545047669491, "params": {"colsample_bytree": 1.0, "learning_rate": 0.001, "max_bin_exp": 8.340952550632492, "max_depth": 6.0, "n_estimators": 4502.519757311912, "reg_alpha": 0.0, "reg_lambda": 3.0}, "datetime": {"datetime": "2024-02-19 16:12:06", "elapsed": 498.870575, "delta": 6.212488}}
{"target": -0.66332104142225, "params": {"colsample_bytree": 0.6428673955204649, "learning_rate": 0.2694104655927263, "max_bin_exp": 8.30341695837053, "max_depth": 3.9069411010226625, "n_estimators": 2596.884848704919, "reg_alpha": 0.27025104849737547, "reg_lambda": 0.04967527543607797}, "datetime": {"datetime": "2024-02-19 16:12:08", "elapsed": 500.359737, "delta": 1.489162}}
{"target": -0.6559066937323446, "params": {"colsample_bytree": 0.9018072494234455, "learning_rate": 0.24215564933011902, "max_bin_exp": 8.367253636997258, "max_depth": 3.6187741477833186, "n_estimators": 2598.6085864220945, "reg_alpha": 2.913141721229082, "reg_lambda": 1.1594419741014634}, "datetime": {"datetime": "2024-02-19 16:12:09", "elapsed": 501.948306, "delta": 1.588569}}
{"target": -2.2591847941560737, "params": {"colsample_bytree": 0.7239846071124114, "learning_rate": 0.1221589961423314, "max_bin_exp": 7.281218947915944, "max_depth": 1.6792676952256704, "n_estimators": 2598.1535309631686, "reg_alpha": 1.3712641824029017, "reg_lambda": 0.16527029448761588}, "datetime": {"datetime": "2024-02-19 16:12:10", "elapsed": 502.798008, "delta": 0.849702}}
{"target": -0.8170537984338218, "params": {"colsample_bytree": 0.34664351861705767, "learning_rate": 0.02124718284738888, "max_bin_exp": 5.420200232798298, "max_depth": 5.991563719982459, "n_estimators": 4512.337117167351, "reg_alpha": 2.5790767578406775, "reg_lambda": 0.8846324963032745}, "datetime": {"datetime": "2024-02-19 16:12:14", "elapsed": 507.155476, "delta": 4.357468}}
