{"target": -0.8845669851371234, "params": {"colsample_bytree": 0.2775205057017111, "learning_rate": 0.2955993355366188, "max_bin_exp": 7.430990589324228, "max_depth": 3.741431000588122, "n_estimators": 1168.718677891851, "reg_alpha": 0.3347941088275519, "reg_lambda": 2.459183043022716}, "datetime": {"datetime": "2024-02-19 13:38:34", "elapsed": 1417.331276, "delta": 2.811186}}
{"target": -0.6840030648264626, "params": {"colsample_bytree": 0.5980362829339271, "learning_rate": 0.4277026962982641, "max_bin_exp": 8.785491972841502, "max_depth": 5.121574373402714, "n_estimators": 2057.737471816782, "reg_alpha": 2.4195993372144464, "reg_lambda": 2.872189744636528}, "datetime": {"datetime": "2024-02-19 13:38:37", "elapsed": 1420.679972, "delta": 3.348696}}
{"target": -0.6289407472516478, "params": {"colsample_bytree": 0.6039573372599183, "learning_rate": 0.2668105422930011, "max_bin_exp": 8.93908004297386, "max_depth": 4.800520088736654, "n_estimators": 1163.2430418370732, "reg_alpha": 2.1890979718757286, "reg_lambda": 2.845243967016961}, "datetime": {"datetime": "2024-02-19 13:38:40", "elapsed": 1423.005655, "delta": 2.325683}}
{"target": -0.8055345597647054, "params": {"colsample_bytree": 0.32562947893324157, "learning_rate": 0.40006040764222855, "max_bin_exp": 6.171788731118608, "max_depth": 5.684902273078604, "n_estimators": 1165.935394269008, "reg_alpha": 0.20108542724476697, "reg_lambda": 0.7087712632310345}, "datetime": {"datetime": "2024-02-19 13:38:42", "elapsed": 1425.350674, "delta": 2.345019}}
{"target": -0.8964590478813558, "params": {"colsample_bytree": 0.39275529797635444, "learning_rate": 0.024039401935495943, "max_bin_exp": 9.553163797979584, "max_depth": 5.080489276034852, "n_estimators": 1166.2027672642578, "reg_alpha": 2.446583285210423, "reg_lambda": 2.733374489666204}, "datetime": {"datetime": "2024-02-19 13:38:45", "elapsed": 1428.392759, "delta": 3.042085}}
{"target": -0.8608512752530603, "params": {"colsample_bytree": 0.42050835322631797, "learning_rate": 0.15594600246372334, "max_bin_exp": 7.1930621762615985, "max_depth": 2.5518140128636597, "n_estimators": 1162.4667755452224, "reg_alpha": 1.4073176786812214, "reg_lambda": 0.38993318112979547}, "datetime": {"datetime": "2024-02-19 13:38:47", "elapsed": 1430.311467, "delta": 1.918708}}
{"target": -3.0485260951741995, "params": {"colsample_bytree": 0.706237579255528, "learning_rate": 0.0013284777580528048, "max_bin_exp": 8.145166293270478, "max_depth": 5.883409010160811, "n_estimators": 1161.9487873435048, "reg_alpha": 2.678017708344672, "reg_lambda": 0.2754069089275397}, "datetime": {"datetime": "2024-02-19 13:38:49", "elapsed": 1432.914808, "delta": 2.603341}}
{"target": -2.0642851413496057, "params": {"colsample_bytree": 0.37761416551930327, "learning_rate": 0.36838417647116184, "max_bin_exp": 4.58622581798935, "max_depth": 2.3474077971096654, "n_estimators": 1164.3708959801013, "reg_alpha": 0.8937454355069806, "reg_lambda": 2.1146170750644764}, "datetime": {"datetime": "2024-02-19 13:38:51", "elapsed": 1434.828227, "delta": 1.913419}}
{"target": -0.852712669116349, "params": {"colsample_bytree": 0.2096226120193915, "learning_rate": 0.43979779744384834, "max_bin_exp": 9.316011127661922, "max_depth": 4.351093353427344, "n_estimators": 1171.9741640168982, "reg_alpha": 0.436901816947426, "reg_lambda": 0.07888109982041924}, "datetime": {"datetime": "2024-02-19 13:38:54", "elapsed": 1437.116264, "delta": 2.288037}}
{"target": -1.19536725772643, "params": {"colsample_bytree": 0.6038794880870657, "learning_rate": 0.2867489364038945, "max_bin_exp": 4.97805309177956, "max_depth": 3.9160426912268873, "n_estimators": 1171.313002918131, "reg_alpha": 1.768353577858428, "reg_lambda": 0.5252385107769505}, "datetime": {"datetime": "2024-02-19 13:38:57", "elapsed": 1439.969907, "delta": 2.853643}}
{"target": -0.7518468390672817, "params": {"colsample_bytree": 0.4138465855600525, "learning_rate": 0.303024049894312, "max_bin_exp": 9.92811422890961, "max_depth": 2.162852577687831, "n_estimators": 1166.0754140799907, "reg_alpha": 0.2515176857258178, "reg_lambda": 2.7142029591300916}, "datetime": {"datetime": "2024-02-19 13:38:59", "elapsed": 1442.863221, "delta": 2.893314}}
{"target": -0.6824040337474988, "params": {"colsample_bytree": 0.6912643965690308, "learning_rate": 0.30204830371378577, "max_bin_exp": 7.4028655213368895, "max_depth": 5.857535441896686, "n_estimators": 2236.3304957372643, "reg_alpha": 2.889587025975677, "reg_lambda": 0.024933380379212666}, "datetime": {"datetime": "2024-02-19 13:39:03", "elapsed": 1446.899346, "delta": 4.036125}}
{"target": -4.213610975435499, "params": {"colsample_bytree": 0.4860466113829496, "learning_rate": 0.0014825555522652307, "max_bin_exp": 9.588011013687307, "max_depth": 2.446937056098874, "n_estimators": 1168.937967118317, "reg_alpha": 2.5158131877246577, "reg_lambda": 1.4449286385234608}, "datetime": {"datetime": "2024-02-19 13:39:06", "elapsed": 1449.117503, "delta": 2.218157}}
{"target": -0.6356974396568975, "params": {"colsample_bytree": 1.0, "learning_rate": 0.5, "max_bin_exp": 10.0, "max_depth": 6.0, "n_estimators": 4759.832494863118, "reg_alpha": 3.0, "reg_lambda": 3.0}, "datetime": {"datetime": "2024-02-19 13:39:15", "elapsed": 1458.763914, "delta": 9.646411}}
{"target": -2.565006794279661, "params": {"colsample_bytree": 0.5526113329240827, "learning_rate": 0.2419701370453892, "max_bin_exp": 9.96369602804828, "max_depth": 1.5176919961278903, "n_estimators": 1162.0757697978556, "reg_alpha": 2.40951233130961, "reg_lambda": 2.8705620865059736}, "datetime": {"datetime": "2024-02-19 13:39:17", "elapsed": 1460.631253, "delta": 1.867339}}
{"target": -0.8863705891551905, "params": {"colsample_bytree": 0.25258766344189443, "learning_rate": 0.132339701364646, "max_bin_exp": 8.47700319569748, "max_depth": 5.583386253425955, "n_estimators": 2008.8976163848647, "reg_alpha": 0.058945619727678644, "reg_lambda": 1.1177835829459495}, "datetime": {"datetime": "2024-02-19 13:39:20", "elapsed": 1463.832395, "delta": 3.201142}}
{"target": -1.0495834450892332, "params": {"colsample_bytree": 0.8291282926712586, "learning_rate": 0.037917842606688026, "max_bin_exp": 4.195023966581488, "max_depth": 5.171604610282934, "n_estimators": 2163.524828846886, "reg_alpha": 1.4673461683777844, "reg_lambda": 0.030261021706331936}, "datetime": {"datetime": "2024-02-19 13:39:24", "elapsed": 1467.671723, "delta": 3.839328}}
{"target": -0.7049746578301553, "params": {"colsample_bytree": 1.0, "learning_rate": 0.5, "max_bin_exp": 6.889267857372445, "max_depth": 2.5173189562940714, "n_estimators": 2694.959578847363, "reg_alpha": 0.0, "reg_lambda": 0.0}, "datetime": {"datetime": "2024-02-19 13:39:28", "elapsed": 1471.237201, "delta": 3.565478}}
{"target": -0.7071219608767176, "params": {"colsample_bytree": 0.38682005630454824, "learning_rate": 0.23469200020071498, "max_bin_exp": 8.96487637236324, "max_depth": 4.791195114246109, "n_estimators": 1165.4062277060314, "reg_alpha": 0.44681870860643047, "reg_lambda": 1.287302326999651}, "datetime": {"datetime": "2024-02-19 13:39:30", "elapsed": 1473.656909, "delta": 2.419708}}
{"target": -0.7196168262123351, "params": {"colsample_bytree": 0.676102917160113, "learning_rate": 0.026952430360130907, "max_bin_exp": 9.048679866445195, "max_depth": 4.593524298346139, "n_estimators": 1175.4305671077116, "reg_alpha": 0.3836298417518573, "reg_lambda": 1.3357789241544622}, "datetime": {"datetime": "2024-02-19 13:39:33", "elapsed": 1476.250925, "delta": 2.594016}}
{"target": -3.1378466530014126, "params": {"colsample_bytree": 1.0, "learning_rate": 0.001, "max_bin_exp": 6.914827887735208, "max_depth": 3.1200635358021676, "n_estimators": 2256.041276430349, "reg_alpha": 3.0, "reg_lambda": 3.0}, "datetime": {"datetime": "2024-02-19 13:39:35", "elapsed": 1478.896224, "delta": 2.645299}}
{"target": -2.8230162307615347, "params": {"colsample_bytree": 0.501661490483744, "learning_rate": 0.011141860194115043, "max_bin_exp": 7.192120115847623, "max_depth": 2.4479966194639444, "n_estimators": 1176.8733649030971, "reg_alpha": 0.6637973212796523, "reg_lambda": 2.6988811287979124}, "datetime": {"datetime": "2024-02-19 13:39:38", "elapsed": 1481.718367, "delta": 2.822143}}
{"target": -0.7263527188963925, "params": {"colsample_bytree": 0.6780155338524136, "learning_rate": 0.4526082898826544, "max_bin_exp": 7.176584577193561, "max_depth": 5.446326154877747, "n_estimators": 4696.1584703381795, "reg_alpha": 2.9910088361503018, "reg_lambda": 0.12925632195818137}, "datetime": {"datetime": "2024-02-19 13:39:47", "elapsed": 1490.212715, "delta": 8.494348}}
{"target": -3.2278960421315914, "params": {"colsample_bytree": 0.34926439135682524, "learning_rate": 0.14113634416587684, "max_bin_exp": 4.788655867119487, "max_depth": 1.933454936072713, "n_estimators": 1995.973187666088, "reg_alpha": 0.34499660008481325, "reg_lambda": 1.8038192396689903}, "datetime": {"datetime": "2024-02-19 13:39:49", "elapsed": 1492.813271, "delta": 2.600556}}
{"target": -0.7022486065825094, "params": {"colsample_bytree": 0.708050375019696, "learning_rate": 0.20611116165813428, "max_bin_exp": 9.780606170698732, "max_depth": 2.7861291665188, "n_estimators": 4693.015169421745, "reg_alpha": 2.956757892035038, "reg_lambda": 0.35152218457214623}, "datetime": {"datetime": "2024-02-19 13:39:54", "elapsed": 1496.999869, "delta": 4.186598}}
{"target": -0.7046347150798906, "params": {"colsample_bytree": 0.40894112860768106, "learning_rate": 0.3003340045309018, "max_bin_exp": 9.905989317109292, "max_depth": 3.381606376661055, "n_estimators": 2014.9195894960594, "reg_alpha": 0.29616543937754347, "reg_lambda": 1.3687448465997543}, "datetime": {"datetime": "2024-02-19 13:39:58", "elapsed": 1501.114242, "delta": 4.114373}}
{"target": -0.6175812190339571, "params": {"colsample_bytree": 0.8078647160827379, "learning_rate": 0.20351652898794678, "max_bin_exp": 8.549013552173637, "max_depth": 5.965896004272493, "n_estimators": 2236.453355452619, "reg_alpha": 0.10029990140836642, "reg_lambda": 2.6662423791442467}, "datetime": {"datetime": "2024-02-19 13:40:02", "elapsed": 1505.752801, "delta": 4.638559}}
{"target": -0.6648229684969399, "params": {"colsample_bytree": 0.9519858796334681, "learning_rate": 0.26224830248042436, "max_bin_exp": 7.830894682204022, "max_depth": 5.209855951464741, "n_estimators": 2001.8104061717524, "reg_alpha": 2.236612624381925, "reg_lambda": 0.11582899449584116}, "datetime": {"datetime": "2024-02-19 13:40:06", "elapsed": 1509.768575, "delta": 4.015774}}
{"target": -1.3128647473163841, "params": {"colsample_bytree": 0.8583246916858966, "learning_rate": 0.13365429845772664, "max_bin_exp": 9.329005288073786, "max_depth": 1.804583912182531, "n_estimators": 4689.592101390087, "reg_alpha": 2.9539623886641646, "reg_lambda": 1.9328355288798058}, "datetime": {"datetime": "2024-02-19 13:40:11", "elapsed": 1514.508932, "delta": 4.740357}}
{"target": -0.7919832959834038, "params": {"colsample_bytree": 0.8026266075616155, "learning_rate": 0.4300584746004867, "max_bin_exp": 5.205222642678892, "max_depth": 5.401840014259153, "n_estimators": 1168.2927032432976, "reg_alpha": 0.1954523806414108, "reg_lambda": 2.9429458748044777}, "datetime": {"datetime": "2024-02-19 13:40:15", "elapsed": 1518.331559, "delta": 3.822627}}
{"target": -1.379239681202919, "params": {"colsample_bytree": 1.0, "learning_rate": 0.001, "max_bin_exp": 10.0, "max_depth": 6.0, "n_estimators": 2050.896423881326, "reg_alpha": 0.0, "reg_lambda": 0.8237544415090193}, "datetime": {"datetime": "2024-02-19 13:40:21", "elapsed": 1524.412027, "delta": 6.080468}}
{"target": -0.7453238543520481, "params": {"colsample_bytree": 0.6080238931586007, "learning_rate": 0.46057503712310083, "max_bin_exp": 8.481777386803353, "max_depth": 3.6944329705471715, "n_estimators": 4704.513843107635, "reg_alpha": 1.8546005850377798, "reg_lambda": 0.4175473299196285}, "datetime": {"datetime": "2024-02-19 13:40:26", "elapsed": 1529.692898, "delta": 5.280871}}
{"target": -0.720651918639654, "params": {"colsample_bytree": 1.0, "learning_rate": 0.5, "max_bin_exp": 8.886008688104171, "max_depth": 4.809478932083981, "n_estimators": 2263.421414034669, "reg_alpha": 0.0, "reg_lambda": 0.0}, "datetime": {"datetime": "2024-02-19 13:40:31", "elapsed": 1534.154893, "delta": 4.461995}}
{"target": -0.6954275365728173, "params": {"colsample_bytree": 0.4117159918869491, "learning_rate": 0.1694371203265956, "max_bin_exp": 9.638755419977555, "max_depth": 5.282957797278245, "n_estimators": 1174.2557230363536, "reg_alpha": 2.1919619546466063, "reg_lambda": 0.34070912733361935}, "datetime": {"datetime": "2024-02-19 13:40:34", "elapsed": 1537.01428, "delta": 2.859387}}
{"target": -0.657300638906912, "params": {"colsample_bytree": 0.7012993633609954, "learning_rate": 0.16131496015138075, "max_bin_exp": 6.862257277164179, "max_depth": 5.576481942791833, "n_estimators": 2000.096330636057, "reg_alpha": 0.02775616749242671, "reg_lambda": 2.9474955560980023}, "datetime": {"datetime": "2024-02-19 13:40:38", "elapsed": 1541.251943, "delta": 4.237663}}
{"target": -0.6408118767482491, "params": {"colsample_bytree": 0.9332495955908144, "learning_rate": 0.06758063257616857, "max_bin_exp": 7.091730448523515, "max_depth": 4.659009022074556, "n_estimators": 1983.6228712539041, "reg_alpha": 2.0605610125051, "reg_lambda": 0.14326093141487417}, "datetime": {"datetime": "2024-02-19 13:40:42", "elapsed": 1545.315819, "delta": 4.063876}}
{"target": -1.3139659538047315, "params": {"colsample_bytree": 0.9200587790233334, "learning_rate": 0.3150887848305977, "max_bin_exp": 6.76101524050499, "max_depth": 1.7091859018961917, "n_estimators": 1984.3934619025072, "reg_alpha": 1.0113736810637528, "reg_lambda": 0.44811532800423715}, "datetime": {"datetime": "2024-02-19 13:40:44", "elapsed": 1547.958451, "delta": 2.642632}}
{"target": -0.6368717366378295, "params": {"colsample_bytree": 1.0, "learning_rate": 0.5, "max_bin_exp": 10.0, "max_depth": 6.0, "n_estimators": 4698.650983839001, "reg_alpha": 0.0, "reg_lambda": 3.0}, "datetime": {"datetime": "2024-02-19 13:40:55", "elapsed": 1558.724638, "delta": 10.766187}}
{"target": -0.7972078320546065, "params": {"colsample_bytree": 0.4223234798400041, "learning_rate": 0.33229291841073283, "max_bin_exp": 7.128857741773605, "max_depth": 5.79686719600471, "n_estimators": 1981.0469764425698, "reg_alpha": 1.0483425975127443, "reg_lambda": 1.2467734335982965}, "datetime": {"datetime": "2024-02-19 13:40:59", "elapsed": 1562.471733, "delta": 3.747095}}
{"target": -0.6367648682085687, "params": {"colsample_bytree": 1.0, "learning_rate": 0.5, "max_bin_exp": 10.0, "max_depth": 6.0, "n_estimators": 1165.3407250823432, "reg_alpha": 0.0, "reg_lambda": 3.0}, "datetime": {"datetime": "2024-02-19 13:41:03", "elapsed": 1566.466764, "delta": 3.995031}}
{"target": -0.6954614658848649, "params": {"colsample_bytree": 0.3060301311333832, "learning_rate": 0.1140735899123203, "max_bin_exp": 8.603784817999696, "max_depth": 5.956473237027341, "n_estimators": 1985.1428017231028, "reg_alpha": 2.8028177658663416, "reg_lambda": 1.5960432155412816}, "datetime": {"datetime": "2024-02-19 13:41:08", "elapsed": 1571.744365, "delta": 5.277601}}
{"target": -0.6287735301833216, "params": {"colsample_bytree": 0.5005379521751367, "learning_rate": 0.1374930495194559, "max_bin_exp": 9.900598882342663, "max_depth": 4.42098784435932, "n_estimators": 1979.2949622712038, "reg_alpha": 2.874647997735531, "reg_lambda": 2.1136455135487027}, "datetime": {"datetime": "2024-02-19 13:41:12", "elapsed": 1575.153702, "delta": 3.409337}}
{"target": -0.6453193606204389, "params": {"colsample_bytree": 1.0, "learning_rate": 0.5, "max_bin_exp": 10.0, "max_depth": 6.0, "n_estimators": 1173.465706184565, "reg_alpha": 0.0, "reg_lambda": 2.1187097111258497}, "datetime": {"datetime": "2024-02-19 13:41:16", "elapsed": 1579.550147, "delta": 4.396445}}
{"target": -0.6404534201212335, "params": {"colsample_bytree": 0.9020168857836746, "learning_rate": 0.3415460952887522, "max_bin_exp": 9.83047757671456, "max_depth": 5.9494748583550745, "n_estimators": 1982.6022628089454, "reg_alpha": 0.014859081955321152, "reg_lambda": 0.9980122308565276}, "datetime": {"datetime": "2024-02-19 13:41:20", "elapsed": 1583.587747, "delta": 4.0376}}
{"target": -0.6893393915227111, "params": {"colsample_bytree": 0.45187886675925437, "learning_rate": 0.2915639120126579, "max_bin_exp": 7.5586741860389095, "max_depth": 4.773045496987295, "n_estimators": 1977.615932192429, "reg_alpha": 1.9439447635495064, "reg_lambda": 2.391784800768076}, "datetime": {"datetime": "2024-02-19 13:41:24", "elapsed": 1587.313367, "delta": 3.72562}}
{"target": -0.7136757970103578, "params": {"colsample_bytree": 0.7564258761109408, "learning_rate": 0.45256087442192716, "max_bin_exp": 9.868830973973973, "max_depth": 2.7970737825751106, "n_estimators": 1978.2758322242553, "reg_alpha": 0.8405354834571652, "reg_lambda": 0.3067911487069154}, "datetime": {"datetime": "2024-02-19 13:41:27", "elapsed": 1590.815753, "delta": 3.502386}}
{"target": -0.6949675722556938, "params": {"colsample_bytree": 0.38554025943679265, "learning_rate": 0.2809325002406273, "max_bin_exp": 8.622523638646674, "max_depth": 3.949279283426734, "n_estimators": 1980.7222490585782, "reg_alpha": 0.7260573270562347, "reg_lambda": 2.9793375416659043}, "datetime": {"datetime": "2024-02-19 13:41:31", "elapsed": 1594.417303, "delta": 3.60155}}
{"target": -0.7090824306813499, "params": {"colsample_bytree": 0.8304694341003445, "learning_rate": 0.3876396762590076, "max_bin_exp": 7.740592620029773, "max_depth": 2.2176131503146843, "n_estimators": 1979.947373574455, "reg_alpha": 2.059987944968675, "reg_lambda": 1.1135061149367569}, "datetime": {"datetime": "2024-02-19 13:41:34", "elapsed": 1597.968713, "delta": 3.55141}}
{"target": -0.7075220857889007, "params": {"colsample_bytree": 0.44607144503111046, "learning_rate": 0.4212797661389209, "max_bin_exp": 9.621645931609173, "max_depth": 3.9062384489791384, "n_estimators": 1981.8902423590987, "reg_alpha": 2.282760624695916, "reg_lambda": 0.09506635896171711}, "datetime": {"datetime": "2024-02-19 13:41:38", "elapsed": 1601.724074, "delta": 3.755361}}
{"target": -1.3352136036252353, "params": {"colsample_bytree": 0.9376504783921233, "learning_rate": 0.2985874689565785, "max_bin_exp": 7.72549591533394, "max_depth": 1.4322470688229467, "n_estimators": 1977.2648589380915, "reg_alpha": 2.3503367590722712, "reg_lambda": 2.3168637200414905}, "datetime": {"datetime": "2024-02-19 13:41:41", "elapsed": 1604.404352, "delta": 2.680278}}
{"target": -0.5960864352048022, "params": {"colsample_bytree": 0.9921987933363197, "learning_rate": 0.12507784987018983, "max_bin_exp": 9.026630912453234, "max_depth": 5.906290362970327, "n_estimators": 1975.8394317998257, "reg_alpha": 0.10795186818433533, "reg_lambda": 0.5535664810212011}, "datetime": {"datetime": "2024-02-19 13:41:45", "elapsed": 1608.431997, "delta": 4.027645}}
{"target": -0.6055673932850753, "params": {"colsample_bytree": 0.9100871959538017, "learning_rate": 0.0973493748025367, "max_bin_exp": 9.08177580599049, "max_depth": 4.969627468082824, "n_estimators": 1979.3626824736489, "reg_alpha": 0.30637514505572216, "reg_lambda": 0.4295711226948382}, "datetime": {"datetime": "2024-02-19 13:41:49", "elapsed": 1612.053851, "delta": 3.621854}}
{"target": -0.7266994771620469, "params": {"colsample_bytree": 1.0, "learning_rate": 0.5, "max_bin_exp": 10.0, "max_depth": 4.577249225263176, "n_estimators": 4683.921062693634, "reg_alpha": 3.0, "reg_lambda": 0.0}, "datetime": {"datetime": "2024-02-19 13:41:56", "elapsed": 1619.787939, "delta": 7.734088}}
{"target": -0.6923541408545196, "params": {"colsample_bytree": 0.5379560882338499, "learning_rate": 0.13992062875141723, "max_bin_exp": 6.666899823976502, "max_depth": 5.514017062821354, "n_estimators": 1973.3013787034001, "reg_alpha": 0.2792331443960516, "reg_lambda": 0.9967627242891178}, "datetime": {"datetime": "2024-02-19 13:42:01", "elapsed": 1624.544803, "delta": 4.756864}}
{"target": -0.7585344233165218, "params": {"colsample_bytree": 0.6353746433443228, "learning_rate": 0.18986732588446348, "max_bin_exp": 5.321271890289047, "max_depth": 4.9219155788074, "n_estimators": 1976.1731886181944, "reg_alpha": 0.13226097468123754, "reg_lambda": 1.48247573688618}, "datetime": {"datetime": "2024-02-19 13:42:04", "elapsed": 1627.817734, "delta": 3.272931}}
{"target": -0.6842336511816222, "params": {"colsample_bytree": 0.9374616525470587, "learning_rate": 0.44635414596172285, "max_bin_exp": 8.019503922339855, "max_depth": 5.633997449963037, "n_estimators": 1973.2914618444759, "reg_alpha": 2.5487509068231464, "reg_lambda": 2.76939718085644}, "datetime": {"datetime": "2024-02-19 13:42:09", "elapsed": 1632.807561, "delta": 4.989827}}
{"target": -0.670235809978225, "params": {"colsample_bytree": 0.8035399514584729, "learning_rate": 0.4385447614265603, "max_bin_exp": 9.304115443371373, "max_depth": 3.4353821894469503, "n_estimators": 1974.3194915468382, "reg_alpha": 0.5491512611041023, "reg_lambda": 1.7779881864068492}, "datetime": {"datetime": "2024-02-19 13:42:14", "elapsed": 1637.289626, "delta": 4.482065}}
{"target": -1.8229861434185939, "params": {"colsample_bytree": 0.21818740855600913, "learning_rate": 0.07452722550577598, "max_bin_exp": 5.741407983353133, "max_depth": 5.688870887493081, "n_estimators": 1985.4769961000047, "reg_alpha": 0.48647219026427513, "reg_lambda": 1.9986652126112503}, "datetime": {"datetime": "2024-02-19 13:42:18", "elapsed": 1641.771756, "delta": 4.48213}}
{"target": -0.6250154308257194, "params": {"colsample_bytree": 0.8944420632713799, "learning_rate": 0.024861497693386025, "max_bin_exp": 6.794387343177713, "max_depth": 5.540483526418572, "n_estimators": 1976.533977328798, "reg_alpha": 2.0199707604985124, "reg_lambda": 0.0227470230583523}, "datetime": {"datetime": "2024-02-19 13:42:22", "elapsed": 1645.408774, "delta": 3.637018}}
