{"target": 9.429141908664576, "params": {"u": 1.9481903047472102, "x": -0.1057072331426081, "y": -2.420268302785554}, "datetime": {"datetime": "2024-02-27 23:15:17", "elapsed": 573.967371, "delta": 3.812016}}
{"target": 5.08026628467195, "params": {"u": 1.7401111150811917, "x": 1.221775049364691, "y": -4.602842149410604}, "datetime": {"datetime": "2024-02-27 23:15:19", "elapsed": 575.928925, "delta": 1.961554}}
{"target": 6.977682865098689, "params": {"u": 1.1901619772018526, "x": -0.7713983171430829, "y": -0.13029631462200797}, "datetime": {"datetime": "2024-02-27 23:15:20", "elapsed": 577.625398, "delta": 1.696473}}
{"target": 7.660242558002505, "params": {"u": 1.9846779524450202, "x": -0.330852325347577, "y": 0.8191016632775554}, "datetime": {"datetime": "2024-02-27 23:15:23", "elapsed": 580.304597, "delta": 2.679199}}
{"target": 3.7283652350761116, "params": {"u": 1.818008328087195, "x": 1.6448607697840787, "y": 4.4886709520826145}, "datetime": {"datetime": "2024-02-27 23:15:27", "elapsed": 584.146873, "delta": 3.842276}}
{"target": -14.537836549572638, "params": {"u": 0.20128963110053588, "x": -0.3231039978550321, "y": -3.5412103979085208}, "datetime": {"datetime": "2024-02-27 23:15:29", "elapsed": 586.57596, "delta": 2.429087}}
{"target": -10.34531047151859, "params": {"u": 0.0021308414570158085, "x": 0.25446579932802393, "y": -2.2620755594839714}, "datetime": {"datetime": "2024-02-27 23:15:31", "elapsed": 588.776945, "delta": 2.200985}}
{"target": 8.613846321609543, "params": {"u": 1.614024704450226, "x": -0.20404281502229482, "y": 4.52042695417385}, "datetime": {"datetime": "2024-02-27 23:15:34", "elapsed": 591.354587, "delta": 2.577642}}
{"target": 4.430147021986471, "params": {"u": 1.1511043396146763, "x": 1.8725826130667835, "y": -1.341048774859348}, "datetime": {"datetime": "2024-02-27 23:15:36", "elapsed": 593.090045, "delta": 1.735458}}
{"target": 6.749492624087463, "params": {"u": 1.690160581395922, "x": -0.6390367689067347, "y": -2.8644554728704352}, "datetime": {"datetime": "2024-02-27 23:15:38", "elapsed": 594.914423, "delta": 1.824378}}
{"target": 4.446210726746216, "params": {"u": 1.9635576679330549, "x": 1.3186048164143753, "y": 4.970671049806953}, "datetime": {"datetime": "2024-02-27 23:15:41", "elapsed": 598.140874, "delta": 3.226451}}
{"target": -2.440865956354216, "params": {"u": 0.9133959445015369, "x": -0.9082561453883642, "y": 3.9190066485450483}, "datetime": {"datetime": "2024-02-27 23:15:43", "elapsed": 599.907639, "delta": 1.766765}}
{"target": -13.289109655345221, "params": {"u": 0.41282677534670587, "x": 1.2611286520524372, "y": 1.5150488665349018}, "datetime": {"datetime": "2024-02-27 23:15:44", "elapsed": 601.137272, "delta": 1.229633}}
{"target": -7.8345164170149815, "params": {"u": 0.3659140505020808, "x": 1.1748936357067086, "y": -1.008020472075577}, "datetime": {"datetime": "2024-02-27 23:15:45", "elapsed": 602.78723, "delta": 1.649958}}
{"target": -20.666588045585677, "params": {"u": 0.6857588388757381, "x": 2.2738988469414347, "y": -3.396527391518116}, "datetime": {"datetime": "2024-02-27 23:15:48", "elapsed": 604.939388, "delta": 2.152158}}
{"target": 19.471268403683254, "params": {"u": 2.0, "x": 0.7271393238690543, "y": -2.879577819442086}, "datetime": {"datetime": "2024-02-27 23:15:50", "elapsed": 607.766247, "delta": 2.826859}}
{"target": 6.996967902430953, "params": {"u": 1.8500644968118287, "x": 0.47233226039174037, "y": 3.4738998570865025}, "datetime": {"datetime": "2024-02-27 23:15:52", "elapsed": 609.194267, "delta": 1.42802}}
{"target": 7.1483161039656125, "params": {"u": 1.907018593260097, "x": 0.8250652338569839, "y": -2.8792814172816805}, "datetime": {"datetime": "2024-02-27 23:15:55", "elapsed": 612.171097, "delta": 2.97683}}
{"target": 4.127390769338962, "params": {"u": 1.9674281359167447, "x": 1.7933573250462786, "y": -4.88378650547808}, "datetime": {"datetime": "2024-02-27 23:15:59", "elapsed": 615.989594, "delta": 3.818497}}
{"target": 8.52593252003728, "params": {"u": 1.9890681097371408, "x": -0.21446913679988855, "y": -1.838081740327958}, "datetime": {"datetime": "2024-02-27 23:16:02", "elapsed": 619.669033, "delta": 3.679439}}
{"target": 9.15308249837734, "params": {"u": 1.955449181775545, "x": -0.14049934785082652, "y": 0.6279371597939853}, "datetime": {"datetime": "2024-02-27 23:16:05", "elapsed": 622.086376, "delta": 2.417343}}
{"target": 3.697038626602353, "params": {"u": 1.8679546532168827, "x": 1.5913862583499339, "y": -1.9621078572607686}, "datetime": {"datetime": "2024-02-27 23:16:06", "elapsed": 623.827096, "delta": 1.74072}}
{"target": -16.418710432921017, "params": {"u": 0.31706377692630205, "x": 2.2103294207007567, "y": -4.846247264541416}, "datetime": {"datetime": "2024-02-27 23:16:08", "elapsed": 625.451815, "delta": 1.624719}}
{"target": -20.21405341022517, "params": {"u": 0.15847630223706388, "x": 0.5163209446791228, "y": 4.388132898962766}, "datetime": {"datetime": "2024-02-27 23:16:10", "elapsed": 627.58862, "delta": 2.136805}}
{"target": 6.75412204495273, "params": {"u": 1.9328115925208975, "x": 0.6500498677831605, "y": -2.971463309756156}, "datetime": {"datetime": "2024-02-27 23:16:13", "elapsed": 630.605237, "delta": 3.016617}}
{"target": -17.900880693048848, "params": {"u": 0.737184642657156, "x": 1.6833351257270386, "y": -2.141678633568839}, "datetime": {"datetime": "2024-02-27 23:16:15", "elapsed": 632.637412, "delta": 2.032175}}
{"target": -16.42158539015415, "params": {"u": 0.7468523550620974, "x": 2.8461181856986357, "y": -3.0848635967786864}, "datetime": {"datetime": "2024-02-27 23:16:17", "elapsed": 634.411328, "delta": 1.773916}}
{"target": 18.0, "params": {"u": 2.0, "x": -1.0, "y": -3.910096679906045}, "datetime": {"datetime": "2024-02-27 23:16:22", "elapsed": 639.298047, "delta": 4.886719}}
{"target": 18.0, "params": {"u": 2.0, "x": -1.0, "y": -1.7750512489457706}, "datetime": {"datetime": "2024-02-27 23:16:26", "elapsed": 642.965351, "delta": 3.667304}}
{"target": 19.504561894536213, "params": {"u": 2.0, "x": 0.7038736431091782, "y": 1.826035809163358}, "datetime": {"datetime": "2024-02-27 23:16:30", "elapsed": 646.848466, "delta": 3.883115}}
{"target": 7.418675362998961, "params": {"u": 1.8323754012336526, "x": -0.9597926687290661, "y": -1.6826380874472182}, "datetime": {"datetime": "2024-02-27 23:16:32", "elapsed": 649.770231, "delta": 2.921765}}
{"target": -1.7687552515909744, "params": {"u": 0.6032021962988212, "x": -0.9319507479331266, "y": 1.0600619793941455}, "datetime": {"datetime": "2024-02-27 23:16:35", "elapsed": 652.247381, "delta": 2.47715}}
{"target": 9.577680823123664, "params": {"u": 1.0112624706019866, "x": 0.0850744393315428, "y": 3.0377179113499615}, "datetime": {"datetime": "2024-02-27 23:16:37", "elapsed": 654.129224, "delta": 1.881843}}
{"target": 6.9612434342067715, "params": {"u": 1.9037894545981984, "x": 0.7657596026343492, "y": 1.9129839151464072}, "datetime": {"datetime": "2024-02-27 23:16:40", "elapsed": 657.592509, "delta": 3.463285}}
{"target": -15.215305965112062, "params": {"u": 0.1770890389500699, "x": 0.6709502262183258, "y": 1.9682584799973295}, "datetime": {"datetime": "2024-02-27 23:16:43", "elapsed": 660.460258, "delta": 2.867749}}
{"target": 19.61001349570411, "params": {"u": 2.0, "x": 0.6244889945354444, "y": -4.4039215272670065}, "datetime": {"datetime": "2024-02-27 23:16:49", "elapsed": 666.002418, "delta": 5.54216}}
{"target": 6.779403087881757, "params": {"u": 1.956762196240928, "x": 0.6790554410113656, "y": -4.2674518838737985}, "datetime": {"datetime": "2024-02-27 23:16:52", "elapsed": 669.245535, "delta": 3.243117}}
{"target": 8.018471706360025, "params": {"u": 1.9797567805703409, "x": 0.2783752131651047, "y": 2.7492519824788184}, "datetime": {"datetime": "2024-02-27 23:16:56", "elapsed": 673.46796, "delta": 4.222425}}
{"target": 19.68454108728466, "params": {"u": 2.0, "x": 0.5616572911619129, "y": 1.8468412597236847}, "datetime": {"datetime": "2024-02-27 23:16:59", "elapsed": 676.554813, "delta": 3.086853}}
{"target": -17.866699538861994, "params": {"u": 0.6376407989095323, "x": 0.390232062898495, "y": -2.2879081720271524}, "datetime": {"datetime": "2024-02-27 23:17:01", "elapsed": 678.757634, "delta": 2.202821}}
{"target": 0.9509394936653308, "params": {"u": 1.360800483255973, "x": 2.557608905416756, "y": -1.4232253201008538}, "datetime": {"datetime": "2024-02-27 23:17:02", "elapsed": 679.80516, "delta": 1.047526}}
{"target": 11.75062678022622, "params": {"u": 2.0, "x": 2.0614007906697283, "y": -5.0}, "datetime": {"datetime": "2024-02-27 23:17:05", "elapsed": 682.759407, "delta": 2.954247}}
{"target": -19.333431307495616, "params": {"u": 0.995488146089736, "x": 0.433720342541259, "y": -2.3339288464025576}, "datetime": {"datetime": "2024-02-27 23:17:07", "elapsed": 684.820966, "delta": 2.061559}}
{"target": 6.825708572220929, "params": {"u": 1.9812617844218472, "x": -0.7093029692897455, "y": -2.572435223523104}, "datetime": {"datetime": "2024-02-27 23:17:12", "elapsed": 689.321692, "delta": 4.500726}}
{"target": 19.539566876425415, "params": {"u": 2.0, "x": 0.6785522261216059, "y": -4.540052493955646}, "datetime": {"datetime": "2024-02-27 23:17:14", "elapsed": 691.289385, "delta": 1.967693}}
{"target": -16.835316012815454, "params": {"u": 0.1118799098909975, "x": 1.317239093028435, "y": -3.615030084384613}, "datetime": {"datetime": "2024-02-27 23:17:15", "elapsed": 692.410749, "delta": 1.121364}}
{"target": 1.4844139227801314, "params": {"u": 1.0746443603421085, "x": 2.7964154145113187, "y": 1.4160133010375233}, "datetime": {"datetime": "2024-02-27 23:17:17", "elapsed": 694.182541, "delta": 1.771792}}
{"target": 9.427201345110479, "params": {"u": 1.7343053159662754, "x": -0.10596517276368278, "y": 4.4753386413399205}, "datetime": {"datetime": "2024-02-27 23:17:19", "elapsed": 696.535294, "delta": 2.352753}}
{"target": 19.29260729773642, "params": {"u": 2.0, "x": -0.8410664077607533, "y": -1.741741783446759}, "datetime": {"datetime": "2024-02-27 23:17:23", "elapsed": 700.724488, "delta": 4.189194}}
{"target": 6.92024241583081, "params": {"u": 1.9158454155811975, "x": 0.7509447233120867, "y": -4.469697445715665}, "datetime": {"datetime": "2024-02-27 23:17:30", "elapsed": 706.990009, "delta": 6.265521}}
{"target": 6.777328049685853, "params": {"u": 1.0369377079019622, "x": -0.6772940505977361, "y": -4.880844994838363}, "datetime": {"datetime": "2024-02-27 23:17:31", "elapsed": 708.760569, "delta": 1.77056}}
{"target": 7.060611551278075, "params": {"u": 1.9919579463871657, "x": -0.7981765029732331, "y": -1.5161582517220507}, "datetime": {"datetime": "2024-02-27 23:17:36", "elapsed": 713.440967, "delta": 4.680398}}
{"target": -22.006510386497855, "params": {"u": 0.4633370153069274, "x": 1.4271230281802598, "y": -3.736325318753372}, "datetime": {"datetime": "2024-02-27 23:17:38", "elapsed": 715.538343, "delta": 2.097376}}
{"target": -23.188444523068856, "params": {"u": 0.07391353316742366, "x": 1.5269642819302938, "y": -0.6289298332911386}, "datetime": {"datetime": "2024-02-27 23:17:40", "elapsed": 717.666646, "delta": 2.128303}}
{"target": 7.254718555517496, "params": {"u": 1.169493526244589, "x": -0.8585873116602825, "y": -3.115102338384015}, "datetime": {"datetime": "2024-02-27 23:17:43", "elapsed": 720.294491, "delta": 2.627845}}
{"target": 7.26660062899435, "params": {"u": 1.9202855600695725, "x": -0.8625806969024179, "y": -4.067739316428945}, "datetime": {"datetime": "2024-02-27 23:17:46", "elapsed": 723.156275, "delta": 2.861784}}
