{"target": -0.8396283491591632, "params": {"colsample_bytree": 0.35583709821087717, "learning_rate": 0.27868357348060324, "max_bin_exp": 5.091331715263416, "max_depth": 2.9150609051121914, "n_estimators": 3910.882774220011, "reg_alpha": 0.9919627787301787, "reg_lambda": 0.8034903672865709}, "datetime": {"datetime": "2024-02-19 18:28:20", "elapsed": 709.517124, "delta": 2.727381}}
{"target": -0.6494803507201918, "params": {"colsample_bytree": 0.7072672511622615, "learning_rate": 0.027004595828477234, "max_bin_exp": 9.76067373461411, "max_depth": 5.806765035469139, "n_estimators": 580.8913102284073, "reg_alpha": 1.8773432248756672, "reg_lambda": 2.175633413510173}, "datetime": {"datetime": "2024-02-19 18:28:22", "elapsed": 711.462407, "delta": 1.945283}}
{"target": -0.9574836140772128, "params": {"colsample_bytree": 1.0, "learning_rate": 0.5, "max_bin_exp": 7.799574134477291, "max_depth": 1.0, "n_estimators": 2934.4520434289825, "reg_alpha": 0.7195304840878232, "reg_lambda": 0.0}, "datetime": {"datetime": "2024-02-19 18:28:24", "elapsed": 712.770646, "delta": 1.308239}}
{"target": -0.7005735311227342, "params": {"colsample_bytree": 0.8321267365506884, "learning_rate": 0.19287638732928644, "max_bin_exp": 9.977785995582447, "max_depth": 2.8094285640546106, "n_estimators": 4739.110901281168, "reg_alpha": 0.3189209773959162, "reg_lambda": 0.2944190425782415}, "datetime": {"datetime": "2024-02-19 18:28:27", "elapsed": 715.670986, "delta": 2.90034}}
{"target": -0.7285683708980697, "params": {"colsample_bytree": 0.7213427736422131, "learning_rate": 0.08081012094845787, "max_bin_exp": 5.4355221400021225, "max_depth": 5.5687720425109815, "n_estimators": 2935.301577321777, "reg_alpha": 2.6338827797753512, "reg_lambda": 1.282844487300142}, "datetime": {"datetime": "2024-02-19 18:28:29", "elapsed": 718.28487, "delta": 2.613884}}
{"target": -0.8578327275055907, "params": {"colsample_bytree": 0.2568744113888786, "learning_rate": 0.3279466487998928, "max_bin_exp": 6.250040773398926, "max_depth": 5.664583632914528, "n_estimators": 2941.3775650596062, "reg_alpha": 1.2348253215131852, "reg_lambda": 0.11578676996789772}, "datetime": {"datetime": "2024-02-19 18:28:31", "elapsed": 720.389117, "delta": 2.104247}}
{"target": -3.5967379174199623, "params": {"colsample_bytree": 0.39716401189996314, "learning_rate": 0.041872129798935565, "max_bin_exp": 8.775234986487458, "max_depth": 1.8753842512076377, "n_estimators": 736.3329399153605, "reg_alpha": 0.013561296662817357, "reg_lambda": 1.8591288787656497}, "datetime": {"datetime": "2024-02-19 18:28:33", "elapsed": 721.762417, "delta": 1.3733}}
{"target": -2.4435583228695856, "params": {"colsample_bytree": 0.6753775317348656, "learning_rate": 0.05042937842670496, "max_bin_exp": 6.403548895635861, "max_depth": 1.2621651106973488, "n_estimators": 4151.978389807028, "reg_alpha": 2.2021252695904625, "reg_lambda": 1.9898855819950514}, "datetime": {"datetime": "2024-02-19 18:28:35", "elapsed": 724.102381, "delta": 2.339964}}
{"target": -0.6375222636225871, "params": {"colsample_bytree": 0.5518627742356539, "learning_rate": 0.07003066299117959, "max_bin_exp": 9.742038057366203, "max_depth": 5.906385179462508, "n_estimators": 4736.011133709936, "reg_alpha": 1.4027777740762497, "reg_lambda": 1.3397854967755742}, "datetime": {"datetime": "2024-02-19 18:28:41", "elapsed": 729.725718, "delta": 5.623337}}
{"target": -1.3500519030464706, "params": {"colsample_bytree": 0.3301107102796874, "learning_rate": 0.46472864515375206, "max_bin_exp": 4.288108587927374, "max_depth": 5.996425156800067, "n_estimators": 741.948411993268, "reg_alpha": 2.061939011077551, "reg_lambda": 0.03530022498039942}, "datetime": {"datetime": "2024-02-19 18:28:42", "elapsed": 731.281028, "delta": 1.55531}}
{"target": -0.726442042234581, "params": {"colsample_bytree": 0.9702570072398495, "learning_rate": 0.3056636296418126, "max_bin_exp": 7.71496241140691, "max_depth": 2.266876074118387, "n_estimators": 3916.4189616236645, "reg_alpha": 0.06994410660100114, "reg_lambda": 0.10997038017238858}, "datetime": {"datetime": "2024-02-19 18:28:45", "elapsed": 734.159333, "delta": 2.878305}}
{"target": -0.6879069758971132, "params": {"colsample_bytree": 0.3521299252615392, "learning_rate": 0.11652799960886687, "max_bin_exp": 9.99074115498735, "max_depth": 4.785874160486399, "n_estimators": 4150.295755635669, "reg_alpha": 0.1338176540581293, "reg_lambda": 0.3701320032833273}, "datetime": {"datetime": "2024-02-19 18:28:50", "elapsed": 739.366034, "delta": 5.206701}}
{"target": -1.3235671714542137, "params": {"colsample_bytree": 0.5702958379503069, "learning_rate": 0.2500964661035618, "max_bin_exp": 9.852092192548673, "max_depth": 1.4893142790392542, "n_estimators": 4737.307791650969, "reg_alpha": 2.644377667836344, "reg_lambda": 2.7870852769639876}, "datetime": {"datetime": "2024-02-19 18:28:53", "elapsed": 742.064821, "delta": 2.698787}}
{"target": -0.6988099699907724, "params": {"colsample_bytree": 1.0, "learning_rate": 0.5, "max_bin_exp": 9.819736520425138, "max_depth": 6.0, "n_estimators": 741.3332047180405, "reg_alpha": 3.0, "reg_lambda": 0.0}, "datetime": {"datetime": "2024-02-19 18:28:55", "elapsed": 744.333968, "delta": 2.269147}}
{"target": -0.7482753912883636, "params": {"colsample_bytree": 0.5217994887814048, "learning_rate": 0.06649781081012746, "max_bin_exp": 5.299284886690134, "max_depth": 5.822278084481675, "n_estimators": 875.8450454565635, "reg_alpha": 1.0318927623007412, "reg_lambda": 2.5571603420520894}, "datetime": {"datetime": "2024-02-19 18:28:57", "elapsed": 745.832096, "delta": 1.498128}}
{"target": -0.6913216853114701, "params": {"colsample_bytree": 0.6834636318248262, "learning_rate": 0.2430541765656491, "max_bin_exp": 8.842019779876344, "max_depth": 3.2446350103098696, "n_estimators": 3725.423548040773, "reg_alpha": 1.9069311607700996, "reg_lambda": 0.3740469326348236}, "datetime": {"datetime": "2024-02-19 18:29:01", "elapsed": 750.008614, "delta": 4.176518}}
{"target": -0.7777287401365349, "params": {"colsample_bytree": 0.5924720149174527, "learning_rate": 0.27230318085025446, "max_bin_exp": 5.184793685867334, "max_depth": 5.104991437769717, "n_estimators": 870.058277026754, "reg_alpha": 2.460371758868031, "reg_lambda": 2.2535540067882533}, "datetime": {"datetime": "2024-02-19 18:29:03", "elapsed": 751.837929, "delta": 1.829315}}
{"target": -0.8879128592146305, "params": {"colsample_bytree": 0.2, "learning_rate": 0.5, "max_bin_exp": 7.171338417758942, "max_depth": 6.0, "n_estimators": 589.116911196567, "reg_alpha": 0.0, "reg_lambda": 0.0}, "datetime": {"datetime": "2024-02-19 18:29:04", "elapsed": 753.403434, "delta": 1.565505}}
{"target": -0.6053320029808145, "params": {"colsample_bytree": 1.0, "learning_rate": 0.0964447135530325, "max_bin_exp": 9.665872454318842, "max_depth": 6.0, "n_estimators": 4367.092834387941, "reg_alpha": 2.6829265642117193, "reg_lambda": 0.0}, "datetime": {"datetime": "2024-02-19 18:29:12", "elapsed": 760.896049, "delta": 7.492615}}
{"target": -3.182470264653955, "params": {"colsample_bytree": 0.3666094015918203, "learning_rate": 0.46261003439735143, "max_bin_exp": 4.994523315087662, "max_depth": 1.6690048171437062, "n_estimators": 877.5688623377202, "reg_alpha": 0.7821556710294322, "reg_lambda": 0.4659981958257057}, "datetime": {"datetime": "2024-02-19 18:29:13", "elapsed": 762.269011, "delta": 1.372962}}
{"target": -1.8276090821526307, "params": {"colsample_bytree": 0.2814562543980545, "learning_rate": 0.48412851021431386, "max_bin_exp": 5.959400990497527, "max_depth": 5.572113793353709, "n_estimators": 4369.900866607619, "reg_alpha": 2.957395133373274, "reg_lambda": 1.2891719746184673}, "datetime": {"datetime": "2024-02-19 18:29:18", "elapsed": 766.962464, "delta": 4.693453}}
{"target": -1.2765135597604755, "params": {"colsample_bytree": 0.2953689133401781, "learning_rate": 0.3891628796506286, "max_bin_exp": 9.008407623598801, "max_depth": 1.1844296295790198, "n_estimators": 4142.728133545135, "reg_alpha": 0.36595044064418947, "reg_lambda": 0.12238590523564319}, "datetime": {"datetime": "2024-02-19 18:29:21", "elapsed": 769.63945, "delta": 2.676986}}
{"target": -0.5762931577006827, "params": {"colsample_bytree": 1.0, "learning_rate": 0.11345592670592433, "max_bin_exp": 9.289439672072508, "max_depth": 6.0, "n_estimators": 876.5020300872474, "reg_alpha": 2.99557857014993, "reg_lambda": 3.0}, "datetime": {"datetime": "2024-02-19 18:29:23", "elapsed": 771.973279, "delta": 2.333829}}
{"target": -2.899935991460688, "params": {"colsample_bytree": 0.9983799263009645, "learning_rate": 0.04485796425689278, "max_bin_exp": 9.797336202836659, "max_depth": 1.8201671391736898, "n_estimators": 2939.369404454853, "reg_alpha": 2.9465980656240536, "reg_lambda": 0.45636837748389636}, "datetime": {"datetime": "2024-02-19 18:29:24", "elapsed": 773.59676, "delta": 1.623481}}
{"target": -0.6198754583156779, "params": {"colsample_bytree": 0.6809400902316181, "learning_rate": 0.12734176934541874, "max_bin_exp": 8.59276033300528, "max_depth": 5.209569370614713, "n_estimators": 871.3967441057962, "reg_alpha": 1.3358436770595665, "reg_lambda": 1.4194842962990002}, "datetime": {"datetime": "2024-02-19 18:29:26", "elapsed": 775.289023, "delta": 1.692263}}
{"target": -0.6113724387255307, "params": {"colsample_bytree": 0.6026749224682378, "learning_rate": 0.05990490485060268, "max_bin_exp": 8.55730947376615, "max_depth": 5.108722044918344, "n_estimators": 883.3001728455394, "reg_alpha": 2.737493763567594, "reg_lambda": 2.6898389860164396}, "datetime": {"datetime": "2024-02-19 18:29:28", "elapsed": 776.995839, "delta": 1.706816}}
{"target": -1.0927614428201506, "params": {"colsample_bytree": 1.0, "learning_rate": 0.001, "max_bin_exp": 7.701166325684518, "max_depth": 5.657620794848044, "n_estimators": 3918.1075548209847, "reg_alpha": 3.0, "reg_lambda": 0.0}, "datetime": {"datetime": "2024-02-19 18:29:33", "elapsed": 782.358195, "delta": 5.362356}}
{"target": -0.7315698108139125, "params": {"colsample_bytree": 0.412517172953351, "learning_rate": 0.22640117533896176, "max_bin_exp": 9.38830306167046, "max_depth": 5.490726954531797, "n_estimators": 3722.3555766402696, "reg_alpha": 0.8262758641561937, "reg_lambda": 2.4791711996865504}, "datetime": {"datetime": "2024-02-19 18:29:39", "elapsed": 787.734921, "delta": 5.376726}}
{"target": -0.7067113253987171, "params": {"colsample_bytree": 0.8883225958931851, "learning_rate": 0.46263762809658837, "max_bin_exp": 6.518617714678374, "max_depth": 5.426117194228826, "n_estimators": 2932.980195956471, "reg_alpha": 0.29963709922024584, "reg_lambda": 1.9387282348006065}, "datetime": {"datetime": "2024-02-19 18:29:41", "elapsed": 790.058615, "delta": 2.323694}}
{"target": -1.1318421656220576, "params": {"colsample_bytree": 0.785397440606876, "learning_rate": 0.3962350977032083, "max_bin_exp": 4.409019189314179, "max_depth": 5.013176570546883, "n_estimators": 2936.9491341842045, "reg_alpha": 0.07532874698400527, "reg_lambda": 2.3290543206361463}, "datetime": {"datetime": "2024-02-19 18:29:44", "elapsed": 792.866311, "delta": 2.807696}}
{"target": -0.5943548927252531, "params": {"colsample_bytree": 0.9830962339730043, "learning_rate": 0.18825254308525718, "max_bin_exp": 9.452817883556296, "max_depth": 4.414205385816427, "n_estimators": 887.9002321178675, "reg_alpha": 2.50862698926221, "reg_lambda": 2.8325852089659005}, "datetime": {"datetime": "2024-02-19 18:29:46", "elapsed": 794.611645, "delta": 1.745334}}
{"target": -0.7375964013035546, "params": {"colsample_bytree": 0.7245091412816866, "learning_rate": 0.11455728350451808, "max_bin_exp": 8.431507880021051, "max_depth": 2.583684247788806, "n_estimators": 885.1718176811327, "reg_alpha": 1.8054812498867805, "reg_lambda": 0.06730594981097915}, "datetime": {"datetime": "2024-02-19 18:29:47", "elapsed": 795.84135, "delta": 1.229705}}
{"target": -0.9586415629914077, "params": {"colsample_bytree": 0.8255231655357151, "learning_rate": 0.12087642194614523, "max_bin_exp": 5.110161341167849, "max_depth": 2.4971425476770173, "n_estimators": 886.0764912924474, "reg_alpha": 2.926681799689164, "reg_lambda": 2.8407882525251376}, "datetime": {"datetime": "2024-02-19 18:29:48", "elapsed": 797.382775, "delta": 1.541425}}
{"target": -0.7615652590240996, "params": {"colsample_bytree": 0.3370766295049791, "learning_rate": 0.28909621040737477, "max_bin_exp": 6.02037264934588, "max_depth": 5.553418424034436, "n_estimators": 886.6667159403623, "reg_alpha": 0.18690406908684654, "reg_lambda": 1.3378633350487474}, "datetime": {"datetime": "2024-02-19 18:29:50", "elapsed": 799.275818, "delta": 1.893043}}
{"target": -1.983345959851695, "params": {"colsample_bytree": 0.47670552359539436, "learning_rate": 0.47700370736366393, "max_bin_exp": 9.329233632073308, "max_depth": 1.9090220071172628, "n_estimators": 890.2235969824303, "reg_alpha": 0.5141657974227719, "reg_lambda": 0.05949793248699964}, "datetime": {"datetime": "2024-02-19 18:29:52", "elapsed": 800.632145, "delta": 1.356327}}
{"target": -3.1465680679658075, "params": {"colsample_bytree": 0.2, "learning_rate": 0.5, "max_bin_exp": 4.8165508244228805, "max_depth": 1.0, "n_estimators": 3915.8416835469884, "reg_alpha": 2.7829572004163783, "reg_lambda": 3.0}, "datetime": {"datetime": "2024-02-19 18:29:54", "elapsed": 802.891115, "delta": 2.25897}}
{"target": -0.6920832343109993, "params": {"colsample_bytree": 0.5467863080319698, "learning_rate": 0.2916599073893981, "max_bin_exp": 6.034756090021462, "max_depth": 5.981642134521776, "n_estimators": 1086.277723322105, "reg_alpha": 1.7060907554117097, "reg_lambda": 2.202173325443122}, "datetime": {"datetime": "2024-02-19 18:29:55", "elapsed": 804.540656, "delta": 1.649541}}
{"target": -0.9098610317943737, "params": {"colsample_bytree": 0.2, "learning_rate": 0.5, "max_bin_exp": 8.111215394561835, "max_depth": 6.0, "n_estimators": 2945.163926698198, "reg_alpha": 0.0, "reg_lambda": 3.0}, "datetime": {"datetime": "2024-02-19 18:29:58", "elapsed": 807.472715, "delta": 2.932059}}
{"target": -1.6980733548875941, "params": {"colsample_bytree": 0.2362177035333855, "learning_rate": 0.019882258253342132, "max_bin_exp": 9.155267026916823, "max_depth": 2.1450759854644765, "n_estimators": 3910.992141282932, "reg_alpha": 0.10344939501911687, "reg_lambda": 0.5113408157618536}, "datetime": {"datetime": "2024-02-19 18:30:02", "elapsed": 810.829444, "delta": 3.356729}}
{"target": -1.0133336873940677, "params": {"colsample_bytree": 0.23363588427895793, "learning_rate": 0.24367572706689455, "max_bin_exp": 8.689132062964795, "max_depth": 2.56600119573302, "n_estimators": 1083.963748079735, "reg_alpha": 2.60940874960057, "reg_lambda": 2.266932584074674}, "datetime": {"datetime": "2024-02-19 18:30:03", "elapsed": 812.411984, "delta": 1.58254}}
{"target": -2.8055514219220807, "params": {"colsample_bytree": 0.20303241617111312, "learning_rate": 0.4575756240015963, "max_bin_exp": 8.507836611238282, "max_depth": 1.3255426246378523, "n_estimators": 1093.1157411518038, "reg_alpha": 2.7041444020294576, "reg_lambda": 0.6185203099006771}, "datetime": {"datetime": "2024-02-19 18:30:04", "elapsed": 813.51026, "delta": 1.098276}}
{"target": -0.6192760063408256, "params": {"colsample_bytree": 0.8655427856717224, "learning_rate": 0.06816838051556115, "max_bin_exp": 6.227789720589817, "max_depth": 5.985126638212054, "n_estimators": 584.7299348764504, "reg_alpha": 1.8265370451716918, "reg_lambda": 1.8384624829969867}, "datetime": {"datetime": "2024-02-19 18:30:06", "elapsed": 815.189573, "delta": 1.679313}}
{"target": -0.7278361769674585, "params": {"colsample_bytree": 0.5246896527379752, "learning_rate": 0.46795529902447436, "max_bin_exp": 8.56650601688888, "max_depth": 5.728152288457891, "n_estimators": 880.7892189709174, "reg_alpha": 1.3635448714443354, "reg_lambda": 0.3987500937027826}, "datetime": {"datetime": "2024-02-19 18:30:08", "elapsed": 817.165809, "delta": 1.976236}}
{"target": -2.515706140392538, "params": {"colsample_bytree": 0.4770665604991557, "learning_rate": 0.13756015972804767, "max_bin_exp": 8.758627059072563, "max_depth": 1.7440529266345963, "n_estimators": 2740.033085252358, "reg_alpha": 0.04837573531697381, "reg_lambda": 1.011162742131532}, "datetime": {"datetime": "2024-02-19 18:30:10", "elapsed": 819.126423, "delta": 1.960614}}
{"target": -0.8866601463247411, "params": {"colsample_bytree": 0.2, "learning_rate": 0.5, "max_bin_exp": 9.41165490247182, "max_depth": 6.0, "n_estimators": 874.8846194970143, "reg_alpha": 0.0, "reg_lambda": 3.0}, "datetime": {"datetime": "2024-02-19 18:30:12", "elapsed": 821.193858, "delta": 2.067435}}
{"target": -0.6367648682085687, "params": {"colsample_bytree": 1.0, "learning_rate": 0.5, "max_bin_exp": 10.0, "max_depth": 6.0, "n_estimators": 588.6314765046162, "reg_alpha": 0.0, "reg_lambda": 3.0}, "datetime": {"datetime": "2024-02-19 18:30:15", "elapsed": 824.355173, "delta": 3.161315}}
{"target": -0.8339450318927657, "params": {"colsample_bytree": 0.3097762759351486, "learning_rate": 0.4921555561432137, "max_bin_exp": 7.922142723809017, "max_depth": 5.95247721336718, "n_estimators": 731.2464749074558, "reg_alpha": 2.708063901245255, "reg_lambda": 0.6733303958176127}, "datetime": {"datetime": "2024-02-19 18:30:17", "elapsed": 826.467437, "delta": 2.112264}}
{"target": -1.3483285408901982, "params": {"colsample_bytree": 0.34927036751046875, "learning_rate": 0.23228338752590047, "max_bin_exp": 4.879658018488761, "max_depth": 5.876764718607422, "n_estimators": 3907.21181699314, "reg_alpha": 2.8879576594512977, "reg_lambda": 1.8218580350792648}, "datetime": {"datetime": "2024-02-19 18:30:23", "elapsed": 831.755666, "delta": 5.288229}}
{"target": -0.6774843969338512, "params": {"colsample_bytree": 0.9935748355173075, "learning_rate": 0.44998274834793617, "max_bin_exp": 9.59784438099673, "max_depth": 5.011858654475467, "n_estimators": 2748.393676806293, "reg_alpha": 2.0812723432090783, "reg_lambda": 0.8231238981324845}, "datetime": {"datetime": "2024-02-19 18:30:25", "elapsed": 834.606097, "delta": 2.850431}}
{"target": -2.9970574454213748, "params": {"colsample_bytree": 0.5078648371438389, "learning_rate": 0.06716406325815692, "max_bin_exp": 6.918688820617639, "max_depth": 1.5078734352842829, "n_estimators": 2747.3718393846966, "reg_alpha": 1.7803753702906593, "reg_lambda": 0.25466067387809765}, "datetime": {"datetime": "2024-02-19 18:30:27", "elapsed": 836.307796, "delta": 1.701699}}
{"target": -0.7064443571243086, "params": {"colsample_bytree": 0.5424943580507425, "learning_rate": 0.47600688268694075, "max_bin_exp": 7.3033420138528395, "max_depth": 4.756968856727974, "n_estimators": 750.5918781307688, "reg_alpha": 2.6442016904671637, "reg_lambda": 1.9997194730898162}, "datetime": {"datetime": "2024-02-19 18:30:29", "elapsed": 838.374742, "delta": 2.066946}}
{"target": -0.8873445849958803, "params": {"colsample_bytree": 0.2, "learning_rate": 0.5, "max_bin_exp": 9.167079632080988, "max_depth": 6.0, "n_estimators": 743.3598302568514, "reg_alpha": 0.0, "reg_lambda": 2.6298595161781053}, "datetime": {"datetime": "2024-02-19 18:30:31", "elapsed": 840.527877, "delta": 2.153135}}
{"target": -0.8776493209333806, "params": {"colsample_bytree": 0.42941311049477576, "learning_rate": 0.2080021633398101, "max_bin_exp": 5.582083397988752, "max_depth": 2.6048905453674496, "n_estimators": 2932.195305090591, "reg_alpha": 2.680292337473284, "reg_lambda": 2.4359836094131295}, "datetime": {"datetime": "2024-02-19 18:30:33", "elapsed": 842.529341, "delta": 2.001464}}
{"target": -0.6370203966807909, "params": {"colsample_bytree": 1.0, "learning_rate": 0.5, "max_bin_exp": 10.0, "max_depth": 6.0, "n_estimators": 2752.859587853598, "reg_alpha": 1.9148266584765428, "reg_lambda": 1.4482581399008536}, "datetime": {"datetime": "2024-02-19 18:30:38", "elapsed": 846.931996, "delta": 4.402655}}
{"target": -0.7081426969014831, "params": {"colsample_bytree": 0.6232971495471428, "learning_rate": 0.37757690917590553, "max_bin_exp": 9.782264087946992, "max_depth": 2.0373370793745047, "n_estimators": 752.945027250421, "reg_alpha": 0.7219544433702642, "reg_lambda": 0.18962821554294618}, "datetime": {"datetime": "2024-02-19 18:30:40", "elapsed": 848.746211, "delta": 1.814215}}
{"target": -2.748244757488818, "params": {"colsample_bytree": 0.3764627905137632, "learning_rate": 0.36232034685111403, "max_bin_exp": 5.336495879370323, "max_depth": 1.6808100415533143, "n_estimators": 754.8489500500789, "reg_alpha": 1.9871592248158043, "reg_lambda": 2.4158488536713616}, "datetime": {"datetime": "2024-02-19 18:30:41", "elapsed": 849.919231, "delta": 1.17302}}
{"target": -3.0744634341925616, "params": {"colsample_bytree": 0.7063817840199234, "learning_rate": 0.08519403170845995, "max_bin_exp": 9.46143025525687, "max_depth": 1.5070671197570087, "n_estimators": 749.1403987827765, "reg_alpha": 0.5418195876656781, "reg_lambda": 0.6283669372195193}, "datetime": {"datetime": "2024-02-19 18:30:43", "elapsed": 851.637463, "delta": 1.718232}}
{"target": -0.6998753787061558, "params": {"colsample_bytree": 0.3946912016343054, "learning_rate": 0.371028207349825, "max_bin_exp": 9.897920734605602, "max_depth": 3.134091692142368, "n_estimators": 882.7439213099638, "reg_alpha": 0.3107186532532018, "reg_lambda": 2.7618755415391307}, "datetime": {"datetime": "2024-02-19 18:30:44", "elapsed": 853.601747, "delta": 1.964284}}
{"target": -0.7084144624950803, "params": {"colsample_bytree": 0.3103422172329081, "learning_rate": 0.22144771047571304, "max_bin_exp": 8.507998467090772, "max_depth": 5.911158516252188, "n_estimators": 753.1124294462641, "reg_alpha": 1.6130587979263695, "reg_lambda": 1.297606128955715}, "datetime": {"datetime": "2024-02-19 18:30:46", "elapsed": 855.558235, "delta": 1.956488}}
