{"target": -0.6705980115848635, "params": {"colsample_bytree": 0.5135721332027947, "learning_rate": 0.15149259928369202, "max_bin_exp": 7.309830898504136, "max_depth": 5.561781037749661, "n_estimators": 2599.9165680520023, "reg_alpha": 2.420674060881262, "reg_lambda": 2.068273674775327}, "datetime": {"datetime": "2024-02-19 16:12:16", "elapsed": 509.098157, "delta": 1.942681}}
{"target": -0.62190126751486, "params": {"colsample_bytree": 0.8494577194754542, "learning_rate": 0.06979011793620736, "max_bin_exp": 7.21836496874648, "max_depth": 4.3909119175416205, "n_estimators": 2061.902457437246, "reg_alpha": 0.36304006171590897, "reg_lambda": 2.63578660639709}, "datetime": {"datetime": "2024-02-19 16:12:18", "elapsed": 510.902793, "delta": 1.804636}}
{"target": -1.1641117952584306, "params": {"colsample_bytree": 0.629871582254357, "learning_rate": 0.3881669232338864, "max_bin_exp": 4.816291703774327, "max_depth": 4.8037529789295075, "n_estimators": 4501.042184440734, "reg_alpha": 2.4888414177174667, "reg_lambda": 2.906461585462908}, "datetime": {"datetime": "2024-02-19 16:12:22", "elapsed": 514.303533, "delta": 3.40074}}
{"target": -0.6179587827256945, "params": {"colsample_bytree": 0.9444000639087828, "learning_rate": 0.21609057600792594, "max_bin_exp": 8.20430746477469, "max_depth": 5.947307966914919, "n_estimators": 2598.127376352761, "reg_alpha": 2.146772901124155, "reg_lambda": 1.0025843498856815}, "datetime": {"datetime": "2024-02-19 16:12:24", "elapsed": 516.542682, "delta": 2.239149}}
{"target": -0.6912063025637064, "params": {"colsample_bytree": 0.39592036881667847, "learning_rate": 0.04358862496154104, "max_bin_exp": 7.44838390644947, "max_depth": 5.974530628014448, "n_estimators": 2599.9322663341595, "reg_alpha": 1.3975501454749546, "reg_lambda": 0.07585180843616746}, "datetime": {"datetime": "2024-02-19 16:12:26", "elapsed": 518.459007, "delta": 1.916325}}
{"target": -0.701146512064501, "params": {"colsample_bytree": 1.0, "learning_rate": 0.5, "max_bin_exp": 6.427562810245193, "max_depth": 6.0, "n_estimators": 4156.921751486934, "reg_alpha": 1.9870302716891584, "reg_lambda": 0.0}, "datetime": {"datetime": "2024-02-19 16:12:31", "elapsed": 523.873417, "delta": 5.41441}}
{"target": -1.827227986375574, "params": {"colsample_bytree": 0.2289637293357145, "learning_rate": 0.373423285683697, "max_bin_exp": 5.5328517881433665, "max_depth": 5.845063541300375, "n_estimators": 2591.358538246597, "reg_alpha": 2.108066683568271, "reg_lambda": 2.873045597183245}, "datetime": {"datetime": "2024-02-19 16:12:33", "elapsed": 525.609602, "delta": 1.736185}}
{"target": -0.8296079485320298, "params": {"colsample_bytree": 0.3825128066095598, "learning_rate": 0.2815312908180642, "max_bin_exp": 5.485612670042881, "max_depth": 4.38864927920027, "n_estimators": 2593.3431162293614, "reg_alpha": 0.019098667358415145, "reg_lambda": 0.5572746798544873}, "datetime": {"datetime": "2024-02-19 16:12:35", "elapsed": 527.296365, "delta": 1.686763}}
{"target": -0.7287198281205862, "params": {"colsample_bytree": 0.8555340362023509, "learning_rate": 0.1224940307057606, "max_bin_exp": 5.87504729159813, "max_depth": 5.659908523373493, "n_estimators": 2598.0761703895455, "reg_alpha": 2.8529495932175863, "reg_lambda": 1.9112604533163107}, "datetime": {"datetime": "2024-02-19 16:12:37", "elapsed": 529.226779, "delta": 1.930414}}
{"target": -0.6706918393817679, "params": {"colsample_bytree": 0.30750160032612917, "learning_rate": 0.11992992879973574, "max_bin_exp": 9.87005044765532, "max_depth": 4.378761411353527, "n_estimators": 2070.6872510680623, "reg_alpha": 1.1882544274508002, "reg_lambda": 1.0411130679380363}, "datetime": {"datetime": "2024-02-19 16:12:38", "elapsed": 531.15865, "delta": 1.931871}}
{"target": -0.7040181742783368, "params": {"colsample_bytree": 1.0, "learning_rate": 0.5, "max_bin_exp": 10.0, "max_depth": 6.0, "n_estimators": 2070.026572265751, "reg_alpha": 0.0, "reg_lambda": 0.0}, "datetime": {"datetime": "2024-02-19 16:12:42", "elapsed": 534.359446, "delta": 3.200796}}
{"target": -0.5965023910315332, "params": {"colsample_bytree": 0.8090001124287958, "learning_rate": 0.11760945484342682, "max_bin_exp": 9.739639286986275, "max_depth": 5.148849257629102, "n_estimators": 2597.092120830329, "reg_alpha": 2.5315655474955765, "reg_lambda": 1.600738663181767}, "datetime": {"datetime": "2024-02-19 16:12:44", "elapsed": 536.761704, "delta": 2.402258}}
{"target": -1.1580548806931201, "params": {"colsample_bytree": 0.9021709948421541, "learning_rate": 0.4519210288164059, "max_bin_exp": 4.375262579022564, "max_depth": 5.934650722499491, "n_estimators": 2596.7253215061082, "reg_alpha": 1.1713524470759478, "reg_lambda": 0.22326637455583032}, "datetime": {"datetime": "2024-02-19 16:12:46", "elapsed": 538.81198, "delta": 2.050276}}
{"target": -1.3538344702860168, "params": {"colsample_bytree": 1.0, "learning_rate": 0.001, "max_bin_exp": 8.925679465495195, "max_depth": 6.0, "n_estimators": 2071.2211268070682, "reg_alpha": 2.540428156575838, "reg_lambda": 0.0}, "datetime": {"datetime": "2024-02-19 16:12:49", "elapsed": 541.705072, "delta": 2.893092}}
{"target": -0.8047215543106683, "params": {"colsample_bytree": 0.41417851689990626, "learning_rate": 0.32765478413536875, "max_bin_exp": 8.189769238507367, "max_depth": 5.510133326269025, "n_estimators": 2602.7959670140876, "reg_alpha": 2.7732431558643533, "reg_lambda": 0.04061827866298007}, "datetime": {"datetime": "2024-02-19 16:12:51", "elapsed": 543.919523, "delta": 2.214451}}
{"target": -0.6087797454875824, "params": {"colsample_bytree": 0.937443272794986, "learning_rate": 0.034390815865929916, "max_bin_exp": 9.188279600548121, "max_depth": 4.584374113968755, "n_estimators": 2600.680101281116, "reg_alpha": 1.2701355586026573, "reg_lambda": 2.9579467760703873}, "datetime": {"datetime": "2024-02-19 16:12:53", "elapsed": 545.948181, "delta": 2.028658}}
{"target": -0.6642819137626347, "params": {"colsample_bytree": 1.0, "learning_rate": 0.5, "max_bin_exp": 9.3091873809808, "max_depth": 4.816064752814596, "n_estimators": 2598.936432185289, "reg_alpha": 3.0, "reg_lambda": 3.0}, "datetime": {"datetime": "2024-02-19 16:12:55", "elapsed": 547.843405, "delta": 1.895224}}
{"target": -0.7047046953419257, "params": {"colsample_bytree": 0.82420777307485, "learning_rate": 0.47252221147285595, "max_bin_exp": 8.888179718993854, "max_depth": 4.291059816317272, "n_estimators": 2565.7196113130794, "reg_alpha": 2.3428100116558657, "reg_lambda": 1.0520498093635107}, "datetime": {"datetime": "2024-02-19 16:12:57", "elapsed": 549.624741, "delta": 1.781336}}
{"target": -0.6839711556180849, "params": {"colsample_bytree": 0.6492294635636516, "learning_rate": 0.31571806501570326, "max_bin_exp": 6.7572734771305125, "max_depth": 3.6715050645975635, "n_estimators": 2601.7924254503364, "reg_alpha": 2.6748987603871934, "reg_lambda": 2.8108642876983336}, "datetime": {"datetime": "2024-02-19 16:12:59", "elapsed": 551.173213, "delta": 1.548472}}
{"target": -0.7181504289489172, "params": {"colsample_bytree": 0.30155268626446424, "learning_rate": 0.4409936839452198, "max_bin_exp": 9.0185685632715, "max_depth": 3.003836658985457, "n_estimators": 2600.2794908507603, "reg_alpha": 2.176954586032336, "reg_lambda": 2.9802230977199735}, "datetime": {"datetime": "2024-02-19 16:13:00", "elapsed": 552.693676, "delta": 1.520463}}
{"target": -0.6500209666990349, "params": {"colsample_bytree": 1.0, "learning_rate": 0.5, "max_bin_exp": 7.971547422337253, "max_depth": 6.0, "n_estimators": 2582.4766796302365, "reg_alpha": 3.0, "reg_lambda": 3.0}, "datetime": {"datetime": "2024-02-19 16:13:03", "elapsed": 555.373228, "delta": 2.679552}}
{"target": -0.6543814836786476, "params": {"colsample_bytree": 0.7036949644417048, "learning_rate": 0.21755198388346159, "max_bin_exp": 7.39529773636777, "max_depth": 5.699912251159007, "n_estimators": 2602.263510494829, "reg_alpha": 0.36435307380917537, "reg_lambda": 0.8615544444850813}, "datetime": {"datetime": "2024-02-19 16:13:05", "elapsed": 557.383402, "delta": 2.010174}}
{"target": -0.5903080428929446, "params": {"colsample_bytree": 0.8173040525964355, "learning_rate": 0.06395893230198939, "max_bin_exp": 9.879704584992398, "max_depth": 5.007451168667859, "n_estimators": 2602.4687103956144, "reg_alpha": 2.011111982936284, "reg_lambda": 2.6593407728959284}, "datetime": {"datetime": "2024-02-19 16:13:07", "elapsed": 559.656925, "delta": 2.273523}}
{"target": -0.8624022355373115, "params": {"colsample_bytree": 0.27875669235025696, "learning_rate": 0.3629512051971998, "max_bin_exp": 9.197906270750487, "max_depth": 4.327718166399135, "n_estimators": 2599.836279145671, "reg_alpha": 1.6984688136110149, "reg_lambda": 1.1086045729665146}, "datetime": {"datetime": "2024-02-19 16:13:09", "elapsed": 561.503881, "delta": 1.846956}}
{"target": -1.033757442044786, "params": {"colsample_bytree": 0.8899022832586148, "learning_rate": 0.10808713696617113, "max_bin_exp": 4.9786314032912395, "max_depth": 5.0996660008544845, "n_estimators": 2601.610734103389, "reg_alpha": 1.1585328207432903, "reg_lambda": 1.8908328239627523}, "datetime": {"datetime": "2024-02-19 16:13:11", "elapsed": 563.400471, "delta": 1.89659}}
{"target": -0.7289097105431969, "params": {"colsample_bytree": 0.44660422038448644, "learning_rate": 0.3714144760516912, "max_bin_exp": 8.313876998628022, "max_depth": 2.6932987668760187, "n_estimators": 2603.602159825078, "reg_alpha": 1.6249026348324611, "reg_lambda": 0.34616176130654785}, "datetime": {"datetime": "2024-02-19 16:13:12", "elapsed": 564.57133, "delta": 1.170859}}
{"target": -0.6998364502857962, "params": {"colsample_bytree": 0.5160090768958799, "learning_rate": 0.48310731058222117, "max_bin_exp": 9.887345550356901, "max_depth": 4.949887909939663, "n_estimators": 2603.5136022832867, "reg_alpha": 0.05341015998755172, "reg_lambda": 2.9303238640505724}, "datetime": {"datetime": "2024-02-19 16:13:14", "elapsed": 566.685441, "delta": 2.114111}}
{"target": -0.706202564176708, "params": {"colsample_bytree": 0.4049071158196486, "learning_rate": 0.33174024490674203, "max_bin_exp": 8.854313773300316, "max_depth": 3.5513452005532535, "n_estimators": 2604.3463708843437, "reg_alpha": 2.3108673440834924, "reg_lambda": 2.8585892570676483}, "datetime": {"datetime": "2024-02-19 16:13:16", "elapsed": 568.455691, "delta": 1.77025}}
{"target": -0.6682506027167195, "params": {"colsample_bytree": 0.5975643227444525, "learning_rate": 0.24913590610081796, "max_bin_exp": 9.730027696902193, "max_depth": 4.92745503004316, "n_estimators": 2604.8326461756315, "reg_alpha": 0.9430138407517308, "reg_lambda": 0.31373475573857856}, "datetime": {"datetime": "2024-02-19 16:13:18", "elapsed": 570.393609, "delta": 1.937918}}
{"target": -0.6714900259552289, "params": {"colsample_bytree": 0.9211856163087737, "learning_rate": 0.16586399493516613, "max_bin_exp": 7.105239297538398, "max_depth": 3.1203057540110155, "n_estimators": 2603.7434527724213, "reg_alpha": 0.38875781786509744, "reg_lambda": 2.090805923881782}, "datetime": {"datetime": "2024-02-19 16:13:19", "elapsed": 571.769476, "delta": 1.375867}}
{"target": -4.0186600195974576, "params": {"colsample_bytree": 0.2, "learning_rate": 0.001, "max_bin_exp": 7.761896579023056, "max_depth": 5.7267740173424855, "n_estimators": 2603.161144709191, "reg_alpha": 1.518992472516134, "reg_lambda": 3.0}, "datetime": {"datetime": "2024-02-19 16:13:21", "elapsed": 573.705447, "delta": 1.935971}}
{"target": -0.6777142198946564, "params": {"colsample_bytree": 0.6230062573711259, "learning_rate": 0.4828985492781523, "max_bin_exp": 9.818287296604897, "max_depth": 5.760742081825427, "n_estimators": 2065.59300142125, "reg_alpha": 0.41286931206986976, "reg_lambda": 1.313437316628587}, "datetime": {"datetime": "2024-02-19 16:13:23", "elapsed": 576.120896, "delta": 2.415449}}
{"target": -1.0096874073622881, "params": {"colsample_bytree": 0.30926474683999283, "learning_rate": 0.024027712170835543, "max_bin_exp": 7.376988741339778, "max_depth": 3.778024025656815, "n_estimators": 2601.295116208082, "reg_alpha": 0.5000655163009353, "reg_lambda": 0.3024328589626565}, "datetime": {"datetime": "2024-02-19 16:13:25", "elapsed": 577.469391, "delta": 1.348495}}
{"target": -4.141367052153955, "params": {"colsample_bytree": 0.2, "learning_rate": 0.001, "max_bin_exp": 8.526878652762502, "max_depth": 4.276113419023606, "n_estimators": 2069.3860795838937, "reg_alpha": 0.0, "reg_lambda": 0.47268117221644174}, "datetime": {"datetime": "2024-02-19 16:13:26", "elapsed": 579.012871, "delta": 1.54348}}
{"target": -0.6725228683669153, "params": {"colsample_bytree": 0.7546448214244776, "learning_rate": 0.24575501324768034, "max_bin_exp": 8.896039461492425, "max_depth": 4.558904255618044, "n_estimators": 2065.959386803651, "reg_alpha": 0.359841077726864, "reg_lambda": 0.5470620541711346}, "datetime": {"datetime": "2024-02-19 16:13:28", "elapsed": 580.997573, "delta": 1.984702}}
{"target": -0.6642843043402777, "params": {"colsample_bytree": 0.7797035442822615, "learning_rate": 0.2541170702109353, "max_bin_exp": 7.8318839151510105, "max_depth": 4.6912064782619405, "n_estimators": 2582.601051813748, "reg_alpha": 2.4001486417314712, "reg_lambda": 1.5300223954249703}, "datetime": {"datetime": "2024-02-19 16:13:30", "elapsed": 582.688908, "delta": 1.691335}}
{"target": -0.8733904966984464, "params": {"colsample_bytree": 1.0, "learning_rate": 0.001, "max_bin_exp": 7.725336242950574, "max_depth": 6.0, "n_estimators": 4518.99346278691, "reg_alpha": 0.5698800363344225, "reg_lambda": 2.1822056570710595}, "datetime": {"datetime": "2024-02-19 16:13:36", "elapsed": 588.39568, "delta": 5.706772}}
{"target": -0.731780552242174, "params": {"colsample_bytree": 0.6837492441432795, "learning_rate": 0.3145686224144822, "max_bin_exp": 7.2066909380446, "max_depth": 3.148934645868893, "n_estimators": 4509.651972332558, "reg_alpha": 1.6668649815457495, "reg_lambda": 1.0495747736631937}, "datetime": {"datetime": "2024-02-19 16:13:39", "elapsed": 591.593394, "delta": 3.197714}}
{"target": -0.6145651195847678, "params": {"colsample_bytree": 0.855063924725086, "learning_rate": 0.09269095630377211, "max_bin_exp": 8.034063557736863, "max_depth": 4.483795788909624, "n_estimators": 2594.7910102489996, "reg_alpha": 0.08110334858539436, "reg_lambda": 1.1522601107329615}, "datetime": {"datetime": "2024-02-19 16:13:41", "elapsed": 593.379709, "delta": 1.786315}}
{"target": -0.7006871818598457, "params": {"colsample_bytree": 1.0, "learning_rate": 0.5, "max_bin_exp": 7.888882495595246, "max_depth": 4.49619412432078, "n_estimators": 2066.039309700385, "reg_alpha": 0.36362628751446024, "reg_lambda": 2.4738427585237273}, "datetime": {"datetime": "2024-02-19 16:13:42", "elapsed": 595.074392, "delta": 1.694683}}
{"target": -0.6707227730299551, "params": {"colsample_bytree": 0.7961346782989784, "learning_rate": 0.30692653956394117, "max_bin_exp": 7.829798909198729, "max_depth": 4.8167495820605515, "n_estimators": 2596.023910824558, "reg_alpha": 1.3995427879214826, "reg_lambda": 0.8192168235635933}, "datetime": {"datetime": "2024-02-19 16:13:44", "elapsed": 596.826697, "delta": 1.752305}}
{"target": -0.6796815797051093, "params": {"colsample_bytree": 0.850510887824282, "learning_rate": 0.2830189079447272, "max_bin_exp": 7.824340898405678, "max_depth": 4.693998176708636, "n_estimators": 2597.8278451440096, "reg_alpha": 2.686320313614593, "reg_lambda": 2.2181328912426492}, "datetime": {"datetime": "2024-02-19 16:13:46", "elapsed": 598.439526, "delta": 1.612829}}
{"target": -0.6812258731517037, "params": {"colsample_bytree": 0.6094132660707248, "learning_rate": 0.4295247462139555, "max_bin_exp": 9.031673801905349, "max_depth": 4.57732744337674, "n_estimators": 4507.790135234621, "reg_alpha": 2.9136121678033704, "reg_lambda": 2.1527734450956437}, "datetime": {"datetime": "2024-02-19 16:13:50", "elapsed": 602.817783, "delta": 4.378257}}
{"target": -0.6222861791166432, "params": {"colsample_bytree": 0.6918488953727296, "learning_rate": 0.06123899319751151, "max_bin_exp": 8.997582114173184, "max_depth": 4.301841460483338, "n_estimators": 2061.7285750770793, "reg_alpha": 0.6041465386353588, "reg_lambda": 1.911829404264437}, "datetime": {"datetime": "2024-02-19 16:13:52", "elapsed": 604.528362, "delta": 1.710579}}
{"target": -0.6905661415137454, "params": {"colsample_bytree": 0.3300743806863867, "learning_rate": 0.2518652506851519, "max_bin_exp": 9.960594319579016, "max_depth": 3.928761829608406, "n_estimators": 2603.772099259814, "reg_alpha": 1.015296467146208, "reg_lambda": 1.3860183679948115}, "datetime": {"datetime": "2024-02-19 16:13:54", "elapsed": 606.21187, "delta": 1.683508}}
{"target": -0.6739800612486759, "params": {"colsample_bytree": 0.7333166293792499, "learning_rate": 0.5, "max_bin_exp": 10.0, "max_depth": 5.4364395052123955, "n_estimators": 2069.9833497152554, "reg_alpha": 2.155323774585364, "reg_lambda": 2.2193444748968862}, "datetime": {"datetime": "2024-02-19 16:13:56", "elapsed": 608.756375, "delta": 2.544505}}
{"target": -0.7029018649259346, "params": {"colsample_bytree": 0.7688675599380237, "learning_rate": 0.3318749473437979, "max_bin_exp": 7.218488936083817, "max_depth": 4.3956207782621695, "n_estimators": 4514.86282901739, "reg_alpha": 1.5189106913098929, "reg_lambda": 2.626498427121078}, "datetime": {"datetime": "2024-02-19 16:14:00", "elapsed": 612.673749, "delta": 3.917374}}
{"target": -3.097040983392184, "params": {"colsample_bytree": 0.7150158264918018, "learning_rate": 0.03654607521805951, "max_bin_exp": 7.791587224212137, "max_depth": 1.6449965492655023, "n_estimators": 2602.6092257006117, "reg_alpha": 1.514571558792855, "reg_lambda": 2.6221231939061083}, "datetime": {"datetime": "2024-02-19 16:14:01", "elapsed": 613.775362, "delta": 1.101613}}
{"target": -4.155274914324388, "params": {"colsample_bytree": 0.2, "learning_rate": 0.001, "max_bin_exp": 7.521552076262812, "max_depth": 4.67692563986401, "n_estimators": 2594.3130066292892, "reg_alpha": 1.4459058440917891, "reg_lambda": 2.094591847112723}, "datetime": {"datetime": "2024-02-19 16:14:03", "elapsed": 615.349313, "delta": 1.573951}}
{"target": -0.6422162542428054, "params": {"colsample_bytree": 0.8240402375169009, "learning_rate": 0.0780620257675203, "max_bin_exp": 7.381246227839932, "max_depth": 5.2502190089577025, "n_estimators": 2062.1524291436517, "reg_alpha": 0.2696818221834433, "reg_lambda": 0.9967338433901308}, "datetime": {"datetime": "2024-02-19 16:14:05", "elapsed": 617.420235, "delta": 2.070922}}
{"target": -0.6373490696662745, "params": {"colsample_bytree": 0.5217672608694455, "learning_rate": 0.11951895687572676, "max_bin_exp": 8.66264627928925, "max_depth": 4.326878149061955, "n_estimators": 2060.726751990151, "reg_alpha": 1.6433527937157821, "reg_lambda": 1.7081737695857853}, "datetime": {"datetime": "2024-02-19 16:14:06", "elapsed": 619.163324, "delta": 1.743089}}
{"target": -0.6276209830736523, "params": {"colsample_bytree": 0.4425593817477054, "learning_rate": 0.04233909537349361, "max_bin_exp": 9.697532925416406, "max_depth": 5.012273533203259, "n_estimators": 2063.134499479146, "reg_alpha": 1.6856318019331962, "reg_lambda": 1.3900931282081912}, "datetime": {"datetime": "2024-02-19 16:14:09", "elapsed": 621.74333, "delta": 2.580006}}
{"target": -0.6723217742356697, "params": {"colsample_bytree": 0.8270606145445765, "learning_rate": 0.35657865326306465, "max_bin_exp": 8.326071591350452, "max_depth": 4.566001882886782, "n_estimators": 2064.146394494469, "reg_alpha": 1.1061611293818105, "reg_lambda": 0.26320381941100446}, "datetime": {"datetime": "2024-02-19 16:14:11", "elapsed": 623.76342, "delta": 2.02009}}
{"target": -0.713119596120233, "params": {"colsample_bytree": 0.8813767477474146, "learning_rate": 0.44296700761890184, "max_bin_exp": 7.363327476359987, "max_depth": 4.996452579190622, "n_estimators": 4511.747202866548, "reg_alpha": 1.176445884355664, "reg_lambda": 1.767660681800526}, "datetime": {"datetime": "2024-02-19 16:14:15", "elapsed": 627.608892, "delta": 3.845472}}
{"target": -0.6710660730078861, "params": {"colsample_bytree": 0.6585362496138265, "learning_rate": 0.17380098847290235, "max_bin_exp": 7.490544812266359, "max_depth": 4.643759783863086, "n_estimators": 4517.331079917949, "reg_alpha": 1.928701915646658, "reg_lambda": 2.3543175923872193}, "datetime": {"datetime": "2024-02-19 16:14:19", "elapsed": 631.631494, "delta": 4.022602}}
{"target": -0.6552492946489525, "params": {"colsample_bytree": 0.8465047534084083, "learning_rate": 0.276210964919677, "max_bin_exp": 7.939908463985967, "max_depth": 5.07415283502007, "n_estimators": 2577.288293037562, "reg_alpha": 2.244820894467101, "reg_lambda": 1.9707725284990376}, "datetime": {"datetime": "2024-02-19 16:14:21", "elapsed": 633.662695, "delta": 2.031201}}
{"target": -0.6769677413488701, "params": {"colsample_bytree": 0.8143081662987149, "learning_rate": 0.37069384901795194, "max_bin_exp": 7.191998001616884, "max_depth": 5.411543627050956, "n_estimators": 4158.271657142579, "reg_alpha": 0.8654509478428851, "reg_lambda": 0.852526218641606}, "datetime": {"datetime": "2024-02-19 16:14:26", "elapsed": 638.216141, "delta": 4.553446}}
{"target": -0.6883151051274128, "params": {"colsample_bytree": 0.6547056089441795, "learning_rate": 0.3471572880280461, "max_bin_exp": 8.312468864406162, "max_depth": 4.614482316561308, "n_estimators": 4513.445319580078, "reg_alpha": 1.348645727536345, "reg_lambda": 1.5690347728900595}, "datetime": {"datetime": "2024-02-19 16:14:30", "elapsed": 642.494266, "delta": 4.278125}}
{"target": -0.6359716501765537, "params": {"colsample_bytree": 0.6284152381067659, "learning_rate": 0.23722982652656918, "max_bin_exp": 9.61607076912696, "max_depth": 5.748610445747177, "n_estimators": 2066.7360950061047, "reg_alpha": 1.4956122500551794, "reg_lambda": 1.5699380343520235}, "datetime": {"datetime": "2024-02-19 16:14:32", "elapsed": 644.683481, "delta": 2.189215}}
