{"target": -0.05988988188029742, "params": {"u": 6.351519843444502, "v": 11.315495672323209, "w": 9.619806703723592, "x": 3.349508420616222, "y": 2.0667307349981825}, "datetime": {"datetime": "2024-02-25 09:54:12", "elapsed": 156.926326, "delta": 1.542958}}
{"target": 4.0885819109414125, "params": {"u": 6.232454883152988, "v": 12.788134589780507, "w": 9.512541514933341, "x": 2.440490890078009, "y": 2.8236300913457772}, "datetime": {"datetime": "2024-02-25 09:54:14", "elapsed": 159.018059, "delta": 2.091733}}
{"target": -0.08072034374043911, "params": {"u": 4.052555683862996, "v": 4.254089644961459, "w": 10.739361695318252, "x": 1.1446063150180463, "y": 3.8062632594322956}, "datetime": {"datetime": "2024-02-25 09:54:16", "elapsed": 160.894159, "delta": 1.8761}}
{"target": 1.4253162242177126, "params": {"u": 7.295833435915519, "v": 13.0, "w": 9.207200828789171, "x": 3.4928495573896123, "y": 3.8864733236227624}, "datetime": {"datetime": "2024-02-25 09:54:18", "elapsed": 162.550433, "delta": 1.656274}}
{"target": -0.009427147772265646, "params": {"u": 6.639539351073347, "v": 11.930618381964353, "w": 9.199729076797992, "x": 2.7917439262038473, "y": 3.326078991793733}, "datetime": {"datetime": "2024-02-25 09:54:19", "elapsed": 163.65403, "delta": 1.103597}}
{"target": 2.8785672913962155, "params": {"u": 7.148586539363231, "v": 12.708838465393187, "w": 9.619935113428799, "x": 1.5914430738156633, "y": 2.149007251373182}, "datetime": {"datetime": "2024-02-25 09:54:20", "elapsed": 164.976255, "delta": 1.322225}}
{"target": -0.0028546042880907498, "params": {"u": 5.227717455202784, "v": 11.47918358496589, "w": 5.736831784282984, "x": 3.3349389925065145, "y": 1.0223394556810708}, "datetime": {"datetime": "2024-02-25 09:54:21", "elapsed": 165.541018, "delta": 0.564763}}
{"target": 0.0357836437838129, "params": {"u": 7.684524769233549, "v": 4.816357420731116, "w": 12.456589240750915, "x": 2.342552783187646, "y": 2.0903256197871656}, "datetime": {"datetime": "2024-02-25 09:54:22", "elapsed": 166.367993, "delta": 0.826975}}
{"target": -0.06845200750301321, "params": {"u": 12.950884011455148, "v": 1.5324187835583567, "w": 12.377617112406774, "x": 1.0916190593626294, "y": 1.9220871089944263}, "datetime": {"datetime": "2024-02-25 09:54:23", "elapsed": 167.610682, "delta": 1.242689}}
{"target": 0.018987716411546243, "params": {"u": 4.580189886461442, "v": 5.936989738089866, "w": 2.5384715618894087, "x": 4.287964547889159, "y": 0.952583750309226}, "datetime": {"datetime": "2024-02-25 09:54:24", "elapsed": 168.826623, "delta": 1.215941}}
{"target": 0.5112911296983969, "params": {"u": 6.32236606775324, "v": 12.332129598586246, "w": 8.557731705571522, "x": 1.9060474141110715, "y": 2.790698341461498}, "datetime": {"datetime": "2024-02-25 09:54:26", "elapsed": 170.392034, "delta": 1.565411}}
{"target": -0.11616685628380186, "params": {"u": 6.821841669605915, "v": 11.92961381582938, "w": 9.275034778175531, "x": 1.5553067640207783, "y": 2.5423502120470016}, "datetime": {"datetime": "2024-02-25 09:54:27", "elapsed": 171.978356, "delta": 1.586322}}
{"target": 0.019250752666346876, "params": {"u": 8.036347195937752, "v": 9.469199355235983, "w": 2.4118262603043035, "x": 5.06896714360497, "y": 4.322665731483611}, "datetime": {"datetime": "2024-02-25 09:54:28", "elapsed": 172.798675, "delta": 0.820319}}
{"target": 0.01885654085252074, "params": {"u": 5.77845234306543, "v": 9.05049417568424, "w": 8.333804252979707, "x": 0.9841855969083386, "y": 2.087680616919169}, "datetime": {"datetime": "2024-02-25 09:54:29", "elapsed": 173.470503, "delta": 0.671828}}
{"target": 2.3528209803180586, "params": {"u": 6.162300439803646, "v": 12.648831991563721, "w": 9.630783552279018, "x": 3.2941157555295155, "y": 4.06181485044931}, "datetime": {"datetime": "2024-02-25 09:54:32", "elapsed": 177.015695, "delta": 3.545192}}
{"target": 0.005524752166211925, "params": {"u": 11.660484161508894, "v": 5.574848041753437, "w": 12.384147188452491, "x": 4.186374728339459, "y": 4.678788126635785}, "datetime": {"datetime": "2024-02-25 09:54:33", "elapsed": 177.504149, "delta": 0.488454}}
{"target": 0.13321016114258755, "params": {"u": 12.088204790465792, "v": 2.4735436592127846, "w": 11.753526434264955, "x": 0.5782101107593749, "y": 3.0551069283976533}, "datetime": {"datetime": "2024-02-25 09:54:34", "elapsed": 178.489457, "delta": 0.985308}}
{"target": 0.8455144287520567, "params": {"u": 6.3177513524929845, "v": 12.46510792689924, "w": 9.978734041493293, "x": 3.57105029879646, "y": 3.6467282483572614}, "datetime": {"datetime": "2024-02-25 09:54:36", "elapsed": 180.370306, "delta": 1.880849}}
{"target": -0.04610276514353242, "params": {"u": 8.356408026918048, "v": 5.820825763765752, "w": 1.9093226803903063, "x": 1.5290702290266798, "y": 4.612468049733881}, "datetime": {"datetime": "2024-02-25 09:54:37", "elapsed": 181.377715, "delta": 1.007409}}
{"target": 4.509801293837081, "params": {"u": 6.357836617938793, "v": 12.37234543261737, "w": 9.476318067069728, "x": 2.431074942766163, "y": 2.4931016490654048}, "datetime": {"datetime": "2024-02-25 09:54:38", "elapsed": 182.736032, "delta": 1.358317}}
{"target": 0.03931149477405617, "params": {"u": 5.745343168532006, "v": 7.35641047730961, "w": 1.3860505932070573, "x": 4.330861588954654, "y": 4.3009056174196205}, "datetime": {"datetime": "2024-02-25 09:54:39", "elapsed": 183.461928, "delta": 0.725896}}
{"target": -0.3899615170420636, "params": {"u": 6.542311679574224, "v": 12.575534271632527, "w": 8.984946028006581, "x": 3.1292986048592484, "y": 2.8727548235925786}, "datetime": {"datetime": "2024-02-25 09:54:40", "elapsed": 185.040927, "delta": 1.578999}}
{"target": 0.015101521200790172, "params": {"u": 2.4248953722060675, "v": 2.0963590060895902, "w": 1.4240676126600933, "x": 6.272822165978137, "y": 2.5793279544247603}, "datetime": {"datetime": "2024-02-25 09:54:41", "elapsed": 185.901647, "delta": 0.86072}}
{"target": 2.3131741334120095, "params": {"u": 6.655315664765016, "v": 12.91842370896521, "w": 9.90169898796428, "x": 3.101350607769734, "y": 4.301775805741077}, "datetime": {"datetime": "2024-02-25 09:54:43", "elapsed": 187.477271, "delta": 1.575624}}
{"target": -0.05331956492436241, "params": {"u": 1.5434929941678157, "v": 1.10228148216838, "w": 8.563549344169434, "x": 5.143465908508406, "y": 0.6200425095089668}, "datetime": {"datetime": "2024-02-25 09:54:44", "elapsed": 188.488896, "delta": 1.011625}}
{"target": 0.03648832905828942, "params": {"u": 2.6110252091418604, "v": 8.381893214096072, "w": 7.19831029624161, "x": 6.721235989592511, "y": 0.8547181041925793}, "datetime": {"datetime": "2024-02-25 09:54:45", "elapsed": 189.744088, "delta": 1.255192}}
{"target": 1.5235870942726335, "params": {"u": 6.550122658803666, "v": 12.425029946325628, "w": 9.764407678771358, "x": 3.1454690414618156, "y": 2.8256628034760656}, "datetime": {"datetime": "2024-02-25 09:54:48", "elapsed": 192.39621, "delta": 2.652122}}
{"target": -0.28113115847979786, "params": {"u": 8.204114016382729, "v": 12.690525599769808, "w": 9.43901075067404, "x": 7.225864632889611, "y": 3.051234195319108}, "datetime": {"datetime": "2024-02-25 09:54:49", "elapsed": 193.425325, "delta": 1.029115}}
{"target": 4.564940722587662, "params": {"u": 6.108948113956624, "v": 12.748885908291935, "w": 9.186434570181031, "x": 2.26494296947335, "y": 2.1350870146075684}, "datetime": {"datetime": "2024-02-25 09:54:51", "elapsed": 196.003906, "delta": 2.578581}}
{"target": 0.12418646362707574, "params": {"u": 5.521845511988665, "v": 12.589553694743785, "w": 9.692723798269215, "x": 2.438677566031295, "y": 2.6316812939935663}, "datetime": {"datetime": "2024-02-25 09:54:53", "elapsed": 197.54988, "delta": 1.545974}}
{"target": 0.74261861521001, "params": {"u": 6.29968300617246, "v": 12.674275812360282, "w": 9.634166336699888, "x": 3.157871331983697, "y": 2.158053580019196}, "datetime": {"datetime": "2024-02-25 09:54:55", "elapsed": 199.548632, "delta": 1.998752}}
{"target": 0.2312761527839201, "params": {"u": 6.022403628346236, "v": 12.010139181952288, "w": 8.313859146246747, "x": 1.9059849729481013, "y": 1.9737105617744568}, "datetime": {"datetime": "2024-02-25 09:54:57", "elapsed": 201.785508, "delta": 2.236876}}
{"target": -0.03875420897244043, "params": {"u": 3.087319911202279, "v": 6.079319188558119, "w": 1.8145283761521682, "x": 0.6377339847021344, "y": 4.893034688672884}, "datetime": {"datetime": "2024-02-25 09:54:58", "elapsed": 202.876533, "delta": 1.091025}}
{"target": 0.050496104569934475, "params": {"u": 6.058742130193233, "v": 11.470605109152395, "w": 9.817984735067403, "x": 2.4508774146471963, "y": 2.0636268388998555}, "datetime": {"datetime": "2024-02-25 09:54:59", "elapsed": 204.196447, "delta": 1.319914}}
{"target": 0.045173155473110266, "params": {"u": 1.9500840348833752, "v": 10.243834228258496, "w": 10.13183288064113, "x": 1.8019118353657717, "y": 3.2457679771083425}, "datetime": {"datetime": "2024-02-25 09:55:00", "elapsed": 205.295776, "delta": 1.099329}}
{"target": -0.0360051592445854, "params": {"u": 9.354176069684662, "v": 10.997397472016495, "w": 1.8236125587682945, "x": 5.162852976271079, "y": 0.6389554105389179}, "datetime": {"datetime": "2024-02-25 09:55:01", "elapsed": 206.241626, "delta": 0.94585}}
{"target": -0.07460824887732306, "params": {"u": 10.1778369769349, "v": 7.032347258495303, "w": 8.42329411210289, "x": 3.93630496921179, "y": 4.358696456831933}, "datetime": {"datetime": "2024-02-25 09:55:03", "elapsed": 207.410553, "delta": 1.168927}}
{"target": -0.23953657789611638, "params": {"u": 5.735939690083914, "v": 12.317692987459186, "w": 9.231030001710922, "x": 2.9631480253591236, "y": 3.6352934561235584}, "datetime": {"datetime": "2024-02-25 09:55:04", "elapsed": 209.306704, "delta": 1.896151}}
{"target": 1.7379493264007444, "params": {"u": 6.051708837043018, "v": 12.192050824687202, "w": 10.117771922799335, "x": 1.6059246840211487, "y": 2.3129165863034835}, "datetime": {"datetime": "2024-02-25 09:55:06", "elapsed": 210.501942, "delta": 1.195238}}
{"target": 4.942620959654404, "params": {"u": 6.2760069446446165, "v": 12.477017943923142, "w": 9.28934771483217, "x": 2.221771710791582, "y": 2.291795726630147}, "datetime": {"datetime": "2024-02-25 09:55:08", "elapsed": 212.536116, "delta": 2.034174}}
{"target": -0.027477724110318773, "params": {"u": 9.356921079400337, "v": 1.3970755711428877, "w": 1.1726704016019132, "x": 3.1667209053964953, "y": 4.768346775727718}, "datetime": {"datetime": "2024-02-25 09:55:09", "elapsed": 213.711426, "delta": 1.17531}}
{"target": -0.12990781692036948, "params": {"u": 9.01063929317224, "v": 1.0180704425552243, "w": 8.022481490458325, "x": 3.9668913681681572, "y": 3.117740063750323}, "datetime": {"datetime": "2024-02-25 09:55:10", "elapsed": 214.832251, "delta": 1.120825}}
{"target": 0.1179568280406194, "params": {"u": 7.497708852180137, "v": 8.636672347840776, "w": 11.17960061264677, "x": 4.326224229681135, "y": 0.9307152338468719}, "datetime": {"datetime": "2024-02-25 09:55:11", "elapsed": 216.198063, "delta": 1.365812}}
{"target": 0.2700079214710969, "params": {"u": 5.785875583390952, "v": 12.29198028787529, "w": 9.351270311124548, "x": 2.4218847054632002, "y": 2.7099182147918865}, "datetime": {"datetime": "2024-02-25 09:55:13", "elapsed": 217.977157, "delta": 1.779094}}
{"target": 0.20197339378619794, "params": {"u": 5.555259433133499, "v": 12.47856594242689, "w": 9.109053153515072, "x": 2.2773050847190497, "y": 2.3160883752036954}, "datetime": {"datetime": "2024-02-25 09:55:15", "elapsed": 219.839844, "delta": 1.862687}}
{"target": 0.03538079350163064, "params": {"u": 5.547276858456983, "v": 6.747483336507168, "w": 5.71887397218883, "x": 5.939997906846985, "y": 0.7446363073286492}, "datetime": {"datetime": "2024-02-25 09:55:16", "elapsed": 220.834861, "delta": 0.995017}}
{"target": 0.5493445537756527, "params": {"u": 6.771326084442235, "v": 12.728813992199797, "w": 8.961091593099878, "x": 2.3802412750035735, "y": 2.3741234092660064}, "datetime": {"datetime": "2024-02-25 09:55:18", "elapsed": 222.386429, "delta": 1.551568}}
{"target": 4.581232375782472, "params": {"u": 7.209117427757828, "v": 12.817569304417798, "w": 10.021725517297186, "x": 1.9429233110391926, "y": 1.7490071596602292}, "datetime": {"datetime": "2024-02-25 09:55:19", "elapsed": 224.071498, "delta": 1.685069}}
{"target": 3.8683961966612683, "params": {"u": 6.66468932732764, "v": 12.77318932279685, "w": 9.288366999016258, "x": 2.6462517696552523, "y": 2.7101759077570775}, "datetime": {"datetime": "2024-02-25 09:55:20", "elapsed": 225.02922, "delta": 0.957722}}
{"target": 0.04586478385539814, "params": {"u": 2.7188463296587067, "v": 12.283654254375385, "w": 12.107759196578725, "x": 3.2662668616980213, "y": 0.5838689008633788}, "datetime": {"datetime": "2024-02-25 09:55:21", "elapsed": 225.808014, "delta": 0.778794}}
{"target": 2.961408292658654, "params": {"u": 6.980671681580693, "v": 12.678704291594055, "w": 10.745426702488192, "x": 1.3293168391164452, "y": 1.531739524253631}, "datetime": {"datetime": "2024-02-25 09:55:22", "elapsed": 226.922901, "delta": 1.114887}}
{"target": 0.0810004017886993, "params": {"u": 9.34779910275401, "v": 8.570783333780005, "w": 7.350705023237091, "x": 2.6345626922086085, "y": 4.971095382692976}, "datetime": {"datetime": "2024-02-25 09:55:23", "elapsed": 228.059131, "delta": 1.13623}}
{"target": 0.010214607588537513, "params": {"u": 6.495464565319486, "v": 11.825125284766493, "w": 10.139284338912008, "x": 2.9259742648627864, "y": 3.13818852921333}, "datetime": {"datetime": "2024-02-25 09:55:24", "elapsed": 229.213871, "delta": 1.15474}}
{"target": -0.06007828576482449, "params": {"u": 7.929669421757016, "v": 8.392486872457223, "w": 7.616737688772341, "x": 3.624611031146982, "y": 1.6484845845411389}, "datetime": {"datetime": "2024-02-25 09:55:26", "elapsed": 230.346716, "delta": 1.132845}}
{"target": -0.35721401837489913, "params": {"u": 6.190011661607546, "v": 12.825837752641293, "w": 9.643336380618718, "x": 1.3514182726443407, "y": 2.3024517240348064}, "datetime": {"datetime": "2024-02-25 09:55:27", "elapsed": 231.681569, "delta": 1.334853}}
{"target": -0.02592018316566667, "params": {"u": 11.888773447561137, "v": 11.036899157521788, "w": 4.193150752171453, "x": 1.0789142830576812, "y": 4.339298036608063}, "datetime": {"datetime": "2024-02-25 09:55:28", "elapsed": 232.692456, "delta": 1.010887}}
{"target": 0.0924157067405473, "params": {"u": 11.37539571186769, "v": 2.232269291715969, "w": 6.707020911357414, "x": 0.8878041431247375, "y": 4.727088093913324}, "datetime": {"datetime": "2024-02-25 09:55:29", "elapsed": 234.244156, "delta": 1.5517}}
{"target": 0.02352020998830402, "params": {"u": 3.4774600379075284, "v": 2.568270195966709, "w": 9.033609414698969, "x": 5.0916463012653095, "y": 4.9549430590393655}, "datetime": {"datetime": "2024-02-25 09:55:31", "elapsed": 235.992825, "delta": 1.748669}}
{"target": -0.02385954114761543, "params": {"u": 5.520103346366931, "v": 1.020306469021365, "w": 1.3662313109758517, "x": 7.437533240858452, "y": 4.989700081604081}, "datetime": {"datetime": "2024-02-25 09:55:33", "elapsed": 237.817887, "delta": 1.825062}}
{"target": 3.3043082902083256, "params": {"u": 7.173243200539469, "v": 12.788430518557634, "w": 9.310642432402737, "x": 2.4147685131932324, "y": 2.912087610270353}, "datetime": {"datetime": "2024-02-25 09:55:35", "elapsed": 240.308511, "delta": 2.490624}}
{"target": 3.809316416675423, "params": {"u": 7.100391953629252, "v": 12.159501617049848, "w": 9.481826486894679, "x": 2.561556019045784, "y": 2.4517726222867213}, "datetime": {"datetime": "2024-02-25 09:55:37", "elapsed": 242.202729, "delta": 1.894218}}
{"target": 0.16365573153476834, "params": {"u": 6.464039631187891, "v": 12.95766430762001, "w": 8.988521105011515, "x": 3.415111624313756, "y": 3.543317381958084}, "datetime": {"datetime": "2024-02-25 09:55:38", "elapsed": 243.298033, "delta": 1.095304}}
{"target": 4.338248387085528, "params": {"u": 6.691573380861072, "v": 12.568712726091837, "w": 9.633159646817083, "x": 2.4959715775956397, "y": 2.565369460609724}, "datetime": {"datetime": "2024-02-25 09:55:40", "elapsed": 244.958898, "delta": 1.660865}}
{"target": -0.03886709164733937, "params": {"u": 11.305042030111245, "v": 6.060591132962077, "w": 2.982665859952192, "x": 7.667327907281844, "y": 0.5895160668568872}, "datetime": {"datetime": "2024-02-25 09:55:42", "elapsed": 246.594548, "delta": 1.63565}}
{"target": 0.10497047243241708, "params": {"u": 7.300298814767278, "v": 6.508543162701873, "w": 10.985187728390688, "x": 1.7981785534399295, "y": 3.8001476557120135}, "datetime": {"datetime": "2024-02-25 09:55:43", "elapsed": 248.31801, "delta": 1.723462}}
{"target": -0.035631344821037414, "params": {"u": 2.7366820716519484, "v": 10.881882943700877, "w": 10.131985331477418, "x": 3.434599186614218, "y": 0.9068132960706551}, "datetime": {"datetime": "2024-02-25 09:55:45", "elapsed": 249.584138, "delta": 1.266128}}
{"target": 3.1632152256263986, "params": {"u": 6.998614702516137, "v": 12.945187802157806, "w": 9.480193849542253, "x": 2.7574466012614476, "y": 2.650146569136535}, "datetime": {"datetime": "2024-02-25 09:55:47", "elapsed": 251.531107, "delta": 1.946969}}
{"target": 0.0496407753593344, "params": {"u": 10.11567654191823, "v": 8.295217851619935, "w": 4.058196168956161, "x": 5.031124602621376, "y": 4.843020260690675}, "datetime": {"datetime": "2024-02-25 09:55:49", "elapsed": 253.566323, "delta": 2.035216}}
{"target": 0.02545422657131514, "params": {"u": 5.907644100595684, "v": 12.379043559774061, "w": 8.840762842788903, "x": 2.8631263289549924, "y": 2.1728524847929296}, "datetime": {"datetime": "2024-02-25 09:55:51", "elapsed": 255.938027, "delta": 2.371704}}
{"target": 2.08978853671141, "params": {"u": 6.686063136227843, "v": 12.548669141039184, "w": 10.618098624455541, "x": 1.0563874367643453, "y": 0.8946489487980127}, "datetime": {"datetime": "2024-02-25 09:55:53", "elapsed": 257.486098, "delta": 1.548071}}
{"target": 0.01955761268381331, "params": {"u": 6.717163289434456, "v": 11.355653127758947, "w": 6.903867316141867, "x": 4.489446859193528, "y": 3.804676213450822}, "datetime": {"datetime": "2024-02-25 09:55:54", "elapsed": 258.477973, "delta": 0.991875}}
{"target": 4.209561236884834, "params": {"u": 6.196634151718234, "v": 12.319114378738334, "w": 9.922231860128159, "x": 2.105540457040292, "y": 1.715490084914393}, "datetime": {"datetime": "2024-02-25 09:55:55", "elapsed": 259.975507, "delta": 1.497534}}
{"target": -0.04681858330155539, "params": {"u": 12.512692075202965, "v": 3.2760984620683278, "w": 4.259371255224027, "x": 2.644150703286354, "y": 0.9033143530949309}, "datetime": {"datetime": "2024-02-25 09:55:57", "elapsed": 261.445326, "delta": 1.469819}}
{"target": 3.506849943196951, "params": {"u": 7.269758880062357, "v": 12.489451960821643, "w": 11.086053688354022, "x": 1.6993895095764522, "y": 2.1849762022570736}, "datetime": {"datetime": "2024-02-25 09:55:58", "elapsed": 263.12538, "delta": 1.680054}}
{"target": 0.08555877162044218, "params": {"u": 10.015882505522963, "v": 10.490460018587495, "w": 11.489638956344809, "x": 0.926811606464149, "y": 2.3754303338482043}, "datetime": {"datetime": "2024-02-25 09:56:00", "elapsed": 264.934231, "delta": 1.808851}}
{"target": 0.042919496997698994, "params": {"u": 1.5392626770073448, "v": 10.210019701581576, "w": 8.593734859402511, "x": 2.4740223737106035, "y": 1.8337529852127978}, "datetime": {"datetime": "2024-02-25 09:56:02", "elapsed": 266.431603, "delta": 1.497372}}
{"target": 0.4879336751935359, "params": {"u": 6.053823927055404, "v": 12.215650093779367, "w": 8.201662261153047, "x": 2.0341730844719126, "y": 2.5812342031045272}, "datetime": {"datetime": "2024-02-25 09:56:03", "elapsed": 267.896382, "delta": 1.464779}}
{"target": 3.603208850372064, "params": {"u": 6.490039071549942, "v": 12.441902330993349, "w": 9.08209571144494, "x": 2.443630554966385, "y": 2.0865704206491986}, "datetime": {"datetime": "2024-02-25 09:56:06", "elapsed": 270.426098, "delta": 2.529716}}
{"target": 4.454487071322406, "params": {"u": 6.421070222173393, "v": 12.342525428738728, "w": 9.552943235194812, "x": 2.2541631650392, "y": 2.062709195520321}, "datetime": {"datetime": "2024-02-25 09:56:08", "elapsed": 272.78006, "delta": 2.353962}}
{"target": 4.743970355378752, "params": {"u": 6.8795087506081, "v": 12.60455425632654, "w": 9.986113054252689, "x": 2.0142264939758605, "y": 1.8812911309870979}, "datetime": {"datetime": "2024-02-25 09:56:11", "elapsed": 276.086738, "delta": 3.306678}}
{"target": 2.643791145958681, "params": {"u": 6.960922177473785, "v": 12.844993029588691, "w": 11.197691456473228, "x": 2.361821377162461, "y": 1.4258249681841577}, "datetime": {"datetime": "2024-02-25 09:56:14", "elapsed": 278.72942, "delta": 2.642682}}
{"target": 4.93343982894051, "params": {"u": 7.732810660925445, "v": 12.31324643025856, "w": 9.981403693132613, "x": 2.0628404638266473, "y": 2.3229864302259213}, "datetime": {"datetime": "2024-02-25 09:56:16", "elapsed": 281.222048, "delta": 2.492628}}
{"target": 3.312991130902834, "params": {"u": 7.187794898158478, "v": 12.423944933733612, "w": 10.064003072839157, "x": 2.3988575875195672, "y": 1.8577932250665663}, "datetime": {"datetime": "2024-02-25 09:56:19", "elapsed": 283.481492, "delta": 2.259444}}
{"target": 0.02227539223619574, "params": {"u": 5.5658285842355575, "v": 3.0272974544594895, "w": 1.907704761487497, "x": 0.5127851007634985, "y": 0.3049937894673458}, "datetime": {"datetime": "2024-02-25 09:56:20", "elapsed": 285.192811, "delta": 1.711319}}
{"target": 0.12620640072822392, "params": {"u": 7.164767400469771, "v": 11.734005786164104, "w": 10.908190049626779, "x": 1.2460217645697833, "y": 2.294877978130263}, "datetime": {"datetime": "2024-02-25 09:56:23", "elapsed": 287.707577, "delta": 2.514766}}
