{"target": 0.7083009699311638, "params": {"u": 5.4881350392732475, "v": 7.151893663724195, "x": 6.027633760716439, "y": 5.448831829968968}, "datetime": {"datetime": "2024-02-27 10:33:38", "elapsed": 0.0, "delta": 0.0}}
{"target": 0.6964307338169486, "params": {"u": 0.07092424504005601, "v": 1.116002251388818, "x": 0.31345006853426227, "y": 0.9044505460036967}, "datetime": {"datetime": "2024-02-27 10:33:38", "elapsed": 0.138046, "delta": 0.138046}}
{"target": 0.5162190042141106, "params": {"u": 4.468003285048012, "v": 1.307212807952307, "x": 6.393434797669155, "y": 1.762698150419657}, "datetime": {"datetime": "2024-02-27 10:33:39", "elapsed": 0.462945, "delta": 0.324899}}
{"target": 0.38593217061291163, "params": {"u": 6.148339990968611, "v": 8.564406768088485, "x": 8.357046484554987, "y": 6.204695547045946}, "datetime": {"datetime": "2024-02-27 10:33:39", "elapsed": 0.559855, "delta": 0.09691}}
{"target": 0.49625280890067697, "params": {"u": 9.123545671754133, "v": 2.8347385015240323, "x": 6.667977923517857, "y": 0.8554413043466613}, "datetime": {"datetime": "2024-02-27 10:33:39", "elapsed": 0.701707, "delta": 0.141852}}
{"target": 0.31380354776121344, "params": {"u": 8.459923131082329, "v": 7.417366659872884, "x": 3.444537281012756, "y": 5.712989700251676}, "datetime": {"datetime": "2024-02-27 10:33:39", "elapsed": 0.809303, "delta": 0.107596}}
{"target": 0.9890922761259514, "params": {"u": 5.4749324108903865, "v": 6.978303342135339, "x": 6.067980025330346, "y": 5.456789518569289}, "datetime": {"datetime": "2024-02-27 10:33:39", "elapsed": 0.913536, "delta": 0.104233}}
{"target": 0.3605792314383073, "params": {"u": 5.871734585267761, "v": 4.538623260164018, "x": 9.159602863878861, "y": 5.057720335994961}, "datetime": {"datetime": "2024-02-27 10:33:39", "elapsed": 1.040951, "delta": 0.127415}}
{"target": 0.6299406431231945, "params": {"u": 5.204956340689034, "v": 7.30335568649307, "x": 6.334177680278781, "y": 5.0884933367598295}, "datetime": {"datetime": "2024-02-27 10:33:39", "elapsed": 1.128171, "delta": 0.08722}}
{"target": 0.3329882248720966, "params": {"u": 1.2816709571728213, "v": 8.058050400513952, "x": 4.416273558976154, "y": 8.4778943762735}, "datetime": {"datetime": "2024-02-27 10:33:40", "elapsed": 1.229889, "delta": 0.101718}}
{"target": 0.5095877129473105, "params": {"u": 8.080228191795047, "v": 7.703654060712012, "x": 7.615748075696843, "y": 6.165893928676712}, "datetime": {"datetime": "2024-02-27 10:33:40", "elapsed": 1.320932, "delta": 0.091043}}
{"target": 0.6697995431065165, "params": {"u": 5.3187415099208915, "v": 7.416474127860049, "x": 6.100793766308696, "y": 5.22443280796576}, "datetime": {"datetime": "2024-02-27 10:33:40", "elapsed": 1.733915, "delta": 0.412983}}
{"target": 0.4193555486675612, "params": {"u": 6.567320871137551, "v": 6.600543003478675, "x": 2.956954049552988, "y": 3.2984230939764014}, "datetime": {"datetime": "2024-02-27 10:33:40", "elapsed": 1.88006, "delta": 0.146145}}
{"target": 0.6452062054263381, "params": {"u": 5.562245241010509, "v": 7.216439567979727, "x": 5.970367216037717, "y": 5.046332746871962}, "datetime": {"datetime": "2024-02-27 10:33:40", "elapsed": 2.147256, "delta": 0.267196}}
{"target": 0.27765751043869463, "params": {"u": 8.170340650266422, "v": 4.317286507402179, "x": 4.536900053441661, "y": 8.132621147137309}, "datetime": {"datetime": "2024-02-27 10:33:41", "elapsed": 2.255876, "delta": 0.10862}}
{"target": 0.529227486715855, "params": {"u": 0.09661812648136925, "v": 0.9831278021179479, "x": 0.6620406258554479, "y": 1.0578413120540553}, "datetime": {"datetime": "2024-02-27 10:33:41", "elapsed": 2.482155, "delta": 0.226279}}
{"target": 1.0685196301817719, "params": {"u": 5.761947782600412, "v": 6.756855227967704, "x": 6.062689165040203, "y": 5.746081166269345}, "datetime": {"datetime": "2024-02-27 10:33:41", "elapsed": 2.615427, "delta": 0.133272}}
{"target": 0.9492257672838792, "params": {"u": 5.624523877596765, "v": 6.659317710819092, "x": 6.174800403478006, "y": 5.377433962163441}, "datetime": {"datetime": "2024-02-27 10:33:41", "elapsed": 2.731168, "delta": 0.115741}}
{"target": 0.1909068648684987, "params": {"u": 8.422294163608417, "v": 2.9673036130590913, "x": 6.1304975533784445, "y": 9.105108178668367}, "datetime": {"datetime": "2024-02-27 10:33:41", "elapsed": 2.924787, "delta": 0.193619}}
{"target": 0.2769236425494551, "params": {"u": 5.137476033698263, "v": 6.619159876207941, "x": 7.891498949627424, "y": 0.6620881892710817}, "datetime": {"datetime": "2024-02-27 10:33:41", "elapsed": 3.086997, "delta": 0.16221}}
{"target": 1.0593608431804828, "params": {"u": 5.411406481263211, "v": 6.706239812130616, "x": 6.06556587339154, "y": 5.702836789961951}, "datetime": {"datetime": "2024-02-27 10:33:42", "elapsed": 3.345648, "delta": 0.258651}}
{"target": 0.21211268343626058, "params": {"u": 4.847922004971641, "v": 2.834053265452451, "x": 1.7144145443072678, "y": 8.018014769368518}, "datetime": {"datetime": "2024-02-27 10:33:42", "elapsed": 3.48562, "delta": 0.139972}}
{"target": 0.2562050669235063, "params": {"u": 2.399837880286615, "v": 1.7379170053574489, "x": 1.854172264516023, "y": 5.010785910315477}, "datetime": {"datetime": "2024-02-27 10:33:42", "elapsed": 3.577624, "delta": 0.092004}}
{"target": 0.3271890682697982, "params": {"u": 4.586950096441267, "v": 6.03495751301085, "x": 2.294558219510552, "y": 1.9312126212469083}, "datetime": {"datetime": "2024-02-27 10:33:42", "elapsed": 3.707965, "delta": 0.130341}}
{"target": 1.0161523486261637, "params": {"u": 5.587538359255643, "v": 6.689006381632746, "x": 5.778442695126517, "y": 5.552447044999128}, "datetime": {"datetime": "2024-02-27 10:33:42", "elapsed": 3.839051, "delta": 0.131086}}
{"target": 0.9682678411942569, "params": {"u": 5.560807890593518, "v": 6.846539636724585, "x": 6.461031686892468, "y": 5.763830217728431}, "datetime": {"datetime": "2024-02-27 10:33:42", "elapsed": 4.117088, "delta": 0.278037}}
{"target": 1.0702825314377662, "params": {"u": 5.530082569330393, "v": 6.350422924074687, "x": 6.097678831376787, "y": 6.125337530433668}, "datetime": {"datetime": "2024-02-27 10:33:43", "elapsed": 4.460459, "delta": 0.343371}}
{"target": 1.0444404993604208, "params": {"u": 5.806020684540487, "v": 6.537517226103366, "x": 5.732979923313683, "y": 6.188621692984677}, "datetime": {"datetime": "2024-02-27 10:33:43", "elapsed": 4.703174, "delta": 0.242715}}
{"target": 0.9923135569764711, "params": {"u": 5.98659487188763, "v": 6.538858544289713, "x": 6.280175465212781, "y": 6.296314030502855}, "datetime": {"datetime": "2024-02-27 10:33:43", "elapsed": 4.965354, "delta": 0.26218}}
{"target": 0.7197996637918133, "params": {"u": 5.3446379123378005, "v": 7.019348373280911, "x": 6.203298234044457, "y": 5.638083006784055}, "datetime": {"datetime": "2024-02-27 10:33:43", "elapsed": 5.066612, "delta": 0.101258}}
{"target": 0.7116671592554388, "params": {"u": 5.853853077882622, "v": 5.756512582756268, "x": 6.327332482784529, "y": 6.58213512312501}, "datetime": {"datetime": "2024-02-27 10:33:44", "elapsed": 5.230946, "delta": 0.164334}}
{"target": 0.9637821997936401, "params": {"u": 5.772886786422594, "v": 6.3323278777887495, "x": 6.498557518180854, "y": 5.881966822843544}, "datetime": {"datetime": "2024-02-27 10:33:44", "elapsed": 5.407852, "delta": 0.176906}}
{"target": 0.40183185933427, "params": {"u": 4.686697781282209, "v": 7.692566950532588, "x": 5.409148157894795, "y": 3.1318059540708787}, "datetime": {"datetime": "2024-02-27 10:33:44", "elapsed": 6.054665, "delta": 0.646813}}
{"target": 0.9746036466875925, "params": {"u": 5.892421681810525, "v": 6.171711014877264, "x": 5.4087992344734745, "y": 5.827381918215821}, "datetime": {"datetime": "2024-02-27 10:33:46", "elapsed": 7.663165, "delta": 1.6085}}
{"target": 0.5321817554307571, "params": {"u": 7.640109303007375, "v": 2.2059881853020324, "x": 6.914783941714429, "y": 5.19224645584938}, "datetime": {"datetime": "2024-02-27 10:33:46", "elapsed": 7.887843, "delta": 0.224678}}
{"target": 1.0253662774395982, "params": {"u": 5.324074951079638, "v": 6.230660230163953, "x": 5.561419274600819, "y": 5.997828864301905}, "datetime": {"datetime": "2024-02-27 10:33:47", "elapsed": 8.507168, "delta": 0.619325}}
{"target": 0.9264111049073112, "params": {"u": 5.688895381194122, "v": 6.0164507575931285, "x": 5.500216305655961, "y": 6.421773371119222}, "datetime": {"datetime": "2024-02-27 10:33:48", "elapsed": 9.47185, "delta": 0.964682}}
{"target": 0.8913215301552609, "params": {"u": 5.195479275809482, "v": 6.541259510143224, "x": 5.554873041569138, "y": 6.566327056666722}, "datetime": {"datetime": "2024-02-27 10:33:48", "elapsed": 10.075025, "delta": 0.603175}}
{"target": 0.3588265855113415, "params": {"u": 8.35238864221319, "v": 9.377609391956836, "x": 6.274563571386005, "y": 8.839854929361618}, "datetime": {"datetime": "2024-02-27 10:33:50", "elapsed": 11.392916, "delta": 1.317891}}
{"target": 0.6216721134586328, "params": {"u": 4.999127042511211, "v": 6.499418143464152, "x": 5.737902155576614, "y": 5.321263467310545}, "datetime": {"datetime": "2024-02-27 10:33:51", "elapsed": 12.716748, "delta": 1.323832}}
{"target": 1.3744263151655811, "params": {"u": 6.450300408075967, "v": 6.633534637684832, "x": 5.23430784573436, "y": 6.108958364362747}, "datetime": {"datetime": "2024-02-27 10:33:52", "elapsed": 13.445241, "delta": 0.728493}}
{"target": 2.0359980737090067, "params": {"u": 6.630701052194317, "v": 6.494618108542606, "x": 5.571956536850811, "y": 6.129746401941556}, "datetime": {"datetime": "2024-02-27 10:33:53", "elapsed": 14.250002, "delta": 0.804761}}
{"target": 0.8664481822182851, "params": {"u": 5.583830188637805, "v": 4.063330747537634, "x": 6.713104379311307, "y": 3.3161763525929624}, "datetime": {"datetime": "2024-02-27 10:33:53", "elapsed": 14.789851, "delta": 0.539849}}
{"target": 2.242030425826239, "params": {"u": 6.904401117428755, "v": 6.438518776485771, "x": 5.659320736814294, "y": 6.133135209368383}, "datetime": {"datetime": "2024-02-27 10:33:55", "elapsed": 16.227435, "delta": 1.437584}}
{"target": 1.714403350249623, "params": {"u": 6.9002835634672985, "v": 6.40647513605495, "x": 5.649580704438401, "y": 6.461002452623444}, "datetime": {"datetime": "2024-02-27 10:33:55", "elapsed": 16.815069, "delta": 0.587634}}
{"target": 2.2384898526429726, "params": {"u": 6.89571766050175, "v": 6.229095889376226, "x": 5.664347466330437, "y": 5.838803130558266}, "datetime": {"datetime": "2024-02-27 10:33:56", "elapsed": 17.95539, "delta": 1.140321}}
{"target": 2.4279300577836875, "params": {"u": 6.994194820204629, "v": 6.634001021699244, "x": 5.810355756213742, "y": 5.769337359843877}, "datetime": {"datetime": "2024-02-27 10:33:58", "elapsed": 19.267249, "delta": 1.311859}}
{"target": 0.8106076259636419, "params": {"u": 7.145817294927261, "v": 5.99569173392518, "x": 5.825362973623908, "y": 5.55626602905998}, "datetime": {"datetime": "2024-02-27 10:33:59", "elapsed": 20.60079, "delta": 1.333541}}
{"target": 2.7500277599664615, "params": {"u": 6.762058269163899, "v": 6.668173356844122, "x": 6.0040219582881065, "y": 5.853516057259148}, "datetime": {"datetime": "2024-02-27 10:34:00", "elapsed": 21.476621, "delta": 0.875831}}
{"target": 1.0100488672436458, "params": {"u": 6.844336650509356, "v": 7.329529423400208, "x": 5.891522752427342, "y": 5.743691814236968}, "datetime": {"datetime": "2024-02-27 10:34:01", "elapsed": 22.418091, "delta": 0.94147}}
{"target": 0.9555125533663834, "params": {"u": 7.1419301231688035, "v": 6.711988091872967, "x": 6.474430820902545, "y": 6.183851568786887}, "datetime": {"datetime": "2024-02-27 10:34:01", "elapsed": 22.951054, "delta": 0.532963}}
{"target": 2.4250020958769394, "params": {"u": 6.6500246087144, "v": 6.496401105660572, "x": 5.8960292633869145, "y": 5.718259683239027}, "datetime": {"datetime": "2024-02-27 10:34:02", "elapsed": 23.974607, "delta": 1.023553}}
{"target": 0.5557142598143678, "params": {"u": 7.191254585012345, "v": 5.352955810552751, "x": 4.784728527411696, "y": 6.6586073118774}, "datetime": {"datetime": "2024-02-27 10:34:04", "elapsed": 25.2588, "delta": 1.284193}}
{"target": 0.08488680589787811, "params": {"u": 0.5824770156521797, "v": 0.7484200131225538, "x": 9.872927820253153, "y": 9.583409461074826}, "datetime": {"datetime": "2024-02-27 10:34:05", "elapsed": 26.240146, "delta": 0.981346}}
{"target": 1.3152094893736666, "params": {"u": 6.944919911210979, "v": 6.568737030025874, "x": 6.403941792470467, "y": 5.275315157000011}, "datetime": {"datetime": "2024-02-27 10:34:05", "elapsed": 27.03735, "delta": 0.797204}}
{"target": 0.8736178743785357, "params": {"u": 7.541605763756378, "v": 6.547245094006716, "x": 5.321475806990134, "y": 6.099968636522153}, "datetime": {"datetime": "2024-02-27 10:34:06", "elapsed": 28.049619, "delta": 1.012269}}
{"target": 0.10479291134232574, "params": {"u": 10.0, "v": 0.0, "x": 0.0, "y": 0.0}, "datetime": {"datetime": "2024-02-27 10:34:08", "elapsed": 29.460698, "delta": 1.411079}}
{"target": 1.084923724536652, "params": {"u": 6.895456742866508, "v": 5.911707658737836, "x": 6.295036945235735, "y": 5.98799622706963}, "datetime": {"datetime": "2024-02-27 10:34:09", "elapsed": 30.432521, "delta": 0.971823}}
{"target": 0.09115870086905266, "params": {"u": 0.040918727799212906, "v": 9.980242590177017, "x": 9.78571376129428, "y": 0.157564896495469}, "datetime": {"datetime": "2024-02-27 10:34:10", "elapsed": 31.6621, "delta": 1.229579}}
{"target": 2.860290854372103, "params": {"u": 6.803795483927624, "v": 6.492955567717607, "x": 5.968116100086699, "y": 5.968561033205226}, "datetime": {"datetime": "2024-02-27 10:34:11", "elapsed": 32.85318, "delta": 1.19108}}
{"target": 0.11183496719564738, "params": {"u": 0.05399607311697863, "v": 9.447067734170517, "x": 0.2723910073996505, "y": 1.1159429608338811}, "datetime": {"datetime": "2024-02-27 10:34:12", "elapsed": 34.118802, "delta": 1.265622}}
{"target": 0.10149198699989846, "params": {"u": 9.840974486803912, "v": 9.510575450232864, "x": 0.15815655672835605, "y": 0.4613048953565668}, "datetime": {"datetime": "2024-02-27 10:34:14", "elapsed": 35.43709, "delta": 1.318288}}
{"target": 0.20357215519182117, "params": {"u": 5.188301960577847, "v": 9.843393914486143, "x": 0.4393507792396967, "y": 9.853062091637536}, "datetime": {"datetime": "2024-02-27 10:34:15", "elapsed": 37.019796, "delta": 1.582706}}
{"target": 0.09468535055864057, "params": {"u": 0.8473708095794252, "v": 9.525165230827385, "x": 9.978300119797114, "y": 9.950938706357139}, "datetime": {"datetime": "2024-02-27 10:34:17", "elapsed": 38.469432, "delta": 1.449636}}
{"target": 0.11772160868828582, "params": {"u": 0.010497057214530203, "v": 2.494311805795225, "x": 9.940106254888015, "y": 0.1148168993584675}, "datetime": {"datetime": "2024-02-27 10:34:18", "elapsed": 39.457391, "delta": 0.987959}}
{"target": 0.09099262434981448, "params": {"u": 9.901044401587297, "v": 0.7151621521660412, "x": 0.2881990814591662, "y": 9.844207330552955}, "datetime": {"datetime": "2024-02-27 10:34:19", "elapsed": 40.62626, "delta": 1.168869}}
{"target": 0.10363103665035564, "params": {"u": 0.043001568244608324, "v": 0.31682969808615513, "x": 2.9676116237204253, "y": 9.964220216138626}, "datetime": {"datetime": "2024-02-27 10:34:20", "elapsed": 41.63781, "delta": 1.01155}}
{"target": 0.12225147023418853, "params": {"u": 9.645827551924167, "v": 9.596253857129836, "x": 9.22956957229923, "y": 0.1927153602623044}, "datetime": {"datetime": "2024-02-27 10:34:21", "elapsed": 43.015612, "delta": 1.377802}}
{"target": 0.5289689630384722, "params": {"u": 3.536277334775355, "v": 3.791818703727788, "x": 6.5673718368315015, "y": 3.3009148483476105}, "datetime": {"datetime": "2024-02-27 10:34:23", "elapsed": 44.652928, "delta": 1.637316}}
{"target": 1.058354437583322, "params": {"u": 7.036852278182268, "v": 6.455962235655993, "x": 5.9954818673826304, "y": 6.104343643343414}, "datetime": {"datetime": "2024-02-27 10:34:24", "elapsed": 45.773659, "delta": 1.120731}}
{"target": 1.0084486052026072, "params": {"u": 6.613250692152313, "v": 5.993187441573145, "x": 5.710260961995727, "y": 6.358087458687471}, "datetime": {"datetime": "2024-02-27 10:34:26", "elapsed": 47.394885, "delta": 1.621226}}
{"target": 0.265889147551921, "params": {"u": 3.2517462020164976, "v": 6.542255064475273, "x": 5.81388390224167, "y": 9.504955689551805}, "datetime": {"datetime": "2024-02-27 10:34:26", "elapsed": 47.831654, "delta": 0.436769}}
{"target": 0.11108540733298879, "params": {"u": 7.093478354882609, "v": 0.26992812919363507, "x": 0.29384347430144064, "y": 9.165293808039888}, "datetime": {"datetime": "2024-02-27 10:34:28", "elapsed": 49.481412, "delta": 1.649758}}
{"target": 2.6356054042849166, "params": {"u": 6.747399077574798, "v": 6.597184426006395, "x": 5.804648227571377, "y": 5.933424300242499}, "datetime": {"datetime": "2024-02-27 10:34:30", "elapsed": 51.484373, "delta": 2.002961}}
{"target": 0.20400907096568746, "params": {"u": 9.963294042790753, "v": 9.163937876988712, "x": 6.101028556446648, "y": 3.3619963906823913}, "datetime": {"datetime": "2024-02-27 10:34:31", "elapsed": 52.556221, "delta": 1.071848}}
{"target": 0.2590798150619474, "params": {"u": 4.53579703052387, "v": 1.5685665429201623, "x": 8.546959482550578, "y": 5.557719483812214}, "datetime": {"datetime": "2024-02-27 10:34:32", "elapsed": 53.728847, "delta": 1.172626}}
{"target": 0.9226958064286288, "params": {"u": 5.72829779140113, "v": 6.24146105612639, "x": 6.59499313606, "y": 6.017211785238641}, "datetime": {"datetime": "2024-02-27 10:34:33", "elapsed": 54.493236, "delta": 0.764389}}
{"target": 2.803425597158978, "params": {"u": 6.600583607876725, "v": 6.483445919888972, "x": 6.100646866473288, "y": 5.968485250144469}, "datetime": {"datetime": "2024-02-27 10:34:35", "elapsed": 56.220854, "delta": 1.727618}}
{"target": 2.5493660681144528, "params": {"u": 6.7504862167266175, "v": 6.452810747251286, "x": 6.149992339258991, "y": 5.805255261348106}, "datetime": {"datetime": "2024-02-27 10:34:36", "elapsed": 57.678574, "delta": 1.45772}}
{"target": 0.170905161972041, "params": {"u": 8.81146513393697, "v": 8.265760173052264, "x": 0.8814721969641293, "y": 7.781923787125571}, "datetime": {"datetime": "2024-02-27 10:34:37", "elapsed": 59.150723, "delta": 1.472149}}
{"target": 1.6161885880371865, "params": {"u": 6.929308875608483, "v": 6.527434353794574, "x": 5.420147440287597, "y": 5.718695948104748}, "datetime": {"datetime": "2024-02-27 10:34:39", "elapsed": 60.5588, "delta": 1.408077}}
{"target": 0.6706370777936976, "params": {"u": 7.067004860981569, "v": 6.54513813420078, "x": 7.257405167039689, "y": 5.4579759043080776}, "datetime": {"datetime": "2024-02-27 10:34:40", "elapsed": 61.560814, "delta": 1.002014}}
{"target": 2.417179366456889, "params": {"u": 6.727715097636533, "v": 6.738639880567892, "x": 6.161306478256822, "y": 5.7453710702315774}, "datetime": {"datetime": "2024-02-27 10:34:41", "elapsed": 62.46465, "delta": 0.903836}}
{"target": 0.240436662039538, "params": {"u": 2.4086856857194636, "v": 0.32646698369333205, "x": 4.940663014440057, "y": 5.144920344283905}, "datetime": {"datetime": "2024-02-27 10:34:41", "elapsed": 63.076002, "delta": 0.611352}}
{"target": 0.21040819449371195, "params": {"u": 8.662807165631708, "v": 4.512172244965872, "x": 8.755780478191333, "y": 9.136509395338328}, "datetime": {"datetime": "2024-02-27 10:34:42", "elapsed": 63.584744, "delta": 0.508742}}
{"target": 1.0236272452741106, "params": {"u": 6.662795769336773, "v": 6.741936619205423, "x": 6.064438456916087, "y": 7.018837372310818}, "datetime": {"datetime": "2024-02-27 10:34:43", "elapsed": 64.934436, "delta": 1.349692}}
{"target": 1.6606118622825337, "params": {"u": 6.880485693076465, "v": 6.521117895972992, "x": 5.8605851437226955, "y": 5.388081912534158}, "datetime": {"datetime": "2024-02-27 10:34:44", "elapsed": 66.181015, "delta": 1.246579}}
{"target": 0.6525987488191792, "params": {"u": 6.691883126975579, "v": 7.149936237335632, "x": 5.048675576187746, "y": 6.845400439942747}, "datetime": {"datetime": "2024-02-27 10:34:46", "elapsed": 67.675991, "delta": 1.494976}}
{"target": 1.533082710437065, "params": {"u": 6.365318482122502, "v": 6.6738899438646335, "x": 6.665259505293121, "y": 6.08871241255724}, "datetime": {"datetime": "2024-02-27 10:34:47", "elapsed": 68.911814, "delta": 1.235823}}
{"target": 0.7273404973919207, "params": {"u": 6.655315384407585, "v": 7.392833602605483, "x": 6.8917265155288305, "y": 6.579367086597053}, "datetime": {"datetime": "2024-02-27 10:34:48", "elapsed": 69.530475, "delta": 0.618661}}
{"target": 0.22844337226796363, "params": {"u": 9.143189497679588, "v": 9.494186654163096, "x": 9.477028003805529, "y": 5.635265662161347}, "datetime": {"datetime": "2024-02-27 10:34:48", "elapsed": 70.177081, "delta": 0.646606}}
{"target": 1.6671645548560563, "params": {"u": 6.617976643032339, "v": 6.339748887758478, "x": 5.462728839581908, "y": 6.280051695635535}, "datetime": {"datetime": "2024-02-27 10:34:50", "elapsed": 71.278436, "delta": 1.101355}}
{"target": 0.22380007934758986, "params": {"u": 3.7978929596635513, "v": 6.439959547811438, "x": 7.203426384644805, "y": 9.494429659387016}, "datetime": {"datetime": "2024-02-27 10:34:51", "elapsed": 72.306084, "delta": 1.027648}}
{"target": 1.9807879739683434, "params": {"u": 6.881130391283717, "v": 6.94082971477677, "x": 6.385919707201247, "y": 5.727035526069136}, "datetime": {"datetime": "2024-02-27 10:34:52", "elapsed": 74.020196, "delta": 1.714112}}
{"target": 2.2686956804906027, "params": {"u": 6.5107863822373595, "v": 6.204792746056614, "x": 5.80794944622852, "y": 5.692386415447455}, "datetime": {"datetime": "2024-02-27 10:34:53", "elapsed": 74.808702, "delta": 0.788506}}
{"target": 0.9595706093662524, "params": {"u": 6.07415049069116, "v": 5.766348287155488, "x": 6.341089004627539, "y": 5.174611303654252}, "datetime": {"datetime": "2024-02-27 10:34:55", "elapsed": 76.642282, "delta": 1.83358}}
