{"target": 0.219580356860563, "params": {"u": 1.9212212243475102, "v": 6.504072574092254, "x": 5.2265813082484325, "y": 9.614439388581381}, "datetime": {"datetime": "2024-02-27 10:44:01", "elapsed": 622.342003, "delta": 2.035769}}
{"target": 1.2619291753011372, "params": {"u": 5.127744817957462, "v": 4.757309249375652, "x": 5.1689742700444885, "y": 4.030722025203466}, "datetime": {"datetime": "2024-02-27 10:44:05", "elapsed": 626.712852, "delta": 4.370849}}
{"target": 0.9725732466184953, "params": {"u": 6.605269906800904, "v": 4.556854465996452, "x": 7.08706930725019, "y": 4.323582446186894}, "datetime": {"datetime": "2024-02-27 10:44:08", "elapsed": 629.357293, "delta": 2.644441}}
{"target": 0.25914422057524666, "params": {"u": 9.778271476909852, "v": 1.3256843983480315, "x": 5.33717283481304, "y": 5.796318047134376}, "datetime": {"datetime": "2024-02-27 10:44:10", "elapsed": 631.363857, "delta": 2.006564}}
{"target": 0.21951395963155196, "params": {"u": 8.532950722727247, "v": 5.216865018653297, "x": 1.2747394779174515, "y": 2.174074432224783}, "datetime": {"datetime": "2024-02-27 10:44:12", "elapsed": 634.11142, "delta": 2.747563}}
{"target": 0.16275645444889394, "params": {"u": 7.791143683461424, "v": 8.935980210844951, "x": 0.5006694765209285, "y": 2.3000263241967778}, "datetime": {"datetime": "2024-02-27 10:44:15", "elapsed": 636.263745, "delta": 2.152325}}
{"target": 0.1244774859964827, "params": {"u": 1.1925888401390206, "v": 9.844070965483052, "x": 9.704063528837942, "y": 3.1818067620592814}, "datetime": {"datetime": "2024-02-27 10:44:18", "elapsed": 639.809998, "delta": 3.546253}}
{"target": 0.14196679235443682, "params": {"u": 5.98478678594573, "v": 0.15319788361554787, "x": 9.83390642491136, "y": 8.02511998688825}, "datetime": {"datetime": "2024-02-27 10:44:21", "elapsed": 643.003042, "delta": 3.193044}}
{"target": 8.477132951040351, "params": {"u": 4.268206545202473, "v": 4.669884458492627, "x": 3.8671212859303026, "y": 4.08855629538301}, "datetime": {"datetime": "2024-02-27 10:44:25", "elapsed": 646.943198, "delta": 3.940156}}
{"target": 0.14942542719005922, "params": {"u": 3.8339366067778426, "v": 2.2031298003609354, "x": 7.8473179935207735, "y": 9.885633218771497}, "datetime": {"datetime": "2024-02-27 10:44:30", "elapsed": 651.37633, "delta": 4.433132}}
{"target": 0.20134590762752472, "params": {"u": 7.934642756746703, "v": 9.570491560067419, "x": 1.7637899093117804, "y": 4.52515600525365}, "datetime": {"datetime": "2024-02-27 10:44:32", "elapsed": 653.481505, "delta": 2.105175}}
{"target": 0.40714512779842843, "params": {"u": 8.804292269864185, "v": 5.071942446207096, "x": 6.0675972048329205, "y": 7.4444392168889175}, "datetime": {"datetime": "2024-02-27 10:44:33", "elapsed": 654.843163, "delta": 1.361658}}
{"target": 7.76295121129386, "params": {"u": 4.345552791622219, "v": 4.02713654633086, "x": 3.8056326295932252, "y": 3.992439704203843}, "datetime": {"datetime": "2024-02-27 10:44:38", "elapsed": 660.094509, "delta": 5.251346}}
{"target": 0.16993323725843348, "params": {"u": 5.146583784713177, "v": 1.2515223870271797, "x": 4.020689695407128, "y": 9.530562215172491}, "datetime": {"datetime": "2024-02-27 10:44:41", "elapsed": 662.990764, "delta": 2.896255}}
{"target": 0.16455425432844353, "params": {"u": 9.943097351612955, "v": 8.165316234920025, "x": 9.96819101311133, "y": 2.502210212871935}, "datetime": {"datetime": "2024-02-27 10:44:44", "elapsed": 665.280429, "delta": 2.289665}}
{"target": 0.15788772239533908, "params": {"u": 7.845503071973134, "v": 9.950118635122568, "x": 6.361695371598767, "y": 0.01595972380731392}, "datetime": {"datetime": "2024-02-27 10:44:47", "elapsed": 669.167906, "delta": 3.887477}}
{"target": 0.14168629811693856, "params": {"u": 3.654853301519519, "v": 3.1496650098533063, "x": 0.0, "y": 10.0}, "datetime": {"datetime": "2024-02-27 10:44:54", "elapsed": 675.476018, "delta": 6.308112}}
{"target": 0.3620433529732354, "params": {"u": 2.015733314926471, "v": 4.171165738268494, "x": 4.653872728508098, "y": 6.725208844283307}, "datetime": {"datetime": "2024-02-27 10:44:58", "elapsed": 679.668716, "delta": 4.192698}}
{"target": 8.92098581552018, "params": {"u": 4.270537398313648, "v": 4.403708993211161, "x": 4.125168865609288, "y": 3.937055704210042}, "datetime": {"datetime": "2024-02-27 10:45:02", "elapsed": 683.313735, "delta": 3.645019}}
{"target": 7.03644279395631, "params": {"u": 4.620957014694024, "v": 4.5797015579204325, "x": 3.8961577749311473, "y": 3.7923718052684774}, "datetime": {"datetime": "2024-02-27 10:45:03", "elapsed": 684.877558, "delta": 1.563823}}
{"target": 0.46262321662635775, "params": {"u": 0.7012392887581709, "v": 2.8573783090740856, "x": 0.2413319684337976, "y": 1.2636197190856664}, "datetime": {"datetime": "2024-02-27 10:45:06", "elapsed": 687.427835, "delta": 2.550277}}
{"target": 0.35363298934939097, "params": {"u": 6.284826398337344, "v": 8.844293115558624, "x": 9.110431951560903, "y": 7.16890449354279}, "datetime": {"datetime": "2024-02-27 10:45:09", "elapsed": 690.912829, "delta": 3.484994}}
{"target": 0.3466363645952317, "params": {"u": 6.152137999632052, "v": 2.6407926120337546, "x": 2.226554347635288, "y": 1.4232845285733142}, "datetime": {"datetime": "2024-02-27 10:45:11", "elapsed": 692.669006, "delta": 1.756177}}
{"target": 0.17682383447343925, "params": {"u": 2.9344521444907246, "v": 9.863958111558889, "x": 0.06929879507235559, "y": 4.005681733778365}, "datetime": {"datetime": "2024-02-27 10:45:14", "elapsed": 695.414269, "delta": 2.745263}}
{"target": 0.5432214295162535, "params": {"u": 4.120883689127279, "v": 2.2965078318436927, "x": 2.797983979023707, "y": 3.6964308212226826}, "datetime": {"datetime": "2024-02-27 10:45:17", "elapsed": 698.843634, "delta": 3.429365}}
{"target": 0.16486998607696732, "params": {"u": 1.0520232778780114, "v": 9.851484415555735, "x": 6.64860073425748, "y": 9.822495744771366}, "datetime": {"datetime": "2024-02-27 10:45:21", "elapsed": 702.311922, "delta": 3.468288}}
{"target": 0.26846683175977093, "params": {"u": 2.436396753387661, "v": 6.566079288280417, "x": 6.677597839740102, "y": 7.97930378079703}, "datetime": {"datetime": "2024-02-27 10:45:22", "elapsed": 703.933989, "delta": 1.622067}}
{"target": 0.3098122955261808, "params": {"u": 7.81898039541129, "v": 9.76529201920808, "x": 7.278951145206561, "y": 5.028557549915088}, "datetime": {"datetime": "2024-02-27 10:45:28", "elapsed": 709.37284, "delta": 5.438851}}
{"target": 0.31491004497237945, "params": {"u": 3.0338017308015406, "v": 3.3705612425585407, "x": 0.8922458457449278, "y": 4.327068439847822}, "datetime": {"datetime": "2024-02-27 10:45:31", "elapsed": 712.251855, "delta": 2.879015}}
{"target": 0.8724934450562497, "params": {"u": 4.081061873497279, "v": 4.701089843949703, "x": 4.300835630942451, "y": 5.453528230715642}, "datetime": {"datetime": "2024-02-27 10:45:37", "elapsed": 718.740174, "delta": 6.488319}}
{"target": 0.38403221207020666, "params": {"u": 3.9923726573205407, "v": 5.45763342357871, "x": 7.1633078990165036, "y": 2.6691271910882453}, "datetime": {"datetime": "2024-02-27 10:45:42", "elapsed": 723.705829, "delta": 4.965655}}
{"target": 0.4670510491391381, "params": {"u": 2.1499929668737527, "v": 5.713399538174967, "x": 4.430758398853647, "y": 5.404897567368502}, "datetime": {"datetime": "2024-02-27 10:45:48", "elapsed": 729.436605, "delta": 5.730776}}
{"target": 0.2746145836561207, "params": {"u": 6.9295693591692125, "v": 8.383945098084633, "x": 6.702005827124449, "y": 9.954709939009769}, "datetime": {"datetime": "2024-02-27 10:45:54", "elapsed": 735.884542, "delta": 6.447937}}
{"target": 0.2882701709491909, "params": {"u": 2.816962367506093, "v": 8.035332537294313, "x": 4.118441699392451, "y": 3.791211953046165}, "datetime": {"datetime": "2024-02-27 10:45:56", "elapsed": 737.94035, "delta": 2.055808}}
{"target": 9.553417015925902, "params": {"u": 4.364855209260306, "v": 4.63350044166857, "x": 3.917385919635227, "y": 4.062089692547958}, "datetime": {"datetime": "2024-02-27 10:46:03", "elapsed": 744.565545, "delta": 6.625195}}
{"target": 0.4659207720922014, "params": {"u": 4.889894454732419, "v": 3.902442269592974, "x": 6.34494651180778, "y": 0.5523101080608339}, "datetime": {"datetime": "2024-02-27 10:46:04", "elapsed": 746.133506, "delta": 1.567961}}
{"target": 0.27805379752732756, "params": {"u": 2.1659375309329953, "v": 6.205840777586999, "x": 1.7517753744441544, "y": 2.706146430498367}, "datetime": {"datetime": "2024-02-27 10:46:06", "elapsed": 747.861663, "delta": 1.728157}}
{"target": 0.2726561129683976, "params": {"u": 9.108817619698891, "v": 6.3529591482576535, "x": 3.3398927378310272, "y": 4.3760688867085}, "datetime": {"datetime": "2024-02-27 10:46:08", "elapsed": 749.602522, "delta": 1.740859}}
{"target": 0.18437425938179522, "params": {"u": 8.218953137102085, "v": 9.481670586899183, "x": 4.087567798450172, "y": 9.968706143872765}, "datetime": {"datetime": "2024-02-27 10:46:10", "elapsed": 751.546178, "delta": 1.943656}}
{"target": 0.2912801356335963, "params": {"u": 2.538985813903376, "v": 3.5160446118572333, "x": 3.6299988047486833, "y": 0.0}, "datetime": {"datetime": "2024-02-27 10:46:18", "elapsed": 759.455671, "delta": 7.909493}}
{"target": 0.1573402227813902, "params": {"u": 2.5732949610239633, "v": 2.55343455128883, "x": 3.2224714963796086, "y": 9.925657378502281}, "datetime": {"datetime": "2024-02-27 10:46:22", "elapsed": 763.296965, "delta": 3.841294}}
{"target": 0.4141088976921173, "params": {"u": 7.448542881998255, "v": 5.430851301631078, "x": 8.34205982643738, "y": 1.767942407170029}, "datetime": {"datetime": "2024-02-27 10:46:23", "elapsed": 764.805915, "delta": 1.50895}}
{"target": 0.20287470601267119, "params": {"u": 6.550128956250458, "v": 0.12208695226158972, "x": 0.7542062869041022, "y": 3.660339150632036}, "datetime": {"datetime": "2024-02-27 10:46:28", "elapsed": 769.69698, "delta": 4.891065}}
{"target": 0.1835131748647309, "params": {"u": 1.7019371810802641, "v": 8.224325119639648, "x": 7.57934109108536, "y": 7.940951051508248}, "datetime": {"datetime": "2024-02-27 10:46:30", "elapsed": 771.971945, "delta": 2.274965}}
{"target": 0.09810317683745555, "params": {"u": 1.3532746079756834, "v": 10.0, "x": 9.900246812344378, "y": 10.0}, "datetime": {"datetime": "2024-02-27 10:46:36", "elapsed": 777.855972, "delta": 5.884027}}
{"target": 0.17474692567899303, "params": {"u": 5.130988646962544, "v": 0.04571039606850125, "x": 0.01840879442214116, "y": 0.11739942596654118}, "datetime": {"datetime": "2024-02-27 10:46:43", "elapsed": 784.738022, "delta": 6.88205}}
{"target": 0.25893987655723805, "params": {"u": 9.998760880065232, "v": 2.8196920159222207, "x": 9.760201421059497, "y": 4.438075314624905}, "datetime": {"datetime": "2024-02-27 10:46:47", "elapsed": 788.508364, "delta": 3.770342}}
{"target": 0.17883703001363727, "params": {"u": 3.9430986375588817, "v": 9.368025144748495, "x": 0.9834253336978993, "y": 2.708237804773753}, "datetime": {"datetime": "2024-02-27 10:46:49", "elapsed": 790.822385, "delta": 2.314021}}
{"target": 0.9897470008838716, "params": {"u": 3.9902108547551975, "v": 4.776077420271395, "x": 3.3479142968322515, "y": 3.7242378375682597}, "datetime": {"datetime": "2024-02-27 10:46:51", "elapsed": 793.197963, "delta": 2.375578}}
{"target": 0.17015175694455084, "params": {"u": 7.1589849842291216, "v": 0.9597988467958929, "x": 1.1016870829430214, "y": 6.048126596061292}, "datetime": {"datetime": "2024-02-27 10:46:53", "elapsed": 794.90095, "delta": 1.702987}}
{"target": 0.17590377635021323, "params": {"u": 2.4967490909071284, "v": 6.002973089024924, "x": 10.0, "y": 2.988837446297704}, "datetime": {"datetime": "2024-02-27 10:46:56", "elapsed": 798.184905, "delta": 3.283955}}
{"target": 0.2012084289896383, "params": {"u": 4.373416883735863, "v": 0.7327842829094593, "x": 10.0, "y": 3.6442385867839437}, "datetime": {"datetime": "2024-02-27 10:47:02", "elapsed": 803.321902, "delta": 5.136997}}
{"target": 0.16043511917529035, "params": {"u": 0.2627278372534998, "v": 0.9037993989666658, "x": 6.890506726218319, "y": 4.414380761603725}, "datetime": {"datetime": "2024-02-27 10:47:08", "elapsed": 809.668626, "delta": 6.346724}}
{"target": 4.327654992329833, "params": {"u": 4.766505917805873, "v": 4.2923425010819845, "x": 3.6150673269988243, "y": 4.10608887340273}, "datetime": {"datetime": "2024-02-27 10:47:17", "elapsed": 818.281673, "delta": 8.613047}}
{"target": 0.34733246150664526, "params": {"u": 6.551385314828821, "v": 0.1051513788505809, "x": 6.724580718400332, "y": 4.903811122502234}, "datetime": {"datetime": "2024-02-27 10:47:25", "elapsed": 826.493966, "delta": 8.212293}}
{"target": 0.19499321440390674, "params": {"u": 10.0, "v": 0.0, "x": 3.5760226637997627, "y": 2.828037297781951}, "datetime": {"datetime": "2024-02-27 10:47:28", "elapsed": 829.51823, "delta": 3.024264}}
{"target": 5.873411877954956, "params": {"u": 4.469087503375295, "v": 4.273231540326545, "x": 3.9106827258689836, "y": 3.7175767832188154}, "datetime": {"datetime": "2024-02-27 10:47:34", "elapsed": 836.188698, "delta": 6.670468}}
{"target": 0.1860597799705264, "params": {"u": 0.0, "v": 4.502603203601023, "x": 4.999534320739184, "y": 0.0}, "datetime": {"datetime": "2024-02-27 10:47:38", "elapsed": 839.838483, "delta": 3.649785}}
{"target": 0.12852165420140668, "params": {"u": 8.336543659447988, "v": 3.376618910035132, "x": 0.0947505048564079, "y": 9.258213000512532}, "datetime": {"datetime": "2024-02-27 10:47:40", "elapsed": 841.318508, "delta": 1.480025}}
{"target": 0.2104221782233868, "params": {"u": 0.034998284135367985, "v": 9.946851356101954, "x": 3.7104229810952996, "y": 5.199913488281238}, "datetime": {"datetime": "2024-02-27 10:47:43", "elapsed": 844.419825, "delta": 3.101317}}
{"target": 0.30527609049481014, "params": {"u": 6.176187130589996, "v": 5.923918714066185, "x": 2.4464526431096614, "y": 0.9456500207092089}, "datetime": {"datetime": "2024-02-27 10:47:45", "elapsed": 846.784571, "delta": 2.364746}}
{"target": 0.1455333859180074, "params": {"u": 0.03602132820108683, "v": 9.720549865232638, "x": 0.8123664148526799, "y": 3.2716547644903207}, "datetime": {"datetime": "2024-02-27 10:47:52", "elapsed": 854.128481, "delta": 7.34391}}
{"target": 0.24444220742135617, "params": {"u": 4.348094254379622, "v": 6.262994422737039, "x": 9.898139984208372, "y": 5.264393445055459}, "datetime": {"datetime": "2024-02-27 10:48:01", "elapsed": 862.674489, "delta": 8.546008}}
{"target": 0.2887733688933575, "params": {"u": 6.343982769876687, "v": 2.83801453741897, "x": 9.694636268995435, "y": 5.210072372972538}, "datetime": {"datetime": "2024-02-27 10:48:08", "elapsed": 869.794039, "delta": 7.11955}}
{"target": 0.12773624425131386, "params": {"u": 0.0, "v": 5.966979405526856, "x": 10.0, "y": 7.303252675570194}, "datetime": {"datetime": "2024-02-27 10:48:14", "elapsed": 875.88017, "delta": 6.086131}}
{"target": 0.28283621433387596, "params": {"u": 6.347254938475486, "v": 3.9995748737492587, "x": 9.519903940724962, "y": 6.276682489614207}, "datetime": {"datetime": "2024-02-27 10:48:18", "elapsed": 880.180318, "delta": 4.300148}}
{"target": 0.20687178565277708, "params": {"u": 6.99018302958418, "v": 3.555670753216953, "x": 8.076595556482424, "y": 9.290909300890776}, "datetime": {"datetime": "2024-02-27 10:48:23", "elapsed": 884.999549, "delta": 4.819231}}
{"target": 0.26883619134888703, "params": {"u": 6.0750123979532935, "v": 5.517242337366971, "x": 6.124998863743657, "y": 9.700124413643078}, "datetime": {"datetime": "2024-02-27 10:48:27", "elapsed": 888.512464, "delta": 3.512915}}
{"target": 9.20549978115321, "params": {"u": 4.6356746281608165, "v": 4.504795723187756, "x": 3.8957825043184235, "y": 3.933978559916138}, "datetime": {"datetime": "2024-02-27 10:48:31", "elapsed": 893.11393, "delta": 4.601466}}
{"target": 0.17565832144765245, "params": {"u": 6.667833738788817, "v": 10.0, "x": 1.8017975025378778, "y": 10.0}, "datetime": {"datetime": "2024-02-27 10:48:39", "elapsed": 901.115634, "delta": 8.001704}}
{"target": 0.20011068630131937, "params": {"u": 9.8151009210684, "v": 4.266062457786354, "x": 9.950081679512, "y": 7.553919119838811}, "datetime": {"datetime": "2024-02-27 10:48:49", "elapsed": 910.314876, "delta": 9.199242}}
{"target": 7.045454918448626, "params": {"u": 4.334993700599369, "v": 4.460626357725671, "x": 3.788004969195188, "y": 4.088243795606593}, "datetime": {"datetime": "2024-02-27 10:48:55", "elapsed": 916.904504, "delta": 6.589628}}
{"target": 0.18677572067433937, "params": {"u": 2.7002730270916064, "v": 1.4564892477779101, "x": 9.549360131047727, "y": 2.8986471618328515}, "datetime": {"datetime": "2024-02-27 10:48:58", "elapsed": 919.736995, "delta": 2.832491}}
{"target": 0.2481531951167727, "params": {"u": 5.888136897780777, "v": 6.829341401139331, "x": 0.14075842025828011, "y": 4.19122970647811}, "datetime": {"datetime": "2024-02-27 10:49:03", "elapsed": 925.045615, "delta": 5.30862}}
{"target": 0.14590874762577166, "params": {"u": 10.0, "v": 0.0, "x": 7.307608782010455, "y": 7.6427266161495355}, "datetime": {"datetime": "2024-02-27 10:49:08", "elapsed": 929.703792, "delta": 4.658177}}
{"target": 0.2869366684967387, "params": {"u": 8.89793218084661, "v": 6.581809005485737, "x": 2.6538685672580753, "y": 6.169755714107797}, "datetime": {"datetime": "2024-02-27 10:49:10", "elapsed": 931.903632, "delta": 2.19984}}
{"target": 0.16827396742499057, "params": {"u": 7.667536683182958, "v": 7.605930102620182, "x": 9.663666201925233, "y": 0.0}, "datetime": {"datetime": "2024-02-27 10:49:14", "elapsed": 936.034265, "delta": 4.130633}}
{"target": 0.1916192841033849, "params": {"u": 9.972687456480784, "v": 2.7958542021839117, "x": 1.1909916963404743, "y": 3.685245569452016}, "datetime": {"datetime": "2024-02-27 10:49:22", "elapsed": 943.723505, "delta": 7.68924}}
{"target": 0.2212971653142069, "params": {"u": 2.5275720830013695, "v": 0.6025960324909496, "x": 6.052235958449883, "y": 0.3859744571983992}, "datetime": {"datetime": "2024-02-27 10:49:25", "elapsed": 946.690837, "delta": 2.967332}}
{"target": 0.1554879273196667, "params": {"u": 4.858287269358598, "v": 6.159269452220577, "x": 10.0, "y": 10.0}, "datetime": {"datetime": "2024-02-27 10:49:33", "elapsed": 954.689126, "delta": 7.998289}}
{"target": 0.2637347892245294, "params": {"u": 0.9307593712359274, "v": 0.23923015597681063, "x": 0.08584233100063066, "y": 2.7516248110967947}, "datetime": {"datetime": "2024-02-27 10:49:41", "elapsed": 962.331894, "delta": 7.642768}}
{"target": 0.32271143583768486, "params": {"u": 9.731039379297204, "v": 6.915179459455388, "x": 5.890383598139257, "y": 2.6325459771530877}, "datetime": {"datetime": "2024-02-27 10:49:44", "elapsed": 965.234749, "delta": 2.902855}}
{"target": 0.15540816781371455, "params": {"u": 2.2565337239000405, "v": 9.423428518457744, "x": 8.330885900661073, "y": 2.490438079256614}, "datetime": {"datetime": "2024-02-27 10:49:46", "elapsed": 967.672832, "delta": 2.438083}}
{"target": 0.2333147420763792, "params": {"u": 4.775866361936916, "v": 6.639395048074196, "x": 9.623186699529576, "y": 7.3332312412190195}, "datetime": {"datetime": "2024-02-27 10:49:49", "elapsed": 971.027837, "delta": 3.355005}}
{"target": 0.7218334962553719, "params": {"u": 6.240737860695258, "v": 7.380175822025304, "x": 7.033850263189101, "y": 5.801776200928941}, "datetime": {"datetime": "2024-02-27 10:50:00", "elapsed": 981.657627, "delta": 10.62979}}
{"target": 0.2610934498059676, "params": {"u": 9.635349236237104, "v": 4.3241560998313595, "x": 2.7133286568167794, "y": 5.080094261144779}, "datetime": {"datetime": "2024-02-27 10:50:02", "elapsed": 983.3744, "delta": 1.716773}}
{"target": 0.2329939852427545, "params": {"u": 3.4749642532766356, "v": 1.5210215724083775, "x": 5.679093021772533, "y": 7.345888230443592}, "datetime": {"datetime": "2024-02-27 10:50:04", "elapsed": 985.437291, "delta": 2.062891}}
{"target": 0.31858799105824764, "params": {"u": 5.131278764005815, "v": 3.182358921070112, "x": 9.800744918664549, "y": 2.3447253395468994}, "datetime": {"datetime": "2024-02-27 10:50:06", "elapsed": 987.970449, "delta": 2.533158}}
{"target": 0.13558228253925972, "params": {"u": 0.6882047641141564, "v": 3.370273568314164, "x": 9.863944982742973, "y": 1.8083912482024889}, "datetime": {"datetime": "2024-02-27 10:50:10", "elapsed": 991.698635, "delta": 3.728186}}
{"target": 9.600260070215706, "params": {"u": 4.77690965296646, "v": 4.3718268589718745, "x": 4.058132427989212, "y": 3.9153843961426302}, "datetime": {"datetime": "2024-02-27 10:50:16", "elapsed": 997.878961, "delta": 6.180326}}
{"target": 0.18463643315072292, "params": {"u": 9.278742129123339, "v": 9.174621127902466, "x": 7.522614307053672, "y": 2.7606633038986903}, "datetime": {"datetime": "2024-02-27 10:50:19", "elapsed": 1000.911061, "delta": 3.0321}}
{"target": 0.4613803667178553, "params": {"u": 7.977606031889528, "v": 2.693490586828263, "x": 7.565372759964105, "y": 5.384685601466775}, "datetime": {"datetime": "2024-02-27 10:50:22", "elapsed": 1003.87411, "delta": 2.963049}}
{"target": 0.4015556588331296, "params": {"u": 8.384708951423573, "v": 9.680913468964933, "x": 6.216644083807826, "y": 7.466075252294994}, "datetime": {"datetime": "2024-02-27 10:50:24", "elapsed": 1005.794762, "delta": 1.920652}}
{"target": 6.541177147038008, "params": {"u": 4.139403921607132, "v": 4.343838991257078, "x": 3.757482041475455, "y": 4.080976213742486}, "datetime": {"datetime": "2024-02-27 10:50:28", "elapsed": 1009.913787, "delta": 4.119025}}
{"target": 0.3657612838326977, "params": {"u": 1.9763758470559614, "v": 10.0, "x": 2.615128456421659, "y": 10.0}, "datetime": {"datetime": "2024-02-27 10:50:37", "elapsed": 1018.679975, "delta": 8.766188}}
{"target": 0.11786347897600388, "params": {"u": 4.7557099469568955, "v": 9.79787624610327, "x": 0.0, "y": 0.0}, "datetime": {"datetime": "2024-02-27 10:50:42", "elapsed": 1023.524579, "delta": 4.844604}}
