{"target": 19.59912614159814, "params": {"u": 2.0, "x": 0.6331460008575116, "y": -2.5145757619652773}, "datetime": {"datetime": "2024-02-27 23:11:21", "elapsed": 338.654506, "delta": 2.490696}}
{"target": 9.68119138347451, "params": {"u": 1.9237930422539031, "x": 0.06927575481550541, "y": -1.7167916595895139}, "datetime": {"datetime": "2024-02-27 23:11:23", "elapsed": 340.669872, "delta": 2.015366}}
{"target": 7.371973681790614, "params": {"u": 1.9822878935510178, "x": -0.9049028889789068, "y": -4.966954538930594}, "datetime": {"datetime": "2024-02-27 23:11:25", "elapsed": 342.527008, "delta": 1.857136}}
{"target": 3.7650781340873785, "params": {"u": 1.9830480364088285, "x": 1.5090661960501386, "y": -4.962914015042602}, "datetime": {"datetime": "2024-02-27 23:11:28", "elapsed": 345.62768, "delta": 3.100672}}
{"target": 7.407822747755027, "params": {"u": 1.9726272816444677, "x": -0.9289537177610492, "y": -3.092538136518427}, "datetime": {"datetime": "2024-02-27 23:11:31", "elapsed": 348.279212, "delta": 2.651532}}
{"target": -20.12783963924866, "params": {"u": 0.6394660454107697, "x": 0.5276544232101013, "y": 2.719854719879308}, "datetime": {"datetime": "2024-02-27 23:11:34", "elapsed": 351.003926, "delta": 2.724714}}
{"target": -28.461214999625646, "params": {"u": 0.5264580211669343, "x": 2.4155874955285843, "y": -0.09843263813029335}, "datetime": {"datetime": "2024-02-27 23:11:34", "elapsed": 351.586693, "delta": 0.582767}}
{"target": 6.91602524191422, "params": {"u": 1.9972104695492408, "x": -0.5001220140404401, "y": -4.548879535109083}, "datetime": {"datetime": "2024-02-27 23:11:36", "elapsed": 353.822172, "delta": 2.235479}}
{"target": -3.5298508420906565, "params": {"u": 0.5576730708783517, "x": -0.13761286417434038, "y": 0.2476097579287062}, "datetime": {"datetime": "2024-02-27 23:11:38", "elapsed": 355.320112, "delta": 1.49794}}
{"target": 7.1446063848213335, "params": {"u": 1.1959365428102375, "x": -0.8239325207486021, "y": 3.689089534841404}, "datetime": {"datetime": "2024-02-27 23:11:40", "elapsed": 356.889003, "delta": 1.568891}}
{"target": 6.374615061559638, "params": {"u": 1.925614643073177, "x": -1.0, "y": 4.437378723850767}, "datetime": {"datetime": "2024-02-27 23:11:42", "elapsed": 359.829482, "delta": 2.940479}}
{"target": 19.144767971120444, "params": {"u": 2.0, "x": -0.9247875587828558, "y": -0.8602050015824177}, "datetime": {"datetime": "2024-02-27 23:11:45", "elapsed": 362.588804, "delta": 2.759322}}
{"target": 7.362658585325228, "params": {"u": 1.9942086914482389, "x": 0.9002259566329549, "y": -3.7984113931825614}, "datetime": {"datetime": "2024-02-27 23:11:47", "elapsed": 364.813645, "delta": 2.224841}}
{"target": -17.26685231543741, "params": {"u": 0.5840127356922102, "x": -0.6294494699467688, "y": -1.7913808603273438}, "datetime": {"datetime": "2024-02-27 23:11:49", "elapsed": 366.220427, "delta": 1.406782}}
{"target": 19.27510234769872, "params": {"u": 2.0, "x": 0.8514092155369705, "y": -3.1536800393754327}, "datetime": {"datetime": "2024-02-27 23:11:51", "elapsed": 368.738212, "delta": 2.517785}}
{"target": 7.365898663024545, "params": {"u": 1.901525906607861, "x": -0.998581345136369, "y": -4.373135490930369}, "datetime": {"datetime": "2024-02-27 23:11:55", "elapsed": 372.210065, "delta": 3.471853}}
{"target": 16.843596338864096, "params": {"u": 2.0, "x": 1.468469836644902, "y": -2.4864156712700574}, "datetime": {"datetime": "2024-02-27 23:11:57", "elapsed": 374.546186, "delta": 2.336121}}
{"target": -19.811948587981647, "params": {"u": 0.7480553374687595, "x": 0.4551078620352955, "y": 4.384207109575369}, "datetime": {"datetime": "2024-02-27 23:11:59", "elapsed": 375.930138, "delta": 1.383952}}
{"target": 19.66424523026074, "params": {"u": 2.0, "x": 0.5794435000405637, "y": -2.5810048096189053}, "datetime": {"datetime": "2024-02-27 23:12:01", "elapsed": 378.391591, "delta": 2.461453}}
{"target": 7.9344105047039655, "params": {"u": 1.9676212124473376, "x": 0.28994416539193457, "y": 3.8173717708807082}, "datetime": {"datetime": "2024-02-27 23:12:05", "elapsed": 382.000638, "delta": 3.609047}}
{"target": 7.4172163218776035, "params": {"u": 1.990600962857761, "x": -0.9410897317078573, "y": -2.27071156042687}, "datetime": {"datetime": "2024-02-27 23:12:07", "elapsed": 384.030284, "delta": 2.029646}}
{"target": 9.090587773346876, "params": {"u": 1.2863471290282757, "x": 0.14801009217364935, "y": 1.910893414093052}, "datetime": {"datetime": "2024-02-27 23:12:08", "elapsed": 385.185561, "delta": 1.155277}}
{"target": 9.646087570518532, "params": {"u": 1.8572582928125099, "x": 0.07480329517919149, "y": -4.651682129950551}, "datetime": {"datetime": "2024-02-27 23:12:09", "elapsed": 386.480077, "delta": 1.294516}}
{"target": -12.134027292180095, "params": {"u": 0.8417297532090369, "x": 2.1386417955965187, "y": -1.6218837474312506}, "datetime": {"datetime": "2024-02-27 23:12:10", "elapsed": 387.318735, "delta": 0.838658}}
{"target": 19.562400112350673, "params": {"u": 2.0, "x": 0.6615133314222235, "y": -2.605705526340044}, "datetime": {"datetime": "2024-02-27 23:12:12", "elapsed": 389.300548, "delta": 1.981813}}
{"target": 19.99995220997503, "params": {"u": 2.0, "x": 0.006913032979002512, "y": -1.662891747388386}, "datetime": {"datetime": "2024-02-27 23:12:14", "elapsed": 391.470307, "delta": 2.169759}}
{"target": -1.1761188769832671, "params": {"u": 0.018262293784501837, "x": -0.07776244666862242, "y": 2.2012346318936746}, "datetime": {"datetime": "2024-02-27 23:12:15", "elapsed": 392.591402, "delta": 1.121095}}
{"target": 1.8578307868297212, "params": {"u": 1.440486141938799, "x": 2.271712510209909, "y": 0.7537944343257106}, "datetime": {"datetime": "2024-02-27 23:12:17", "elapsed": 393.984664, "delta": 1.393262}}
{"target": 9.810411766215491, "params": {"u": 1.9977450948698112, "x": -0.04678817150967607, "y": -1.561049323015121}, "datetime": {"datetime": "2024-02-27 23:12:19", "elapsed": 396.476725, "delta": 2.492061}}
{"target": 6.801244121253411, "params": {"u": 1.9049685143168322, "x": 0.6949486448969195, "y": -2.6367600031794627}, "datetime": {"datetime": "2024-02-27 23:12:22", "elapsed": 399.314894, "delta": 2.838169}}
{"target": 6.806709396576384, "params": {"u": 1.7110495218852795, "x": 0.6983927670077277, "y": -0.29463065931433885}, "datetime": {"datetime": "2024-02-27 23:12:24", "elapsed": 400.965255, "delta": 1.650361}}
{"target": 0.9618646560750719, "params": {"u": 1.410301379779064, "x": 2.604998757815503, "y": 2.2300626228434837}, "datetime": {"datetime": "2024-02-27 23:12:25", "elapsed": 402.58278, "delta": 1.617525}}
{"target": 6.372355603883296, "params": {"u": 1.8985506620661152, "x": 1.0013496460194196, "y": 2.2364809237305625}, "datetime": {"datetime": "2024-02-27 23:12:26", "elapsed": 403.602334, "delta": 1.019554}}
{"target": 19.00512670292753, "params": {"u": 2.0, "x": -0.9974333547021922, "y": -0.8064455080809667}, "datetime": {"datetime": "2024-02-27 23:12:28", "elapsed": 405.71591, "delta": 2.113576}}
{"target": 7.021146394195913, "params": {"u": 1.56030984438151, "x": 0.4649341889502683, "y": -2.873014663992474}, "datetime": {"datetime": "2024-02-27 23:12:30", "elapsed": 407.38581, "delta": 1.6699}}
{"target": 19.999959560515535, "params": {"u": 2.0, "x": 0.006359204703803617, "y": -1.7441329243073853}, "datetime": {"datetime": "2024-02-27 23:12:33", "elapsed": 410.060776, "delta": 2.674966}}
{"target": 4.60593188034688, "params": {"u": 1.9324059333076156, "x": 1.9522548983263301, "y": -1.682443046626422}, "datetime": {"datetime": "2024-02-27 23:12:35", "elapsed": 412.501656, "delta": 2.44088}}
{"target": 7.39058368344201, "params": {"u": 1.9962663509423884, "x": 0.9156266240223476, "y": -3.2077122917578595}, "datetime": {"datetime": "2024-02-27 23:12:37", "elapsed": 414.40631, "delta": 1.904654}}
{"target": 5.2002626383312744, "params": {"u": 1.403141288260203, "x": 1.2055475682944912, "y": 0.03632110812342404}, "datetime": {"datetime": "2024-02-27 23:12:39", "elapsed": 415.85872, "delta": 1.45241}}
{"target": 4.324346234470845, "params": {"u": 1.250193841979384, "x": 1.8436393755798575, "y": -0.8185475596539593}, "datetime": {"datetime": "2024-02-27 23:12:41", "elapsed": 418.132053, "delta": 2.273333}}
{"target": 2.9268546070298864, "params": {"u": 1.5723082155382149, "x": 2.115763674116535, "y": -0.5621652238302799}, "datetime": {"datetime": "2024-02-27 23:12:42", "elapsed": 419.248697, "delta": 1.116644}}
{"target": 6.769144516160797, "params": {"u": 1.9297665749468327, "x": 0.5813892203423783, "y": -2.553109263639058}, "datetime": {"datetime": "2024-02-27 23:12:44", "elapsed": 421.459021, "delta": 2.210324}}
{"target": 7.414320603009614, "params": {"u": 1.9952601193632944, "x": -0.9675534338865854, "y": -4.4882339639763895}, "datetime": {"datetime": "2024-02-27 23:12:46", "elapsed": 423.331013, "delta": 1.871992}}
{"target": 3.698003903582528, "params": {"u": 1.7043332382095313, "x": 1.5811396877068082, "y": -1.5368533988171507}, "datetime": {"datetime": "2024-02-27 23:12:48", "elapsed": 425.187532, "delta": 1.856519}}
{"target": 9.064949011400447, "params": {"u": 1.9805181706997244, "x": -0.15106749343623793, "y": -3.0766004688685045}, "datetime": {"datetime": "2024-02-27 23:12:50", "elapsed": 427.664314, "delta": 2.476782}}
{"target": 6.852941609009719, "params": {"u": 1.8278233707770264, "x": 0.5268042083437399, "y": -3.934042425548945}, "datetime": {"datetime": "2024-02-27 23:12:52", "elapsed": 428.881299, "delta": 1.216985}}
{"target": -12.967949840954194, "params": {"u": 0.34331918671957906, "x": 2.9930711005913837, "y": -1.3239878359478463}, "datetime": {"datetime": "2024-02-27 23:12:53", "elapsed": 429.898676, "delta": 1.017377}}
{"target": -18.604842871979606, "params": {"u": 0.11200547746116385, "x": -0.4098106403532107, "y": 1.84753160890906}, "datetime": {"datetime": "2024-02-27 23:12:55", "elapsed": 432.123315, "delta": 2.224639}}
{"target": 19.999977623768455, "params": {"u": 2.0, "x": -0.004730352158701535, "y": 4.258928156046931}, "datetime": {"datetime": "2024-02-27 23:12:57", "elapsed": 434.810798, "delta": 2.687483}}
{"target": 7.4191990554304965, "params": {"u": 1.9260657674753008, "x": -0.9460686256710256, "y": -1.4998284815894545}, "datetime": {"datetime": "2024-02-27 23:13:02", "elapsed": 439.18188, "delta": 4.371082}}
{"target": 6.86821373715259, "params": {"u": 1.9431845511126264, "x": 0.7298549205173264, "y": -0.3487454561407599}, "datetime": {"datetime": "2024-02-27 23:13:04", "elapsed": 441.112232, "delta": 1.930352}}
{"target": -9.656007294334124, "params": {"u": 0.4213764119986825, "x": 2.0826561663684764, "y": 0.8086916301647395}, "datetime": {"datetime": "2024-02-27 23:13:05", "elapsed": 442.010815, "delta": 0.898583}}
{"target": -29.225617148872082, "params": {"u": 0.8662755543920719, "x": 2.4390862029032894, "y": -2.0296811300783366}, "datetime": {"datetime": "2024-02-27 23:13:06", "elapsed": 443.455622, "delta": 1.444807}}
{"target": 7.384814689317341, "params": {"u": 1.9461143045418232, "x": 0.9120463123991427, "y": -4.146981618479558}, "datetime": {"datetime": "2024-02-27 23:13:08", "elapsed": 444.894127, "delta": 1.438505}}
{"target": 7.369557918527544, "params": {"u": 1.8998534508258476, "x": -0.9970162836429286, "y": -0.8187057733447709}, "datetime": {"datetime": "2024-02-27 23:13:10", "elapsed": 447.741676, "delta": 2.847549}}
{"target": 7.052868752889879, "params": {"u": 1.9846560331947414, "x": 0.4557057489753209, "y": 1.2284293016241818}, "datetime": {"datetime": "2024-02-27 23:13:13", "elapsed": 450.567867, "delta": 2.826191}}
{"target": -3.339802193121894, "params": {"u": 0.3529008263903197, "x": 1.0780198665142215, "y": 2.8070814486093347}, "datetime": {"datetime": "2024-02-27 23:13:15", "elapsed": 452.764745, "delta": 2.196878}}
{"target": 9.816814206136257, "params": {"u": 1.9067942198533012, "x": -0.0455574934424714, "y": 4.204802531995037}, "datetime": {"datetime": "2024-02-27 23:13:19", "elapsed": 455.965592, "delta": 3.200847}}
{"target": 9.647258112133155, "params": {"u": 1.9801178125671357, "x": -0.07462205504854014, "y": 4.30643188349017}, "datetime": {"datetime": "2024-02-27 23:13:21", "elapsed": 458.536315, "delta": 2.570723}}
{"target": -18.615769213221316, "params": {"u": 0.5926980657757199, "x": -0.4101273711109208, "y": 4.838775560016462}, "datetime": {"datetime": "2024-02-27 23:13:23", "elapsed": 460.119013, "delta": 1.582698}}
{"target": 7.621696853041044, "params": {"u": 1.0680028318655805, "x": -0.33709231668947126, "y": -4.893161975241812}, "datetime": {"datetime": "2024-02-27 23:13:27", "elapsed": 464.707296, "delta": 4.588283}}
{"target": -5.930966799547102, "params": {"u": 0.012684321356838835, "x": 0.8288860518584773, "y": 1.4271011882971099}, "datetime": {"datetime": "2024-02-27 23:13:30", "elapsed": 466.854352, "delta": 2.147056}}
{"target": -20.187031835800497, "params": {"u": 0.7815281157556948, "x": -0.48445450556673775, "y": 2.6462589877386398}, "datetime": {"datetime": "2024-02-27 23:13:31", "elapsed": 467.909324, "delta": 1.054972}}
{"target": 7.349551443290924, "params": {"u": 1.2364415684548347, "x": -0.8941470937365557, "y": 2.1202437824809213}, "datetime": {"datetime": "2024-02-27 23:13:32", "elapsed": 469.219434, "delta": 1.31011}}
{"target": -24.73303064476842, "params": {"u": 0.5367606392778674, "x": 2.338258785480376, "y": -2.083685009376588}, "datetime": {"datetime": "2024-02-27 23:13:33", "elapsed": 470.645534, "delta": 1.4261}}
{"target": 9.756660001900787, "params": {"u": 1.8996856055626439, "x": -0.05662853820633673, "y": -1.7102749756667057}, "datetime": {"datetime": "2024-02-27 23:13:37", "elapsed": 474.3037, "delta": 3.658166}}
{"target": 6.374615061559638, "params": {"u": 1.9070919655313483, "x": -1.0, "y": -5.0}, "datetime": {"datetime": "2024-02-27 23:13:39", "elapsed": 476.638276, "delta": 2.334576}}
{"target": 6.767869684562196, "params": {"u": 1.996957787384227, "x": 0.6683546168647996, "y": -0.2451531820954509}, "datetime": {"datetime": "2024-02-27 23:13:41", "elapsed": 478.647579, "delta": 2.009303}}
{"target": -7.401893546392316, "params": {"u": 0.7377933218447759, "x": 0.20746013944416974, "y": 2.404186982215352}, "datetime": {"datetime": "2024-02-27 23:13:43", "elapsed": 480.192039, "delta": 1.54446}}
{"target": -30.252656492404622, "params": {"u": 0.4818105629752638, "x": 2.50054287431098, "y": -2.289698013042508}, "datetime": {"datetime": "2024-02-27 23:13:44", "elapsed": 481.328005, "delta": 1.135966}}
{"target": 7.366000115630641, "params": {"u": 1.9748071465290873, "x": -0.9018642248661246, "y": -0.7936287325681404}, "datetime": {"datetime": "2024-02-27 23:13:47", "elapsed": 483.843201, "delta": 2.515196}}
{"target": 6.808958334394735, "params": {"u": 1.9993258416825366, "x": 0.6997648170816935, "y": 1.5473250595413601}, "datetime": {"datetime": "2024-02-27 23:13:48", "elapsed": 485.719032, "delta": 1.875831}}
{"target": 6.344190152579934, "params": {"u": 1.8875551717592125, "x": 1.0149038954187337, "y": 3.7447288965366585}, "datetime": {"datetime": "2024-02-27 23:13:52", "elapsed": 488.846199, "delta": 3.127167}}
{"target": -6.059698926733972, "params": {"u": 0.04827474183570035, "x": 0.8264949280708072, "y": 4.1066231080420845}, "datetime": {"datetime": "2024-02-27 23:13:53", "elapsed": 490.363999, "delta": 1.5178}}
{"target": 9.790117653350599, "params": {"u": 1.7921107814688482, "x": -0.050601378253764207, "y": -2.862102021407683}, "datetime": {"datetime": "2024-02-27 23:13:55", "elapsed": 492.394794, "delta": 2.030795}}
{"target": 5.200035278824391, "params": {"u": 1.9951816052151217, "x": 1.20557804928962, "y": -1.970679536475294}, "datetime": {"datetime": "2024-02-27 23:13:57", "elapsed": 494.051288, "delta": 1.656494}}
{"target": 5.395927042441134, "params": {"u": 1.943541736386425, "x": 1.1795022300501494, "y": 1.6373529308498922}, "datetime": {"datetime": "2024-02-27 23:14:01", "elapsed": 498.462492, "delta": 4.411204}}
{"target": -12.014705092122975, "params": {"u": 0.44475261448834735, "x": 1.784828373324029, "y": -2.2060035423125726}, "datetime": {"datetime": "2024-02-27 23:14:03", "elapsed": 500.302932, "delta": 1.84044}}
{"target": 19.986129462723955, "params": {"u": 2.0, "x": 0.11777324516224612, "y": -4.447210100114037}, "datetime": {"datetime": "2024-02-27 23:14:06", "elapsed": 503.018731, "delta": 2.715799}}
{"target": 6.781387907120902, "params": {"u": 1.9288832030997092, "x": 0.5701097549230041, "y": -2.061675962307575}, "datetime": {"datetime": "2024-02-27 23:14:07", "elapsed": 504.821063, "delta": 1.802332}}
{"target": -14.313741363045365, "params": {"u": 0.5504412750561221, "x": 2.900195776863903, "y": -4.413878419014115}, "datetime": {"datetime": "2024-02-27 23:14:09", "elapsed": 506.512477, "delta": 1.691414}}
{"target": 15.47316813410328, "params": {"u": 2.0, "x": 1.877986119729515, "y": -1.8448997201434765}, "datetime": {"datetime": "2024-02-27 23:14:12", "elapsed": 508.849097, "delta": 2.33662}}
{"target": 5.087260412661806, "params": {"u": 1.156900675511427, "x": 1.220820127582308, "y": 2.7721147687013312}, "datetime": {"datetime": "2024-02-27 23:14:13", "elapsed": 510.48616, "delta": 1.637063}}
{"target": 19.986090652251782, "params": {"u": 2.0, "x": 0.11793789784551431, "y": -4.54210527923106}, "datetime": {"datetime": "2024-02-27 23:14:15", "elapsed": 512.481708, "delta": 1.995548}}
{"target": 2.638710309181409, "params": {"u": 1.2486086400054357, "x": 2.1582793759230348, "y": -1.0665725039514418}, "datetime": {"datetime": "2024-02-27 23:14:17", "elapsed": 514.333353, "delta": 1.851645}}
{"target": 19.88677160767649, "params": {"u": 2.0, "x": 0.3364942678910133, "y": 3.347273806562614}, "datetime": {"datetime": "2024-02-27 23:14:19", "elapsed": 516.237185, "delta": 1.903832}}
{"target": 8.39503722351905, "params": {"u": 1.98222563114127, "x": 0.23023832351505158, "y": -4.506827859662019}, "datetime": {"datetime": "2024-02-27 23:14:22", "elapsed": 519.618147, "delta": 3.380962}}
{"target": 3.8174873491423966, "params": {"u": 1.2592637206484345, "x": 1.4816886995382617, "y": 2.669173019311212}, "datetime": {"datetime": "2024-02-27 23:14:24", "elapsed": 521.679679, "delta": 2.061532}}
{"target": 7.417620849625294, "params": {"u": 1.078498440079769, "x": 0.9419118536023796, "y": -3.4276735994151886}, "datetime": {"datetime": "2024-02-27 23:14:26", "elapsed": 523.466797, "delta": 1.787118}}
{"target": 4.143498904155226, "params": {"u": 1.936508044916164, "x": 1.3799884364990085, "y": 1.4426128058792873}, "datetime": {"datetime": "2024-02-27 23:14:28", "elapsed": 525.755678, "delta": 2.288881}}
{"target": 4.613748059561175, "params": {"u": 1.7980262959198858, "x": 1.2902289390961923, "y": -0.14503438680433245}, "datetime": {"datetime": "2024-02-27 23:14:30", "elapsed": 527.546575, "delta": 1.790897}}
{"target": 9.256726811428429, "params": {"u": 1.9848109862297334, "x": 0.12780678001234103, "y": -4.356926815474372}, "datetime": {"datetime": "2024-02-27 23:14:36", "elapsed": 532.914927, "delta": 5.368352}}
{"target": 19.869493547960335, "params": {"u": 2.0, "x": 0.3612567674655606, "y": 3.2640997893211616}, "datetime": {"datetime": "2024-02-27 23:14:38", "elapsed": 535.167031, "delta": 2.252104}}
{"target": -3.866213631197084, "params": {"u": 0.8431018641708792, "x": 1.0933346391716983, "y": -3.14554220758147}, "datetime": {"datetime": "2024-02-27 23:14:40", "elapsed": 537.059091, "delta": 1.89206}}
{"target": 19.996935044065648, "params": {"u": 2.0, "x": 0.055362044167044315, "y": -4.616095979087538}, "datetime": {"datetime": "2024-02-27 23:14:42", "elapsed": 539.051352, "delta": 1.992261}}
{"target": 3.3808421521335035, "params": {"u": 1.9813086208806743, "x": 2.0147200736515614, "y": -1.823793403063676}, "datetime": {"datetime": "2024-02-27 23:14:46", "elapsed": 543.396593, "delta": 4.345241}}
{"target": 6.8654203190093845, "params": {"u": 1.9755205660932864, "x": 0.5210099616780264, "y": -3.4232626766312144}, "datetime": {"datetime": "2024-02-27 23:14:50", "elapsed": 547.476875, "delta": 4.080282}}
{"target": 4.2527082175217785, "params": {"u": 1.3438174296471903, "x": 1.8252730596014262, "y": 4.277786771377375}, "datetime": {"datetime": "2024-02-27 23:14:52", "elapsed": 549.106193, "delta": 1.629318}}
{"target": 9.369010892658107, "params": {"u": 1.9924908244760398, "x": 0.11359050890321676, "y": 4.231339812310608}, "datetime": {"datetime": "2024-02-27 23:14:55", "elapsed": 552.812229, "delta": 3.706036}}
{"target": -16.152596041603985, "params": {"u": 0.0383387111911917, "x": -0.6529628395789469, "y": -2.8578213413349784}, "datetime": {"datetime": "2024-02-27 23:14:58", "elapsed": 554.877901, "delta": 2.065672}}
{"target": -17.315433950099777, "params": {"u": 0.6674800145611404, "x": 2.223934221495825, "y": 3.4732148344948026}, "datetime": {"datetime": "2024-02-27 23:15:00", "elapsed": 556.848118, "delta": 1.970217}}
{"target": -10.704214932017027, "params": {"u": 0.20316320537097332, "x": -0.7476893785863665, "y": -2.187198596735488}, "datetime": {"datetime": "2024-02-27 23:15:01", "elapsed": 558.340041, "delta": 1.491923}}
{"target": 6.907082390816889, "params": {"u": 1.998538348219977, "x": 0.7459011065550061, "y": -2.5905527083380777}, "datetime": {"datetime": "2024-02-27 23:15:04", "elapsed": 561.025065, "delta": 2.685024}}
{"target": -19.501591173916786, "params": {"u": 0.5831448931476055, "x": -0.5647973720198838, "y": -0.702879854429038}, "datetime": {"datetime": "2024-02-27 23:15:07", "elapsed": 564.210597, "delta": 3.185532}}
{"target": 7.4184536483980565, "params": {"u": 1.9987239667183625, "x": -0.9603719234179393, "y": -4.325471367747102}, "datetime": {"datetime": "2024-02-27 23:15:11", "elapsed": 567.831115, "delta": 3.620518}}
{"target": 5.836208252411787, "params": {"u": 1.07656241497977, "x": 1.1189845678401262, "y": -1.651407884059867}, "datetime": {"datetime": "2024-02-27 23:15:14", "elapsed": 571.41933, "delta": 3.588215}}
