{"target": 8.30702219789084, "params": {"u": 4.750902763396294, "v": 4.590176712666633, "x": 4.095345578391532, "y": 4.139935258487123}, "datetime": {"datetime": "2024-02-27 10:46:08", "elapsed": 749.222111, "delta": 4.762264}}
{"target": 0.26427154052551866, "params": {"u": 5.390437951891181, "v": 7.063499005063491, "x": 7.138695693340354, "y": 9.757088853377867}, "datetime": {"datetime": "2024-02-27 10:46:10", "elapsed": 751.563006, "delta": 2.340895}}
{"target": 0.20725337552926917, "params": {"u": 9.780454319122068, "v": 1.9423619215636212, "x": 9.925129287060688, "y": 5.142546402346346}, "datetime": {"datetime": "2024-02-27 10:46:11", "elapsed": 752.82793, "delta": 1.264924}}
{"target": 1.1877626178242695, "params": {"u": 5.6824352658214305, "v": 4.223112236804805, "x": 5.48887658903335, "y": 2.486685505850369}, "datetime": {"datetime": "2024-02-27 10:46:18", "elapsed": 759.214258, "delta": 6.386328}}
{"target": 10.253040668592575, "params": {"u": 4.699858610368701, "v": 4.359130547008826, "x": 4.054775831098781, "y": 3.998282340565381}, "datetime": {"datetime": "2024-02-27 10:46:27", "elapsed": 768.938194, "delta": 9.723936}}
{"target": 5.821694088717285, "params": {"u": 4.376453529511021, "v": 4.105662707379878, "x": 4.279540698236028, "y": 4.10963947713535}, "datetime": {"datetime": "2024-02-27 10:46:30", "elapsed": 772.0235, "delta": 3.085306}}
{"target": 1.449477330913267, "params": {"u": 4.69257424046978, "v": 3.7287643351823005, "x": 4.447351461711272, "y": 4.0439809001511335}, "datetime": {"datetime": "2024-02-27 10:46:34", "elapsed": 775.586644, "delta": 3.563144}}
{"target": 3.643988041545986, "params": {"u": 4.265594479415114, "v": 4.65555471429867, "x": 3.553604261110337, "y": 4.12322180861381}, "datetime": {"datetime": "2024-02-27 10:46:39", "elapsed": 781.041678, "delta": 5.455034}}
{"target": 0.23060978921988562, "params": {"u": 2.5251419106690163, "v": 4.766772246159526, "x": 0.4025038766461475, "y": 0.2332051093401022}, "datetime": {"datetime": "2024-02-27 10:46:41", "elapsed": 783.113524, "delta": 2.071846}}
{"target": 5.173749387035112, "params": {"u": 4.3873033623556354, "v": 4.114577982911994, "x": 3.884234265026678, "y": 3.6796225424237217}, "datetime": {"datetime": "2024-02-27 10:46:47", "elapsed": 789.133209, "delta": 6.019685}}
{"target": 0.8233702448613924, "params": {"u": 3.8412693145334655, "v": 5.7248130217910544, "x": 4.318470328902164, "y": 4.283580361972064}, "datetime": {"datetime": "2024-02-27 10:46:54", "elapsed": 795.89651, "delta": 6.763301}}
{"target": 10.533429794798757, "params": {"u": 4.828742140977606, "v": 4.640021663424905, "x": 4.00207188526956, "y": 3.9942568596948833}, "datetime": {"datetime": "2024-02-27 10:46:58", "elapsed": 799.98027, "delta": 4.08376}}
{"target": 0.189610900700763, "params": {"u": 2.291871224404537, "v": 9.636016037602214, "x": 0.830574256171821, "y": 3.673514202946487}, "datetime": {"datetime": "2024-02-27 10:47:02", "elapsed": 803.909955, "delta": 3.929685}}
{"target": 0.23620912362506624, "params": {"u": 0.8185494911064783, "v": 5.042597479293168, "x": 2.1670959767393825, "y": 7.355758500731854}, "datetime": {"datetime": "2024-02-27 10:47:05", "elapsed": 806.699891, "delta": 2.789936}}
{"target": 0.1694053292207927, "params": {"u": 6.990543516714239, "v": 1.3256886922536382, "x": 2.4533443241685973, "y": 8.843640526794378}, "datetime": {"datetime": "2024-02-27 10:47:08", "elapsed": 809.270204, "delta": 2.570313}}
{"target": 0.17671712048641022, "params": {"u": 8.38494634081864, "v": 7.4007521596975545, "x": 9.638962540401142, "y": 0.6786099611461083}, "datetime": {"datetime": "2024-02-27 10:47:11", "elapsed": 812.293398, "delta": 3.023194}}
{"target": 0.225706215030833, "params": {"u": 6.734355013585276, "v": 9.581448529893374, "x": 1.6395780106472957, "y": 8.777144030803145}, "datetime": {"datetime": "2024-02-27 10:47:13", "elapsed": 814.521635, "delta": 2.228237}}
{"target": 5.285935847873226, "params": {"u": 4.57126147818784, "v": 4.38543996363328, "x": 4.309645505735649, "y": 3.867882380734721}, "datetime": {"datetime": "2024-02-27 10:47:17", "elapsed": 818.550532, "delta": 4.028897}}
{"target": 0.2111479125973183, "params": {"u": 4.019548580584454, "v": 0.9939946409808664, "x": 1.8020268370005021, "y": 5.992015195654991}, "datetime": {"datetime": "2024-02-27 10:47:19", "elapsed": 820.384657, "delta": 1.834125}}
{"target": 8.101568883330724, "params": {"u": 4.577181481228674, "v": 4.901877900341906, "x": 3.831965549459647, "y": 4.058551837473865}, "datetime": {"datetime": "2024-02-27 10:47:25", "elapsed": 826.381234, "delta": 5.996577}}
{"target": 4.949699272542337, "params": {"u": 4.49553056534513, "v": 4.6129610378680885, "x": 4.063703426218609, "y": 3.646682910109189}, "datetime": {"datetime": "2024-02-27 10:47:33", "elapsed": 834.589091, "delta": 8.207857}}
{"target": 1.4924758357200227, "params": {"u": 5.07331393626692, "v": 4.342411786920636, "x": 3.8255314176226474, "y": 3.878444763531591}, "datetime": {"datetime": "2024-02-27 10:47:38", "elapsed": 839.891722, "delta": 5.302631}}
{"target": 8.887642413885448, "params": {"u": 4.733591489413037, "v": 4.77897679532027, "x": 4.10934438134305, "y": 4.088759782579871}, "datetime": {"datetime": "2024-02-27 10:47:43", "elapsed": 844.429932, "delta": 4.53821}}
{"target": 0.8377494542348396, "params": {"u": 4.101696239873096, "v": 5.3297920133211, "x": 5.217205236034098, "y": 3.3228521998641436}, "datetime": {"datetime": "2024-02-27 10:47:46", "elapsed": 847.310038, "delta": 2.880106}}
{"target": 0.14912714356167006, "params": {"u": 9.364138411986461, "v": 2.7902672616393973, "x": 0.029425484965812654, "y": 5.27546865705784}, "datetime": {"datetime": "2024-02-27 10:47:50", "elapsed": 851.714723, "delta": 4.404685}}
{"target": 5.594062545162244, "params": {"u": 4.269466096885627, "v": 4.330503856034513, "x": 4.302743798794035, "y": 3.909074223628796}, "datetime": {"datetime": "2024-02-27 10:47:54", "elapsed": 855.589037, "delta": 3.874314}}
{"target": 0.32229291456193104, "params": {"u": 8.727314305531767, "v": 0.36335522502487616, "x": 5.190991503021313, "y": 0.2367907426304039}, "datetime": {"datetime": "2024-02-27 10:47:56", "elapsed": 857.555428, "delta": 1.966391}}
{"target": 0.36352747551367803, "params": {"u": 3.7962068028684346, "v": 4.488463024394393, "x": 1.5454047037537944, "y": 2.400448329013123}, "datetime": {"datetime": "2024-02-27 10:47:58", "elapsed": 859.45521, "delta": 1.899782}}
{"target": 1.3113683434156227, "params": {"u": 4.695326260279381, "v": 5.042565906009476, "x": 4.190450534979725, "y": 4.205350386873995}, "datetime": {"datetime": "2024-02-27 10:48:02", "elapsed": 863.224997, "delta": 3.769787}}
{"target": 6.474271281236297, "params": {"u": 4.742323420666805, "v": 4.881974189363313, "x": 4.261391581308959, "y": 4.032475371841766}, "datetime": {"datetime": "2024-02-27 10:48:07", "elapsed": 869.033737, "delta": 5.80874}}
{"target": 2.804193737016268, "params": {"u": 6.6328702227060745, "v": 6.454268108623218, "x": 6.067087201566003, "y": 5.916637672410461}, "datetime": {"datetime": "2024-02-27 10:48:11", "elapsed": 872.982027, "delta": 3.94829}}
{"target": 1.2370011539676247, "params": {"u": 3.9767105800961344, "v": 4.579707649691201, "x": 4.307458797478446, "y": 4.132910903046012}, "datetime": {"datetime": "2024-02-27 10:48:24", "elapsed": 885.516592, "delta": 12.534565}}
{"target": 0.16737491874484603, "params": {"u": 3.585906006269922, "v": 9.94277014249089, "x": 3.287409984868752, "y": 0.8325011579913832}, "datetime": {"datetime": "2024-02-27 10:48:25", "elapsed": 887.045512, "delta": 1.52892}}
{"target": 0.2519501349095473, "params": {"u": 5.582358964480676, "v": 6.43925904214234, "x": 0.6449228161530851, "y": 2.7556199595544193}, "datetime": {"datetime": "2024-02-27 10:48:28", "elapsed": 890.16951, "delta": 3.123998}}
{"target": 5.961101047961192, "params": {"u": 4.392849807236364, "v": 4.37845385433718, "x": 3.7939950280759884, "y": 4.200840773506629}, "datetime": {"datetime": "2024-02-27 10:48:33", "elapsed": 895.090228, "delta": 4.920718}}
{"target": 0.49050797479193997, "params": {"u": 6.238445881550963, "v": 6.661971395409271, "x": 7.469174786723864, "y": 3.2059180121531536}, "datetime": {"datetime": "2024-02-27 10:48:36", "elapsed": 897.578532, "delta": 2.488304}}
{"target": 0.13446552807484216, "params": {"u": 3.349673819031903, "v": 9.113091359421592, "x": 8.381329874231174, "y": 0.22052946163325204}, "datetime": {"datetime": "2024-02-27 10:48:38", "elapsed": 900.03623, "delta": 2.457698}}
{"target": 6.530419807648141, "params": {"u": 4.602122401100756, "v": 4.133819438038254, "x": 4.2594629294352435, "y": 4.022190029529451}, "datetime": {"datetime": "2024-02-27 10:48:41", "elapsed": 902.463501, "delta": 2.427271}}
{"target": 0.13899750974583205, "params": {"u": 0.395904980099544, "v": 4.411573763467416, "x": 9.653694738380254, "y": 1.728063827448446}, "datetime": {"datetime": "2024-02-27 10:48:42", "elapsed": 903.645685, "delta": 1.182184}}
{"target": 6.530706436792854, "params": {"u": 4.192475596201778, "v": 4.775298259303318, "x": 4.22206149530089, "y": 3.862549849082495}, "datetime": {"datetime": "2024-02-27 10:48:46", "elapsed": 907.233425, "delta": 3.58774}}
{"target": 0.3184089703877568, "params": {"u": 8.931368869930052, "v": 4.338457447625331, "x": 2.8130684600600175, "y": 2.0051046792057803}, "datetime": {"datetime": "2024-02-27 10:48:49", "elapsed": 910.973442, "delta": 3.740017}}
{"target": 0.2021194093676325, "params": {"u": 0.2979719141218984, "v": 8.246687206863681, "x": 0.2151138207644332, "y": 9.997296559822757}, "datetime": {"datetime": "2024-02-27 10:48:58", "elapsed": 919.982929, "delta": 9.009487}}
{"target": 9.376732793129278, "params": {"u": 4.781908478856534, "v": 4.592536098440947, "x": 3.8871293592158738, "y": 4.012170544350949}, "datetime": {"datetime": "2024-02-27 10:49:03", "elapsed": 924.35581, "delta": 4.372881}}
{"target": 1.2252368189986127, "params": {"u": 4.3817063832144365, "v": 5.160382021565263, "x": 3.6237713605183175, "y": 4.046465002871944}, "datetime": {"datetime": "2024-02-27 10:49:08", "elapsed": 929.876529, "delta": 5.520719}}
{"target": 0.20723326089781, "params": {"u": 0.6077292243107058, "v": 9.473818126512509, "x": 3.752987204161653, "y": 5.081613086417347}, "datetime": {"datetime": "2024-02-27 10:49:13", "elapsed": 934.707231, "delta": 4.830702}}
{"target": 0.15764282795229315, "params": {"u": 9.95779613622998, "v": 6.758422821234005, "x": 0.44725075412930027, "y": 2.453134602327318}, "datetime": {"datetime": "2024-02-27 10:49:24", "elapsed": 945.861546, "delta": 11.154315}}
{"target": 0.6425405883863744, "params": {"u": 5.866693452737443, "v": 2.953627497618112, "x": 7.538232272491095, "y": 1.5851474032816881}, "datetime": {"datetime": "2024-02-27 10:49:26", "elapsed": 947.732921, "delta": 1.871375}}
{"target": 1.5553735770669075, "params": {"u": 6.024157504329787, "v": 3.298114043341047, "x": 5.278328619715216, "y": 2.822689451570347}, "datetime": {"datetime": "2024-02-27 10:49:28", "elapsed": 949.349238, "delta": 1.616317}}
{"target": 0.8366699747288024, "params": {"u": 7.42875253607608, "v": 3.385332599725084, "x": 5.1462376044740825, "y": 1.822881196924937}, "datetime": {"datetime": "2024-02-27 10:49:32", "elapsed": 953.851776, "delta": 4.502538}}
{"target": 1.354524691450889, "params": {"u": 6.664001298291023, "v": 3.1240566636997, "x": 6.1115356121186695, "y": 1.919073147722835}, "datetime": {"datetime": "2024-02-27 10:49:37", "elapsed": 959.191623, "delta": 5.339847}}
{"target": 0.5342038708461302, "params": {"u": 6.12283598512681, "v": 4.915045799005858, "x": 2.7397452636635355, "y": 4.547687329902047}, "datetime": {"datetime": "2024-02-27 10:49:44", "elapsed": 965.961924, "delta": 6.770301}}
{"target": 0.26880090634783, "params": {"u": 6.8871606236946725, "v": 2.7487707497956517, "x": 0.9263840413554736, "y": 4.2336801408627}, "datetime": {"datetime": "2024-02-27 10:49:49", "elapsed": 971.139194, "delta": 5.17727}}
{"target": 0.2308871505584176, "params": {"u": 7.495109649699215, "v": 6.450630764066139, "x": 9.278475155145125, "y": 0.6898589696218127}, "datetime": {"datetime": "2024-02-27 10:49:53", "elapsed": 974.618056, "delta": 3.478862}}
{"target": 0.15087883745903727, "params": {"u": 9.831756041924972, "v": 9.989258724766609, "x": 2.8728807394548515, "y": 9.538117679550686}, "datetime": {"datetime": "2024-02-27 10:50:04", "elapsed": 985.370921, "delta": 10.752865}}
{"target": 0.2250873119069923, "params": {"u": 8.04612220081265, "v": 4.494841708958816, "x": 9.01431588702572, "y": 8.548171382262192}, "datetime": {"datetime": "2024-02-27 10:50:07", "elapsed": 988.271351, "delta": 2.90043}}
{"target": 6.537634770070229, "params": {"u": 4.291600507602627, "v": 4.951200495600211, "x": 4.1297870524752565, "y": 4.222786011833181}, "datetime": {"datetime": "2024-02-27 10:50:12", "elapsed": 994.088898, "delta": 5.817547}}
{"target": 0.14191042163628756, "params": {"u": 0.11318082407785313, "v": 7.572336590596134, "x": 7.396040583208673, "y": 9.781085512665143}, "datetime": {"datetime": "2024-02-27 10:50:15", "elapsed": 996.475318, "delta": 2.38642}}
{"target": 7.097133171781983, "params": {"u": 4.769298047318732, "v": 4.027587635340286, "x": 3.988909154953766, "y": 4.227484416468075}, "datetime": {"datetime": "2024-02-27 10:50:20", "elapsed": 1001.969541, "delta": 5.494223}}
{"target": 9.412713442207883, "params": {"u": 4.734446312298624, "v": 4.377895138916134, "x": 3.888664902533355, "y": 4.006679678189013}, "datetime": {"datetime": "2024-02-27 10:50:26", "elapsed": 1008.156453, "delta": 6.186912}}
{"target": 0.26477544806712733, "params": {"u": 0.047889011539895554, "v": 6.473546459633416, "x": 3.935920028256803, "y": 7.540899864014331}, "datetime": {"datetime": "2024-02-27 10:50:29", "elapsed": 1010.234729, "delta": 2.078276}}
{"target": 1.3992455732327613, "params": {"u": 4.498143895799615, "v": 3.821051766493172, "x": 3.74701498157945, "y": 3.9956232080033063}, "datetime": {"datetime": "2024-02-27 10:50:34", "elapsed": 1016.127044, "delta": 5.892315}}
{"target": 9.556765720459584, "params": {"u": 4.625074245711806, "v": 4.084656399663045, "x": 3.9195913264158433, "y": 3.934289918424488}, "datetime": {"datetime": "2024-02-27 10:50:39", "elapsed": 1020.521515, "delta": 4.394471}}
{"target": 0.10127492058822471, "params": {"u": 0.877085182070273, "v": 0.5377787235316112, "x": 0.4301865880643474, "y": 9.020018912118967}, "datetime": {"datetime": "2024-02-27 10:50:41", "elapsed": 1022.939208, "delta": 2.417693}}
{"target": 1.2469044207997768, "params": {"u": 4.84030508979799, "v": 3.7999146432946462, "x": 4.01503844611038, "y": 4.500811487016994}, "datetime": {"datetime": "2024-02-27 10:50:48", "elapsed": 1030.038123, "delta": 7.098915}}
{"target": 7.9353271343499445, "params": {"u": 4.656061174232688, "v": 4.038322524397745, "x": 4.00281683237252, "y": 4.18659701503219}, "datetime": {"datetime": "2024-02-27 10:50:59", "elapsed": 1040.681527, "delta": 10.643404}}
{"target": 0.20242746372523332, "params": {"u": 1.146309858090202, "v": 3.6941041379455553, "x": 8.380201566985768, "y": 5.390351162847261}, "datetime": {"datetime": "2024-02-27 10:51:03", "elapsed": 1044.475325, "delta": 3.793798}}
{"target": 9.109902971971788, "params": {"u": 4.339616652443211, "v": 4.1120290791261525, "x": 3.8742669077973932, "y": 3.9754707845206347}, "datetime": {"datetime": "2024-02-27 10:51:07", "elapsed": 1048.759493, "delta": 4.284168}}
{"target": 0.27154863130986995, "params": {"u": 5.075075412531234, "v": 6.336785874244804, "x": 7.443398975054196, "y": 9.462901525513702}, "datetime": {"datetime": "2024-02-27 10:51:11", "elapsed": 1052.515167, "delta": 3.755674}}
{"target": 0.3640180935738307, "params": {"u": 5.997151529993102, "v": 7.98406999289198, "x": 3.936611697270113, "y": 8.950700806722732}, "datetime": {"datetime": "2024-02-27 10:51:13", "elapsed": 1054.422881, "delta": 1.907714}}
{"target": 0.21139481168586646, "params": {"u": 0.0, "v": 0.0, "x": 3.385473483045604, "y": 3.548405613644734}, "datetime": {"datetime": "2024-02-27 10:51:19", "elapsed": 1060.369723, "delta": 5.946842}}
{"target": 0.18056908118998852, "params": {"u": 7.001212602720254, "v": 8.660913454286101, "x": 1.0433650671278005, "y": 9.19255724649533}, "datetime": {"datetime": "2024-02-27 10:51:21", "elapsed": 1062.867601, "delta": 2.497878}}
{"target": 6.888878287280185, "params": {"u": 4.194717661467991, "v": 4.569929627092645, "x": 3.7653724029518667, "y": 4.0379058364854075}, "datetime": {"datetime": "2024-02-27 10:51:35", "elapsed": 1076.764993, "delta": 13.897392}}
{"target": 0.22015158373886112, "params": {"u": 3.698427333969565, "v": 2.980315252575556, "x": 3.4369782370610737, "y": 8.445917786810941}, "datetime": {"datetime": "2024-02-27 10:51:38", "elapsed": 1079.770077, "delta": 3.005084}}
{"target": 0.5366997625956972, "params": {"u": 3.544525758884629, "v": 3.2561681702924528, "x": 2.538719421036139, "y": 4.306864271771228}, "datetime": {"datetime": "2024-02-27 10:51:47", "elapsed": 1088.641088, "delta": 8.871011}}
{"target": 0.1255095697924732, "params": {"u": 0.0, "v": 10.0, "x": 6.724955221063717, "y": 2.693284582924537}, "datetime": {"datetime": "2024-02-27 10:51:52", "elapsed": 1094.04609, "delta": 5.405002}}
{"target": 0.2659817159770267, "params": {"u": 3.6124661475725017, "v": 0.5251810872252771, "x": 3.8797780856000474, "y": 0.08550054101821636}, "datetime": {"datetime": "2024-02-27 10:51:57", "elapsed": 1098.688253, "delta": 4.642163}}
{"target": 0.2201067625607749, "params": {"u": 9.766219204164798, "v": 7.005801690310717, "x": 4.854977173235929, "y": 9.51275051976356}, "datetime": {"datetime": "2024-02-27 10:52:03", "elapsed": 1104.751149, "delta": 6.062896}}
{"target": 0.13703969327133317, "params": {"u": 8.509764210471765, "v": 7.909155116700742, "x": 0.36733720839620343, "y": 9.878601189204176}, "datetime": {"datetime": "2024-02-27 10:52:07", "elapsed": 1109.175122, "delta": 4.423973}}
{"target": 0.2345815432827644, "params": {"u": 9.901793911205942, "v": 9.939169042365902, "x": 4.675765974638267, "y": 6.696255435302676}, "datetime": {"datetime": "2024-02-27 10:52:13", "elapsed": 1114.94269, "delta": 5.767568}}
{"target": 0.12562255905749184, "params": {"u": 0.06203123689627943, "v": 0.07115086995111208, "x": 5.872558302279788, "y": 8.184658907067995}, "datetime": {"datetime": "2024-02-27 10:52:26", "elapsed": 1127.582875, "delta": 12.640185}}
{"target": 0.11052835924853525, "params": {"u": 9.189089323378731, "v": 3.990538630263133, "x": 0.12956216193519277, "y": 9.818342060278257}, "datetime": {"datetime": "2024-02-27 10:52:33", "elapsed": 1134.775196, "delta": 7.192321}}
{"target": 4.865270767863665, "params": {"u": 4.969674949157184, "v": 4.615481305041741, "x": 4.199108609884043, "y": 3.6919850552344426}, "datetime": {"datetime": "2024-02-27 10:52:36", "elapsed": 1138.149559, "delta": 3.374363}}
{"target": 0.8292272464705877, "params": {"u": 6.164670086219852, "v": 3.228477088545291, "x": 7.691741365519088, "y": 2.396678544256261}, "datetime": {"datetime": "2024-02-27 10:52:40", "elapsed": 1141.315804, "delta": 3.166245}}
{"target": 3.8624961484689524, "params": {"u": 4.666949757420683, "v": 4.045772142980139, "x": 3.7945438182229188, "y": 4.391168913208563}, "datetime": {"datetime": "2024-02-27 10:52:47", "elapsed": 1148.34596, "delta": 7.030156}}
{"target": 0.25216997102220623, "params": {"u": 4.306223061277793, "v": 0.5282798458590054, "x": 6.6533356536796875, "y": 6.070670838692451}, "datetime": {"datetime": "2024-02-27 10:52:48", "elapsed": 1150.106668, "delta": 1.760708}}
{"target": 5.922833631647903, "params": {"u": 4.437602843622068, "v": 4.907391870133807, "x": 3.745322682608785, "y": 3.859157140910386}, "datetime": {"datetime": "2024-02-27 10:52:56", "elapsed": 1157.349201, "delta": 7.242533}}
{"target": 0.26537728297514784, "params": {"u": 9.961671878285374, "v": 6.345967447297049, "x": 9.774275199739417, "y": 6.7353062488055055}, "datetime": {"datetime": "2024-02-27 10:53:02", "elapsed": 1163.716285, "delta": 6.367084}}
{"target": 7.90887895850549, "params": {"u": 4.327383689627937, "v": 4.149223147524901, "x": 3.83060797610411, "y": 3.918757938736954}, "datetime": {"datetime": "2024-02-27 10:53:04", "elapsed": 1165.769591, "delta": 2.053306}}
{"target": 1.6801305523169943, "params": {"u": 6.876971347098006, "v": 6.478216121291024, "x": 5.723186539322416, "y": 6.525256206674274}, "datetime": {"datetime": "2024-02-27 10:53:06", "elapsed": 1167.213413, "delta": 1.443822}}
{"target": 0.2794165942675192, "params": {"u": 8.920382825755421, "v": 3.09394089481004, "x": 9.930609317047116, "y": 0.13247351474717117}, "datetime": {"datetime": "2024-02-27 10:53:08", "elapsed": 1169.328295, "delta": 2.114882}}
{"target": 0.21745441082480216, "params": {"u": 9.13651102059688, "v": 9.30654226122061, "x": 6.224142731961195, "y": 3.925343106636295}, "datetime": {"datetime": "2024-02-27 10:53:09", "elapsed": 1170.880722, "delta": 1.552427}}
{"target": 0.25894052962050085, "params": {"u": 9.898533347010996, "v": 2.859478739460374, "x": 3.6194723056685008, "y": 5.523363727588045}, "datetime": {"datetime": "2024-02-27 10:53:15", "elapsed": 1176.287728, "delta": 5.407006}}
{"target": 9.489242036269948, "params": {"u": 4.09834299589599, "v": 4.809215614497287, "x": 3.981248281490987, "y": 3.89306399008524}, "datetime": {"datetime": "2024-02-27 10:53:20", "elapsed": 1181.663096, "delta": 5.375368}}
{"target": 0.43133741124297664, "params": {"u": 5.3804771342175775, "v": 8.730470503663927, "x": 2.6149633239897954, "y": 7.269600184660689}, "datetime": {"datetime": "2024-02-27 10:53:24", "elapsed": 1185.309082, "delta": 3.645986}}
{"target": 7.679573281971119, "params": {"u": 4.427556020289116, "v": 4.805526377313358, "x": 3.909955560907897, "y": 4.176955849301568}, "datetime": {"datetime": "2024-02-27 10:53:27", "elapsed": 1189.15679, "delta": 3.847708}}
