{"target": -0.05336444062484979, "params": {"u": 7.585762047127897, "v": 9.582272396469033, "w": 8.233160512859726, "x": 4.586623872476727, "y": 2.175908516760633}, "datetime": {"datetime": "2024-02-25 09:51:35", "elapsed": 0.0, "delta": 0.0}}
{"target": -0.02677648783994879, "params": {"u": 3.889945358985362, "v": 2.203527307185974, "w": 1.1971555550976904, "x": 7.471469875941429, "y": 3.3825910782954596}, "datetime": {"datetime": "2024-02-25 09:51:35", "elapsed": 0.102059, "delta": 0.102059}}
{"target": -0.11448205838243071, "params": {"u": 9.103715619745657, "v": 3.6804571168173017, "w": 9.932308426333446, "x": 4.166967781877778, "y": 2.001486121733834}, "datetime": {"datetime": "2024-02-25 09:51:36", "elapsed": 0.334101, "delta": 0.232042}}
{"target": -0.035749712546094756, "params": {"u": 1.5012180342372443, "v": 1.217024041765168, "w": 2.270264629064708, "x": 0.6664491396489742, "y": 0.47959441533883596}, "datetime": {"datetime": "2024-02-25 09:51:36", "elapsed": 0.65011, "delta": 0.316009}}
{"target": 0.11498583180005664, "params": {"u": 9.877405903888842, "v": 2.8844994880937636, "w": 11.942309428634381, "x": 6.272660485367074, "y": 0.5134668869130083}, "datetime": {"datetime": "2024-02-25 09:51:36", "elapsed": 1.055247, "delta": 0.405137}}
{"target": 0.010460064930624438, "params": {"u": 8.583110707536129, "v": 5.304645643576323, "w": 4.639244072909488, "x": 6.344235094164136, "y": 2.918205409719993}, "datetime": {"datetime": "2024-02-25 09:51:36", "elapsed": 1.244426, "delta": 0.189179}}
{"target": 0.025873647948976994, "params": {"u": 11.485806117821957, "v": 5.334063029716347, "w": 4.896497654647417, "x": 5.1111505679977975, "y": 2.1567437907658267}, "datetime": {"datetime": "2024-02-25 09:51:37", "elapsed": 1.620032, "delta": 0.375606}}
{"target": -0.04327084488978064, "params": {"u": 9.119732817779715, "v": 11.717580382272228, "w": 12.971603650207648, "x": 4.924492096593651, "y": 1.1199557593549538}, "datetime": {"datetime": "2024-02-25 09:51:37", "elapsed": 1.909081, "delta": 0.289049}}
{"target": 0.06789558481540783, "params": {"u": 6.0460587572066675, "v": 10.921004850043413, "w": 10.966823931610586, "x": 7.557533605759776, "y": 0.32021880507450595}, "datetime": {"datetime": "2024-02-25 09:51:37", "elapsed": 2.208868, "delta": 0.299787}}
{"target": -0.019585752721787683, "params": {"u": 1.0667729776040997, "v": 9.592427040240171, "w": 6.703089357869783, "x": 4.8038494549537445, "y": 3.1889236453981264}, "datetime": {"datetime": "2024-02-25 09:51:38", "elapsed": 2.513151, "delta": 0.304283}}
{"target": 0.05496074209868495, "params": {"u": 8.763724320097392, "v": 5.34245585010029, "w": 4.573206217060969, "x": 7.1396906304064505, "y": 2.9498829180028756}, "datetime": {"datetime": "2024-02-25 09:51:38", "elapsed": 2.844115, "delta": 0.330964}}
{"target": -0.04748290719576801, "params": {"u": 10.053665773208085, "v": 2.701606312855665, "w": 12.398586887251605, "x": 6.7575939273736125, "y": 0.1788350457577023}, "datetime": {"datetime": "2024-02-25 09:51:38", "elapsed": 3.290872, "delta": 0.446757}}
{"target": -0.027380313842190283, "params": {"u": 2.6876608627430274, "v": 7.945793873601469, "w": 10.609097245883667, "x": 5.540228414142699, "y": 0.7666008163977137}, "datetime": {"datetime": "2024-02-25 09:51:39", "elapsed": 3.592773, "delta": 0.301901}}
{"target": -0.037295654121849375, "params": {"u": 7.481756992086102, "v": 11.346552785490422, "w": 4.860354635139119, "x": 4.54344889449013, "y": 1.794437277153244}, "datetime": {"datetime": "2024-02-25 09:51:39", "elapsed": 3.709278, "delta": 0.116505}}
{"target": 0.04324834428611567, "params": {"u": 2.085806493574918, "v": 8.239455250454638, "w": 9.754417625931037, "x": 7.635792688817703, "y": 3.454387546083007}, "datetime": {"datetime": "2024-02-25 09:51:39", "elapsed": 3.879978, "delta": 0.1707}}
{"target": 0.10597207527394095, "params": {"u": 10.179374364407598, "v": 5.912658726091056, "w": 9.41582034888815, "x": 5.3160850848451515, "y": 0.5886537708428761}, "datetime": {"datetime": "2024-02-25 09:51:39", "elapsed": 4.02976, "delta": 0.149782}}
{"target": -0.055453698676162996, "params": {"u": 3.9226443367763055, "v": 10.549107253957526, "w": 10.814390387368881, "x": 1.849440860401836, "y": 1.0073129137916348}, "datetime": {"datetime": "2024-02-25 09:51:39", "elapsed": 4.194297, "delta": 0.164537}}
{"target": -0.22964427925790928, "params": {"u": 5.369816031385389, "v": 12.579551350864111, "w": 11.899294288491605, "x": 2.0649566276210325, "y": 4.160622609461903}, "datetime": {"datetime": "2024-02-25 09:51:40", "elapsed": 4.476447, "delta": 0.28215}}
{"target": -0.01694972487558902, "params": {"u": 3.8493002142705546, "v": 4.026513870912632, "w": 2.435483555731168, "x": 6.8511208391085985, "y": 1.3264755260649892}, "datetime": {"datetime": "2024-02-25 09:51:40", "elapsed": 4.642174, "delta": 0.165727}}
{"target": 0.01997337350015526, "params": {"u": 6.00696557800215, "v": 4.107860476112252, "w": 1.54664665438544, "x": 7.6149128063403015, "y": 0.1003846726408203}, "datetime": {"datetime": "2024-02-25 09:51:40", "elapsed": 4.835587, "delta": 0.193413}}
{"target": -0.037774625642867404, "params": {"u": 3.1261607953711024, "v": 6.35099839499618, "w": 4.311169530584307, "x": 2.8028323699042383, "y": 0.6128566491417502}, "datetime": {"datetime": "2024-02-25 09:51:40", "elapsed": 5.077436, "delta": 0.241849}}
{"target": 0.0615701599406863, "params": {"u": 3.619794309498645, "v": 11.139272445407943, "w": 10.343088481929572, "x": 3.613194364446226, "y": 0.20621733887741148}, "datetime": {"datetime": "2024-02-25 09:51:40", "elapsed": 5.213222, "delta": 0.135786}}
{"target": -0.04610126940640834, "params": {"u": 3.5470016557702895, "v": 9.751564806234935, "w": 11.821685409070156, "x": 4.54729701682229, "y": 3.019662595683715}, "datetime": {"datetime": "2024-02-25 09:51:41", "elapsed": 5.365305, "delta": 0.152083}}
{"target": 0.04206192578873037, "params": {"u": 1.0436530547579035, "v": 6.70083980760516, "w": 8.53300866146419, "x": 1.8351312176338532, "y": 2.327681546826749}, "datetime": {"datetime": "2024-02-25 09:51:41", "elapsed": 5.577028, "delta": 0.211723}}
{"target": 0.10697824972923907, "params": {"u": 8.13735948770782, "v": 1.9042981015644416, "w": 4.40408944763214, "x": 1.1700347099470876, "y": 1.0896373661754384}, "datetime": {"datetime": "2024-02-25 09:51:41", "elapsed": 5.745971, "delta": 0.168943}}
{"target": -0.04934590717892904, "params": {"u": 9.954313617716231, "v": 3.578432829248907, "w": 8.239532707364695, "x": 2.555317697733286, "y": 4.431854585976565}, "datetime": {"datetime": "2024-02-25 09:51:41", "elapsed": 5.875091, "delta": 0.12912}}
{"target": 0.42885053179327554, "params": {"u": 7.230376878616456, "v": 12.669979632701605, "w": 7.716868160599829, "x": 3.5628119748856917, "y": 3.509426532820108}, "datetime": {"datetime": "2024-02-25 09:51:41", "elapsed": 6.066961, "delta": 0.19187}}
{"target": -0.04174091426317913, "params": {"u": 4.3141239543131045, "v": 8.328578183461193, "w": 3.1909769821318164, "x": 2.2258029656981595, "y": 1.3706700957404956}, "datetime": {"datetime": "2024-02-25 09:51:42", "elapsed": 6.387747, "delta": 0.320786}}
{"target": 0.03893131033618198, "params": {"u": 8.24823608953444, "v": 9.609166030630295, "w": 5.047776806939069, "x": 3.670747949016245, "y": 2.155368630956446}, "datetime": {"datetime": "2024-02-25 09:51:42", "elapsed": 6.558631, "delta": 0.170884}}
{"target": -0.02681853544959552, "params": {"u": 10.532831163297907, "v": 11.174154954639395, "w": 8.591536163385994, "x": 4.856669551210791, "y": 1.188193516637799}, "datetime": {"datetime": "2024-02-25 09:51:42", "elapsed": 6.788349, "delta": 0.229718}}
{"target": -0.028613504620206346, "params": {"u": 2.3967611456487536, "v": 6.356802222276007, "w": 9.549169719836945, "x": 4.093453186183096, "y": 1.113141479845141}, "datetime": {"datetime": "2024-02-25 09:51:42", "elapsed": 7.030171, "delta": 0.241822}}
{"target": -0.11906136636648071, "params": {"u": 11.408849701754587, "v": 1.8356916559420067, "w": 8.937551386166533, "x": 4.2091173267068145, "y": 0.5295484509556507}, "datetime": {"datetime": "2024-02-25 09:51:42", "elapsed": 7.144913, "delta": 0.114742}}
{"target": 0.05501687338126621, "params": {"u": 11.110146248216012, "v": 4.785418234422396, "w": 5.644436510142137, "x": 2.7563228728330857, "y": 2.176344018938283}, "datetime": {"datetime": "2024-02-25 09:51:43", "elapsed": 7.452005, "delta": 0.307092}}
{"target": 0.034594587215775595, "params": {"u": 9.203758659930624, "v": 12.193134012371036, "w": 11.730371605187255, "x": 7.57224545466543, "y": 0.8408853154525943}, "datetime": {"datetime": "2024-02-25 09:51:43", "elapsed": 8.253185, "delta": 0.80118}}
{"target": -0.049242683763969786, "params": {"u": 10.605210835415674, "v": 6.6452784390033415, "w": 11.315607729033864, "x": 4.927796656278237, "y": 0.6641631781086186}, "datetime": {"datetime": "2024-02-25 09:51:44", "elapsed": 8.69943, "delta": 0.446245}}
{"target": -0.05210653856438208, "params": {"u": 4.122285322904931, "v": 10.206966702508037, "w": 7.65682140738587, "x": 3.3826603674804967, "y": 0.6376227424877695}, "datetime": {"datetime": "2024-02-25 09:51:44", "elapsed": 9.245245, "delta": 0.545815}}
{"target": 0.009646920468304065, "params": {"u": 4.443604290472432, "v": 10.592987571497128, "w": 4.831449061739999, "x": 6.180789017222302, "y": 3.7399697560874463}, "datetime": {"datetime": "2024-02-25 09:51:45", "elapsed": 9.572654, "delta": 0.327409}}
{"target": -0.0428522608302394, "params": {"u": 12.754185931206909, "v": 7.205758187321587, "w": 5.7183420232428235, "x": 1.4620885662430618, "y": 2.945443577415637}, "datetime": {"datetime": "2024-02-25 09:51:45", "elapsed": 10.116466, "delta": 0.543812}}
{"target": -0.059720456827585984, "params": {"u": 5.440299456930832, "v": 7.248434417111282, "w": 8.122316613492945, "x": 3.2603013349377497, "y": 2.9390440220816956}, "datetime": {"datetime": "2024-02-25 09:51:46", "elapsed": 10.413669, "delta": 0.297203}}
{"target": 0.09111644769574473, "params": {"u": 5.122377329877907, "v": 2.9625015112282935, "w": 6.332524548638185, "x": 3.841726081380863, "y": 1.4992497912875007}, "datetime": {"datetime": "2024-02-25 09:51:46", "elapsed": 10.8572, "delta": 0.443531}}
{"target": 0.7135386144997153, "params": {"u": 6.235766824374974, "v": 1.1904297716589145, "w": 10.421340795626941, "x": 1.4960616954224977, "y": 3.903937521728043}, "datetime": {"datetime": "2024-02-25 09:51:46", "elapsed": 11.154757, "delta": 0.297557}}
{"target": 0.034347949788982715, "params": {"u": 9.539604161260288, "v": 9.175884736043699, "w": 3.105085585394859, "x": 7.7169850669447975, "y": 1.2712094697882257}, "datetime": {"datetime": "2024-02-25 09:51:47", "elapsed": 11.851344, "delta": 0.696587}}
{"target": 0.12753890984906172, "params": {"u": 11.089351223301447, "v": 2.4973885703584604, "w": 7.498761345478918, "x": 4.179233096389234, "y": 2.1220479677249706}, "datetime": {"datetime": "2024-02-25 09:51:48", "elapsed": 12.550186, "delta": 0.698842}}
{"target": 0.05725025871087849, "params": {"u": 11.472882496839734, "v": 5.403668338852699, "w": 4.875006598071024, "x": 5.317339303563169, "y": 2.213528860649154}, "datetime": {"datetime": "2024-02-25 09:51:49", "elapsed": 13.738657, "delta": 1.188471}}
{"target": 0.1039514918833532, "params": {"u": 5.990840073957032, "v": 1.0324328087655246, "w": 10.469796850654735, "x": 1.3477316264807941, "y": 3.96331911689099}, "datetime": {"datetime": "2024-02-25 09:51:51", "elapsed": 15.719165, "delta": 1.980508}}
{"target": 0.03211874846950115, "params": {"u": 9.302093194267394, "v": 9.303721438265844, "w": 2.76644020239434, "x": 7.672161482295133, "y": 1.3907444313655162}, "datetime": {"datetime": "2024-02-25 09:51:51", "elapsed": 16.291978, "delta": 0.572813}}
{"target": -0.09686630197609758, "params": {"u": 10.914598580308466, "v": 6.85587988982919, "w": 9.818160209688985, "x": 3.6419546890229015, "y": 1.8805644724701562}, "datetime": {"datetime": "2024-02-25 09:51:52", "elapsed": 16.735173, "delta": 0.443195}}
{"target": -0.047776010949684034, "params": {"u": 1.6599351297621698, "v": 4.837380220378588, "w": 11.734514826299364, "x": 7.802885878945454, "y": 2.289651261385586}, "datetime": {"datetime": "2024-02-25 09:51:52", "elapsed": 17.156786, "delta": 0.421613}}
{"target": 0.1422815031240903, "params": {"u": 7.812409197726231, "v": 5.531662495246841, "w": 10.09748633996339, "x": 4.1003050902024665, "y": 2.853709508469104}, "datetime": {"datetime": "2024-02-25 09:51:53", "elapsed": 17.580879, "delta": 0.424093}}
{"target": -0.02126947125279558, "params": {"u": 3.4183909925764864, "v": 10.194571857523771, "w": 3.6953536441021693, "x": 7.742281180993131, "y": 3.820367138128442}, "datetime": {"datetime": "2024-02-25 09:51:54", "elapsed": 18.45231, "delta": 0.871431}}
{"target": -0.027373244876429385, "params": {"u": 2.2317043770172535, "v": 10.420664826165108, "w": 2.877544035760076, "x": 6.96363925254365, "y": 1.1749333202961236}, "datetime": {"datetime": "2024-02-25 09:51:54", "elapsed": 19.299096, "delta": 0.846786}}
{"target": -0.04578429194864529, "params": {"u": 11.510164699327344, "v": 2.8492657276375515, "w": 7.428138441631589, "x": 4.425580315741649, "y": 2.0010495549442826}, "datetime": {"datetime": "2024-02-25 09:51:55", "elapsed": 20.274777, "delta": 0.975681}}
{"target": 0.04172828138580494, "params": {"u": 2.2181466506368386, "v": 1.3386821514594391, "w": 4.3035191569095215, "x": 4.985166887238828, "y": 1.6191185623142441}, "datetime": {"datetime": "2024-02-25 09:51:56", "elapsed": 20.866709, "delta": 0.591932}}
{"target": -0.09468098402006277, "params": {"u": 7.696380225207784, "v": 1.9317963029452776, "w": 4.5690234840267845, "x": 1.1351292114223541, "y": 0.7346157625018209}, "datetime": {"datetime": "2024-02-25 09:51:57", "elapsed": 22.171958, "delta": 1.305249}}
{"target": -0.08283868445614036, "params": {"u": 3.671515940887182, "v": 4.769649700758631, "w": 6.50473242004749, "x": 2.7310473356466605, "y": 3.3587786283593326}, "datetime": {"datetime": "2024-02-25 09:51:58", "elapsed": 23.051548, "delta": 0.87959}}
{"target": -0.022223173880461584, "params": {"u": 4.180927565664788, "v": 11.972718851270582, "w": 8.924667420876453, "x": 6.5211669331250075, "y": 1.9942293928326917}, "datetime": {"datetime": "2024-02-25 09:51:58", "elapsed": 23.326688, "delta": 0.27514}}
{"target": -0.06741003773986257, "params": {"u": 10.306015718597646, "v": 8.982491274205156, "w": 12.40877562193901, "x": 2.4562780997725273, "y": 3.1013964728349745}, "datetime": {"datetime": "2024-02-25 09:51:59", "elapsed": 23.953825, "delta": 0.627137}}
{"target": -0.03964309944317808, "params": {"u": 8.7916184470958, "v": 4.952257949958214, "w": 4.472921067421255, "x": 6.960866850526857, "y": 2.8738396920165576}, "datetime": {"datetime": "2024-02-25 09:52:00", "elapsed": 24.776095, "delta": 0.82227}}
{"target": -0.12490726864931104, "params": {"u": 11.176322964230398, "v": 2.1255706067129423, "w": 7.727734397989181, "x": 4.408596571438801, "y": 1.9584603234755387}, "datetime": {"datetime": "2024-02-25 09:52:01", "elapsed": 25.501891, "delta": 0.725796}}
{"target": -6.657223106701913e-05, "params": {"u": 9.1191838515183, "v": 11.963287797440227, "w": 11.820307185947513, "x": 7.712676283217691, "y": 0.3989600421201609}, "datetime": {"datetime": "2024-02-25 09:52:02", "elapsed": 26.684411, "delta": 1.18252}}
{"target": -0.04601702073895201, "params": {"u": 3.2710199472162245, "v": 2.497909308309536, "w": 4.645306906049527, "x": 3.2557541085912254, "y": 4.657232695700937}, "datetime": {"datetime": "2024-02-25 09:52:03", "elapsed": 27.559415, "delta": 0.875004}}
{"target": -0.026830385694420145, "params": {"u": 5.10615331871692, "v": 2.0100632691422553, "w": 10.13690531907016, "x": 1.9194749095135193, "y": 2.7739296569380185}, "datetime": {"datetime": "2024-02-25 09:52:03", "elapsed": 28.039629, "delta": 0.480214}}
{"target": -0.04229254968110554, "params": {"u": 2.6855635395105626, "v": 1.0010001962689077, "w": 4.155596081797798, "x": 4.9623844823856365, "y": 1.8254423928351646}, "datetime": {"datetime": "2024-02-25 09:52:05", "elapsed": 29.370415, "delta": 1.330786}}
{"target": -0.13191353299806463, "params": {"u": 4.029140500317203, "v": 3.2792057862704596, "w": 9.773157977010342, "x": 0.55927131040914, "y": 3.7953173557883795}, "datetime": {"datetime": "2024-02-25 09:52:05", "elapsed": 30.061773, "delta": 0.691358}}
{"target": -0.026093013554550865, "params": {"u": 11.081530480799241, "v": 2.6816277749503983, "w": 7.158256455501828, "x": 4.186670043318751, "y": 2.347800133861526}, "datetime": {"datetime": "2024-02-25 09:52:07", "elapsed": 31.535709, "delta": 1.473936}}
{"target": -0.18644346883941101, "params": {"u": 7.091192299840613, "v": 12.811914216593648, "w": 8.318398119669768, "x": 3.6972733018309016, "y": 4.095018373315104}, "datetime": {"datetime": "2024-02-25 09:52:08", "elapsed": 32.497121, "delta": 0.961412}}
{"target": 0.0007253235614644047, "params": {"u": 1.8926108256621483, "v": 1.3099940226731963, "w": 4.517591467960468, "x": 4.751470722683068, "y": 1.9113192761517115}, "datetime": {"datetime": "2024-02-25 09:52:09", "elapsed": 33.500613, "delta": 1.003492}}
{"target": 0.017070756175508354, "params": {"u": 8.597870080552209, "v": 5.452374455325952, "w": 4.613526481949091, "x": 5.8432346175529455, "y": 2.93606033155955}, "datetime": {"datetime": "2024-02-25 09:52:10", "elapsed": 34.601492, "delta": 1.100879}}
{"target": -0.021324625017911603, "params": {"u": 1.3600609386644162, "v": 8.92123586824802, "w": 5.564884182816726, "x": 1.5682331063181947, "y": 4.451605252211077}, "datetime": {"datetime": "2024-02-25 09:52:11", "elapsed": 35.952547, "delta": 1.351055}}
{"target": -0.03754661945424043, "params": {"u": 1.7887068484368007, "v": 8.497753524370607, "w": 10.064324819196393, "x": 7.932048472761787, "y": 3.0367562603103813}, "datetime": {"datetime": "2024-02-25 09:52:12", "elapsed": 36.685621, "delta": 0.733074}}
{"target": 0.04080062287718366, "params": {"u": 9.81179584174232, "v": 6.07572465919947, "w": 9.42225018689569, "x": 5.5113624231031, "y": 0.21596127290576336}, "datetime": {"datetime": "2024-02-25 09:52:12", "elapsed": 37.122954, "delta": 0.437333}}
{"target": 0.014539270344470341, "params": {"u": 9.652221158519183, "v": 3.3964420596454516, "w": 12.726513405594568, "x": 6.6992656326475455, "y": 2.643401193177768}, "datetime": {"datetime": "2024-02-25 09:52:13", "elapsed": 37.443578, "delta": 0.320624}}
{"target": -0.037573943879262814, "params": {"u": 4.141106071134823, "v": 11.315674759583322, "w": 3.706398768049504, "x": 5.345584497244881, "y": 1.6663281146816296}, "datetime": {"datetime": "2024-02-25 09:52:13", "elapsed": 37.93974, "delta": 0.496162}}
{"target": -0.011138125627825197, "params": {"u": 9.699832022244731, "v": 12.035614773963054, "w": 2.8639479284553944, "x": 6.356758119527708, "y": 3.4891562407085654}, "datetime": {"datetime": "2024-02-25 09:52:14", "elapsed": 38.447213, "delta": 0.507473}}
{"target": 0.2850878976144693, "params": {"u": 6.678836917423581, "v": 1.3466307236269763, "w": 10.694700778289093, "x": 1.2869272187684633, "y": 4.1588088236590055}, "datetime": {"datetime": "2024-02-25 09:52:14", "elapsed": 39.210126, "delta": 0.762913}}
{"target": -0.03190269297925606, "params": {"u": 1.8451460914901427, "v": 6.683560379075585, "w": 3.0498102546605947, "x": 5.017257254001872, "y": 1.646120102845909}, "datetime": {"datetime": "2024-02-25 09:52:15", "elapsed": 39.659129, "delta": 0.449003}}
{"target": 0.03366677155330445, "params": {"u": 3.394719437127996, "v": 3.6689020304449813, "w": 4.733053062941671, "x": 6.005809156984985, "y": 1.332618673936878}, "datetime": {"datetime": "2024-02-25 09:52:15", "elapsed": 40.141344, "delta": 0.482215}}
{"target": 0.04919782536075673, "params": {"u": 5.553211711172873, "v": 10.86859111819922, "w": 8.697621790647194, "x": 2.2985750040145243, "y": 4.1503584873866535}, "datetime": {"datetime": "2024-02-25 09:52:16", "elapsed": 41.110555, "delta": 0.969211}}
{"target": 0.19940657328135364, "params": {"u": 7.635703543239897, "v": 5.717039717155757, "w": 9.474112233757115, "x": 4.016930962667532, "y": 2.894016117459367}, "datetime": {"datetime": "2024-02-25 09:52:18", "elapsed": 42.368245, "delta": 1.25769}}
{"target": -0.013104773256183385, "params": {"u": 8.218883450004526, "v": 5.496091461658546, "w": 4.371455726337938, "x": 5.730967626942959, "y": 3.2984268899014273}, "datetime": {"datetime": "2024-02-25 09:52:18", "elapsed": 42.904831, "delta": 0.536586}}
{"target": -0.10651375120172701, "params": {"u": 7.943424297631211, "v": 2.583253141915603, "w": 9.395087003984857, "x": 6.267778933867303, "y": 2.025659245377957}, "datetime": {"datetime": "2024-02-25 09:52:19", "elapsed": 43.848542, "delta": 0.943711}}
{"target": -0.0325586840191928, "params": {"u": 8.37953257096079, "v": 4.309381360445835, "w": 9.098547709294644, "x": 7.66294521044668, "y": 1.0540083911479703}, "datetime": {"datetime": "2024-02-25 09:52:20", "elapsed": 44.364694, "delta": 0.516152}}
{"target": 0.09624201356708197, "params": {"u": 6.08057546433616, "v": 1.3024060930445422, "w": 10.382671670820283, "x": 1.166987513996432, "y": 4.2685294450868225}, "datetime": {"datetime": "2024-02-25 09:52:20", "elapsed": 44.799443, "delta": 0.434749}}
{"target": 0.47551297805799403, "params": {"u": 7.985779977059211, "v": 12.604674193749876, "w": 7.718654748053151, "x": 3.1136370494686374, "y": 3.404938949218781}, "datetime": {"datetime": "2024-02-25 09:52:21", "elapsed": 45.857734, "delta": 1.058291}}
{"target": -0.04952792390570275, "params": {"u": 4.122632950774548, "v": 7.994756873960276, "w": 8.932983584808195, "x": 7.776557917209891, "y": 4.574714353236734}, "datetime": {"datetime": "2024-02-25 09:52:22", "elapsed": 46.891573, "delta": 1.033839}}
