{"target": 9.967888121773708, "params": {"u": 1.9953909511514607, "x": 0.010346353532765473, "y": 3.6941971402376232}, "datetime": {"datetime": "2024-02-27 23:08:53", "elapsed": 190.596274, "delta": 2.515784}}
{"target": 7.11878565350364, "params": {"u": 1.0743077090451794, "x": 0.8160578814315467, "y": 0.6775549960988849}, "datetime": {"datetime": "2024-02-27 23:08:54", "elapsed": 191.470775, "delta": 0.874501}}
{"target": 17.934591897048946, "params": {"u": 2.0, "x": 1.0321860796150337, "y": 3.1020648151449866}, "datetime": {"datetime": "2024-02-27 23:08:56", "elapsed": 192.999448, "delta": 1.528673}}
{"target": 2.2965655787398855, "params": {"u": 1.4659378223719344, "x": 2.2061970856140367, "y": 4.064105429162074}, "datetime": {"datetime": "2024-02-27 23:08:57", "elapsed": 194.547062, "delta": 1.547614}}
{"target": 7.063682734654993, "params": {"u": 1.4439557188136123, "x": 0.4526705521552108, "y": -2.5285370614474467}, "datetime": {"datetime": "2024-02-27 23:08:58", "elapsed": 195.513393, "delta": 0.966331}}
{"target": 19.89154403537341, "params": {"u": 2.0, "x": 0.32932653192020445, "y": 0.9730416685166593}, "datetime": {"datetime": "2024-02-27 23:09:00", "elapsed": 196.88773, "delta": 1.374337}}
{"target": 4.504730801104905, "params": {"u": 1.5857248869803626, "x": 1.8963302666022566, "y": 3.0805880788491162}, "datetime": {"datetime": "2024-02-27 23:09:00", "elapsed": 197.788212, "delta": 0.900482}}
{"target": -13.44007075524059, "params": {"u": 0.2904441569438847, "x": 2.1623038988831964, "y": -1.492269547342675}, "datetime": {"datetime": "2024-02-27 23:09:01", "elapsed": 198.813349, "delta": 1.025137}}
{"target": 8.242578382171676, "params": {"u": 1.9077736584967893, "x": 0.24912950256354183, "y": 0.9901021867823854}, "datetime": {"datetime": "2024-02-27 23:09:04", "elapsed": 201.021895, "delta": 2.208546}}
{"target": 3.9327006292439712, "params": {"u": 1.5000498916609675, "x": 1.43767952012746, "y": -3.8632226748505194}, "datetime": {"datetime": "2024-02-27 23:09:05", "elapsed": 202.17532, "delta": 1.153425}}
{"target": -16.389334654424033, "params": {"u": 0.8219742950241291, "x": 0.35768303078235153, "y": 4.918924659529242}, "datetime": {"datetime": "2024-02-27 23:09:06", "elapsed": 203.306678, "delta": 1.131358}}
{"target": 7.104302956719046, "params": {"u": 1.9929123972514189, "x": -0.4417124073072438, "y": 3.22191015820483}, "datetime": {"datetime": "2024-02-27 23:09:07", "elapsed": 204.605762, "delta": 1.299084}}
{"target": 7.4061466175770505, "params": {"u": 1.9381258469787128, "x": -0.9273761028171967, "y": -2.60492320197365}, "datetime": {"datetime": "2024-02-27 23:09:09", "elapsed": 206.220397, "delta": 1.614635}}
{"target": 6.762550443483697, "params": {"u": 1.1960729061308726, "x": 0.6623791821678777, "y": 0.9149590267261978}, "datetime": {"datetime": "2024-02-27 23:09:10", "elapsed": 207.277601, "delta": 1.057204}}
{"target": 19.431080570196563, "params": {"u": 2.0, "x": 0.7542674789512243, "y": 1.5591924221613}, "datetime": {"datetime": "2024-02-27 23:09:12", "elapsed": 209.829548, "delta": 2.551947}}
{"target": 19.477042871710733, "params": {"u": 2.0, "x": 0.7231577478595287, "y": 1.6567840903265982}, "datetime": {"datetime": "2024-02-27 23:09:15", "elapsed": 211.949213, "delta": 2.119665}}
{"target": 7.4032742779137095, "params": {"u": 1.90916479891256, "x": 0.9782806748648273, "y": 3.0937002745002493}, "datetime": {"datetime": "2024-02-27 23:09:16", "elapsed": 213.27696, "delta": 1.327747}}
{"target": 6.763599705253494, "params": {"u": 1.5776229156748651, "x": 0.587545739628641, "y": 2.9279670056795206}, "datetime": {"datetime": "2024-02-27 23:09:17", "elapsed": 214.091147, "delta": 0.814187}}
{"target": 6.294340258221354, "params": {"u": 1.6622413637478135, "x": 1.0320914313425207, "y": -4.398821629102193}, "datetime": {"datetime": "2024-02-27 23:09:17", "elapsed": 214.787153, "delta": 0.696006}}
{"target": 19.996454190283924, "params": {"u": 2.0, "x": -0.05954670197479159, "y": -0.852860561135091}, "datetime": {"datetime": "2024-02-27 23:09:19", "elapsed": 216.54614, "delta": 1.758987}}
{"target": 6.824917055884537, "params": {"u": 1.8036119353263813, "x": -0.5411826715532411, "y": -1.8589272528803757}, "datetime": {"datetime": "2024-02-27 23:09:20", "elapsed": 217.483283, "delta": 0.937143}}
{"target": 6.85060111384626, "params": {"u": 1.998605777091287, "x": -0.5279274728653394, "y": 3.093623432606506}, "datetime": {"datetime": "2024-02-27 23:09:22", "elapsed": 219.758375, "delta": 2.275092}}
{"target": 7.404312463058783, "params": {"u": 1.893082084547751, "x": -0.97747311280896, "y": -2.0785894579410864}, "datetime": {"datetime": "2024-02-27 23:09:24", "elapsed": 221.498569, "delta": 1.740194}}
{"target": 3.3067585806491806, "params": {"u": 1.8448279304630362, "x": 2.041008389076955, "y": -1.8875605096615553}, "datetime": {"datetime": "2024-02-27 23:09:25", "elapsed": 222.357087, "delta": 0.858518}}
{"target": 9.540698380327893, "params": {"u": 1.7233979735045046, "x": -0.09039825332593132, "y": 4.201479758580891}, "datetime": {"datetime": "2024-02-27 23:09:26", "elapsed": 223.396547, "delta": 1.03946}}
{"target": 1.243027984301822, "params": {"u": 1.738911640342653, "x": 2.3989151013141545, "y": -0.34553073645353294}, "datetime": {"datetime": "2024-02-27 23:09:27", "elapsed": 224.260739, "delta": 0.864192}}
{"target": 9.928843379401446, "params": {"u": 1.9534708131554146, "x": -0.021015040444692712, "y": -0.7434317237291292}, "datetime": {"datetime": "2024-02-27 23:09:28", "elapsed": 225.231418, "delta": 0.970679}}
{"target": 7.320646697225275, "params": {"u": 1.9924815696630311, "x": -0.8821343346219574, "y": -3.738748755082839}, "datetime": {"datetime": "2024-02-27 23:09:29", "elapsed": 226.45337, "delta": 1.221952}}
{"target": 7.158137089771568, "params": {"u": 1.937150830689914, "x": 0.4281234321420313, "y": -2.3334829600522955}, "datetime": {"datetime": "2024-02-27 23:09:31", "elapsed": 228.525849, "delta": 2.072479}}
{"target": 3.7644978911336793, "params": {"u": 1.9336462643386996, "x": 1.509419416094289, "y": 0.16715659378065517}, "datetime": {"datetime": "2024-02-27 23:09:33", "elapsed": 230.003054, "delta": 1.477205}}
{"target": 19.972441040945476, "params": {"u": 2.0, "x": 0.166008912575574, "y": -3.0395086327611516}, "datetime": {"datetime": "2024-02-27 23:09:35", "elapsed": 232.199486, "delta": 2.196432}}
{"target": 1.051338916961976, "params": {"u": 1.9762914231818793, "x": 2.668141826319166, "y": 4.681276732382852}, "datetime": {"datetime": "2024-02-27 23:09:36", "elapsed": 233.47025, "delta": 1.270764}}
{"target": 9.551087615672582, "params": {"u": 1.9451006899556191, "x": 0.08891703713156529, "y": -3.0290461278484915}, "datetime": {"datetime": "2024-02-27 23:09:38", "elapsed": 235.256582, "delta": 1.786332}}
{"target": 8.842954511849072, "params": {"u": 1.9982881389560505, "x": -0.17718873335579044, "y": -3.9145447581675485}, "datetime": {"datetime": "2024-02-27 23:09:39", "elapsed": 236.070703, "delta": 0.814121}}
{"target": 1.7398508000092683, "params": {"u": 1.5009410989861862, "x": 2.8554838529937867, "y": -2.1477064095423204}, "datetime": {"datetime": "2024-02-27 23:09:40", "elapsed": 237.101345, "delta": 1.030642}}
{"target": 19.56179705399834, "params": {"u": 2.0, "x": 0.6619689917221654, "y": -2.5702605884131087}, "datetime": {"datetime": "2024-02-27 23:09:41", "elapsed": 238.638437, "delta": 1.537092}}
{"target": 9.31059055432604, "params": {"u": 1.2731336369096629, "x": -0.1210587485539274, "y": 2.4014083516294455}, "datetime": {"datetime": "2024-02-27 23:09:43", "elapsed": 240.017965, "delta": 1.379528}}
{"target": 6.76182254280339, "params": {"u": 1.946447116232759, "x": 0.6614835030323474, "y": 1.61532318025992}, "datetime": {"datetime": "2024-02-27 23:09:45", "elapsed": 241.849292, "delta": 1.831327}}
{"target": -13.145195163242782, "params": {"u": 0.29956748221810403, "x": 2.953643929934538, "y": -3.2957511524133833}, "datetime": {"datetime": "2024-02-27 23:09:46", "elapsed": 243.142304, "delta": 1.293012}}
{"target": 3.698919219726953, "params": {"u": 1.9851940084293966, "x": 1.5773322875155897, "y": -3.592815606673759}, "datetime": {"datetime": "2024-02-27 23:09:48", "elapsed": 245.195428, "delta": 2.053124}}
{"target": -2.4287173529310593, "params": {"u": 0.029600739205212223, "x": -0.1129894975563337, "y": -4.489414879846558}, "datetime": {"datetime": "2024-02-27 23:09:49", "elapsed": 246.246549, "delta": 1.051121}}
{"target": 2.7207061044422804, "params": {"u": 1.4651194629000504, "x": 2.1465889581252657, "y": 4.5307835333063}, "datetime": {"datetime": "2024-02-27 23:09:50", "elapsed": 246.986191, "delta": 0.739642}}
{"target": -10.355604061880133, "params": {"u": 0.7738279066607834, "x": -0.2546283759864738, "y": -4.463724356017893}, "datetime": {"datetime": "2024-02-27 23:09:51", "elapsed": 248.326399, "delta": 1.340208}}
{"target": 4.7086237751222235, "params": {"u": 1.7875311428120189, "x": 1.2752862662150388, "y": 3.190506123148424}, "datetime": {"datetime": "2024-02-27 23:09:52", "elapsed": 249.199395, "delta": 0.872996}}
{"target": 8.630408918934958, "params": {"u": 1.9129768333164774, "x": -0.20208956319544066, "y": -2.106498618937627}, "datetime": {"datetime": "2024-02-27 23:09:54", "elapsed": 251.654675, "delta": 2.45528}}
{"target": 7.686316841948404, "params": {"u": 1.9851922370224167, "x": 0.3267097465844331, "y": -4.95993066253993}, "datetime": {"datetime": "2024-02-27 23:09:56", "elapsed": 253.215896, "delta": 1.561221}}
{"target": -8.933517760696827, "params": {"u": 0.18176714085903867, "x": 2.059546592523889, "y": 1.072300516783697}, "datetime": {"datetime": "2024-02-27 23:09:57", "elapsed": 253.968757, "delta": 0.752861}}
{"target": 0.9493102744470701, "params": {"u": 1.2078710639734482, "x": 2.5713281496923424, "y": 0.26898041142235574}, "datetime": {"datetime": "2024-02-27 23:09:57", "elapsed": 254.625959, "delta": 0.657202}}
{"target": 6.74777360154874, "params": {"u": 1.2292054461990654, "x": -0.6304495093907296, "y": 1.4518120807265973}, "datetime": {"datetime": "2024-02-27 23:09:58", "elapsed": 255.760139, "delta": 1.13418}}
{"target": 9.116737215523639, "params": {"u": 1.9991217468775075, "x": 0.14487820603452572, "y": -4.9282214861290905}, "datetime": {"datetime": "2024-02-27 23:10:00", "elapsed": 257.272904, "delta": 1.512765}}
{"target": 4.166061606510848, "params": {"u": 1.9206810375497385, "x": 1.803296569790196, "y": 4.107141546991555}, "datetime": {"datetime": "2024-02-27 23:10:01", "elapsed": 258.018516, "delta": 0.745612}}
{"target": 6.774228950894141, "params": {"u": 1.559596748009716, "x": 0.674545567935195, "y": 3.3142890702741905}, "datetime": {"datetime": "2024-02-27 23:10:02", "elapsed": 258.877534, "delta": 0.859018}}
{"target": -1.0109734119731044, "params": {"u": 0.3542585043015163, "x": -0.9859680646757072, "y": -1.347913200832056}, "datetime": {"datetime": "2024-02-27 23:10:03", "elapsed": 260.202243, "delta": 1.324709}}
{"target": 19.83396898570402, "params": {"u": 2.0, "x": 0.40746903476949276, "y": 3.388391516765651}, "datetime": {"datetime": "2024-02-27 23:10:04", "elapsed": 261.667841, "delta": 1.465598}}
{"target": 19.989304996388153, "params": {"u": 2.0, "x": -0.10341665055417988, "y": -0.9407144971077777}, "datetime": {"datetime": "2024-02-27 23:10:05", "elapsed": 262.781776, "delta": 1.113935}}
{"target": 6.748282666952793, "params": {"u": 1.897743186603838, "x": 0.61755021602715, "y": 3.289079008418069}, "datetime": {"datetime": "2024-02-27 23:10:07", "elapsed": 264.329469, "delta": 1.547693}}
{"target": -20.12808634049222, "params": {"u": 0.3302406503401989, "x": 0.47748405017849826, "y": 3.540810486048926}, "datetime": {"datetime": "2024-02-27 23:10:08", "elapsed": 265.396593, "delta": 1.067124}}
{"target": 9.326067677229716, "params": {"u": 1.888363242879029, "x": -0.11909651803610899, "y": -0.9298888916221415}, "datetime": {"datetime": "2024-02-27 23:10:10", "elapsed": 266.98144, "delta": 1.584847}}
{"target": 19.424515505218697, "params": {"u": 2.0, "x": 0.7586069435361793, "y": -2.529016407400853}, "datetime": {"datetime": "2024-02-27 23:10:12", "elapsed": 268.997442, "delta": 2.016002}}
{"target": 5.553999350857545, "params": {"u": 1.9268335389673756, "x": 1.1584070367448804, "y": 3.84508068471432}, "datetime": {"datetime": "2024-02-27 23:10:14", "elapsed": 271.126141, "delta": 2.128699}}
{"target": 6.892288439513962, "params": {"u": 1.339900150968974, "x": -0.5094714451731139, "y": 3.8054010693232865}, "datetime": {"datetime": "2024-02-27 23:10:15", "elapsed": 272.400246, "delta": 1.274105}}
{"target": -4.403475408038304, "params": {"u": 0.44896355761682827, "x": -0.8591854983497837, "y": 3.5078510553345392}, "datetime": {"datetime": "2024-02-27 23:10:16", "elapsed": 273.362468, "delta": 0.962222}}
{"target": 1.2372166019446489, "params": {"u": 1.8621201596292722, "x": 2.734034389827888, "y": -1.842281199297846}, "datetime": {"datetime": "2024-02-27 23:10:17", "elapsed": 274.509045, "delta": 1.146577}}
{"target": 7.196207387436967, "params": {"u": 1.9087496089491691, "x": 0.419057799744812, "y": 3.351721383237713}, "datetime": {"datetime": "2024-02-27 23:10:20", "elapsed": 276.915312, "delta": 2.406267}}
{"target": -19.390524705058734, "params": {"u": 0.65933149760364, "x": -0.5693192172344452, "y": 1.888431716263045}, "datetime": {"datetime": "2024-02-27 23:10:21", "elapsed": 277.918926, "delta": 1.003614}}
{"target": -24.054662259326932, "params": {"u": 0.41702355390116996, "x": 2.705950811624456, "y": 2.3382186250855694}, "datetime": {"datetime": "2024-02-27 23:10:22", "elapsed": 279.002082, "delta": 1.083156}}
{"target": -5.287280388025305, "params": {"u": 0.7428983579390829, "x": 1.126974712720259, "y": -3.8681529207953655}, "datetime": {"datetime": "2024-02-27 23:10:23", "elapsed": 280.352326, "delta": 1.350244}}
{"target": 7.493285713348488, "params": {"u": 1.4641995992534722, "x": 0.35900815723593116, "y": -4.929753722011454}, "datetime": {"datetime": "2024-02-27 23:10:24", "elapsed": 281.316713, "delta": 0.964387}}
{"target": 19.263316396868515, "params": {"u": 2.0, "x": 0.8583027456157222, "y": 1.5147168809606444}, "datetime": {"datetime": "2024-02-27 23:10:26", "elapsed": 282.901495, "delta": 1.584782}}
{"target": -17.689533489892927, "params": {"u": 0.9536161314285314, "x": 1.3317914214188415, "y": -3.073048559788969}, "datetime": {"datetime": "2024-02-27 23:10:26", "elapsed": 283.756703, "delta": 0.855208}}
{"target": 6.747548456531298, "params": {"u": 1.8630503226780115, "x": 0.627041728261668, "y": 3.466486221959805}, "datetime": {"datetime": "2024-02-27 23:10:27", "elapsed": 284.685105, "delta": 0.928402}}
{"target": 1.0284692984934107, "params": {"u": 1.3880871059093298, "x": 2.6566281467403225, "y": 3.705852428342249}, "datetime": {"datetime": "2024-02-27 23:10:29", "elapsed": 285.983991, "delta": 1.298886}}
{"target": 1.1002656533563862, "params": {"u": 1.2613443833765314, "x": 2.44738153730091, "y": 0.3772149531508564}, "datetime": {"datetime": "2024-02-27 23:10:30", "elapsed": 287.127524, "delta": 1.143533}}
{"target": -20.595060856776882, "params": {"u": 0.8004474196467837, "x": 1.3890187759225556, "y": -0.6202163436489414}, "datetime": {"datetime": "2024-02-27 23:10:31", "elapsed": 288.392783, "delta": 1.265259}}
{"target": 2.9152936155866165, "params": {"u": 1.4937826404807457, "x": 2.117573650056498, "y": -2.086015638610732}, "datetime": {"datetime": "2024-02-27 23:10:33", "elapsed": 289.865318, "delta": 1.472535}}
{"target": 6.9429224142763495, "params": {"u": 1.918724184053663, "x": 0.7592879484116817, "y": -2.4826515462208465}, "datetime": {"datetime": "2024-02-27 23:10:35", "elapsed": 292.24786, "delta": 2.382542}}
{"target": 1.643146277768576, "params": {"u": 1.1238756899459994, "x": 2.832779239821387, "y": -2.8866585674105383}, "datetime": {"datetime": "2024-02-27 23:10:36", "elapsed": 293.41977, "delta": 1.17191}}
{"target": 4.323124045397886, "params": {"u": 1.7683477059629413, "x": 1.8433210986518875, "y": -4.038089669869249}, "datetime": {"datetime": "2024-02-27 23:10:37", "elapsed": 294.812565, "delta": 1.392795}}
{"target": 18.0, "params": {"u": 2.0, "x": -1.0, "y": -1.9540900148593117}, "datetime": {"datetime": "2024-02-27 23:10:39", "elapsed": 296.598324, "delta": 1.785759}}
{"target": 1.6069017147462468, "params": {"u": 1.8875486846105791, "x": 2.315449707259473, "y": -3.655497198822608}, "datetime": {"datetime": "2024-02-27 23:10:41", "elapsed": 298.077575, "delta": 1.479251}}
{"target": -19.569221938676613, "params": {"u": 0.23960919746769616, "x": 0.5618852918303632, "y": 0.30287981450551893}, "datetime": {"datetime": "2024-02-27 23:10:42", "elapsed": 299.424173, "delta": 1.346598}}
{"target": 7.419707023468508, "params": {"u": 1.51045615463264, "x": 0.9560780226474921, "y": -2.41983597888622}, "datetime": {"datetime": "2024-02-27 23:10:43", "elapsed": 300.685064, "delta": 1.260891}}
{"target": 7.101550862131759, "params": {"u": 1.8450729310249558, "x": -0.8107945061112942, "y": 3.1726358226695233}, "datetime": {"datetime": "2024-02-27 23:10:45", "elapsed": 301.870671, "delta": 1.185607}}
{"target": 0.9543436180321745, "params": {"u": 1.8716752361315137, "x": 2.5480330035865406, "y": -3.0220102481452615}, "datetime": {"datetime": "2024-02-27 23:10:46", "elapsed": 303.110356, "delta": 1.239685}}
{"target": 7.3729326727153754, "params": {"u": 1.9140039740323742, "x": -0.995520745493709, "y": 2.779630523710974}, "datetime": {"datetime": "2024-02-27 23:10:49", "elapsed": 306.06872, "delta": 2.958364}}
{"target": 5.910263918103755, "params": {"u": 1.9839048395217316, "x": 1.107839157849028, "y": -2.495705796358569}, "datetime": {"datetime": "2024-02-27 23:10:51", "elapsed": 308.135471, "delta": 2.066751}}
{"target": -18.337594836590128, "params": {"u": 0.2307614020151949, "x": -0.6031078801029746, "y": 2.5447213902221977}, "datetime": {"datetime": "2024-02-27 23:10:52", "elapsed": 309.257948, "delta": 1.122477}}
{"target": 7.1438084004726825, "params": {"u": 1.1206049161540441, "x": 0.8236889545653576, "y": 4.44267043783452}, "datetime": {"datetime": "2024-02-27 23:10:54", "elapsed": 311.434525, "delta": 2.176577}}
{"target": 19.953738247744592, "params": {"u": 2.0, "x": 0.21508545337936633, "y": 1.1332417717817493}, "datetime": {"datetime": "2024-02-27 23:10:56", "elapsed": 313.74954, "delta": 2.315015}}
{"target": 8.130668615744153, "params": {"u": 1.3571301519968306, "x": 0.26347569073639354, "y": -0.270212051117408}, "datetime": {"datetime": "2024-02-27 23:10:58", "elapsed": 314.903617, "delta": 1.154077}}
{"target": 6.7748240100047035, "params": {"u": 1.3941613599899139, "x": -0.5758477084978564, "y": 3.790293228511729}, "datetime": {"datetime": "2024-02-27 23:10:59", "elapsed": 316.433178, "delta": 1.529561}}
{"target": -17.67965606994226, "params": {"u": 0.11976433733683112, "x": 1.6874055098187917, "y": 1.8431150443954731}, "datetime": {"datetime": "2024-02-27 23:11:00", "elapsed": 317.406796, "delta": 0.973618}}
{"target": 17.190044792476062, "params": {"u": 2.0, "x": 1.3453457576117511, "y": -2.4583212591807486}, "datetime": {"datetime": "2024-02-27 23:11:02", "elapsed": 319.23026, "delta": 1.823464}}
{"target": -8.79620650055529, "params": {"u": 0.6305329796557186, "x": -0.778976373414376, "y": 4.795511015422409}, "datetime": {"datetime": "2024-02-27 23:11:03", "elapsed": 320.25755, "delta": 1.02729}}
{"target": 4.210392393473395, "params": {"u": 1.9891442912897759, "x": 1.3648751186781731, "y": -2.5849965726035187}, "datetime": {"datetime": "2024-02-27 23:11:05", "elapsed": 322.358368, "delta": 2.100818}}
{"target": -4.65927604499651, "params": {"u": 0.8391103054629678, "x": 1.1130955219923306, "y": 1.4825466941771719}, "datetime": {"datetime": "2024-02-27 23:11:06", "elapsed": 323.645379, "delta": 1.287011}}
{"target": -8.0485396162234, "params": {"u": 0.903572898598247, "x": 1.8608257968082822, "y": 2.7417145047024025}, "datetime": {"datetime": "2024-02-27 23:11:08", "elapsed": 324.996066, "delta": 1.350687}}
{"target": 19.99127047210756, "params": {"u": 2.0, "x": 0.09343194257021067, "y": 1.1067821589401465}, "datetime": {"datetime": "2024-02-27 23:11:11", "elapsed": 328.17485, "delta": 3.178784}}
{"target": 1.0681232899596083, "params": {"u": 1.7918248647847494, "x": 2.675777147916587, "y": 2.9258408429030878}, "datetime": {"datetime": "2024-02-27 23:11:12", "elapsed": 329.259813, "delta": 1.084963}}
{"target": 19.420957885354163, "params": {"u": 2.0, "x": 0.760948168172995, "y": -2.6480313663262907}, "datetime": {"datetime": "2024-02-27 23:11:14", "elapsed": 331.800174, "delta": 2.540361}}
{"target": 19.99396742725606, "params": {"u": 2.0, "x": 0.07766963849498423, "y": 1.2247005661554153}, "datetime": {"datetime": "2024-02-27 23:11:17", "elapsed": 334.300521, "delta": 2.500347}}
{"target": 18.0, "params": {"u": 2.0, "x": -1.0, "y": 2.5850981088376943}, "datetime": {"datetime": "2024-02-27 23:11:20", "elapsed": 337.239664, "delta": 2.939143}}
{"target": 9.65396520329816, "params": {"u": 1.8378111484011312, "x": 0.07357963021552916, "y": 1.1768288855114655}, "datetime": {"datetime": "2024-02-27 23:11:21", "elapsed": 338.671289, "delta": 1.431625}}
{"target": 17.212883664473527, "params": {"u": 2.0, "x": 1.3368307056342148, "y": -3.5720396924480813}, "datetime": {"datetime": "2024-02-27 23:11:24", "elapsed": 341.774481, "delta": 3.103192}}
{"target": 19.999748117877022, "params": {"u": 2.0, "x": -0.01587079465485546, "y": 1.150238957007123}, "datetime": {"datetime": "2024-02-27 23:11:27", "elapsed": 344.033301, "delta": 2.25882}}
{"target": 4.825694409111819, "params": {"u": 1.8986884524975804, "x": 1.2577015925206099, "y": -2.3764878339200757}, "datetime": {"datetime": "2024-02-27 23:11:29", "elapsed": 346.638793, "delta": 2.605492}}
{"target": 1.0827110618242362, "params": {"u": 1.1319743470585357, "x": 2.6819828249778053, "y": 2.0516367982704873}, "datetime": {"datetime": "2024-02-27 23:11:31", "elapsed": 348.002832, "delta": 1.364039}}
