{"target": -0.618728704489061, "params": {"colsample_bytree": 0.8284782834139794, "learning_rate": 0.143095682436879, "max_bin_exp": 8.336388309692143, "max_depth": 4.839339858286191, "n_estimators": 2301.689188785102, "reg_alpha": 0.8825636242917475, "reg_lambda": 1.3236369382589497}, "datetime": {"datetime": "2024-02-19 15:21:13", "elapsed": 0.0, "delta": 0.0}}
{"target": -3.6690547900070625, "params": {"colsample_bytree": 0.9055515207341127, "learning_rate": 0.1702488562809627, "max_bin_exp": 5.312679296276577, "max_depth": 1.0183833377493237, "n_estimators": 260.05661844534393, "reg_alpha": 2.0995061482521002, "reg_lambda": 1.6322684010553385}, "datetime": {"datetime": "2024-02-19 15:21:13", "elapsed": 0.030895, "delta": 0.030895}}
{"target": -0.7652774154293198, "params": {"colsample_bytree": 0.4247316583393455, "learning_rate": 0.3069969792864331, "max_bin_exp": 8.848115756630435, "max_depth": 5.811150996302993, "n_estimators": 3181.4946871641514, "reg_alpha": 0.9138556076374363, "reg_lambda": 0.4840337372235488}, "datetime": {"datetime": "2024-02-19 15:21:15", "elapsed": 1.911953, "delta": 1.881058}}
{"target": -4.202254833333334, "params": {"colsample_bytree": 0.7392922467088172, "learning_rate": 0.001, "max_bin_exp": 4.0, "max_depth": 1.0, "n_estimators": 5000.0, "reg_alpha": 0.8992148783025052, "reg_lambda": 3.0}, "datetime": {"datetime": "2024-02-19 15:21:17", "elapsed": 3.469335, "delta": 1.557382}}
{"target": -4.13865993840631, "params": {"colsample_bytree": 0.2, "learning_rate": 0.001, "max_bin_exp": 4.0, "max_depth": 6.0, "n_estimators": 1555.1842937793144, "reg_alpha": 3.0, "reg_lambda": 3.0}, "datetime": {"datetime": "2024-02-19 15:21:18", "elapsed": 5.323163, "delta": 1.853828}}
{"target": -0.6654287959826682, "params": {"colsample_bytree": 0.48974220488619924, "learning_rate": 0.26228038748248556, "max_bin_exp": 8.799014686946142, "max_depth": 4.102176804297141, "n_estimators": 2301.884179354795, "reg_alpha": 1.1778656939136343, "reg_lambda": 2.214554542954593}, "datetime": {"datetime": "2024-02-19 15:21:21", "elapsed": 7.763711, "delta": 2.440548}}
{"target": -1.094170352987987, "params": {"colsample_bytree": 0.629861103220447, "learning_rate": 0.07848525294476495, "max_bin_exp": 4.90119616214845, "max_depth": 4.084265178303517, "n_estimators": 2223.623383499801, "reg_alpha": 2.5912941528767663, "reg_lambda": 0.022587605851144943}, "datetime": {"datetime": "2024-02-19 15:21:22", "elapsed": 9.205364, "delta": 1.441653}}
{"target": -1.907092522263418, "params": {"colsample_bytree": 0.89326829908166, "learning_rate": 0.40074319656838425, "max_bin_exp": 5.94275757113394, "max_depth": 1.898066134558217, "n_estimators": 3079.1158254435563, "reg_alpha": 2.9467340888408735, "reg_lambda": 0.6740628135340365}, "datetime": {"datetime": "2024-02-19 15:21:23", "elapsed": 10.008301, "delta": 0.802937}}
{"target": -3.298976494520951, "params": {"colsample_bytree": 0.23539563924735207, "learning_rate": 0.09186548114735917, "max_bin_exp": 7.030806133382516, "max_depth": 1.3069245730431613, "n_estimators": 3279.6456331461536, "reg_alpha": 1.1660422301019557, "reg_lambda": 0.3817379630186306}, "datetime": {"datetime": "2024-02-19 15:21:24", "elapsed": 10.643518, "delta": 0.635217}}
{"target": -2.035573625417844, "params": {"colsample_bytree": 1.0, "learning_rate": 0.001, "max_bin_exp": 4.0, "max_depth": 6.0, "n_estimators": 2379.8361857285754, "reg_alpha": 0.0, "reg_lambda": 0.0}, "datetime": {"datetime": "2024-02-19 15:21:26", "elapsed": 12.838446, "delta": 2.194928}}
{"target": -2.035573625417844, "params": {"colsample_bytree": 1.0, "learning_rate": 0.001, "max_bin_exp": 4.0, "max_depth": 6.0, "n_estimators": 2125.822572849542, "reg_alpha": 0.0, "reg_lambda": 0.0}, "datetime": {"datetime": "2024-02-19 15:21:28", "elapsed": 15.250998, "delta": 2.412552}}
{"target": -3.8681325928319206, "params": {"colsample_bytree": 0.2, "learning_rate": 0.001, "max_bin_exp": 10.0, "max_depth": 6.0, "n_estimators": 2909.309174256407, "reg_alpha": 0.0, "reg_lambda": 0.0}, "datetime": {"datetime": "2024-02-19 15:21:31", "elapsed": 17.519727, "delta": 2.268729}}
{"target": -2.252657334021893, "params": {"colsample_bytree": 1.0, "learning_rate": 0.0010000000000000434, "max_bin_exp": 8.8047851332461, "max_depth": 4.400174137295168, "n_estimators": 1963.0628024626, "reg_alpha": 1.3914095221527636, "reg_lambda": 0.0}, "datetime": {"datetime": "2024-02-19 15:21:32", "elapsed": 18.987834, "delta": 1.468107}}
{"target": -0.6773134645255856, "params": {"colsample_bytree": 0.6183370179744618, "learning_rate": 0.3897299683108144, "max_bin_exp": 9.998141530550404, "max_depth": 5.97105113654389, "n_estimators": 4135.177722777356, "reg_alpha": 2.9667321330670937, "reg_lambda": 2.7360869699452155}, "datetime": {"datetime": "2024-02-19 15:21:57", "elapsed": 43.900848, "delta": 24.913014}}
{"target": -0.8007837435888947, "params": {"colsample_bytree": 1.0, "learning_rate": 0.5, "max_bin_exp": 5.811962788541586, "max_depth": 2.128145757836223, "n_estimators": 4202.511400787108, "reg_alpha": 2.999956363568, "reg_lambda": 1.8856625607641813}, "datetime": {"datetime": "2024-02-19 15:21:59", "elapsed": 45.890967, "delta": 1.990119}}
{"target": -3.1424913858874763, "params": {"colsample_bytree": 1.0, "learning_rate": 0.5, "max_bin_exp": 4.0, "max_depth": 1.0, "n_estimators": 4044.5529759321075, "reg_alpha": 0.0, "reg_lambda": 0.0}, "datetime": {"datetime": "2024-02-19 15:22:00", "elapsed": 47.226309, "delta": 1.335342}}
{"target": -3.153816801847929, "params": {"colsample_bytree": 0.2, "learning_rate": 0.001, "max_bin_exp": 10.0, "max_depth": 6.0, "n_estimators": 4286.186537665791, "reg_alpha": 3.0, "reg_lambda": 3.0}, "datetime": {"datetime": "2024-02-19 15:22:06", "elapsed": 52.845572, "delta": 5.619263}}
{"target": -1.3246279293638183, "params": {"colsample_bytree": 0.9892898163012227, "learning_rate": 0.2999301642576347, "max_bin_exp": 9.63920494967575, "max_depth": 1.0686723666930023, "n_estimators": 3138.565787993611, "reg_alpha": 1.198030095806922, "reg_lambda": 1.6072206419420447}, "datetime": {"datetime": "2024-02-19 15:22:07", "elapsed": 53.532388, "delta": 0.686816}}
{"target": -2.9866447236111116, "params": {"colsample_bytree": 0.4876925163255737, "learning_rate": 0.1306810840534953, "max_bin_exp": 8.553877199707646, "max_depth": 1.7062821143114462, "n_estimators": 902.680629045016, "reg_alpha": 0.7193137011293611, "reg_lambda": 1.1635205026805564}, "datetime": {"datetime": "2024-02-19 15:22:07", "elapsed": 53.914029, "delta": 0.381641}}
{"target": -0.6274900916585746, "params": {"colsample_bytree": 0.7632116884445721, "learning_rate": 0.16531705677535574, "max_bin_exp": 8.669122895099214, "max_depth": 5.841912359642743, "n_estimators": 3665.1448733082852, "reg_alpha": 2.971732969954563, "reg_lambda": 2.5196433726588423}, "datetime": {"datetime": "2024-02-19 15:22:12", "elapsed": 59.181708, "delta": 5.267679}}
{"target": -3.143476454793432, "params": {"colsample_bytree": 0.22514604024845328, "learning_rate": 0.17317586219827916, "max_bin_exp": 4.4419556103840545, "max_depth": 4.572575405349876, "n_estimators": 3597.8211412343653, "reg_alpha": 1.6253058477693927, "reg_lambda": 0.3532174491389713}, "datetime": {"datetime": "2024-02-19 15:22:16", "elapsed": 62.438299, "delta": 3.256591}}
{"target": -0.5870054232168079, "params": {"colsample_bytree": 1.0, "learning_rate": 0.1604866710583255, "max_bin_exp": 10.0, "max_depth": 6.0, "n_estimators": 3715.8661073616418, "reg_alpha": 3.0, "reg_lambda": 3.0}, "datetime": {"datetime": "2024-02-19 15:22:24", "elapsed": 70.39491, "delta": 7.956611}}
{"target": -2.012165539802554, "params": {"colsample_bytree": 0.5466218500720599, "learning_rate": 0.20036295424382936, "max_bin_exp": 5.621495992643595, "max_depth": 1.6603679361048402, "n_estimators": 3793.3537401614503, "reg_alpha": 2.296609548166274, "reg_lambda": 0.7676848673590431}, "datetime": {"datetime": "2024-02-19 15:22:25", "elapsed": 71.701237, "delta": 1.306327}}
{"target": -1.0215853147569445, "params": {"colsample_bytree": 0.7509436348157288, "learning_rate": 0.2571681542441206, "max_bin_exp": 8.686938285613877, "max_depth": 1.12988873540769, "n_estimators": 4637.612734135733, "reg_alpha": 2.333568575603923, "reg_lambda": 0.9571390789205324}, "datetime": {"datetime": "2024-02-19 15:22:26", "elapsed": 73.23087, "delta": 1.529633}}
{"target": -0.7174573625029426, "params": {"colsample_bytree": 0.7383276662264608, "learning_rate": 0.43848906312142416, "max_bin_exp": 8.021552529901344, "max_depth": 2.1903137393989356, "n_estimators": 4563.354657939064, "reg_alpha": 1.5481400341273188, "reg_lambda": 2.991691552323823}, "datetime": {"datetime": "2024-02-19 15:22:29", "elapsed": 76.197862, "delta": 2.966992}}
{"target": -4.2039625705037675, "params": {"colsample_bytree": 1.0, "learning_rate": 0.001, "max_bin_exp": 4.0, "max_depth": 1.0, "n_estimators": 4490.053921899986, "reg_alpha": 3.0, "reg_lambda": 0.0}, "datetime": {"datetime": "2024-02-19 15:22:31", "elapsed": 77.511135, "delta": 1.313273}}
{"target": -1.475867177789548, "params": {"colsample_bytree": 0.41240793127198627, "learning_rate": 0.5, "max_bin_exp": 4.0, "max_depth": 6.0, "n_estimators": 4712.005259152306, "reg_alpha": 0.0, "reg_lambda": 3.0}, "datetime": {"datetime": "2024-02-19 15:22:36", "elapsed": 82.761091, "delta": 5.249956}}
{"target": -0.9478316145675171, "params": {"colsample_bytree": 0.3750336251507796, "learning_rate": 0.3935763142717027, "max_bin_exp": 5.413582130096485, "max_depth": 5.664083292351117, "n_estimators": 2262.557089600018, "reg_alpha": 0.6383956882294783, "reg_lambda": 0.08658149487507771}, "datetime": {"datetime": "2024-02-19 15:22:40", "elapsed": 86.693334, "delta": 3.932243}}
{"target": -0.9003702618702917, "params": {"colsample_bytree": 0.9425873425950761, "learning_rate": 0.031239024659334223, "max_bin_exp": 5.965567081404877, "max_depth": 2.278719865063646, "n_estimators": 4806.589098069278, "reg_alpha": 2.44769293347081, "reg_lambda": 2.0651881649845056}, "datetime": {"datetime": "2024-02-19 15:22:42", "elapsed": 88.959395, "delta": 2.266061}}
{"target": -1.1189892261871857, "params": {"colsample_bytree": 0.2, "learning_rate": 0.5, "max_bin_exp": 10.0, "max_depth": 6.0, "n_estimators": 4866.603848114536, "reg_alpha": 0.0, "reg_lambda": 0.0}, "datetime": {"datetime": "2024-02-19 15:22:50", "elapsed": 97.107315, "delta": 8.14792}}
{"target": -3.3374339861405367, "params": {"colsample_bytree": 0.44580961327624746, "learning_rate": 0.12543207006120805, "max_bin_exp": 4.325450406114417, "max_depth": 1.2137002556154304, "n_estimators": 1219.036235215057, "reg_alpha": 1.6977619092993148, "reg_lambda": 0.5311110603400743}, "datetime": {"datetime": "2024-02-19 15:22:51", "elapsed": 97.476, "delta": 0.368685}}
{"target": -0.641785709450587, "params": {"colsample_bytree": 0.8705033280194356, "learning_rate": 0.2462292046015802, "max_bin_exp": 7.152923985671715, "max_depth": 5.84376677426973, "n_estimators": 588.8303106210009, "reg_alpha": 0.7914240382385405, "reg_lambda": 1.056774889164112}, "datetime": {"datetime": "2024-02-19 15:22:52", "elapsed": 98.80196, "delta": 1.32596}}
{"target": -2.2585876971810266, "params": {"colsample_bytree": 0.540163556358155, "learning_rate": 0.16501588644349582, "max_bin_exp": 6.914889124394155, "max_depth": 2.5955727429762376, "n_estimators": 524.3364255396318, "reg_alpha": 1.6498166494893791, "reg_lambda": 1.4467964985443635}, "datetime": {"datetime": "2024-02-19 15:22:52", "elapsed": 98.995871, "delta": 0.193911}}
{"target": -0.7250771321312971, "params": {"colsample_bytree": 0.4147038503443272, "learning_rate": 0.4845126524256789, "max_bin_exp": 9.54822662350646, "max_depth": 2.1297606041878123, "n_estimators": 647.1732515872899, "reg_alpha": 1.3118134264386834, "reg_lambda": 2.456866306583413}, "datetime": {"datetime": "2024-02-19 15:22:53", "elapsed": 100.163779, "delta": 1.167908}}
{"target": -0.7041948477533545, "params": {"colsample_bytree": 0.9574563147289372, "learning_rate": 0.4514254720425162, "max_bin_exp": 6.407923129514421, "max_depth": 5.515737651041438, "n_estimators": 724.752025277101, "reg_alpha": 2.031779189259623, "reg_lambda": 1.2660661571948635}, "datetime": {"datetime": "2024-02-19 15:22:55", "elapsed": 101.99956, "delta": 1.835781}}
{"target": -0.7245941333289194, "params": {"colsample_bytree": 0.9543450035714134, "learning_rate": 0.15494315356160498, "max_bin_exp": 9.610439849069989, "max_depth": 2.368063522621823, "n_estimators": 785.8568876519234, "reg_alpha": 2.740944501818416, "reg_lambda": 0.5941645193240179}, "datetime": {"datetime": "2024-02-19 15:22:56", "elapsed": 103.06073, "delta": 1.06117}}
{"target": -0.6494481409251412, "params": {"colsample_bytree": 0.9649998956061079, "learning_rate": 0.4022209310528804, "max_bin_exp": 8.965133243911623, "max_depth": 5.217686650993854, "n_estimators": 2624.9137159143042, "reg_alpha": 2.083731433698257, "reg_lambda": 1.0137880556750498}, "datetime": {"datetime": "2024-02-19 15:22:59", "elapsed": 105.738959, "delta": 2.678229}}
{"target": -1.4434421660494645, "params": {"colsample_bytree": 0.9909523093502861, "learning_rate": 0.23139932969283067, "max_bin_exp": 4.094477588913335, "max_depth": 2.4689333160057254, "n_estimators": 2693.1628685542128, "reg_alpha": 0.3218334958677467, "reg_lambda": 1.5371408531733908}, "datetime": {"datetime": "2024-02-19 15:23:01", "elapsed": 107.33057, "delta": 1.591611}}
{"target": -0.6427714530187001, "params": {"colsample_bytree": 0.6331045328842555, "learning_rate": 0.1243557253869071, "max_bin_exp": 8.911652482986511, "max_depth": 3.581152411131577, "n_estimators": 2554.9604831289766, "reg_alpha": 2.8036270631574602, "reg_lambda": 2.1248363449928926}, "datetime": {"datetime": "2024-02-19 15:23:02", "elapsed": 109.15538, "delta": 1.82481}}
{"target": -3.145093913515184, "params": {"colsample_bytree": 0.9179046280676826, "learning_rate": 0.2519372438003929, "max_bin_exp": 4.384398492101649, "max_depth": 1.7535142730163895, "n_estimators": 2488.6186135318517, "reg_alpha": 0.13531237419096864, "reg_lambda": 1.95077367936935}, "datetime": {"datetime": "2024-02-19 15:23:04", "elapsed": 110.512729, "delta": 1.357349}}
{"target": -3.1891906592631827, "params": {"colsample_bytree": 0.35705222600024905, "learning_rate": 0.2221691074376267, "max_bin_exp": 4.302674239582851, "max_depth": 1.981492784872947, "n_estimators": 1783.0343038181068, "reg_alpha": 0.0697311597118977, "reg_lambda": 2.052435691947231}, "datetime": {"datetime": "2024-02-19 15:23:04", "elapsed": 111.133418, "delta": 0.620689}}
{"target": -4.685954543502825, "params": {"colsample_bytree": 0.2, "learning_rate": 0.001, "max_bin_exp": 5.14063791820979, "max_depth": 6.0, "n_estimators": 100.0, "reg_alpha": 3.0, "reg_lambda": 0.0}, "datetime": {"datetime": "2024-02-19 15:23:05", "elapsed": 111.394482, "delta": 0.261064}}
{"target": -4.387874097033898, "params": {"colsample_bytree": 1.0, "learning_rate": 0.001, "max_bin_exp": 10.0, "max_depth": 1.0, "n_estimators": 1058.4196296161583, "reg_alpha": 3.0, "reg_lambda": 3.0}, "datetime": {"datetime": "2024-02-19 15:23:05", "elapsed": 111.91363, "delta": 0.519148}}
{"target": -2.20976587356403, "params": {"colsample_bytree": 1.0, "learning_rate": 0.001, "max_bin_exp": 10.0, "max_depth": 6.0, "n_estimators": 1377.3857039842014, "reg_alpha": 0.0, "reg_lambda": 0.0}, "datetime": {"datetime": "2024-02-19 15:23:07", "elapsed": 113.741965, "delta": 1.828335}}
{"target": -1.1950015800052967, "params": {"colsample_bytree": 0.7717231838701291, "learning_rate": 0.41622683443513103, "max_bin_exp": 9.778258581224565, "max_depth": 1.2688887889600977, "n_estimators": 3435.867246850636, "reg_alpha": 2.2638561414899696, "reg_lambda": 2.9151885380168823}, "datetime": {"datetime": "2024-02-19 15:23:08", "elapsed": 115.227732, "delta": 1.485767}}
{"target": -0.7844798947789768, "params": {"colsample_bytree": 0.3687799278728169, "learning_rate": 0.3290216681167137, "max_bin_exp": 9.430807576190865, "max_depth": 5.926548817930555, "n_estimators": 3907.618956700563, "reg_alpha": 0.03180036621160054, "reg_lambda": 0.19817074387862632}, "datetime": {"datetime": "2024-02-19 15:23:16", "elapsed": 122.492516, "delta": 7.264784}}
{"target": -1.0484618510475519, "params": {"colsample_bytree": 0.6427473686670702, "learning_rate": 0.062291083355288435, "max_bin_exp": 9.76742753222085, "max_depth": 5.858752805279771, "n_estimators": 401.57898535350023, "reg_alpha": 0.8584152136135234, "reg_lambda": 1.3190983068594875}, "datetime": {"datetime": "2024-02-19 15:23:16", "elapsed": 122.794821, "delta": 0.302305}}
{"target": -0.9645249504207863, "params": {"colsample_bytree": 1.0, "learning_rate": 0.5, "max_bin_exp": 10.0, "max_depth": 1.0, "n_estimators": 2777.506831261766, "reg_alpha": 0.0, "reg_lambda": 0.0}, "datetime": {"datetime": "2024-02-19 15:23:17", "elapsed": 123.599571, "delta": 0.80475}}
{"target": -3.138590392728932, "params": {"colsample_bytree": 0.9595314297348447, "learning_rate": 0.37867277852697273, "max_bin_exp": 4.629618464666511, "max_depth": 1.346338867320255, "n_estimators": 2589.033343034112, "reg_alpha": 1.9797617250298503, "reg_lambda": 0.5847037697887424}, "datetime": {"datetime": "2024-02-19 15:23:17", "elapsed": 124.218498, "delta": 0.618927}}
{"target": -4.450499560181262, "params": {"colsample_bytree": 0.2, "learning_rate": 0.001, "max_bin_exp": 4.0, "max_depth": 1.0, "n_estimators": 3690.8271639645773, "reg_alpha": 0.0, "reg_lambda": 0.0}, "datetime": {"datetime": "2024-02-19 15:23:19", "elapsed": 125.971789, "delta": 1.753291}}
{"target": -0.7267015091145833, "params": {"colsample_bytree": 0.6395131503822153, "learning_rate": 0.4763415480500499, "max_bin_exp": 7.060242962895002, "max_depth": 3.897325162956678, "n_estimators": 2288.0208011330983, "reg_alpha": 2.929612651573585, "reg_lambda": 1.3394957276962725}, "datetime": {"datetime": "2024-02-19 15:23:20", "elapsed": 127.16917, "delta": 1.197381}}
{"target": -0.589189570574388, "params": {"colsample_bytree": 1.0, "learning_rate": 0.2240753192463421, "max_bin_exp": 10.0, "max_depth": 6.0, "n_estimators": 3730.070800901229, "reg_alpha": 3.0, "reg_lambda": 3.0}, "datetime": {"datetime": "2024-02-19 15:23:31", "elapsed": 137.82476, "delta": 10.65559}}
{"target": -1.0577928613309755, "params": {"colsample_bytree": 0.3536398668250345, "learning_rate": 0.49177276154866856, "max_bin_exp": 5.825108291143249, "max_depth": 5.424240709732236, "n_estimators": 3648.5826486730066, "reg_alpha": 2.884794569170699, "reg_lambda": 1.3140171932282052}, "datetime": {"datetime": "2024-02-19 15:23:36", "elapsed": 142.386688, "delta": 4.561928}}
{"target": -0.671794536837188, "params": {"colsample_bytree": 0.8150249178969553, "learning_rate": 0.41182038127174964, "max_bin_exp": 9.413949753545221, "max_depth": 3.4824542074941447, "n_estimators": 609.432227779942, "reg_alpha": 1.6890721632383543, "reg_lambda": 0.2833156603694157}, "datetime": {"datetime": "2024-02-19 15:23:37", "elapsed": 143.339066, "delta": 0.952378}}
{"target": -2.4793822922213398, "params": {"colsample_bytree": 0.6088441329140875, "learning_rate": 0.0349656272367087, "max_bin_exp": 4.912966534154482, "max_depth": 2.681032895540744, "n_estimators": 628.0267106891165, "reg_alpha": 0.3075750161459505, "reg_lambda": 1.4704041800152632}, "datetime": {"datetime": "2024-02-19 15:23:37", "elapsed": 143.849832, "delta": 0.510766}}
{"target": -0.8388713800181703, "params": {"colsample_bytree": 0.21690284863952414, "learning_rate": 0.4057094093680949, "max_bin_exp": 9.643449434537105, "max_depth": 3.5857573826171687, "n_estimators": 663.7627404034965, "reg_alpha": 2.8510752247872353, "reg_lambda": 2.1355881784257447}, "datetime": {"datetime": "2024-02-19 15:23:38", "elapsed": 144.527043, "delta": 0.677211}}
{"target": -3.1425951320032954, "params": {"colsample_bytree": 0.2589682870922837, "learning_rate": 0.10388433411596454, "max_bin_exp": 4.8100208915163565, "max_depth": 5.470747330107608, "n_estimators": 2643.5021162012026, "reg_alpha": 2.6471125686908867, "reg_lambda": 1.6372870790813097}, "datetime": {"datetime": "2024-02-19 15:23:41", "elapsed": 147.777277, "delta": 3.250234}}
{"target": -1.0726043594036898, "params": {"colsample_bytree": 0.7028312473524456, "learning_rate": 0.032036018279707076, "max_bin_exp": 4.487124325064562, "max_depth": 5.034654734763126, "n_estimators": 2539.1042687531153, "reg_alpha": 1.984928150260725, "reg_lambda": 2.5806406229350323}, "datetime": {"datetime": "2024-02-19 15:23:45", "elapsed": 151.339631, "delta": 3.562354}}
{"target": -1.5799216888653487, "params": {"colsample_bytree": 0.5108880989824185, "learning_rate": 0.40590767459910465, "max_bin_exp": 9.16954750007396, "max_depth": 1.6510146984029168, "n_estimators": 3163.831293430671, "reg_alpha": 0.2714626363007825, "reg_lambda": 2.911464003720984}, "datetime": {"datetime": "2024-02-19 15:23:45", "elapsed": 152.121228, "delta": 0.781597}}
{"target": -0.6445615764030961, "params": {"colsample_bytree": 0.709444554775557, "learning_rate": 0.16864091115526325, "max_bin_exp": 6.949948175136343, "max_depth": 3.4321283411020196, "n_estimators": 743.6080770937714, "reg_alpha": 2.599990970772568, "reg_lambda": 0.6192556421526548}, "datetime": {"datetime": "2024-02-19 15:23:46", "elapsed": 152.83937, "delta": 0.718142}}
{"target": -0.8131192728901835, "params": {"colsample_bytree": 0.31566037206219344, "learning_rate": 0.19628466869551894, "max_bin_exp": 8.469276315035241, "max_depth": 2.9873674881668464, "n_estimators": 764.5437942112143, "reg_alpha": 0.06539957920837791, "reg_lambda": 1.1409659170365236}, "datetime": {"datetime": "2024-02-19 15:23:47", "elapsed": 153.434606, "delta": 0.595236}}
