{"target": -0.699454585792211, "params": {"colsample_bytree": 0.6390508031418598, "learning_rate": 0.3578794938198373, "max_bin_exp": 7.616580256429863, "max_depth": 3.724415914984484, "n_estimators": 2175.908516760633, "reg_alpha": 1.9376823391999682, "reg_lambda": 1.3127616337880776}, "datetime": {"datetime": "2024-02-19 13:14:57", "elapsed": 0.0, "delta": 0.0}}
{"target": -0.7148713864460113, "params": {"colsample_bytree": 0.9134184006256638, "learning_rate": 0.4818677174900136, "max_bin_exp": 6.300649112954666, "max_depth": 4.958625190413323, "n_estimators": 2691.5851067892318, "reg_alpha": 1.704133683281797, "reg_lambda": 2.776789914877983}, "datetime": {"datetime": "2024-02-19 13:14:58", "elapsed": 1.321665, "delta": 1.321665}}
{"target": -3.1425540378486936, "params": {"colsample_bytree": 0.25682884655830956, "learning_rate": 0.044477520551068815, "max_bin_exp": 4.121310384641954, "max_depth": 5.16309922773969, "n_estimators": 3912.9680796542675, "reg_alpha": 2.6100364447404574, "reg_lambda": 2.935855026698292}, "datetime": {"datetime": "2024-02-19 13:15:01", "elapsed": 4.717497, "delta": 3.395832}}
{"target": -2.425584307068032, "params": {"colsample_bytree": 0.8123079610053541, "learning_rate": 0.004376418988070157, "max_bin_exp": 4.296628979953259, "max_depth": 4.746767878057939, "n_estimators": 795.8493788097787, "reg_alpha": 2.8999028662311606, "reg_lambda": 0.9684182249130953}, "datetime": {"datetime": "2024-02-19 13:15:02", "elapsed": 5.415662, "delta": 0.698165}}
{"target": -0.6580174544373822, "params": {"colsample_bytree": 0.5717186359905239, "learning_rate": 0.344742985317309, "max_bin_exp": 9.60607703999398, "max_depth": 4.8807628793294455, "n_estimators": 2234.119196323234, "reg_alpha": 2.0347910515038006, "reg_lambda": 2.488104041086473}, "datetime": {"datetime": "2024-02-19 13:15:04", "elapsed": 7.180002, "delta": 1.76434}}
{"target": -0.8547814956979755, "params": {"colsample_bytree": 1.0, "learning_rate": 0.5, "max_bin_exp": 10.0, "max_depth": 1.0, "n_estimators": 5000.0, "reg_alpha": 0.0, "reg_lambda": 0.0}, "datetime": {"datetime": "2024-02-19 13:15:06", "elapsed": 9.084081, "delta": 1.904079}}
{"target": -3.5894096602048022, "params": {"colsample_bytree": 0.2, "learning_rate": 0.5, "max_bin_exp": 10.0, "max_depth": 1.0, "n_estimators": 100.0, "reg_alpha": 0.0, "reg_lambda": 0.0}, "datetime": {"datetime": "2024-02-19 13:15:06", "elapsed": 9.281207, "delta": 0.197126}}
{"target": -3.8835832688323917, "params": {"colsample_bytree": 0.2, "learning_rate": 0.001, "max_bin_exp": 10.0, "max_depth": 6.0, "n_estimators": 1536.768745955272, "reg_alpha": 0.0, "reg_lambda": 3.0}, "datetime": {"datetime": "2024-02-19 13:15:08", "elapsed": 11.828994, "delta": 2.547787}}
{"target": -1.9232712332509416, "params": {"colsample_bytree": 0.44922856027980806, "learning_rate": 0.005732268777607597, "max_bin_exp": 7.401593856172986, "max_depth": 3.1691843186536386, "n_estimators": 2175.9718075525743, "reg_alpha": 0.995405730809352, "reg_lambda": 0.4454476450540946}, "datetime": {"datetime": "2024-02-19 13:15:10", "elapsed": 13.037763, "delta": 1.208769}}
{"target": -0.8401507969721046, "params": {"colsample_bytree": 0.21280244370278212, "learning_rate": 0.21346628513415886, "max_bin_exp": 9.93755985470695, "max_depth": 4.754348052027185, "n_estimators": 2233.978421190401, "reg_alpha": 2.994994446466709, "reg_lambda": 2.127152137156796}, "datetime": {"datetime": "2024-02-19 13:15:11", "elapsed": 14.49528, "delta": 1.457517}}
{"target": -0.6553473427646098, "params": {"colsample_bytree": 0.7865600870327578, "learning_rate": 0.07015804455782894, "max_bin_exp": 7.777908714071039, "max_depth": 3.3335046891424884, "n_estimators": 2173.412659090902, "reg_alpha": 2.1614619557979937, "reg_lambda": 2.121800366647288}, "datetime": {"datetime": "2024-02-19 13:15:12", "elapsed": 15.594678, "delta": 1.099398}}
{"target": -0.7399062376440935, "params": {"colsample_bytree": 0.8873113829901347, "learning_rate": 0.14309992387430323, "max_bin_exp": 5.279541812589441, "max_depth": 5.2061736678703845, "n_estimators": 2174.608638147636, "reg_alpha": 1.6840153279442687, "reg_lambda": 2.128558177761887}, "datetime": {"datetime": "2024-02-19 13:15:14", "elapsed": 17.386266, "delta": 1.791588}}
{"target": -1.3589967075005887, "params": {"colsample_bytree": 0.23537464966696522, "learning_rate": 0.07014971554731063, "max_bin_exp": 7.479060046354396, "max_depth": 2.8680860342343566, "n_estimators": 2236.667461780856, "reg_alpha": 0.021296323844634535, "reg_lambda": 1.635333512935718}, "datetime": {"datetime": "2024-02-19 13:15:15", "elapsed": 18.307674, "delta": 0.921408}}
{"target": -0.8564205581685499, "params": {"colsample_bytree": 0.26484956847936814, "learning_rate": 0.2267691221483183, "max_bin_exp": 9.581746536282504, "max_depth": 5.437467989264468, "n_estimators": 2175.776353098933, "reg_alpha": 1.2444049987173487, "reg_lambda": 2.0620250158752587}, "datetime": {"datetime": "2024-02-19 13:15:17", "elapsed": 19.986275, "delta": 1.678601}}
{"target": -1.4274016303489325, "params": {"colsample_bytree": 0.4208450480066788, "learning_rate": 0.08494615909097558, "max_bin_exp": 4.163373028360275, "max_depth": 4.730795993500858, "n_estimators": 2695.6354805380624, "reg_alpha": 2.1660741543820445, "reg_lambda": 2.8411773521321253}, "datetime": {"datetime": "2024-02-19 13:15:18", "elapsed": 21.361134, "delta": 1.374859}}
{"target": -0.812387500409016, "params": {"colsample_bytree": 0.29527433341504344, "learning_rate": 0.14852256088182797, "max_bin_exp": 5.9208008378312424, "max_depth": 5.150103975345762, "n_estimators": 2179.0937764150226, "reg_alpha": 2.8257141075969625, "reg_lambda": 2.050772796272759}, "datetime": {"datetime": "2024-02-19 13:15:20", "elapsed": 23.10565, "delta": 1.744516}}
{"target": -1.8258900393626414, "params": {"colsample_bytree": 0.26630151493629867, "learning_rate": 0.46088755398220155, "max_bin_exp": 5.687795554561255, "max_depth": 2.812736507980473, "n_estimators": 2687.0705546652393, "reg_alpha": 2.7802111474302853, "reg_lambda": 2.354709808795148}, "datetime": {"datetime": "2024-02-19 13:15:20", "elapsed": 23.87887, "delta": 0.77322}}
{"target": -1.826465965273272, "params": {"colsample_bytree": 0.24351446724173062, "learning_rate": 0.25744862517016304, "max_bin_exp": 5.466760716591815, "max_depth": 5.360030494172691, "n_estimators": 2230.8044661624867, "reg_alpha": 1.6123288000483937, "reg_lambda": 1.140309456059195}, "datetime": {"datetime": "2024-02-19 13:15:22", "elapsed": 25.290535, "delta": 1.411665}}
{"target": -0.6481200708388507, "params": {"colsample_bytree": 0.6382818232835599, "learning_rate": 0.3002395939503984, "max_bin_exp": 9.643298445872988, "max_depth": 3.5453023619504704, "n_estimators": 2691.648823980145, "reg_alpha": 0.5658021928823663, "reg_lambda": 2.7582602282795663}, "datetime": {"datetime": "2024-02-19 13:15:23", "elapsed": 26.707033, "delta": 1.416498}}
{"target": -0.628044240753737, "params": {"colsample_bytree": 0.8974961522426792, "learning_rate": 0.14748982477129835, "max_bin_exp": 8.627459730235504, "max_depth": 5.749156105013151, "n_estimators": 2692.882952579106, "reg_alpha": 1.1697270048780009, "reg_lambda": 0.00030898970082537947}, "datetime": {"datetime": "2024-02-19 13:15:25", "elapsed": 28.587481, "delta": 1.880448}}
{"target": -0.7090607968955979, "params": {"colsample_bytree": 0.5380616073503399, "learning_rate": 0.3975603560497114, "max_bin_exp": 9.520612296452187, "max_depth": 2.7784703180980532, "n_estimators": 2695.9341218021914, "reg_alpha": 0.5029245868743337, "reg_lambda": 1.481876694455118}, "datetime": {"datetime": "2024-02-19 13:15:26", "elapsed": 29.520622, "delta": 0.933141}}
{"target": -0.6394317917175179, "params": {"colsample_bytree": 0.5845799804517466, "learning_rate": 0.03287376458725114, "max_bin_exp": 6.115658264361379, "max_depth": 4.360486123934569, "n_estimators": 4998.896601541417, "reg_alpha": 0.7262545973528144, "reg_lambda": 2.802856314227798}, "datetime": {"datetime": "2024-02-19 13:15:30", "elapsed": 33.053401, "delta": 3.532779}}
{"target": -3.1395307763344515, "params": {"colsample_bytree": 0.6042208836523115, "learning_rate": 0.28084111504091475, "max_bin_exp": 4.426105227537996, "max_depth": 1.1850878864306642, "n_estimators": 4996.84613245104, "reg_alpha": 0.01790516822743604, "reg_lambda": 0.34160244949430274}, "datetime": {"datetime": "2024-02-19 13:15:31", "elapsed": 34.5973, "delta": 1.543899}}
{"target": -0.7152747652527659, "params": {"colsample_bytree": 0.8758877053381882, "learning_rate": 0.12430501001448746, "max_bin_exp": 7.1252949859919905, "max_depth": 2.3550171594349574, "n_estimators": 2694.2551616418327, "reg_alpha": 2.494949641762471, "reg_lambda": 0.7557510603727347}, "datetime": {"datetime": "2024-02-19 13:15:32", "elapsed": 35.500142, "delta": 0.902842}}
{"target": -0.6819212591388595, "params": {"colsample_bytree": 0.7553274507046499, "learning_rate": 0.4894932664572545, "max_bin_exp": 8.820910059732395, "max_depth": 5.262861797462837, "n_estimators": 4997.589521865157, "reg_alpha": 2.8413788711026715, "reg_lambda": 2.26962702777793}, "datetime": {"datetime": "2024-02-19 13:15:37", "elapsed": 40.416837, "delta": 4.916695}}
{"target": -0.658087308356506, "params": {"colsample_bytree": 0.9548265458450682, "learning_rate": 0.446000089763325, "max_bin_exp": 9.740527462271283, "max_depth": 5.31008714906277, "n_estimators": 2170.6633515256094, "reg_alpha": 2.913787208932721, "reg_lambda": 2.6212819285449642}, "datetime": {"datetime": "2024-02-19 13:15:40", "elapsed": 43.100122, "delta": 2.683285}}
{"target": -0.8361727379726489, "params": {"colsample_bytree": 0.44084648663446907, "learning_rate": 0.28829870461141827, "max_bin_exp": 5.917689077910758, "max_depth": 5.683223724704578, "n_estimators": 2166.844476037507, "reg_alpha": 2.2656150041693994, "reg_lambda": 1.605273941538281}, "datetime": {"datetime": "2024-02-19 13:15:42", "elapsed": 45.014775, "delta": 1.914653}}
{"target": -2.142924375801848, "params": {"colsample_bytree": 0.6200577941423877, "learning_rate": 0.1728691014016681, "max_bin_exp": 8.872287393622047, "max_depth": 1.6032692891325053, "n_estimators": 2163.1698867358127, "reg_alpha": 0.697621651186269, "reg_lambda": 2.8386448038578362}, "datetime": {"datetime": "2024-02-19 13:15:42", "elapsed": 45.69199, "delta": 0.677215}}
{"target": -1.667365144058969, "params": {"colsample_bytree": 0.9775282201431506, "learning_rate": 0.2025812170125148, "max_bin_exp": 9.992928348504233, "max_depth": 1.649618068764937, "n_estimators": 2702.833941174067, "reg_alpha": 2.422762352866989, "reg_lambda": 0.5741511875452409}, "datetime": {"datetime": "2024-02-19 13:15:43", "elapsed": 46.789074, "delta": 1.097084}}
{"target": -0.592830665514608, "params": {"colsample_bytree": 0.7453998535004132, "learning_rate": 0.061695085924549434, "max_bin_exp": 9.711671156172345, "max_depth": 5.092624356941608, "n_estimators": 2185.60660053011, "reg_alpha": 1.9135314970388233, "reg_lambda": 2.2522325121870304}, "datetime": {"datetime": "2024-02-19 13:15:45", "elapsed": 48.834488, "delta": 2.045414}}
{"target": -0.69722247289754, "params": {"colsample_bytree": 0.9486894375121899, "learning_rate": 0.2732348433431772, "max_bin_exp": 6.661707704368561, "max_depth": 2.40781388778667, "n_estimators": 2188.0896134260524, "reg_alpha": 0.912004686133574, "reg_lambda": 1.5627836295405229}, "datetime": {"datetime": "2024-02-19 13:15:46", "elapsed": 49.812377, "delta": 0.977889}}
{"target": -0.6342591929143125, "params": {"colsample_bytree": 0.9944357974434166, "learning_rate": 0.25178255983819275, "max_bin_exp": 9.660989811637993, "max_depth": 3.592726178208075, "n_estimators": 2191.2325282824477, "reg_alpha": 2.3329289997195266, "reg_lambda": 1.7933172670968562}, "datetime": {"datetime": "2024-02-19 13:15:48", "elapsed": 51.182821, "delta": 1.370444}}
{"target": -1.3303754710453817, "params": {"colsample_bytree": 0.42351179398613237, "learning_rate": 0.3318793926402217, "max_bin_exp": 4.566373007860557, "max_depth": 5.987583967072396, "n_estimators": 2187.130142547642, "reg_alpha": 2.4273357906838253, "reg_lambda": 2.888455787586856}, "datetime": {"datetime": "2024-02-19 13:15:50", "elapsed": 53.089233, "delta": 1.906412}}
{"target": -2.989745417455273, "params": {"colsample_bytree": 0.5060535362260088, "learning_rate": 0.06347292878706967, "max_bin_exp": 9.429754884746817, "max_depth": 1.1419233550860293, "n_estimators": 2185.7908561657387, "reg_alpha": 0.03527976621705298, "reg_lambda": 1.1674591396798255}, "datetime": {"datetime": "2024-02-19 13:15:50", "elapsed": 53.774767, "delta": 0.685534}}
{"target": -0.6998434212934763, "params": {"colsample_bytree": 0.5301753006973184, "learning_rate": 0.2913019745068817, "max_bin_exp": 6.471576162818528, "max_depth": 4.780462339925818, "n_estimators": 2192.452240530519, "reg_alpha": 0.17760669405242246, "reg_lambda": 2.8402743614522694}, "datetime": {"datetime": "2024-02-19 13:15:52", "elapsed": 55.269065, "delta": 1.494298}}
{"target": -0.8658097165318605, "params": {"colsample_bytree": 0.49633032240426317, "learning_rate": 0.485367307370606, "max_bin_exp": 5.926517374513162, "max_depth": 4.67756025531153, "n_estimators": 2191.0749360731074, "reg_alpha": 2.959198641268762, "reg_lambda": 0.644984274569232}, "datetime": {"datetime": "2024-02-19 13:15:53", "elapsed": 56.923021, "delta": 1.653956}}
{"target": -2.0314613568385123, "params": {"colsample_bytree": 0.8610403370713575, "learning_rate": 0.13930543528985553, "max_bin_exp": 6.202306542250211, "max_depth": 1.8469480999033112, "n_estimators": 2194.4493454186495, "reg_alpha": 2.005969153384097, "reg_lambda": 2.721421182745304}, "datetime": {"datetime": "2024-02-19 13:15:54", "elapsed": 57.517967, "delta": 0.594946}}
{"target": -0.7752573833623911, "params": {"colsample_bytree": 0.41769325032559207, "learning_rate": 0.25456824907570635, "max_bin_exp": 9.814394203862989, "max_depth": 5.5084001609530535, "n_estimators": 4998.058635429162, "reg_alpha": 0.8416617420890273, "reg_lambda": 0.2907421065219371}, "datetime": {"datetime": "2024-02-19 13:15:59", "elapsed": 62.811183, "delta": 5.293216}}
{"target": -0.6707646350915136, "params": {"colsample_bytree": 0.5172243082488577, "learning_rate": 0.21852670446596972, "max_bin_exp": 8.090884883820582, "max_depth": 5.432427421818484, "n_estimators": 2188.3676920450926, "reg_alpha": 1.14266736247555, "reg_lambda": 1.2155737548296695}, "datetime": {"datetime": "2024-02-19 13:16:01", "elapsed": 64.631048, "delta": 1.819865}}
{"target": -0.6596135807687074, "params": {"colsample_bytree": 0.8471484370464832, "learning_rate": 0.29404552951497265, "max_bin_exp": 7.997442989487798, "max_depth": 5.906192042817899, "n_estimators": 4999.962993655384, "reg_alpha": 0.05246067632391649, "reg_lambda": 1.966124738169086}, "datetime": {"datetime": "2024-02-19 13:16:06", "elapsed": 69.24992, "delta": 4.618872}}
{"target": -0.7119097192921668, "params": {"colsample_bytree": 0.6833735631578746, "learning_rate": 0.3572647078564843, "max_bin_exp": 9.88905827584718, "max_depth": 2.291823842507565, "n_estimators": 4999.8784361789, "reg_alpha": 2.602519322223465, "reg_lambda": 1.7881435497244191}, "datetime": {"datetime": "2024-02-19 13:16:08", "elapsed": 71.956307, "delta": 2.706387}}
{"target": -2.9370973125735635, "params": {"colsample_bytree": 0.39814652324577876, "learning_rate": 0.2940868387309624, "max_bin_exp": 4.5708909276541565, "max_depth": 2.888370752677026, "n_estimators": 449.9110445725827, "reg_alpha": 0.42093048315716775, "reg_lambda": 2.377810792784804}, "datetime": {"datetime": "2024-02-19 13:16:09", "elapsed": 72.102471, "delta": 0.146164}}
{"target": -1.2400853813941854, "params": {"colsample_bytree": 0.3834197327892812, "learning_rate": 0.42050809754429647, "max_bin_exp": 8.591871139707454, "max_depth": 1.6813978776743501, "n_estimators": 4725.965239118822, "reg_alpha": 0.47989058968038256, "reg_lambda": 0.10821763435226983}, "datetime": {"datetime": "2024-02-19 13:16:10", "elapsed": 73.702116, "delta": 1.599645}}
{"target": -1.0609148596913252, "params": {"colsample_bytree": 0.9582302088618917, "learning_rate": 0.15995814754869347, "max_bin_exp": 4.516989824120497, "max_depth": 5.494016374734076, "n_estimators": 2171.4487936690384, "reg_alpha": 2.734837919927953, "reg_lambda": 1.7157255565350285}, "datetime": {"datetime": "2024-02-19 13:16:12", "elapsed": 75.365578, "delta": 1.663462}}
{"target": -0.6565274269038371, "params": {"colsample_bytree": 0.8094794982250295, "learning_rate": 0.010200084778024268, "max_bin_exp": 9.525593524304231, "max_depth": 5.969612016954056, "n_estimators": 2189.971925461391, "reg_alpha": 2.830411819799033, "reg_lambda": 2.9864746311488446}, "datetime": {"datetime": "2024-02-19 13:16:14", "elapsed": 77.801776, "delta": 2.436198}}
{"target": -0.6500209666990349, "params": {"colsample_bytree": 1.0, "learning_rate": 0.5, "max_bin_exp": 7.618404600564382, "max_depth": 6.0, "n_estimators": 2175.5851333083174, "reg_alpha": 3.0, "reg_lambda": 3.0}, "datetime": {"datetime": "2024-02-19 13:16:17", "elapsed": 80.079101, "delta": 2.277325}}
{"target": -0.7372987479565751, "params": {"colsample_bytree": 0.9092614000296677, "learning_rate": 0.4577127197144676, "max_bin_exp": 9.913721234819272, "max_depth": 2.519603839706904, "n_estimators": 4735.0910650430405, "reg_alpha": 2.817259852821031, "reg_lambda": 1.2041344158056086}, "datetime": {"datetime": "2024-02-19 13:16:19", "elapsed": 82.881651, "delta": 2.80255}}
{"target": -0.8015115164937913, "params": {"colsample_bytree": 0.39575264666595844, "learning_rate": 0.1314978747947365, "max_bin_exp": 5.108450370811778, "max_depth": 3.650046545647968, "n_estimators": 4736.250094413505, "reg_alpha": 2.2196175865336087, "reg_lambda": 0.4374085420467524}, "datetime": {"datetime": "2024-02-19 13:16:22", "elapsed": 85.401245, "delta": 2.519594}}
{"target": -0.6170513946283546, "params": {"colsample_bytree": 0.7472269504439533, "learning_rate": 0.17338251212454442, "max_bin_exp": 9.035534999759857, "max_depth": 5.736310508144522, "n_estimators": 4736.935825996534, "reg_alpha": 0.15197630276799223, "reg_lambda": 0.9625666393898379}, "datetime": {"datetime": "2024-02-19 13:16:28", "elapsed": 91.058344, "delta": 5.657099}}
{"target": -0.7589449063662311, "params": {"colsample_bytree": 0.3049642223647614, "learning_rate": 0.17293621946435922, "max_bin_exp": 7.510918382355859, "max_depth": 4.4913311143583385, "n_estimators": 4740.788666319203, "reg_alpha": 1.8197305636236707, "reg_lambda": 0.6029804185028151}, "datetime": {"datetime": "2024-02-19 13:16:32", "elapsed": 95.048791, "delta": 3.990447}}
{"target": -1.9886532855755652, "params": {"colsample_bytree": 0.7761821763877907, "learning_rate": 0.0707980249595823, "max_bin_exp": 7.889529057454366, "max_depth": 1.3237154549092003, "n_estimators": 4738.7474573855325, "reg_alpha": 0.8283090020880151, "reg_lambda": 2.345054317791872}, "datetime": {"datetime": "2024-02-19 13:16:33", "elapsed": 96.882793, "delta": 1.834002}}
{"target": -0.8082207057550981, "params": {"colsample_bytree": 0.651704762439455, "learning_rate": 0.2283733373303382, "max_bin_exp": 5.6190376526791646, "max_depth": 5.72814528133734, "n_estimators": 4732.47079369575, "reg_alpha": 1.8393584768690339, "reg_lambda": 1.5597457898543907}, "datetime": {"datetime": "2024-02-19 13:16:38", "elapsed": 101.408854, "delta": 4.526061}}
{"target": -0.9111402458907134, "params": {"colsample_bytree": 0.2807413643514509, "learning_rate": 0.4015376398812945, "max_bin_exp": 8.642941332406807, "max_depth": 5.58841906620382, "n_estimators": 4744.993709025355, "reg_alpha": 2.9336400861732668, "reg_lambda": 1.2712399898946996}, "datetime": {"datetime": "2024-02-19 13:16:42", "elapsed": 105.573418, "delta": 4.164564}}
{"target": -3.1434797830508474, "params": {"colsample_bytree": 0.2, "learning_rate": 0.5, "max_bin_exp": 4.0, "max_depth": 6.0, "n_estimators": 4739.576166683661, "reg_alpha": 0.0, "reg_lambda": 0.0}, "datetime": {"datetime": "2024-02-19 13:16:47", "elapsed": 110.040313, "delta": 4.466895}}
{"target": -0.673998540132121, "params": {"colsample_bytree": 0.5066803979033319, "learning_rate": 0.15612079748788582, "max_bin_exp": 8.570555672895944, "max_depth": 5.3804003573958425, "n_estimators": 4733.474602528219, "reg_alpha": 2.8568230464933126, "reg_lambda": 1.418633063685559}, "datetime": {"datetime": "2024-02-19 13:16:52", "elapsed": 114.979363, "delta": 4.93905}}
{"target": -0.7215525230539556, "params": {"colsample_bytree": 0.5569106332380132, "learning_rate": 0.12324995365176775, "max_bin_exp": 7.706571568520225, "max_depth": 2.2514960127141617, "n_estimators": 4731.240335748422, "reg_alpha": 1.5890308536098203, "reg_lambda": 1.0681064702463128}, "datetime": {"datetime": "2024-02-19 13:16:54", "elapsed": 117.115746, "delta": 2.136383}}
{"target": -0.6698256961077272, "params": {"colsample_bytree": 0.423513889568199, "learning_rate": 0.06571076937971308, "max_bin_exp": 9.996812940869356, "max_depth": 5.672921682496202, "n_estimators": 2195.508875645167, "reg_alpha": 1.8872323349575628, "reg_lambda": 0.3620607097533123}, "datetime": {"datetime": "2024-02-19 13:16:56", "elapsed": 119.210634, "delta": 2.094888}}
{"target": -0.626629120469927, "params": {"colsample_bytree": 0.8428375611160952, "learning_rate": 0.3255481942798391, "max_bin_exp": 9.928360622152594, "max_depth": 5.931018429345279, "n_estimators": 2192.14490320916, "reg_alpha": 0.05620707624094401, "reg_lambda": 2.162259254177732}, "datetime": {"datetime": "2024-02-19 13:16:58", "elapsed": 121.340881, "delta": 2.130247}}
{"target": -3.1530157290489647, "params": {"colsample_bytree": 0.5792725951547122, "learning_rate": 0.0968778231821504, "max_bin_exp": 4.105372026113141, "max_depth": 1.4602061206187384, "n_estimators": 4728.448674781257, "reg_alpha": 2.5896840371181726, "reg_lambda": 0.3809912713703939}, "datetime": {"datetime": "2024-02-19 13:16:59", "elapsed": 122.723975, "delta": 1.383094}}
