{"target": 4.807622550936161, "params": {"u": 4.243490198038412, "v": 4.691509833815709, "x": 4.277535189943793, "y": 4.24012577501605}, "datetime": {"datetime": "2024-02-27 11:01:43", "elapsed": 1684.564855, "delta": 4.941062}}
{"target": 0.9369454784111478, "params": {"u": 4.6676828247754845, "v": 5.188222060431833, "x": 3.197840542799776, "y": 4.3018770506566115}, "datetime": {"datetime": "2024-02-27 11:01:58", "elapsed": 1700.077538, "delta": 15.512683}}
{"target": 8.688841712263093, "params": {"u": 4.894944652761156, "v": 4.6781878249542865, "x": 3.859270911136253, "y": 4.049786003486813}, "datetime": {"datetime": "2024-02-27 11:02:09", "elapsed": 1710.342107, "delta": 10.264569}}
{"target": 0.697944514462798, "params": {"u": 7.375846929333701, "v": 2.953424659025674, "x": 7.861744792278259, "y": 0.5689384429975564}, "datetime": {"datetime": "2024-02-27 11:02:13", "elapsed": 1714.373966, "delta": 4.031859}}
{"target": 1.2482871305504923, "params": {"u": 5.372740445960557, "v": 4.446558097598109, "x": 3.5505411185030464, "y": 4.247920250181952}, "datetime": {"datetime": "2024-02-27 11:02:22", "elapsed": 1724.08014, "delta": 9.706174}}
{"target": 2.5004995473340825, "params": {"u": 4.733694063225999, "v": 4.501059021554463, "x": 4.544560164256567, "y": 3.613291313685396}, "datetime": {"datetime": "2024-02-27 11:02:32", "elapsed": 1733.929564, "delta": 9.849424}}
{"target": 0.6640196557357188, "params": {"u": 8.62192632894071, "v": 3.121789202954056, "x": 7.080162227675483, "y": 4.716931697222874}, "datetime": {"datetime": "2024-02-27 11:02:38", "elapsed": 1740.038105, "delta": 6.108541}}
{"target": 1.313750351802303, "params": {"u": 5.061883776387742, "v": 4.251347448418382, "x": 4.945804472865623, "y": 4.106426933077648}, "datetime": {"datetime": "2024-02-27 11:02:50", "elapsed": 1751.58546, "delta": 11.547355}}
{"target": 0.22403518944893924, "params": {"u": 3.2119292802174746, "v": 9.220692381869897, "x": 5.874199936946406, "y": 9.8448039402658}, "datetime": {"datetime": "2024-02-27 11:02:55", "elapsed": 1756.498389, "delta": 4.912929}}
{"target": 3.8902335479522745, "params": {"u": 4.357750572698685, "v": 4.845576573130438, "x": 4.007357933701105, "y": 4.44098073520717}, "datetime": {"datetime": "2024-02-27 11:03:08", "elapsed": 1769.729998, "delta": 13.231609}}
{"target": 0.3414479494984267, "params": {"u": 6.418188490014584, "v": 3.647291968340174, "x": 4.198838286420595, "y": 7.511745954571534}, "datetime": {"datetime": "2024-02-27 11:03:13", "elapsed": 1774.968972, "delta": 5.238974}}
{"target": 0.20224775463693342, "params": {"u": 8.052624873847726, "v": 2.006981320513784, "x": 4.558764128500617, "y": 8.607232193293378}, "datetime": {"datetime": "2024-02-27 11:03:22", "elapsed": 1783.678802, "delta": 8.70983}}
{"target": 0.2667961584759022, "params": {"u": 0.314165497189659, "v": 6.432594202596579, "x": 2.1317563571577436, "y": 6.871307565482447}, "datetime": {"datetime": "2024-02-27 11:03:29", "elapsed": 1790.285231, "delta": 6.606429}}
{"target": 8.362187888690368, "params": {"u": 4.881957893142774, "v": 4.7371954213250635, "x": 3.8654593712998517, "y": 3.9026094511015597}, "datetime": {"datetime": "2024-02-27 11:03:35", "elapsed": 1796.964165, "delta": 6.678934}}
{"target": 9.736330424915064, "params": {"u": 4.300045458943327, "v": 4.5572104028488605, "x": 3.9079097911511695, "y": 4.006731692890975}, "datetime": {"datetime": "2024-02-27 11:03:53", "elapsed": 1814.939992, "delta": 17.975827}}
{"target": 8.91801415025323, "params": {"u": 4.639581849787422, "v": 4.555967990313205, "x": 3.8900178941934147, "y": 3.915853689357279}, "datetime": {"datetime": "2024-02-27 11:04:01", "elapsed": 1822.318549, "delta": 7.378557}}
{"target": 6.748244819808367, "params": {"u": 4.77166178538168, "v": 4.203081547580684, "x": 4.176650530068487, "y": 4.173003261798877}, "datetime": {"datetime": "2024-02-27 11:04:11", "elapsed": 1832.237547, "delta": 9.918998}}
{"target": 0.19196630621143254, "params": {"u": 8.296489254590432, "v": 3.3377395345832364, "x": 5.798293178722183, "y": 9.699049408659892}, "datetime": {"datetime": "2024-02-27 11:04:16", "elapsed": 1837.90861, "delta": 5.671063}}
{"target": 0.1524338888802404, "params": {"u": 3.23412202557852, "v": 9.771732023205383, "x": 7.04698693428679, "y": 0.44440535272271764}, "datetime": {"datetime": "2024-02-27 11:04:21", "elapsed": 1842.777305, "delta": 4.868695}}
{"target": 0.49690783881091827, "params": {"u": 8.552380209567296, "v": 9.77584370558502, "x": 8.215166642238676, "y": 6.671315645146478}, "datetime": {"datetime": "2024-02-27 11:04:26", "elapsed": 1848.03463, "delta": 5.257325}}
{"target": 5.837817074811456, "params": {"u": 4.047709019124551, "v": 4.120413166990954, "x": 4.253646072477598, "y": 3.8376769314009076}, "datetime": {"datetime": "2024-02-27 11:04:34", "elapsed": 1856.097462, "delta": 8.062832}}
{"target": 6.7923337773916, "params": {"u": 4.923266542787505, "v": 4.385959044094966, "x": 4.20675041640691, "y": 4.132189907978968}, "datetime": {"datetime": "2024-02-27 11:04:43", "elapsed": 1864.688554, "delta": 8.591092}}
{"target": 0.15293410106047678, "params": {"u": 2.5653116056344483, "v": 7.151074973354442, "x": 8.752980810292858, "y": 9.820013507263068}, "datetime": {"datetime": "2024-02-27 11:04:52", "elapsed": 1874.089273, "delta": 9.400719}}
{"target": 0.1063314681352636, "params": {"u": 6.559648144638817, "v": 0.6069433302069505, "x": 0.39365148783911397, "y": 9.98843843999596}, "datetime": {"datetime": "2024-02-27 11:05:02", "elapsed": 1883.586442, "delta": 9.497169}}
{"target": 0.25489525714967265, "params": {"u": 2.390415807021106, "v": 0.4373524698844622, "x": 4.543851875081867, "y": 4.640079289276384}, "datetime": {"datetime": "2024-02-27 11:05:07", "elapsed": 1888.379206, "delta": 4.792764}}
{"target": 0.15891875709086353, "params": {"u": 0.7726620180628496, "v": 9.908707073080713, "x": 7.116036355745756, "y": 5.505867790775648}, "datetime": {"datetime": "2024-02-27 11:05:12", "elapsed": 1893.873925, "delta": 5.494719}}
{"target": 0.3083360482102415, "params": {"u": 6.953562724110927, "v": 4.3765529506856815, "x": 6.1910513715064415, "y": 8.749229704573477}, "datetime": {"datetime": "2024-02-27 11:05:18", "elapsed": 1899.86697, "delta": 5.993045}}
{"target": 0.5265594025878764, "params": {"u": 6.876319355944035, "v": 3.259174536073389, "x": 4.337544076652473, "y": 0.5560926431860425}, "datetime": {"datetime": "2024-02-27 11:05:24", "elapsed": 1905.624769, "delta": 5.757799}}
{"target": 0.3110392144433881, "params": {"u": 9.121201249389912, "v": 5.040805001934147, "x": 3.8367613647869483, "y": 3.1894093121467373}, "datetime": {"datetime": "2024-02-27 11:05:30", "elapsed": 1911.962608, "delta": 6.337839}}
{"target": 0.17786649195322374, "params": {"u": 9.462229563899287, "v": 0.056091673182472324, "x": 2.821771413783206, "y": 0.06847894826898515}, "datetime": {"datetime": "2024-02-27 11:05:43", "elapsed": 1924.798998, "delta": 12.83639}}
{"target": 0.2006438103657958, "params": {"u": 1.646933018658966, "v": 4.9253641659601355, "x": 8.740266140948396, "y": 5.0223509578640435}, "datetime": {"datetime": "2024-02-27 11:05:47", "elapsed": 1928.321503, "delta": 3.522505}}
{"target": 0.14997288245846374, "params": {"u": 6.9256658881330875, "v": 0.8994745772334567, "x": 2.738793490426661, "y": 8.911470825580412}, "datetime": {"datetime": "2024-02-27 11:05:52", "elapsed": 1933.215737, "delta": 4.894234}}
{"target": 0.9971914428332732, "params": {"u": 3.646211683155751, "v": 4.0335425470532975, "x": 4.712643228670257, "y": 3.545342291053325}, "datetime": {"datetime": "2024-02-27 11:05:59", "elapsed": 1941.086582, "delta": 7.870845}}
{"target": 0.44713448903892394, "params": {"u": 2.9099899398482676, "v": 6.216870368970941, "x": 1.5461868111518229, "y": 7.090155949035326}, "datetime": {"datetime": "2024-02-27 11:06:04", "elapsed": 1945.753153, "delta": 4.666571}}
{"target": 0.6581423116800038, "params": {"u": 4.459088848391232, "v": 3.5483198862254484, "x": 3.178898718394063, "y": 2.2413362649471558}, "datetime": {"datetime": "2024-02-27 11:06:10", "elapsed": 1951.954698, "delta": 6.201545}}
{"target": 0.2577399223672217, "params": {"u": 9.543923944288839, "v": 9.68806706390187, "x": 9.770264206348344, "y": 6.663807289095347}, "datetime": {"datetime": "2024-02-27 11:06:14", "elapsed": 1955.460947, "delta": 3.506249}}
{"target": 1.097140990171663, "params": {"u": 3.8273735881178927, "v": 4.399798425088238, "x": 4.363964247312229, "y": 3.4781664958659353}, "datetime": {"datetime": "2024-02-27 11:06:21", "elapsed": 1963.006814, "delta": 7.545867}}
{"target": 6.134037177622598, "params": {"u": 4.486175143666965, "v": 4.697770011598456, "x": 3.806522734085208, "y": 4.199488668483439}, "datetime": {"datetime": "2024-02-27 11:06:32", "elapsed": 1973.906107, "delta": 10.899293}}
{"target": 0.17011485404925605, "params": {"u": 5.417755575594353, "v": 1.726864858906273, "x": 3.417921110303035, "y": 9.37368452792089}, "datetime": {"datetime": "2024-02-27 11:06:35", "elapsed": 1976.399774, "delta": 2.493667}}
{"target": 0.10363140266912538, "params": {"u": 0.27778345839763463, "v": 0.32825939983127106, "x": 0.18090232187806365, "y": 8.606941489212929}, "datetime": {"datetime": "2024-02-27 11:06:51", "elapsed": 1992.859062, "delta": 16.459288}}
{"target": 0.48521950510851763, "params": {"u": 6.093002872454633, "v": 0.06077988796577061, "x": 7.533067559044351, "y": 2.18544147238139}, "datetime": {"datetime": "2024-02-27 11:07:02", "elapsed": 2003.855164, "delta": 10.996102}}
{"target": 0.9999230122451085, "params": {"u": 4.308400028629105, "v": 5.262863269316531, "x": 4.310165992386915, "y": 4.827346946833503}, "datetime": {"datetime": "2024-02-27 11:07:16", "elapsed": 2018.116852, "delta": 14.261688}}
{"target": 0.17712547540690105, "params": {"u": 6.3841431603453715, "v": 0.28842555437032624, "x": 8.371960179738451, "y": 7.7473572112862215}, "datetime": {"datetime": "2024-02-27 11:07:22", "elapsed": 2023.380078, "delta": 5.263226}}
{"target": 6.954964192218357, "params": {"u": 4.471082524603594, "v": 4.739569356011108, "x": 4.020677395880722, "y": 3.763348345776131}, "datetime": {"datetime": "2024-02-27 11:07:35", "elapsed": 2036.20446, "delta": 12.824382}}
{"target": 0.28248792202744943, "params": {"u": 3.0758860835794657, "v": 8.143047432011903, "x": 5.965530301599006, "y": 8.930869329183226}, "datetime": {"datetime": "2024-02-27 11:07:43", "elapsed": 2044.741857, "delta": 8.537397}}
{"target": 0.25965267846563456, "params": {"u": 4.949172079627619, "v": 2.675618011674011, "x": 0.031122612432809005, "y": 2.2420962774622177}, "datetime": {"datetime": "2024-02-27 11:07:54", "elapsed": 2055.790007, "delta": 11.04815}}
{"target": 0.518026119926667, "params": {"u": 2.5224930608011222, "v": 4.77052866784343, "x": 4.921695996766621, "y": 4.105675376462879}, "datetime": {"datetime": "2024-02-27 11:08:01", "elapsed": 2063.105582, "delta": 7.315575}}
{"target": 0.2855395637719491, "params": {"u": 7.517735435852886, "v": 0.04977376451271498, "x": 3.5179674899572655, "y": 4.612583424451545}, "datetime": {"datetime": "2024-02-27 11:08:08", "elapsed": 2069.360853, "delta": 6.255271}}
{"target": 0.447661566407007, "params": {"u": 3.8470681817545485, "v": 7.238345820863048, "x": 0.9331003421992878, "y": 7.278104491023912}, "datetime": {"datetime": "2024-02-27 11:08:14", "elapsed": 2075.493427, "delta": 6.132574}}
{"target": 1.3155634403484953, "params": {"u": 4.622959727978672, "v": 5.000013023351306, "x": 3.9551442592106767, "y": 3.7819477644646957}, "datetime": {"datetime": "2024-02-27 11:08:23", "elapsed": 2084.922971, "delta": 9.429544}}
{"target": 0.8887316315763583, "params": {"u": 4.401304255519895, "v": 5.099873090552154, "x": 3.8425710775230337, "y": 2.9890759465918704}, "datetime": {"datetime": "2024-02-27 11:08:28", "elapsed": 2089.445482, "delta": 4.522511}}
{"target": 0.21630301677452357, "params": {"u": 6.416491619620225, "v": 8.825017133689851, "x": 3.061981483435811, "y": 1.3287032381897168}, "datetime": {"datetime": "2024-02-27 11:08:32", "elapsed": 2093.297215, "delta": 3.851733}}
{"target": 0.3032217242402337, "params": {"u": 9.694783176498973, "v": 8.286602705621082, "x": 7.374096605071121, "y": 9.954371238434476}, "datetime": {"datetime": "2024-02-27 11:08:46", "elapsed": 2107.269659, "delta": 13.972444}}
{"target": 0.20150793065292125, "params": {"u": 0.15086115113201015, "v": 3.032599588922963, "x": 1.0266106492448657, "y": 5.36162491067755}, "datetime": {"datetime": "2024-02-27 11:08:51", "elapsed": 2112.246593, "delta": 4.976934}}
{"target": 0.17287901044970305, "params": {"u": 7.541302975920167, "v": 4.852816565558968, "x": 9.504733103738715, "y": 9.908571390536146}, "datetime": {"datetime": "2024-02-27 11:08:57", "elapsed": 2118.721366, "delta": 6.474773}}
{"target": 0.17583506174899557, "params": {"u": 3.8088715576431795, "v": 2.9544656645979437, "x": 7.905579133503885, "y": 8.823119628794473}, "datetime": {"datetime": "2024-02-27 11:09:03", "elapsed": 2124.681301, "delta": 5.959935}}
{"target": 9.7988828463755, "params": {"u": 4.867534244881093, "v": 4.50061421150703, "x": 4.074288868603295, "y": 4.050092860592635}, "datetime": {"datetime": "2024-02-27 11:09:12", "elapsed": 2133.361664, "delta": 8.680363}}
{"target": 0.12564240849137193, "params": {"u": 1.6314302900078226, "v": 9.943782760306044, "x": 8.33386477861552, "y": 1.258467800938604}, "datetime": {"datetime": "2024-02-27 11:09:20", "elapsed": 2141.294054, "delta": 7.93239}}
{"target": 0.33059716897433883, "params": {"u": 5.140938310989646, "v": 9.040304797962012, "x": 5.815155738221343, "y": 5.250755993875763}, "datetime": {"datetime": "2024-02-27 11:09:36", "elapsed": 2157.885844, "delta": 16.59179}}
{"target": 0.45603393408874604, "params": {"u": 2.388826977848386, "v": 6.252350901624445, "x": 3.113498520940714, "y": 8.46663604324423}, "datetime": {"datetime": "2024-02-27 11:09:41", "elapsed": 2162.90287, "delta": 5.017026}}
{"target": 9.049581420432682, "params": {"u": 4.67993124575067, "v": 4.6164507220491675, "x": 4.132368773184566, "y": 4.013842239040189}, "datetime": {"datetime": "2024-02-27 11:09:54", "elapsed": 2176.18393, "delta": 13.28106}}
{"target": 0.3824922258257655, "params": {"u": 9.878985183295066, "v": 3.884806493709, "x": 8.917917838889352, "y": 1.620561682974877}, "datetime": {"datetime": "2024-02-27 11:10:05", "elapsed": 2186.729705, "delta": 10.545775}}
{"target": 0.19458526285850303, "params": {"u": 9.801767210829448, "v": 7.092029530949423, "x": 4.683321113445723, "y": 0.5782185902475012}, "datetime": {"datetime": "2024-02-27 11:10:19", "elapsed": 2200.317568, "delta": 13.587863}}
{"target": 2.8507994813072255, "params": {"u": 4.71338533573742, "v": 4.0123569006216, "x": 3.5046922076769835, "y": 3.7240988201707204}, "datetime": {"datetime": "2024-02-27 11:10:24", "elapsed": 2205.742019, "delta": 5.424451}}
{"target": 0.20562577335049229, "params": {"u": 5.671678121146744, "v": 8.540091928788758, "x": 0.2270975468024894, "y": 3.912189963857954}, "datetime": {"datetime": "2024-02-27 11:10:30", "elapsed": 2211.799339, "delta": 6.05732}}
{"target": 0.23560058895682912, "params": {"u": 7.214228493586306, "v": 7.960135715752335, "x": 1.6954829011273331, "y": 8.06967391708892}, "datetime": {"datetime": "2024-02-27 11:10:36", "elapsed": 2217.288706, "delta": 5.489367}}
{"target": 0.33374876207092197, "params": {"u": 7.090827553993475, "v": 2.0442524520602747, "x": 2.266646966941872, "y": 4.195502621946433}, "datetime": {"datetime": "2024-02-27 11:10:40", "elapsed": 2221.655873, "delta": 4.367167}}
{"target": 0.12402130124053487, "params": {"u": 0.6349768388779331, "v": 3.4515192863351785, "x": 9.688479669654203, "y": 7.627563545194805}, "datetime": {"datetime": "2024-02-27 11:11:00", "elapsed": 2241.394888, "delta": 19.739015}}
{"target": 0.130809683035191, "params": {"u": 2.776805246947566, "v": 0.08023595672364214, "x": 7.535410001192517, "y": 8.90692947729907}, "datetime": {"datetime": "2024-02-27 11:11:04", "elapsed": 2245.510593, "delta": 4.115705}}
{"target": 0.16309751297125813, "params": {"u": 2.7266099970083357, "v": 2.6820925484296074, "x": 0.04212973722990676, "y": 7.6499227053767065}, "datetime": {"datetime": "2024-02-27 11:11:21", "elapsed": 2262.50965, "delta": 16.999057}}
{"target": 5.767671010860807, "params": {"u": 4.738114423632906, "v": 4.370579797529003, "x": 3.933385083625386, "y": 4.292218208394765}, "datetime": {"datetime": "2024-02-27 11:11:32", "elapsed": 2273.305906, "delta": 10.796256}}
{"target": 0.25118637982192427, "params": {"u": 8.727249913285448, "v": 0.24666955395455714, "x": 7.768543073633359, "y": 5.569171703086279}, "datetime": {"datetime": "2024-02-27 11:11:49", "elapsed": 2291.095165, "delta": 17.789259}}
{"target": 0.16040633056013276, "params": {"u": 0.37188337245252834, "v": 1.5788789029477712, "x": 3.712215656268861, "y": 7.316322301978495}, "datetime": {"datetime": "2024-02-27 11:11:55", "elapsed": 2296.371158, "delta": 5.275993}}
{"target": 6.84096754796173, "params": {"u": 4.465793742676815, "v": 4.694578899785281, "x": 3.878102791287641, "y": 4.207009067277721}, "datetime": {"datetime": "2024-02-27 11:12:09", "elapsed": 2311.081488, "delta": 14.71033}}
{"target": 3.4553132678315905, "params": {"u": 4.090502628774981, "v": 4.249130310032362, "x": 4.431482093886011, "y": 3.73857770009972}, "datetime": {"datetime": "2024-02-27 11:12:23", "elapsed": 2324.47202, "delta": 13.390532}}
{"target": 0.26840593046726524, "params": {"u": 8.563335146908093, "v": 4.868366230979931, "x": 3.371139702964893, "y": 0.18898363179899347}, "datetime": {"datetime": "2024-02-27 11:12:33", "elapsed": 2334.742702, "delta": 10.270682}}
{"target": 0.15199293620748075, "params": {"u": 1.7131992079204572, "v": 6.955133711260423, "x": 9.983170055480013, "y": 6.51262214620872}, "datetime": {"datetime": "2024-02-27 11:12:38", "elapsed": 2339.489258, "delta": 4.746556}}
{"target": 3.005634932341184, "params": {"u": 4.699025011863801, "v": 4.720527255828662, "x": 3.9485877290647298, "y": 4.541559799679077}, "datetime": {"datetime": "2024-02-27 11:12:43", "elapsed": 2344.298284, "delta": 4.809026}}
{"target": 0.40207236786990835, "params": {"u": 7.609023326276455, "v": 4.749518725239707, "x": 2.738120242725074, "y": 5.01885975537374}, "datetime": {"datetime": "2024-02-27 11:12:47", "elapsed": 2348.543285, "delta": 4.245001}}
{"target": 0.5201622218969892, "params": {"u": 6.223058068968711, "v": 3.619309384714252, "x": 4.452948403648191, "y": 5.972839434212815}, "datetime": {"datetime": "2024-02-27 11:12:52", "elapsed": 2354.07281, "delta": 5.529525}}
{"target": 0.1153154238531929, "params": {"u": 0.14475097497763878, "v": 9.564157805128643, "x": 2.3512298742104534, "y": 0.14693954925854902}, "datetime": {"datetime": "2024-02-27 11:13:03", "elapsed": 2364.981727, "delta": 10.908917}}
{"target": 10.403974645297266, "params": {"u": 4.825462729636269, "v": 4.039810849034441, "x": 3.9905792723581412, "y": 3.9643196983198026}, "datetime": {"datetime": "2024-02-27 11:13:28", "elapsed": 2389.820833, "delta": 24.839106}}
{"target": 0.21350049977468308, "params": {"u": 0.2769893678554869, "v": 4.567705363990698, "x": 2.390216257022887, "y": 0.18022727172805286}, "datetime": {"datetime": "2024-02-27 11:13:38", "elapsed": 2399.2132, "delta": 9.392367}}
{"target": 0.21079150817071338, "params": {"u": 0.21595504011717503, "v": 3.976760126049319, "x": 6.124465034548629, "y": 5.7299676968774795}, "datetime": {"datetime": "2024-02-27 11:13:46", "elapsed": 2408.092367, "delta": 8.879167}}
{"target": 0.19350879641969226, "params": {"u": 1.6575257150809153, "v": 2.439187504609434, "x": 8.434357920855364, "y": 4.948917525368285}, "datetime": {"datetime": "2024-02-27 11:14:01", "elapsed": 2422.859389, "delta": 14.767022}}
{"target": 0.1621761666089215, "params": {"u": 9.918673216640034, "v": 8.111290909319388, "x": 2.279950238452865, "y": 2.001861350914893}, "datetime": {"datetime": "2024-02-27 11:14:13", "elapsed": 2434.458297, "delta": 11.598908}}
{"target": 0.362139594259072, "params": {"u": 1.454237487438611, "v": 0.018259932814588264, "x": 2.734758457980254, "y": 0.5640438972666106}, "datetime": {"datetime": "2024-02-27 11:14:25", "elapsed": 2447.117895, "delta": 12.659598}}
{"target": 0.1707058439298327, "params": {"u": 2.852798057868608, "v": 0.0, "x": 0.0, "y": 5.294434858606727}, "datetime": {"datetime": "2024-02-27 11:14:36", "elapsed": 2457.582522, "delta": 10.464627}}
{"target": 0.16315723125596762, "params": {"u": 9.947186489432504, "v": 1.9285883014835625, "x": 9.740966346257908, "y": 7.1437021988777705}, "datetime": {"datetime": "2024-02-27 11:14:51", "elapsed": 2472.58117, "delta": 14.998648}}
{"target": 8.392031494490954, "params": {"u": 4.924016602449589, "v": 4.150630773484192, "x": 3.9508860959126935, "y": 4.156617289365169}, "datetime": {"datetime": "2024-02-27 11:14:56", "elapsed": 2477.658036, "delta": 5.076866}}
{"target": 0.11379484240738558, "params": {"u": 9.820364671751204, "v": 9.964098972972257, "x": 0.6751553630181417, "y": 9.994618451691968}, "datetime": {"datetime": "2024-02-27 11:15:08", "elapsed": 2489.250785, "delta": 11.592749}}
{"target": 0.17978962376492064, "params": {"u": 6.8283740638987025, "v": 9.762758829515203, "x": 7.976863579098945, "y": 1.3631674499130908}, "datetime": {"datetime": "2024-02-27 11:15:17", "elapsed": 2498.706944, "delta": 9.456159}}
{"target": 0.15760180976188404, "params": {"u": 0.06936520710626448, "v": 1.34121965920866, "x": 8.071369541466067, "y": 1.9591909106898397}, "datetime": {"datetime": "2024-02-27 11:15:34", "elapsed": 2515.508703, "delta": 16.801759}}
{"target": 5.899512877571709, "params": {"u": 4.696218706132473, "v": 4.625615437350215, "x": 4.115652460077576, "y": 3.726675392489327}, "datetime": {"datetime": "2024-02-27 11:15:44", "elapsed": 2525.84589, "delta": 10.337187}}
