{"target": -0.038362713773838646, "params": {"u": 13.0, "v": 13.0, "w": 9.943255598230904, "x": 4.876661232841007, "y": 0.1}, "datetime": {"datetime": "2024-02-25 10:27:58", "elapsed": 2182.64401, "delta": 9.413439}}
{"target": 0.010661466967028424, "params": {"u": 13.0, "v": 7.001364616945529, "w": 1.0, "x": 0.5, "y": 5.0}, "datetime": {"datetime": "2024-02-25 10:28:06", "elapsed": 2190.462704, "delta": 7.818694}}
{"target": 0.012121275816702203, "params": {"u": 1.0, "v": 8.46799406142412, "w": 13.0, "x": 0.5, "y": 5.0}, "datetime": {"datetime": "2024-02-25 10:28:17", "elapsed": 2201.414864, "delta": 10.95216}}
{"target": -0.05879151120946157, "params": {"u": 4.924958805806816, "v": 3.1857167357782097, "w": 7.551338078135593, "x": 8.0, "y": 0.1}, "datetime": {"datetime": "2024-02-25 10:28:23", "elapsed": 2207.394438, "delta": 5.979574}}
{"target": -0.027376284930731826, "params": {"u": 13.0, "v": 6.698776890691942, "w": 1.0, "x": 8.0, "y": 5.0}, "datetime": {"datetime": "2024-02-25 10:28:29", "elapsed": 2214.068967, "delta": 6.674529}}
{"target": 4.119360651500557, "params": {"u": 7.115661924987425, "v": 12.634177664052991, "w": 11.415393910245083, "x": 2.529954493969291, "y": 2.5236010552290282}, "datetime": {"datetime": "2024-02-25 10:28:38", "elapsed": 2222.578323, "delta": 8.509356}}
{"target": -0.061287951652436154, "params": {"u": 9.580766995762463, "v": 7.372820642756469, "w": 11.153674684097151, "x": 8.0, "y": 5.0}, "datetime": {"datetime": "2024-02-25 10:28:52", "elapsed": 2237.088801, "delta": 14.510478}}
{"target": 3.7046157665924007, "params": {"u": 8.413929891273316, "v": 12.909272758781585, "w": 10.891530297382195, "x": 1.8401522849774214, "y": 1.239876764685955}, "datetime": {"datetime": "2024-02-25 10:29:05", "elapsed": 2249.892753, "delta": 12.803952}}
{"target": 1.3929750063208757, "params": {"u": 8.421937349274494, "v": 12.990350767468996, "w": 10.696295690789633, "x": 3.3606978071949176, "y": 3.327782470256062}, "datetime": {"datetime": "2024-02-25 10:29:15", "elapsed": 2259.424804, "delta": 9.532051}}
{"target": -0.03481480468789189, "params": {"u": 13.0, "v": 13.0, "w": 3.671915974741553, "x": 4.757775901592786, "y": 0.1}, "datetime": {"datetime": "2024-02-25 10:29:26", "elapsed": 2270.736914, "delta": 11.31211}}
{"target": -0.04458004298242771, "params": {"u": 1.0, "v": 5.064845496362025, "w": 6.432088379044773, "x": 4.958380102507841, "y": 0.1}, "datetime": {"datetime": "2024-02-25 10:29:43", "elapsed": 2288.181654, "delta": 17.44474}}
{"target": 4.72386031978753, "params": {"u": 7.821231104847071, "v": 12.552796491238512, "w": 11.246884915924744, "x": 1.8921846283889272, "y": 1.843554561730786}, "datetime": {"datetime": "2024-02-25 10:29:56", "elapsed": 2301.080001, "delta": 12.898347}}
{"target": -0.027376284930731826, "params": {"u": 1.0, "v": 4.944085980359751, "w": 1.0, "x": 8.0, "y": 5.0}, "datetime": {"datetime": "2024-02-25 10:30:06", "elapsed": 2310.358282, "delta": 9.278281}}
{"target": 0.02612907140189052, "params": {"u": 4.22072674744149, "v": 13.0, "w": 5.116751437324041, "x": 0.5, "y": 5.0}, "datetime": {"datetime": "2024-02-25 10:30:19", "elapsed": 2323.882388, "delta": 13.524106}}
{"target": 0.03928301519486034, "params": {"u": 1.0, "v": 13.0, "w": 13.0, "x": 8.0, "y": 2.019351922301986}, "datetime": {"datetime": "2024-02-25 10:30:29", "elapsed": 2334.065187, "delta": 10.182799}}
{"target": 0.0062997215801698795, "params": {"u": 13.0, "v": 5.812576226686996, "w": 1.0, "x": 3.7705947864428015, "y": 1.990350424891673}, "datetime": {"datetime": "2024-02-25 10:30:37", "elapsed": 2341.916695, "delta": 7.851508}}
{"target": -0.06894504243767564, "params": {"u": 8.620338971648376, "v": 12.788363841871224, "w": 12.149594699827192, "x": 2.2045343246716715, "y": 1.9753459077763398}, "datetime": {"datetime": "2024-02-25 10:30:44", "elapsed": 2348.842466, "delta": 6.925771}}
{"target": 0.05651070853766835, "params": {"u": 5.23494702415271, "v": 1.0, "w": 9.200347052299001, "x": 0.5, "y": 5.0}, "datetime": {"datetime": "2024-02-25 10:30:56", "elapsed": 2361.082977, "delta": 12.240511}}
{"target": 0.02612907140189052, "params": {"u": 1.0, "v": 13.0, "w": 8.364577706931618, "x": 0.5, "y": 5.0}, "datetime": {"datetime": "2024-02-25 10:31:05", "elapsed": 2369.601286, "delta": 8.518309}}
{"target": 4.59246326497489, "params": {"u": 7.298808956488511, "v": 12.965557854798998, "w": 11.410245465154473, "x": 1.8414882396915226, "y": 1.7682100357324593}, "datetime": {"datetime": "2024-02-25 10:31:13", "elapsed": 2377.472105, "delta": 7.870819}}
{"target": 4.953984153051657, "params": {"u": 8.729500065136133, "v": 12.553144881547485, "w": 9.674581071369719, "x": 2.0420202608208555, "y": 2.0449240036559524}, "datetime": {"datetime": "2024-02-25 10:31:20", "elapsed": 2385.108823, "delta": 7.636718}}
{"target": 3.64227476601573, "params": {"u": 6.3777556834430555, "v": 12.025737080271922, "w": 9.131715951540603, "x": 2.173754909955401, "y": 1.5593710760027086}, "datetime": {"datetime": "2024-02-25 10:31:31", "elapsed": 2396.235421, "delta": 11.126598}}
{"target": 0.009914891351156753, "params": {"u": 13.0, "v": 1.0, "w": 4.215108456702831, "x": 5.109033323931663, "y": 5.0}, "datetime": {"datetime": "2024-02-25 10:31:46", "elapsed": 2410.466082, "delta": 14.230661}}
{"target": 0.03672728197002542, "params": {"u": 2.111138958024804, "v": 5.131193994348605, "w": 1.0, "x": 0.5, "y": 0.1}, "datetime": {"datetime": "2024-02-25 10:31:54", "elapsed": 2418.890992, "delta": 8.42491}}
{"target": -0.0871236564567003, "params": {"u": 6.844102005512306, "v": 1.0, "w": 1.0, "x": 0.5, "y": 3.625926157402227}, "datetime": {"datetime": "2024-02-25 10:32:08", "elapsed": 2432.44707, "delta": 13.556078}}
{"target": -0.0501026551445302, "params": {"u": 8.416025986716251, "v": 10.379471380607308, "w": 1.0, "x": 0.5, "y": 0.1}, "datetime": {"datetime": "2024-02-25 10:32:15", "elapsed": 2439.558535, "delta": 7.111465}}
{"target": 4.7685053248100155, "params": {"u": 6.840297554511109, "v": 12.389708325375263, "w": 10.691930092282151, "x": 1.9362547335178752, "y": 1.8671260818931055}, "datetime": {"datetime": "2024-02-25 10:32:24", "elapsed": 2448.950434, "delta": 9.391899}}
{"target": 0.031426081373574895, "params": {"u": 1.0, "v": 1.0, "w": 1.0, "x": 3.9601526245990617, "y": 5.0}, "datetime": {"datetime": "2024-02-25 10:32:39", "elapsed": 2463.452972, "delta": 14.502538}}
{"target": -0.02455026816066179, "params": {"u": 1.0, "v": 5.16541303940187, "w": 6.1297492581572, "x": 8.0, "y": 3.36336778365721}, "datetime": {"datetime": "2024-02-25 10:32:45", "elapsed": 2469.585871, "delta": 6.132899}}
{"target": 4.63526752339107, "params": {"u": 8.636991830055027, "v": 12.397117246415961, "w": 10.673694694527697, "x": 2.024228908640465, "y": 1.8289158625700228}, "datetime": {"datetime": "2024-02-25 10:32:52", "elapsed": 2477.274415, "delta": 7.688544}}
{"target": 0.004887012679217165, "params": {"u": 1.0, "v": 13.0, "w": 6.098198480897109, "x": 8.0, "y": 2.1949117279566086}, "datetime": {"datetime": "2024-02-25 10:33:00", "elapsed": 2485.108631, "delta": 7.834216}}
{"target": 0.1478579957680746, "params": {"u": 7.29974775940262, "v": 13.0, "w": 6.08359630010452, "x": 8.0, "y": 5.0}, "datetime": {"datetime": "2024-02-25 10:33:12", "elapsed": 2496.938272, "delta": 11.829641}}
{"target": -0.053386099839201416, "params": {"u": 13.0, "v": 3.066899401529215, "w": 10.279274472313507, "x": 8.0, "y": 2.3073230252303003}, "datetime": {"datetime": "2024-02-25 10:33:25", "elapsed": 2509.42846, "delta": 12.490188}}
{"target": 0.030191711324595024, "params": {"u": 1.0, "v": 1.0, "w": 1.0, "x": 8.0, "y": 5.0}, "datetime": {"datetime": "2024-02-25 10:33:33", "elapsed": 2517.376164, "delta": 7.947704}}
{"target": -0.045491030786609016, "params": {"u": 13.0, "v": 3.5541011225555117, "w": 1.0, "x": 0.5, "y": 0.1}, "datetime": {"datetime": "2024-02-25 10:33:45", "elapsed": 2529.595247, "delta": 12.219083}}
{"target": 0.0509426708108474, "params": {"u": 9.647796977643617, "v": 13.0, "w": 1.0, "x": 8.0, "y": 5.0}, "datetime": {"datetime": "2024-02-25 10:33:55", "elapsed": 2539.837541, "delta": 10.242294}}
{"target": 0.06485398282358865, "params": {"u": 1.0, "v": 13.0, "w": 13.0, "x": 0.5, "y": 0.1}, "datetime": {"datetime": "2024-02-25 10:34:03", "elapsed": 2547.496277, "delta": 7.658736}}
{"target": -0.045491030786609016, "params": {"u": 1.0, "v": 1.0, "w": 1.0, "x": 0.5, "y": 0.1}, "datetime": {"datetime": "2024-02-25 10:34:13", "elapsed": 2558.167369, "delta": 10.671092}}
{"target": -0.025183355778611964, "params": {"u": 9.553939568572028, "v": 1.0, "w": 1.0, "x": 5.301151499981913, "y": 0.1}, "datetime": {"datetime": "2024-02-25 10:34:24", "elapsed": 2568.440843, "delta": 10.273474}}
{"target": 0.03796275742616612, "params": {"u": 6.373129881316529, "v": 7.467737383124364, "w": 1.0, "x": 8.0, "y": 5.0}, "datetime": {"datetime": "2024-02-25 10:34:30", "elapsed": 2574.860239, "delta": 6.419396}}
{"target": -0.07398621627715969, "params": {"u": 10.694836383434353, "v": 5.735115275050845, "w": 13.0, "x": 4.3342269260650665, "y": 0.1}, "datetime": {"datetime": "2024-02-25 10:34:34", "elapsed": 2579.097479, "delta": 4.23724}}
{"target": 0.0254843192796725, "params": {"u": 4.651009767299036, "v": 1.0, "w": 11.379342455841673, "x": 0.5, "y": 0.1}, "datetime": {"datetime": "2024-02-25 10:34:37", "elapsed": 2582.236557, "delta": 3.139078}}
{"target": 0.02544637922332946, "params": {"u": 10.5485584403574, "v": 9.127643719346782, "w": 13.0, "x": 4.55238305861641, "y": 5.0}, "datetime": {"datetime": "2024-02-25 10:34:41", "elapsed": 2586.242274, "delta": 4.005717}}
{"target": 3.8449583673651615, "params": {"u": 6.270603472820697, "v": 12.936016905680177, "w": 9.657125479757145, "x": 2.3836060373546752, "y": 2.0572517321002652}, "datetime": {"datetime": "2024-02-25 10:34:45", "elapsed": 2589.980671, "delta": 3.738397}}
{"target": -0.16031028816981968, "params": {"u": 7.621561944136653, "v": 13.0, "w": 3.5299440827687727, "x": 0.5, "y": 1.9662638120612013}, "datetime": {"datetime": "2024-02-25 10:34:49", "elapsed": 2593.740759, "delta": 3.760088}}
{"target": -0.019269111361649084, "params": {"u": 3.6616021265209047, "v": 8.281466918487498, "w": 13.0, "x": 4.7989570429126776, "y": 0.1}, "datetime": {"datetime": "2024-02-25 10:34:52", "elapsed": 2597.213148, "delta": 3.472389}}
{"target": 0.3482845315437564, "params": {"u": 6.356458205817302, "v": 1.0, "w": 11.496503336152479, "x": 3.829796489661933, "y": 5.0}, "datetime": {"datetime": "2024-02-25 10:34:58", "elapsed": 2602.443852, "delta": 5.230704}}
{"target": 4.687289408402825, "params": {"u": 8.865840122160604, "v": 12.513078810514141, "w": 10.791764039104741, "x": 2.130444885761956, "y": 2.478042109822409}, "datetime": {"datetime": "2024-02-25 10:35:03", "elapsed": 2608.250208, "delta": 5.806356}}
{"target": 0.033608957546681556, "params": {"u": 13.0, "v": 10.767498124383307, "w": 13.0, "x": 8.0, "y": 0.1}, "datetime": {"datetime": "2024-02-25 10:35:09", "elapsed": 2614.221033, "delta": 5.970825}}
{"target": 3.3714600252399904, "params": {"u": 8.305465440542624, "v": 12.712138640010515, "w": 9.15112028610073, "x": 1.8930137506468168, "y": 1.0770810500407537}, "datetime": {"datetime": "2024-02-25 10:35:14", "elapsed": 2619.010772, "delta": 4.789739}}
{"target": 4.4648384480833085, "params": {"u": 8.758905357361712, "v": 12.502440052762877, "w": 11.276880575835158, "x": 2.1431929281051363, "y": 1.8844334326780237}, "datetime": {"datetime": "2024-02-25 10:35:19", "elapsed": 2624.137926, "delta": 5.127154}}
{"target": 0.06443735993061417, "params": {"u": 13.0, "v": 13.0, "w": 6.653513684743413, "x": 5.046732169088463, "y": 5.0}, "datetime": {"datetime": "2024-02-25 10:35:29", "elapsed": 2634.235862, "delta": 10.097936}}
{"target": -0.02369884807660999, "params": {"u": 1.0, "v": 5.558303653623581, "w": 13.0, "x": 5.802221260399001, "y": 0.1}, "datetime": {"datetime": "2024-02-25 10:35:34", "elapsed": 2638.388799, "delta": 4.152937}}
{"target": -0.044540462200314795, "params": {"u": 7.053189278933485, "v": 8.181118071666214, "w": 1.0, "x": 3.737775268497788, "y": 0.1}, "datetime": {"datetime": "2024-02-25 10:35:39", "elapsed": 2643.550591, "delta": 5.161792}}
{"target": -0.009527672206987687, "params": {"u": 1.0, "v": 5.036539709461949, "w": 1.0, "x": 3.6942378126739723, "y": 5.0}, "datetime": {"datetime": "2024-02-25 10:35:43", "elapsed": 2647.799458, "delta": 4.248867}}
{"target": 0.07680688064569005, "params": {"u": 8.640446664757897, "v": 12.03327440142247, "w": 8.675045100323935, "x": 1.781099602601994, "y": 0.7439522634872592}, "datetime": {"datetime": "2024-02-25 10:35:47", "elapsed": 2651.591825, "delta": 3.792367}}
{"target": 4.44414988755325, "params": {"u": 8.132188892955144, "v": 12.292279800871906, "w": 11.494156380419387, "x": 2.465396921812896, "y": 2.551717623850943}, "datetime": {"datetime": "2024-02-25 10:35:51", "elapsed": 2655.356701, "delta": 3.764876}}
{"target": 3.4289579296586012, "params": {"u": 8.307634335167705, "v": 12.526763953834768, "w": 11.221262557987338, "x": 2.6012229509702873, "y": 2.381641186834614}, "datetime": {"datetime": "2024-02-25 10:35:56", "elapsed": 2660.873843, "delta": 5.517142}}
{"target": 0.030497282724882276, "params": {"u": 13.0, "v": 10.115081324376957, "w": 1.0, "x": 6.0936756969055415, "y": 5.0}, "datetime": {"datetime": "2024-02-25 10:36:02", "elapsed": 2667.302831, "delta": 6.428988}}
{"target": 0.014269999981260585, "params": {"u": 5.032808531895263, "v": 1.0, "w": 1.0, "x": 3.645976415759539, "y": 5.0}, "datetime": {"datetime": "2024-02-25 10:36:10", "elapsed": 2674.993369, "delta": 7.690538}}
{"target": 0.05294598930200809, "params": {"u": 1.0, "v": 1.0, "w": 13.0, "x": 3.0813282854477158, "y": 3.173414567071637}, "datetime": {"datetime": "2024-02-25 10:36:13", "elapsed": 2677.8939, "delta": 2.900531}}
{"target": 0.03130822494487217, "params": {"u": 13.0, "v": 10.597599202108695, "w": 1.0, "x": 0.5, "y": 2.7474721262568944}, "datetime": {"datetime": "2024-02-25 10:36:17", "elapsed": 2681.973439, "delta": 4.079539}}
{"target": -0.045491030786609016, "params": {"u": 4.869375072015193, "v": 7.9986539859619095, "w": 1.0, "x": 0.5, "y": 0.1}, "datetime": {"datetime": "2024-02-25 10:36:22", "elapsed": 2686.989065, "delta": 5.015626}}
{"target": -0.0501026551445302, "params": {"u": 5.053061859101374, "v": 7.306426154311998, "w": 5.52141478972418, "x": 0.5, "y": 0.1}, "datetime": {"datetime": "2024-02-25 10:36:26", "elapsed": 2690.712986, "delta": 3.723921}}
{"target": 0.0761169276143966, "params": {"u": 13.0, "v": 1.0, "w": 9.805418716070525, "x": 4.158099936030393, "y": 0.1}, "datetime": {"datetime": "2024-02-25 10:36:32", "elapsed": 2696.55636, "delta": 5.843374}}
{"target": 0.010966126193591393, "params": {"u": 13.0, "v": 1.0, "w": 3.9911673931574803, "x": 5.471565885241198, "y": 0.1}, "datetime": {"datetime": "2024-02-25 10:36:38", "elapsed": 2703.007568, "delta": 6.451208}}
{"target": 0.01870765742141295, "params": {"u": 13.0, "v": 10.72698181830389, "w": 3.8561687098369264, "x": 8.0, "y": 1.5486483262296429}, "datetime": {"datetime": "2024-02-25 10:36:45", "elapsed": 2709.566088, "delta": 6.55852}}
{"target": 0.06165085091928992, "params": {"u": 1.0, "v": 13.0, "w": 8.330273477267012, "x": 0.5, "y": 0.1}, "datetime": {"datetime": "2024-02-25 10:36:50", "elapsed": 2715.155567, "delta": 5.589479}}
{"target": 4.284462031425484, "params": {"u": 7.5889078325884345, "v": 12.869113235490909, "w": 9.806625841581177, "x": 1.6972293759386534, "y": 1.7341808173065802}, "datetime": {"datetime": "2024-02-25 10:36:55", "elapsed": 2719.41161, "delta": 4.256043}}
{"target": -0.004772609094461528, "params": {"u": 1.0, "v": 9.221433725112576, "w": 13.0, "x": 4.251078637507361, "y": 5.0}, "datetime": {"datetime": "2024-02-25 10:37:03", "elapsed": 2727.827449, "delta": 8.415839}}
{"target": 0.03796275742616612, "params": {"u": 9.27411062545429, "v": 10.7509004043794, "w": 13.0, "x": 8.0, "y": 5.0}, "datetime": {"datetime": "2024-02-25 10:37:12", "elapsed": 2736.728595, "delta": 8.901146}}
{"target": 0.03007762503092284, "params": {"u": 1.0, "v": 13.0, "w": 1.0, "x": 5.821584926316568, "y": 5.0}, "datetime": {"datetime": "2024-02-25 10:37:19", "elapsed": 2743.916643, "delta": 7.188048}}
{"target": -0.03800386111667882, "params": {"u": 12.825991556036193, "v": 5.115210883481268, "w": 12.867561971922798, "x": 7.586106302142259, "y": 3.934438066022302}, "datetime": {"datetime": "2024-02-25 10:37:25", "elapsed": 2750.080116, "delta": 6.163473}}
{"target": -0.013072677905948342, "params": {"u": 2.380124030644737, "v": 8.880594889500717, "w": 3.9725625847975694, "x": 3.1879211925917326, "y": 0.1}, "datetime": {"datetime": "2024-02-25 10:37:31", "elapsed": 2756.141229, "delta": 6.061113}}
{"target": -0.01461679060451176, "params": {"u": 1.0, "v": 5.6199517728645505, "w": 8.38768738340725, "x": 8.0, "y": 0.1}, "datetime": {"datetime": "2024-02-25 10:37:34", "elapsed": 2759.101219, "delta": 2.95999}}
{"target": 0.016632305849210487, "params": {"u": 1.0, "v": 7.122545055058218, "w": 9.013584676050751, "x": 0.5, "y": 5.0}, "datetime": {"datetime": "2024-02-25 10:37:43", "elapsed": 2767.80387, "delta": 8.702651}}
{"target": 0.036079293198936345, "params": {"u": 1.3640505265127443, "v": 1.1663078822810355, "w": 12.789061816316707, "x": 7.651600920296674, "y": 4.999511903175528}, "datetime": {"datetime": "2024-02-25 10:37:48", "elapsed": 2772.960466, "delta": 5.156596}}
{"target": 0.033608957546681556, "params": {"u": 1.0, "v": 1.0, "w": 1.0, "x": 8.0, "y": 0.1}, "datetime": {"datetime": "2024-02-25 10:37:55", "elapsed": 2779.897771, "delta": 6.937305}}
{"target": 0.058423586001095366, "params": {"u": 3.073404128721131, "v": 1.0, "w": 5.357754655035989, "x": 4.850285122337686, "y": 5.0}, "datetime": {"datetime": "2024-02-25 10:38:02", "elapsed": 2786.98381, "delta": 7.086039}}
{"target": 0.06485398282358865, "params": {"u": 10.444885096207175, "v": 5.503914083167361, "w": 4.368851842340405, "x": 0.5, "y": 0.1}, "datetime": {"datetime": "2024-02-25 10:38:07", "elapsed": 2791.594037, "delta": 4.610227}}
{"target": 3.955282095548804, "params": {"u": 8.144838606488133, "v": 12.343413117020773, "w": 9.727787420440917, "x": 1.845258603761788, "y": 1.3791427720422806}, "datetime": {"datetime": "2024-02-25 10:38:11", "elapsed": 2795.440101, "delta": 3.846064}}
{"target": 0.014031589433846655, "params": {"u": 8.654693161356018, "v": 9.299959936887495, "w": 1.0, "x": 0.5, "y": 5.0}, "datetime": {"datetime": "2024-02-25 10:38:19", "elapsed": 2803.54379, "delta": 8.103689}}
{"target": 0.0509426708108474, "params": {"u": 10.049781693035467, "v": 7.226206194390805, "w": 6.9789713877424795, "x": 8.0, "y": 5.0}, "datetime": {"datetime": "2024-02-25 10:38:29", "elapsed": 2813.807391, "delta": 10.263601}}
{"target": -0.048000883432891855, "params": {"u": 7.402038643763429, "v": 4.133766136776598, "w": 1.0, "x": 8.0, "y": 0.1}, "datetime": {"datetime": "2024-02-25 10:38:37", "elapsed": 2821.583568, "delta": 7.776177}}
{"target": -0.04352640677599441, "params": {"u": 7.317223763838332, "v": 4.100322844972445, "w": 2.7246272230636754, "x": 8.0, "y": 5.0}, "datetime": {"datetime": "2024-02-25 10:38:43", "elapsed": 2827.446506, "delta": 5.862938}}
{"target": -0.16775600712035954, "params": {"u": 8.949541945876032, "v": 13.0, "w": 7.364512229100328, "x": 8.0, "y": 0.1}, "datetime": {"datetime": "2024-02-25 10:38:50", "elapsed": 2834.709907, "delta": 7.263401}}
{"target": 0.02612907140189052, "params": {"u": 13.0, "v": 4.560157874823968, "w": 9.252237496361934, "x": 0.5, "y": 5.0}, "datetime": {"datetime": "2024-02-25 10:38:55", "elapsed": 2839.926324, "delta": 5.216417}}
{"target": -0.015610154348846716, "params": {"u": 11.971059634079639, "v": 1.0, "w": 4.504781491139179, "x": 8.0, "y": 2.8661493859967777}, "datetime": {"datetime": "2024-02-25 10:39:02", "elapsed": 2846.343083, "delta": 6.416759}}
{"target": -0.02795029428031189, "params": {"u": 7.871760790281742, "v": 11.966543304244384, "w": 12.027847708250377, "x": 2.4132979963617367, "y": 2.380477692594924}, "datetime": {"datetime": "2024-02-25 10:39:08", "elapsed": 2852.361593, "delta": 6.01851}}
{"target": 3.996786721586955, "params": {"u": 8.459326304327174, "v": 12.341195976733262, "w": 11.261576554126236, "x": 1.7036422847641906, "y": 1.4458549613361331}, "datetime": {"datetime": "2024-02-25 10:39:13", "elapsed": 2857.354153, "delta": 4.99256}}
{"target": -0.010842467715928148, "params": {"u": 10.530345535738265, "v": 1.0, "w": 13.0, "x": 4.906555855257244, "y": 2.4255936571246965}, "datetime": {"datetime": "2024-02-25 10:39:19", "elapsed": 2864.115919, "delta": 6.761766}}
{"target": 0.02315097917935707, "params": {"u": 10.285031556886947, "v": 13.0, "w": 5.110593025131143, "x": 8.0, "y": 2.87076915261429}, "datetime": {"datetime": "2024-02-25 10:39:22", "elapsed": 2867.260282, "delta": 3.144363}}
{"target": -0.026556248937576795, "params": {"u": 1.0, "v": 1.0, "w": 9.027327499886132, "x": 8.0, "y": 2.9308245153151207}, "datetime": {"datetime": "2024-02-25 10:39:30", "elapsed": 2874.749702, "delta": 7.48942}}
{"target": 0.006380665824946902, "params": {"u": 1.0, "v": 9.65183955872049, "w": 1.0, "x": 8.0, "y": 0.1}, "datetime": {"datetime": "2024-02-25 10:39:36", "elapsed": 2880.583264, "delta": 5.833562}}
{"target": -0.01990517919758326, "params": {"u": 4.465514041523847, "v": 8.25713798846346, "w": 13.0, "x": 0.5, "y": 1.452042512380703}, "datetime": {"datetime": "2024-02-25 10:39:41", "elapsed": 2885.932541, "delta": 5.349277}}
{"target": 0.04370310683079046, "params": {"u": 9.787900915444018, "v": 1.0, "w": 3.7681543392940813, "x": 0.5, "y": 3.334625199519509}, "datetime": {"datetime": "2024-02-25 10:39:50", "elapsed": 2894.651379, "delta": 8.718838}}
{"target": 0.03810543198744452, "params": {"u": 1.0, "v": 1.0, "w": 9.512732299159069, "x": 1.7481178301593883, "y": 1.587970287725117}, "datetime": {"datetime": "2024-02-25 10:39:58", "elapsed": 2902.353305, "delta": 7.701926}}
