{"target": 4.338572011352984, "params": {"u": 4.629180569958574, "v": 4.704981092883971, "x": 4.075140928950565, "y": 4.394111313227462}, "datetime": {"datetime": "2024-02-27 10:37:31", "elapsed": 232.26747, "delta": 3.213749}}
{"target": 9.396192626346618, "params": {"u": 4.526631305940675, "v": 4.652245199422155, "x": 4.002277534847607, "y": 4.112809459165568}, "datetime": {"datetime": "2024-02-27 10:37:34", "elapsed": 236.151603, "delta": 3.884133}}
{"target": 1.003630607091691, "params": {"u": 3.7854472368826975, "v": 4.451706047623357, "x": 4.487500398792957, "y": 4.569422750418909}, "datetime": {"datetime": "2024-02-27 10:37:40", "elapsed": 241.915214, "delta": 5.763611}}
{"target": 6.124280388769644, "params": {"u": 4.189469770416113, "v": 4.475961944747182, "x": 4.109395032853124, "y": 3.738444626495201}, "datetime": {"datetime": "2024-02-27 10:37:44", "elapsed": 246.091942, "delta": 4.176728}}
{"target": 4.359592023413332, "params": {"u": 4.425466528235783, "v": 4.124373997912137, "x": 3.616082938878743, "y": 4.099698586994037}, "datetime": {"datetime": "2024-02-27 10:37:47", "elapsed": 248.977837, "delta": 2.885895}}
{"target": 0.0877657524510426, "params": {"u": 1.6438084179102586, "v": 0.0, "x": 10.0, "y": 10.0}, "datetime": {"datetime": "2024-02-27 10:37:50", "elapsed": 251.944714, "delta": 2.966877}}
{"target": 0.48934902090002247, "params": {"u": 3.3843962282946984, "v": 5.201508292266447, "x": 2.812347411614984, "y": 7.350579721584731}, "datetime": {"datetime": "2024-02-27 10:37:52", "elapsed": 253.520885, "delta": 1.576171}}
{"target": 1.3774459626471236, "params": {"u": 4.590632643715625, "v": 3.9990328866046543, "x": 3.7365820373704173, "y": 4.07625464836641}, "datetime": {"datetime": "2024-02-27 10:37:53", "elapsed": 255.010289, "delta": 1.489404}}
{"target": 2.24289144739258, "params": {"u": 4.59903020218161, "v": 4.6649937594144095, "x": 4.629082466780531, "y": 3.620198538833639}, "datetime": {"datetime": "2024-02-27 10:37:56", "elapsed": 257.268038, "delta": 2.257749}}
{"target": 0.17487793304686583, "params": {"u": 5.834761875847577, "v": 1.6648370044326755, "x": 2.0948859239827233, "y": 8.606668405033851}, "datetime": {"datetime": "2024-02-27 10:37:57", "elapsed": 258.585169, "delta": 1.317131}}
{"target": 0.15853023777050768, "params": {"u": 2.8109262098400167, "v": 8.700427750690519, "x": 9.964372126948476, "y": 5.9861137732285785}, "datetime": {"datetime": "2024-02-27 10:37:58", "elapsed": 259.454025, "delta": 0.868856}}
{"target": 3.3523450816516203, "params": {"u": 4.307291491658356, "v": 4.79402121359365, "x": 4.502167521029144, "y": 4.099927133807206}, "datetime": {"datetime": "2024-02-27 10:37:59", "elapsed": 261.14007, "delta": 1.686045}}
{"target": 1.222573061137642, "params": {"u": 4.101761636757539, "v": 5.298973528995409, "x": 4.173817932123241, "y": 4.427742459568157}, "datetime": {"datetime": "2024-02-27 10:38:01", "elapsed": 262.689691, "delta": 1.549621}}
{"target": 4.818978225963762, "params": {"u": 4.731495379046181, "v": 4.919662208390971, "x": 3.7579964222585662, "y": 4.268166265377671}, "datetime": {"datetime": "2024-02-27 10:38:04", "elapsed": 265.333348, "delta": 2.643657}}
{"target": 0.2266972918081476, "params": {"u": 1.2097388890963368, "v": 1.1222071121693622, "x": 5.315099508300197, "y": 0.474168828625241}, "datetime": {"datetime": "2024-02-27 10:38:04", "elapsed": 266.016757, "delta": 0.683409}}
{"target": 0.9590036697357432, "params": {"u": 3.9075855707234233, "v": 4.234202500684222, "x": 3.333010154857796, "y": 4.3404754796731435}, "datetime": {"datetime": "2024-02-27 10:38:06", "elapsed": 267.731523, "delta": 1.714766}}
{"target": 1.3737920567877833, "params": {"u": 5.077661205843992, "v": 4.36088176528464, "x": 3.7118117494754177, "y": 3.626153933092797}, "datetime": {"datetime": "2024-02-27 10:38:08", "elapsed": 269.339974, "delta": 1.608451}}
{"target": 0.4191857309218634, "params": {"u": 6.5283972320564505, "v": 8.991227913660497, "x": 5.778282193645388, "y": 4.45395437273179}, "datetime": {"datetime": "2024-02-27 10:38:09", "elapsed": 270.749297, "delta": 1.409323}}
{"target": 0.13552461906129304, "params": {"u": 1.0575517341850016, "v": 8.084217200145813, "x": 7.278060832800858, "y": 0.0778014978928454}, "datetime": {"datetime": "2024-02-27 10:38:11", "elapsed": 272.502589, "delta": 1.753292}}
{"target": 1.3957157339130295, "params": {"u": 4.581764092013484, "v": 3.9830681207984266, "x": 3.987679672399974, "y": 3.4245423104088193}, "datetime": {"datetime": "2024-02-27 10:38:13", "elapsed": 275.064775, "delta": 2.562186}}
{"target": 1.2988036921636368, "params": {"u": 5.441556618603396, "v": 2.9198273390186036, "x": 5.292133097928252, "y": 3.383487150616238}, "datetime": {"datetime": "2024-02-27 10:38:16", "elapsed": 277.317237, "delta": 2.252462}}
{"target": 2.0688038561371487, "params": {"u": 4.406058319229269, "v": 4.830464884310546, "x": 3.6191278065566737, "y": 3.370028226574253}, "datetime": {"datetime": "2024-02-27 10:38:17", "elapsed": 278.741767, "delta": 1.42453}}
{"target": 0.16412694688068183, "params": {"u": 9.32322089846828, "v": 2.83888790723557, "x": 8.542845419249371, "y": 8.758590849881694}, "datetime": {"datetime": "2024-02-27 10:38:18", "elapsed": 280.0636, "delta": 1.321833}}
{"target": 3.0931275508594887, "params": {"u": 4.749293266549522, "v": 4.24134891428144, "x": 3.8916213592918982, "y": 4.51992981746667}, "datetime": {"datetime": "2024-02-27 10:38:20", "elapsed": 281.951132, "delta": 1.887532}}
{"target": 0.14612783874555735, "params": {"u": 0.6350475906113873, "v": 0.14081005764964183, "x": 7.511261328498088, "y": 5.244800869312543}, "datetime": {"datetime": "2024-02-27 10:38:22", "elapsed": 283.623307, "delta": 1.672175}}
{"target": 0.2045351465908411, "params": {"u": 7.193789067644522, "v": 2.71780829637968, "x": 3.8671564085921553, "y": 8.815239035531965}, "datetime": {"datetime": "2024-02-27 10:38:24", "elapsed": 285.234492, "delta": 1.611185}}
{"target": 5.420710939652825, "params": {"u": 4.739246323890618, "v": 4.949709394616483, "x": 3.6945007896761517, "y": 4.096183506200997}, "datetime": {"datetime": "2024-02-27 10:38:26", "elapsed": 287.255073, "delta": 2.020581}}
{"target": 0.993341299758789, "params": {"u": 3.7968815600578107, "v": 4.284896646668419, "x": 3.561907821796113, "y": 3.4147006660527834}, "datetime": {"datetime": "2024-02-27 10:38:28", "elapsed": 289.522965, "delta": 2.267892}}
{"target": 5.139687072035736, "params": {"u": 4.3635625507774485, "v": 4.470434574922181, "x": 4.345858222026962, "y": 3.995676146171583}, "datetime": {"datetime": "2024-02-27 10:38:30", "elapsed": 292.181714, "delta": 2.658749}}
{"target": 0.36077308477219944, "params": {"u": 2.3344345932678703, "v": 0.5348669068040246, "x": 2.7328962229229106, "y": 1.154871648880209}, "datetime": {"datetime": "2024-02-27 10:38:32", "elapsed": 293.344814, "delta": 1.1631}}
{"target": 1.6488320205857807, "params": {"u": 4.67129099656521, "v": 4.258571922281132, "x": 4.683745687909989, "y": 4.577903950118563}, "datetime": {"datetime": "2024-02-27 10:38:34", "elapsed": 295.389308, "delta": 2.044494}}
{"target": 0.27105420740638425, "params": {"u": 3.4162259349594892, "v": 6.613566714206795, "x": 2.23316180224989, "y": 1.3205988811188463}, "datetime": {"datetime": "2024-02-27 10:38:34", "elapsed": 296.190514, "delta": 0.801206}}
{"target": 0.6651936900931255, "params": {"u": 6.743395263786565, "v": 2.345794641094482, "x": 7.370737212214808, "y": 4.279143621117456}, "datetime": {"datetime": "2024-02-27 10:38:36", "elapsed": 297.65322, "delta": 1.462706}}
{"target": 0.21315615719544667, "params": {"u": 2.8518208429079195, "v": 4.524593990617766, "x": 5.2704457147115455, "y": 9.494264035756517}, "datetime": {"datetime": "2024-02-27 10:38:37", "elapsed": 298.256247, "delta": 0.603027}}
{"target": 1.2494356688067874, "params": {"u": 3.899932037700954, "v": 4.251757856902461, "x": 4.267578439573802, "y": 3.814810216740577}, "datetime": {"datetime": "2024-02-27 10:38:38", "elapsed": 299.872803, "delta": 1.616556}}
{"target": 9.89027233530093, "params": {"u": 4.828735141848165, "v": 4.670955469204286, "x": 4.038972066145396, "y": 4.073268704354388}, "datetime": {"datetime": "2024-02-27 10:38:41", "elapsed": 302.915821, "delta": 3.043018}}
{"target": 0.21119474576040825, "params": {"u": 6.514685451068748, "v": 1.6222901091873676, "x": 0.5966371516967539, "y": 4.969956228304704}, "datetime": {"datetime": "2024-02-27 10:38:43", "elapsed": 304.215601, "delta": 1.29978}}
{"target": 1.1451787970791465, "params": {"u": 4.811008116635511, "v": 4.602146153602416, "x": 3.0456306071449735, "y": 4.5585514764505515}, "datetime": {"datetime": "2024-02-27 10:38:45", "elapsed": 306.335293, "delta": 2.119692}}
{"target": 1.34048456730673, "params": {"u": 5.688609442595646, "v": 4.375111881934447, "x": 5.198076896626947, "y": 2.634219879401879}, "datetime": {"datetime": "2024-02-27 10:38:48", "elapsed": 309.341332, "delta": 3.006039}}
{"target": 1.4522258694879617, "params": {"u": 5.374019686878794, "v": 4.591335674233619, "x": 3.935002348902433, "y": 4.239650453619046}, "datetime": {"datetime": "2024-02-27 10:38:50", "elapsed": 311.995698, "delta": 2.654366}}
{"target": 0.16548237613934197, "params": {"u": 0.4739173874074998, "v": 3.5831132931643306, "x": 8.644940150251367, "y": 2.597435160300927}, "datetime": {"datetime": "2024-02-27 10:38:52", "elapsed": 313.881575, "delta": 1.885877}}
{"target": 0.19340782791846828, "params": {"u": 4.507596161852129, "v": 8.387599221899803, "x": 8.576314509749405, "y": 1.6211738982360657}, "datetime": {"datetime": "2024-02-27 10:38:53", "elapsed": 314.753705, "delta": 0.87213}}
{"target": 1.3438849777106414, "params": {"u": 4.701744590138944, "v": 5.018274700142258, "x": 4.118304619570559, "y": 4.122342204235775}, "datetime": {"datetime": "2024-02-27 10:38:56", "elapsed": 317.391715, "delta": 2.63801}}
{"target": 1.3334320929185, "params": {"u": 4.0091757688279746, "v": 5.110965738288397, "x": 3.91592883030997, "y": 3.8736436047701686}, "datetime": {"datetime": "2024-02-27 10:38:57", "elapsed": 319.169831, "delta": 1.778116}}
{"target": 0.24170996985843296, "params": {"u": 7.583629541459134, "v": 7.736136493224667, "x": 8.80012206017646, "y": 1.66184062231583}, "datetime": {"datetime": "2024-02-27 10:38:59", "elapsed": 320.373874, "delta": 1.204043}}
{"target": 1.1321394421056907, "params": {"u": 3.9798211584190932, "v": 4.482526962836525, "x": 3.5329170417453426, "y": 3.9666316190557502}, "datetime": {"datetime": "2024-02-27 10:38:59", "elapsed": 321.186666, "delta": 0.812792}}
{"target": 0.2021817124938513, "params": {"u": 8.649261727186946, "v": 9.912486828728992, "x": 9.986057730535107, "y": 9.967153966148752}, "datetime": {"datetime": "2024-02-27 10:39:03", "elapsed": 325.073419, "delta": 3.886753}}
{"target": 1.178777780975186, "params": {"u": 3.9466449240368484, "v": 4.163509546723497, "x": 4.135344576371519, "y": 4.398396053224401}, "datetime": {"datetime": "2024-02-27 10:39:07", "elapsed": 328.498697, "delta": 3.425278}}
{"target": 0.367699069394863, "params": {"u": 1.763662735336854, "v": 6.870093597962398, "x": 2.1589110990986358, "y": 7.529842919319984}, "datetime": {"datetime": "2024-02-27 10:39:08", "elapsed": 329.81744, "delta": 1.318743}}
{"target": 3.298701444462937, "params": {"u": 4.484845858740293, "v": 4.428307498134995, "x": 4.430008643443496, "y": 3.6980084123975168}, "datetime": {"datetime": "2024-02-27 10:39:13", "elapsed": 335.010876, "delta": 5.193436}}
{"target": 4.747986655162188, "params": {"u": 4.552303135683009, "v": 4.343488913223338, "x": 4.2540505170811995, "y": 4.270401725244172}, "datetime": {"datetime": "2024-02-27 10:39:16", "elapsed": 337.46022, "delta": 2.449344}}
{"target": 6.406680375545879, "params": {"u": 4.708442000543141, "v": 4.344520477646374, "x": 3.9019676533687955, "y": 3.753183851999297}, "datetime": {"datetime": "2024-02-27 10:39:19", "elapsed": 340.241173, "delta": 2.780953}}
{"target": 0.2139102067744051, "params": {"u": 6.443403824864653, "v": 0.7762802262009294, "x": 8.303495355922175, "y": 6.6520512284731845}, "datetime": {"datetime": "2024-02-27 10:39:20", "elapsed": 341.539155, "delta": 1.297982}}
{"target": 0.19191657507333712, "params": {"u": 2.5415395563614886, "v": 1.8589170105264108, "x": 7.446654333550721, "y": 6.963246275761808}, "datetime": {"datetime": "2024-02-27 10:39:22", "elapsed": 343.392483, "delta": 1.853328}}
{"target": 0.2006890689447543, "params": {"u": 0.8667940077331804, "v": 7.6973405757966855, "x": 0.9381545691347193, "y": 4.567982578267332}, "datetime": {"datetime": "2024-02-27 10:39:23", "elapsed": 345.151529, "delta": 1.759046}}
{"target": 0.1205364948867225, "params": {"u": 9.976129107484281, "v": 5.949165461159216, "x": 0.180128472975154, "y": 9.734496495475781}, "datetime": {"datetime": "2024-02-27 10:39:25", "elapsed": 346.481136, "delta": 1.329607}}
{"target": 1.5266951619208262, "params": {"u": 4.5247560020719915, "v": 3.9292429541089313, "x": 4.341481086286119, "y": 3.8075277975768405}, "datetime": {"datetime": "2024-02-27 10:39:26", "elapsed": 347.698341, "delta": 1.217205}}
{"target": 1.4652191261236183, "params": {"u": 4.848489679883511, "v": 3.839216749263432, "x": 4.19240692930776, "y": 4.150959718188762}, "datetime": {"datetime": "2024-02-27 10:39:28", "elapsed": 349.39961, "delta": 1.701269}}
{"target": 8.244631059663458, "params": {"u": 4.883906916075843, "v": 4.760148723684647, "x": 4.165053672316702, "y": 3.945175155963737}, "datetime": {"datetime": "2024-02-27 10:39:31", "elapsed": 352.493689, "delta": 3.094079}}
{"target": 4.198022157344025, "params": {"u": 4.796804449565779, "v": 4.753061688676744, "x": 3.590682659738503, "y": 3.9638785472293794}, "datetime": {"datetime": "2024-02-27 10:39:36", "elapsed": 357.253271, "delta": 4.759582}}
{"target": 9.050560293265585, "params": {"u": 4.530785639742013, "v": 4.217946876033956, "x": 3.8932065751652036, "y": 4.0757271399999375}, "datetime": {"datetime": "2024-02-27 10:39:38", "elapsed": 360.127537, "delta": 2.874266}}
{"target": 0.9743606043124567, "params": {"u": 5.528729902035662, "v": 5.163546735393476, "x": 4.574835028262502, "y": 3.738286015068101}, "datetime": {"datetime": "2024-02-27 10:39:42", "elapsed": 363.371457, "delta": 3.24392}}
{"target": 5.333529529945048, "params": {"u": 4.058763798643637, "v": 4.075982184563348, "x": 3.6745501565134697, "y": 4.020229038325485}, "datetime": {"datetime": "2024-02-27 10:39:46", "elapsed": 367.777754, "delta": 4.406297}}
{"target": 2.464556934719047, "params": {"u": 4.4272689079603555, "v": 4.477449057264505, "x": 4.146019303160683, "y": 3.3513110578139815}, "datetime": {"datetime": "2024-02-27 10:39:48", "elapsed": 369.388507, "delta": 1.610753}}
{"target": 9.943543054344786, "params": {"u": 4.968913928197557, "v": 4.165549974717524, "x": 3.9229489984465946, "y": 3.984180599047339}, "datetime": {"datetime": "2024-02-27 10:39:50", "elapsed": 371.405701, "delta": 2.017194}}
{"target": 1.178592681428376, "params": {"u": 4.220683438091404, "v": 3.6136883070298587, "x": 5.272546879623292, "y": 2.4677806609459516}, "datetime": {"datetime": "2024-02-27 10:39:54", "elapsed": 375.336941, "delta": 3.93124}}
{"target": 0.23521107948670716, "params": {"u": 4.78981103044455, "v": 7.643600380267467, "x": 1.3221210739330358, "y": 2.016456397998163}, "datetime": {"datetime": "2024-02-27 10:39:55", "elapsed": 377.056488, "delta": 1.719547}}
{"target": 1.40986236922005, "params": {"u": 5.035011165613335, "v": 4.429082309322578, "x": 3.697975885779863, "y": 4.0103958083778775}, "datetime": {"datetime": "2024-02-27 10:39:59", "elapsed": 380.528757, "delta": 3.472269}}
{"target": 1.4905240622686653, "params": {"u": 4.329445100945202, "v": 3.8966380386312593, "x": 3.970829746545783, "y": 3.7249291396228568}, "datetime": {"datetime": "2024-02-27 10:40:02", "elapsed": 383.808774, "delta": 3.280017}}
{"target": 0.3836570974752196, "params": {"u": 6.783650799913548, "v": 4.685107355752725, "x": 3.84642512582401, "y": 0.25681840468259276}, "datetime": {"datetime": "2024-02-27 10:40:05", "elapsed": 386.372024, "delta": 2.56325}}
{"target": 0.2351881170834865, "params": {"u": 9.35236803467998, "v": 5.955666374603061, "x": 9.055161701020186, "y": 0.6708514312513858}, "datetime": {"datetime": "2024-02-27 10:40:06", "elapsed": 387.883029, "delta": 1.511005}}
{"target": 0.59458222395494, "params": {"u": 3.40135090267922, "v": 2.4104268176744315, "x": 4.957024136573155, "y": 3.618387384875189}, "datetime": {"datetime": "2024-02-27 10:40:11", "elapsed": 392.265321, "delta": 4.382292}}
{"target": 0.2114196436308576, "params": {"u": 9.586570725779248, "v": 7.4358392309616415, "x": 2.7234307019703206, "y": 7.319314342806842}, "datetime": {"datetime": "2024-02-27 10:40:12", "elapsed": 393.794529, "delta": 1.529208}}
{"target": 0.9717902784082422, "params": {"u": 4.894557512646507, "v": 5.012300469931118, "x": 3.2186750778881947, "y": 3.939451065857986}, "datetime": {"datetime": "2024-02-27 10:40:15", "elapsed": 396.589476, "delta": 2.794947}}
{"target": 1.3042620645553005, "params": {"u": 4.8047078211942935, "v": 4.756228741197307, "x": 5.191063017179633, "y": 4.018324444834541}, "datetime": {"datetime": "2024-02-27 10:40:17", "elapsed": 398.602307, "delta": 2.012831}}
{"target": 1.5433616566899349, "params": {"u": 5.011621937673967, "v": 4.342197802863409, "x": 4.080311974449387, "y": 4.099700183436788}, "datetime": {"datetime": "2024-02-27 10:40:20", "elapsed": 401.758828, "delta": 3.156521}}
{"target": 0.8922763090376468, "params": {"u": 4.6464306488365015, "v": 5.0499146675860445, "x": 4.811577302800414, "y": 3.1307345408079246}, "datetime": {"datetime": "2024-02-27 10:40:23", "elapsed": 404.538221, "delta": 2.779393}}
{"target": 0.7234124453190576, "params": {"u": 5.966253312754506, "v": 7.1651136874583266, "x": 5.5144514956026995, "y": 6.191414144816383}, "datetime": {"datetime": "2024-02-27 10:40:28", "elapsed": 409.297168, "delta": 4.758947}}
{"target": 3.8396264683531727, "params": {"u": 4.540539644074917, "v": 4.712107284815101, "x": 4.369592656807621, "y": 4.260370229242959}, "datetime": {"datetime": "2024-02-27 10:40:29", "elapsed": 410.65479, "delta": 1.357622}}
{"target": 0.33710375309450097, "params": {"u": 1.6052325316149785, "v": 6.178798558126966, "x": 4.7812247174454665, "y": 5.740060333366682}, "datetime": {"datetime": "2024-02-27 10:40:31", "elapsed": 412.280774, "delta": 1.625984}}
{"target": 0.30126961758613413, "params": {"u": 1.6322628676638296, "v": 7.7926091341814825, "x": 2.4432602418639773, "y": 4.656822758187863}, "datetime": {"datetime": "2024-02-27 10:40:32", "elapsed": 413.523064, "delta": 1.24229}}
{"target": 6.881471624455549, "params": {"u": 4.697292593703212, "v": 4.604418578374451, "x": 4.175331040141864, "y": 4.164403172279911}, "datetime": {"datetime": "2024-02-27 10:40:36", "elapsed": 417.302011, "delta": 3.778947}}
{"target": 1.2193189923978751, "params": {"u": 4.327451425788457, "v": 5.064320609800391, "x": 4.471947649642793, "y": 3.8143990754656745}, "datetime": {"datetime": "2024-02-27 10:40:39", "elapsed": 420.467072, "delta": 3.165061}}
{"target": 1.5224831643469838, "params": {"u": 5.023768283536984, "v": 4.833855314148834, "x": 4.047250202519772, "y": 4.143263531331175}, "datetime": {"datetime": "2024-02-27 10:40:43", "elapsed": 424.347735, "delta": 3.880663}}
{"target": 7.421752143878674, "params": {"u": 4.014478554362113, "v": 4.58298789319649, "x": 4.15659933084052, "y": 3.8531824314732868}, "datetime": {"datetime": "2024-02-27 10:40:45", "elapsed": 426.92206, "delta": 2.574325}}
{"target": 0.2976020618637075, "params": {"u": 7.239449061349519, "v": 8.426050857791727, "x": 4.101380398211855, "y": 3.5408463958689262}, "datetime": {"datetime": "2024-02-27 10:40:47", "elapsed": 428.439001, "delta": 1.516941}}
{"target": 0.3279202813170508, "params": {"u": 5.106722956714844, "v": 3.925084188484098, "x": 4.457961005885936, "y": 7.8850583684563365}, "datetime": {"datetime": "2024-02-27 10:40:48", "elapsed": 429.849037, "delta": 1.410036}}
{"target": 7.689037467190616, "params": {"u": 4.318361994338079, "v": 4.771381910969491, "x": 4.056322834491719, "y": 3.8071676428004118}, "datetime": {"datetime": "2024-02-27 10:40:50", "elapsed": 432.145996, "delta": 2.296959}}
{"target": 5.85334807790707, "params": {"u": 4.424981832676909, "v": 4.594523937921428, "x": 4.121014132853461, "y": 4.270221144791723}, "datetime": {"datetime": "2024-02-27 10:40:52", "elapsed": 433.55925, "delta": 1.413254}}
{"target": 0.3047752424150977, "params": {"u": 2.4510631480364466, "v": 0.26335588650487796, "x": 3.1518050335924563, "y": 0.47987550249095623}, "datetime": {"datetime": "2024-02-27 10:40:53", "elapsed": 434.919746, "delta": 1.360496}}
{"target": 1.427519442488852, "params": {"u": 5.111617888727309, "v": 4.16410203277616, "x": 3.7393060079581586, "y": 4.059500015340324}, "datetime": {"datetime": "2024-02-27 10:40:56", "elapsed": 437.884209, "delta": 2.964463}}
{"target": 1.5352104108029707, "params": {"u": 5.131891169576656, "v": 3.9129354524308226, "x": 4.387200682480781, "y": 3.8412099683842826}, "datetime": {"datetime": "2024-02-27 10:41:01", "elapsed": 442.311559, "delta": 4.42735}}
{"target": 1.2679049353593013, "params": {"u": 3.9216822064955172, "v": 4.645087268267579, "x": 4.256286700068301, "y": 4.05610414219371}, "datetime": {"datetime": "2024-02-27 10:41:05", "elapsed": 446.538868, "delta": 4.227309}}
{"target": 7.666672886205489, "params": {"u": 4.5215343384679905, "v": 4.7382836177687455, "x": 3.9047213712187947, "y": 3.8234024742217763}, "datetime": {"datetime": "2024-02-27 10:41:08", "elapsed": 449.352746, "delta": 2.813878}}
{"target": 0.16325112214187273, "params": {"u": 9.880511744008832, "v": 4.908961928934906, "x": 0.10361451928412979, "y": 5.189596181114981}, "datetime": {"datetime": "2024-02-27 10:41:10", "elapsed": 451.413782, "delta": 2.061036}}
