{"target": -0.7858744693292248, "params": {"colsample_bytree": 0.4202510733906813, "learning_rate": 0.3642854371154388, "max_bin_exp": 8.006493314546244, "max_depth": 5.087920088975744, "n_estimators": 4798.824852829356, "reg_alpha": 2.088869706293003, "reg_lambda": 1.1774247066398242}, "datetime": {"datetime": "2024-02-19 15:58:23", "elapsed": 2229.471894, "delta": 7.739612}}
{"target": -0.7013471668829449, "params": {"colsample_bytree": 1.0, "learning_rate": 0.5, "max_bin_exp": 10.0, "max_depth": 4.616997522943513, "n_estimators": 4836.0201335413885, "reg_alpha": 3.0, "reg_lambda": 0.23379437636228972}, "datetime": {"datetime": "2024-02-19 15:58:29", "elapsed": 2236.028469, "delta": 6.556575}}
{"target": -0.9628513690324858, "params": {"colsample_bytree": 1.0, "learning_rate": 0.5, "max_bin_exp": 9.423828810932108, "max_depth": 1.1475694901888414, "n_estimators": 2537.8715424420675, "reg_alpha": 0.0, "reg_lambda": 2.630856996724509}, "datetime": {"datetime": "2024-02-19 15:58:35", "elapsed": 2242.17865, "delta": 6.150181}}
{"target": -0.7040189467006531, "params": {"colsample_bytree": 1.0, "learning_rate": 0.5, "max_bin_exp": 10.0, "max_depth": 6.0, "n_estimators": 4807.511101655708, "reg_alpha": 0.0, "reg_lambda": 0.0}, "datetime": {"datetime": "2024-02-19 15:58:45", "elapsed": 2251.927719, "delta": 9.749069}}
{"target": -0.7632043318638918, "params": {"colsample_bytree": 0.35294710942579866, "learning_rate": 0.391850441944887, "max_bin_exp": 8.794746522666365, "max_depth": 3.192646904799675, "n_estimators": 4803.033507314089, "reg_alpha": 2.803425693560632, "reg_lambda": 0.3343371284915134}, "datetime": {"datetime": "2024-02-19 15:58:51", "elapsed": 2257.338195, "delta": 5.410476}}
{"target": -3.9131417266360637, "params": {"colsample_bytree": 0.2, "learning_rate": 0.001, "max_bin_exp": 6.0231274431617035, "max_depth": 6.0, "n_estimators": 2542.6356382719514, "reg_alpha": 3.0, "reg_lambda": 3.0}, "datetime": {"datetime": "2024-02-19 15:58:55", "elapsed": 2262.009993, "delta": 4.671798}}
{"target": -0.6863673237957568, "params": {"colsample_bytree": 0.4686962942380715, "learning_rate": 0.4374551148447029, "max_bin_exp": 9.917890031337793, "max_depth": 5.09886509702726, "n_estimators": 2536.4020027730053, "reg_alpha": 2.754697805690115, "reg_lambda": 2.507888880842335}, "datetime": {"datetime": "2024-02-19 15:59:01", "elapsed": 2267.559266, "delta": 5.549273}}
{"target": -0.6356952277336395, "params": {"colsample_bytree": 1.0, "learning_rate": 0.5, "max_bin_exp": 10.0, "max_depth": 6.0, "n_estimators": 2554.8062730435504, "reg_alpha": 3.0, "reg_lambda": 3.0}, "datetime": {"datetime": "2024-02-19 15:59:06", "elapsed": 2273.298683, "delta": 5.739417}}
{"target": -0.6221885595250706, "params": {"colsample_bytree": 0.8413753298813218, "learning_rate": 0.1307609158844995, "max_bin_exp": 7.886241027308454, "max_depth": 5.873032973706247, "n_estimators": 2537.162263263075, "reg_alpha": 0.696944877337077, "reg_lambda": 2.9935361858091634}, "datetime": {"datetime": "2024-02-19 15:59:11", "elapsed": 2277.659189, "delta": 4.360506}}
{"target": -0.7993254232237965, "params": {"colsample_bytree": 0.9719910138667154, "learning_rate": 0.39718436297004117, "max_bin_exp": 5.92338389191549, "max_depth": 4.787171822376524, "n_estimators": 2535.8935967247567, "reg_alpha": 2.6294096667910996, "reg_lambda": 1.3992001632743292}, "datetime": {"datetime": "2024-02-19 15:59:15", "elapsed": 2281.461862, "delta": 3.802673}}
{"target": -0.6718522040142052, "params": {"colsample_bytree": 1.0, "learning_rate": 0.5, "max_bin_exp": 10.0, "max_depth": 6.0, "n_estimators": 3741.8746600695254, "reg_alpha": 0.0, "reg_lambda": 0.39264789805380984}, "datetime": {"datetime": "2024-02-19 15:59:24", "elapsed": 2291.0772, "delta": 9.615338}}
{"target": -0.6646690310785958, "params": {"colsample_bytree": 0.8238453053014985, "learning_rate": 0.1846411675124397, "max_bin_exp": 6.1108864410513, "max_depth": 5.7046474004464915, "n_estimators": 2538.549214294878, "reg_alpha": 0.5820200991488118, "reg_lambda": 0.14992754325959023}, "datetime": {"datetime": "2024-02-19 15:59:31", "elapsed": 2297.355593, "delta": 6.278393}}
{"target": -4.304109589277307, "params": {"colsample_bytree": 0.2, "learning_rate": 0.001, "max_bin_exp": 5.932771029561107, "max_depth": 3.010364635890922, "n_estimators": 2536.5265935021894, "reg_alpha": 0.0, "reg_lambda": 3.0}, "datetime": {"datetime": "2024-02-19 15:59:34", "elapsed": 2300.645516, "delta": 3.289923}}
{"target": -1.1243557914930555, "params": {"colsample_bytree": 0.8241067155114712, "learning_rate": 0.4594256274709366, "max_bin_exp": 7.332558201811173, "max_depth": 1.7231262167436525, "n_estimators": 2541.5367497065404, "reg_alpha": 0.9501622284658365, "reg_lambda": 0.15495824195186758}, "datetime": {"datetime": "2024-02-19 15:59:37", "elapsed": 2303.617265, "delta": 2.971749}}
{"target": -0.908778057309322, "params": {"colsample_bytree": 0.22889029988562362, "learning_rate": 0.23351983776974256, "max_bin_exp": 8.79004681330133, "max_depth": 5.589251706581987, "n_estimators": 4800.026857226247, "reg_alpha": 0.5110669508077987, "reg_lambda": 2.973108523812014}, "datetime": {"datetime": "2024-02-19 15:59:44", "elapsed": 2311.0468, "delta": 7.429535}}
{"target": -4.380543093926554, "params": {"colsample_bytree": 0.2, "learning_rate": 0.001, "max_bin_exp": 7.574494410866735, "max_depth": 1.3150858652557038, "n_estimators": 4165.422273140551, "reg_alpha": 3.0, "reg_lambda": 0.0}, "datetime": {"datetime": "2024-02-19 15:59:49", "elapsed": 2315.434368, "delta": 4.387568}}
{"target": -0.668701728035252, "params": {"colsample_bytree": 0.4821082743527244, "learning_rate": 0.17609161414770558, "max_bin_exp": 7.797221663154688, "max_depth": 5.000173600759918, "n_estimators": 3205.190911598893, "reg_alpha": 2.8631989412594407, "reg_lambda": 2.4400347144562105}, "datetime": {"datetime": "2024-02-19 15:59:53", "elapsed": 2319.729745, "delta": 4.295377}}
{"target": -0.8320181728158839, "params": {"colsample_bytree": 0.24938285888402403, "learning_rate": 0.24090420835192325, "max_bin_exp": 9.244126222458178, "max_depth": 2.220054714591373, "n_estimators": 4807.745649335783, "reg_alpha": 2.126989341975449, "reg_lambda": 2.804804679989953}, "datetime": {"datetime": "2024-02-19 15:59:57", "elapsed": 2324.087134, "delta": 4.357389}}
{"target": -0.8804508175847459, "params": {"colsample_bytree": 1.0, "learning_rate": 0.001, "max_bin_exp": 10.0, "max_depth": 6.0, "n_estimators": 3721.749757583433, "reg_alpha": 0.0, "reg_lambda": 3.0}, "datetime": {"datetime": "2024-02-19 16:00:07", "elapsed": 2333.891113, "delta": 9.803979}}
{"target": -0.6626786760497586, "params": {"colsample_bytree": 1.0, "learning_rate": 0.5, "max_bin_exp": 10.0, "max_depth": 4.12903279480655, "n_estimators": 4163.154249762178, "reg_alpha": 0.0, "reg_lambda": 1.2329266722978698}, "datetime": {"datetime": "2024-02-19 16:00:14", "elapsed": 2340.652239, "delta": 6.761126}}
{"target": -0.891953940373411, "params": {"colsample_bytree": 0.2994054009674509, "learning_rate": 0.4852247831284056, "max_bin_exp": 7.06869425595996, "max_depth": 5.95451351367323, "n_estimators": 4161.240688219421, "reg_alpha": 0.360035191622996, "reg_lambda": 0.8443721258046897}, "datetime": {"datetime": "2024-02-19 16:00:21", "elapsed": 2347.325705, "delta": 6.673466}}
{"target": -1.0525206606838882, "params": {"colsample_bytree": 0.2, "learning_rate": 0.5, "max_bin_exp": 10.0, "max_depth": 6.0, "n_estimators": 4811.611313513412, "reg_alpha": 3.0, "reg_lambda": 3.0}, "datetime": {"datetime": "2024-02-19 16:00:30", "elapsed": 2356.338949, "delta": 9.013244}}
{"target": -0.6649820542725987, "params": {"colsample_bytree": 1.0, "learning_rate": 0.5, "max_bin_exp": 9.571973523936812, "max_depth": 6.0, "n_estimators": 2538.827783803886, "reg_alpha": 1.6441532179967195, "reg_lambda": 0.7134782632451284}, "datetime": {"datetime": "2024-02-19 16:00:34", "elapsed": 2361.235936, "delta": 4.896987}}
{"target": -0.6959200467926082, "params": {"colsample_bytree": 0.9742633864724912, "learning_rate": 0.1960508575397673, "max_bin_exp": 8.305511920691817, "max_depth": 2.744874883023723, "n_estimators": 4784.336469949676, "reg_alpha": 2.9518099746279196, "reg_lambda": 2.3619023042869687}, "datetime": {"datetime": "2024-02-19 16:00:41", "elapsed": 2367.502068, "delta": 6.266132}}
{"target": -1.008714483918903, "params": {"colsample_bytree": 0.2, "learning_rate": 0.5, "max_bin_exp": 10.0, "max_depth": 5.632690966443985, "n_estimators": 3739.672698619384, "reg_alpha": 0.0, "reg_lambda": 3.0}, "datetime": {"datetime": "2024-02-19 16:00:48", "elapsed": 2374.619588, "delta": 7.11752}}
{"target": -3.143479404490348, "params": {"colsample_bytree": 0.2, "learning_rate": 0.5, "max_bin_exp": 4.0, "max_depth": 6.0, "n_estimators": 2555.8115300646236, "reg_alpha": 3.0, "reg_lambda": 0.0}, "datetime": {"datetime": "2024-02-19 16:00:52", "elapsed": 2379.174698, "delta": 4.55511}}
{"target": -0.9058051312720691, "params": {"colsample_bytree": 0.2, "learning_rate": 0.5, "max_bin_exp": 8.835630169470965, "max_depth": 3.605146520072853, "n_estimators": 4154.20338163179, "reg_alpha": 0.0, "reg_lambda": 3.0}, "datetime": {"datetime": "2024-02-19 16:00:58", "elapsed": 2384.465644, "delta": 5.290946}}
{"target": -0.7140781990881738, "params": {"colsample_bytree": 0.8249062176084199, "learning_rate": 0.3430855034608843, "max_bin_exp": 9.830034666778436, "max_depth": 2.590878278696597, "n_estimators": 3938.616655819753, "reg_alpha": 2.891811255349073, "reg_lambda": 2.325726230124922}, "datetime": {"datetime": "2024-02-19 16:01:03", "elapsed": 2389.643427, "delta": 5.177783}}
{"target": -0.6179906495247763, "params": {"colsample_bytree": 0.8428397163935479, "learning_rate": 0.16541461612836908, "max_bin_exp": 8.239281367402592, "max_depth": 5.669587975416516, "n_estimators": 4802.702187228756, "reg_alpha": 0.13645389978642142, "reg_lambda": 2.65837532386586}, "datetime": {"datetime": "2024-02-19 16:01:10", "elapsed": 2397.057758, "delta": 7.414331}}
{"target": -1.1070318438242996, "params": {"colsample_bytree": 0.9167284261997037, "learning_rate": 0.18642350118463216, "max_bin_exp": 4.210935458669377, "max_depth": 5.48351734375278, "n_estimators": 4165.074504492374, "reg_alpha": 0.8426820630551144, "reg_lambda": 1.539350718417687}, "datetime": {"datetime": "2024-02-19 16:01:17", "elapsed": 2403.75984, "delta": 6.702082}}
{"target": -0.647171735743291, "params": {"colsample_bytree": 1.0, "learning_rate": 0.5, "max_bin_exp": 8.38815539177533, "max_depth": 6.0, "n_estimators": 4804.004675648136, "reg_alpha": 3.0, "reg_lambda": 3.0}, "datetime": {"datetime": "2024-02-19 16:01:26", "elapsed": 2413.179226, "delta": 9.419386}}
{"target": -0.6614883061646657, "params": {"colsample_bytree": 1.0, "learning_rate": 0.5, "max_bin_exp": 9.222566394543255, "max_depth": 6.0, "n_estimators": 2545.220544197174, "reg_alpha": 3.0, "reg_lambda": 0.657569210584223}, "datetime": {"datetime": "2024-02-19 16:01:32", "elapsed": 2418.439382, "delta": 5.260156}}
{"target": -1.626574623275659, "params": {"colsample_bytree": 0.94952558523724, "learning_rate": 0.09199267346061132, "max_bin_exp": 8.07470417282536, "max_depth": 1.6525091976205073, "n_estimators": 4804.320162717293, "reg_alpha": 0.27999151260856614, "reg_lambda": 2.822106252169745}, "datetime": {"datetime": "2024-02-19 16:01:37", "elapsed": 2423.358898, "delta": 4.919516}}
{"target": -0.9054299502324623, "params": {"colsample_bytree": 0.36785752982748543, "learning_rate": 0.44371789815911084, "max_bin_exp": 7.7184239569416535, "max_depth": 5.079986617360811, "n_estimators": 4800.9426279866275, "reg_alpha": 0.4000585689531613, "reg_lambda": 0.04999654161935696}, "datetime": {"datetime": "2024-02-19 16:01:45", "elapsed": 2431.363982, "delta": 8.005084}}
{"target": -0.9395252617364054, "params": {"colsample_bytree": 0.23250390439661317, "learning_rate": 0.3597990588439889, "max_bin_exp": 9.444602586194346, "max_depth": 5.714629904225728, "n_estimators": 3947.8382792997336, "reg_alpha": 2.8798093936485554, "reg_lambda": 0.738962167161282}, "datetime": {"datetime": "2024-02-19 16:01:53", "elapsed": 2439.578926, "delta": 8.214944}}
{"target": -0.7611375228372174, "params": {"colsample_bytree": 0.4775762045809717, "learning_rate": 0.2326949278647812, "max_bin_exp": 5.856758935158435, "max_depth": 3.460291663769266, "n_estimators": 2539.8923836576805, "reg_alpha": 2.394512427531636, "reg_lambda": 0.016667490585565048}, "datetime": {"datetime": "2024-02-19 16:01:57", "elapsed": 2443.57413, "delta": 3.995204}}
{"target": -1.1234257132032721, "params": {"colsample_bytree": 0.6898551832420794, "learning_rate": 0.2748882885579397, "max_bin_exp": 6.346943411248692, "max_depth": 1.9331466958690067, "n_estimators": 4799.8752743502655, "reg_alpha": 2.1442713382686334, "reg_lambda": 1.049988326130254}, "datetime": {"datetime": "2024-02-19 16:02:02", "elapsed": 2449.304979, "delta": 5.730849}}
{"target": -0.6643821158905661, "params": {"colsample_bytree": 1.0, "learning_rate": 0.5, "max_bin_exp": 9.821355278643829, "max_depth": 6.0, "n_estimators": 3707.3509124224406, "reg_alpha": 3.0, "reg_lambda": 1.3747827197872202}, "datetime": {"datetime": "2024-02-19 16:02:11", "elapsed": 2458.183787, "delta": 8.878808}}
{"target": -0.6924032025320738, "params": {"colsample_bytree": 0.6133454017067406, "learning_rate": 0.11728034184814418, "max_bin_exp": 9.924173709960769, "max_depth": 2.8624732908375425, "n_estimators": 3719.0742669124024, "reg_alpha": 2.8523705119803124, "reg_lambda": 2.929625584416784}, "datetime": {"datetime": "2024-02-19 16:02:18", "elapsed": 2464.551178, "delta": 6.367391}}
{"target": -0.657947823112347, "params": {"colsample_bytree": 0.8412306319322485, "learning_rate": 0.3816625555826121, "max_bin_exp": 9.544217853890894, "max_depth": 5.77847091749714, "n_estimators": 2534.9997949560816, "reg_alpha": 1.3483870603844377, "reg_lambda": 0.6307885378726402}, "datetime": {"datetime": "2024-02-19 16:02:24", "elapsed": 2470.937911, "delta": 6.386733}}
{"target": -0.6858243627508533, "params": {"colsample_bytree": 0.7824418218247315, "learning_rate": 0.31210606328628293, "max_bin_exp": 7.118436176855079, "max_depth": 5.846420247669804, "n_estimators": 2548.746113810243, "reg_alpha": 0.12133755696280601, "reg_lambda": 0.2842614886280129}, "datetime": {"datetime": "2024-02-19 16:02:29", "elapsed": 2475.625721, "delta": 4.68781}}
{"target": -0.6474078860346045, "params": {"colsample_bytree": 1.0, "learning_rate": 0.5, "max_bin_exp": 8.159398591561544, "max_depth": 6.0, "n_estimators": 3907.1307679838137, "reg_alpha": 0.0, "reg_lambda": 3.0}, "datetime": {"datetime": "2024-02-19 16:02:38", "elapsed": 2484.555411, "delta": 8.92969}}
{"target": -0.6826736958737017, "params": {"colsample_bytree": 0.36906444970718627, "learning_rate": 0.05781151784184038, "max_bin_exp": 9.924289079994326, "max_depth": 5.949767126041399, "n_estimators": 2548.4330578108484, "reg_alpha": 1.0646824536054775, "reg_lambda": 0.00787276446654428}, "datetime": {"datetime": "2024-02-19 16:02:44", "elapsed": 2490.814362, "delta": 6.258951}}
{"target": -0.5976134078117644, "params": {"colsample_bytree": 0.9635965874866164, "learning_rate": 0.03384356492212146, "max_bin_exp": 10.0, "max_depth": 4.447154568807383, "n_estimators": 4793.904959895054, "reg_alpha": 2.1084696046500984, "reg_lambda": 1.2349134434533722}, "datetime": {"datetime": "2024-02-19 16:02:52", "elapsed": 2498.340539, "delta": 7.526177}}
{"target": -0.7054766866407721, "params": {"colsample_bytree": 1.0, "learning_rate": 0.5, "max_bin_exp": 10.0, "max_depth": 6.0, "n_estimators": 4166.4185569679585, "reg_alpha": 1.7722908945016491, "reg_lambda": 0.0}, "datetime": {"datetime": "2024-02-19 16:03:02", "elapsed": 2508.510474, "delta": 10.169935}}
{"target": -1.24254175612347, "params": {"colsample_bytree": 0.33714701814135717, "learning_rate": 0.40503010226603936, "max_bin_exp": 9.144680237405328, "max_depth": 1.1401466018353281, "n_estimators": 4795.419823987948, "reg_alpha": 1.633765229905, "reg_lambda": 0.9833753387746818}, "datetime": {"datetime": "2024-02-19 16:03:06", "elapsed": 2513.136179, "delta": 4.625705}}
{"target": -1.2100390489789314, "params": {"colsample_bytree": 0.9252745314447188, "learning_rate": 0.3501861767984679, "max_bin_exp": 7.584215517120994, "max_depth": 1.1131013989254464, "n_estimators": 2196.110974040996, "reg_alpha": 1.275004095001075, "reg_lambda": 1.819498429132831}, "datetime": {"datetime": "2024-02-19 16:03:10", "elapsed": 2516.635788, "delta": 3.499609}}
{"target": -0.6250196789606873, "params": {"colsample_bytree": 0.6615575306071968, "learning_rate": 0.12183484466552484, "max_bin_exp": 8.803570085622335, "max_depth": 4.466110670704309, "n_estimators": 729.8516952875259, "reg_alpha": 2.924735862886258, "reg_lambda": 0.4887515384804212}, "datetime": {"datetime": "2024-02-19 16:03:14", "elapsed": 2520.448365, "delta": 3.812577}}
{"target": -0.6831354274805791, "params": {"colsample_bytree": 0.9938367377164665, "learning_rate": 0.314342538893633, "max_bin_exp": 7.362389080580867, "max_depth": 4.647773803148063, "n_estimators": 2627.8287074355067, "reg_alpha": 2.933587850775759, "reg_lambda": 0.8309542882250941}, "datetime": {"datetime": "2024-02-19 16:03:18", "elapsed": 2525.106402, "delta": 4.658037}}
{"target": -0.8349597816766714, "params": {"colsample_bytree": 0.8155033706846606, "learning_rate": 0.4382763535464542, "max_bin_exp": 5.684610850669143, "max_depth": 5.201890567443379, "n_estimators": 2626.011626984715, "reg_alpha": 0.34688126619551307, "reg_lambda": 0.6664596187438556}, "datetime": {"datetime": "2024-02-19 16:03:23", "elapsed": 2530.00417, "delta": 4.897768}}
{"target": -0.8893470148319798, "params": {"colsample_bytree": 0.2541643425528264, "learning_rate": 0.09799545550475112, "max_bin_exp": 9.369484590550801, "max_depth": 3.068080724833975, "n_estimators": 2627.33375602229, "reg_alpha": 0.4197689391912144, "reg_lambda": 2.42636386103386}, "datetime": {"datetime": "2024-02-19 16:03:27", "elapsed": 2534.234414, "delta": 4.230244}}
{"target": -1.8955741912414663, "params": {"colsample_bytree": 0.7837958395682822, "learning_rate": 0.4641925232646034, "max_bin_exp": 5.864046387016005, "max_depth": 1.2910780250441825, "n_estimators": 2624.4264947350825, "reg_alpha": 2.788827021576529, "reg_lambda": 1.4454775691985504}, "datetime": {"datetime": "2024-02-19 16:03:31", "elapsed": 2537.760498, "delta": 3.526084}}
{"target": -0.6262061249014242, "params": {"colsample_bytree": 0.7356696800421139, "learning_rate": 0.0839167942647762, "max_bin_exp": 8.76216142916473, "max_depth": 4.228163962684561, "n_estimators": 4142.06333311999, "reg_alpha": 2.998093297362152, "reg_lambda": 1.9952690386135241}, "datetime": {"datetime": "2024-02-19 16:03:38", "elapsed": 2544.513709, "delta": 6.753211}}
{"target": -0.6833850356184161, "params": {"colsample_bytree": 0.41850356736684, "learning_rate": 0.018233969871429976, "max_bin_exp": 9.231131414588614, "max_depth": 5.942473428042051, "n_estimators": 4836.529580176282, "reg_alpha": 0.34447079994484053, "reg_lambda": 1.4074009313796538}, "datetime": {"datetime": "2024-02-19 16:03:47", "elapsed": 2554.109465, "delta": 9.595756}}
