{"target": -16.744221982301276, "params": {"u": 0.16587821168342853, "x": 2.839222608458104, "y": 0.5954784728831974}, "datetime": {"datetime": "2024-02-27 23:07:03", "elapsed": 80.698095, "delta": 0.680832}}
{"target": 8.437379068891438, "params": {"u": 1.2354205045533604, "x": 0.22509897266950807, "y": 0.23053633419827602}, "datetime": {"datetime": "2024-02-27 23:07:04", "elapsed": 81.624588, "delta": 0.926493}}
{"target": -13.833858094191282, "params": {"u": 0.4809286210033732, "x": 0.6956326271633309, "y": -0.46156192462025736}, "datetime": {"datetime": "2024-02-27 23:07:05", "elapsed": 82.120144, "delta": 0.495556}}
{"target": -23.745926702976355, "params": {"u": 0.9686409077327609, "x": 2.7115325382644317, "y": -3.9379050112887026}, "datetime": {"datetime": "2024-02-27 23:07:06", "elapsed": 82.844787, "delta": 0.724643}}
{"target": -8.573319995713828, "params": {"u": 0.26489166879948733, "x": 0.7826853645187151, "y": -4.3473528647765445}, "datetime": {"datetime": "2024-02-27 23:07:06", "elapsed": 83.376557, "delta": 0.53177}}
{"target": -15.664175813409305, "params": {"u": 0.6940705064941548, "x": -0.6624945659264481, "y": 3.848465829096611}, "datetime": {"datetime": "2024-02-27 23:07:07", "elapsed": 84.02714, "delta": 0.650583}}
{"target": 6.911176565906629, "params": {"u": 1.60630540495536, "x": 0.747487992180385, "y": -4.0577646462946815}, "datetime": {"datetime": "2024-02-27 23:07:07", "elapsed": 84.496509, "delta": 0.469369}}
{"target": 8.116447339774432, "params": {"u": 1.6617584128666403, "x": 0.2653334463540675, "y": -0.7917188978654943}, "datetime": {"datetime": "2024-02-27 23:07:08", "elapsed": 84.984687, "delta": 0.488178}}
{"target": -4.979895078646505, "params": {"u": 0.04735222100773351, "x": 1.9893441679536674, "y": -2.7481202390473514}, "datetime": {"datetime": "2024-02-27 23:07:09", "elapsed": 85.887447, "delta": 0.90276}}
{"target": -30.281282604963664, "params": {"u": 0.4973310708047429, "x": 2.5110543624529313, "y": 4.134907018750964}, "datetime": {"datetime": "2024-02-27 23:07:09", "elapsed": 86.395008, "delta": 0.507561}}
{"target": 4.536509344070176, "params": {"u": 1.5946165016898746, "x": 1.3029552262405257, "y": 4.440328987398033}, "datetime": {"datetime": "2024-02-27 23:07:10", "elapsed": 87.036929, "delta": 0.641921}}
{"target": -1.003987935383833, "params": {"u": 0.6991187233796934, "x": 0.9882088156129103, "y": 4.3746506097200815}, "datetime": {"datetime": "2024-02-27 23:07:11", "elapsed": 88.124721, "delta": 1.087792}}
{"target": 2.4445795472170175, "params": {"u": 1.3227390417229945, "x": 2.185461170692603, "y": -2.357408795766922}, "datetime": {"datetime": "2024-02-27 23:07:12", "elapsed": 88.89637, "delta": 0.771649}}
{"target": 7.174632107493238, "params": {"u": 1.955337680212713, "x": -0.4241445838948166, "y": -0.6414194737000498}, "datetime": {"datetime": "2024-02-27 23:07:12", "elapsed": 89.784687, "delta": 0.888317}}
{"target": 3.797184555337182, "params": {"u": 1.2871490742411016, "x": 1.4914160220601982, "y": 1.9736155439262868}, "datetime": {"datetime": "2024-02-27 23:07:13", "elapsed": 90.464814, "delta": 0.680127}}
{"target": -28.658700991376637, "params": {"u": 0.8849652939727712, "x": 2.605863622760096, "y": -4.098013052529581}, "datetime": {"datetime": "2024-02-27 23:07:14", "elapsed": 91.079625, "delta": 0.614811}}
{"target": 9.689124132314916, "params": {"u": 1.9657000095146488, "x": 0.06799856339491048, "y": 0.8968544511575706}, "datetime": {"datetime": "2024-02-27 23:07:14", "elapsed": 91.82725, "delta": 0.747625}}
{"target": 6.752165339586458, "params": {"u": 1.5305139116967275, "x": -0.6461391348662913, "y": 0.33345183900198716}, "datetime": {"datetime": "2024-02-27 23:07:15", "elapsed": 92.415884, "delta": 0.588634}}
{"target": 9.986671043692983, "params": {"u": 1.9509902712194507, "x": -0.004520172282471702, "y": 4.354949007657931}, "datetime": {"datetime": "2024-02-27 23:07:16", "elapsed": 93.603023, "delta": 1.187139}}
{"target": -26.787028020722175, "params": {"u": 0.8992500661078597, "x": 2.6524735508421764, "y": 4.48119603930474}, "datetime": {"datetime": "2024-02-27 23:07:17", "elapsed": 94.285936, "delta": 0.682913}}
{"target": -17.707025018802423, "params": {"u": 0.22694820360359702, "x": 2.2298122121102315, "y": 0.81544574786954}, "datetime": {"datetime": "2024-02-27 23:07:18", "elapsed": 95.215456, "delta": 0.92952}}
{"target": 1.122357510250442, "params": {"u": 1.9885501962259458, "x": 2.438672385463846, "y": 4.072315654598647}, "datetime": {"datetime": "2024-02-27 23:07:18", "elapsed": 95.824809, "delta": 0.609353}}
{"target": 9.12447847570342, "params": {"u": 1.9977198395213815, "x": -0.14394817895786804, "y": -4.941374341025831}, "datetime": {"datetime": "2024-02-27 23:07:20", "elapsed": 97.156534, "delta": 1.331725}}
{"target": -4.8514901447693575, "params": {"u": 0.8490680725841218, "x": 0.16342731289656154, "y": -1.5119079954828365}, "datetime": {"datetime": "2024-02-27 23:07:20", "elapsed": 97.593013, "delta": 0.436479}}
{"target": 9.792143694728718, "params": {"u": 1.967711003593583, "x": -0.05022639471571088, "y": -4.358800123817803}, "datetime": {"datetime": "2024-02-27 23:07:21", "elapsed": 98.426168, "delta": 0.833155}}
{"target": -18.19644026348341, "params": {"u": 0.8554537336215915, "x": -0.6068922660391705, "y": -0.7662993089224512}, "datetime": {"datetime": "2024-02-27 23:07:22", "elapsed": 99.018016, "delta": 0.591848}}
{"target": 8.68180315733633, "params": {"u": 1.616822709299724, "x": -0.19604574608782288, "y": 4.934875979389556}, "datetime": {"datetime": "2024-02-27 23:07:22", "elapsed": 99.675315, "delta": 0.657299}}
{"target": 8.223503605943787, "params": {"u": 1.088464138413748, "x": 0.25154276659443964, "y": 0.9447204674062313}, "datetime": {"datetime": "2024-02-27 23:07:23", "elapsed": 100.236231, "delta": 0.560916}}
{"target": 3.350453736486184, "params": {"u": 1.7943396956201345, "x": 2.0270850986023565, "y": -1.4501248217732488}, "datetime": {"datetime": "2024-02-27 23:07:24", "elapsed": 101.084072, "delta": 0.847841}}
{"target": -13.700651516452366, "params": {"u": 0.8134188413059529, "x": 1.7561009316258667, "y": -0.7524257045011549}, "datetime": {"datetime": "2024-02-27 23:07:24", "elapsed": 101.764683, "delta": 0.680611}}
{"target": 6.772898459694282, "params": {"u": 1.9767887432277624, "x": -0.673317000099332, "y": -4.534191523000155}, "datetime": {"datetime": "2024-02-27 23:07:25", "elapsed": 102.62515, "delta": 0.860467}}
{"target": 8.34806975435118, "params": {"u": 1.9628112360256038, "x": 0.23598921768925107, "y": -0.29367844664814413}, "datetime": {"datetime": "2024-02-27 23:07:27", "elapsed": 104.045562, "delta": 1.420412}}
{"target": 3.0725436073399415, "params": {"u": 1.0563033409343037, "x": 2.091578865642965, "y": 4.037463175003708}, "datetime": {"datetime": "2024-02-27 23:07:28", "elapsed": 105.04908, "delta": 1.003518}}
{"target": 7.111812943852993, "params": {"u": 1.9313148058936236, "x": 0.43975686822662663, "y": 1.580626284746752}, "datetime": {"datetime": "2024-02-27 23:07:29", "elapsed": 106.348687, "delta": 1.299607}}
{"target": -17.882730542458575, "params": {"u": 0.6601028407620604, "x": -0.39062593791998257, "y": 4.760813620025289}, "datetime": {"datetime": "2024-02-27 23:07:30", "elapsed": 107.08174, "delta": 0.733053}}
{"target": -0.7429751130451692, "params": {"u": 0.9963430509101541, "x": -0.06157769197985141, "y": 4.7449643048569925}, "datetime": {"datetime": "2024-02-27 23:07:30", "elapsed": 107.771661, "delta": 0.689921}}
{"target": 9.980888506047979, "params": {"u": 1.9957494353303529, "x": 0.006374507368279492, "y": -0.9909350280699956}, "datetime": {"datetime": "2024-02-27 23:07:31", "elapsed": 108.701739, "delta": 0.930078}}
{"target": 6.311006002872105, "params": {"u": 1.9959213173515074, "x": 1.0269099874102796, "y": -3.752312021399813}, "datetime": {"datetime": "2024-02-27 23:07:32", "elapsed": 109.699152, "delta": 0.997413}}
{"target": -18.96357380626945, "params": {"u": 0.9306824996519745, "x": -0.5845468542985945, "y": -3.616765415024903}, "datetime": {"datetime": "2024-02-27 23:07:34", "elapsed": 110.940103, "delta": 1.240951}}
{"target": 2.5999991467593144, "params": {"u": 1.3414135647915526, "x": 2.1637371937611722, "y": -3.126678151128357}, "datetime": {"datetime": "2024-02-27 23:07:34", "elapsed": 111.630897, "delta": 0.690794}}
{"target": 6.747625118150776, "params": {"u": 1.958794368865978, "x": 0.6228672068733654, "y": -0.6904966966710262}, "datetime": {"datetime": "2024-02-27 23:07:35", "elapsed": 112.601548, "delta": 0.970651}}
{"target": 6.750937267184202, "params": {"u": 1.9665636922350764, "x": 0.6082370700207913, "y": -2.4314375724286084}, "datetime": {"datetime": "2024-02-27 23:07:36", "elapsed": 113.784175, "delta": 1.182627}}
{"target": 6.749039212753466, "params": {"u": 1.9956148063006331, "x": -0.6374066940253371, "y": -4.472136330647347}, "datetime": {"datetime": "2024-02-27 23:07:38", "elapsed": 115.035907, "delta": 1.251732}}
{"target": 7.139615048511352, "params": {"u": 1.9537623325273794, "x": 0.432690174595266, "y": 3.330249098337031}, "datetime": {"datetime": "2024-02-27 23:07:39", "elapsed": 116.313858, "delta": 1.277951}}
{"target": -12.35770750868618, "params": {"u": 0.583129732018393, "x": 2.142871536643461, "y": 0.9132464908244353}, "datetime": {"datetime": "2024-02-27 23:07:40", "elapsed": 117.139427, "delta": 0.825569}}
{"target": 7.0184384493660374, "params": {"u": 1.4374718786190288, "x": 0.4657461395843945, "y": 2.0779429163156227}, "datetime": {"datetime": "2024-02-27 23:07:41", "elapsed": 117.955191, "delta": 0.815764}}
{"target": -19.83907765015446, "params": {"u": 0.5110599458715777, "x": -0.5485586008810488, "y": 4.154979615859773}, "datetime": {"datetime": "2024-02-27 23:07:42", "elapsed": 119.029328, "delta": 1.074137}}
{"target": 7.018712326556766, "params": {"u": 1.7215587005693254, "x": 0.7849284469957434, "y": -0.11022111111519095}, "datetime": {"datetime": "2024-02-27 23:07:42", "elapsed": 119.445344, "delta": 0.416016}}
{"target": -1.5538346262087046, "params": {"u": 0.6564466385513452, "x": -0.9415261616524284, "y": 4.219169268750383}, "datetime": {"datetime": "2024-02-27 23:07:43", "elapsed": 120.402631, "delta": 0.957287}}
{"target": -19.921144850806222, "params": {"u": 0.09883443537824244, "x": 1.3741427024073398, "y": -1.4256876464919932}, "datetime": {"datetime": "2024-02-27 23:07:44", "elapsed": 121.589193, "delta": 1.186562}}
{"target": 6.884317058811334, "params": {"u": 1.4367963560967194, "x": 0.5127769909006505, "y": 0.6630025738082974}, "datetime": {"datetime": "2024-02-27 23:07:45", "elapsed": 122.264102, "delta": 0.674909}}
{"target": 7.051738231885299, "params": {"u": 1.9577076270140579, "x": 0.7954063517321023, "y": -0.22407406533075372}, "datetime": {"datetime": "2024-02-27 23:07:46", "elapsed": 123.337563, "delta": 1.073461}}
{"target": 3.733267304373296, "params": {"u": 1.8393348951841189, "x": 1.5313547863604366, "y": 3.878281290088646}, "datetime": {"datetime": "2024-02-27 23:07:47", "elapsed": 124.622949, "delta": 1.285386}}
{"target": -22.083061153896068, "params": {"u": 0.006026085712140139, "x": 2.2954025115419903, "y": 2.120272435023388}, "datetime": {"datetime": "2024-02-27 23:07:48", "elapsed": 125.465533, "delta": 0.842584}}
{"target": 1.9881489094577134, "params": {"u": 1.4768860842960265, "x": 2.251234044536563, "y": 4.5982558904542845}, "datetime": {"datetime": "2024-02-27 23:07:49", "elapsed": 126.247538, "delta": 0.782005}}
{"target": -7.014357855662453, "params": {"u": 0.33645624659053586, "x": -0.8093051366953863, "y": -4.886767444687566}, "datetime": {"datetime": "2024-02-27 23:07:50", "elapsed": 126.88849, "delta": 0.640952}}
{"target": -21.830811709970725, "params": {"u": 0.25356511497057443, "x": 2.2915270422702236, "y": -1.0160062115122823}, "datetime": {"datetime": "2024-02-27 23:07:50", "elapsed": 127.818331, "delta": 0.929841}}
{"target": 6.8171033412642466, "params": {"u": 1.9931609248402302, "x": 0.704541021886798, "y": -3.1001281297834082}, "datetime": {"datetime": "2024-02-27 23:07:52", "elapsed": 129.107158, "delta": 1.288827}}
{"target": 7.154435044238664, "params": {"u": 1.6224151876489885, "x": 0.4290276307394536, "y": -1.952888592129438}, "datetime": {"datetime": "2024-02-27 23:07:53", "elapsed": 130.071243, "delta": 0.964085}}
{"target": -16.338914847820234, "params": {"u": 0.06595061355997611, "x": 0.6492200511555573, "y": -1.3603449648453014}, "datetime": {"datetime": "2024-02-27 23:07:53", "elapsed": 130.700606, "delta": 0.629363}}
{"target": 7.168443839983603, "params": {"u": 1.385797041782371, "x": 0.4256278787574179, "y": -0.2014499738740998}, "datetime": {"datetime": "2024-02-27 23:07:55", "elapsed": 132.472618, "delta": 1.772012}}
{"target": 6.899190253067552, "params": {"u": 1.9660383540028703, "x": 0.742793192383751, "y": -0.18936769350015226}, "datetime": {"datetime": "2024-02-27 23:07:56", "elapsed": 133.602537, "delta": 1.129919}}
{"target": 6.795907158227941, "params": {"u": 1.0731838759226322, "x": 0.5591041474802942, "y": -4.565857706664148}, "datetime": {"datetime": "2024-02-27 23:07:58", "elapsed": 134.880352, "delta": 1.277815}}
{"target": -19.821846566163977, "params": {"u": 0.9525155157495271, "x": -0.4556488299674686, "y": -0.4436732860515047}, "datetime": {"datetime": "2024-02-27 23:07:58", "elapsed": 135.767123, "delta": 0.886771}}
{"target": 8.462975787366286, "params": {"u": 1.9496974835247065, "x": 0.22201093515429315, "y": 3.885401507432599}, "datetime": {"datetime": "2024-02-27 23:07:59", "elapsed": 136.499632, "delta": 0.732509}}
{"target": 9.519758984592077, "params": {"u": 1.2399641364051492, "x": 0.093351823316838, "y": -3.284246979118728}, "datetime": {"datetime": "2024-02-27 23:08:00", "elapsed": 137.49835, "delta": 0.998718}}
{"target": 8.365090953168838, "params": {"u": 1.2286841708741314, "x": -0.23389862099073744, "y": -2.948476245504973}, "datetime": {"datetime": "2024-02-27 23:08:01", "elapsed": 138.493899, "delta": 0.995549}}
{"target": 9.984311428849985, "params": {"u": 1.9625572548935601, "x": 0.00528395220126443, "y": -0.9118500844672104}, "datetime": {"datetime": "2024-02-27 23:08:03", "elapsed": 140.112394, "delta": 1.618495}}
{"target": -23.103507417439317, "params": {"u": 0.9474934488206255, "x": 1.4792676351048262, "y": 3.1323929764806557}, "datetime": {"datetime": "2024-02-27 23:08:04", "elapsed": 140.987133, "delta": 0.874739}}
{"target": -9.264066509183388, "params": {"u": 0.8681019875578422, "x": -0.23737722002158934, "y": -2.274795750010883}, "datetime": {"datetime": "2024-02-27 23:08:05", "elapsed": 141.842098, "delta": 0.854965}}
{"target": 7.002191346647351, "params": {"u": 1.5785184105556187, "x": 0.4707048469210542, "y": 4.357810219102287}, "datetime": {"datetime": "2024-02-27 23:08:06", "elapsed": 143.382315, "delta": 1.540217}}
{"target": -21.9481588371566, "params": {"u": 0.07580111547438717, "x": 1.4252383591444011, "y": -4.0101454650732276}, "datetime": {"datetime": "2024-02-27 23:08:08", "elapsed": 144.878973, "delta": 1.496658}}
{"target": -5.362805309823798, "params": {"u": 0.5562182597681473, "x": 0.1727209029520922, "y": -3.068207600212982}, "datetime": {"datetime": "2024-02-27 23:08:09", "elapsed": 146.477994, "delta": 1.599021}}
{"target": -22.805764879887068, "params": {"u": 0.18151903373054146, "x": 1.4593749236373696, "y": -3.076673904768299}, "datetime": {"datetime": "2024-02-27 23:08:10", "elapsed": 147.197756, "delta": 0.719762}}
{"target": 9.402062715779422, "params": {"u": 1.9682390957144578, "x": 0.10928455577186336, "y": -3.1540953648150296}, "datetime": {"datetime": "2024-02-27 23:08:11", "elapsed": 148.158323, "delta": 0.960567}}
{"target": -15.36827247382571, "params": {"u": 0.996963665828291, "x": 0.6680979394701922, "y": -3.53616125572381}, "datetime": {"datetime": "2024-02-27 23:08:12", "elapsed": 149.367906, "delta": 1.209583}}
{"target": -5.993915062229544, "params": {"u": 0.5975661906729737, "x": 1.9173746593104575, "y": -0.5568870205574941}, "datetime": {"datetime": "2024-02-27 23:08:13", "elapsed": 150.075189, "delta": 0.707283}}
{"target": -23.00596786714138, "params": {"u": 0.1045474497757255, "x": 1.5438749754886696, "y": -0.7868464078491524}, "datetime": {"datetime": "2024-02-27 23:08:13", "elapsed": 150.568274, "delta": 0.493085}}
{"target": 6.802895870631357, "params": {"u": 1.9879232785847218, "x": 0.5543905043155202, "y": -3.5308076192873883}, "datetime": {"datetime": "2024-02-27 23:08:14", "elapsed": 151.200206, "delta": 0.631932}}
{"target": 7.417067822243624, "params": {"u": 1.9492446309382947, "x": -0.9408024032352658, "y": 4.995186070733817}, "datetime": {"datetime": "2024-02-27 23:08:15", "elapsed": 152.09239, "delta": 0.892184}}
{"target": 3.7273829312233673, "params": {"u": 1.891096050452108, "x": 1.5364397494355817, "y": -3.122624890706388}, "datetime": {"datetime": "2024-02-27 23:08:16", "elapsed": 153.0787, "delta": 0.98631}}
{"target": -16.44708910602752, "params": {"u": 0.5649340614077281, "x": 0.6470166952591381, "y": 4.452917944417946}, "datetime": {"datetime": "2024-02-27 23:08:17", "elapsed": 154.397933, "delta": 1.319233}}
{"target": 19.12237418858544, "params": {"u": 2.0, "x": 0.9368168505180512, "y": -3.7044605828657}, "datetime": {"datetime": "2024-02-27 23:08:18", "elapsed": 155.385688, "delta": 0.987755}}
{"target": -6.708646420856889, "params": {"u": 0.9904390672412862, "x": 0.19597360610756764, "y": 1.381282111312343}, "datetime": {"datetime": "2024-02-27 23:08:19", "elapsed": 156.446029, "delta": 1.060341}}
{"target": 7.398828694680159, "params": {"u": 1.7792492560712347, "x": 0.9213502720576376, "y": -4.655336056599526}, "datetime": {"datetime": "2024-02-27 23:08:20", "elapsed": 157.242818, "delta": 0.796789}}
{"target": -0.5928587000236689, "params": {"u": 0.37788393808488707, "x": 0.0549364590942516, "y": 2.535711680737231}, "datetime": {"datetime": "2024-02-27 23:08:21", "elapsed": 157.970131, "delta": 0.727313}}
{"target": 18.0, "params": {"u": 2.0, "x": -1.0, "y": 4.936901050378209}, "datetime": {"datetime": "2024-02-27 23:08:21", "elapsed": 158.559468, "delta": 0.589337}}
{"target": -21.37931062763684, "params": {"u": 0.903856274724935, "x": 2.284645742888889, "y": -3.815231119742429}, "datetime": {"datetime": "2024-02-27 23:08:22", "elapsed": 159.373461, "delta": 0.813993}}
{"target": -5.151051090735752, "params": {"u": 0.6796607071444847, "x": 1.9604056962941927, "y": 4.568639752919632}, "datetime": {"datetime": "2024-02-27 23:08:23", "elapsed": 160.346783, "delta": 0.973322}}
{"target": 7.417690723340257, "params": {"u": 1.9342735898054557, "x": 0.9621065209490118, "y": -3.6599380813666125}, "datetime": {"datetime": "2024-02-27 23:08:24", "elapsed": 161.660155, "delta": 1.313372}}
{"target": 7.3255197653277015, "params": {"u": 1.9879135255325702, "x": 0.8840567212992938, "y": -1.7365404491457714}, "datetime": {"datetime": "2024-02-27 23:08:25", "elapsed": 162.787665, "delta": 1.12751}}
{"target": 9.876351464875704, "params": {"u": 1.9966587652031298, "x": -0.03334441953152423, "y": 0.8967760614273139}, "datetime": {"datetime": "2024-02-27 23:08:27", "elapsed": 164.520807, "delta": 1.733142}}
{"target": 7.773555664555438, "params": {"u": 1.5919157551705927, "x": 0.313270381402734, "y": -1.182797095142564}, "datetime": {"datetime": "2024-02-27 23:08:28", "elapsed": 165.39731, "delta": 0.876503}}
{"target": 7.3950816458499276, "params": {"u": 1.4364172165843505, "x": -0.3771651424123732, "y": 3.383436082651256}, "datetime": {"datetime": "2024-02-27 23:08:29", "elapsed": 166.430849, "delta": 1.033539}}
{"target": 9.778992113345314, "params": {"u": 1.101636755772678, "x": -0.052639302069437566, "y": 4.693333821458021}, "datetime": {"datetime": "2024-02-27 23:08:30", "elapsed": 167.295724, "delta": 0.864875}}
{"target": 9.18215353146471, "params": {"u": 1.9567480940091109, "x": 0.13697245350694853, "y": -0.33678378832231104}, "datetime": {"datetime": "2024-02-27 23:08:31", "elapsed": 168.213338, "delta": 0.917614}}
{"target": -12.893796600045675, "params": {"u": 0.7631089745006532, "x": 1.2550714128813483, "y": 0.8111637771107016}, "datetime": {"datetime": "2024-02-27 23:08:32", "elapsed": 169.540728, "delta": 1.32739}}
{"target": 7.414717293779351, "params": {"u": 1.976394513498154, "x": -0.9670188657710459, "y": -3.751227541661053}, "datetime": {"datetime": "2024-02-27 23:08:34", "elapsed": 171.200531, "delta": 1.659803}}
{"target": 6.7530552022454415, "params": {"u": 1.9949834014684782, "x": 0.6480036121206769, "y": -4.944975021198482}, "datetime": {"datetime": "2024-02-27 23:08:35", "elapsed": 172.489937, "delta": 1.289406}}
{"target": 6.815047065013243, "params": {"u": 1.1550268249970608, "x": 0.5468394786394222, "y": 4.0997825827364665}, "datetime": {"datetime": "2024-02-27 23:08:36", "elapsed": 173.594707, "delta": 1.10477}}
{"target": 8.507064952462922, "params": {"u": 1.8256727093382883, "x": -0.21672192104695842, "y": -1.4760819550600601}, "datetime": {"datetime": "2024-02-27 23:08:37", "elapsed": 174.57422, "delta": 0.979513}}
{"target": 9.990492143090744, "params": {"u": 1.0532555471714904, "x": 0.003261403523924652, "y": 4.753575575667015}, "datetime": {"datetime": "2024-02-27 23:08:39", "elapsed": 176.090652, "delta": 1.516432}}
{"target": 6.847913948871835, "params": {"u": 1.9749626237870408, "x": 0.7205507526913106, "y": -0.6837909968594054}, "datetime": {"datetime": "2024-02-27 23:08:40", "elapsed": 177.471037, "delta": 1.380385}}
{"target": 7.5787339464255155, "params": {"u": 1.9714908949522758, "x": -0.34422161051795186, "y": -0.6384801276206105}, "datetime": {"datetime": "2024-02-27 23:08:42", "elapsed": 179.536406, "delta": 2.065369}}
{"target": 4.776677057371728, "params": {"u": 1.9770206165406898, "x": 1.2649625480396254, "y": -1.1045442116096185}, "datetime": {"datetime": "2024-02-27 23:08:44", "elapsed": 181.503804, "delta": 1.967398}}
