{"target": -1.1365757067855462, "params": {"colsample_bytree": 1.0, "learning_rate": 0.001, "max_bin_exp": 7.535567424132559, "max_depth": 5.93887860861186, "n_estimators": 4369.453903163004, "reg_alpha": 0.25682290512686945, "reg_lambda": 3.0}, "datetime": {"datetime": "2024-02-19 17:57:20", "elapsed": 1282.800177, "delta": 5.038436}}
{"target": -0.709522795850437, "params": {"colsample_bytree": 0.4791427086111222, "learning_rate": 0.47819369559337, "max_bin_exp": 9.516301547266217, "max_depth": 4.373831649545957, "n_estimators": 1618.801966337958, "reg_alpha": 0.43165077134023844, "reg_lambda": 2.00994121290994}, "datetime": {"datetime": "2024-02-19 17:57:22", "elapsed": 1284.888069, "delta": 2.087892}}
{"target": -0.6906892513529345, "params": {"colsample_bytree": 0.4505225240006997, "learning_rate": 0.4191658166460272, "max_bin_exp": 9.973999198762257, "max_depth": 4.716746645552128, "n_estimators": 4292.17541954552, "reg_alpha": 0.3566313028290655, "reg_lambda": 2.7780849631596904}, "datetime": {"datetime": "2024-02-19 17:57:26", "elapsed": 1289.301665, "delta": 4.413596}}
{"target": -0.6681498167722312, "params": {"colsample_bytree": 0.5950675759063891, "learning_rate": 0.18018885969906778, "max_bin_exp": 7.875888214494233, "max_depth": 5.339081640748899, "n_estimators": 4406.633948108086, "reg_alpha": 1.153652821669152, "reg_lambda": 0.32396367447086827}, "datetime": {"datetime": "2024-02-19 17:57:31", "elapsed": 1294.347405, "delta": 5.04574}}
{"target": -0.6224718995689148, "params": {"colsample_bytree": 0.5123420828340779, "learning_rate": 0.02904964596961633, "max_bin_exp": 9.8293912756411, "max_depth": 5.102977728887805, "n_estimators": 4267.596835873304, "reg_alpha": 2.7159605795698663, "reg_lambda": 2.3970889777392843}, "datetime": {"datetime": "2024-02-19 17:57:37", "elapsed": 1299.907405, "delta": 5.56}}
{"target": -0.9033827862136408, "params": {"colsample_bytree": 0.2, "learning_rate": 0.5, "max_bin_exp": 10.0, "max_depth": 3.0935675949920665, "n_estimators": 4391.107828594472, "reg_alpha": 0.0, "reg_lambda": 3.0}, "datetime": {"datetime": "2024-02-19 17:57:41", "elapsed": 1303.608426, "delta": 3.701021}}
{"target": -1.3268683525907414, "params": {"colsample_bytree": 0.3099098708130663, "learning_rate": 0.3018680877332603, "max_bin_exp": 4.259461846325886, "max_depth": 5.257416163685655, "n_estimators": 1624.2989527469476, "reg_alpha": 2.9051321020462124, "reg_lambda": 2.9195483063678385}, "datetime": {"datetime": "2024-02-19 17:57:43", "elapsed": 1306.110043, "delta": 2.501617}}
{"target": -0.6910871922423052, "params": {"colsample_bytree": 0.4972291051742699, "learning_rate": 0.32904392952997386, "max_bin_exp": 9.858204347653503, "max_depth": 5.623661009037666, "n_estimators": 1978.1635964577579, "reg_alpha": 0.3891598937667866, "reg_lambda": 0.42345469142160785}, "datetime": {"datetime": "2024-02-19 17:57:46", "elapsed": 1308.928682, "delta": 2.818639}}
{"target": -0.6467356064692207, "params": {"colsample_bytree": 0.8626934002692594, "learning_rate": 0.09518992879159413, "max_bin_exp": 7.335441453828519, "max_depth": 5.500180683876812, "n_estimators": 4318.8212968689895, "reg_alpha": 1.5750383685822915, "reg_lambda": 0.45420866046264163}, "datetime": {"datetime": "2024-02-19 17:57:51", "elapsed": 1314.061746, "delta": 5.133064}}
{"target": -1.827423940788404, "params": {"colsample_bytree": 0.23308626900235377, "learning_rate": 0.4028761871416395, "max_bin_exp": 5.3740064807533665, "max_depth": 2.6881085656449923, "n_estimators": 4409.161452443878, "reg_alpha": 0.6599811404161077, "reg_lambda": 2.93301133639567}, "datetime": {"datetime": "2024-02-19 17:57:54", "elapsed": 1316.666374, "delta": 2.604628}}
{"target": -3.630765330167138, "params": {"colsample_bytree": 0.44440135896169664, "learning_rate": 0.01232889824624293, "max_bin_exp": 9.54479656400395, "max_depth": 1.7045017360022077, "n_estimators": 1616.0634791645357, "reg_alpha": 0.6214661032888156, "reg_lambda": 1.3315936240185844}, "datetime": {"datetime": "2024-02-19 17:57:55", "elapsed": 1318.523255, "delta": 1.856881}}
{"target": -0.9098089044844633, "params": {"colsample_bytree": 0.2, "learning_rate": 0.5, "max_bin_exp": 8.413404990020233, "max_depth": 6.0, "n_estimators": 1977.325506162553, "reg_alpha": 1.6471364499079735, "reg_lambda": 2.9551946708160717}, "datetime": {"datetime": "2024-02-19 17:57:58", "elapsed": 1321.137797, "delta": 2.614542}}
{"target": -0.6785938136939442, "params": {"colsample_bytree": 0.3659298117138784, "learning_rate": 0.12017268999665175, "max_bin_exp": 9.732729490478475, "max_depth": 5.940034705288431, "n_estimators": 1626.0847619652673, "reg_alpha": 0.6601080865709191, "reg_lambda": 2.1670410709129433}, "datetime": {"datetime": "2024-02-19 17:58:01", "elapsed": 1323.90525, "delta": 2.767453}}
{"target": -0.6888702548890655, "params": {"colsample_bytree": 0.5207803795678605, "learning_rate": 0.46428631327773207, "max_bin_exp": 9.96537175756427, "max_depth": 5.42207167332142, "n_estimators": 1979.7080867457958, "reg_alpha": 1.5357043219051751, "reg_lambda": 1.7972656984542195}, "datetime": {"datetime": "2024-02-19 17:58:04", "elapsed": 1326.8135, "delta": 2.90825}}
{"target": -1.8723205206692857, "params": {"colsample_bytree": 0.5606789697892345, "learning_rate": 0.34326537092770765, "max_bin_exp": 5.7831627212089405, "max_depth": 1.8949103485172656, "n_estimators": 4311.738075850887, "reg_alpha": 0.24801703231044936, "reg_lambda": 1.9266958340932168}, "datetime": {"datetime": "2024-02-19 17:58:06", "elapsed": 1328.82916, "delta": 2.01566}}
{"target": -0.6776087133291585, "params": {"colsample_bytree": 0.541150462322364, "learning_rate": 0.1586900532104048, "max_bin_exp": 8.389035174462192, "max_depth": 4.581233127983192, "n_estimators": 4425.307211549, "reg_alpha": 1.2298112285122484, "reg_lambda": 2.8930520171552825}, "datetime": {"datetime": "2024-02-19 17:58:10", "elapsed": 1333.302846, "delta": 4.473686}}
{"target": -0.7258734984698683, "params": {"colsample_bytree": 0.8072775377182968, "learning_rate": 0.46748314193573826, "max_bin_exp": 8.410912130809379, "max_depth": 5.849473317597185, "n_estimators": 4282.333332637805, "reg_alpha": 0.9076874761041339, "reg_lambda": 0.060363979947217206}, "datetime": {"datetime": "2024-02-19 17:58:16", "elapsed": 1339.31435, "delta": 6.011504}}
{"target": -1.0822962028219163, "params": {"colsample_bytree": 0.863306253285461, "learning_rate": 0.11220782549955594, "max_bin_exp": 4.152826717637964, "max_depth": 5.954969040428144, "n_estimators": 4285.274297252574, "reg_alpha": 2.8104933779447587, "reg_lambda": 0.8573155749718384}, "datetime": {"datetime": "2024-02-19 17:58:21", "elapsed": 1344.176914, "delta": 4.862564}}
{"target": -0.6430157693175467, "params": {"colsample_bytree": 0.5026331237854922, "learning_rate": 0.2482896565129398, "max_bin_exp": 9.991332366532408, "max_depth": 5.7834460817126505, "n_estimators": 1621.9042473116485, "reg_alpha": 0.09938332388394633, "reg_lambda": 2.085061090503817}, "datetime": {"datetime": "2024-02-19 17:58:24", "elapsed": 1346.924957, "delta": 2.748043}}
{"target": -0.6752019730065068, "params": {"colsample_bytree": 0.8819728008434398, "learning_rate": 0.20640255223674367, "max_bin_exp": 7.07554655629108, "max_depth": 3.7439585469470753, "n_estimators": 1629.0540345974348, "reg_alpha": 2.9474804013407776, "reg_lambda": 0.21733355440588553}, "datetime": {"datetime": "2024-02-19 17:58:26", "elapsed": 1348.967993, "delta": 2.043036}}
{"target": -0.6553858378222103, "params": {"colsample_bytree": 0.8699180479249402, "learning_rate": 0.37415204306975947, "max_bin_exp": 7.773651312585697, "max_depth": 5.959365181053743, "n_estimators": 4420.05631164876, "reg_alpha": 0.45472602483910796, "reg_lambda": 2.960227373551414}, "datetime": {"datetime": "2024-02-19 17:58:31", "elapsed": 1354.341059, "delta": 5.373066}}
{"target": -0.7003449249422522, "params": {"colsample_bytree": 0.5443295446709382, "learning_rate": 0.39129427238828995, "max_bin_exp": 9.72102797335984, "max_depth": 4.372110487011423, "n_estimators": 4432.357734480556, "reg_alpha": 2.672052584489063, "reg_lambda": 1.8663667550028866}, "datetime": {"datetime": "2024-02-19 17:58:36", "elapsed": 1359.231246, "delta": 4.890187}}
{"target": -0.6896946809535369, "params": {"colsample_bytree": 0.735775477904365, "learning_rate": 0.3486694660275387, "max_bin_exp": 6.552638290243911, "max_depth": 5.542435277377763, "n_estimators": 1972.370905002721, "reg_alpha": 0.016586791261567813, "reg_lambda": 2.9116711533885415}, "datetime": {"datetime": "2024-02-19 17:58:39", "elapsed": 1361.754312, "delta": 2.523066}}
{"target": -3.9085238008474583, "params": {"colsample_bytree": 0.37658030978689, "learning_rate": 0.006259473114727924, "max_bin_exp": 9.924963267719596, "max_depth": 1.8197273746344447, "n_estimators": 1967.2304001370187, "reg_alpha": 0.4001376149078124, "reg_lambda": 2.931293428385523}, "datetime": {"datetime": "2024-02-19 17:58:40", "elapsed": 1363.091906, "delta": 1.337594}}
{"target": -0.7204576090595024, "params": {"colsample_bytree": 0.5386661412999307, "learning_rate": 0.4342094443001126, "max_bin_exp": 8.306116222612165, "max_depth": 3.862390120076283, "n_estimators": 1618.6979262631116, "reg_alpha": 2.6875962966638185, "reg_lambda": 0.9291919634845595}, "datetime": {"datetime": "2024-02-19 17:58:42", "elapsed": 1364.885399, "delta": 1.793493}}
{"target": -0.9270460619247293, "params": {"colsample_bytree": 0.3706920817323697, "learning_rate": 0.4274576239615317, "max_bin_exp": 6.625388121777285, "max_depth": 5.976471422159843, "n_estimators": 4390.7166337339595, "reg_alpha": 0.6397373047873723, "reg_lambda": 0.6113252928912437}, "datetime": {"datetime": "2024-02-19 17:58:47", "elapsed": 1369.677744, "delta": 4.792345}}
{"target": -0.7010329780793904, "params": {"colsample_bytree": 0.6377226506590651, "learning_rate": 0.31881040256700643, "max_bin_exp": 6.782762023892844, "max_depth": 2.517644692565563, "n_estimators": 4297.390972640648, "reg_alpha": 2.7886027291509365, "reg_lambda": 0.628793502177902}, "datetime": {"datetime": "2024-02-19 17:58:49", "elapsed": 1372.279165, "delta": 2.601421}}
{"target": -1.4477894865291387, "params": {"colsample_bytree": 0.4307021839461904, "learning_rate": 0.18701073055199172, "max_bin_exp": 4.612722022900224, "max_depth": 2.831572634594436, "n_estimators": 4299.645927677469, "reg_alpha": 1.1778560715524347, "reg_lambda": 2.288103494263689}, "datetime": {"datetime": "2024-02-19 17:58:52", "elapsed": 1374.699502, "delta": 2.420337}}
{"target": -1.1197326985110638, "params": {"colsample_bytree": 1.0, "learning_rate": 0.5, "max_bin_exp": 4.660057683815009, "max_depth": 6.0, "n_estimators": 1958.7427994875907, "reg_alpha": 3.0, "reg_lambda": 3.0}, "datetime": {"datetime": "2024-02-19 17:58:55", "elapsed": 1377.723811, "delta": 3.024309}}
{"target": -0.7095752575336924, "params": {"colsample_bytree": 0.607071431751715, "learning_rate": 0.45923960975288036, "max_bin_exp": 8.70446555244062, "max_depth": 5.893549576311714, "n_estimators": 4284.326374481403, "reg_alpha": 2.5062334300710205, "reg_lambda": 0.2066168916510398}, "datetime": {"datetime": "2024-02-19 17:59:00", "elapsed": 1383.176797, "delta": 5.452986}}
{"target": -0.6295329331979754, "params": {"colsample_bytree": 0.954892518583647, "learning_rate": 0.1344593074805357, "max_bin_exp": 9.713628435314721, "max_depth": 4.8105909215199, "n_estimators": 4297.8042298927585, "reg_alpha": 0.2797201010817446, "reg_lambda": 0.6895439035542574}, "datetime": {"datetime": "2024-02-19 17:59:06", "elapsed": 1388.61433, "delta": 5.437533}}
{"target": -0.6888129393515148, "params": {"colsample_bytree": 0.4098264487547873, "learning_rate": 0.14363294186697217, "max_bin_exp": 9.815548975257428, "max_depth": 4.585240896165777, "n_estimators": 1964.0723180644416, "reg_alpha": 0.14974292473495165, "reg_lambda": 0.0961296085616582}, "datetime": {"datetime": "2024-02-19 17:59:08", "elapsed": 1391.454405, "delta": 2.840075}}
{"target": -0.7820336121341109, "params": {"colsample_bytree": 0.3558505141771977, "learning_rate": 0.3598434028300199, "max_bin_exp": 9.490611124357468, "max_depth": 5.886856456147736, "n_estimators": 4436.378971249187, "reg_alpha": 0.17363960205782558, "reg_lambda": 0.12317031751347007}, "datetime": {"datetime": "2024-02-19 17:59:14", "elapsed": 1397.319812, "delta": 5.865407}}
{"target": -0.6132813786598106, "params": {"colsample_bytree": 0.9156344153454865, "learning_rate": 0.14902270284749006, "max_bin_exp": 9.855309770134266, "max_depth": 5.049550330855718, "n_estimators": 4442.039982768267, "reg_alpha": 0.5095097466176488, "reg_lambda": 2.3501399316049367}, "datetime": {"datetime": "2024-02-19 17:59:20", "elapsed": 1403.228424, "delta": 5.908612}}
{"target": -0.7799654891794667, "params": {"colsample_bytree": 0.3556056579057497, "learning_rate": 0.3495943197611549, "max_bin_exp": 9.403041348321686, "max_depth": 5.305369236041556, "n_estimators": 4443.308230837405, "reg_alpha": 2.3482408745616974, "reg_lambda": 2.0215275574600793}, "datetime": {"datetime": "2024-02-19 17:59:26", "elapsed": 1409.111339, "delta": 5.882915}}
{"target": -0.7677023781849547, "params": {"colsample_bytree": 0.9916859310718558, "learning_rate": 0.4028907253557844, "max_bin_exp": 7.83616814107541, "max_depth": 3.7199812568334476, "n_estimators": 4294.9245160411665, "reg_alpha": 2.8681306322470164, "reg_lambda": 0.06321776643342147}, "datetime": {"datetime": "2024-02-19 17:59:30", "elapsed": 1412.924783, "delta": 3.813444}}
{"target": -1.4762271213070859, "params": {"colsample_bytree": 0.5881848920427761, "learning_rate": 0.1593013165966363, "max_bin_exp": 9.736851909486816, "max_depth": 1.6687794313146256, "n_estimators": 4271.999357064244, "reg_alpha": 2.1609918484762947, "reg_lambda": 0.2873499655490229}, "datetime": {"datetime": "2024-02-19 17:59:32", "elapsed": 1415.171326, "delta": 2.246543}}
{"target": -0.7172979139447976, "params": {"colsample_bytree": 0.6753367733205589, "learning_rate": 0.3841261075946807, "max_bin_exp": 6.215515634528952, "max_depth": 5.654988055963892, "n_estimators": 1969.7964084803107, "reg_alpha": 2.332732249423811, "reg_lambda": 2.450120507664301}, "datetime": {"datetime": "2024-02-19 17:59:35", "elapsed": 1417.907099, "delta": 2.735773}}
{"target": -0.7169874064385079, "params": {"colsample_bytree": 0.3070827929297032, "learning_rate": 0.19376759672659338, "max_bin_exp": 9.79142550613038, "max_depth": 5.7125006021188796, "n_estimators": 4447.518092412044, "reg_alpha": 1.8179595769091295, "reg_lambda": 2.8007418154974024}, "datetime": {"datetime": "2024-02-19 17:59:41", "elapsed": 1423.920182, "delta": 6.013083}}
{"target": -0.6535000485228343, "params": {"colsample_bytree": 0.5721556976689707, "learning_rate": 0.3519710821417978, "max_bin_exp": 9.298724420199116, "max_depth": 5.926566813248775, "n_estimators": 4267.256461012877, "reg_alpha": 0.42399861278349893, "reg_lambda": 2.892566111282587}, "datetime": {"datetime": "2024-02-19 17:59:47", "elapsed": 1430.140223, "delta": 6.220041}}
{"target": -0.7189248465026741, "params": {"colsample_bytree": 0.823637544384731, "learning_rate": 0.41667659865592743, "max_bin_exp": 9.781319611624856, "max_depth": 2.453903933664714, "n_estimators": 4293.785212986362, "reg_alpha": 2.936098545022929, "reg_lambda": 2.7352499985720176}, "datetime": {"datetime": "2024-02-19 17:59:50", "elapsed": 1433.345474, "delta": 3.205251}}
{"target": -0.7131612894214924, "params": {"colsample_bytree": 1.0, "learning_rate": 0.5, "max_bin_exp": 8.546892124081854, "max_depth": 6.0, "n_estimators": 1629.9880955921826, "reg_alpha": 3.0, "reg_lambda": 0.0}, "datetime": {"datetime": "2024-02-19 17:59:54", "elapsed": 1437.311912, "delta": 3.966438}}
{"target": -0.7227805688073798, "params": {"colsample_bytree": 0.48605623017827126, "learning_rate": 0.36318525733625573, "max_bin_exp": 9.699730182007203, "max_depth": 2.700948232000651, "n_estimators": 1961.9485681024473, "reg_alpha": 0.6172081985239357, "reg_lambda": 2.9032351724483916}, "datetime": {"datetime": "2024-02-19 17:59:56", "elapsed": 1439.269793, "delta": 1.957881}}
{"target": -0.8892738327271658, "params": {"colsample_bytree": 0.2834112130793874, "learning_rate": 0.05838160499577797, "max_bin_exp": 8.918685813247382, "max_depth": 3.488696324080345, "n_estimators": 4447.580507062136, "reg_alpha": 0.9438303559421596, "reg_lambda": 1.3897444671222385}, "datetime": {"datetime": "2024-02-19 18:00:00", "elapsed": 1443.254559, "delta": 3.984766}}
{"target": -0.7592486638852107, "params": {"colsample_bytree": 0.350361990088674, "learning_rate": 0.25612657027680524, "max_bin_exp": 9.768974690976155, "max_depth": 5.2202070835527845, "n_estimators": 4438.419036337761, "reg_alpha": 2.9414308984829836, "reg_lambda": 0.12437362149394648}, "datetime": {"datetime": "2024-02-19 18:00:06", "elapsed": 1448.863555, "delta": 5.608996}}
{"target": -0.6323213107521186, "params": {"colsample_bytree": 0.8474850162707481, "learning_rate": 0.1565695003101633, "max_bin_exp": 8.532769403136339, "max_depth": 4.368569580661312, "n_estimators": 4450.646070047013, "reg_alpha": 2.5870703585687185, "reg_lambda": 2.8971151987605923}, "datetime": {"datetime": "2024-02-19 18:00:10", "elapsed": 1453.427461, "delta": 4.563906}}
{"target": -0.7116160827135564, "params": {"colsample_bytree": 0.9838996979556196, "learning_rate": 0.2253899758645527, "max_bin_exp": 6.411137125497567, "max_depth": 3.6781322072958846, "n_estimators": 4450.167880925321, "reg_alpha": 0.24712513343313547, "reg_lambda": 1.8256363308188512}, "datetime": {"datetime": "2024-02-19 18:00:14", "elapsed": 1456.805146, "delta": 3.377685}}
{"target": -1.4264106544491526, "params": {"colsample_bytree": 1.0, "learning_rate": 0.001, "max_bin_exp": 7.572329708188699, "max_depth": 4.537045526887275, "n_estimators": 4439.991094924839, "reg_alpha": 3.0, "reg_lambda": 3.0}, "datetime": {"datetime": "2024-02-19 18:00:18", "elapsed": 1461.276746, "delta": 4.4716}}
{"target": -0.6402894119570974, "params": {"colsample_bytree": 0.7494731455561303, "learning_rate": 0.34076403370583147, "max_bin_exp": 9.8538799393278, "max_depth": 5.684278059724599, "n_estimators": 4451.908024646151, "reg_alpha": 0.9580811593313682, "reg_lambda": 1.5247606558802211}, "datetime": {"datetime": "2024-02-19 18:00:24", "elapsed": 1467.545572, "delta": 6.268826}}
{"target": -0.6735414950623821, "params": {"colsample_bytree": 0.4456866748669285, "learning_rate": 0.1193907105191511, "max_bin_exp": 7.6632398856920805, "max_depth": 4.942966391154807, "n_estimators": 4453.684278436459, "reg_alpha": 1.5036133708724675, "reg_lambda": 2.451013696310184}, "datetime": {"datetime": "2024-02-19 18:00:29", "elapsed": 1471.806648, "delta": 4.261076}}
{"target": -0.6814200584422081, "params": {"colsample_bytree": 0.7849428147308972, "learning_rate": 0.4405938038258644, "max_bin_exp": 9.763099464212562, "max_depth": 5.5851520086577695, "n_estimators": 4449.35685815588, "reg_alpha": 2.541615424661033, "reg_lambda": 0.39486584589785634}, "datetime": {"datetime": "2024-02-19 18:00:35", "elapsed": 1478.006347, "delta": 6.199699}}
{"target": -0.65201988332377, "params": {"colsample_bytree": 0.6434330878892116, "learning_rate": 0.18907844797479198, "max_bin_exp": 9.10989254679563, "max_depth": 3.9766832624830686, "n_estimators": 4454.255163908843, "reg_alpha": 0.09070982867667254, "reg_lambda": 0.8282719103887274}, "datetime": {"datetime": "2024-02-19 18:00:40", "elapsed": 1482.601425, "delta": 4.595078}}
{"target": -0.7780996101444797, "params": {"colsample_bytree": 0.5525824593906086, "learning_rate": 0.44967858916842, "max_bin_exp": 6.741237099704382, "max_depth": 3.668896071059022, "n_estimators": 4452.489680989958, "reg_alpha": 2.877870520662745, "reg_lambda": 0.9443210561148403}, "datetime": {"datetime": "2024-02-19 18:00:43", "elapsed": 1486.31019, "delta": 3.708765}}
{"target": -0.7399838975768006, "params": {"colsample_bytree": 1.0, "learning_rate": 0.5, "max_bin_exp": 6.147732900243203, "max_depth": 3.00258298894369, "n_estimators": 1618.4988837346923, "reg_alpha": 0.0, "reg_lambda": 0.0}, "datetime": {"datetime": "2024-02-19 18:00:46", "elapsed": 1488.941522, "delta": 2.631332}}
{"target": -0.7149526986081685, "params": {"colsample_bytree": 0.9342247615363348, "learning_rate": 0.033909905569730815, "max_bin_exp": 9.601090468889208, "max_depth": 2.1173669682789464, "n_estimators": 4450.32203144422, "reg_alpha": 0.03582011910806526, "reg_lambda": 2.77036724908433}, "datetime": {"datetime": "2024-02-19 18:00:49", "elapsed": 1492.291472, "delta": 3.34995}}
{"target": -0.6109998067208098, "params": {"colsample_bytree": 0.7840253641872448, "learning_rate": 0.010632547385582662, "max_bin_exp": 8.100142087137526, "max_depth": 5.927444591913598, "n_estimators": 4449.61458233297, "reg_alpha": 0.295411099756968, "reg_lambda": 0.8600212323353474}, "datetime": {"datetime": "2024-02-19 18:00:55", "elapsed": 1498.154715, "delta": 5.863243}}
{"target": -0.722148984448564, "params": {"colsample_bytree": 0.4559405778675196, "learning_rate": 0.0871263688682052, "max_bin_exp": 6.295516266023434, "max_depth": 2.6843767411419193, "n_estimators": 4453.636784138642, "reg_alpha": 0.38826741207495674, "reg_lambda": 1.735417089143647}, "datetime": {"datetime": "2024-02-19 18:00:58", "elapsed": 1501.265769, "delta": 3.111054}}
{"target": -2.4190074105520245, "params": {"colsample_bytree": 0.9802321789886801, "learning_rate": 0.0018190648072601416, "max_bin_exp": 8.913895046724729, "max_depth": 2.567887724121824, "n_estimators": 4454.014227989569, "reg_alpha": 2.8273430961565627, "reg_lambda": 2.6365064674394505}, "datetime": {"datetime": "2024-02-19 18:01:01", "elapsed": 1504.519303, "delta": 3.253534}}
