{"target": 0.24229901337282986, "params": {"u": 6.432760274141504, "v": 2.989391406071029, "x": 5.048630810897895, "y": 8.52866637306721}, "datetime": {"datetime": "2024-02-27 10:52:15", "elapsed": 1116.982014, "delta": 2.910785}}
{"target": 5.318098591347615, "params": {"u": 4.144584709619727, "v": 4.688832664225801, "x": 3.80508713041116, "y": 3.7340350422165622}, "datetime": {"datetime": "2024-02-27 10:52:22", "elapsed": 1124.041553, "delta": 7.059539}}
{"target": 0.15264257637623335, "params": {"u": 1.545798746609014, "v": 3.9241506086505193, "x": 0.0989520428642432, "y": 8.58043454463905}, "datetime": {"datetime": "2024-02-27 10:52:25", "elapsed": 1126.98983, "delta": 2.948277}}
{"target": 0.3364473786803871, "params": {"u": 2.0862281435672925, "v": 4.093940312598505, "x": 4.853800339650514, "y": 7.090040950757296}, "datetime": {"datetime": "2024-02-27 10:52:28", "elapsed": 1130.167743, "delta": 3.177913}}
{"target": 8.589358881340102, "params": {"u": 4.591796941173793, "v": 4.342970248258022, "x": 3.918662104328954, "y": 4.131119126701769}, "datetime": {"datetime": "2024-02-27 10:52:32", "elapsed": 1134.101307, "delta": 3.933564}}
{"target": 0.2861311237102778, "params": {"u": 5.628300826379453, "v": 1.5610183762532104, "x": 1.2571908193007841, "y": 2.6641315113754613}, "datetime": {"datetime": "2024-02-27 10:52:34", "elapsed": 1135.837286, "delta": 1.735979}}
{"target": 2.2012541603883, "params": {"u": 6.6918498791179415, "v": 6.260830839278305, "x": 5.826967979834521, "y": 5.650928917102153}, "datetime": {"datetime": "2024-02-27 10:52:37", "elapsed": 1138.44804, "delta": 2.610754}}
{"target": 0.10003888410114212, "params": {"u": 0.30645790876907997, "v": 9.82532592681832, "x": 9.535248184800157, "y": 1.0933557529979776}, "datetime": {"datetime": "2024-02-27 10:52:45", "elapsed": 1146.730183, "delta": 8.282143}}
{"target": 0.3655941324363527, "params": {"u": 6.171508040013856, "v": 9.667781138076494, "x": 6.288523596227824, "y": 6.642530056113997}, "datetime": {"datetime": "2024-02-27 10:52:49", "elapsed": 1150.512577, "delta": 3.782394}}
{"target": 0.24108449807833343, "params": {"u": 4.321819537356787, "v": 4.243580997852928, "x": 0.12310396693234305, "y": 6.677563706869753}, "datetime": {"datetime": "2024-02-27 10:52:56", "elapsed": 1157.625593, "delta": 7.113016}}
{"target": 0.2893484938350842, "params": {"u": 3.159898197045794, "v": 9.891974723768822, "x": 0.005685486569454445, "y": 7.447669738759419}, "datetime": {"datetime": "2024-02-27 10:53:00", "elapsed": 1161.899041, "delta": 4.273448}}
{"target": 0.18216006312999816, "params": {"u": 7.369779107047387, "v": 9.983915735316168, "x": 9.753888985788885, "y": 3.3860701845809817}, "datetime": {"datetime": "2024-02-27 10:53:05", "elapsed": 1166.963065, "delta": 5.064024}}
{"target": 0.15960387062040166, "params": {"u": 2.7578205910950757, "v": 0.10187549471079582, "x": 0.8777521495502882, "y": 6.687562934520928}, "datetime": {"datetime": "2024-02-27 10:53:15", "elapsed": 1176.412997, "delta": 9.449932}}
{"target": 5.981853147771116, "params": {"u": 4.385967236975954, "v": 4.908737924973493, "x": 3.978429043758789, "y": 3.710240290132518}, "datetime": {"datetime": "2024-02-27 10:53:20", "elapsed": 1181.645844, "delta": 5.232847}}
{"target": 0.12920940618406518, "params": {"u": 0.30214245153403985, "v": 7.0559936730887625, "x": 7.860414369141202, "y": 0.2899188382949103}, "datetime": {"datetime": "2024-02-27 10:53:25", "elapsed": 1186.220002, "delta": 4.574158}}
{"target": 0.12663888360867315, "params": {"u": 0.09433032348296289, "v": 1.70294404561953, "x": 7.844517447180954, "y": 7.983950386930357}, "datetime": {"datetime": "2024-02-27 10:53:28", "elapsed": 1190.168244, "delta": 3.948242}}
{"target": 0.33656462910876184, "params": {"u": 8.09142082989836, "v": 5.223193854670357, "x": 3.1233055014118074, "y": 5.622951114891821}, "datetime": {"datetime": "2024-02-27 10:53:33", "elapsed": 1194.234392, "delta": 4.066148}}
{"target": 1.3206675744518428, "params": {"u": 4.272897554869296, "v": 5.046805471129915, "x": 3.9169025755737197, "y": 4.183141193025102}, "datetime": {"datetime": "2024-02-27 10:53:38", "elapsed": 1199.992166, "delta": 5.757774}}
{"target": 0.3908949901109995, "params": {"u": 9.023574641126986, "v": 5.603178606563154, "x": 6.2704153893686865, "y": 2.4852352910158118}, "datetime": {"datetime": "2024-02-27 10:53:44", "elapsed": 1205.667279, "delta": 5.675113}}
{"target": 0.24544661261610423, "params": {"u": 8.872623239477193, "v": 5.255146316892622, "x": 6.80095017823264, "y": 9.701730780905413}, "datetime": {"datetime": "2024-02-27 10:53:51", "elapsed": 1212.436312, "delta": 6.769033}}
{"target": 6.132668372373695, "params": {"u": 4.591071428693052, "v": 4.251684057739038, "x": 4.277091488787461, "y": 4.054601079997094}, "datetime": {"datetime": "2024-02-27 10:53:53", "elapsed": 1214.71541, "delta": 2.279098}}
{"target": 0.16406173954474884, "params": {"u": 9.804599261221442, "v": 5.815383647086639, "x": 0.2901432985187924, "y": 2.7574160646827317}, "datetime": {"datetime": "2024-02-27 10:53:57", "elapsed": 1218.299349, "delta": 3.583939}}
{"target": 0.2393051848240719, "params": {"u": 5.970782960075867, "v": 7.157648973678309, "x": 3.575051190851146, "y": 0.4197466223175217}, "datetime": {"datetime": "2024-02-27 10:54:00", "elapsed": 1221.686455, "delta": 3.387106}}
{"target": 0.18331238155354465, "params": {"u": 0.002832573760979118, "v": 5.022785781432907, "x": 6.977574674713215, "y": 7.574287392521171}, "datetime": {"datetime": "2024-02-27 10:54:06", "elapsed": 1228.045577, "delta": 6.359122}}
{"target": 10.178039635426282, "params": {"u": 4.917983025863313, "v": 4.5199222519548465, "x": 3.9448237408739972, "y": 3.975363327948116}, "datetime": {"datetime": "2024-02-27 10:54:14", "elapsed": 1235.688799, "delta": 7.643222}}
{"target": 7.376861433164768, "params": {"u": 4.795323093804631, "v": 4.872725534521073, "x": 3.998350183512528, "y": 3.7840844497931716}, "datetime": {"datetime": "2024-02-27 10:54:29", "elapsed": 1250.641035, "delta": 14.952236}}
{"target": 0.1665745821820923, "params": {"u": 0.11218194843484741, "v": 3.1904761837633333, "x": 6.994134736941935, "y": 0.14817992914237355}, "datetime": {"datetime": "2024-02-27 10:54:33", "elapsed": 1254.484793, "delta": 3.843758}}
{"target": 0.20467559129175464, "params": {"u": 3.7368069570713303, "v": 7.648174554057196, "x": 9.51398182659506, "y": 7.0067096901152395}, "datetime": {"datetime": "2024-02-27 10:54:40", "elapsed": 1261.260835, "delta": 6.776042}}
{"target": 8.335846482896788, "params": {"u": 4.350684528621099, "v": 4.5860104147544, "x": 3.849483957798502, "y": 3.927287327842539}, "datetime": {"datetime": "2024-02-27 10:54:46", "elapsed": 1267.746817, "delta": 6.485982}}
{"target": 0.32962746262668907, "params": {"u": 4.134110554107668, "v": 9.545411168546995, "x": 1.0119023493012769, "y": 7.109627161730312}, "datetime": {"datetime": "2024-02-27 10:54:53", "elapsed": 1274.314556, "delta": 6.567739}}
{"target": 0.3612323948702848, "params": {"u": 3.077533201979452, "v": 7.386001122062735, "x": 6.54620035832513, "y": 4.60287793500207}, "datetime": {"datetime": "2024-02-27 10:54:58", "elapsed": 1279.253534, "delta": 4.938978}}
{"target": 0.2555211083639984, "params": {"u": 1.483300950251497, "v": 3.8730153616385987, "x": 0.021793149063469297, "y": 3.123550839395315}, "datetime": {"datetime": "2024-02-27 10:55:07", "elapsed": 1289.000028, "delta": 9.746494}}
{"target": 0.3545532024797424, "params": {"u": 1.3978306844127641, "v": 8.051838041353397, "x": 3.2109409511668274, "y": 9.99770005601954}, "datetime": {"datetime": "2024-02-27 10:55:11", "elapsed": 1292.645051, "delta": 3.645023}}
{"target": 0.1717371366838331, "params": {"u": 2.3961279707841534, "v": 3.6194489729820587, "x": 9.65650330306816, "y": 0.3490054578212154}, "datetime": {"datetime": "2024-02-27 10:55:27", "elapsed": 1309.160874, "delta": 16.515823}}
{"target": 8.6267736788739, "params": {"u": 4.190498575327052, "v": 4.397947294777561, "x": 3.9813867410753225, "y": 4.151627234427792}, "datetime": {"datetime": "2024-02-27 10:55:36", "elapsed": 1317.263552, "delta": 8.102678}}
{"target": 0.4125304207156236, "params": {"u": 9.89216677146003, "v": 0.3102859330109553, "x": 7.122154381294287, "y": 0.17068656261518989}, "datetime": {"datetime": "2024-02-27 10:55:42", "elapsed": 1323.343689, "delta": 6.080137}}
{"target": 0.2620294029490917, "params": {"u": 4.681283742635546, "v": 2.2556508944364575, "x": 4.843290846641449, "y": 8.072616580693268}, "datetime": {"datetime": "2024-02-27 10:55:45", "elapsed": 1327.050607, "delta": 3.706918}}
{"target": 0.14992817431713767, "params": {"u": 5.8163177403663555, "v": 9.478656458464576, "x": 9.298587067074406, "y": 1.082820818531699}, "datetime": {"datetime": "2024-02-27 10:55:51", "elapsed": 1332.941279, "delta": 5.890672}}
{"target": 0.33924549053715736, "params": {"u": 1.7582624689983084, "v": 5.606955059133051, "x": 3.983178247328235, "y": 3.6898738592817173}, "datetime": {"datetime": "2024-02-27 10:55:54", "elapsed": 1336.022159, "delta": 3.08088}}
{"target": 0.255515902953446, "params": {"u": 6.278863913185601, "v": 3.971436766379531, "x": 7.135035039139197, "y": 8.700677116013418}, "datetime": {"datetime": "2024-02-27 10:55:59", "elapsed": 1340.262689, "delta": 4.24053}}
{"target": 0.14409266826390532, "params": {"u": 6.2523843856168355, "v": 0.1625816328450469, "x": 4.698716052559556, "y": 9.730995428109935}, "datetime": {"datetime": "2024-02-27 10:56:11", "elapsed": 1352.217576, "delta": 11.954887}}
{"target": 0.3107151073697336, "params": {"u": 3.1915693336715547, "v": 9.793589682797997, "x": 5.472073831008537, "y": 5.927367961510138}, "datetime": {"datetime": "2024-02-27 10:56:20", "elapsed": 1362.033873, "delta": 9.816297}}
{"target": 0.2025132649025531, "params": {"u": 6.185587140050329, "v": 1.3552845058899965, "x": 4.636963703520003, "y": 8.612442673282015}, "datetime": {"datetime": "2024-02-27 10:56:22", "elapsed": 1363.399478, "delta": 1.365605}}
{"target": 0.18601539725576965, "params": {"u": 1.7036197558652544, "v": 2.795294573446202, "x": 8.510202215317928, "y": 5.427608173494739}, "datetime": {"datetime": "2024-02-27 10:56:24", "elapsed": 1366.030503, "delta": 2.631025}}
{"target": 9.588226663508292, "params": {"u": 4.3741185072075695, "v": 4.713138375395283, "x": 4.101752858165762, "y": 4.016800710421454}, "datetime": {"datetime": "2024-02-27 10:56:33", "elapsed": 1375.189498, "delta": 9.158995}}
{"target": 0.17583780020858844, "params": {"u": 7.1466235096335655, "v": 4.552647572789804, "x": 0.07032763873513703, "y": 7.722455180249068}, "datetime": {"datetime": "2024-02-27 10:56:43", "elapsed": 1384.862193, "delta": 9.672695}}
{"target": 0.5141046799800915, "params": {"u": 7.069590374153478, "v": 6.208095193665116, "x": 7.426699386092153, "y": 3.6566103473893574}, "datetime": {"datetime": "2024-02-27 10:56:48", "elapsed": 1389.910751, "delta": 5.048558}}
{"target": 9.026917173250133, "params": {"u": 4.362979653237692, "v": 4.862388517098701, "x": 4.003136901150118, "y": 3.8660067111615093}, "datetime": {"datetime": "2024-02-27 10:56:53", "elapsed": 1394.579909, "delta": 4.669158}}
{"target": 0.2675232718568171, "params": {"u": 7.606698670007961, "v": 9.983255876933665, "x": 9.827625791694585, "y": 6.478146343622422}, "datetime": {"datetime": "2024-02-27 10:57:00", "elapsed": 1401.487547, "delta": 6.907638}}
{"target": 5.4128497748420425, "params": {"u": 4.224941830547179, "v": 4.075924926857828, "x": 3.743814954265651, "y": 4.193018193693918}, "datetime": {"datetime": "2024-02-27 10:57:16", "elapsed": 1417.942383, "delta": 16.454836}}
{"target": 0.18729112733335207, "params": {"u": 2.5342149902049496, "v": 8.396392942670582, "x": 8.938644788655823, "y": 5.567226006906036}, "datetime": {"datetime": "2024-02-27 10:57:20", "elapsed": 1421.639873, "delta": 3.69749}}
{"target": 0.3306195941615429, "params": {"u": 9.342165448536203, "v": 2.9817303336687786, "x": 5.271665685741484, "y": 0.2305384231568519}, "datetime": {"datetime": "2024-02-27 10:57:33", "elapsed": 1434.373868, "delta": 12.733995}}
{"target": 10.134452458292332, "params": {"u": 4.652162602494303, "v": 4.7664801690835015, "x": 3.952527121640277, "y": 4.0425793935583565}, "datetime": {"datetime": "2024-02-27 10:57:40", "elapsed": 1441.699882, "delta": 7.326014}}
{"target": 0.1514070719227959, "params": {"u": 3.7195224989635287, "v": 9.955474528954673, "x": 9.951997969266058, "y": 3.6510313732184683}, "datetime": {"datetime": "2024-02-27 10:57:57", "elapsed": 1459.184114, "delta": 17.484232}}
{"target": 4.594764690932976, "params": {"u": 4.000107061016102, "v": 4.286201504339208, "x": 4.100096098381401, "y": 3.6263002187386153}, "datetime": {"datetime": "2024-02-27 10:58:05", "elapsed": 1466.899651, "delta": 7.715537}}
{"target": 0.3290705934092516, "params": {"u": 9.973150469506676, "v": 3.774928694686409, "x": 5.5966043290408765, "y": 6.021016775863949}, "datetime": {"datetime": "2024-02-27 10:58:12", "elapsed": 1473.294954, "delta": 6.395303}}
{"target": 0.28256750296381383, "params": {"u": 5.411902720523586, "v": 0.06629377071575293, "x": 8.365413567247787, "y": 0.034749211577879136}, "datetime": {"datetime": "2024-02-27 10:58:17", "elapsed": 1478.971752, "delta": 5.676798}}
{"target": 8.955749517563179, "params": {"u": 4.723195979021892, "v": 4.548371076550244, "x": 3.890969477603823, "y": 3.917809902236943}, "datetime": {"datetime": "2024-02-27 10:58:25", "elapsed": 1486.21829, "delta": 7.246538}}
{"target": 0.13834140942609657, "params": {"u": 3.4763694120413002, "v": 1.3191693509977198, "x": 9.927421606148334, "y": 8.133950881322525}, "datetime": {"datetime": "2024-02-27 10:58:34", "elapsed": 1495.424084, "delta": 9.205794}}
{"target": 6.929666375027601, "params": {"u": 4.620799579166675, "v": 4.740121867644965, "x": 3.8920759990094056, "y": 3.7883230319749437}, "datetime": {"datetime": "2024-02-27 10:58:46", "elapsed": 1507.756255, "delta": 12.332171}}
{"target": 0.23398546280705765, "params": {"u": 6.947722659947458, "v": 7.297435595563929, "x": 6.504637328756351, "y": 0.05558140517461618}, "datetime": {"datetime": "2024-02-27 10:58:53", "elapsed": 1515.074131, "delta": 7.317876}}
{"target": 0.12195014433287829, "params": {"u": 7.261940687414221, "v": 1.9602114802071757, "x": 9.961867610471133, "y": 9.869662932462242}, "datetime": {"datetime": "2024-02-27 10:59:03", "elapsed": 1524.205143, "delta": 9.131012}}
{"target": 0.1924803630694436, "params": {"u": 9.688755098006034, "v": 1.529068099247649, "x": 7.751329119406636, "y": 7.377403388406996}, "datetime": {"datetime": "2024-02-27 10:59:05", "elapsed": 1526.633926, "delta": 2.428783}}
{"target": 0.20303773372359982, "params": {"u": 3.0922404669179393, "v": 5.031871509374245, "x": 0.0654322259215756, "y": 0.8312386869207855}, "datetime": {"datetime": "2024-02-27 10:59:18", "elapsed": 1539.657666, "delta": 13.02374}}
{"target": 9.004230612230012, "params": {"u": 4.336391100803544, "v": 4.330838730128734, "x": 3.866929626112401, "y": 3.988981489206566}, "datetime": {"datetime": "2024-02-27 10:59:26", "elapsed": 1548.02801, "delta": 8.370344}}
{"target": 0.14608432077226324, "params": {"u": 0.2820782705314673, "v": 9.492590464944337, "x": 7.839856109193702, "y": 6.798371590267484}, "datetime": {"datetime": "2024-02-27 10:59:35", "elapsed": 1556.787308, "delta": 8.759298}}
{"target": 0.1453568317889059, "params": {"u": 9.983611981164989, "v": 9.536709418643536, "x": 6.744136929250024, "y": 0.5091621376082456}, "datetime": {"datetime": "2024-02-27 10:59:41", "elapsed": 1562.226301, "delta": 5.438993}}
{"target": 0.12073445162504404, "params": {"u": 9.668071181786797, "v": 0.7555543957397903, "x": 6.871661955388044, "y": 9.817747285517541}, "datetime": {"datetime": "2024-02-27 10:59:45", "elapsed": 1566.28107, "delta": 4.054769}}
{"target": 7.155970832106763, "params": {"u": 4.804551024721329, "v": 4.759742281446762, "x": 4.047502984706826, "y": 3.777553406799943}, "datetime": {"datetime": "2024-02-27 10:59:53", "elapsed": 1574.72769, "delta": 8.44662}}
{"target": 0.11173396860093195, "params": {"u": 3.557848501384898, "v": 0.08115816662133235, "x": 0.7321307143828948, "y": 9.879681413890662}, "datetime": {"datetime": "2024-02-27 11:00:01", "elapsed": 1582.655386, "delta": 7.927696}}
{"target": 5.444788452005485, "params": {"u": 4.326372235738896, "v": 4.814573111290309, "x": 4.129023420384138, "y": 4.294167090254096}, "datetime": {"datetime": "2024-02-27 11:00:07", "elapsed": 1588.749987, "delta": 6.094601}}
{"target": 0.5589066414481656, "params": {"u": 7.868938105164513, "v": 5.140967659766505, "x": 8.292677296107362, "y": 4.195470415210352}, "datetime": {"datetime": "2024-02-27 11:00:15", "elapsed": 1596.548129, "delta": 7.798142}}
{"target": 0.14444615198768462, "params": {"u": 9.74819359083013, "v": 0.44188089231207095, "x": 1.3986678956942467, "y": 0.1372461436124106}, "datetime": {"datetime": "2024-02-27 11:00:24", "elapsed": 1606.00038, "delta": 9.452251}}
{"target": 0.5080893163331133, "params": {"u": 3.230748521798211, "v": 2.55759782763353, "x": 3.9028086417326655, "y": 2.1216427856991684}, "datetime": {"datetime": "2024-02-27 11:00:30", "elapsed": 1611.375938, "delta": 5.375558}}
{"target": 5.918446305968171, "params": {"u": 4.245236299162719, "v": 4.221635535912531, "x": 3.8577599340274893, "y": 4.253201901664556}, "datetime": {"datetime": "2024-02-27 11:00:36", "elapsed": 1618.086595, "delta": 6.710657}}
{"target": 0.16614750776766793, "params": {"u": 9.27623248459476, "v": 0.43525773988445593, "x": 6.260627011643141, "y": 7.729091268882609}, "datetime": {"datetime": "2024-02-27 11:00:43", "elapsed": 1624.292892, "delta": 6.206297}}
{"target": 0.22463459462853483, "params": {"u": 4.259754792936718, "v": 7.591117870408373, "x": 7.33664147632383, "y": 9.933341140604036}, "datetime": {"datetime": "2024-02-27 11:00:51", "elapsed": 1633.029064, "delta": 8.736172}}
{"target": 0.13494377515454226, "params": {"u": 7.568030785587407, "v": 7.607248266188594, "x": 0.04016617650502208, "y": 0.05163941597744248}, "datetime": {"datetime": "2024-02-27 11:01:03", "elapsed": 1644.929372, "delta": 11.900308}}
{"target": 0.3429081591045485, "params": {"u": 2.948393239979208, "v": 5.667169506883742, "x": 6.2942325976426785, "y": 2.497258104640098}, "datetime": {"datetime": "2024-02-27 11:01:07", "elapsed": 1648.762192, "delta": 3.83282}}
{"target": 0.26304126644393, "params": {"u": 7.685629024154914, "v": 2.961072299833365, "x": 9.915178484126685, "y": 5.479221394613877}, "datetime": {"datetime": "2024-02-27 11:01:26", "elapsed": 1668.180137, "delta": 19.417945}}
{"target": 0.23879697045053994, "params": {"u": 6.273748963492018, "v": 5.351333653888974, "x": 0.1958986540418095, "y": 3.439001641888809}, "datetime": {"datetime": "2024-02-27 11:01:37", "elapsed": 1678.372623, "delta": 10.192486}}
{"target": 9.282856884368242, "params": {"u": 4.360473299656818, "v": 4.723006230715717, "x": 4.1141826552939955, "y": 4.0382045642367705}, "datetime": {"datetime": "2024-02-27 11:01:45", "elapsed": 1686.662569, "delta": 8.289946}}
{"target": 0.2286669716223077, "params": {"u": 6.601614038315788, "v": 9.339248553101033, "x": 1.7506914075539903, "y": 4.796719699949956}, "datetime": {"datetime": "2024-02-27 11:01:50", "elapsed": 1691.367803, "delta": 4.705234}}
{"target": 7.264620652460172, "params": {"u": 4.652623845466487, "v": 4.275941930531562, "x": 4.146339080568534, "y": 3.8323407323435044}, "datetime": {"datetime": "2024-02-27 11:02:01", "elapsed": 1702.337714, "delta": 10.969911}}
{"target": 7.1025135249978, "params": {"u": 4.850387703604585, "v": 4.2819527670026325, "x": 4.134659846736936, "y": 3.8126214432614782}, "datetime": {"datetime": "2024-02-27 11:02:08", "elapsed": 1709.383957, "delta": 7.046243}}
{"target": 0.48046482902165133, "params": {"u": 8.464355173744048, "v": 2.695914534375551, "x": 4.555931212387254, "y": 1.6104316887119141}, "datetime": {"datetime": "2024-02-27 11:02:11", "elapsed": 1712.648043, "delta": 3.264086}}
{"target": 0.2678008516526423, "params": {"u": 1.4420128760188888, "v": 4.259631008703989, "x": 6.720237711208911, "y": 5.346397624597299}, "datetime": {"datetime": "2024-02-27 11:02:15", "elapsed": 1716.346198, "delta": 3.698155}}
{"target": 0.139585428598961, "params": {"u": 0.04982701838929793, "v": 3.088282909405564, "x": 5.703653215974419, "y": 9.807501275861414}, "datetime": {"datetime": "2024-02-27 11:02:25", "elapsed": 1727.018313, "delta": 10.672115}}
{"target": 0.2632558928860459, "params": {"u": 7.620599104257009, "v": 2.9779514255075954, "x": 4.654005355706343, "y": 7.788694004340259}, "datetime": {"datetime": "2024-02-27 11:02:31", "elapsed": 1733.133092, "delta": 6.114779}}
{"target": 9.260542051004942, "params": {"u": 4.764708118215709, "v": 4.227270352479177, "x": 3.913930425685963, "y": 4.083359343940024}, "datetime": {"datetime": "2024-02-27 11:02:50", "elapsed": 1751.433444, "delta": 18.300352}}
{"target": 0.3593862813488035, "params": {"u": 7.750774717847446, "v": 3.7275737711460275, "x": 9.814449473799453, "y": 1.6725226492516032}, "datetime": {"datetime": "2024-02-27 11:03:00", "elapsed": 1761.741736, "delta": 10.308292}}
{"target": 0.19391866998512067, "params": {"u": 2.9837650548101857, "v": 7.096204564950943, "x": 5.201889107216118, "y": 0.1665136862813199}, "datetime": {"datetime": "2024-02-27 11:03:16", "elapsed": 1777.964772, "delta": 16.223036}}
{"target": 0.1602933257061787, "params": {"u": 0.4379784194628311, "v": 0.07634816214148077, "x": 7.0837747894204215, "y": 2.1310683317112256}, "datetime": {"datetime": "2024-02-27 11:03:31", "elapsed": 1792.334362, "delta": 14.36959}}
{"target": 0.23141967483393477, "params": {"u": 1.9622806557708328, "v": 1.961771005520252, "x": 3.3043017483851136, "y": 5.487386315148281}, "datetime": {"datetime": "2024-02-27 11:03:35", "elapsed": 1796.576604, "delta": 4.242242}}
