{"target": 1.0674097847510053, "params": {"u": 3.7868032820935404, "v": 4.368481570821734, "x": 4.550872929447889, "y": 3.5643560517510506}, "datetime": {"datetime": "2024-02-27 10:54:04", "elapsed": 1225.534691, "delta": 11.50741}}
{"target": 0.23873364414293768, "params": {"u": 0.2216313357327726, "v": 9.872396693917317, "x": 3.7372153774687087, "y": 9.874769980808317}, "datetime": {"datetime": "2024-02-27 10:54:10", "elapsed": 1232.148815, "delta": 6.614124}}
{"target": 0.33047801047834385, "params": {"u": 8.512219605428431, "v": 0.07367313216484879, "x": 9.586520649084683, "y": 0.0}, "datetime": {"datetime": "2024-02-27 10:54:18", "elapsed": 1239.384877, "delta": 7.236062}}
{"target": 0.32872368909909033, "params": {"u": 5.444465461600095, "v": 2.008067042287618, "x": 1.6514459896075773, "y": 5.057101224032394}, "datetime": {"datetime": "2024-02-27 10:54:19", "elapsed": 1240.796489, "delta": 1.411612}}
{"target": 0.12190503758376087, "params": {"u": 0.30797247867739186, "v": 0.2203168015585566, "x": 0.01598735994279843, "y": 6.877181289872926}, "datetime": {"datetime": "2024-02-27 10:54:25", "elapsed": 1246.586982, "delta": 5.790493}}
{"target": 9.367100893120682, "params": {"u": 4.255750637830509, "v": 4.486419133423723, "x": 3.8879578920960443, "y": 4.021187790320436}, "datetime": {"datetime": "2024-02-27 10:54:30", "elapsed": 1251.577644, "delta": 4.990662}}
{"target": 0.3047152887034824, "params": {"u": 3.2411198090861095, "v": 4.689602726037515, "x": 6.426023186005957, "y": 0.12956901173135}, "datetime": {"datetime": "2024-02-27 10:54:34", "elapsed": 1255.792484, "delta": 4.21484}}
{"target": 0.12461378571669139, "params": {"u": 0.6932413631654122, "v": 6.669760461472699, "x": 9.951286790681642, "y": 1.6790495288098217}, "datetime": {"datetime": "2024-02-27 10:54:40", "elapsed": 1261.85683, "delta": 6.064346}}
{"target": 0.22201720280860016, "params": {"u": 5.544239088213004, "v": 4.687850488919328, "x": 9.997232470693296, "y": 0.10681205354482692}, "datetime": {"datetime": "2024-02-27 10:54:44", "elapsed": 1265.975003, "delta": 4.118173}}
{"target": 0.3400007461993726, "params": {"u": 4.1931068606563535, "v": 1.5621099445472864, "x": 8.15776742202524, "y": 3.98455033116877}, "datetime": {"datetime": "2024-02-27 10:54:49", "elapsed": 1270.231779, "delta": 4.256776}}
{"target": 5.904860402163578, "params": {"u": 4.612311872893643, "v": 4.387189206886739, "x": 4.2951510322002875, "y": 3.9720020942132663}, "datetime": {"datetime": "2024-02-27 10:55:02", "elapsed": 1283.832986, "delta": 13.601207}}
{"target": 0.1250165688662303, "params": {"u": 0.07990763192079475, "v": 9.449574988262889, "x": 9.100410290758411, "y": 6.669541139914804}, "datetime": {"datetime": "2024-02-27 10:55:09", "elapsed": 1291.046306, "delta": 7.21332}}
{"target": 0.11548689063002604, "params": {"u": 3.2203344022071123, "v": 0.02765038089644567, "x": 0.13931988842806664, "y": 9.156112067061267}, "datetime": {"datetime": "2024-02-27 10:55:17", "elapsed": 1298.316095, "delta": 7.269789}}
{"target": 0.1233771297799317, "params": {"u": 0.15471432256341178, "v": 8.387956557070972, "x": 9.91137618597232, "y": 5.0110496733835665}, "datetime": {"datetime": "2024-02-27 10:55:21", "elapsed": 1302.383251, "delta": 4.067156}}
{"target": 0.11481540686133324, "params": {"u": 0.0, "v": 9.99617188881213, "x": 5.904040655130446, "y": 0.0}, "datetime": {"datetime": "2024-02-27 10:55:28", "elapsed": 1309.418661, "delta": 7.03541}}
{"target": 4.2398141964105625, "params": {"u": 4.839527909064843, "v": 4.337692949252476, "x": 3.7106314712061295, "y": 3.7092070094324834}, "datetime": {"datetime": "2024-02-27 10:55:38", "elapsed": 1319.411, "delta": 9.992339}}
{"target": 10.372655392023503, "params": {"u": 4.1954558507033335, "v": 4.794305758090028, "x": 4.025745032864471, "y": 3.9672214997291064}, "datetime": {"datetime": "2024-02-27 10:55:48", "elapsed": 1330.004364, "delta": 10.593364}}
{"target": 8.235586320920971, "params": {"u": 4.739468643051951, "v": 4.669153882835271, "x": 4.099775747638267, "y": 3.8570394257905436}, "datetime": {"datetime": "2024-02-27 10:55:55", "elapsed": 1336.586572, "delta": 6.582208}}
{"target": 0.24372220530052746, "params": {"u": 7.716160673797804, "v": 4.925508548786842, "x": 1.5846393069794973, "y": 0.8186620674189271}, "datetime": {"datetime": "2024-02-27 10:55:58", "elapsed": 1339.982555, "delta": 3.395983}}
{"target": 0.0987710034861365, "params": {"u": 10.0, "v": 10.0, "x": 0.0, "y": 3.45511997044473}, "datetime": {"datetime": "2024-02-27 10:56:06", "elapsed": 1347.8004, "delta": 7.817845}}
{"target": 0.18183534644229615, "params": {"u": 9.108471931931655, "v": 0.3196683545721035, "x": 8.095020519471989, "y": 6.672555611242586}, "datetime": {"datetime": "2024-02-27 10:56:14", "elapsed": 1355.405258, "delta": 7.604858}}
{"target": 0.15651202741058373, "params": {"u": 6.875291823741863, "v": 3.271483979054742, "x": 9.549567698582596, "y": 9.893444665060416}, "datetime": {"datetime": "2024-02-27 10:56:23", "elapsed": 1364.856284, "delta": 9.451026}}
{"target": 5.878350370749599, "params": {"u": 4.363597739241806, "v": 4.611527765697348, "x": 3.875902698072137, "y": 3.7318358669189235}, "datetime": {"datetime": "2024-02-27 10:56:35", "elapsed": 1376.361852, "delta": 11.505568}}
{"target": 8.491915633481874, "params": {"u": 4.184248172067832, "v": 4.301190409284597, "x": 4.038371490910276, "y": 4.155130662645082}, "datetime": {"datetime": "2024-02-27 10:56:43", "elapsed": 1384.572378, "delta": 8.210526}}
{"target": 6.664897515125647, "params": {"u": 4.290334300546787, "v": 4.74314759484539, "x": 4.001053028626148, "y": 3.7473881704132026}, "datetime": {"datetime": "2024-02-27 10:56:47", "elapsed": 1388.965275, "delta": 4.392897}}
{"target": 0.16823371114370458, "params": {"u": 0.01206585456307585, "v": 6.048250982518941, "x": 1.9539145104523725, "y": 0.6425652692094486}, "datetime": {"datetime": "2024-02-27 10:56:55", "elapsed": 1396.98625, "delta": 8.020975}}
{"target": 5.415512686763604, "params": {"u": 4.706756702564608, "v": 4.84900907082657, "x": 4.3250944449645035, "y": 4.032754267828204}, "datetime": {"datetime": "2024-02-27 10:57:00", "elapsed": 1401.939155, "delta": 4.952905}}
{"target": 0.15685813162946177, "params": {"u": 9.983699928892934, "v": 7.364131931075118, "x": 1.7383970863710307, "y": 9.044874172505818}, "datetime": {"datetime": "2024-02-27 10:57:06", "elapsed": 1407.483981, "delta": 5.544826}}
{"target": 0.7339174332095604, "params": {"u": 7.142790803268449, "v": 3.380042243162414, "x": 4.891216417244698, "y": 4.197276187853837}, "datetime": {"datetime": "2024-02-27 10:57:09", "elapsed": 1410.841971, "delta": 3.35799}}
{"target": 0.14705312696115383, "params": {"u": 9.463883100657087, "v": 8.011289187218688, "x": 0.39159035631275874, "y": 5.579418530837326}, "datetime": {"datetime": "2024-02-27 10:57:13", "elapsed": 1414.540079, "delta": 3.698108}}
{"target": 0.11274281324360387, "params": {"u": 9.423981944922481, "v": 0.9776763102389929, "x": 3.268408581196308, "y": 9.87769115416324}, "datetime": {"datetime": "2024-02-27 10:57:21", "elapsed": 1422.987194, "delta": 8.447115}}
{"target": 0.2572713174315849, "params": {"u": 5.264210324518901, "v": 0.0, "x": 3.04280567517599, "y": 0.0}, "datetime": {"datetime": "2024-02-27 10:57:33", "elapsed": 1435.144776, "delta": 12.157582}}
{"target": 0.2083290693403402, "params": {"u": 0.12176504988744008, "v": 4.44307592961981, "x": 0.14279310125308364, "y": 2.545691472159073}, "datetime": {"datetime": "2024-02-27 10:57:38", "elapsed": 1439.336654, "delta": 4.191878}}
{"target": 0.20447600978200153, "params": {"u": 4.551892958046555, "v": 5.66304450876217, "x": 0.19773006153908868, "y": 0.7146893321605396}, "datetime": {"datetime": "2024-02-27 10:57:42", "elapsed": 1443.398753, "delta": 4.062099}}
{"target": 0.1843568614863742, "params": {"u": 3.8308130319778178, "v": 6.252170202386126, "x": 9.412272035667367, "y": 8.641118892131164}, "datetime": {"datetime": "2024-02-27 10:57:45", "elapsed": 1446.705837, "delta": 3.307084}}
{"target": 0.2313149871023111, "params": {"u": 8.045691898852109, "v": 0.7284014056710397, "x": 2.50850803815423, "y": 3.0805836020278257}, "datetime": {"datetime": "2024-02-27 10:57:49", "elapsed": 1450.261358, "delta": 3.555521}}
{"target": 0.9969980205287575, "params": {"u": 4.8325084577332955, "v": 3.5254100068021788, "x": 4.24054258656454, "y": 2.3286119776879346}, "datetime": {"datetime": "2024-02-27 10:57:53", "elapsed": 1454.954359, "delta": 4.693001}}
{"target": 0.1583391401043531, "params": {"u": 1.6802651667714885, "v": 9.04404452393848, "x": 6.804158039402636, "y": 9.958228399472679}, "datetime": {"datetime": "2024-02-27 10:58:06", "elapsed": 1467.661475, "delta": 12.707116}}
{"target": 5.232658344193812, "params": {"u": 4.841719460373806, "v": 4.853273720860493, "x": 4.04020315145675, "y": 4.331777896430933}, "datetime": {"datetime": "2024-02-27 10:58:15", "elapsed": 1476.712288, "delta": 9.050813}}
{"target": 0.21850375809679595, "params": {"u": 0.09041535795666689, "v": 3.0521890204901467, "x": 6.498913409279382, "y": 3.1809387100324473}, "datetime": {"datetime": "2024-02-27 10:58:25", "elapsed": 1487.03164, "delta": 10.319352}}
{"target": 0.199027170085833, "params": {"u": 7.476642709994152, "v": 10.0, "x": 5.539676361563254, "y": 3.216099615646175}, "datetime": {"datetime": "2024-02-27 10:58:37", "elapsed": 1498.314204, "delta": 11.282564}}
{"target": 0.12068730700269345, "params": {"u": 3.6317026354748427, "v": 2.7857606281192315, "x": 9.893746121657093, "y": 9.962845482997635}, "datetime": {"datetime": "2024-02-27 10:58:48", "elapsed": 1509.992139, "delta": 11.677935}}
{"target": 0.1955980255964223, "params": {"u": 8.434643684064735, "v": 0.23448157435626893, "x": 1.7744589109907805, "y": 4.227602699067267}, "datetime": {"datetime": "2024-02-27 10:58:51", "elapsed": 1512.613938, "delta": 2.621799}}
{"target": 5.110501842930127, "params": {"u": 4.799609650619157, "v": 4.312776385986399, "x": 4.271378418828057, "y": 3.7803904144109945}, "datetime": {"datetime": "2024-02-27 10:58:53", "elapsed": 1515.014457, "delta": 2.400519}}
{"target": 0.1969232542153234, "params": {"u": 2.8090847987732714, "v": 3.0085485254870115, "x": 8.647088943415874, "y": 0.17059527732707913}, "datetime": {"datetime": "2024-02-27 10:58:59", "elapsed": 1520.766519, "delta": 5.752062}}
{"target": 0.19744070839200828, "params": {"u": 5.589954721935887, "v": 4.441182187831201, "x": 0.16662063255556192, "y": 8.308879399518682}, "datetime": {"datetime": "2024-02-27 10:59:02", "elapsed": 1524.161503, "delta": 3.394984}}
{"target": 0.3547564257915151, "params": {"u": 2.6136486184083587, "v": 0.3435577888812813, "x": 2.4346389163681947, "y": 2.1896761069185464}, "datetime": {"datetime": "2024-02-27 10:59:09", "elapsed": 1530.465654, "delta": 6.304151}}
{"target": 0.15755454477951608, "params": {"u": 5.611105100103413, "v": 9.93768700198001, "x": 0.013310906110135523, "y": 2.817693750541206}, "datetime": {"datetime": "2024-02-27 10:59:16", "elapsed": 1537.339026, "delta": 6.873372}}
{"target": 0.30557352448739605, "params": {"u": 7.887812391258316, "v": 7.614169112849834, "x": 6.776769329753268, "y": 9.948831397853015}, "datetime": {"datetime": "2024-02-27 10:59:24", "elapsed": 1546.042125, "delta": 8.703099}}
{"target": 7.686866260600263, "params": {"u": 4.229656836017353, "v": 4.539455725136245, "x": 3.99646011374878, "y": 4.198615676778843}, "datetime": {"datetime": "2024-02-27 10:59:36", "elapsed": 1557.28998, "delta": 11.247855}}
{"target": 0.37551422690313696, "params": {"u": 5.225323653211654, "v": 7.07372141325564, "x": 6.855772175724199, "y": 8.405881153736432}, "datetime": {"datetime": "2024-02-27 10:59:39", "elapsed": 1560.61306, "delta": 3.32308}}
{"target": 0.09687966819019404, "params": {"u": 0.023023220465163696, "v": 0.2770682447978723, "x": 7.614123418616887, "y": 9.85138362865201}, "datetime": {"datetime": "2024-02-27 10:59:52", "elapsed": 1573.770618, "delta": 13.157558}}
{"target": 0.1619514120271363, "params": {"u": 0.1048540833539513, "v": 0.21713815586903995, "x": 5.1076756631343, "y": 5.868702285408306}, "datetime": {"datetime": "2024-02-27 11:00:04", "elapsed": 1585.586702, "delta": 11.816084}}
{"target": 0.34450758678307053, "params": {"u": 6.987847032200384, "v": 7.4030143353639986, "x": 4.3359386048567226, "y": 2.2222124335402604}, "datetime": {"datetime": "2024-02-27 11:00:09", "elapsed": 1590.814993, "delta": 5.228291}}
{"target": 0.2063266072951175, "params": {"u": 6.490196419581633, "v": 1.6560520471069984, "x": 9.84872159445038, "y": 6.405112958582228}, "datetime": {"datetime": "2024-02-27 11:00:21", "elapsed": 1602.868368, "delta": 12.053375}}
{"target": 0.16350371739450392, "params": {"u": 0.08151505274523907, "v": 9.669709156244236, "x": 6.561704774413894, "y": 4.691173540761487}, "datetime": {"datetime": "2024-02-27 11:00:32", "elapsed": 1613.239987, "delta": 10.371619}}
{"target": 0.3432642400264971, "params": {"u": 5.885932357724469, "v": 9.604130676130023, "x": 3.1769232139445505, "y": 6.136142533583855}, "datetime": {"datetime": "2024-02-27 11:00:35", "elapsed": 1617.041027, "delta": 3.80104}}
{"target": 0.12690820292102312, "params": {"u": 7.389009646954989, "v": 0.0, "x": 0.0, "y": 7.544653946662463}, "datetime": {"datetime": "2024-02-27 11:00:51", "elapsed": 1633.190183, "delta": 16.149156}}
{"target": 2.497601327247517, "params": {"u": 6.128067196138838, "v": 2.250902560701956, "x": 5.896637934995837, "y": 2.166569332614827}, "datetime": {"datetime": "2024-02-27 11:00:56", "elapsed": 1637.451655, "delta": 4.261472}}
{"target": 0.20851169064058647, "params": {"u": 0.0, "v": 3.6799190633066745, "x": 3.3995750490128067, "y": 6.884795666011039}, "datetime": {"datetime": "2024-02-27 11:01:08", "elapsed": 1650.187249, "delta": 12.735594}}
{"target": 0.26186655785691376, "params": {"u": 9.876873384991589, "v": 5.522797040362067, "x": 2.7011468311653974, "y": 4.30292014725663}, "datetime": {"datetime": "2024-02-27 11:01:14", "elapsed": 1655.238924, "delta": 5.051675}}
{"target": 7.251712656314556, "params": {"u": 4.659583009206312, "v": 4.788533913832742, "x": 3.7968970609139854, "y": 4.082767291401266}, "datetime": {"datetime": "2024-02-27 11:01:22", "elapsed": 1663.441952, "delta": 8.203028}}
{"target": 0.15876586818699737, "params": {"u": 10.0, "v": 6.975285976359917, "x": 3.2026742465660907, "y": 0.13049046246259544}, "datetime": {"datetime": "2024-02-27 11:01:27", "elapsed": 1669.013556, "delta": 5.571604}}
{"target": 4.73903020304885, "params": {"u": 4.902825585362596, "v": 4.328029509767195, "x": 3.9268888170236673, "y": 4.360786338649486}, "datetime": {"datetime": "2024-02-27 11:01:34", "elapsed": 1675.422008, "delta": 6.408452}}
{"target": 6.90945418635962, "params": {"u": 4.418065422142395, "v": 4.253467141702293, "x": 4.2208685567326985, "y": 3.9039902770345525}, "datetime": {"datetime": "2024-02-27 11:01:38", "elapsed": 1680.04839, "delta": 4.626382}}
{"target": 0.28193831949307013, "params": {"u": 4.44226216212082, "v": 8.035689056994496, "x": 8.0280209521915, "y": 7.3622749502227585}, "datetime": {"datetime": "2024-02-27 11:01:43", "elapsed": 1684.276598, "delta": 4.228208}}
{"target": 0.4834939520349821, "params": {"u": 3.932030190717104, "v": 2.5338254142519556, "x": 3.697424696989917, "y": 1.9503373549047076}, "datetime": {"datetime": "2024-02-27 11:01:45", "elapsed": 1686.976043, "delta": 2.699445}}
{"target": 0.25613280906886854, "params": {"u": 0.27724387519429516, "v": 9.987805531394496, "x": 3.0441661093349404, "y": 6.565854444331743}, "datetime": {"datetime": "2024-02-27 11:01:56", "elapsed": 1697.480365, "delta": 10.504322}}
{"target": 0.14828778900710318, "params": {"u": 7.759638598617969, "v": 9.807930837306989, "x": 2.9390864921807847, "y": 0.2430033527549047}, "datetime": {"datetime": "2024-02-27 11:02:10", "elapsed": 1711.717177, "delta": 14.236812}}
{"target": 0.19690219935788258, "params": {"u": 10.0, "v": 6.622091713572891, "x": 10.0, "y": 8.226327110605107}, "datetime": {"datetime": "2024-02-27 11:02:29", "elapsed": 1730.362492, "delta": 18.645315}}
{"target": 0.20866355934947148, "params": {"u": 2.459596059073235, "v": 0.0, "x": 0.0200897933102669, "y": 4.031910749321517}, "datetime": {"datetime": "2024-02-27 11:02:36", "elapsed": 1737.414884, "delta": 7.052392}}
{"target": 0.289941266250907, "params": {"u": 3.5326211477922462, "v": 10.0, "x": 4.703288609587156, "y": 7.888207904191289}, "datetime": {"datetime": "2024-02-27 11:02:46", "elapsed": 1747.286394, "delta": 9.87151}}
{"target": 7.989162821888329, "params": {"u": 4.079745882580225, "v": 4.620043067963252, "x": 4.1602235564474155, "y": 3.904442797134844}, "datetime": {"datetime": "2024-02-27 11:02:54", "elapsed": 1755.369592, "delta": 8.083198}}
{"target": 0.3805241868143324, "params": {"u": 6.039968401043151, "v": 5.062067445239128, "x": 3.0671096999909633, "y": 1.373746820685654}, "datetime": {"datetime": "2024-02-27 11:02:59", "elapsed": 1760.781819, "delta": 5.412227}}
{"target": 6.082876595024248, "params": {"u": 4.695284390763129, "v": 4.355960711638247, "x": 4.093881891049484, "y": 4.266471964734327}, "datetime": {"datetime": "2024-02-27 11:03:07", "elapsed": 1768.547472, "delta": 7.765653}}
{"target": 5.437973803657027, "params": {"u": 4.08808440114954, "v": 4.137531247830383, "x": 3.926600085562706, "y": 4.311467159931769}, "datetime": {"datetime": "2024-02-27 11:03:19", "elapsed": 1780.94059, "delta": 12.393118}}
{"target": 7.807255293463097, "params": {"u": 4.87771653300276, "v": 4.723814309958455, "x": 4.089873627975919, "y": 4.171352241919765}, "datetime": {"datetime": "2024-02-27 11:03:27", "elapsed": 1789.125891, "delta": 8.185301}}
{"target": 0.22349268816650092, "params": {"u": 4.39791052427066, "v": 7.268681538071765, "x": 0.10887872279492394, "y": 9.828377504589325}, "datetime": {"datetime": "2024-02-27 11:03:41", "elapsed": 1802.644613, "delta": 13.518722}}
{"target": 6.534629661887876, "params": {"u": 4.902663761320788, "v": 4.2750643516011255, "x": 4.186159048171126, "y": 3.817179082702711}, "datetime": {"datetime": "2024-02-27 11:03:50", "elapsed": 1811.676356, "delta": 9.031743}}
{"target": 0.22697560875221479, "params": {"u": 10.0, "v": 4.7997468851842795, "x": 8.211911974235747, "y": 0.0}, "datetime": {"datetime": "2024-02-27 11:04:01", "elapsed": 1822.989627, "delta": 11.313271}}
{"target": 0.27728747646093976, "params": {"u": 1.3972331650439862, "v": 4.646893763703618, "x": 5.626803730801985, "y": 6.420884323484822}, "datetime": {"datetime": "2024-02-27 11:04:05", "elapsed": 1826.915766, "delta": 3.926139}}
{"target": 6.673441041524957, "params": {"u": 4.55604714839302, "v": 4.615661078256485, "x": 3.883563023414446, "y": 3.777705293764797}, "datetime": {"datetime": "2024-02-27 11:04:14", "elapsed": 1835.269114, "delta": 8.353348}}
{"target": 0.3556523933159108, "params": {"u": 7.615355797959326, "v": 6.26838294648307, "x": 3.3397212658565967, "y": 7.31937385189529}, "datetime": {"datetime": "2024-02-27 11:04:19", "elapsed": 1841.032823, "delta": 5.763709}}
{"target": 0.19595432490023384, "params": {"u": 5.308364204738152, "v": 9.985026095771481, "x": 8.267225590030833, "y": 2.4149641060899585}, "datetime": {"datetime": "2024-02-27 11:04:26", "elapsed": 1848.065671, "delta": 7.032848}}
{"target": 9.01622383054274, "params": {"u": 4.339439641351172, "v": 4.456580342848859, "x": 3.9399895493265333, "y": 3.8802062152618233}, "datetime": {"datetime": "2024-02-27 11:04:32", "elapsed": 1853.617171, "delta": 5.5515}}
{"target": 0.7344862576024481, "params": {"u": 1.7550155856065153, "v": 1.5769223444581404, "x": 0.03604835711872978, "y": 1.7021392285624315}, "datetime": {"datetime": "2024-02-27 11:04:41", "elapsed": 1862.949698, "delta": 9.332527}}
{"target": 0.11624655476751065, "params": {"u": 10.0, "v": 0.0, "x": 0.0, "y": 2.1445971460619364}, "datetime": {"datetime": "2024-02-27 11:04:51", "elapsed": 1872.746091, "delta": 9.796393}}
{"target": 10.322737284695624, "params": {"u": 4.185318551566887, "v": 4.638160529282628, "x": 4.041556352803898, "y": 4.022271025048036}, "datetime": {"datetime": "2024-02-27 11:04:58", "elapsed": 1879.586528, "delta": 6.840437}}
{"target": 0.24632792226173644, "params": {"u": 5.833402928211139, "v": 7.230978171094785, "x": 10.0, "y": 5.29688476902606}, "datetime": {"datetime": "2024-02-27 11:05:11", "elapsed": 1892.593394, "delta": 13.006866}}
{"target": 0.17675507964237264, "params": {"u": 7.029065704803726, "v": 5.47402546073546, "x": 1.7945051886430583, "y": 10.0}, "datetime": {"datetime": "2024-02-27 11:05:20", "elapsed": 1901.292864, "delta": 8.69947}}
{"target": 0.15116087698123584, "params": {"u": 9.009151230590845, "v": 0.5545168824368429, "x": 1.465834930048212, "y": 5.635861224635491}, "datetime": {"datetime": "2024-02-27 11:05:25", "elapsed": 1906.440737, "delta": 5.147873}}
{"target": 0.3122301244826589, "params": {"u": 8.550844173374173, "v": 6.75966715312197, "x": 5.319100855424244, "y": 8.748218025672468}, "datetime": {"datetime": "2024-02-27 11:05:28", "elapsed": 1909.467434, "delta": 3.026697}}
{"target": 0.2256399522524663, "params": {"u": 7.37121102754677, "v": 2.24218273027548, "x": 4.557333241107171, "y": 8.518092982841619}, "datetime": {"datetime": "2024-02-27 11:05:39", "elapsed": 1920.912688, "delta": 11.445254}}
{"target": 0.14710840242382656, "params": {"u": 8.806804461205036, "v": 9.96889832903446, "x": 7.36872608888182, "y": 0.1373338952419112}, "datetime": {"datetime": "2024-02-27 11:05:52", "elapsed": 1933.517918, "delta": 12.60523}}
{"target": 0.25241722984257375, "params": {"u": 1.931782624881202, "v": 6.6462185613577045, "x": 6.920176039256084, "y": 4.617984692571685}, "datetime": {"datetime": "2024-02-27 11:05:56", "elapsed": 1938.173016, "delta": 4.655098}}
{"target": 0.13485532578182977, "params": {"u": 0.15680839712152506, "v": 5.546872170281083, "x": 9.666455796571944, "y": 7.143149481391449}, "datetime": {"datetime": "2024-02-27 11:06:05", "elapsed": 1946.317809, "delta": 8.144793}}
