{"target": -0.6673327630568796, "params": {"colsample_bytree": 0.8119056349130724, "learning_rate": 0.4038810408976477, "max_bin_exp": 9.81460435695691, "max_depth": 5.347997248256066, "n_estimators": 4689.656010572076, "reg_alpha": 0.6865993515923371, "reg_lambda": 2.4286771467122823}, "datetime": {"datetime": "2024-02-19 13:34:54", "elapsed": 1197.315966, "delta": 5.977026}}
{"target": -0.7211377486305135, "params": {"colsample_bytree": 0.606977457456704, "learning_rate": 0.38384196311246277, "max_bin_exp": 9.911867979528324, "max_depth": 2.668644128741902, "n_estimators": 4689.829511582532, "reg_alpha": 0.897270159022584, "reg_lambda": 0.015736217666777574}, "datetime": {"datetime": "2024-02-19 13:34:57", "elapsed": 1200.631362, "delta": 3.315396}}
{"target": -0.7183097270226431, "params": {"colsample_bytree": 0.37718766627040207, "learning_rate": 0.36121474947891447, "max_bin_exp": 9.869025826919431, "max_depth": 2.665763929544463, "n_estimators": 4703.0608837835925, "reg_alpha": 2.9007728531767136, "reg_lambda": 2.4821948974422536}, "datetime": {"datetime": "2024-02-19 13:35:01", "elapsed": 1204.690366, "delta": 4.059004}}
{"target": -0.6106188233889477, "params": {"colsample_bytree": 0.9268486330923853, "learning_rate": 0.15139297310425137, "max_bin_exp": 9.728676824828932, "max_depth": 5.847919376816196, "n_estimators": 4686.603869411093, "reg_alpha": 2.7639654086700305, "reg_lambda": 1.7572093815734844}, "datetime": {"datetime": "2024-02-19 13:35:07", "elapsed": 1210.776159, "delta": 6.085793}}
{"target": -0.7248798749771952, "params": {"colsample_bytree": 0.7341398626585283, "learning_rate": 0.37362695858359196, "max_bin_exp": 9.993424884288938, "max_depth": 2.676210710308636, "n_estimators": 4685.81615700748, "reg_alpha": 1.5385431047766596, "reg_lambda": 1.4742055287904183}, "datetime": {"datetime": "2024-02-19 13:35:11", "elapsed": 1214.628903, "delta": 3.852744}}
{"target": -0.7745126782395759, "params": {"colsample_bytree": 0.5562787841215542, "learning_rate": 0.46834521538544804, "max_bin_exp": 7.717819601085923, "max_depth": 3.577915857770326, "n_estimators": 4683.765088238871, "reg_alpha": 0.4840348063230657, "reg_lambda": 1.0240303050346267}, "datetime": {"datetime": "2024-02-19 13:35:15", "elapsed": 1218.405294, "delta": 3.776391}}
{"target": -0.6617045416045052, "params": {"colsample_bytree": 0.6934825300870202, "learning_rate": 0.232297340030005, "max_bin_exp": 8.59403373829412, "max_depth": 4.721647071831101, "n_estimators": 4684.412563203321, "reg_alpha": 2.97008693511239, "reg_lambda": 2.725056452554323}, "datetime": {"datetime": "2024-02-19 13:35:20", "elapsed": 1223.185988, "delta": 4.780694}}
{"target": -0.6701384241952095, "params": {"colsample_bytree": 0.8289675797906642, "learning_rate": 0.16950190183519612, "max_bin_exp": 6.909000879833435, "max_depth": 5.937571929735423, "n_estimators": 4685.320693993819, "reg_alpha": 0.1967672732731781, "reg_lambda": 2.781626471179637}, "datetime": {"datetime": "2024-02-19 13:35:25", "elapsed": 1228.409719, "delta": 5.223731}}
{"target": -1.8272845621331915, "params": {"colsample_bytree": 0.26164316309337843, "learning_rate": 0.17412014389001235, "max_bin_exp": 5.545471019213, "max_depth": 4.925054739784368, "n_estimators": 4683.539712168964, "reg_alpha": 2.965938969109272, "reg_lambda": 2.401098777928421}, "datetime": {"datetime": "2024-02-19 13:35:30", "elapsed": 1233.549675, "delta": 5.139956}}
{"target": -0.6273509098119704, "params": {"colsample_bytree": 0.7279091655595693, "learning_rate": 0.21684719175235137, "max_bin_exp": 8.59723634355299, "max_depth": 5.820778257041924, "n_estimators": 4685.689741463927, "reg_alpha": 0.2321604634429032, "reg_lambda": 0.5709150879608071}, "datetime": {"datetime": "2024-02-19 13:35:37", "elapsed": 1240.341057, "delta": 6.791382}}
{"target": -1.1325610742879002, "params": {"colsample_bytree": 1.0, "learning_rate": 0.001, "max_bin_exp": 10.0, "max_depth": 5.305302473566377, "n_estimators": 4684.698051743578, "reg_alpha": 0.14321743223050667, "reg_lambda": 3.0}, "datetime": {"datetime": "2024-02-19 13:35:45", "elapsed": 1248.074388, "delta": 7.733331}}
{"target": -0.6954557257203757, "params": {"colsample_bytree": 0.6343245783924976, "learning_rate": 0.4691970009673746, "max_bin_exp": 9.795148823085983, "max_depth": 5.785462870460373, "n_estimators": 2266.2726120030043, "reg_alpha": 0.35277877577856176, "reg_lambda": 0.12984683757697357}, "datetime": {"datetime": "2024-02-19 13:35:48", "elapsed": 1251.216889, "delta": 3.142501}}
{"target": -0.9228417117603138, "params": {"colsample_bytree": 0.2517933584477125, "learning_rate": 0.44462894845463263, "max_bin_exp": 9.377193869041939, "max_depth": 4.153979277166004, "n_estimators": 4762.452665193801, "reg_alpha": 0.42898135881766264, "reg_lambda": 2.332430916108698}, "datetime": {"datetime": "2024-02-19 13:35:52", "elapsed": 1255.776952, "delta": 4.560063}}
{"target": -0.7162220074516683, "params": {"colsample_bytree": 1.0, "learning_rate": 0.5, "max_bin_exp": 8.121631350332095, "max_depth": 6.0, "n_estimators": 4760.957519263903, "reg_alpha": 0.0, "reg_lambda": 0.0}, "datetime": {"datetime": "2024-02-19 13:36:00", "elapsed": 1263.249927, "delta": 7.472975}}
{"target": -0.6807526162451447, "params": {"colsample_bytree": 1.0, "learning_rate": 0.5, "max_bin_exp": 8.128916699919687, "max_depth": 4.882950668125091, "n_estimators": 4771.698293951724, "reg_alpha": 0.0, "reg_lambda": 3.0}, "datetime": {"datetime": "2024-02-19 13:36:05", "elapsed": 1268.39849, "delta": 5.148563}}
{"target": -0.8325451471560147, "params": {"colsample_bytree": 0.2240939627077787, "learning_rate": 0.18250498655564432, "max_bin_exp": 9.198287865239044, "max_depth": 2.2058911584857346, "n_estimators": 4681.0169153766365, "reg_alpha": 1.9582540485941866, "reg_lambda": 0.32204778639980136}, "datetime": {"datetime": "2024-02-19 13:36:09", "elapsed": 1272.056602, "delta": 3.658112}}
{"target": -0.6868988080792615, "params": {"colsample_bytree": 0.6171320132624236, "learning_rate": 0.3378952222915286, "max_bin_exp": 8.242948303344008, "max_depth": 4.413084729079527, "n_estimators": 4687.0159389949895, "reg_alpha": 2.2229927125343125, "reg_lambda": 2.8646601427314704}, "datetime": {"datetime": "2024-02-19 13:36:14", "elapsed": 1277.192484, "delta": 5.135882}}
{"target": -0.6209538394461365, "params": {"colsample_bytree": 0.6344399232339388, "learning_rate": 0.018880070333417345, "max_bin_exp": 9.890151509963136, "max_depth": 4.0394324529487955, "n_estimators": 4703.861400195711, "reg_alpha": 0.039877859506761815, "reg_lambda": 2.525323172829263}, "datetime": {"datetime": "2024-02-19 13:36:19", "elapsed": 1282.571234, "delta": 5.37875}}
{"target": -0.6952433357571761, "params": {"colsample_bytree": 0.44832519617000766, "learning_rate": 0.31871419606490553, "max_bin_exp": 7.713195855625353, "max_depth": 5.938418231997757, "n_estimators": 4699.469044419987, "reg_alpha": 2.210078717363863, "reg_lambda": 2.916957603434603}, "datetime": {"datetime": "2024-02-19 13:36:25", "elapsed": 1287.991605, "delta": 5.420371}}
{"target": -0.7040181742783368, "params": {"colsample_bytree": 1.0, "learning_rate": 0.5, "max_bin_exp": 10.0, "max_depth": 6.0, "n_estimators": 2016.0900584194103, "reg_alpha": 0.0, "reg_lambda": 0.0}, "datetime": {"datetime": "2024-02-19 13:36:29", "elapsed": 1292.179624, "delta": 4.188019}}
{"target": -0.6689048149835218, "params": {"colsample_bytree": 0.7022521283230629, "learning_rate": 0.32518511619095, "max_bin_exp": 8.951913990761621, "max_depth": 5.51035010544762, "n_estimators": 2011.9692866447936, "reg_alpha": 0.715726768780567, "reg_lambda": 0.9147087281551705}, "datetime": {"datetime": "2024-02-19 13:36:32", "elapsed": 1295.603451, "delta": 3.423827}}
{"target": -0.6841271927593683, "params": {"colsample_bytree": 0.33150056609053236, "learning_rate": 0.03703161647984788, "max_bin_exp": 6.5607342081758775, "max_depth": 5.604996565494521, "n_estimators": 2009.1415828379957, "reg_alpha": 0.8297124889760685, "reg_lambda": 2.31659281794618}, "datetime": {"datetime": "2024-02-19 13:36:35", "elapsed": 1298.161413, "delta": 2.557962}}
{"target": -0.8373804409317619, "params": {"colsample_bytree": 0.2741762407248544, "learning_rate": 0.1423249768353403, "max_bin_exp": 9.066492181382062, "max_depth": 4.092949022342795, "n_estimators": 2010.2429444498687, "reg_alpha": 2.8296100927562247, "reg_lambda": 2.980234276390574}, "datetime": {"datetime": "2024-02-19 13:36:38", "elapsed": 1301.52626, "delta": 3.364847}}
{"target": -3.142077536908545, "params": {"colsample_bytree": 0.21392563814051366, "learning_rate": 0.07380141383722479, "max_bin_exp": 4.960939530101553, "max_depth": 3.9572280198012995, "n_estimators": 2011.9688689511245, "reg_alpha": 1.8222771150735118, "reg_lambda": 0.6845380327492935}, "datetime": {"datetime": "2024-02-19 13:36:42", "elapsed": 1305.071588, "delta": 3.545328}}
{"target": -0.6721985109900065, "params": {"colsample_bytree": 0.5421942082589657, "learning_rate": 0.17674113512218714, "max_bin_exp": 7.05845819860276, "max_depth": 3.488197947462265, "n_estimators": 2004.84100009825, "reg_alpha": 1.7026062780876334, "reg_lambda": 2.9643975067870296}, "datetime": {"datetime": "2024-02-19 13:36:44", "elapsed": 1307.708302, "delta": 2.636714}}
{"target": -0.6754836590263066, "params": {"colsample_bytree": 0.7952154300661898, "learning_rate": 0.3745284261141717, "max_bin_exp": 7.065569488702192, "max_depth": 5.4516073539607355, "n_estimators": 2005.8460495322704, "reg_alpha": 0.3759657122476885, "reg_lambda": 0.47379126832287877}, "datetime": {"datetime": "2024-02-19 13:36:48", "elapsed": 1311.117039, "delta": 3.408737}}
{"target": -1.0861741660908442, "params": {"colsample_bytree": 0.9808964418249133, "learning_rate": 0.29228678021199833, "max_bin_exp": 4.584104739712843, "max_depth": 5.251180835877654, "n_estimators": 2004.8459420113568, "reg_alpha": 0.2689865918601866, "reg_lambda": 2.97226770539761}, "datetime": {"datetime": "2024-02-19 13:36:50", "elapsed": 1313.856134, "delta": 2.739095}}
{"target": -0.6323541445503766, "params": {"colsample_bytree": 0.6127250519785578, "learning_rate": 0.26700215787568515, "max_bin_exp": 9.133566527763442, "max_depth": 5.8495998118397035, "n_estimators": 2006.7922408237241, "reg_alpha": 2.651167119482846, "reg_lambda": 2.536187917329049}, "datetime": {"datetime": "2024-02-19 13:36:54", "elapsed": 1317.094004, "delta": 3.23787}}
{"target": -0.841614005677304, "params": {"colsample_bytree": 0.2601726256908829, "learning_rate": 0.2273052848188659, "max_bin_exp": 9.74681657022175, "max_depth": 4.238234548218764, "n_estimators": 2003.9894214461451, "reg_alpha": 0.9265559150880636, "reg_lambda": 2.2969426053422692}, "datetime": {"datetime": "2024-02-19 13:36:56", "elapsed": 1319.462905, "delta": 2.368901}}
{"target": -1.7706333875676792, "params": {"colsample_bytree": 0.6781751157239022, "learning_rate": 0.25919216945738094, "max_bin_exp": 9.18663771384597, "max_depth": 1.3673752944587816, "n_estimators": 2006.4529190889216, "reg_alpha": 1.822345506681743, "reg_lambda": 0.9401570543449609}, "datetime": {"datetime": "2024-02-19 13:36:58", "elapsed": 1321.877901, "delta": 2.414996}}
{"target": -0.6955765303098516, "params": {"colsample_bytree": 0.4821696677007177, "learning_rate": 0.3212047365078426, "max_bin_exp": 7.072269091656094, "max_depth": 5.861465021128367, "n_estimators": 2002.9659400446985, "reg_alpha": 2.53114636991009, "reg_lambda": 2.531017682374912}, "datetime": {"datetime": "2024-02-19 13:37:02", "elapsed": 1325.30109, "delta": 3.423189}}
{"target": -0.623327751981815, "params": {"colsample_bytree": 0.6608233058715816, "learning_rate": 0.27402497136010273, "max_bin_exp": 9.760260924822779, "max_depth": 5.577322972907531, "n_estimators": 1999.9452602445544, "reg_alpha": 1.5169179800608976, "reg_lambda": 2.3928935115695102}, "datetime": {"datetime": "2024-02-19 13:37:06", "elapsed": 1329.088749, "delta": 3.787659}}
{"target": -0.8609801314883474, "params": {"colsample_bytree": 0.24068085489858532, "learning_rate": 0.2758826246264784, "max_bin_exp": 6.569831036594518, "max_depth": 3.6694187652318058, "n_estimators": 1999.9030000678276, "reg_alpha": 0.401550864577093, "reg_lambda": 1.2803042445647441}, "datetime": {"datetime": "2024-02-19 13:37:08", "elapsed": 1331.28656, "delta": 2.197811}}
{"target": -0.6317846433350988, "params": {"colsample_bytree": 0.8009308582549906, "learning_rate": 0.20283909217369542, "max_bin_exp": 9.630839512001405, "max_depth": 3.1585171296993435, "n_estimators": 1997.2142118322631, "reg_alpha": 2.1445800972850053, "reg_lambda": 2.740858005886664}, "datetime": {"datetime": "2024-02-19 13:37:11", "elapsed": 1334.354405, "delta": 3.067845}}
{"target": -0.7102947747002265, "params": {"colsample_bytree": 0.8329664142261712, "learning_rate": 0.3721322334406091, "max_bin_exp": 6.892270556571138, "max_depth": 3.61372589818936, "n_estimators": 1997.2260187313868, "reg_alpha": 2.7629835820562434, "reg_lambda": 0.7795090707216146}, "datetime": {"datetime": "2024-02-19 13:37:13", "elapsed": 1336.591085, "delta": 2.23668}}
{"target": -2.0915985755885123, "params": {"colsample_bytree": 0.8182121364809136, "learning_rate": 0.14709702156618332, "max_bin_exp": 9.15021262358611, "max_depth": 1.11927692765068, "n_estimators": 1999.261789498035, "reg_alpha": 1.16176714567347, "reg_lambda": 2.2303527800848704}, "datetime": {"datetime": "2024-02-19 13:37:15", "elapsed": 1338.350973, "delta": 1.759888}}
{"target": -0.6609384919528306, "params": {"colsample_bytree": 0.5121669106794969, "learning_rate": 0.10583396902381997, "max_bin_exp": 7.113872219207794, "max_depth": 4.844195260845292, "n_estimators": 1996.3318718323526, "reg_alpha": 1.483960918385241, "reg_lambda": 2.183491142360232}, "datetime": {"datetime": "2024-02-19 13:37:18", "elapsed": 1341.016155, "delta": 2.665182}}
{"target": -0.7528676829176965, "params": {"colsample_bytree": 1.0, "learning_rate": 0.5, "max_bin_exp": 6.3633622237309355, "max_depth": 3.816023243534753, "n_estimators": 5000.0, "reg_alpha": 3.0, "reg_lambda": 3.0}, "datetime": {"datetime": "2024-02-19 13:37:21", "elapsed": 1344.919972, "delta": 3.903817}}
{"target": -0.7952150620228452, "params": {"colsample_bytree": 0.30184402575169716, "learning_rate": 0.3543000126930307, "max_bin_exp": 6.312044875218243, "max_depth": 5.850465035651657, "n_estimators": 1999.2011448868068, "reg_alpha": 2.7805819033798502, "reg_lambda": 1.8146269422789765}, "datetime": {"datetime": "2024-02-19 13:37:24", "elapsed": 1347.898364, "delta": 2.978392}}
{"target": -0.9004048061543667, "params": {"colsample_bytree": 0.23911460866460638, "learning_rate": 0.2614666471126953, "max_bin_exp": 8.876008582536585, "max_depth": 5.516214358773321, "n_estimators": 1994.018329368883, "reg_alpha": 1.8107248741674997, "reg_lambda": 1.3193551175028446}, "datetime": {"datetime": "2024-02-19 13:37:27", "elapsed": 1350.703544, "delta": 2.80518}}
{"target": -0.6253787353865055, "params": {"colsample_bytree": 0.6625943422538865, "learning_rate": 0.17267208010672702, "max_bin_exp": 9.89175325194438, "max_depth": 5.427144037007476, "n_estimators": 1996.6327146490594, "reg_alpha": 0.044729591475788144, "reg_lambda": 0.4297517489734124}, "datetime": {"datetime": "2024-02-19 13:37:31", "elapsed": 1354.234816, "delta": 3.531272}}
{"target": -1.166957891197696, "params": {"colsample_bytree": 0.6583526618065549, "learning_rate": 0.29045812902663554, "max_bin_exp": 4.1985498671176185, "max_depth": 3.3157105436141103, "n_estimators": 1992.0818728029608, "reg_alpha": 1.7932083758788004, "reg_lambda": 1.6047750848670042}, "datetime": {"datetime": "2024-02-19 13:37:33", "elapsed": 1356.6222, "delta": 2.387384}}
{"target": -0.598018962861935, "params": {"colsample_bytree": 0.9980510027394505, "learning_rate": 0.04984487227092449, "max_bin_exp": 9.895969235814405, "max_depth": 5.869727808507477, "n_estimators": 4710.28354446067, "reg_alpha": 0.45952516931800347, "reg_lambda": 0.9078134031486789}, "datetime": {"datetime": "2024-02-19 13:37:40", "elapsed": 1363.795212, "delta": 7.173012}}
{"target": -1.2017325354637478, "params": {"colsample_bytree": 0.9929777771749448, "learning_rate": 0.35362734321469624, "max_bin_exp": 9.299027095083204, "max_depth": 1.4318950571524054, "n_estimators": 1993.689836538662, "reg_alpha": 1.4209193741556296, "reg_lambda": 2.705316871317048}, "datetime": {"datetime": "2024-02-19 13:37:42", "elapsed": 1365.683902, "delta": 1.88869}}
{"target": -1.8451937237111582, "params": {"colsample_bytree": 1.0, "learning_rate": 0.001, "max_bin_exp": 9.99887304608224, "max_depth": 5.97217292478603, "n_estimators": 1997.1941172248678, "reg_alpha": 3.0, "reg_lambda": 2.1831289989985563}, "datetime": {"datetime": "2024-02-19 13:37:46", "elapsed": 1369.028758, "delta": 3.344856}}
{"target": -0.8208667209451508, "params": {"colsample_bytree": 0.33445981925035617, "learning_rate": 0.05598741209211712, "max_bin_exp": 5.952715587076558, "max_depth": 5.807344786373272, "n_estimators": 1997.214502659832, "reg_alpha": 0.19613053041245287, "reg_lambda": 0.39445499508998016}, "datetime": {"datetime": "2024-02-19 13:37:49", "elapsed": 1372.643518, "delta": 3.61476}}
{"target": -0.6390695536443619, "params": {"colsample_bytree": 0.4438344344290129, "learning_rate": 0.10700980184400972, "max_bin_exp": 9.975244272150007, "max_depth": 3.3815728082300187, "n_estimators": 4708.039060962634, "reg_alpha": 0.44885270413693024, "reg_lambda": 2.0068746343905497}, "datetime": {"datetime": "2024-02-19 13:37:54", "elapsed": 1377.063966, "delta": 4.420448}}
{"target": -0.6368696856726695, "params": {"colsample_bytree": 1.0, "learning_rate": 0.5, "max_bin_exp": 10.0, "max_depth": 6.0, "n_estimators": 2013.4315275057318, "reg_alpha": 0.0, "reg_lambda": 3.0}, "datetime": {"datetime": "2024-02-19 13:37:58", "elapsed": 1381.214793, "delta": 4.150827}}
{"target": -1.415280246592514, "params": {"colsample_bytree": 1.0, "learning_rate": 0.001, "max_bin_exp": 10.0, "max_depth": 6.0, "n_estimators": 2187.7650177168744, "reg_alpha": 0.0, "reg_lambda": 3.0}, "datetime": {"datetime": "2024-02-19 13:38:02", "elapsed": 1385.469254, "delta": 4.254461}}
{"target": -0.823764398733779, "params": {"colsample_bytree": 1.0, "learning_rate": 0.5, "max_bin_exp": 5.685777960807142, "max_depth": 4.543553898804494, "n_estimators": 2003.294743967441, "reg_alpha": 3.0, "reg_lambda": 0.0}, "datetime": {"datetime": "2024-02-19 13:38:06", "elapsed": 1389.003254, "delta": 3.534}}
{"target": -1.279232657965513, "params": {"colsample_bytree": 0.8286944651268189, "learning_rate": 0.38111529246418446, "max_bin_exp": 8.820735007041668, "max_depth": 1.028247303486328, "n_estimators": 2029.07194839381, "reg_alpha": 2.9652630984579225, "reg_lambda": 1.9243676021471021}, "datetime": {"datetime": "2024-02-19 13:38:08", "elapsed": 1390.986108, "delta": 1.982854}}
{"target": -3.6028245702036257, "params": {"colsample_bytree": 0.2006461190786668, "learning_rate": 0.013457697409322456, "max_bin_exp": 9.41596824957178, "max_depth": 1.0526110595403118, "n_estimators": 4675.727207996495, "reg_alpha": 2.283126743672148, "reg_lambda": 0.7415389318375973}, "datetime": {"datetime": "2024-02-19 13:38:11", "elapsed": 1394.945349, "delta": 3.959241}}
{"target": -0.6768879983506944, "params": {"colsample_bytree": 0.78281743025242, "learning_rate": 0.37682812319701053, "max_bin_exp": 9.481173575692921, "max_depth": 5.983280655300356, "n_estimators": 2002.888871016949, "reg_alpha": 0.3300680464091523, "reg_lambda": 0.5111836697582768}, "datetime": {"datetime": "2024-02-19 13:38:15", "elapsed": 1398.204131, "delta": 3.258782}}
{"target": -0.8239297082306194, "params": {"colsample_bytree": 0.2, "learning_rate": 0.5, "max_bin_exp": 10.0, "max_depth": 2.4914604079062372, "n_estimators": 2043.8201470456215, "reg_alpha": 3.0, "reg_lambda": 3.0}, "datetime": {"datetime": "2024-02-19 13:38:17", "elapsed": 1400.424536, "delta": 2.220405}}
{"target": -2.2689990827999944, "params": {"colsample_bytree": 0.2, "learning_rate": 0.5, "max_bin_exp": 7.1219364893582675, "max_depth": 1.0, "n_estimators": 2056.353532762156, "reg_alpha": 0.0, "reg_lambda": 3.0}, "datetime": {"datetime": "2024-02-19 13:38:20", "elapsed": 1403.027347, "delta": 2.602811}}
{"target": -1.8542665628104404, "params": {"colsample_bytree": 0.6544014349442409, "learning_rate": 0.3366549185044179, "max_bin_exp": 5.215318586465329, "max_depth": 1.8252228385057903, "n_estimators": 4279.939734239914, "reg_alpha": 0.9269246195843094, "reg_lambda": 0.01963004659952794}, "datetime": {"datetime": "2024-02-19 13:38:22", "elapsed": 1405.538282, "delta": 2.510935}}
{"target": -0.6002467273775894, "params": {"colsample_bytree": 0.8614355652364882, "learning_rate": 0.20747714259572342, "max_bin_exp": 9.870954632862428, "max_depth": 5.947625321598786, "n_estimators": 2008.688828945304, "reg_alpha": 1.6797579818319281, "reg_lambda": 2.7579717730935336}, "datetime": {"datetime": "2024-02-19 13:38:25", "elapsed": 1408.65892, "delta": 3.120638}}
{"target": -2.3157957340101225, "params": {"colsample_bytree": 0.784234566546538, "learning_rate": 0.11197248924180059, "max_bin_exp": 9.677196005658033, "max_depth": 1.66840281564863, "n_estimators": 2111.469620691836, "reg_alpha": 2.2176679351141675, "reg_lambda": 1.9564799396499033}, "datetime": {"datetime": "2024-02-19 13:38:28", "elapsed": 1411.313307, "delta": 2.654387}}
{"target": -0.6248623305423141, "params": {"colsample_bytree": 0.7154317515292392, "learning_rate": 0.30371461181649706, "max_bin_exp": 9.879473661017814, "max_depth": 5.182749684437524, "n_estimators": 1167.4352345172106, "reg_alpha": 0.06766035751796684, "reg_lambda": 1.0308281551389973}, "datetime": {"datetime": "2024-02-19 13:38:31", "elapsed": 1414.52009, "delta": 3.206783}}
