{"target": -0.7108455557615347, "params": {"colsample_bytree": 0.3388256827432048, "learning_rate": 0.25731442303260993, "max_bin_exp": 9.337012006858448, "max_depth": 5.934077799768006, "n_estimators": 699.4394881367471, "reg_alpha": 2.5697628544607274, "reg_lambda": 1.351349778042499}, "datetime": {"datetime": "2024-02-19 18:16:00", "elapsed": 2402.917314, "delta": 3.859377}}
{"target": -0.7770340337997294, "params": {"colsample_bytree": 0.2972726397950067, "learning_rate": 0.09277889200511287, "max_bin_exp": 9.975440129617146, "max_depth": 3.0586435551930182, "n_estimators": 696.9577620979, "reg_alpha": 2.1593962432686418, "reg_lambda": 2.998998284754153}, "datetime": {"datetime": "2024-02-19 18:16:03", "elapsed": 2406.287856, "delta": 3.370542}}
{"target": -0.6886945066619586, "params": {"colsample_bytree": 0.6945745227040448, "learning_rate": 0.43096629065734915, "max_bin_exp": 7.680349010493798, "max_depth": 4.2342821763737994, "n_estimators": 699.8095226843571, "reg_alpha": 2.3401190942541232, "reg_lambda": 2.827021332732307}, "datetime": {"datetime": "2024-02-19 18:16:07", "elapsed": 2409.880136, "delta": 3.59228}}
{"target": -0.7103463724885241, "params": {"colsample_bytree": 1.0, "learning_rate": 0.5, "max_bin_exp": 7.65962369974115, "max_depth": 4.867053176626231, "n_estimators": 676.930652512011, "reg_alpha": 3.0, "reg_lambda": 0.0}, "datetime": {"datetime": "2024-02-19 18:16:11", "elapsed": 2413.681196, "delta": 3.80106}}
{"target": -0.7728352465057085, "params": {"colsample_bytree": 0.3862097551417283, "learning_rate": 0.37625754181992643, "max_bin_exp": 7.376713311191537, "max_depth": 5.101278750285434, "n_estimators": 699.3983756957629, "reg_alpha": 0.09302044202151594, "reg_lambda": 1.622051002551577}, "datetime": {"datetime": "2024-02-19 18:16:14", "elapsed": 2417.385499, "delta": 3.704303}}
{"target": -0.6834376393207099, "params": {"colsample_bytree": 0.684479874916861, "learning_rate": 0.25265026583692374, "max_bin_exp": 6.113003493099047, "max_depth": 5.882546085385116, "n_estimators": 701.0323587151117, "reg_alpha": 2.5432503542132574, "reg_lambda": 0.3848623611670432}, "datetime": {"datetime": "2024-02-19 18:16:18", "elapsed": 2421.184271, "delta": 3.798772}}
{"target": -0.7179825479457245, "params": {"colsample_bytree": 0.925497328378023, "learning_rate": 0.46734480520025884, "max_bin_exp": 8.54669881090626, "max_depth": 4.534203733226645, "n_estimators": 702.0057836718013, "reg_alpha": 0.8483018502759686, "reg_lambda": 0.0541313282733662}, "datetime": {"datetime": "2024-02-19 18:16:22", "elapsed": 2425.508471, "delta": 4.3242}}
{"target": -0.9070620596795551, "params": {"colsample_bytree": 0.241259276233302, "learning_rate": 0.09341259955883764, "max_bin_exp": 7.87417305425563, "max_depth": 5.4133311050036355, "n_estimators": 692.1259920985437, "reg_alpha": 0.380037733405856, "reg_lambda": 0.3278739098435193}, "datetime": {"datetime": "2024-02-19 18:16:26", "elapsed": 2429.131728, "delta": 3.623257}}
{"target": -0.7122215873984816, "params": {"colsample_bytree": 0.734709006429344, "learning_rate": 0.2704428604922108, "max_bin_exp": 7.6847121230777535, "max_depth": 2.7222326045101335, "n_estimators": 702.4935915657779, "reg_alpha": 1.3979071555364226, "reg_lambda": 2.134069820893726}, "datetime": {"datetime": "2024-02-19 18:16:29", "elapsed": 2432.509326, "delta": 3.377598}}
