{"target": -1.8274933989952074, "params": {"colsample_bytree": 0.2053517896765693, "learning_rate": 0.22743274829415502, "max_bin_exp": 5.765378656725594, "max_depth": 4.246344676000561, "n_estimators": 4549.0244831866, "reg_alpha": 2.678700951164573, "reg_lambda": 0.3759819269248934}, "datetime": {"datetime": "2024-02-19 15:26:30", "elapsed": 317.207711, "delta": 3.310729}}
{"target": -3.138329494217867, "params": {"colsample_bytree": 0.578530911791145, "learning_rate": 0.46651506203130033, "max_bin_exp": 4.203360756615799, "max_depth": 1.9050151522582244, "n_estimators": 2614.93672581684, "reg_alpha": 2.0502720428433467, "reg_lambda": 2.9590584457086897}, "datetime": {"datetime": "2024-02-19 15:26:31", "elapsed": 317.947462, "delta": 0.739751}}
{"target": -2.4613225380899837, "params": {"colsample_bytree": 0.4050751792605607, "learning_rate": 0.20984359416003182, "max_bin_exp": 9.03219000793272, "max_depth": 1.0715346808324069, "n_estimators": 2274.2170491904885, "reg_alpha": 2.6545547274885735, "reg_lambda": 0.22923160789695152}, "datetime": {"datetime": "2024-02-19 15:26:32", "elapsed": 318.737441, "delta": 0.789979}}
{"target": -3.1420796623337455, "params": {"colsample_bytree": 0.2533518130735426, "learning_rate": 0.08112637575688382, "max_bin_exp": 4.191745914539116, "max_depth": 5.65063079407263, "n_estimators": 2247.3971378106653, "reg_alpha": 0.052187161064875864, "reg_lambda": 2.5486877299837323}, "datetime": {"datetime": "2024-02-19 15:26:34", "elapsed": 320.554242, "delta": 1.816801}}
{"target": -1.5205692331663432, "params": {"colsample_bytree": 0.36994263861915533, "learning_rate": 0.426943687359857, "max_bin_exp": 4.264465690526237, "max_depth": 2.3181153758177553, "n_estimators": 3997.374142434521, "reg_alpha": 0.254918516496914, "reg_lambda": 1.8493896109281307}, "datetime": {"datetime": "2024-02-19 15:26:36", "elapsed": 322.532726, "delta": 1.978484}}
{"target": -1.2216586154396185, "params": {"colsample_bytree": 0.5279079849533175, "learning_rate": 0.47015043388930094, "max_bin_exp": 4.43384854294311, "max_depth": 3.553902306741311, "n_estimators": 754.7481383115796, "reg_alpha": 1.4724282682636856, "reg_lambda": 2.3998023352916187}, "datetime": {"datetime": "2024-02-19 15:26:37", "elapsed": 323.619212, "delta": 1.086486}}
{"target": -0.6970984466451122, "params": {"colsample_bytree": 0.9767932972374125, "learning_rate": 0.13600189091317974, "max_bin_exp": 8.533374462326652, "max_depth": 2.6910968501930785, "n_estimators": 3756.4053742718343, "reg_alpha": 2.4379963948799146, "reg_lambda": 1.8432894696065816}, "datetime": {"datetime": "2024-02-19 15:26:39", "elapsed": 326.22639, "delta": 2.607178}}
{"target": -1.3164036161719483, "params": {"colsample_bytree": 0.3082494386949086, "learning_rate": 0.28098328626455416, "max_bin_exp": 4.754197148742005, "max_depth": 5.687974589848254, "n_estimators": 674.0209113650357, "reg_alpha": 2.6362740355878813, "reg_lambda": 0.3735700167081908}, "datetime": {"datetime": "2024-02-19 15:26:41", "elapsed": 327.785181, "delta": 1.558791}}
{"target": -4.464879404449153, "params": {"colsample_bytree": 1.0, "learning_rate": 0.001, "max_bin_exp": 4.0, "max_depth": 1.0, "n_estimators": 655.5014461995456, "reg_alpha": 0.0, "reg_lambda": 0.0}, "datetime": {"datetime": "2024-02-19 15:26:41", "elapsed": 328.300485, "delta": 0.515304}}
{"target": -1.400906006270276, "params": {"colsample_bytree": 0.9365676709008259, "learning_rate": 0.14402981907830995, "max_bin_exp": 4.861188030043562, "max_depth": 2.3994862957682757, "n_estimators": 3859.088609798043, "reg_alpha": 0.7543525054409772, "reg_lambda": 2.9182728429828932}, "datetime": {"datetime": "2024-02-19 15:26:44", "elapsed": 330.908945, "delta": 2.60846}}
{"target": -3.143479748071151, "params": {"colsample_bytree": 0.2835404389008452, "learning_rate": 0.44594900352022687, "max_bin_exp": 4.081176714130571, "max_depth": 3.3474444487090635, "n_estimators": 3748.1739543532644, "reg_alpha": 2.1366264869787654, "reg_lambda": 1.7979043783896365}, "datetime": {"datetime": "2024-02-19 15:26:47", "elapsed": 333.497667, "delta": 2.588722}}
{"target": -2.4580705527248115, "params": {"colsample_bytree": 0.39055464029760556, "learning_rate": 0.2959208533562071, "max_bin_exp": 5.5382538514026285, "max_depth": 1.7590971957297699, "n_estimators": 2295.2351816051964, "reg_alpha": 0.6229398694715023, "reg_lambda": 2.763886861190022}, "datetime": {"datetime": "2024-02-19 15:26:47", "elapsed": 334.217736, "delta": 0.720069}}
{"target": -0.8895602290813325, "params": {"colsample_bytree": 0.23906857129446185, "learning_rate": 0.442420120264098, "max_bin_exp": 7.3981335612760075, "max_depth": 5.09993524422122, "n_estimators": 3735.141043699513, "reg_alpha": 2.120077787316114, "reg_lambda": 0.8801907750855493}, "datetime": {"datetime": "2024-02-19 15:26:51", "elapsed": 338.207583, "delta": 3.989847}}
{"target": -0.8094657608330389, "params": {"colsample_bytree": 0.33906777630652885, "learning_rate": 0.39969583635844325, "max_bin_exp": 5.433918204734653, "max_depth": 3.405030311261051, "n_estimators": 582.7264187619028, "reg_alpha": 0.8810345697551057, "reg_lambda": 1.9473744339221493}, "datetime": {"datetime": "2024-02-19 15:26:52", "elapsed": 338.990843, "delta": 0.78326}}
{"target": -1.317556218504112, "params": {"colsample_bytree": 0.316091303873314, "learning_rate": 0.19835594961793585, "max_bin_exp": 4.392576291193498, "max_depth": 5.265133070459564, "n_estimators": 691.1531111583967, "reg_alpha": 2.767602313326656, "reg_lambda": 1.839014419170263}, "datetime": {"datetime": "2024-02-19 15:26:53", "elapsed": 340.249007, "delta": 1.258164}}
{"target": -0.9107698514565677, "params": {"colsample_bytree": 0.2600809746519927, "learning_rate": 0.3805994834847442, "max_bin_exp": 8.077303870199641, "max_depth": 5.001614035471967, "n_estimators": 3872.533876693398, "reg_alpha": 2.6236795366488876, "reg_lambda": 1.984470579339339}, "datetime": {"datetime": "2024-02-19 15:26:58", "elapsed": 344.332998, "delta": 4.083991}}
{"target": -3.2277237625647364, "params": {"colsample_bytree": 0.4394354949385537, "learning_rate": 0.015917670344018735, "max_bin_exp": 9.920266395360994, "max_depth": 1.2218763692025127, "n_estimators": 4234.501651944732, "reg_alpha": 1.440836235047579, "reg_lambda": 2.604294826853652}, "datetime": {"datetime": "2024-02-19 15:27:00", "elapsed": 346.367418, "delta": 2.03442}}
{"target": -0.704854711561323, "params": {"colsample_bytree": 0.8189624192454448, "learning_rate": 0.2296004053887207, "max_bin_exp": 7.903451197684791, "max_depth": 2.1425819090713403, "n_estimators": 4617.169884500436, "reg_alpha": 2.3763902761612448, "reg_lambda": 1.667094471620071}, "datetime": {"datetime": "2024-02-19 15:27:02", "elapsed": 348.554796, "delta": 2.187378}}
{"target": -3.143480053582568, "params": {"colsample_bytree": 0.2499501862406205, "learning_rate": 0.39283655682092894, "max_bin_exp": 4.464907067867141, "max_depth": 4.295894896905578, "n_estimators": 3953.34759801551, "reg_alpha": 1.8185729964501998, "reg_lambda": 1.4371772038871087}, "datetime": {"datetime": "2024-02-19 15:27:05", "elapsed": 351.804071, "delta": 3.249275}}
{"target": -2.9005921737435263, "params": {"colsample_bytree": 0.4503054494013135, "learning_rate": 0.14627147346476232, "max_bin_exp": 9.992625291824035, "max_depth": 1.6183841815273499, "n_estimators": 583.8281259640612, "reg_alpha": 0.7256605903216063, "reg_lambda": 0.8143148990064318}, "datetime": {"datetime": "2024-02-19 15:27:06", "elapsed": 352.518863, "delta": 0.714792}}
{"target": -0.7365921848102691, "params": {"colsample_bytree": 0.7110583297125503, "learning_rate": 0.4827387533362224, "max_bin_exp": 6.364321297306919, "max_depth": 5.0677061984111145, "n_estimators": 739.323433342182, "reg_alpha": 1.9051041469400745, "reg_lambda": 0.6390377073005885}, "datetime": {"datetime": "2024-02-19 15:27:07", "elapsed": 353.690015, "delta": 1.171152}}
{"target": -0.7361144871307086, "params": {"colsample_bytree": 0.5149657458808155, "learning_rate": 0.48577358139312754, "max_bin_exp": 8.501145326785053, "max_depth": 3.338882829007909, "n_estimators": 4150.55782936962, "reg_alpha": 0.18476790451750258, "reg_lambda": 2.516831144572077}, "datetime": {"datetime": "2024-02-19 15:27:10", "elapsed": 356.989614, "delta": 3.299599}}
{"target": -3.14335499428996, "params": {"colsample_bytree": 0.2688143671388845, "learning_rate": 0.48088656544951924, "max_bin_exp": 4.3819892757542, "max_depth": 5.123879867634324, "n_estimators": 576.8349225267625, "reg_alpha": 0.9587951475432056, "reg_lambda": 1.4937811001714967}, "datetime": {"datetime": "2024-02-19 15:27:11", "elapsed": 357.933751, "delta": 0.944137}}
{"target": -0.9068908344323798, "params": {"colsample_bytree": 0.23556937918686574, "learning_rate": 0.24480848952956138, "max_bin_exp": 9.088696865492606, "max_depth": 5.394257290516626, "n_estimators": 4615.152902027971, "reg_alpha": 2.4019068270221045, "reg_lambda": 2.397216780617698}, "datetime": {"datetime": "2024-02-19 15:27:15", "elapsed": 362.230622, "delta": 4.296871}}
{"target": -0.6300305864965865, "params": {"colsample_bytree": 0.7177987367901812, "learning_rate": 0.12419776505408021, "max_bin_exp": 9.376101526792601, "max_depth": 3.0122655576311885, "n_estimators": 3738.833668134608, "reg_alpha": 0.12608984165002024, "reg_lambda": 1.9172371936552919}, "datetime": {"datetime": "2024-02-19 15:27:19", "elapsed": 365.547092, "delta": 3.31647}}
{"target": -0.7433120837973384, "params": {"colsample_bytree": 0.7940065415238882, "learning_rate": 0.0838723070557444, "max_bin_exp": 5.61533688646735, "max_depth": 5.660608499954463, "n_estimators": 4620.075140694453, "reg_alpha": 0.5882962066925573, "reg_lambda": 2.9625217902106176}, "datetime": {"datetime": "2024-02-19 15:27:23", "elapsed": 369.774679, "delta": 4.227587}}
{"target": -1.641673182765419, "params": {"colsample_bytree": 0.641273605547101, "learning_rate": 0.1308903327376522, "max_bin_exp": 9.135372444483483, "max_depth": 1.961779258594118, "n_estimators": 4172.258694744826, "reg_alpha": 2.421178437516966, "reg_lambda": 0.43730394812182594}, "datetime": {"datetime": "2024-02-19 15:27:25", "elapsed": 371.541602, "delta": 1.766923}}
{"target": -0.9036279715042373, "params": {"colsample_bytree": 0.9076396327024716, "learning_rate": 0.3498958084367688, "max_bin_exp": 6.5433294802830435, "max_depth": 1.1647008211788736, "n_estimators": 4622.554566739744, "reg_alpha": 0.49615176275668627, "reg_lambda": 2.773858526377268}, "datetime": {"datetime": "2024-02-19 15:27:26", "elapsed": 373.103088, "delta": 1.561486}}
{"target": -1.086131487434528, "params": {"colsample_bytree": 0.7593458073859312, "learning_rate": 0.3713177919508657, "max_bin_exp": 4.0312174502864995, "max_depth": 5.470233623242549, "n_estimators": 585.3962404673596, "reg_alpha": 2.8789572557525203, "reg_lambda": 2.6827302568835716}, "datetime": {"datetime": "2024-02-19 15:27:27", "elapsed": 374.228554, "delta": 1.125466}}
{"target": -0.6937991593463102, "params": {"colsample_bytree": 0.5161165954357954, "learning_rate": 0.5, "max_bin_exp": 9.237356926492334, "max_depth": 5.805789465286772, "n_estimators": 4140.520397178712, "reg_alpha": 1.473061059585785, "reg_lambda": 2.8772659886269225}, "datetime": {"datetime": "2024-02-19 15:27:33", "elapsed": 379.478928, "delta": 5.250374}}
{"target": -0.7318311674090197, "params": {"colsample_bytree": 0.31809500495845067, "learning_rate": 0.17946344621236546, "max_bin_exp": 8.480596622817353, "max_depth": 4.175801680476932, "n_estimators": 4161.923805655009, "reg_alpha": 2.2103868982228363, "reg_lambda": 1.5961069890670572}, "datetime": {"datetime": "2024-02-19 15:27:36", "elapsed": 383.306254, "delta": 3.827326}}
{"target": -1.0589683701271186, "params": {"colsample_bytree": 0.49012429981051214, "learning_rate": 0.40048618130407504, "max_bin_exp": 6.795255217282333, "max_depth": 1.5473492813810443, "n_estimators": 3965.5296386013633, "reg_alpha": 0.049381203520584616, "reg_lambda": 0.6238759061304374}, "datetime": {"datetime": "2024-02-19 15:27:38", "elapsed": 385.01391, "delta": 1.707656}}
{"target": -0.6697399151187875, "params": {"colsample_bytree": 0.8839385360163518, "learning_rate": 0.20463789166308197, "max_bin_exp": 8.339863297946184, "max_depth": 3.8342472747305267, "n_estimators": 3940.996855998705, "reg_alpha": 0.872283902949998, "reg_lambda": 2.1798846898552036}, "datetime": {"datetime": "2024-02-19 15:27:41", "elapsed": 388.257978, "delta": 3.244068}}
{"target": -0.623771734626589, "params": {"colsample_bytree": 0.8581779288504277, "learning_rate": 0.07697440052295722, "max_bin_exp": 8.669340789633745, "max_depth": 4.849143474899511, "n_estimators": 4784.55014113417, "reg_alpha": 1.4192270873512225, "reg_lambda": 1.540195642445848}, "datetime": {"datetime": "2024-02-19 15:27:45", "elapsed": 392.25708, "delta": 3.999102}}
{"target": -0.6989979795227165, "params": {"colsample_bytree": 0.6280049077470269, "learning_rate": 0.37929769949844955, "max_bin_exp": 6.420125318596575, "max_depth": 2.144689606266615, "n_estimators": 4828.407949717979, "reg_alpha": 1.3109145343042523, "reg_lambda": 2.8598113311251394}, "datetime": {"datetime": "2024-02-19 15:27:48", "elapsed": 394.446851, "delta": 2.189771}}
{"target": -0.6431850197177348, "params": {"colsample_bytree": 0.5764166531232884, "learning_rate": 0.07044130480794826, "max_bin_exp": 7.246804655129647, "max_depth": 5.47263961187504, "n_estimators": 3913.341754533463, "reg_alpha": 2.9218446096494044, "reg_lambda": 0.8099411042463414}, "datetime": {"datetime": "2024-02-19 15:27:52", "elapsed": 398.966014, "delta": 4.519163}}
{"target": -0.9516761458804144, "params": {"colsample_bytree": 1.0, "learning_rate": 0.001, "max_bin_exp": 5.904260776510673, "max_depth": 6.0, "n_estimators": 4580.626390403794, "reg_alpha": 3.0, "reg_lambda": 3.0}, "datetime": {"datetime": "2024-02-19 15:27:58", "elapsed": 404.380618, "delta": 5.414604}}
{"target": -1.7523572342499412, "params": {"colsample_bytree": 0.48312980631430763, "learning_rate": 0.07030263443052875, "max_bin_exp": 4.131804196758096, "max_depth": 2.0728818890860636, "n_estimators": 4781.380985180545, "reg_alpha": 1.425727556375886, "reg_lambda": 2.549657732223812}, "datetime": {"datetime": "2024-02-19 15:28:00", "elapsed": 406.579086, "delta": 2.198468}}
{"target": -0.853736347787194, "params": {"colsample_bytree": 1.0, "learning_rate": 0.5, "max_bin_exp": 10.0, "max_depth": 1.0, "n_estimators": 4581.765224254225, "reg_alpha": 1.500073034048579, "reg_lambda": 0.055391876074108774}, "datetime": {"datetime": "2024-02-19 15:28:02", "elapsed": 408.526911, "delta": 1.947825}}
{"target": -0.8875752175464924, "params": {"colsample_bytree": 0.2817677549260985, "learning_rate": 0.10385861915410388, "max_bin_exp": 7.087620419790286, "max_depth": 5.760884985594498, "n_estimators": 4246.364056831736, "reg_alpha": 0.2862604297433381, "reg_lambda": 0.6462214033797097}, "datetime": {"datetime": "2024-02-19 15:28:06", "elapsed": 412.581657, "delta": 4.054746}}
{"target": -0.7694528881973871, "params": {"colsample_bytree": 0.8330503759621539, "learning_rate": 0.08456410612781326, "max_bin_exp": 9.504943871724233, "max_depth": 2.1655965457115496, "n_estimators": 730.4954934365461, "reg_alpha": 1.6261943367510077, "reg_lambda": 1.9049305765669948}, "datetime": {"datetime": "2024-02-19 15:28:07", "elapsed": 413.360434, "delta": 0.778777}}
{"target": -0.5986712151541902, "params": {"colsample_bytree": 1.0, "learning_rate": 0.05613288700147686, "max_bin_exp": 10.0, "max_depth": 6.0, "n_estimators": 2307.494905677003, "reg_alpha": 1.5278759866558047, "reg_lambda": 0.10048768859319707}, "datetime": {"datetime": "2024-02-19 15:28:10", "elapsed": 416.872517, "delta": 3.512083}}
{"target": -3.1738441644626887, "params": {"colsample_bytree": 0.5132262293295351, "learning_rate": 0.17979869210881277, "max_bin_exp": 4.555777937099584, "max_depth": 1.5697400363353027, "n_estimators": 2307.7060470936804, "reg_alpha": 2.379063737320488, "reg_lambda": 0.274789455426075}, "datetime": {"datetime": "2024-02-19 15:28:11", "elapsed": 417.657738, "delta": 0.785221}}
{"target": -0.6453789052893687, "params": {"colsample_bytree": 0.5772402271729764, "learning_rate": 0.1176327615155253, "max_bin_exp": 6.0835205010910895, "max_depth": 6.0, "n_estimators": 3198.7954610013767, "reg_alpha": 0.0, "reg_lambda": 2.739964982651776}, "datetime": {"datetime": "2024-02-19 15:28:13", "elapsed": 420.13312, "delta": 2.475382}}
{"target": -0.7068332080668476, "params": {"colsample_bytree": 0.5921225909249888, "learning_rate": 0.3961142062262773, "max_bin_exp": 9.652173600082017, "max_depth": 2.1609645670811153, "n_estimators": 3202.4614658808396, "reg_alpha": 2.163309669996341, "reg_lambda": 2.0296897701608385}, "datetime": {"datetime": "2024-02-19 15:28:14", "elapsed": 421.308002, "delta": 1.174882}}
{"target": -0.8545466847516479, "params": {"colsample_bytree": 1.0, "learning_rate": 0.001, "max_bin_exp": 10.0, "max_depth": 6.0, "n_estimators": 4828.1881792029935, "reg_alpha": 3.0, "reg_lambda": 0.0}, "datetime": {"datetime": "2024-02-19 15:28:23", "elapsed": 429.711351, "delta": 8.403349}}
{"target": -0.8028293154855961, "params": {"colsample_bytree": 0.8796997988594801, "learning_rate": 0.11673491086146337, "max_bin_exp": 5.076278510488119, "max_depth": 2.143138633625571, "n_estimators": 4137.648210706459, "reg_alpha": 1.5565492189773096, "reg_lambda": 1.4008061010475548}, "datetime": {"datetime": "2024-02-19 15:28:25", "elapsed": 431.802252, "delta": 2.090901}}
{"target": -3.1434805253854754, "params": {"colsample_bytree": 0.27737972679419914, "learning_rate": 0.455145985596003, "max_bin_exp": 4.068789697247376, "max_depth": 2.6842370443970243, "n_estimators": 3981.764271830974, "reg_alpha": 2.6336041293314034, "reg_lambda": 1.542803415130537}, "datetime": {"datetime": "2024-02-19 15:28:27", "elapsed": 433.853108, "delta": 2.050856}}
{"target": -3.143479664539195, "params": {"colsample_bytree": 0.2, "learning_rate": 0.5, "max_bin_exp": 4.0, "max_depth": 6.0, "n_estimators": 4831.574579617662, "reg_alpha": 3.0, "reg_lambda": 0.0}, "datetime": {"datetime": "2024-02-19 15:28:31", "elapsed": 437.655991, "delta": 3.802883}}
{"target": -0.6924122231255884, "params": {"colsample_bytree": 0.6743106171369375, "learning_rate": 0.09728678819302791, "max_bin_exp": 9.174173397245724, "max_depth": 2.09670649486418, "n_estimators": 4825.521102751561, "reg_alpha": 0.10868483762657688, "reg_lambda": 0.8565781552756019}, "datetime": {"datetime": "2024-02-19 15:28:33", "elapsed": 440.210006, "delta": 2.554015}}
{"target": -1.1843257203337414, "params": {"colsample_bytree": 0.46854331978413505, "learning_rate": 0.04039101770940352, "max_bin_exp": 4.394382939858021, "max_depth": 4.205701284034011, "n_estimators": 4145.053320320829, "reg_alpha": 0.008406292405735871, "reg_lambda": 2.535748243276278}, "datetime": {"datetime": "2024-02-19 15:28:37", "elapsed": 443.465192, "delta": 3.255186}}
{"target": -4.260395623140301, "params": {"colsample_bytree": 0.7334556159396413, "learning_rate": 0.001153571896292166, "max_bin_exp": 4.25781185399885, "max_depth": 2.8445574352922547, "n_estimators": 782.420365605129, "reg_alpha": 2.665937381180944, "reg_lambda": 2.2945035222336907}, "datetime": {"datetime": "2024-02-19 15:28:37", "elapsed": 444.13495, "delta": 0.669758}}
{"target": -0.7703083229931732, "params": {"colsample_bytree": 0.30967701101739104, "learning_rate": 0.4912087776033714, "max_bin_exp": 7.926313283554661, "max_depth": 4.941272208077805, "n_estimators": 770.7395165120573, "reg_alpha": 1.9388743683585843, "reg_lambda": 1.8114656809043739}, "datetime": {"datetime": "2024-02-19 15:28:38", "elapsed": 445.19199, "delta": 1.05704}}
{"target": -0.9254395559803879, "params": {"colsample_bytree": 0.20479936109066124, "learning_rate": 0.3273202657644698, "max_bin_exp": 9.962520806570376, "max_depth": 5.4963818626658, "n_estimators": 3916.770727436747, "reg_alpha": 0.10585932838641565, "reg_lambda": 2.857573205275349}, "datetime": {"datetime": "2024-02-19 15:28:42", "elapsed": 449.283326, "delta": 4.091336}}
{"target": -1.3437099750759545, "params": {"colsample_bytree": 0.9378362248478678, "learning_rate": 0.4424103498067578, "max_bin_exp": 4.622329412828833, "max_depth": 2.8290995417245886, "n_estimators": 3202.1662754758113, "reg_alpha": 1.8882915766674828, "reg_lambda": 0.3577416440525153}, "datetime": {"datetime": "2024-02-19 15:28:44", "elapsed": 451.195017, "delta": 1.911691}}
{"target": -1.8165548436381824, "params": {"colsample_bytree": 0.8299692619437289, "learning_rate": 0.3717486020120611, "max_bin_exp": 9.852639841658274, "max_depth": 1.9275101818903138, "n_estimators": 737.4257576363991, "reg_alpha": 2.630268951922945, "reg_lambda": 2.76424344942704}, "datetime": {"datetime": "2024-02-19 15:28:45", "elapsed": 451.912159, "delta": 0.717142}}
{"target": -1.2477834566737287, "params": {"colsample_bytree": 0.7385941110547423, "learning_rate": 0.17792900873336412, "max_bin_exp": 8.458601390267035, "max_depth": 1.0082700987637352, "n_estimators": 4155.853604169937, "reg_alpha": 2.803288217991627, "reg_lambda": 0.8162270539845367}, "datetime": {"datetime": "2024-02-19 15:28:47", "elapsed": 453.754441, "delta": 1.842282}}
{"target": -1.8296384765437415, "params": {"colsample_bytree": 0.2491522661666756, "learning_rate": 0.12582633127144577, "max_bin_exp": 5.185054157740826, "max_depth": 5.779329985756805, "n_estimators": 728.9322688061458, "reg_alpha": 0.008444857255960114, "reg_lambda": 1.6613865616391603}, "datetime": {"datetime": "2024-02-19 15:28:48", "elapsed": 454.921735, "delta": 1.167294}}
{"target": -3.1877535819885834, "params": {"colsample_bytree": 0.36734661731122076, "learning_rate": 0.09497293912237774, "max_bin_exp": 4.427573286607714, "max_depth": 1.6492867744785302, "n_estimators": 3914.605219348832, "reg_alpha": 0.31113492248965513, "reg_lambda": 0.6274769685654653}, "datetime": {"datetime": "2024-02-19 15:28:50", "elapsed": 456.633478, "delta": 1.711743}}
