{"target": -0.7302726271686677, "params": {"colsample_bytree": 0.5330928128579162, "learning_rate": 0.22050548363746897, "max_bin_exp": 6.702085938372849, "max_depth": 5.734825196559357, "n_estimators": 4313.255358919115, "reg_alpha": 0.925973135737601, "reg_lambda": 0.6341748219238668}, "datetime": {"datetime": "2024-02-19 17:39:28", "elapsed": 211.371856, "delta": 4.177918}}
{"target": -0.8814877287517655, "params": {"colsample_bytree": 0.9465582371221999, "learning_rate": 0.42253681745587635, "max_bin_exp": 6.733594224785344, "max_depth": 1.0237207439227833, "n_estimators": 4271.177164175955, "reg_alpha": 1.0291339277929084, "reg_lambda": 2.4717057246826966}, "datetime": {"datetime": "2024-02-19 17:39:30", "elapsed": 212.811465, "delta": 1.439609}}
{"target": -0.6870541176437809, "params": {"colsample_bytree": 0.4482607869634174, "learning_rate": 0.14809814927148998, "max_bin_exp": 7.781842789924641, "max_depth": 5.151072726827478, "n_estimators": 4315.723181080533, "reg_alpha": 2.9923049279650247, "reg_lambda": 2.3255272746954168}, "datetime": {"datetime": "2024-02-19 17:39:34", "elapsed": 216.958701, "delta": 4.147236}}
{"target": -0.7055769049683308, "params": {"colsample_bytree": 0.7246028088317529, "learning_rate": 0.4240883906527619, "max_bin_exp": 9.972272977268176, "max_depth": 3.009093982294904, "n_estimators": 4289.66589028549, "reg_alpha": 1.0073294191903717, "reg_lambda": 2.8830741376831828}, "datetime": {"datetime": "2024-02-19 17:39:37", "elapsed": 220.051743, "delta": 3.093042}}
{"target": -0.7103073363722634, "params": {"colsample_bytree": 0.4545432530254068, "learning_rate": 0.2882820465489086, "max_bin_exp": 8.920554333602114, "max_depth": 4.893497754466338, "n_estimators": 4394.785114582518, "reg_alpha": 2.3407091139719314, "reg_lambda": 2.4252501674556712}, "datetime": {"datetime": "2024-02-19 17:39:41", "elapsed": 224.165725, "delta": 4.113982}}
{"target": -0.6283502609360286, "params": {"colsample_bytree": 0.7104559652005376, "learning_rate": 0.2816391897870258, "max_bin_exp": 9.578173188286444, "max_depth": 5.6466153877371426, "n_estimators": 4399.818735630449, "reg_alpha": 2.8774035486583975, "reg_lambda": 2.701522031621163}, "datetime": {"datetime": "2024-02-19 17:39:46", "elapsed": 229.345958, "delta": 5.180233}}
{"target": -3.139527533654073, "params": {"colsample_bytree": 0.941307073416062, "learning_rate": 0.33352927215905137, "max_bin_exp": 4.9447317464521, "max_depth": 1.6152335498123063, "n_estimators": 4373.615823210292, "reg_alpha": 0.7352987191400522, "reg_lambda": 0.3818916591781887}, "datetime": {"datetime": "2024-02-19 17:39:48", "elapsed": 230.897299, "delta": 1.551341}}
{"target": -1.063168805999997, "params": {"colsample_bytree": 0.7212886432968075, "learning_rate": 0.06348021550087501, "max_bin_exp": 4.105209346142473, "max_depth": 4.230883662571058, "n_estimators": 4407.036570426771, "reg_alpha": 1.4339935487485769, "reg_lambda": 0.39083850933964503}, "datetime": {"datetime": "2024-02-19 17:39:51", "elapsed": 234.246163, "delta": 3.348864}}
{"target": -1.1248020624911723, "params": {"colsample_bytree": 0.8396969765328919, "learning_rate": 0.2102894953658506, "max_bin_exp": 7.2833292215736645, "max_depth": 1.3032230764704154, "n_estimators": 4290.555482098432, "reg_alpha": 0.20883867721323413, "reg_lambda": 0.03874074934936389}, "datetime": {"datetime": "2024-02-19 17:39:53", "elapsed": 235.662565, "delta": 1.416402}}
{"target": -1.9320636771951505, "params": {"colsample_bytree": 0.8039295433084934, "learning_rate": 0.00756995901519767, "max_bin_exp": 6.311527710732069, "max_depth": 2.17940534005525, "n_estimators": 3026.6616324903666, "reg_alpha": 2.7692918416966847, "reg_lambda": 1.075278212007779}, "datetime": {"datetime": "2024-02-19 17:39:54", "elapsed": 236.600417, "delta": 0.937852}}
{"target": -0.6906402354681616, "params": {"colsample_bytree": 0.5802221712789513, "learning_rate": 0.4374810079571395, "max_bin_exp": 9.050550581862675, "max_depth": 5.965342103760543, "n_estimators": 4403.840943513271, "reg_alpha": 2.476742198631881, "reg_lambda": 1.2383984193077844}, "datetime": {"datetime": "2024-02-19 17:39:58", "elapsed": 241.549661, "delta": 4.949244}}
{"target": -1.0771878544037268, "params": {"colsample_bytree": 0.2, "learning_rate": 0.5, "max_bin_exp": 10.0, "max_depth": 5.122179045716412, "n_estimators": 4314.724287463333, "reg_alpha": 3.0, "reg_lambda": 0.0}, "datetime": {"datetime": "2024-02-19 17:40:03", "elapsed": 246.311684, "delta": 4.762023}}
{"target": -0.6777772664595839, "params": {"colsample_bytree": 0.30756498873025423, "learning_rate": 0.07883844895232929, "max_bin_exp": 9.994788301434792, "max_depth": 5.990087081798354, "n_estimators": 4270.436424801448, "reg_alpha": 1.5146613291150195, "reg_lambda": 1.8685177476038952}, "datetime": {"datetime": "2024-02-19 17:40:08", "elapsed": 251.023281, "delta": 4.711597}}
{"target": -0.8771961708539312, "params": {"colsample_bytree": 0.24918927820277956, "learning_rate": 0.21829539279695004, "max_bin_exp": 9.43632547235815, "max_depth": 4.531108734102823, "n_estimators": 4409.49285129515, "reg_alpha": 1.280144788898144, "reg_lambda": 1.7740484109975383}, "datetime": {"datetime": "2024-02-19 17:40:11", "elapsed": 254.471278, "delta": 3.447997}}
{"target": -0.7121181397303235, "params": {"colsample_bytree": 0.5023704044857662, "learning_rate": 0.3987603070246269, "max_bin_exp": 9.643624083909927, "max_depth": 2.7390958111998533, "n_estimators": 4415.668127387341, "reg_alpha": 1.6940832515511808, "reg_lambda": 2.689888754570254}, "datetime": {"datetime": "2024-02-19 17:40:14", "elapsed": 256.844676, "delta": 2.373398}}
{"target": -1.0670845167019773, "params": {"colsample_bytree": 0.8186887809749408, "learning_rate": 0.24357801328059303, "max_bin_exp": 6.739600932915147, "max_depth": 1.185857192205248, "n_estimators": 4413.8803560156275, "reg_alpha": 2.450822622706713, "reg_lambda": 0.923425158609003}, "datetime": {"datetime": "2024-02-19 17:40:15", "elapsed": 258.337901, "delta": 1.493225}}
{"target": -0.7602438380123735, "params": {"colsample_bytree": 0.38533309537519334, "learning_rate": 0.49324732876474064, "max_bin_exp": 9.229801922510905, "max_depth": 3.7637518527284866, "n_estimators": 4420.127941913827, "reg_alpha": 0.9876642439240284, "reg_lambda": 2.6536013804515157}, "datetime": {"datetime": "2024-02-19 17:40:18", "elapsed": 261.485225, "delta": 3.147324}}
{"target": -0.6903400419400835, "params": {"colsample_bytree": 0.8506977670265008, "learning_rate": 0.33622533482116757, "max_bin_exp": 6.502281404673391, "max_depth": 5.157185140039942, "n_estimators": 4416.907797084666, "reg_alpha": 0.835858535777049, "reg_lambda": 2.266023593024971}, "datetime": {"datetime": "2024-02-19 17:40:23", "elapsed": 265.689545, "delta": 4.20432}}
{"target": -3.1241969720486114, "params": {"colsample_bytree": 0.23278021180152236, "learning_rate": 0.06054207214257229, "max_bin_exp": 6.496734713786501, "max_depth": 1.6829117645205947, "n_estimators": 4419.948534974937, "reg_alpha": 1.2188629791996957, "reg_lambda": 0.9652937680326994}, "datetime": {"datetime": "2024-02-19 17:40:24", "elapsed": 267.16692, "delta": 1.477375}}
{"target": -0.7376382414599518, "params": {"colsample_bytree": 0.6289482644930124, "learning_rate": 0.42065254238876754, "max_bin_exp": 7.4644728224570525, "max_depth": 4.609342723769744, "n_estimators": 4413.0056157325025, "reg_alpha": 0.759780856442168, "reg_lambda": 2.519865156144226}, "datetime": {"datetime": "2024-02-19 17:40:28", "elapsed": 270.600099, "delta": 3.433179}}
{"target": -0.7482844160865224, "params": {"colsample_bytree": 0.4534287202294719, "learning_rate": 0.31986992155613125, "max_bin_exp": 8.82135791310783, "max_depth": 5.865523961592898, "n_estimators": 4296.83844693733, "reg_alpha": 2.5217352071199306, "reg_lambda": 0.036830049699545286}, "datetime": {"datetime": "2024-02-19 17:40:32", "elapsed": 275.406603, "delta": 4.806504}}
{"target": -0.6199999584729211, "params": {"colsample_bytree": 0.5351062711743995, "learning_rate": 0.059074130827847064, "max_bin_exp": 9.590396415115116, "max_depth": 5.865904080658864, "n_estimators": 4275.904893277759, "reg_alpha": 0.22927937575380986, "reg_lambda": 2.9664906114573286}, "datetime": {"datetime": "2024-02-19 17:40:37", "elapsed": 280.575933, "delta": 5.16933}}
{"target": -0.8405917054352783, "params": {"colsample_bytree": 0.26663055610647945, "learning_rate": 0.033347868992163236, "max_bin_exp": 9.494345368265089, "max_depth": 5.4303748461290215, "n_estimators": 4415.764884874765, "reg_alpha": 2.398340319876481, "reg_lambda": 2.12988374401686}, "datetime": {"datetime": "2024-02-19 17:40:42", "elapsed": 284.822709, "delta": 4.246776}}
{"target": -0.7426661144762977, "params": {"colsample_bytree": 0.3858066817411496, "learning_rate": 0.1521797420178587, "max_bin_exp": 8.980617838322104, "max_depth": 5.6358312392902485, "n_estimators": 4310.255073860143, "reg_alpha": 0.5829728500461476, "reg_lambda": 2.6305318463500034}, "datetime": {"datetime": "2024-02-19 17:40:46", "elapsed": 289.31169, "delta": 4.488981}}
{"target": -0.6878789409700152, "params": {"colsample_bytree": 0.4271471673316688, "learning_rate": 0.0993009950065027, "max_bin_exp": 9.157863475567394, "max_depth": 5.973329753091272, "n_estimators": 4367.913630248848, "reg_alpha": 1.2978587515727407, "reg_lambda": 2.1598285784626254}, "datetime": {"datetime": "2024-02-19 17:40:52", "elapsed": 294.755729, "delta": 5.444039}}
{"target": -0.7206891835716808, "params": {"colsample_bytree": 0.5757550496188237, "learning_rate": 0.21913639679001645, "max_bin_exp": 6.686676438610382, "max_depth": 4.6643208604018245, "n_estimators": 4364.347052586826, "reg_alpha": 1.306446765300985, "reg_lambda": 0.7471525416936652}, "datetime": {"datetime": "2024-02-19 17:40:55", "elapsed": 298.163792, "delta": 3.408063}}
{"target": -1.9875035052612997, "params": {"colsample_bytree": 0.7129502845523172, "learning_rate": 0.08585923674539986, "max_bin_exp": 9.331667894353526, "max_depth": 1.5503177709114648, "n_estimators": 4362.054906806025, "reg_alpha": 1.0958509716816138, "reg_lambda": 0.1744718562523614}, "datetime": {"datetime": "2024-02-19 17:40:57", "elapsed": 299.859571, "delta": 1.695779}}
{"target": -1.3553103474716044, "params": {"colsample_bytree": 0.32617274673137553, "learning_rate": 0.24543606585647817, "max_bin_exp": 4.1412986423139335, "max_depth": 5.8487258818909424, "n_estimators": 4367.547626695421, "reg_alpha": 0.04870407892783746, "reg_lambda": 0.9196625775928089}, "datetime": {"datetime": "2024-02-19 17:41:01", "elapsed": 304.114583, "delta": 4.255012}}
{"target": -0.7365426366142891, "params": {"colsample_bytree": 0.4744817174531211, "learning_rate": 0.4454039005356227, "max_bin_exp": 7.324799868936967, "max_depth": 4.770185462877501, "n_estimators": 4272.928886143802, "reg_alpha": 0.37198638949804586, "reg_lambda": 2.267601672532898}, "datetime": {"datetime": "2024-02-19 17:41:05", "elapsed": 307.68478, "delta": 3.570197}}
{"target": -0.7322850931357403, "params": {"colsample_bytree": 0.48072355722125376, "learning_rate": 0.2844663572360472, "max_bin_exp": 7.9253247097715915, "max_depth": 5.496841184612995, "n_estimators": 4400.11649736846, "reg_alpha": 0.0953221771810937, "reg_lambda": 0.19033378908595322}, "datetime": {"datetime": "2024-02-19 17:41:09", "elapsed": 312.208981, "delta": 4.524201}}
{"target": -0.7801717431754648, "params": {"colsample_bytree": 0.324447447999496, "learning_rate": 0.3754869056184615, "max_bin_exp": 9.781648751645355, "max_depth": 5.657758011581585, "n_estimators": 4301.197097741345, "reg_alpha": 0.21024345775209374, "reg_lambda": 1.425992367686106}, "datetime": {"datetime": "2024-02-19 17:41:14", "elapsed": 317.017353, "delta": 4.808372}}
{"target": -1.1251738503137505, "params": {"colsample_bytree": 0.996326117825989, "learning_rate": 0.2961102473956035, "max_bin_exp": 4.003663441878277, "max_depth": 5.670734631266404, "n_estimators": 4360.234630578664, "reg_alpha": 2.6034427910160645, "reg_lambda": 1.5504335526080308}, "datetime": {"datetime": "2024-02-19 17:41:18", "elapsed": 321.073199, "delta": 4.055846}}
{"target": -0.6093570616525424, "params": {"colsample_bytree": 0.8494162278710518, "learning_rate": 0.12084888149677118, "max_bin_exp": 9.872812026170418, "max_depth": 5.322123584891861, "n_estimators": 4306.7361536274975, "reg_alpha": 2.0767831485078605, "reg_lambda": 0.9112670997474356}, "datetime": {"datetime": "2024-02-19 17:41:23", "elapsed": 326.199303, "delta": 5.126104}}
{"target": -0.7925872824807263, "params": {"colsample_bytree": 0.3686755350572002, "learning_rate": 0.14962457220183709, "max_bin_exp": 5.552227747943029, "max_depth": 4.923408593958595, "n_estimators": 1596.403974316376, "reg_alpha": 2.0342350271172647, "reg_lambda": 1.4225050839402629}, "datetime": {"datetime": "2024-02-19 17:41:24", "elapsed": 327.522183, "delta": 1.32288}}
{"target": -0.6377569180268655, "params": {"colsample_bytree": 0.6479951937783685, "learning_rate": 0.19878520708433775, "max_bin_exp": 9.728384396286238, "max_depth": 4.802584362329805, "n_estimators": 4294.579816624402, "reg_alpha": 0.3768120129292012, "reg_lambda": 2.9675933133354047}, "datetime": {"datetime": "2024-02-19 17:41:29", "elapsed": 331.696596, "delta": 4.174413}}
{"target": -2.1849874205743878, "params": {"colsample_bytree": 0.6052959140191978, "learning_rate": 0.1637160676826924, "max_bin_exp": 8.512233486879795, "max_depth": 1.3537625057709288, "n_estimators": 1594.190896332371, "reg_alpha": 1.990031385985167, "reg_lambda": 1.5815691982124394}, "datetime": {"datetime": "2024-02-19 17:41:29", "elapsed": 332.543353, "delta": 0.846757}}
{"target": -0.6865881512013007, "params": {"colsample_bytree": 0.5940550790184825, "learning_rate": 0.21243531717694694, "max_bin_exp": 6.461879057003877, "max_depth": 5.4867697334897185, "n_estimators": 1601.4935384046364, "reg_alpha": 1.0580962993175467, "reg_lambda": 0.3134598509271075}, "datetime": {"datetime": "2024-02-19 17:41:31", "elapsed": 334.262275, "delta": 1.718922}}
{"target": -1.5903655910207743, "params": {"colsample_bytree": 0.4370191575395739, "learning_rate": 0.037004719856557185, "max_bin_exp": 4.402803828357874, "max_depth": 3.3893735695686082, "n_estimators": 1603.1061071423399, "reg_alpha": 2.217336869681266, "reg_lambda": 2.259415711740031}, "datetime": {"datetime": "2024-02-19 17:41:32", "elapsed": 335.336414, "delta": 1.074139}}
{"target": -0.7040181742783368, "params": {"colsample_bytree": 1.0, "learning_rate": 0.5, "max_bin_exp": 10.0, "max_depth": 6.0, "n_estimators": 1600.470038037715, "reg_alpha": 0.0, "reg_lambda": 0.0}, "datetime": {"datetime": "2024-02-19 17:41:35", "elapsed": 338.431198, "delta": 3.094784}}
{"target": -0.6694081322033898, "params": {"colsample_bytree": 0.5019757332927308, "learning_rate": 0.3348920831988669, "max_bin_exp": 9.3347047537697, "max_depth": 5.878245894317501, "n_estimators": 1601.7228287015996, "reg_alpha": 2.71368551698467, "reg_lambda": 1.4460886123186572}, "datetime": {"datetime": "2024-02-19 17:41:37", "elapsed": 340.430221, "delta": 1.999023}}
{"target": -0.8365933324373234, "params": {"colsample_bytree": 0.24904591410154042, "learning_rate": 0.09202612032845998, "max_bin_exp": 9.779114617636495, "max_depth": 5.784841654721204, "n_estimators": 1605.5649095948156, "reg_alpha": 0.15844409976559348, "reg_lambda": 1.3698701158287139}, "datetime": {"datetime": "2024-02-19 17:41:39", "elapsed": 342.292904, "delta": 1.862683}}
{"target": -0.6503305366378296, "params": {"colsample_bytree": 1.0, "learning_rate": 0.5, "max_bin_exp": 7.626683614289323, "max_depth": 6.0, "n_estimators": 1599.2174996884505, "reg_alpha": 0.0, "reg_lambda": 3.0}, "datetime": {"datetime": "2024-02-19 17:41:41", "elapsed": 344.574985, "delta": 2.282081}}
{"target": -0.7630332423626742, "params": {"colsample_bytree": 0.2880818247696513, "learning_rate": 0.36582042212807686, "max_bin_exp": 8.923581226651741, "max_depth": 4.5089182338982745, "n_estimators": 1613.9829840925884, "reg_alpha": 0.9513759300040407, "reg_lambda": 0.2542773612067992}, "datetime": {"datetime": "2024-02-19 17:41:43", "elapsed": 346.261357, "delta": 1.686372}}
{"target": -0.7765443867707965, "params": {"colsample_bytree": 0.8923212325815131, "learning_rate": 0.29886901128266796, "max_bin_exp": 5.829682214570564, "max_depth": 4.1497769919210015, "n_estimators": 1617.4337735018266, "reg_alpha": 0.7832899947180704, "reg_lambda": 1.5797886981268046}, "datetime": {"datetime": "2024-02-19 17:41:45", "elapsed": 347.673885, "delta": 1.412528}}
{"target": -2.5610103448328623, "params": {"colsample_bytree": 0.9651508583028223, "learning_rate": 0.09637986370851478, "max_bin_exp": 5.311196344989359, "max_depth": 1.3714047779609038, "n_estimators": 1613.6147270170109, "reg_alpha": 1.4600995374871055, "reg_lambda": 0.6117954608124807}, "datetime": {"datetime": "2024-02-19 17:41:45", "elapsed": 348.265364, "delta": 0.591479}}
{"target": -0.6421336956919985, "params": {"colsample_bytree": 0.8366043571067026, "learning_rate": 0.2694111189669845, "max_bin_exp": 9.706804030091927, "max_depth": 4.985306192093938, "n_estimators": 1620.258816963002, "reg_alpha": 0.7490651638470515, "reg_lambda": 0.24539168586766802}, "datetime": {"datetime": "2024-02-19 17:41:47", "elapsed": 349.837245, "delta": 1.571881}}
{"target": -0.6660155748543433, "params": {"colsample_bytree": 0.9866010249916504, "learning_rate": 0.4812623134100884, "max_bin_exp": 7.4427514740554335, "max_depth": 5.050185158814001, "n_estimators": 1620.3138242137277, "reg_alpha": 2.909057843809762, "reg_lambda": 1.8322047033230577}, "datetime": {"datetime": "2024-02-19 17:41:49", "elapsed": 351.7681, "delta": 1.930855}}
{"target": -1.1389993009699417, "params": {"colsample_bytree": 0.722231012222025, "learning_rate": 0.2616944687676918, "max_bin_exp": 4.920485650595241, "max_depth": 3.7422332976545523, "n_estimators": 1622.2533715905652, "reg_alpha": 0.8660246526444461, "reg_lambda": 0.5279892799715882}, "datetime": {"datetime": "2024-02-19 17:41:50", "elapsed": 352.991303, "delta": 1.223203}}
{"target": -0.8385363300288371, "params": {"colsample_bytree": 0.22891451982029365, "learning_rate": 0.38364760579791773, "max_bin_exp": 9.602374736124387, "max_depth": 3.3287756233014494, "n_estimators": 1617.2412998735672, "reg_alpha": 2.449957441474985, "reg_lambda": 1.8539164812302085}, "datetime": {"datetime": "2024-02-19 17:41:51", "elapsed": 354.140039, "delta": 1.148736}}
{"target": -2.13845782910193, "params": {"colsample_bytree": 0.9443471845943112, "learning_rate": 0.12229276522154875, "max_bin_exp": 8.936447759411081, "max_depth": 1.3477432705185062, "n_estimators": 1621.4843106766255, "reg_alpha": 1.9951896204841046, "reg_lambda": 2.953919444169583}, "datetime": {"datetime": "2024-02-19 17:41:52", "elapsed": 354.88064, "delta": 0.740601}}
{"target": -1.3802447986228814, "params": {"colsample_bytree": 1.0, "learning_rate": 0.001, "max_bin_exp": 10.0, "max_depth": 4.69308178674961, "n_estimators": 4388.990928010729, "reg_alpha": 3.0, "reg_lambda": 0.0}, "datetime": {"datetime": "2024-02-19 17:41:56", "elapsed": 359.540612, "delta": 4.659972}}
{"target": -0.6213675646186441, "params": {"colsample_bytree": 0.7734712115367188, "learning_rate": 0.22618993400350526, "max_bin_exp": 9.850585859159159, "max_depth": 5.880094502742424, "n_estimators": 4420.953495426972, "reg_alpha": 0.3884715249538838, "reg_lambda": 2.481988147655337}, "datetime": {"datetime": "2024-02-19 17:42:02", "elapsed": 364.769696, "delta": 5.229084}}
{"target": -0.7920593220151395, "params": {"colsample_bytree": 0.3878742976223986, "learning_rate": 0.14312781437736155, "max_bin_exp": 7.281930846211492, "max_depth": 5.953227498776606, "n_estimators": 4277.083612524918, "reg_alpha": 0.24989907741195083, "reg_lambda": 0.5599758481615758}, "datetime": {"datetime": "2024-02-19 17:42:06", "elapsed": 369.212597, "delta": 4.442901}}
{"target": -1.1416334930613488, "params": {"colsample_bytree": 1.0, "learning_rate": 0.5, "max_bin_exp": 4.33914829925448, "max_depth": 6.0, "n_estimators": 4392.82575355133, "reg_alpha": 3.0, "reg_lambda": 0.0}, "datetime": {"datetime": "2024-02-19 17:42:12", "elapsed": 374.70761, "delta": 5.495013}}
{"target": -0.6509791172801906, "params": {"colsample_bytree": 0.7682387480484252, "learning_rate": 0.37269497049721645, "max_bin_exp": 9.686380205694771, "max_depth": 5.249977819354988, "n_estimators": 4385.43546586405, "reg_alpha": 0.282236010597706, "reg_lambda": 2.5146233012990047}, "datetime": {"datetime": "2024-02-19 17:42:17", "elapsed": 379.781067, "delta": 5.073457}}
{"target": -0.7152793433074175, "params": {"colsample_bytree": 0.7062439830657496, "learning_rate": 0.3604226785705735, "max_bin_exp": 9.755813102530157, "max_depth": 2.1185401230468788, "n_estimators": 4295.880929758292, "reg_alpha": 1.625133966975083, "reg_lambda": 1.697129643678846}, "datetime": {"datetime": "2024-02-19 17:42:19", "elapsed": 382.414845, "delta": 2.633778}}
{"target": -4.379808327248117, "params": {"colsample_bytree": 0.2, "learning_rate": 0.001, "max_bin_exp": 10.0, "max_depth": 1.866323749786063, "n_estimators": 4316.085387831411, "reg_alpha": 3.0, "reg_lambda": 3.0}, "datetime": {"datetime": "2024-02-19 17:42:21", "elapsed": 384.160074, "delta": 1.745229}}
{"target": -1.039880821969162, "params": {"colsample_bytree": 0.41729055053529296, "learning_rate": 0.023123023524234596, "max_bin_exp": 9.840867997603397, "max_depth": 3.3084868172875916, "n_estimators": 1600.4541754753154, "reg_alpha": 1.4586468093327576, "reg_lambda": 0.8349190150262585}, "datetime": {"datetime": "2024-02-19 17:42:22", "elapsed": 385.448486, "delta": 1.288412}}
