{"target": -0.7200925232688545, "params": {"colsample_bytree": 0.39682543614048993, "learning_rate": 0.10511898566239297, "max_bin_exp": 8.7549771934376, "max_depth": 5.491870130117934, "n_estimators": 3925.3607634255977, "reg_alpha": 2.1795294012754938, "reg_lambda": 1.1787090883394713}, "datetime": {"datetime": "2024-02-19 15:28:55", "elapsed": 461.358851, "delta": 4.725373}}
{"target": -0.7383864510978283, "params": {"colsample_bytree": 0.4132383670732952, "learning_rate": 0.30119633233544635, "max_bin_exp": 9.733788628198756, "max_depth": 5.585963622905222, "n_estimators": 3197.5128460927644, "reg_alpha": 2.8503772527887685, "reg_lambda": 1.4928766655932861}, "datetime": {"datetime": "2024-02-19 15:28:57", "elapsed": 463.490563, "delta": 2.131712}}
{"target": -1.5693386371880886, "params": {"colsample_bytree": 0.5266555910805808, "learning_rate": 0.1841667602119267, "max_bin_exp": 9.700065073801595, "max_depth": 1.77373372375507, "n_estimators": 4138.727283490069, "reg_alpha": 1.0663980057824372, "reg_lambda": 0.46436556806280505}, "datetime": {"datetime": "2024-02-19 15:28:59", "elapsed": 465.546549, "delta": 2.055986}}
{"target": -0.6778901905931836, "params": {"colsample_bytree": 0.5019442774159002, "learning_rate": 0.23396796615609203, "max_bin_exp": 8.287748686474123, "max_depth": 6.0, "n_estimators": 3188.2193265535157, "reg_alpha": 0.7361368184086233, "reg_lambda": 1.6456743191687913}, "datetime": {"datetime": "2024-02-19 15:29:01", "elapsed": 468.018311, "delta": 2.471762}}
{"target": -2.1304069746351226, "params": {"colsample_bytree": 1.0, "learning_rate": 0.001, "max_bin_exp": 4.758805599443515, "max_depth": 6.0, "n_estimators": 3193.034714996809, "reg_alpha": 2.4164372019466027, "reg_lambda": 3.0}, "datetime": {"datetime": "2024-02-19 15:29:04", "elapsed": 470.457775, "delta": 2.439464}}
{"target": -2.229949233142067, "params": {"colsample_bytree": 0.2, "learning_rate": 0.5, "max_bin_exp": 10.0, "max_depth": 1.5422218703861514, "n_estimators": 3186.128087578306, "reg_alpha": 0.8611731300012554, "reg_lambda": 0.0}, "datetime": {"datetime": "2024-02-19 15:29:05", "elapsed": 471.610333, "delta": 1.152558}}
{"target": -3.1409186788650545, "params": {"colsample_bytree": 0.5938096125662976, "learning_rate": 0.3723146774367793, "max_bin_exp": 4.918704999029077, "max_depth": 1.2177595712472502, "n_estimators": 3937.6691395606363, "reg_alpha": 0.712025623482098, "reg_lambda": 0.5573650213191005}, "datetime": {"datetime": "2024-02-19 15:29:06", "elapsed": 473.263663, "delta": 1.65333}}
{"target": -0.6356974396568975, "params": {"colsample_bytree": 1.0, "learning_rate": 0.5, "max_bin_exp": 10.0, "max_depth": 6.0, "n_estimators": 3910.7893116517266, "reg_alpha": 3.0, "reg_lambda": 3.0}, "datetime": {"datetime": "2024-02-19 15:29:14", "elapsed": 480.512087, "delta": 7.248424}}
{"target": -1.1269811866530022, "params": {"colsample_bytree": 0.9291663708176827, "learning_rate": 0.5, "max_bin_exp": 4.879826047407046, "max_depth": 6.0, "n_estimators": 3928.0313450776266, "reg_alpha": 0.07051013920920031, "reg_lambda": 3.0}, "datetime": {"datetime": "2024-02-19 15:29:19", "elapsed": 486.010069, "delta": 5.497982}}
{"target": -1.3276537216484225, "params": {"colsample_bytree": 1.0, "learning_rate": 0.5, "max_bin_exp": 10.0, "max_depth": 1.710277300047713, "n_estimators": 724.8570811581286, "reg_alpha": 3.0, "reg_lambda": 0.6114770314364063}, "datetime": {"datetime": "2024-02-19 15:29:20", "elapsed": 486.612269, "delta": 0.6022}}
{"target": -0.6538646071018716, "params": {"colsample_bytree": 0.6657675544950665, "learning_rate": 0.24838200912518718, "max_bin_exp": 9.458572841636041, "max_depth": 5.740094116213764, "n_estimators": 3201.063163496027, "reg_alpha": 1.059776989108486, "reg_lambda": 0.20950621644177125}, "datetime": {"datetime": "2024-02-19 15:29:22", "elapsed": 488.851252, "delta": 2.238983}}
{"target": -3.143480717534722, "params": {"colsample_bytree": 0.2, "learning_rate": 0.5, "max_bin_exp": 4.420148523162232, "max_depth": 6.0, "n_estimators": 4135.39685337198, "reg_alpha": 3.0, "reg_lambda": 3.0}, "datetime": {"datetime": "2024-02-19 15:29:26", "elapsed": 492.682151, "delta": 3.830899}}
{"target": -0.6598002840035018, "params": {"colsample_bytree": 0.5001763951413474, "learning_rate": 0.15926110679666475, "max_bin_exp": 8.504845074535849, "max_depth": 5.518430888348543, "n_estimators": 4582.805583730217, "reg_alpha": 0.6997628243286715, "reg_lambda": 0.6107506950174196}, "datetime": {"datetime": "2024-02-19 15:29:31", "elapsed": 497.78867, "delta": 5.106519}}
{"target": -0.9069031522834277, "params": {"colsample_bytree": 0.5749141629908064, "learning_rate": 0.43304799887707535, "max_bin_exp": 7.225520405429085, "max_depth": 1.9353519872962945, "n_estimators": 4584.874328715293, "reg_alpha": 0.38971209850452293, "reg_lambda": 2.607743893353259}, "datetime": {"datetime": "2024-02-19 15:29:33", "elapsed": 499.492816, "delta": 1.704146}}
{"target": -1.4481421134563326, "params": {"colsample_bytree": 0.8751612652879417, "learning_rate": 0.10600612254277611, "max_bin_exp": 4.574444297829114, "max_depth": 2.8621850880772173, "n_estimators": 4612.785697542353, "reg_alpha": 1.0601167792710484, "reg_lambda": 0.0019937898887728567}, "datetime": {"datetime": "2024-02-19 15:29:35", "elapsed": 501.574023, "delta": 2.081207}}
{"target": -0.8836936953242701, "params": {"colsample_bytree": 0.7434066792408169, "learning_rate": 0.4433081458085877, "max_bin_exp": 9.944181887442934, "max_depth": 1.1759197582709104, "n_estimators": 3732.8233858081194, "reg_alpha": 1.853309376771123, "reg_lambda": 1.3490895865700754}, "datetime": {"datetime": "2024-02-19 15:29:37", "elapsed": 503.52296, "delta": 1.948937}}
{"target": -0.792532059667785, "params": {"colsample_bytree": 0.9727893123971489, "learning_rate": 0.20541957547475048, "max_bin_exp": 5.072777399439897, "max_depth": 2.8226989004568273, "n_estimators": 3867.4376140433405, "reg_alpha": 1.7414440865969487, "reg_lambda": 1.4028717538861253}, "datetime": {"datetime": "2024-02-19 15:29:39", "elapsed": 505.801549, "delta": 2.278589}}
{"target": -0.6280381455876296, "params": {"colsample_bytree": 0.6408188453714763, "learning_rate": 0.14786140022115973, "max_bin_exp": 9.936782993577605, "max_depth": 5.2069226464013045, "n_estimators": 3929.850752079145, "reg_alpha": 1.2055590885092633, "reg_lambda": 2.710119417875828}, "datetime": {"datetime": "2024-02-19 15:29:45", "elapsed": 511.87392, "delta": 6.072371}}
{"target": -0.8981831935396069, "params": {"colsample_bytree": 0.2585003353453704, "learning_rate": 0.08153960660782791, "max_bin_exp": 8.791756716894461, "max_depth": 5.771521589463209, "n_estimators": 3944.4558281924915, "reg_alpha": 0.6160262643898711, "reg_lambda": 0.5691500110523023}, "datetime": {"datetime": "2024-02-19 15:29:49", "elapsed": 516.047774, "delta": 4.173854}}
{"target": -0.7976617985574094, "params": {"colsample_bytree": 1.0, "learning_rate": 0.5, "max_bin_exp": 5.0980347334075065, "max_depth": 6.0, "n_estimators": 4787.9648065441115, "reg_alpha": 0.0, "reg_lambda": 0.0}, "datetime": {"datetime": "2024-02-19 15:29:55", "elapsed": 522.023872, "delta": 5.976098}}
{"target": -0.6475696778829744, "params": {"colsample_bytree": 0.4602305683581922, "learning_rate": 0.21170248700249839, "max_bin_exp": 9.966995171772204, "max_depth": 5.1244294746985135, "n_estimators": 4821.463893414968, "reg_alpha": 2.727678620836205, "reg_lambda": 1.9040673966105772}, "datetime": {"datetime": "2024-02-19 15:30:02", "elapsed": 528.834407, "delta": 6.810535}}
{"target": -3.1424913858874763, "params": {"colsample_bytree": 1.0, "learning_rate": 0.5, "max_bin_exp": 4.0, "max_depth": 1.0, "n_estimators": 4244.31089322728, "reg_alpha": 0.0, "reg_lambda": 0.0}, "datetime": {"datetime": "2024-02-19 15:30:04", "elapsed": 530.645646, "delta": 1.811239}}
{"target": -3.1495960758504005, "params": {"colsample_bytree": 0.7780277477732862, "learning_rate": 0.09437103353189469, "max_bin_exp": 4.577037268785452, "max_depth": 1.9261349611573282, "n_estimators": 3873.9326269657063, "reg_alpha": 0.9590627880211943, "reg_lambda": 1.9804723968431481}, "datetime": {"datetime": "2024-02-19 15:30:06", "elapsed": 532.40173, "delta": 1.756084}}
{"target": -1.300733976709628, "params": {"colsample_bytree": 0.6741610329588219, "learning_rate": 0.20546162406224977, "max_bin_exp": 8.959024757572534, "max_depth": 1.4043268537695517, "n_estimators": 4788.869590882748, "reg_alpha": 0.9433953886208005, "reg_lambda": 0.36082930739515695}, "datetime": {"datetime": "2024-02-19 15:30:08", "elapsed": 534.382875, "delta": 1.981145}}
{"target": -0.8385092306951979, "params": {"colsample_bytree": 0.35886029405611225, "learning_rate": 0.18265557726281567, "max_bin_exp": 6.616443193767068, "max_depth": 5.881505982541576, "n_estimators": 3864.4260135555032, "reg_alpha": 1.9299501193056563, "reg_lambda": 0.4602660234976097}, "datetime": {"datetime": "2024-02-19 15:30:12", "elapsed": 538.935137, "delta": 4.552262}}
{"target": -3.1538172620645013, "params": {"colsample_bytree": 0.2, "learning_rate": 0.001, "max_bin_exp": 10.0, "max_depth": 6.0, "n_estimators": 4243.567868179711, "reg_alpha": 2.244864965746016, "reg_lambda": 3.0}, "datetime": {"datetime": "2024-02-19 15:30:18", "elapsed": 545.13761, "delta": 6.202473}}
{"target": -0.6573208249838159, "params": {"colsample_bytree": 1.0, "learning_rate": 0.5, "max_bin_exp": 9.776006321174343, "max_depth": 5.493286070062166, "n_estimators": 3868.367203351236, "reg_alpha": 3.0, "reg_lambda": 0.199387163732296}, "datetime": {"datetime": "2024-02-19 15:30:24", "elapsed": 550.484854, "delta": 5.347244}}
{"target": -1.0089168131532487, "params": {"colsample_bytree": 0.6126079360448116, "learning_rate": 0.3255242340464444, "max_bin_exp": 8.141488547817278, "max_depth": 1.6355214578358743, "n_estimators": 3928.3748360478553, "reg_alpha": 0.232639187990049, "reg_lambda": 2.896096143135824}, "datetime": {"datetime": "2024-02-19 15:30:25", "elapsed": 552.301228, "delta": 1.816374}}
{"target": -0.8804508175847459, "params": {"colsample_bytree": 1.0, "learning_rate": 0.001, "max_bin_exp": 10.0, "max_depth": 6.0, "n_estimators": 3734.1872853257087, "reg_alpha": 0.0, "reg_lambda": 3.0}, "datetime": {"datetime": "2024-02-19 15:30:34", "elapsed": 560.938798, "delta": 8.63757}}
{"target": -4.039055923917138, "params": {"colsample_bytree": 1.0, "learning_rate": 0.001, "max_bin_exp": 10.0, "max_depth": 1.0, "n_estimators": 4830.847751289189, "reg_alpha": 0.0, "reg_lambda": 2.839083167806436}, "datetime": {"datetime": "2024-02-19 15:30:36", "elapsed": 563.111149, "delta": 2.172351}}
{"target": -0.8544871019420905, "params": {"colsample_bytree": 1.0, "learning_rate": 0.001, "max_bin_exp": 10.0, "max_depth": 6.0, "n_estimators": 3912.2362310753615, "reg_alpha": 0.5039929343027673, "reg_lambda": 0.0}, "datetime": {"datetime": "2024-02-19 15:30:45", "elapsed": 572.075183, "delta": 8.964034}}
{"target": -0.691670688010902, "params": {"colsample_bytree": 0.8022950255823049, "learning_rate": 0.30329094038214577, "max_bin_exp": 7.24489737575803, "max_depth": 4.557661551985969, "n_estimators": 4824.663580799223, "reg_alpha": 0.11703449365352925, "reg_lambda": 1.2485221689485226}, "datetime": {"datetime": "2024-02-19 15:30:49", "elapsed": 575.864281, "delta": 3.789098}}
{"target": -0.7210844207972869, "params": {"colsample_bytree": 0.3503470296508911, "learning_rate": 0.250501095248832, "max_bin_exp": 9.995120664251466, "max_depth": 2.229353985794911, "n_estimators": 3943.5770939598897, "reg_alpha": 2.0035772497530204, "reg_lambda": 2.405178723424454}, "datetime": {"datetime": "2024-02-19 15:30:52", "elapsed": 578.430806, "delta": 2.566525}}
{"target": -2.727187772061853, "params": {"colsample_bytree": 0.27384343778491466, "learning_rate": 0.2766456165877298, "max_bin_exp": 7.683581190958703, "max_depth": 1.9011717808010788, "n_estimators": 3199.1763659841854, "reg_alpha": 0.18080319266828848, "reg_lambda": 1.716709958119974}, "datetime": {"datetime": "2024-02-19 15:30:53", "elapsed": 579.354907, "delta": 0.924101}}
{"target": -2.1424733257680084, "params": {"colsample_bytree": 0.4757252567447249, "learning_rate": 0.0923856755764994, "max_bin_exp": 9.509344093558289, "max_depth": 1.058773201427686, "n_estimators": 4823.415303718216, "reg_alpha": 2.6604115641204293, "reg_lambda": 1.2746900362108171}, "datetime": {"datetime": "2024-02-19 15:30:55", "elapsed": 581.336986, "delta": 1.982079}}
{"target": -0.6174710398996587, "params": {"colsample_bytree": 0.8468002152504136, "learning_rate": 0.23827989050531825, "max_bin_exp": 8.14099145364151, "max_depth": 6.0, "n_estimators": 3202.390083780989, "reg_alpha": 3.0, "reg_lambda": 3.0}, "datetime": {"datetime": "2024-02-19 15:30:57", "elapsed": 584.14977, "delta": 2.812784}}
{"target": -0.6982611798802377, "params": {"colsample_bytree": 0.9571065944071572, "learning_rate": 0.5, "max_bin_exp": 10.0, "max_depth": 4.7368723396091745, "n_estimators": 3204.900107264381, "reg_alpha": 3.0, "reg_lambda": 0.37055676295306567}, "datetime": {"datetime": "2024-02-19 15:31:00", "elapsed": 586.500087, "delta": 2.350317}}
{"target": -0.7672077725863642, "params": {"colsample_bytree": 0.7868224167193463, "learning_rate": 0.15820438931494726, "max_bin_exp": 5.89821869618498, "max_depth": 5.223368263819388, "n_estimators": 4623.060607436702, "reg_alpha": 2.0510706886192045, "reg_lambda": 0.043689992620329576}, "datetime": {"datetime": "2024-02-19 15:31:04", "elapsed": 591.24162, "delta": 4.741533}}
{"target": -3.8681326160781544, "params": {"colsample_bytree": 0.2, "learning_rate": 0.001, "max_bin_exp": 10.0, "max_depth": 6.0, "n_estimators": 2303.7454926785435, "reg_alpha": 3.0, "reg_lambda": 0.0}, "datetime": {"datetime": "2024-02-19 15:31:07", "elapsed": 593.958814, "delta": 2.717194}}
{"target": -0.7185010051789077, "params": {"colsample_bytree": 0.971401267184377, "learning_rate": 0.3501190551333782, "max_bin_exp": 9.494673639727825, "max_depth": 2.8862727456162824, "n_estimators": 4583.053236824612, "reg_alpha": 2.820155293775036, "reg_lambda": 2.273659062499204}, "datetime": {"datetime": "2024-02-19 15:31:10", "elapsed": 596.699948, "delta": 2.741134}}
{"target": -0.7132542801097576, "params": {"colsample_bytree": 0.4353341037271621, "learning_rate": 0.24805693033933812, "max_bin_exp": 8.585624201422995, "max_depth": 2.214780052423955, "n_estimators": 3867.9536528769395, "reg_alpha": 2.524757214747039, "reg_lambda": 2.033258617895699}, "datetime": {"datetime": "2024-02-19 15:31:12", "elapsed": 599.120137, "delta": 2.420189}}
{"target": -0.7980897019479757, "params": {"colsample_bytree": 0.28709968133532393, "learning_rate": 0.4684489923793313, "max_bin_exp": 9.52784171675316, "max_depth": 4.082832457503963, "n_estimators": 4621.003310615609, "reg_alpha": 0.8418199905301834, "reg_lambda": 0.6360147828577255}, "datetime": {"datetime": "2024-02-19 15:31:17", "elapsed": 603.511215, "delta": 4.391078}}
{"target": -0.8700086865690473, "params": {"colsample_bytree": 0.3251464217250167, "learning_rate": 0.4711785986287905, "max_bin_exp": 7.488514587809159, "max_depth": 5.503456470262809, "n_estimators": 3868.1749654966147, "reg_alpha": 1.2479480430248424, "reg_lambda": 2.8790838984607046}, "datetime": {"datetime": "2024-02-19 15:31:21", "elapsed": 608.316005, "delta": 4.80479}}
{"target": -0.7112637360729498, "params": {"colsample_bytree": 0.5738904748641276, "learning_rate": 0.3296330655599272, "max_bin_exp": 7.1431772758192675, "max_depth": 4.216600564550438, "n_estimators": 3929.011789050788, "reg_alpha": 1.2866127046005795, "reg_lambda": 0.4388150600614532}, "datetime": {"datetime": "2024-02-19 15:31:25", "elapsed": 612.19708, "delta": 3.881075}}
{"target": -0.6535761287830302, "params": {"colsample_bytree": 0.568476877915229, "learning_rate": 0.13067042930089381, "max_bin_exp": 9.227712217251922, "max_depth": 5.859614561314471, "n_estimators": 4147.679151809412, "reg_alpha": 0.4287114235838283, "reg_lambda": 1.572539974121724}, "datetime": {"datetime": "2024-02-19 15:31:31", "elapsed": 617.644823, "delta": 5.447743}}
{"target": -0.7832932945367673, "params": {"colsample_bytree": 0.38446533892344903, "learning_rate": 0.35879362175343327, "max_bin_exp": 9.835978888444583, "max_depth": 5.625334081881388, "n_estimators": 4151.334720234145, "reg_alpha": 1.8175843299315388, "reg_lambda": 0.31639548325245115}, "datetime": {"datetime": "2024-02-19 15:31:36", "elapsed": 622.840961, "delta": 5.196138}}
{"target": -3.1417010631046964, "params": {"colsample_bytree": 0.9666346891782047, "learning_rate": 0.42554240978348423, "max_bin_exp": 4.23450387852013, "max_depth": 1.2100691170113689, "n_estimators": 4825.305824094091, "reg_alpha": 0.25577259547887976, "reg_lambda": 1.135307078754035}, "datetime": {"datetime": "2024-02-19 15:31:38", "elapsed": 624.46509, "delta": 1.624129}}
{"target": -1.154560763958039, "params": {"colsample_bytree": 0.5016876315136468, "learning_rate": 0.2709890369054676, "max_bin_exp": 4.344717786128038, "max_depth": 3.567332497889454, "n_estimators": 4619.6351628366265, "reg_alpha": 2.9633472167128474, "reg_lambda": 1.158527051697679}, "datetime": {"datetime": "2024-02-19 15:31:40", "elapsed": 627.305254, "delta": 2.840164}}
{"target": -0.6779152938471046, "params": {"colsample_bytree": 0.5107750627708941, "learning_rate": 0.13010357624842245, "max_bin_exp": 7.465741835535498, "max_depth": 4.974626355364716, "n_estimators": 3738.7529027468245, "reg_alpha": 2.8051081827599043, "reg_lambda": 2.53624396827973}, "datetime": {"datetime": "2024-02-19 15:31:44", "elapsed": 631.297583, "delta": 3.992329}}
{"target": -0.6038683609238906, "params": {"colsample_bytree": 0.7257069471859123, "learning_rate": 0.10514924033641122, "max_bin_exp": 9.978285843783837, "max_depth": 5.057445613581065, "n_estimators": 4825.779427952854, "reg_alpha": 0.03089433646207229, "reg_lambda": 2.5455595195477776}, "datetime": {"datetime": "2024-02-19 15:31:50", "elapsed": 636.723533, "delta": 5.42595}}
{"target": -0.6723567873256532, "params": {"colsample_bytree": 0.767342954825452, "learning_rate": 0.3418735432207168, "max_bin_exp": 8.96247756352325, "max_depth": 4.514259630321801, "n_estimators": 4579.474732554228, "reg_alpha": 1.6191263258818132, "reg_lambda": 2.628126387124117}, "datetime": {"datetime": "2024-02-19 15:31:54", "elapsed": 640.999208, "delta": 4.275675}}
{"target": -0.8437198775580972, "params": {"colsample_bytree": 0.4097302860810845, "learning_rate": 0.09262857123246591, "max_bin_exp": 5.974734620557785, "max_depth": 5.863773805644977, "n_estimators": 4820.04156497361, "reg_alpha": 2.6606059388303045, "reg_lambda": 2.6641850041242936}, "datetime": {"datetime": "2024-02-19 15:31:59", "elapsed": 645.570983, "delta": 4.571775}}
{"target": -0.6616393171087865, "params": {"colsample_bytree": 0.8235073562363553, "learning_rate": 0.45703367198057965, "max_bin_exp": 9.132656405669174, "max_depth": 5.140753953796307, "n_estimators": 2310.492121913195, "reg_alpha": 0.5313518500668382, "reg_lambda": 1.572182391523617}, "datetime": {"datetime": "2024-02-19 15:32:01", "elapsed": 648.1599, "delta": 2.588917}}
{"target": -0.6628360788782957, "params": {"colsample_bytree": 0.7610716303713201, "learning_rate": 0.2441014084503145, "max_bin_exp": 7.170344483398828, "max_depth": 5.6186943043517665, "n_estimators": 4788.088293813744, "reg_alpha": 2.8078421833284226, "reg_lambda": 1.496512762463535}, "datetime": {"datetime": "2024-02-19 15:32:06", "elapsed": 652.882961, "delta": 4.723061}}
{"target": -0.8545284717102167, "params": {"colsample_bytree": 1.0, "learning_rate": 0.001, "max_bin_exp": 10.0, "max_depth": 6.0, "n_estimators": 4823.102711054212, "reg_alpha": 0.0, "reg_lambda": 0.0}, "datetime": {"datetime": "2024-02-19 15:32:14", "elapsed": 661.291105, "delta": 8.408144}}
{"target": -0.8583127538576977, "params": {"colsample_bytree": 0.2, "learning_rate": 0.5, "max_bin_exp": 6.146233258755089, "max_depth": 2.7948296981275584, "n_estimators": 4579.881735822092, "reg_alpha": 0.9214047346956451, "reg_lambda": 0.0}, "datetime": {"datetime": "2024-02-19 15:32:17", "elapsed": 663.489975, "delta": 2.19887}}
{"target": -0.8934468314324386, "params": {"colsample_bytree": 0.2691115431701633, "learning_rate": 0.05519790937263919, "max_bin_exp": 8.58396225138856, "max_depth": 3.4843832782121114, "n_estimators": 4838.312810179521, "reg_alpha": 0.5034941700966981, "reg_lambda": 0.3743473758410243}, "datetime": {"datetime": "2024-02-19 15:32:20", "elapsed": 666.885685, "delta": 3.39571}}
{"target": -0.8537666282897834, "params": {"colsample_bytree": 1.0, "learning_rate": 0.001, "max_bin_exp": 9.67895692603201, "max_depth": 6.0, "n_estimators": 3917.0570277822594, "reg_alpha": 3.0, "reg_lambda": 0.0}, "datetime": {"datetime": "2024-02-19 15:32:27", "elapsed": 673.999125, "delta": 7.11344}}
{"target": -1.0771747319139153, "params": {"colsample_bytree": 0.2, "learning_rate": 0.5, "max_bin_exp": 10.0, "max_depth": 5.9947993859631135, "n_estimators": 4158.927703923029, "reg_alpha": 0.0, "reg_lambda": 0.0}, "datetime": {"datetime": "2024-02-19 15:32:32", "elapsed": 678.96597, "delta": 4.966845}}
{"target": -1.010475150271911, "params": {"colsample_bytree": 0.3812319557944952, "learning_rate": 0.36216477903048594, "max_bin_exp": 5.895898016697002, "max_depth": 5.487351423700084, "n_estimators": 4152.349305131762, "reg_alpha": 2.085179643303689, "reg_lambda": 1.956161716216961}, "datetime": {"datetime": "2024-02-19 15:32:36", "elapsed": 683.201801, "delta": 4.235831}}
{"target": -1.6426603438382767, "params": {"colsample_bytree": 0.9650300681293986, "learning_rate": 0.001, "max_bin_exp": 6.188138805729811, "max_depth": 6.0, "n_estimators": 3184.3322723878755, "reg_alpha": 0.0, "reg_lambda": 3.0}, "datetime": {"datetime": "2024-02-19 15:32:39", "elapsed": 685.931612, "delta": 2.729811}}
