{"target": 0.15931150989902956, "params": {"u": 9.203927041247606, "v": 1.2673146868625285, "x": 3.4210556476198715, "y": 8.182987778660296}, "datetime": {"datetime": "2024-02-27 10:41:12", "elapsed": 453.261371, "delta": 1.847589}}
{"target": 4.074702218388997, "params": {"u": 4.833669779343542, "v": 4.898841796269035, "x": 3.5784308141307353, "y": 3.9907368418317004}, "datetime": {"datetime": "2024-02-27 10:41:13", "elapsed": 455.198805, "delta": 1.937434}}
{"target": 0.13391422195345976, "params": {"u": 8.495556979712589, "v": 9.743425419038196, "x": 0.7239482613168347, "y": 2.043287511300708}, "datetime": {"datetime": "2024-02-27 10:41:15", "elapsed": 456.343431, "delta": 1.144626}}
{"target": 6.206430225058684, "params": {"u": 4.847284942731143, "v": 4.796808517768399, "x": 4.229493378744987, "y": 4.15542107845866}, "datetime": {"datetime": "2024-02-27 10:41:17", "elapsed": 458.940327, "delta": 2.596896}}
{"target": 9.883647055947172, "params": {"u": 4.918715585698762, "v": 4.609302024942082, "x": 3.977665707252843, "y": 3.9191732842135285}, "datetime": {"datetime": "2024-02-27 10:41:23", "elapsed": 464.537166, "delta": 5.596839}}
{"target": 0.19515289359127339, "params": {"u": 8.977825468355281, "v": 5.328513038497956, "x": 0.6836293559711926, "y": 2.1442249946277525}, "datetime": {"datetime": "2024-02-27 10:41:25", "elapsed": 466.580009, "delta": 2.042843}}
{"target": 0.734745840065285, "params": {"u": 3.743326764995636, "v": 3.5685850317676024, "x": 3.2630619746655274, "y": 3.7127894618408774}, "datetime": {"datetime": "2024-02-27 10:41:27", "elapsed": 469.061326, "delta": 2.481317}}
{"target": 4.261288447970731, "params": {"u": 4.366353383871525, "v": 4.934072790592863, "x": 4.0013492139954465, "y": 3.586238192356175}, "datetime": {"datetime": "2024-02-27 10:41:30", "elapsed": 471.596496, "delta": 2.53517}}
{"target": 0.9679594224521906, "params": {"u": 8.20771721101831, "v": 1.280326535514571, "x": 8.60493623445112, "y": 1.577090163860696}, "datetime": {"datetime": "2024-02-27 10:41:31", "elapsed": 472.864759, "delta": 1.268263}}
{"target": 3.766481929173698, "params": {"u": 4.816414292664703, "v": 4.672132621589062, "x": 3.807475496623225, "y": 4.408395208107338}, "datetime": {"datetime": "2024-02-27 10:41:35", "elapsed": 476.494691, "delta": 3.629932}}
{"target": 0.43044996026196825, "params": {"u": 4.455889793490776, "v": 3.7161511507426823, "x": 5.103781160360832, "y": 6.718691917151553}, "datetime": {"datetime": "2024-02-27 10:41:38", "elapsed": 479.55061, "delta": 3.055919}}
{"target": 1.2314111985884462, "params": {"u": 3.7661071856503536, "v": 4.3862759260716, "x": 3.7613700582974485, "y": 3.8195024343821538}, "datetime": {"datetime": "2024-02-27 10:41:43", "elapsed": 484.527813, "delta": 4.977203}}
{"target": 0.2520843671756697, "params": {"u": 6.906001524638303, "v": 6.649672722825689, "x": 9.718857006657231, "y": 1.9038063248444503}, "datetime": {"datetime": "2024-02-27 10:41:44", "elapsed": 486.105126, "delta": 1.577313}}
{"target": 0.3750617197512558, "params": {"u": 6.654529397714038, "v": 1.3322644732304967, "x": 6.125607040666846, "y": 5.852040932982173}, "datetime": {"datetime": "2024-02-27 10:41:46", "elapsed": 488.166339, "delta": 2.061213}}
{"target": 0.19944422327011055, "params": {"u": 3.4981076963617053, "v": 9.305223457794764, "x": 2.840162678285628, "y": 2.22850874695944}, "datetime": {"datetime": "2024-02-27 10:41:48", "elapsed": 489.411819, "delta": 1.24548}}
{"target": 1.5773486405652044, "params": {"u": 5.164938220507597, "v": 4.969879244699097, "x": 4.383894051362907, "y": 3.6523505445455173}, "datetime": {"datetime": "2024-02-27 10:41:49", "elapsed": 491.04582, "delta": 1.634001}}
{"target": 0.3244520645478258, "params": {"u": 6.811378573889515, "v": 8.057699349811877, "x": 5.833854321956341, "y": 9.113820190149394}, "datetime": {"datetime": "2024-02-27 10:41:50", "elapsed": 492.183967, "delta": 1.138147}}
{"target": 1.2335732661491527, "params": {"u": 3.7645707832111652, "v": 4.588098862838467, "x": 4.225105580725435, "y": 3.718847170942301}, "datetime": {"datetime": "2024-02-27 10:41:52", "elapsed": 493.527469, "delta": 1.343502}}
{"target": 4.40972258799829, "params": {"u": 4.715390979492394, "v": 4.641971370134865, "x": 3.6434821648603766, "y": 4.164054160177795}, "datetime": {"datetime": "2024-02-27 10:41:55", "elapsed": 496.497055, "delta": 2.969586}}
{"target": 5.28578630664073, "params": {"u": 4.042006110810226, "v": 4.5540359483094095, "x": 3.831559530075163, "y": 4.282951572569399}, "datetime": {"datetime": "2024-02-27 10:41:58", "elapsed": 499.667793, "delta": 3.170738}}
{"target": 0.2529691438570544, "params": {"u": 1.462058160264068, "v": 6.851979801751699, "x": 6.907211662983428, "y": 5.404453062165402}, "datetime": {"datetime": "2024-02-27 10:42:01", "elapsed": 502.323755, "delta": 2.655962}}
{"target": 6.208352034618597, "params": {"u": 4.858199161993133, "v": 4.386099667234019, "x": 3.726415341153717, "y": 3.9846423589997393}, "datetime": {"datetime": "2024-02-27 10:42:04", "elapsed": 506.069241, "delta": 3.745486}}
{"target": 0.24845870287586613, "params": {"u": 6.48292184546446, "v": 9.732415720239162, "x": 3.1708685320916663, "y": 3.8479899400114324}, "datetime": {"datetime": "2024-02-27 10:42:07", "elapsed": 508.674088, "delta": 2.604847}}
{"target": 0.365546241851589, "params": {"u": 4.5370523439210455, "v": 6.654892613789834, "x": 2.6181315721463316, "y": 2.169762032596715}, "datetime": {"datetime": "2024-02-27 10:42:09", "elapsed": 510.89121, "delta": 2.217122}}
{"target": 1.3103923886875686, "params": {"u": 4.779038105413461, "v": 4.2589002739193464, "x": 4.157257151720782, "y": 5.024748739658612}, "datetime": {"datetime": "2024-02-27 10:42:13", "elapsed": 514.615886, "delta": 3.724676}}
{"target": 1.9249512000492424, "params": {"u": 4.182333182031552, "v": 4.505849140068983, "x": 4.105370420266685, "y": 4.760992588565741}, "datetime": {"datetime": "2024-02-27 10:42:16", "elapsed": 517.964254, "delta": 3.348368}}
{"target": 0.1642391713707611, "params": {"u": 8.226108739143696, "v": 6.9101995201393525, "x": 1.4395459038612957, "y": 9.587698708175965}, "datetime": {"datetime": "2024-02-27 10:42:18", "elapsed": 519.63576, "delta": 1.671506}}
{"target": 0.5752955975890839, "params": {"u": 7.04237540554531, "v": 7.583917338958464, "x": 6.508652195802508, "y": 4.873908756928605}, "datetime": {"datetime": "2024-02-27 10:42:20", "elapsed": 521.743468, "delta": 2.107708}}
{"target": 1.1240852091477447, "params": {"u": 4.731124536389631, "v": 4.931673269500758, "x": 3.857130563542215, "y": 5.149136505341831}, "datetime": {"datetime": "2024-02-27 10:42:26", "elapsed": 527.592453, "delta": 5.848985}}
{"target": 5.871038330252043, "params": {"u": 4.095093857100371, "v": 4.278207179563479, "x": 4.0423887004046035, "y": 3.705207598045458}, "datetime": {"datetime": "2024-02-27 10:42:30", "elapsed": 532.041481, "delta": 4.449028}}
{"target": 4.862183058711602, "params": {"u": 4.884155831824914, "v": 4.542322562954916, "x": 4.05231203262319, "y": 3.6383970472083513}, "datetime": {"datetime": "2024-02-27 10:42:33", "elapsed": 534.634879, "delta": 2.593398}}
{"target": 6.646288276970938, "params": {"u": 4.926914343692258, "v": 4.148509672620123, "x": 4.017396237226437, "y": 4.250536915012302}, "datetime": {"datetime": "2024-02-27 10:42:37", "elapsed": 539.023441, "delta": 4.388562}}
{"target": 2.9141257924177912, "params": {"u": 4.772182331038163, "v": 4.5041984211945065, "x": 4.504679621058897, "y": 3.7049574859235124}, "datetime": {"datetime": "2024-02-27 10:42:40", "elapsed": 541.656494, "delta": 2.633053}}
{"target": 3.7374097163444917, "params": {"u": 4.141708497053686, "v": 4.17087781311888, "x": 3.5733631341741514, "y": 4.1533953045984155}, "datetime": {"datetime": "2024-02-27 10:42:43", "elapsed": 544.480484, "delta": 2.82399}}
{"target": 0.2943177375033208, "params": {"u": 1.3940596358275148, "v": 4.4161899325391785, "x": 6.389415890087911, "y": 3.9905494790910447}, "datetime": {"datetime": "2024-02-27 10:42:44", "elapsed": 546.189251, "delta": 1.708767}}
{"target": 0.24261079594512397, "params": {"u": 9.245390966231474, "v": 1.6963813778602477, "x": 3.6942304808244852, "y": 5.1138988419194575}, "datetime": {"datetime": "2024-02-27 10:42:47", "elapsed": 548.467144, "delta": 2.277893}}
{"target": 0.15664214642180246, "params": {"u": 4.199933826399748, "v": 6.534269617850692, "x": 9.978784635479796, "y": 9.97239347286034}, "datetime": {"datetime": "2024-02-27 10:42:49", "elapsed": 550.495739, "delta": 2.028595}}
{"target": 3.4661364775073515, "params": {"u": 4.791068283824083, "v": 4.271843575824449, "x": 4.3139023826128176, "y": 4.377516488331461}, "datetime": {"datetime": "2024-02-27 10:42:52", "elapsed": 553.777653, "delta": 3.281914}}
{"target": 0.3646842291130367, "params": {"u": 6.178135343713562, "v": 9.185567468174899, "x": 6.181807084007671, "y": 6.8325609124401065}, "datetime": {"datetime": "2024-02-27 10:42:53", "elapsed": 554.862091, "delta": 1.084438}}
{"target": 8.915817071322584, "params": {"u": 4.375384121735131, "v": 4.908056528590211, "x": 3.896600720157136, "y": 4.091181794703137}, "datetime": {"datetime": "2024-02-27 10:42:56", "elapsed": 557.259467, "delta": 2.397376}}
{"target": 5.81113523267288, "params": {"u": 4.922178376943302, "v": 4.985904371703363, "x": 3.9320372577653795, "y": 3.7075811548484783}, "datetime": {"datetime": "2024-02-27 10:42:59", "elapsed": 560.692707, "delta": 3.43324}}
{"target": 4.501188111861161, "params": {"u": 4.66341266710706, "v": 4.087573621765735, "x": 4.134645209601614, "y": 4.364444647569189}, "datetime": {"datetime": "2024-02-27 10:43:00", "elapsed": 561.898269, "delta": 1.205562}}
{"target": 3.610780311530981, "params": {"u": 4.527354446977445, "v": 4.238925162332859, "x": 4.48228899997774, "y": 3.9947081422523354}, "datetime": {"datetime": "2024-02-27 10:43:05", "elapsed": 567.161656, "delta": 5.263387}}
{"target": 0.2615502294725199, "params": {"u": 3.8618633157316196, "v": 0.28267714839969926, "x": 7.397749712722131, "y": 4.159984765518988}, "datetime": {"datetime": "2024-02-27 10:43:08", "elapsed": 569.313387, "delta": 2.151731}}
{"target": 3.7730384306706397, "params": {"u": 4.448602388027419, "v": 4.753200182974544, "x": 4.237811275808788, "y": 3.599489826922845}, "datetime": {"datetime": "2024-02-27 10:43:11", "elapsed": 572.368898, "delta": 3.055511}}
{"target": 0.13603004498057736, "params": {"u": 0.08181213017531053, "v": 4.232392347291611, "x": 0.376359704086604, "y": 9.860267971858674}, "datetime": {"datetime": "2024-02-27 10:43:14", "elapsed": 575.695741, "delta": 3.326843}}
{"target": 0.3021429148106875, "params": {"u": 6.90629078735098, "v": 3.8878343753525857, "x": 1.3050367973012467, "y": 5.295014175821767}, "datetime": {"datetime": "2024-02-27 10:43:16", "elapsed": 578.058253, "delta": 2.362512}}
{"target": 1.4052404511545777, "params": {"u": 5.015180267862056, "v": 4.625969872953187, "x": 4.532581300455925, "y": 4.2425086922314925}, "datetime": {"datetime": "2024-02-27 10:43:22", "elapsed": 584.142449, "delta": 6.084196}}
{"target": 0.32899650060868435, "params": {"u": 8.557584476967765, "v": 1.3619082012684325, "x": 3.601090366182552, "y": 1.5206882297070534}, "datetime": {"datetime": "2024-02-27 10:43:25", "elapsed": 586.302468, "delta": 2.160019}}
{"target": 0.24766136241252648, "params": {"u": 8.759431476825947, "v": 7.762606099257148, "x": 2.7111734173296753, "y": 7.51501320277155}, "datetime": {"datetime": "2024-02-27 10:43:26", "elapsed": 587.426041, "delta": 1.123573}}
{"target": 6.556829482957719, "params": {"u": 4.759642328721529, "v": 4.427203176579217, "x": 3.7455033723805666, "y": 4.016170592947997}, "datetime": {"datetime": "2024-02-27 10:43:32", "elapsed": 593.664427, "delta": 6.238386}}
{"target": 0.2617344279000037, "params": {"u": 8.695857798246644, "v": 8.379992241417131, "x": 6.791165161927485, "y": 2.821621509757902}, "datetime": {"datetime": "2024-02-27 10:43:35", "elapsed": 596.466281, "delta": 2.801854}}
{"target": 3.5196579690565506, "params": {"u": 4.2875702647342075, "v": 4.345966222093592, "x": 4.074655045200057, "y": 3.5139682573016087}, "datetime": {"datetime": "2024-02-27 10:43:38", "elapsed": 599.67543, "delta": 3.209149}}
{"target": 0.14599181350081536, "params": {"u": 8.966159573153591, "v": 9.424766453058519, "x": 4.189766708903045, "y": 0.08930365561529263}, "datetime": {"datetime": "2024-02-27 10:43:41", "elapsed": 602.358927, "delta": 2.683497}}
{"target": 4.975713491042176, "params": {"u": 4.54373165497813, "v": 4.8003434536670495, "x": 4.064053730969192, "y": 4.3461715652397075}, "datetime": {"datetime": "2024-02-27 10:43:45", "elapsed": 606.678984, "delta": 4.320057}}
{"target": 4.0559054218902695, "params": {"u": 4.863411940002812, "v": 4.035854229782019, "x": 3.9931425884116556, "y": 3.5674065159530297}, "datetime": {"datetime": "2024-02-27 10:43:48", "elapsed": 609.899419, "delta": 3.220435}}
{"target": 0.17956710448223875, "params": {"u": 6.0547528325736995, "v": 4.830490223776874, "x": 0.11726664484570604, "y": 0.0524517704287597}, "datetime": {"datetime": "2024-02-27 10:43:51", "elapsed": 612.576857, "delta": 2.677438}}
{"target": 0.21934654727172329, "params": {"u": 2.3727471587569546, "v": 8.526288038916363, "x": 0.0032488239394945495, "y": 4.898381482304888}, "datetime": {"datetime": "2024-02-27 10:43:54", "elapsed": 616.113302, "delta": 3.536445}}
{"target": 3.0650482464221604, "params": {"u": 4.593489823233899, "v": 4.963296191178971, "x": 3.544436164231678, "y": 3.717155534764239}, "datetime": {"datetime": "2024-02-27 10:44:01", "elapsed": 622.272875, "delta": 6.159573}}
{"target": 0.24972050589061903, "params": {"u": 6.906667124531969, "v": 9.591683455150603, "x": 2.1813422002317164, "y": 8.360767548854724}, "datetime": {"datetime": "2024-02-27 10:44:04", "elapsed": 625.298858, "delta": 3.025983}}
{"target": 0.2832035303095914, "params": {"u": 4.269066284456344, "v": 5.529700951565172, "x": 5.283206492477629, "y": 9.426047654135951}, "datetime": {"datetime": "2024-02-27 10:44:08", "elapsed": 629.817274, "delta": 4.518416}}
{"target": 9.610854187150954, "params": {"u": 4.548237202710029, "v": 4.1445861773594626, "x": 4.020043763258036, "y": 3.9002349787943045}, "datetime": {"datetime": "2024-02-27 10:44:11", "elapsed": 632.73208, "delta": 2.914806}}
{"target": 0.971919524041243, "params": {"u": 7.8529264971532395, "v": 2.390019889480209, "x": 7.011411427838965, "y": 1.7045782818898125}, "datetime": {"datetime": "2024-02-27 10:44:12", "elapsed": 633.906438, "delta": 1.174358}}
{"target": 0.21068082748383743, "params": {"u": 8.735707098259951, "v": 3.89776142834073, "x": 3.597436675956697, "y": 8.61167632081733}, "datetime": {"datetime": "2024-02-27 10:44:15", "elapsed": 637.182857, "delta": 3.276419}}
{"target": 0.2284389311851674, "params": {"u": 5.962273713702784, "v": 8.558941747055052, "x": 3.8889989877995657, "y": 1.1053762776987774}, "datetime": {"datetime": "2024-02-27 10:44:17", "elapsed": 638.213843, "delta": 1.030986}}
{"target": 6.695712202560638, "params": {"u": 4.755906552049445, "v": 4.2834771396933755, "x": 4.022505476199456, "y": 3.7498419738456157}, "datetime": {"datetime": "2024-02-27 10:44:22", "elapsed": 643.446102, "delta": 5.232259}}
{"target": 0.34007857370707184, "params": {"u": 4.829244531864094, "v": 6.192904361376465, "x": 3.295806069759535, "y": 1.3671927995762345}, "datetime": {"datetime": "2024-02-27 10:44:24", "elapsed": 645.496433, "delta": 2.050331}}
{"target": 0.17421937788044745, "params": {"u": 0.17086004042829672, "v": 5.0818013769294925, "x": 0.5079013298393065, "y": 0.7196051514102242}, "datetime": {"datetime": "2024-02-27 10:44:26", "elapsed": 647.648614, "delta": 2.152181}}
{"target": 0.1053734287987492, "params": {"u": 0.7015511958640697, "v": 9.759196637501056, "x": 9.55443706781604, "y": 9.180050128490354}, "datetime": {"datetime": "2024-02-27 10:44:29", "elapsed": 650.449161, "delta": 2.800547}}
{"target": 4.042232656393182, "params": {"u": 4.111167516857695, "v": 4.867786552902633, "x": 3.576169184383443, "y": 3.9723932147601615}, "datetime": {"datetime": "2024-02-27 10:44:32", "elapsed": 653.860392, "delta": 3.411231}}
{"target": 0.29289968545079614, "params": {"u": 4.676017076844858, "v": 5.7134342158064255, "x": 8.220819294648155, "y": 0.9241221075770756}, "datetime": {"datetime": "2024-02-27 10:44:35", "elapsed": 656.708412, "delta": 2.84802}}
{"target": 0.7012483305119058, "params": {"u": 5.274636822648166, "v": 5.283178158705633, "x": 3.5399259741131752, "y": 2.815835647962479}, "datetime": {"datetime": "2024-02-27 10:44:40", "elapsed": 661.599313, "delta": 4.890901}}
{"target": 4.784497570483892, "params": {"u": 4.808753614210194, "v": 4.844310543345061, "x": 3.724101488186955, "y": 3.7593303073275863}, "datetime": {"datetime": "2024-02-27 10:44:43", "elapsed": 664.874796, "delta": 3.275483}}
{"target": 0.16798725680043858, "params": {"u": 5.591122398435818, "v": 0.11770270034182184, "x": 8.221041198994, "y": 8.076280858527337}, "datetime": {"datetime": "2024-02-27 10:44:46", "elapsed": 667.61871, "delta": 2.743914}}
{"target": 10.33906888039899, "params": {"u": 4.176727291638659, "v": 4.469270366761805, "x": 4.016792991570136, "y": 3.9575758506370864}, "datetime": {"datetime": "2024-02-27 10:44:52", "elapsed": 673.427578, "delta": 5.808868}}
{"target": 0.6638872570561595, "params": {"u": 3.340231550915116, "v": 9.952262276052451, "x": 1.8776844260552772, "y": 9.640314833003849}, "datetime": {"datetime": "2024-02-27 10:44:56", "elapsed": 677.946833, "delta": 4.519255}}
{"target": 0.5060071728262979, "params": {"u": 8.994929485631806, "v": 3.8374531343953535, "x": 4.276531401658323, "y": 3.01832336219877}, "datetime": {"datetime": "2024-02-27 10:44:59", "elapsed": 680.95117, "delta": 3.004337}}
{"target": 1.0092499568146158, "params": {"u": 4.71320695171642, "v": 5.535250817043657, "x": 3.74728583728447, "y": 3.2659513231001647}, "datetime": {"datetime": "2024-02-27 10:45:03", "elapsed": 684.786143, "delta": 3.834973}}
{"target": 0.1931826933834962, "params": {"u": 2.951154569681388, "v": 7.689752187355216, "x": 0.789609754831293, "y": 1.9087364374091043}, "datetime": {"datetime": "2024-02-27 10:45:06", "elapsed": 687.868757, "delta": 3.082614}}
{"target": 3.191926045584308, "params": {"u": 4.35950041453456, "v": 4.038144717986518, "x": 3.514776911262567, "y": 3.8193464836640487}, "datetime": {"datetime": "2024-02-27 10:45:09", "elapsed": 691.001485, "delta": 3.132728}}
{"target": 0.2227828929276192, "params": {"u": 0.17643684709104157, "v": 5.169557806989559, "x": 3.9155995259229206, "y": 8.316708149439355}, "datetime": {"datetime": "2024-02-27 10:45:11", "elapsed": 692.83368, "delta": 1.832195}}
{"target": 0.2829914523944108, "params": {"u": 0.3199141707486608, "v": 3.5209278294230506, "x": 2.6727854887829574, "y": 1.914125822866387}, "datetime": {"datetime": "2024-02-27 10:45:14", "elapsed": 695.83261, "delta": 2.99893}}
{"target": 0.19474068359416064, "params": {"u": 9.704932863721499, "v": 0.9321674396974833, "x": 9.855692398083203, "y": 4.72238829599977}, "datetime": {"datetime": "2024-02-27 10:45:17", "elapsed": 698.522457, "delta": 2.689847}}
{"target": 0.35107773098531486, "params": {"u": 7.608265902860934, "v": 6.687171736382594, "x": 8.961405670108848, "y": 8.374821449049623}, "datetime": {"datetime": "2024-02-27 10:45:19", "elapsed": 701.077963, "delta": 2.555506}}
{"target": 0.19333879662777015, "params": {"u": 2.659248193437147, "v": 8.168625297748008, "x": 8.462350339803487, "y": 7.277736212996509}, "datetime": {"datetime": "2024-02-27 10:45:21", "elapsed": 702.316097, "delta": 1.238134}}
{"target": 0.1844446095253362, "params": {"u": 0.8777117522976019, "v": 3.3771743230313067, "x": 0.7648350816908578, "y": 6.083472550853614}, "datetime": {"datetime": "2024-02-27 10:45:23", "elapsed": 704.793535, "delta": 2.477438}}
{"target": 4.624878843693778, "params": {"u": 4.343469125177144, "v": 4.18686714537167, "x": 4.194691145471846, "y": 3.6672272063084144}, "datetime": {"datetime": "2024-02-27 10:45:28", "elapsed": 709.459581, "delta": 4.666046}}
{"target": 2.423827000074106, "params": {"u": 4.114925264185811, "v": 4.756849550726994, "x": 3.5063842219673482, "y": 4.401222815370439}, "datetime": {"datetime": "2024-02-27 10:45:32", "elapsed": 713.368092, "delta": 3.908511}}
{"target": 0.3185391935012054, "params": {"u": 3.0983390654047005, "v": 8.240657067898859, "x": 3.3111923337755544, "y": 3.748111221463475}, "datetime": {"datetime": "2024-02-27 10:45:33", "elapsed": 714.850588, "delta": 1.482496}}
{"target": 0.21681003604560406, "params": {"u": 6.0177755146017216, "v": 7.120486115789585, "x": 0.00560972237101609, "y": 6.822252651786831}, "datetime": {"datetime": "2024-02-27 10:45:36", "elapsed": 717.629876, "delta": 2.779288}}
{"target": 0.4425526151311638, "params": {"u": 4.396823776486079, "v": 3.024300901377738, "x": 1.7180931712966818, "y": 3.3060181520138654}, "datetime": {"datetime": "2024-02-27 10:45:38", "elapsed": 719.799545, "delta": 2.169669}}
{"target": 0.18540212824014618, "params": {"u": 0.4151584024413646, "v": 9.959365086997002, "x": 5.4069577748132955, "y": 5.032807760192181}, "datetime": {"datetime": "2024-02-27 10:45:44", "elapsed": 725.75505, "delta": 5.955505}}
{"target": 0.20434276623838943, "params": {"u": 5.620762889561931, "v": 8.530611696967743, "x": 3.656156479328978, "y": 0.5188039661639188}, "datetime": {"datetime": "2024-02-27 10:45:46", "elapsed": 727.635886, "delta": 1.880836}}
{"target": 7.083562940256651, "params": {"u": 4.044533283404464, "v": 4.465321268804898, "x": 3.814265092933622, "y": 3.866445717024866}, "datetime": {"datetime": "2024-02-27 10:45:49", "elapsed": 731.163374, "delta": 3.527488}}
{"target": 0.13957294035671014, "params": {"u": 9.689948056619576, "v": 9.694674211482774, "x": 1.1626756506231817, "y": 3.437074244970523}, "datetime": {"datetime": "2024-02-27 10:45:52", "elapsed": 733.597543, "delta": 2.434169}}
