{"target": 0.35403905064785524, "params": {"u": 4.359949021420038, "v": 0.25926231827891333, "x": 5.496624778787091, "y": 4.3532239261827685}, "datetime": {"datetime": "2024-02-27 10:33:38", "elapsed": 0.0, "delta": 0.0}}
{"target": 0.1737292235390397, "params": {"u": 9.251631079143204, "v": 9.954555858140674, "x": 2.889730335963774, "y": 3.9067993550129607}, "datetime": {"datetime": "2024-02-27 10:33:38", "elapsed": 0.123185, "delta": 0.123185}}
{"target": 0.19836681712948556, "params": {"u": 0.15274924244437327, "v": 4.501071487718963, "x": 5.186454442803385, "y": 0.5790727682313512}, "datetime": {"datetime": "2024-02-27 10:33:38", "elapsed": 0.172597, "delta": 0.049412}}
{"target": 0.28600333055196797, "params": {"u": 1.9924363587568128, "v": 5.4271054601443875, "x": 4.204944751145931, "y": 2.0042823295612378}, "datetime": {"datetime": "2024-02-27 10:33:39", "elapsed": 0.220635, "delta": 0.048038}}
{"target": 0.5069794518910525, "params": {"u": 4.7464745235754435, "v": 3.598252770989314, "x": 5.770430303061524, "y": 5.968596310460759}, "datetime": {"datetime": "2024-02-27 10:33:39", "elapsed": 0.549986, "delta": 0.329351}}
{"target": 0.26412477515833716, "params": {"u": 4.542577991867732, "v": 3.306161360611396, "x": 6.369652095480119, "y": 8.461539817819896}, "datetime": {"datetime": "2024-02-27 10:33:40", "elapsed": 1.299337, "delta": 0.749351}}
{"target": 0.17664772900457143, "params": {"u": 0.5730937520082213, "v": 2.527295909103211, "x": 6.9011389431136685, "y": 6.173263190767619}, "datetime": {"datetime": "2024-02-27 10:33:40", "elapsed": 1.346838, "delta": 0.047501}}
{"target": 0.38270562634196414, "params": {"u": 6.388366647179135, "v": 4.523480229222847, "x": 3.034051963160227, "y": 0.8498985755509703}, "datetime": {"datetime": "2024-02-27 10:33:40", "elapsed": 1.401957, "delta": 0.055119}}
{"target": 0.31309166776499764, "params": {"u": 5.4833233760308255, "v": 8.432699373366543, "x": 1.0720508186636168, "y": 7.275684520811572}, "datetime": {"datetime": "2024-02-27 10:33:40", "elapsed": 1.662448, "delta": 0.260491}}
{"target": 0.29313780962139796, "params": {"u": 7.192019079729391, "v": 4.6418727493568355, "x": 2.651095636847934, "y": 7.237755398025531}, "datetime": {"datetime": "2024-02-27 10:33:40", "elapsed": 1.949797, "delta": 0.287349}}
{"target": 0.35794794717743744, "params": {"u": 5.0849344061766635, "v": 5.088914561902186, "x": 8.783121189048634, "y": 6.350813674638681}, "datetime": {"datetime": "2024-02-27 10:33:41", "elapsed": 2.242478, "delta": 0.292681}}
{"target": 0.20006322223738987, "params": {"u": 7.835309029505097, "v": 0.08921965769756346, "x": 1.6225891287526106, "y": 0.8255935500203881}, "datetime": {"datetime": "2024-02-27 10:33:41", "elapsed": 2.475787, "delta": 0.233309}}
{"target": 0.24363400931773363, "params": {"u": 1.8970878829979887, "v": 8.583725072450012, "x": 4.216135682274999, "y": 3.8149335967739715}, "datetime": {"datetime": "2024-02-27 10:33:41", "elapsed": 2.898593, "delta": 0.422806}}
{"target": 0.35037200874145336, "params": {"u": 7.50845116379497, "v": 2.4063212132446123, "x": 2.475404893162183, "y": 2.040348566702881}, "datetime": {"datetime": "2024-02-27 10:33:41", "elapsed": 3.155712, "delta": 0.257119}}
{"target": 0.3704986993991675, "params": {"u": 7.999413235241012, "v": 2.7628221950297838, "x": 2.5406353501342585, "y": 3.684220727800025}, "datetime": {"datetime": "2024-02-27 10:33:42", "elapsed": 3.450581, "delta": 0.294869}}
{"target": 0.7570346818422284, "params": {"u": 5.163920400616368, "v": 3.2683876819830693, "x": 5.697772393806674, "y": 5.0716696090963564}, "datetime": {"datetime": "2024-02-27 10:33:43", "elapsed": 4.241457, "delta": 0.790876}}
{"target": 0.6790156513060259, "params": {"u": 5.061782707584468, "v": 2.984582274636487, "x": 5.200338951507611, "y": 4.870377946983622}, "datetime": {"datetime": "2024-02-27 10:33:44", "elapsed": 5.415323, "delta": 1.173866}}
{"target": 0.9559597530814792, "params": {"u": 5.668068807219224, "v": 3.5050649208549, "x": 5.864750503949719, "y": 4.41765857579193}, "datetime": {"datetime": "2024-02-27 10:33:44", "elapsed": 6.18457, "delta": 0.769247}}
{"target": 1.1360418860855115, "params": {"u": 6.6583846734227485, "v": 3.267327616637422, "x": 6.822238284948813, "y": 3.8685245732010194}, "datetime": {"datetime": "2024-02-27 10:33:45", "elapsed": 6.532392, "delta": 0.347822}}
{"target": 0.721582711646112, "params": {"u": 6.4580203455663545, "v": 3.6092353369255856, "x": 7.906104799624303, "y": 2.1170702447472576}, "datetime": {"datetime": "2024-02-27 10:33:46", "elapsed": 7.23193, "delta": 0.699538}}
{"target": 0.6614505930483334, "params": {"u": 8.386751294533074, "v": 3.0742678153951637, "x": 6.913251886140209, "y": 4.749391869110761}, "datetime": {"datetime": "2024-02-27 10:33:46", "elapsed": 7.548583, "delta": 0.316653}}
{"target": 0.726406481475399, "params": {"u": 6.016292797916596, "v": 2.3872321678558337, "x": 7.360839654188815, "y": 3.9533370929443072}, "datetime": {"datetime": "2024-02-27 10:33:46", "elapsed": 7.851066, "delta": 0.302483}}
{"target": 1.1713559282749166, "params": {"u": 6.886852116915903, "v": 4.567716535521689, "x": 6.538473023249159, "y": 3.6469471432157574}, "datetime": {"datetime": "2024-02-27 10:33:47", "elapsed": 8.574429, "delta": 0.723363}}
{"target": 1.1598329669322645, "params": {"u": 7.253433786723617, "v": 3.6892316063450847, "x": 5.958621055062174, "y": 2.9888951603411837}, "datetime": {"datetime": "2024-02-27 10:33:47", "elapsed": 8.933206, "delta": 0.358777}}
{"target": 0.5008063950462263, "params": {"u": 8.707437819282543, "v": 5.3348137956815425, "x": 6.6881244467131005, "y": 2.173770197953077}, "datetime": {"datetime": "2024-02-27 10:33:48", "elapsed": 9.522406, "delta": 0.5892}}
{"target": 1.0937749890919906, "params": {"u": 6.201933280815089, "v": 4.092865575038975, "x": 6.26852963497447, "y": 2.883929966270377}, "datetime": {"datetime": "2024-02-27 10:33:48", "elapsed": 9.764925, "delta": 0.242519}}
{"target": 0.13231854390237038, "params": {"u": 10.0, "v": 10.0, "x": 10.0, "y": 10.0}, "datetime": {"datetime": "2024-02-27 10:33:48", "elapsed": 10.00957, "delta": 0.244645}}
{"target": 0.08868700031369939, "params": {"u": 0.0, "v": 0.0, "x": 0.0, "y": 10.0}, "datetime": {"datetime": "2024-02-27 10:33:49", "elapsed": 10.339258, "delta": 0.329688}}
{"target": 0.08811741474728993, "params": {"u": 0.0, "v": 10.0, "x": 10.0, "y": 10.0}, "datetime": {"datetime": "2024-02-27 10:33:49", "elapsed": 10.610295, "delta": 0.271037}}
{"target": 0.1751423347548275, "params": {"u": 0.0, "v": 10.0, "x": 0.0, "y": 10.0}, "datetime": {"datetime": "2024-02-27 10:33:49", "elapsed": 10.89439, "delta": 0.284095}}
{"target": 1.0229246655348856, "params": {"u": 7.029612373554434, "v": 3.914318446111821, "x": 5.871204257995811, "y": 3.9703022264587884}, "datetime": {"datetime": "2024-02-27 10:33:50", "elapsed": 11.216079, "delta": 0.321689}}
{"target": 1.2117353602879022, "params": {"u": 7.936287834300767, "v": 2.062573779735492, "x": 6.180002428815809, "y": 2.0453421976154917}, "datetime": {"datetime": "2024-02-27 10:33:50", "elapsed": 11.553437, "delta": 0.337358}}
{"target": 0.4451295673703649, "params": {"u": 9.604814225087019, "v": 0.5311488071875256, "x": 6.8756479483079564, "y": 0.8371364272600283}, "datetime": {"datetime": "2024-02-27 10:33:51", "elapsed": 12.441489, "delta": 0.888052}}
{"target": 1.8280167035989412, "params": {"u": 6.753001012937719, "v": 2.0779300010525135, "x": 5.723460363636392, "y": 1.556767495979425}, "datetime": {"datetime": "2024-02-27 10:33:51", "elapsed": 12.719002, "delta": 0.277513}}
{"target": 0.6043807755683777, "params": {"u": 6.110110029621705, "v": 1.556383513889538, "x": 5.73457849889694, "y": 0.5351964029670118}, "datetime": {"datetime": "2024-02-27 10:33:52", "elapsed": 13.627642, "delta": 0.90864}}
{"target": 1.904876032201789, "params": {"u": 6.599713379433114, "v": 2.195894808995959, "x": 5.5245395240811535, "y": 2.317499362853421}, "datetime": {"datetime": "2024-02-27 10:33:53", "elapsed": 14.652832, "delta": 1.02519}}
{"target": 0.8609963558124436, "params": {"u": 6.914505030087935, "v": 1.762566241262984, "x": 5.187129056015963, "y": 1.732810430807682}, "datetime": {"datetime": "2024-02-27 10:33:54", "elapsed": 15.2225, "delta": 0.569668}}
{"target": 2.481593009669736, "params": {"u": 6.564851297025737, "v": 2.515106694211149, "x": 6.17372807812949, "y": 2.0229117429305994}, "datetime": {"datetime": "2024-02-27 10:33:54", "elapsed": 16.121256, "delta": 0.898756}}
{"target": 1.9983029320460437, "params": {"u": 6.324683020778173, "v": 2.0440172081080235, "x": 6.445611141004964, "y": 2.1131443467113233}, "datetime": {"datetime": "2024-02-27 10:33:55", "elapsed": 16.97253, "delta": 0.851274}}
{"target": 1.0793204165659989, "params": {"u": 5.9392554199269, "v": 2.8324287070680376, "x": 6.537789170609316, "y": 1.9011544724216656}, "datetime": {"datetime": "2024-02-27 10:33:56", "elapsed": 17.935265, "delta": 0.962735}}
{"target": 2.117901721528711, "params": {"u": 6.934688957886297, "v": 2.4141033454338285, "x": 6.255363895366937, "y": 2.3318898015247007}, "datetime": {"datetime": "2024-02-27 10:33:57", "elapsed": 18.770246, "delta": 0.834981}}
{"target": 1.765371546900705, "params": {"u": 6.620421319542528, "v": 2.9695857411753224, "x": 5.4366662284468585, "y": 2.359769056148994}, "datetime": {"datetime": "2024-02-27 10:33:58", "elapsed": 20.087836, "delta": 1.31759}}
{"target": 2.0218266458509184, "params": {"u": 6.964723113783639, "v": 2.7725858365881524, "x": 6.1569545921090025, "y": 1.6158036221328467}, "datetime": {"datetime": "2024-02-27 10:34:00", "elapsed": 21.441344, "delta": 1.353508}}
{"target": 1.1190019826372761, "params": {"u": 5.8748991685493035, "v": 2.602121900118938, "x": 5.399808512503466, "y": 1.6731534248689683}, "datetime": {"datetime": "2024-02-27 10:34:01", "elapsed": 22.554819, "delta": 1.113475}}
{"target": 1.153845979152603, "params": {"u": 6.89951415447815, "v": 2.313845159778941, "x": 7.049867315257659, "y": 1.9096175652275515}, "datetime": {"datetime": "2024-02-27 10:34:02", "elapsed": 23.817218, "delta": 1.262399}}
{"target": 2.5701277881879463, "params": {"u": 6.230437879353982, "v": 2.297342702246863, "x": 5.9572184635201175, "y": 2.112541373438278}, "datetime": {"datetime": "2024-02-27 10:34:03", "elapsed": 24.635194, "delta": 0.817976}}
{"target": 1.860377812002001, "params": {"u": 6.332398482577553, "v": 2.0389029485408825, "x": 5.80998154848975, "y": 2.5820104550037914}, "datetime": {"datetime": "2024-02-27 10:34:04", "elapsed": 25.554392, "delta": 0.919198}}
{"target": 0.7793915628872262, "params": {"u": 7.994863112715038, "v": 3.2004762995031486, "x": 5.396838016252944, "y": 1.364079098980332}, "datetime": {"datetime": "2024-02-27 10:34:05", "elapsed": 26.354883, "delta": 0.800491}}
{"target": 1.9369791336085354, "params": {"u": 6.653051077956679, "v": 2.836509752825913, "x": 6.192669666628219, "y": 2.4993717541559413}, "datetime": {"datetime": "2024-02-27 10:34:06", "elapsed": 27.873976, "delta": 1.519093}}
{"target": 0.6436809841363192, "params": {"u": 5.820417902190441, "v": 6.387586558993414, "x": 5.931428867991601, "y": 3.986369080580101}, "datetime": {"datetime": "2024-02-27 10:34:07", "elapsed": 28.937055, "delta": 1.063079}}
{"target": 0.09228448026868909, "params": {"u": 10.0, "v": 0.0, "x": 10.0, "y": 10.0}, "datetime": {"datetime": "2024-02-27 10:34:08", "elapsed": 29.938092, "delta": 1.001037}}
{"target": 0.11064627267631469, "params": {"u": 2.3994684165039315, "v": 9.550855991545166, "x": 9.738924001430542, "y": 0.28997871154000765}, "datetime": {"datetime": "2024-02-27 10:34:10", "elapsed": 31.41647, "delta": 1.478378}}
{"target": 0.3217290516382167, "params": {"u": 0.0, "v": 0.0, "x": 0.0, "y": 0.0}, "datetime": {"datetime": "2024-02-27 10:34:11", "elapsed": 32.829476, "delta": 1.413006}}
{"target": 2.1981766105128844, "params": {"u": 6.527044312429087, "v": 2.610323156880346, "x": 5.7908119493445644, "y": 2.3388028977300204}, "datetime": {"datetime": "2024-02-27 10:34:12", "elapsed": 33.884535, "delta": 1.055059}}
{"target": 1.340298245136603, "params": {"u": 5.7787054084738045, "v": 2.0391949610862294, "x": 5.88393473609854, "y": 2.1637661061900024}, "datetime": {"datetime": "2024-02-27 10:34:13", "elapsed": 34.416426, "delta": 0.531891}}
{"target": 0.08091142138813415, "params": {"u": 10.0, "v": 0.0, "x": 0.0, "y": 10.0}, "datetime": {"datetime": "2024-02-27 10:34:14", "elapsed": 35.600232, "delta": 1.183806}}
{"target": 0.10479291134232574, "params": {"u": 0.0, "v": 0.0, "x": 10.0, "y": 0.0}, "datetime": {"datetime": "2024-02-27 10:34:15", "elapsed": 37.021103, "delta": 1.420871}}
{"target": 0.09228448026868909, "params": {"u": 10.0, "v": 10.0, "x": 10.0, "y": 0.0}, "datetime": {"datetime": "2024-02-27 10:34:17", "elapsed": 38.408573, "delta": 1.38747}}
{"target": 2.3078587062583757, "params": {"u": 6.73442835261385, "v": 2.4129867858335388, "x": 6.193318101080968, "y": 1.810886547897268}, "datetime": {"datetime": "2024-02-27 10:34:18", "elapsed": 39.274512, "delta": 0.865939}}
{"target": 0.08868700031369939, "params": {"u": 0.0, "v": 10.0, "x": 0.0, "y": 0.0}, "datetime": {"datetime": "2024-02-27 10:34:18", "elapsed": 40.016449, "delta": 0.741937}}
{"target": 0.08811741474728993, "params": {"u": 10.0, "v": 10.0, "x": 0.0, "y": 10.0}, "datetime": {"datetime": "2024-02-27 10:34:19", "elapsed": 40.997189, "delta": 0.98074}}
{"target": 0.19225966994077573, "params": {"u": 4.970220249421067, "v": 10.0, "x": 6.1171404900435284, "y": 10.0}, "datetime": {"datetime": "2024-02-27 10:34:20", "elapsed": 41.638997, "delta": 0.641808}}
{"target": 0.17877272104683978, "params": {"u": 0.0, "v": 4.567015881158512, "x": 0.0, "y": 5.773828167982606}, "datetime": {"datetime": "2024-02-27 10:34:21", "elapsed": 42.828708, "delta": 1.189711}}
{"target": 0.08880516033322203, "params": {"u": 1.6687358548190323, "v": 0.19854893275252916, "x": 9.861977783152742, "y": 9.999477582186795}, "datetime": {"datetime": "2024-02-27 10:34:23", "elapsed": 44.207214, "delta": 1.378506}}
{"target": 0.10224590843116638, "params": {"u": 6.189807785615988, "v": 10.0, "x": 0.0, "y": 0.0}, "datetime": {"datetime": "2024-02-27 10:34:24", "elapsed": 45.978059, "delta": 1.770845}}
{"target": 0.17062193316187746, "params": {"u": 6.557116030162783, "v": 10.0, "x": 10.0, "y": 4.954805591291499}, "datetime": {"datetime": "2024-02-27 10:34:26", "elapsed": 47.750616, "delta": 1.772557}}
{"target": 0.18331403694787377, "params": {"u": 0.0, "v": 6.39705481128412, "x": 4.669780128931453, "y": 10.0}, "datetime": {"datetime": "2024-02-27 10:34:27", "elapsed": 49.031486, "delta": 1.28087}}
{"target": 0.6411304932395181, "params": {"u": 7.6085620055857515, "v": 4.875062403364193, "x": 8.57926899275441, "y": 3.713251839952717}, "datetime": {"datetime": "2024-02-27 10:34:29", "elapsed": 50.506723, "delta": 1.475237}}
{"target": 0.49755161066084885, "params": {"u": 7.121891775905151, "v": 3.4285796491139875, "x": 6.484017372741501, "y": 0.042908176689039346}, "datetime": {"datetime": "2024-02-27 10:34:30", "elapsed": 51.711178, "delta": 1.204455}}
{"target": 1.8610250648079867, "params": {"u": 6.243386796649183, "v": 2.347149656379257, "x": 6.024678650556591, "y": 1.50482912694767}, "datetime": {"datetime": "2024-02-27 10:34:32", "elapsed": 53.342792, "delta": 1.631614}}
{"target": 0.17411137996994613, "params": {"u": 10.0, "v": 5.2164155097456755, "x": 6.554081045299098, "y": 10.0}, "datetime": {"datetime": "2024-02-27 10:34:33", "elapsed": 55.151233, "delta": 1.808441}}
{"target": 0.1573475014229377, "params": {"u": 4.576317249091208, "v": 0.0, "x": 0.0, "y": 6.366442684906117}, "datetime": {"datetime": "2024-02-27 10:34:36", "elapsed": 58.197932, "delta": 3.046699}}
{"target": 0.12994338731726057, "params": {"u": 0.0, "v": 7.1667731239287376, "x": 10.0, "y": 4.822736993440273}, "datetime": {"datetime": "2024-02-27 10:34:38", "elapsed": 59.752003, "delta": 1.554071}}
{"target": 0.1695733818676491, "params": {"u": 10.0, "v": 0.0, "x": 10.0, "y": 4.526705808561917}, "datetime": {"datetime": "2024-02-27 10:34:39", "elapsed": 60.885061, "delta": 1.133058}}
{"target": 0.10924046021115384, "params": {"u": 10.0, "v": 6.084174586205299, "x": 0.0, "y": 0.0}, "datetime": {"datetime": "2024-02-27 10:34:40", "elapsed": 62.000423, "delta": 1.115362}}
{"target": 1.0103119265986271, "params": {"u": 6.355054439138264, "v": 4.406937715659561, "x": 4.559887136647364, "y": 2.921420748279173}, "datetime": {"datetime": "2024-02-27 10:34:41", "elapsed": 63.198271, "delta": 1.197848}}
{"target": 0.13866283291073225, "params": {"u": 6.160323413704689, "v": 10.0, "x": 5.657827744614198, "y": 0.0}, "datetime": {"datetime": "2024-02-27 10:34:43", "elapsed": 64.946304, "delta": 1.748033}}
{"target": 0.9807506774015092, "params": {"u": 7.074980442337163, "v": 3.034394194157779, "x": 5.819535206774762, "y": 1.8848657931153634}, "datetime": {"datetime": "2024-02-27 10:34:44", "elapsed": 66.113411, "delta": 1.167107}}
{"target": 0.9361839794970623, "params": {"u": 7.260412359873156, "v": 2.4799382167232986, "x": 6.159946175380842, "y": 3.381423768535954}, "datetime": {"datetime": "2024-02-27 10:34:45", "elapsed": 67.181049, "delta": 1.067638}}
{"target": 2.5007021440686956, "params": {"u": 6.630004491178667, "v": 2.3293419918399105, "x": 5.916159908697517, "y": 2.1746576856151787}, "datetime": {"datetime": "2024-02-27 10:34:47", "elapsed": 69.164939, "delta": 1.98389}}
{"target": 2.260316612328176, "params": {"u": 6.38770700026442, "v": 2.3561639027110126, "x": 6.1508611308932, "y": 2.309169832089959}, "datetime": {"datetime": "2024-02-27 10:34:49", "elapsed": 70.653624, "delta": 1.488685}}
{"target": 1.205877915894658, "params": {"u": 5.950678731853669, "v": 2.991910781718027, "x": 4.503286128237053, "y": 2.709745696740664}, "datetime": {"datetime": "2024-02-27 10:34:50", "elapsed": 71.959375, "delta": 1.305751}}
{"target": 1.418213088558548, "params": {"u": 6.166471885213473, "v": 3.0810220101965413, "x": 5.352110215665922, "y": 3.4019613477123753}, "datetime": {"datetime": "2024-02-27 10:34:52", "elapsed": 73.603647, "delta": 1.644272}}
{"target": 0.8859958230308868, "params": {"u": 7.390204157880283, "v": 2.384378501446038, "x": 6.393420525997547, "y": 1.0762566808340461}, "datetime": {"datetime": "2024-02-27 10:34:53", "elapsed": 74.902809, "delta": 1.299162}}
{"target": 2.5186820074360914, "params": {"u": 6.492711762588704, "v": 2.202891897557521, "x": 5.888897130994812, "y": 2.1366505284808124}, "datetime": {"datetime": "2024-02-27 10:34:54", "elapsed": 75.750314, "delta": 0.847505}}
{"target": 0.5439035391933541, "params": {"u": 7.676499918754064, "v": 0.5252245002292288, "x": 6.647009073080596, "y": 2.252286439283991}, "datetime": {"datetime": "2024-02-27 10:34:56", "elapsed": 77.275964, "delta": 1.52565}}
{"target": 2.314738122218955, "params": {"u": 6.492651124265021, "v": 2.5093722530753215, "x": 5.784665183944239, "y": 1.8241870906731872}, "datetime": {"datetime": "2024-02-27 10:34:58", "elapsed": 80.108653, "delta": 2.832689}}
{"target": 0.14368174146278226, "params": {"u": 10.0, "v": 0.0, "x": 4.893180057602758, "y": 7.740142014279557}, "datetime": {"datetime": "2024-02-27 10:35:00", "elapsed": 81.556392, "delta": 1.447739}}
{"target": 0.19110935873672039, "params": {"u": 0.0, "v": 0.0, "x": 2.5448828364028175, "y": 4.552676448307584}, "datetime": {"datetime": "2024-02-27 10:35:01", "elapsed": 82.558882, "delta": 1.00249}}
{"target": 0.20925005103369612, "params": {"u": 2.3946461901137925, "v": 4.7128295560649285, "x": 0.0, "y": 0.0}, "datetime": {"datetime": "2024-02-27 10:35:03", "elapsed": 84.819475, "delta": 2.260593}}
{"target": 0.15829138921163488, "params": {"u": 3.5051647652145363, "v": 4.4256211145301, "x": 0.0, "y": 10.0}, "datetime": {"datetime": "2024-02-27 10:35:05", "elapsed": 86.732385, "delta": 1.91291}}
{"target": 0.24821386006484716, "params": {"u": 10.0, "v": 3.4042452708575675, "x": 4.654027827556818, "y": 0.7452656164098154}, "datetime": {"datetime": "2024-02-27 10:35:06", "elapsed": 88.098768, "delta": 1.366383}}
{"target": 0.9173772703307603, "params": {"u": 6.809280037959592, "v": 3.0111525893956115, "x": 4.1792114537113445, "y": 3.984232077629686}, "datetime": {"datetime": "2024-02-27 10:35:08", "elapsed": 89.257917, "delta": 1.159149}}
{"target": 1.2720621838016206, "params": {"u": 4.850818396281249, "v": 4.063589625616641, "x": 5.025725689564683, "y": 3.0842520778391074}, "datetime": {"datetime": "2024-02-27 10:35:10", "elapsed": 91.543092, "delta": 2.285175}}
{"target": 1.173056802979951, "params": {"u": 4.479754081465432, "v": 4.63570619752799, "x": 3.5551478431583616, "y": 2.910656468700118}, "datetime": {"datetime": "2024-02-27 10:35:12", "elapsed": 93.682449, "delta": 2.139357}}
{"target": 1.5468352884903622, "params": {"u": 5.010202893358253, "v": 4.750988893829486, "x": 4.214153089579078, "y": 4.094150100608943}, "datetime": {"datetime": "2024-02-27 10:35:13", "elapsed": 95.088452, "delta": 1.406003}}
{"target": 1.1297114231070056, "params": {"u": 5.090370323604956, "v": 3.7857555124365883, "x": 3.689739907286443, "y": 3.8495467589667616}, "datetime": {"datetime": "2024-02-27 10:35:15", "elapsed": 96.570943, "delta": 1.482491}}
{"target": 1.1485563636632175, "params": {"u": 3.920835738272521, "v": 4.744176841500664, "x": 4.533543942534987, "y": 3.975798321599853}, "datetime": {"datetime": "2024-02-27 10:35:16", "elapsed": 97.674008, "delta": 1.103065}}
{"target": 0.9963578282480495, "params": {"u": 4.834941580050932, "v": 5.452835503843081, "x": 3.2822861340224674, "y": 4.231709733320629}, "datetime": {"datetime": "2024-02-27 10:35:18", "elapsed": 100.03736, "delta": 2.363352}}
{"target": 0.8068050966711386, "params": {"u": 6.021792894907229, "v": 4.8506026510269615, "x": 4.418820405403076, "y": 4.665730159191923}, "datetime": {"datetime": "2024-02-27 10:35:20", "elapsed": 101.834483, "delta": 1.797123}}
