{"target": 0.9691228330660577, "params": {"u": 4.95152134909771, "v": 5.388160432209546, "x": 4.603839068362667, "y": 3.221015414904597}, "datetime": {"datetime": "2024-02-27 10:35:23", "elapsed": 104.274674, "delta": 2.440191}}
{"target": 1.217383501710656, "params": {"u": 4.367694248429137, "v": 4.395438503472478, "x": 3.776058799191065, "y": 5.057784140739228}, "datetime": {"datetime": "2024-02-27 10:35:24", "elapsed": 105.443835, "delta": 1.169161}}
{"target": 0.5968157973296128, "params": {"u": 3.2066144793670945, "v": 3.7523652253446507, "x": 2.9688390251050545, "y": 4.657363823539233}, "datetime": {"datetime": "2024-02-27 10:35:25", "elapsed": 106.233881, "delta": 0.790046}}
{"target": 0.8000093008935515, "params": {"u": 4.3090159973102375, "v": 4.577961826167455, "x": 6.19220502916881, "y": 3.7859472927911098}, "datetime": {"datetime": "2024-02-27 10:35:26", "elapsed": 107.597105, "delta": 1.363224}}
{"target": 0.5762471550956305, "params": {"u": 3.8315614386592345, "v": 5.869496146412395, "x": 3.7619217135445018, "y": 6.111413038147551}, "datetime": {"datetime": "2024-02-27 10:35:27", "elapsed": 109.113065, "delta": 1.51596}}
{"target": 0.7111698173962709, "params": {"u": 4.159947342932725, "v": 3.3999401117290926, "x": 3.530931883153695, "y": 2.101057688044994}, "datetime": {"datetime": "2024-02-27 10:35:29", "elapsed": 110.267122, "delta": 1.154057}}
{"target": 0.4633875643029932, "params": {"u": 4.589728856999268, "v": 5.9934639103161125, "x": 2.351259859234167, "y": 2.552820537568028}, "datetime": {"datetime": "2024-02-27 10:35:31", "elapsed": 112.23768, "delta": 1.970558}}
{"target": 0.15387784548363917, "params": {"u": 2.7039192300235424, "v": 4.4415811783604235, "x": 10.0, "y": 0.0}, "datetime": {"datetime": "2024-02-27 10:35:32", "elapsed": 113.427588, "delta": 1.189908}}
{"target": 0.5836406771889372, "params": {"u": 5.351363313886098, "v": 4.139466344684767, "x": 2.5862368465024588, "y": 5.088268321750363}, "datetime": {"datetime": "2024-02-27 10:35:34", "elapsed": 115.850068, "delta": 2.42248}}
{"target": 0.1427050903708684, "params": {"u": 0.0, "v": 10.0, "x": 0.0, "y": 5.0625643256495785}, "datetime": {"datetime": "2024-02-27 10:35:36", "elapsed": 117.819778, "delta": 1.96971}}
{"target": 0.16409716704224608, "params": {"u": 10.0, "v": 10.0, "x": 5.035478810040182, "y": 8.495882101219314}, "datetime": {"datetime": "2024-02-27 10:35:38", "elapsed": 119.477848, "delta": 1.65807}}
{"target": 1.658024628305268, "params": {"u": 5.44083969557025, "v": 3.923479947904557, "x": 4.741296947979748, "y": 3.8786962044375484}, "datetime": {"datetime": "2024-02-27 10:35:40", "elapsed": 121.918149, "delta": 2.440301}}
{"target": 1.1437159574236966, "params": {"u": 5.190251374300932, "v": 4.292086805850635, "x": 5.178176784226968, "y": 4.333865923518948}, "datetime": {"datetime": "2024-02-27 10:35:43", "elapsed": 124.725535, "delta": 2.807386}}
{"target": 0.10275970055497721, "params": {"u": 10.0, "v": 5.017618620517616, "x": 0.0, "y": 10.0}, "datetime": {"datetime": "2024-02-27 10:35:46", "elapsed": 127.307834, "delta": 2.582299}}
{"target": 0.8562804457448605, "params": {"u": 7.132257008515249, "v": 1.7642390602064528, "x": 6.216540870936914, "y": 1.9809777828093567}, "datetime": {"datetime": "2024-02-27 10:35:49", "elapsed": 130.699378, "delta": 3.391544}}
{"target": 0.48885897290048524, "params": {"u": 9.146081810478035, "v": 2.3293212635891747, "x": 6.435605947066874, "y": 2.8441925174812264}, "datetime": {"datetime": "2024-02-27 10:35:52", "elapsed": 133.28417, "delta": 2.584792}}
{"target": 3.400685927025435, "params": {"u": 5.913945498996202, "v": 3.874161472898413, "x": 5.188918752769846, "y": 3.202044654629689}, "datetime": {"datetime": "2024-02-27 10:35:53", "elapsed": 134.637708, "delta": 1.353538}}
{"target": 3.375572785766843, "params": {"u": 5.969996142193085, "v": 3.8444614610862207, "x": 4.914801523086645, "y": 2.7379323477246267}, "datetime": {"datetime": "2024-02-27 10:35:56", "elapsed": 137.200248, "delta": 2.56254}}
{"target": 3.0142828133993538, "params": {"u": 5.614324710667923, "v": 3.658810831096573, "x": 4.678699064646027, "y": 2.8267350977728545}, "datetime": {"datetime": "2024-02-27 10:35:58", "elapsed": 139.490582, "delta": 2.290334}}
{"target": 1.3942029679832428, "params": {"u": 5.3582461096758625, "v": 3.8132426037168186, "x": 4.455804939930228, "y": 2.1823692806074724}, "datetime": {"datetime": "2024-02-27 10:35:59", "elapsed": 140.912931, "delta": 1.422349}}
{"target": 1.8414159006766664, "params": {"u": 5.44095497172728, "v": 3.7845833577374854, "x": 5.466534561118337, "y": 2.3638495440206695}, "datetime": {"datetime": "2024-02-27 10:36:01", "elapsed": 142.326994, "delta": 1.414063}}
{"target": 3.8297744118116706, "params": {"u": 5.792500603821314, "v": 3.6774026957991364, "x": 5.129626070717961, "y": 2.9181852273634834}, "datetime": {"datetime": "2024-02-27 10:36:03", "elapsed": 144.423919, "delta": 2.096925}}
{"target": 3.186734701719912, "params": {"u": 5.608351086307545, "v": 3.7189238504385305, "x": 5.094472893945623, "y": 2.6872956764948652}, "datetime": {"datetime": "2024-02-27 10:36:04", "elapsed": 145.732453, "delta": 1.308534}}
{"target": 1.476574917106873, "params": {"u": 5.624391654213827, "v": 4.196857513881569, "x": 4.951607388661879, "y": 2.8641021401497113}, "datetime": {"datetime": "2024-02-27 10:36:05", "elapsed": 147.180912, "delta": 1.448459}}
{"target": 2.3742977102947287, "params": {"u": 5.717203240111839, "v": 3.648402952795402, "x": 5.534766332904049, "y": 3.167296724932771}, "datetime": {"datetime": "2024-02-27 10:36:07", "elapsed": 148.614168, "delta": 1.433256}}
{"target": 1.5111164266484343, "params": {"u": 6.754651608121537, "v": 3.5695688256275426, "x": 5.372935808897158, "y": 3.1465150561797506}, "datetime": {"datetime": "2024-02-27 10:36:09", "elapsed": 151.068643, "delta": 2.454475}}
{"target": 3.6617515430034757, "params": {"u": 5.526713295249211, "v": 3.339905424200069, "x": 4.9004459581698665, "y": 3.1814607398625974}, "datetime": {"datetime": "2024-02-27 10:36:11", "elapsed": 152.730971, "delta": 1.662328}}
{"target": 0.9272966866304923, "params": {"u": 4.559499882412218, "v": 2.669452127106763, "x": 5.309391985988095, "y": 3.2291055853813653}, "datetime": {"datetime": "2024-02-27 10:36:13", "elapsed": 154.277342, "delta": 1.546371}}
{"target": 2.2127677150872884, "params": {"u": 5.6846895315778125, "v": 3.2830179668149295, "x": 5.429411975201434, "y": 2.5503260717503684}, "datetime": {"datetime": "2024-02-27 10:36:14", "elapsed": 155.356849, "delta": 1.079507}}
{"target": 1.163782585481039, "params": {"u": 6.498228652886425, "v": 3.6448930686467493, "x": 4.721754183905445, "y": 3.757916737180321}, "datetime": {"datetime": "2024-02-27 10:36:15", "elapsed": 156.860684, "delta": 1.503835}}
{"target": 2.024675044818673, "params": {"u": 5.782401413174167, "v": 3.687451337639762, "x": 4.405594577567231, "y": 3.3793257623662853}, "datetime": {"datetime": "2024-02-27 10:36:16", "elapsed": 158.045506, "delta": 1.184822}}
{"target": 2.3593526892825367, "params": {"u": 5.038428555193546, "v": 3.1014541805284135, "x": 4.4827147695745175, "y": 3.2319799307314923}, "datetime": {"datetime": "2024-02-27 10:36:18", "elapsed": 159.804645, "delta": 1.759139}}
{"target": 2.404615405570979, "params": {"u": 5.239171024749401, "v": 3.611938946224398, "x": 5.107460229420636, "y": 3.5405967390435347}, "datetime": {"datetime": "2024-02-27 10:36:19", "elapsed": 161.070567, "delta": 1.265922}}
{"target": 3.4699887293338465, "params": {"u": 5.505406331190949, "v": 3.02094813032723, "x": 5.255743513876628, "y": 2.960852241018923}, "datetime": {"datetime": "2024-02-27 10:36:21", "elapsed": 162.547109, "delta": 1.476542}}
{"target": 4.001071055370175, "params": {"u": 5.341875999356056, "v": 3.2782833495576593, "x": 5.041241211475055, "y": 2.9331406033235985}, "datetime": {"datetime": "2024-02-27 10:36:22", "elapsed": 163.997464, "delta": 1.450355}}
{"target": 3.0659442772430463, "params": {"u": 5.0241894064801995, "v": 3.0293619048282316, "x": 5.258852149555206, "y": 3.252399471788443}, "datetime": {"datetime": "2024-02-27 10:36:23", "elapsed": 165.066025, "delta": 1.068561}}
{"target": 1.392437419729667, "params": {"u": 5.530159309494369, "v": 2.9931944253700307, "x": 4.841241894133801, "y": 2.9884690372758183}, "datetime": {"datetime": "2024-02-27 10:36:25", "elapsed": 166.58409, "delta": 1.518065}}
{"target": 1.3344490043695132, "params": {"u": 6.553466990065385, "v": 3.617858557900513, "x": 4.834025847485063, "y": 2.4229416348349906}, "datetime": {"datetime": "2024-02-27 10:36:27", "elapsed": 168.244778, "delta": 1.660688}}
{"target": 1.8276913088932916, "params": {"u": 5.059182516893687, "v": 3.3660390416391293, "x": 5.792500750074355, "y": 2.894318137813081}, "datetime": {"datetime": "2024-02-27 10:36:28", "elapsed": 169.998138, "delta": 1.75336}}
{"target": 1.315490911291873, "params": {"u": 5.645053345816703, "v": 2.919039160321255, "x": 5.436155180919887, "y": 3.273155088241552}, "datetime": {"datetime": "2024-02-27 10:36:29", "elapsed": 170.775185, "delta": 0.777047}}
{"target": 3.5960841026893364, "params": {"u": 5.386995141760954, "v": 3.38013398540233, "x": 5.217127747263927, "y": 3.0590119379772873}, "datetime": {"datetime": "2024-02-27 10:36:30", "elapsed": 171.954699, "delta": 1.179514}}
{"target": 1.3506528643934128, "params": {"u": 6.222543766627812, "v": 3.688125715322348, "x": 5.27760276532156, "y": 3.5491807900120955}, "datetime": {"datetime": "2024-02-27 10:36:31", "elapsed": 172.794702, "delta": 0.840003}}
{"target": 1.988840710047901, "params": {"u": 6.7622487015520605, "v": 2.110027861829259, "x": 5.908927672633991, "y": 1.5766312253166515}, "datetime": {"datetime": "2024-02-27 10:36:32", "elapsed": 173.864956, "delta": 1.070254}}
{"target": 2.4047075260067237, "params": {"u": 5.370110342548539, "v": 3.383456594344495, "x": 4.857387820560184, "y": 3.5380842747187238}, "datetime": {"datetime": "2024-02-27 10:36:34", "elapsed": 175.627988, "delta": 1.763032}}
{"target": 1.1155281868155025, "params": {"u": 6.313686499683819, "v": 4.2486706870048305, "x": 5.370203056700401, "y": 2.916088864710228}, "datetime": {"datetime": "2024-02-27 10:36:36", "elapsed": 177.968606, "delta": 2.340618}}
{"target": 1.2882621687317604, "params": {"u": 4.847731414599145, "v": 3.597624846103428, "x": 5.175129208752011, "y": 2.6410734906106637}, "datetime": {"datetime": "2024-02-27 10:36:39", "elapsed": 180.368661, "delta": 2.400055}}
{"target": 0.17775588902268297, "params": {"u": 1.516862484447975, "v": 4.588248796991027, "x": 6.2824642621140825, "y": 9.361533042146279}, "datetime": {"datetime": "2024-02-27 10:36:39", "elapsed": 181.08471, "delta": 0.716049}}
{"target": 0.18632200445942057, "params": {"u": 3.711484078596116, "v": 4.974981343968011, "x": 9.411807584010393, "y": 8.16314558998505}, "datetime": {"datetime": "2024-02-27 10:36:40", "elapsed": 182.067283, "delta": 0.982573}}
{"target": 2.854725428540605, "params": {"u": 5.982784741879713, "v": 3.546224803724024, "x": 4.668067228176222, "y": 2.7683106694338466}, "datetime": {"datetime": "2024-02-27 10:36:42", "elapsed": 183.639648, "delta": 1.572365}}
{"target": 2.7504093323609156, "params": {"u": 5.593391373054031, "v": 3.6669225307723186, "x": 5.203319373818713, "y": 3.396456460106887}, "datetime": {"datetime": "2024-02-27 10:36:43", "elapsed": 184.78421, "delta": 1.144562}}
{"target": 3.3404342539943723, "params": {"u": 5.829170619664248, "v": 3.612508346806347, "x": 5.257791069248558, "y": 3.1371472251269084}, "datetime": {"datetime": "2024-02-27 10:36:44", "elapsed": 185.865241, "delta": 1.081031}}
{"target": 2.6253546594454145, "params": {"u": 5.243667921682311, "v": 3.496913499711647, "x": 4.967643037364494, "y": 2.530992476453476}, "datetime": {"datetime": "2024-02-27 10:36:46", "elapsed": 187.213143, "delta": 1.347902}}
{"target": 3.5522012066592925, "params": {"u": 5.229151212501053, "v": 3.3291904609665735, "x": 4.828654893760863, "y": 3.1634045661725985}, "datetime": {"datetime": "2024-02-27 10:36:48", "elapsed": 189.470851, "delta": 2.257708}}
{"target": 1.4457068210836717, "params": {"u": 6.358924507524646, "v": 3.6115256113695504, "x": 4.788180064990274, "y": 3.0355538003679126}, "datetime": {"datetime": "2024-02-27 10:36:51", "elapsed": 193.059045, "delta": 3.588194}}
{"target": 0.7508716789673531, "params": {"u": 4.439278081116843, "v": 2.612459582209352, "x": 3.8107538836123944, "y": 3.016851009645917}, "datetime": {"datetime": "2024-02-27 10:36:53", "elapsed": 194.538318, "delta": 1.479273}}
{"target": 0.2333554030650463, "params": {"u": 4.829316585273048, "v": 5.035959301335453, "x": 7.608624799816498, "y": 9.38593145160571}, "datetime": {"datetime": "2024-02-27 10:36:54", "elapsed": 195.830229, "delta": 1.291911}}
{"target": 0.23608662569041597, "params": {"u": 9.541166807099437, "v": 3.780731449464565, "x": 3.9245805066187045, "y": 7.188858362523433}, "datetime": {"datetime": "2024-02-27 10:36:55", "elapsed": 196.963591, "delta": 1.133362}}
{"target": 1.436063534488954, "params": {"u": 5.1297627189159325, "v": 2.868110803507241, "x": 5.363934496411038, "y": 2.842098520698324}, "datetime": {"datetime": "2024-02-27 10:36:58", "elapsed": 200.139504, "delta": 3.175913}}
{"target": 1.3407249599605464, "params": {"u": 4.081259610571002, "v": 3.5607870359198532, "x": 5.068941341283847, "y": 3.6721791444337173}, "datetime": {"datetime": "2024-02-27 10:37:01", "elapsed": 202.633678, "delta": 2.494174}}
{"target": 0.3934813831741355, "params": {"u": 3.4040409364107105, "v": 2.1853495324430074, "x": 2.2910382705307475, "y": 4.44182162019536}, "datetime": {"datetime": "2024-02-27 10:37:03", "elapsed": 204.547952, "delta": 1.914274}}
{"target": 2.464149076961323, "params": {"u": 5.836196083565594, "v": 3.8138577692544526, "x": 5.481268370327149, "y": 2.7664224024745887}, "datetime": {"datetime": "2024-02-27 10:37:04", "elapsed": 205.779425, "delta": 1.231473}}
{"target": 1.4529999172854633, "params": {"u": 4.949090590131135, "v": 3.781595319718012, "x": 4.3371812710140745, "y": 3.3079779370902074}, "datetime": {"datetime": "2024-02-27 10:37:05", "elapsed": 206.77771, "delta": 0.998285}}
{"target": 1.3212123213832538, "params": {"u": 5.089518164542999, "v": 2.8797146759624748, "x": 4.9142389545372245, "y": 3.335372689772056}, "datetime": {"datetime": "2024-02-27 10:37:06", "elapsed": 208.096918, "delta": 1.319208}}
{"target": 3.539891569292326, "params": {"u": 5.904138586503798, "v": 3.8991728127433376, "x": 4.768492676046378, "y": 3.0522142172044484}, "datetime": {"datetime": "2024-02-27 10:37:08", "elapsed": 209.768482, "delta": 1.671564}}
{"target": 2.9358662437596985, "params": {"u": 5.628454024258933, "v": 3.161952169522367, "x": 5.357271795808968, "y": 2.8272601232203476}, "datetime": {"datetime": "2024-02-27 10:37:10", "elapsed": 211.226857, "delta": 1.458375}}
{"target": 0.12695456282939435, "params": {"u": 2.1983635990382053, "v": 0.3223581044923607, "x": 3.9299400635828032, "y": 9.800607431222687}, "datetime": {"datetime": "2024-02-27 10:37:11", "elapsed": 213.050153, "delta": 1.823296}}
{"target": 0.6367253023537752, "params": {"u": 5.1291232163546585, "v": 6.463172104809244, "x": 4.805646802988539, "y": 3.6999145142372756}, "datetime": {"datetime": "2024-02-27 10:37:13", "elapsed": 214.230438, "delta": 1.180285}}
{"target": 0.14930685150054154, "params": {"u": 9.57994484125249, "v": 4.251280689001761, "x": 2.7381307556263366, "y": 9.969598383220113}, "datetime": {"datetime": "2024-02-27 10:37:14", "elapsed": 215.794115, "delta": 1.563677}}
{"target": 1.4599434834943157, "params": {"u": 4.895645759072995, "v": 3.383179803305554, "x": 4.92197026487288, "y": 3.4052921664498905}, "datetime": {"datetime": "2024-02-27 10:37:15", "elapsed": 217.074498, "delta": 1.280383}}
{"target": 3.656341558910884, "params": {"u": 5.5075005237990124, "v": 3.505133126738701, "x": 5.050854791137692, "y": 3.202325045126152}, "datetime": {"datetime": "2024-02-27 10:37:18", "elapsed": 219.756533, "delta": 2.682035}}
{"target": 1.24456178143904, "params": {"u": 5.007110317313358, "v": 3.0974556489019345, "x": 6.007780576085635, "y": 3.7052761977881197}, "datetime": {"datetime": "2024-02-27 10:37:20", "elapsed": 222.110756, "delta": 2.354223}}
{"target": 0.5702740959651459, "params": {"u": 6.088324927454124, "v": 5.903742702475848, "x": 6.1129296304575576, "y": 1.6848686625053344}, "datetime": {"datetime": "2024-02-27 10:37:22", "elapsed": 223.682786, "delta": 1.57203}}
{"target": 0.8196293609603389, "params": {"u": 3.0059710685626606, "v": 3.5726856667660334, "x": 4.777596225367059, "y": 3.4419757171737775}, "datetime": {"datetime": "2024-02-27 10:37:23", "elapsed": 224.90539, "delta": 1.222604}}
{"target": 0.18622249317575587, "params": {"u": 3.200413600235957, "v": 0.16489318765833372, "x": 9.747470200417848, "y": 3.5517793558284705}, "datetime": {"datetime": "2024-02-27 10:37:24", "elapsed": 225.834424, "delta": 0.929034}}
{"target": 0.1937938286729835, "params": {"u": 7.925586684260515, "v": 9.133237249254805, "x": 9.364860920783924, "y": 3.4255457483757623}, "datetime": {"datetime": "2024-02-27 10:37:25", "elapsed": 226.759236, "delta": 0.924812}}
{"target": 3.557013519848869, "params": {"u": 5.630863745348332, "v": 3.6143428539643763, "x": 5.026227648973574, "y": 3.2348001050358723}, "datetime": {"datetime": "2024-02-27 10:37:27", "elapsed": 229.150572, "delta": 2.391336}}
{"target": 0.20925677429580355, "params": {"u": 1.834800612711518, "v": 8.189828389549906, "x": 0.8234478157218217, "y": 4.260671746887326}, "datetime": {"datetime": "2024-02-27 10:37:28", "elapsed": 229.996753, "delta": 0.846181}}
{"target": 0.23410883553264383, "params": {"u": 8.781670772691012, "v": 9.52993443789532, "x": 3.581443713405692, "y": 6.854876707754923}, "datetime": {"datetime": "2024-02-27 10:37:29", "elapsed": 231.003652, "delta": 1.006899}}
{"target": 0.7689941196771384, "params": {"u": 7.305254508063537, "v": 5.235472208403412, "x": 6.389583700859759, "y": 3.1016214665043185}, "datetime": {"datetime": "2024-02-27 10:37:31", "elapsed": 232.364902, "delta": 1.36125}}
{"target": 0.4152288446587914, "params": {"u": 3.541969441369255, "v": 5.754842733457889, "x": 1.687790089511304, "y": 5.084961443380668}, "datetime": {"datetime": "2024-02-27 10:37:32", "elapsed": 233.916738, "delta": 1.551836}}
{"target": 0.132493145536337, "params": {"u": 0.06829544977253188, "v": 7.166001528026448, "x": 7.3271762391423465, "y": 0.13881200682989037}, "datetime": {"datetime": "2024-02-27 10:37:34", "elapsed": 235.398281, "delta": 1.481543}}
{"target": 3.5861589822641733, "params": {"u": 5.6589687704154965, "v": 3.526900918175402, "x": 5.155071972490955, "y": 3.16687054059964}, "datetime": {"datetime": "2024-02-27 10:37:38", "elapsed": 239.427371, "delta": 4.02909}}
{"target": 0.4538752938777786, "params": {"u": 5.724119183085017, "v": 2.9391022331926244, "x": 7.610841841522741, "y": 5.075330158228157}, "datetime": {"datetime": "2024-02-27 10:37:40", "elapsed": 241.646435, "delta": 2.219064}}
{"target": 0.32572046063900056, "params": {"u": 5.003946624879548, "v": 9.638405199551418, "x": 5.995178140859566, "y": 5.1595193384776925}, "datetime": {"datetime": "2024-02-27 10:37:42", "elapsed": 243.774378, "delta": 2.127943}}
{"target": 0.1425241277937124, "params": {"u": 1.701989759053335, "v": 9.754123966556143, "x": 8.022120179960591, "y": 2.4462880778308502}, "datetime": {"datetime": "2024-02-27 10:37:43", "elapsed": 244.75028, "delta": 0.975902}}
{"target": 1.4073136395884818, "params": {"u": 6.123381089279948, "v": 3.4873557999994764, "x": 5.252418946899569, "y": 2.2623892498582086}, "datetime": {"datetime": "2024-02-27 10:37:45", "elapsed": 246.562074, "delta": 1.811794}}
{"target": 1.5561423738164186, "params": {"u": 5.642689759794418, "v": 3.899960489476817, "x": 4.494889811421339, "y": 2.2825224816860135}, "datetime": {"datetime": "2024-02-27 10:37:46", "elapsed": 247.619052, "delta": 1.056978}}
{"target": 3.9851037545771293, "params": {"u": 5.82883512307308, "v": 3.2043265428914216, "x": 5.014063594287194, "y": 2.9147098507112954}, "datetime": {"datetime": "2024-02-27 10:37:49", "elapsed": 251.05231, "delta": 3.433258}}
{"target": 0.602416771087215, "params": {"u": 5.769948451487078, "v": 1.2257511830561407, "x": 7.315171685153484, "y": 2.403339122566557}, "datetime": {"datetime": "2024-02-27 10:37:52", "elapsed": 253.933119, "delta": 2.880809}}
{"target": 0.11900515565370805, "params": {"u": 0.025712980231821225, "v": 9.958083094205389, "x": 2.6899561545249675, "y": 0.31586400239563384}, "datetime": {"datetime": "2024-02-27 10:37:54", "elapsed": 255.266542, "delta": 1.333423}}
{"target": 0.19160574293524077, "params": {"u": 0.9580613174568386, "v": 0.06697314303699575, "x": 4.46272744832966, "y": 0.35246969991138855}, "datetime": {"datetime": "2024-02-27 10:37:55", "elapsed": 256.995904, "delta": 1.729362}}
{"target": 0.18364147724464452, "params": {"u": 9.239549087434714, "v": 3.8919948981920283, "x": 9.928023375229383, "y": 7.550491795980287}, "datetime": {"datetime": "2024-02-27 10:37:57", "elapsed": 258.280882, "delta": 1.284978}}
{"target": 1.238084070664503, "params": {"u": 6.240596911621761, "v": 2.9831767292057054, "x": 4.901895251234069, "y": 2.603528111263609}, "datetime": {"datetime": "2024-02-27 10:37:59", "elapsed": 260.230077, "delta": 1.949195}}
{"target": 1.0978555006761068, "params": {"u": 4.963115852696976, "v": 3.947183104779697, "x": 5.737884921729232, "y": 3.4125498085949912}, "datetime": {"datetime": "2024-02-27 10:38:01", "elapsed": 262.958089, "delta": 2.728012}}
{"target": 0.16176350001877973, "params": {"u": 9.910657440593905, "v": 5.783135251318173, "x": 0.038305534696130294, "y": 5.001872468389435}, "datetime": {"datetime": "2024-02-27 10:38:04", "elapsed": 265.897377, "delta": 2.939288}}
