{"target": 3.483534719611231, "params": {"u": 5.792797341239414, "v": 3.851948725531588, "x": 5.2086896999821715, "y": 2.854646476851761}, "datetime": {"datetime": "2024-02-27 10:46:13", "elapsed": 754.963744, "delta": 2.196365}}
{"target": 3.403050787060621, "params": {"u": 4.4327574230741975, "v": 4.661460074684843, "x": 4.453307483066573, "y": 3.764007532837206}, "datetime": {"datetime": "2024-02-27 10:46:15", "elapsed": 756.506729, "delta": 1.542985}}
{"target": 0.7941950823064703, "params": {"u": 3.981809196923767, "v": 5.149220305632393, "x": 3.8920636353776183, "y": 4.545228512341968}, "datetime": {"datetime": "2024-02-27 10:46:18", "elapsed": 759.542145, "delta": 3.035416}}
{"target": 0.5422526397418136, "params": {"u": 2.3295348412244534, "v": 8.192030433701126, "x": 3.824761271555995, "y": 6.407354414534879}, "datetime": {"datetime": "2024-02-27 10:46:20", "elapsed": 761.874115, "delta": 2.33197}}
{"target": 1.348373325039833, "params": {"u": 5.1785800394667465, "v": 4.733541229981507, "x": 4.000906036629289, "y": 4.4379613391179795}, "datetime": {"datetime": "2024-02-27 10:46:23", "elapsed": 764.522054, "delta": 2.647939}}
{"target": 0.3169562517010097, "params": {"u": 9.570075853788826, "v": 4.994929450713537, "x": 5.449089229493991, "y": 0.6147246965314412}, "datetime": {"datetime": "2024-02-27 10:46:24", "elapsed": 766.198413, "delta": 1.676359}}
{"target": 0.14065442145425666, "params": {"u": 0.7563736234079388, "v": 1.984685220380169, "x": 5.246953351050507, "y": 8.341166616701692}, "datetime": {"datetime": "2024-02-27 10:46:26", "elapsed": 767.75561, "delta": 1.557197}}
{"target": 1.1773021618342792, "params": {"u": 4.031400664272937, "v": 3.882201694429992, "x": 3.4472631430519085, "y": 3.696868362636959}, "datetime": {"datetime": "2024-02-27 10:46:33", "elapsed": 774.865633, "delta": 7.110023}}
{"target": 2.94097192134821, "params": {"u": 4.502481323063088, "v": 4.751085457934434, "x": 3.494642248850189, "y": 3.776425107189534}, "datetime": {"datetime": "2024-02-27 10:46:35", "elapsed": 776.822793, "delta": 1.95716}}
{"target": 2.645301745340596, "params": {"u": 4.542735203793845, "v": 4.834826237725782, "x": 4.457458589637314, "y": 4.408220845674977}, "datetime": {"datetime": "2024-02-27 10:46:37", "elapsed": 778.445922, "delta": 1.623129}}
{"target": 0.14400599871452346, "params": {"u": 8.665992984500168, "v": 9.973005662898283, "x": 0.06690901145693262, "y": 6.985033932052365}, "datetime": {"datetime": "2024-02-27 10:46:42", "elapsed": 783.256713, "delta": 4.810791}}
{"target": 3.7695617918494135, "params": {"u": 5.039930799479051, "v": 3.5399746915046695, "x": 4.946136278465883, "y": 2.840229718782654}, "datetime": {"datetime": "2024-02-27 10:46:46", "elapsed": 787.214118, "delta": 3.957405}}
{"target": 3.4879714045052923, "params": {"u": 4.630958220792914, "v": 4.541454461595643, "x": 4.184805205385697, "y": 3.5376287898615386}, "datetime": {"datetime": "2024-02-27 10:46:52", "elapsed": 793.263144, "delta": 6.049026}}
{"target": 2.8586382669524912, "params": {"u": 4.163766857724075, "v": 4.168281230129506, "x": 4.245616922252829, "y": 3.462490548145787}, "datetime": {"datetime": "2024-02-27 10:46:58", "elapsed": 799.787524, "delta": 6.52438}}
{"target": 3.12991107300634, "params": {"u": 4.19505848480735, "v": 4.100459211640677, "x": 4.312290244206341, "y": 3.5486935783945106}, "datetime": {"datetime": "2024-02-27 10:47:01", "elapsed": 802.850751, "delta": 3.063227}}
{"target": 6.636673185805788, "params": {"u": 4.636943832473914, "v": 4.343870761153097, "x": 4.24844875005541, "y": 4.054730710593086}, "datetime": {"datetime": "2024-02-27 10:47:07", "elapsed": 808.228064, "delta": 5.377313}}
{"target": 1.7959594920410429, "params": {"u": 4.834495474695899, "v": 4.382677145107433, "x": 3.8355169884414977, "y": 3.1747363059454625}, "datetime": {"datetime": "2024-02-27 10:47:12", "elapsed": 813.716103, "delta": 5.488039}}
{"target": 0.22415326508757735, "params": {"u": 2.6962068748810877, "v": 6.861993470033976, "x": 8.350886443321693, "y": 7.068814212663183}, "datetime": {"datetime": "2024-02-27 10:47:15", "elapsed": 816.578215, "delta": 2.862112}}
{"target": 3.591454686269165, "params": {"u": 4.263919715421984, "v": 4.101311744440256, "x": 4.4176999914979485, "y": 4.236009955774101}, "datetime": {"datetime": "2024-02-27 10:47:22", "elapsed": 823.617558, "delta": 7.039343}}
{"target": 0.2919247779863634, "params": {"u": 9.662264343841303, "v": 7.686590832042227, "x": 4.3611436495034885, "y": 5.41316040845658}, "datetime": {"datetime": "2024-02-27 10:47:25", "elapsed": 826.503841, "delta": 2.886283}}
{"target": 7.638333267296232, "params": {"u": 4.395597352552988, "v": 4.510626671838907, "x": 4.039176571523411, "y": 3.8005444297507007}, "datetime": {"datetime": "2024-02-27 10:47:37", "elapsed": 838.527931, "delta": 12.02409}}
{"target": 0.20718218031044705, "params": {"u": 7.960204813408738, "v": 0.6280558567455985, "x": 3.065899314690647, "y": 6.560183545333402}, "datetime": {"datetime": "2024-02-27 10:47:39", "elapsed": 841.153407, "delta": 2.625476}}
{"target": 1.174356203485445, "params": {"u": 4.324359390659053, "v": 3.9813912803959814, "x": 4.267357597392433, "y": 4.599256958022893}, "datetime": {"datetime": "2024-02-27 10:47:44", "elapsed": 845.93353, "delta": 4.780123}}
{"target": 1.1131391968829083, "params": {"u": 3.792861079048808, "v": 4.9446275373032025, "x": 3.8611839665371805, "y": 3.4645050421142365}, "datetime": {"datetime": "2024-02-27 10:47:49", "elapsed": 851.106246, "delta": 5.172716}}
{"target": 2.732963051733973, "params": {"u": 5.743073293275699, "v": 3.648346952736148, "x": 5.4420809135545785, "y": 3.0911058844176456}, "datetime": {"datetime": "2024-02-27 10:47:53", "elapsed": 854.53563, "delta": 3.429384}}
{"target": 0.19473270058962694, "params": {"u": 4.874935389522116, "v": 9.447477031421645, "x": 2.9640580258216485, "y": 1.741331872364159}, "datetime": {"datetime": "2024-02-27 10:48:00", "elapsed": 861.283664, "delta": 6.748034}}
{"target": 0.44086361863913887, "params": {"u": 7.64614104104348, "v": 7.02750245160011, "x": 4.4473353174743915, "y": 4.498812673556513}, "datetime": {"datetime": "2024-02-27 10:48:03", "elapsed": 864.654399, "delta": 3.370735}}
{"target": 6.290801293629365, "params": {"u": 4.28926988189601, "v": 4.012357617934915, "x": 3.8677879145464145, "y": 3.762755849399615}, "datetime": {"datetime": "2024-02-27 10:48:09", "elapsed": 871.038971, "delta": 6.384572}}
{"target": 7.6301102305359025, "params": {"u": 4.357728489258949, "v": 4.316229193341582, "x": 4.182020523549275, "y": 3.9073217565823724}, "datetime": {"datetime": "2024-02-27 10:48:20", "elapsed": 881.273634, "delta": 10.234663}}
{"target": 0.322124961367374, "params": {"u": 9.677578513105873, "v": 0.6517262435899529, "x": 5.426929631749714, "y": 2.219184571875994}, "datetime": {"datetime": "2024-02-27 10:48:23", "elapsed": 884.291056, "delta": 3.017422}}
{"target": 9.682793603526742, "params": {"u": 4.499261587169352, "v": 4.630864025545376, "x": 4.033641489021253, "y": 4.090276947764742}, "datetime": {"datetime": "2024-02-27 10:48:29", "elapsed": 890.346018, "delta": 6.054962}}
{"target": 0.28196189905487534, "params": {"u": 6.089005111047947, "v": 8.436848634005326, "x": 2.21392595129275, "y": 4.44227651386162}, "datetime": {"datetime": "2024-02-27 10:48:32", "elapsed": 893.849998, "delta": 3.50398}}
{"target": 10.03202400740557, "params": {"u": 4.606539694423352, "v": 4.634038077341391, "x": 3.931003755742962, "y": 4.020378588931574}, "datetime": {"datetime": "2024-02-27 10:48:38", "elapsed": 899.961138, "delta": 6.11114}}
{"target": 0.6517429936253046, "params": {"u": 5.330302098005891, "v": 4.170467385906105, "x": 7.65535561402119, "y": 3.469276651075346}, "datetime": {"datetime": "2024-02-27 10:48:42", "elapsed": 903.349928, "delta": 3.38879}}
{"target": 0.21144605922131, "params": {"u": 4.235997599054453, "v": 4.600298298712794, "x": 0.9453652605366936, "y": 9.060421144635399}, "datetime": {"datetime": "2024-02-27 10:48:44", "elapsed": 906.043961, "delta": 2.694033}}
{"target": 0.2023124202730243, "params": {"u": 5.22581245468113, "v": 0.4248068872136401, "x": 6.406494807529089, "y": 7.710057572695551}, "datetime": {"datetime": "2024-02-27 10:48:48", "elapsed": 909.310484, "delta": 3.266523}}
{"target": 0.45126075574690594, "params": {"u": 6.477263405701695, "v": 4.979228883545035, "x": 8.147420955671887, "y": 1.064550401968003}, "datetime": {"datetime": "2024-02-27 10:48:51", "elapsed": 912.534619, "delta": 3.224135}}
{"target": 3.4589405290732844, "params": {"u": 4.323574833066409, "v": 4.218130883420917, "x": 3.582471120193559, "y": 3.750219358335772}, "datetime": {"datetime": "2024-02-27 10:48:53", "elapsed": 914.890148, "delta": 2.355529}}
{"target": 0.16521022060179164, "params": {"u": 6.734753304936473, "v": 8.981902789356548, "x": 0.09130137951800177, "y": 9.996251198249663}, "datetime": {"datetime": "2024-02-27 10:49:01", "elapsed": 923.070874, "delta": 8.180726}}
{"target": 0.27353399438877807, "params": {"u": 2.157164635113805, "v": 6.7907085930951006, "x": 1.699856022900369, "y": 2.640780348959353}, "datetime": {"datetime": "2024-02-27 10:49:06", "elapsed": 927.526501, "delta": 4.455627}}
{"target": 1.4920800495385054, "params": {"u": 4.439306328811293, "v": 3.911968142185547, "x": 4.006271421123833, "y": 3.6829481899846925}, "datetime": {"datetime": "2024-02-27 10:49:18", "elapsed": 940.193735, "delta": 12.667234}}
{"target": 8.699390857701276, "params": {"u": 4.5118292606653885, "v": 4.295770038678678, "x": 3.9002849837573015, "y": 4.11041253546185}, "datetime": {"datetime": "2024-02-27 10:49:23", "elapsed": 945.002094, "delta": 4.808359}}
{"target": 8.817385026223908, "params": {"u": 4.759494001502067, "v": 4.2900102100234525, "x": 3.964675105333404, "y": 4.1387138908389005}, "datetime": {"datetime": "2024-02-27 10:49:31", "elapsed": 953.189651, "delta": 8.187557}}
{"target": 0.21820546739095198, "params": {"u": 1.9764653473800053, "v": 4.103471788827998, "x": 3.6070303511427726, "y": 8.953437952272514}, "datetime": {"datetime": "2024-02-27 10:49:35", "elapsed": 956.798448, "delta": 3.608797}}
{"target": 7.936063868827028, "params": {"u": 4.5135376278892645, "v": 4.924654543029295, "x": 3.8547296725018523, "y": 4.116037985506039}, "datetime": {"datetime": "2024-02-27 10:49:42", "elapsed": 964.149528, "delta": 7.35108}}
{"target": 0.19568329141177146, "params": {"u": 2.0173509299515677, "v": 2.7288648883032742, "x": 9.35110808303434, "y": 1.4149491380205492}, "datetime": {"datetime": "2024-02-27 10:49:47", "elapsed": 968.600791, "delta": 4.451263}}
{"target": 1.2137978363352215, "params": {"u": 4.366648088663042, "v": 5.017845691591644, "x": 3.6288622190301045, "y": 3.851447901363808}, "datetime": {"datetime": "2024-02-27 10:49:54", "elapsed": 975.877641, "delta": 7.27685}}
{"target": 0.14922305938842242, "params": {"u": 4.621443418073535, "v": 3.1041096860649953, "x": 0.25394216357509714, "y": 9.922229329782521}, "datetime": {"datetime": "2024-02-27 10:49:56", "elapsed": 977.753536, "delta": 1.875895}}
{"target": 0.3821038207509055, "params": {"u": 0.30716468876548, "v": 2.9698420596725916, "x": 1.935763600921958, "y": 0.13092555912427417}, "datetime": {"datetime": "2024-02-27 10:50:04", "elapsed": 986.147674, "delta": 8.394138}}
{"target": 9.092418124312998, "params": {"u": 4.806749819627816, "v": 4.53897145589106, "x": 4.087710795578908, "y": 3.9025171785003767}, "datetime": {"datetime": "2024-02-27 10:50:09", "elapsed": 990.66191, "delta": 4.514236}}
{"target": 0.23615569632708724, "params": {"u": 6.6783815501331745, "v": 4.859100206645396, "x": 0.014527458249364855, "y": 3.829153552480574}, "datetime": {"datetime": "2024-02-27 10:50:12", "elapsed": 993.949498, "delta": 3.287588}}
{"target": 7.441870144841053, "params": {"u": 4.574120123751403, "v": 4.758327446018226, "x": 4.0925203752115324, "y": 4.19003001381266}, "datetime": {"datetime": "2024-02-27 10:50:16", "elapsed": 997.929883, "delta": 3.980385}}
{"target": 0.7161528749083993, "params": {"u": 4.796373208832842, "v": 2.4488504468588723, "x": 5.081967152296144, "y": 4.400465281838532}, "datetime": {"datetime": "2024-02-27 10:50:18", "elapsed": 1000.155877, "delta": 2.225994}}
{"target": 5.221548015168748, "params": {"u": 4.151410258099471, "v": 4.990109148786947, "x": 3.9213785289479297, "y": 4.32466951496128}, "datetime": {"datetime": "2024-02-27 10:50:23", "elapsed": 1004.239065, "delta": 4.083188}}
{"target": 0.20414325866767732, "params": {"u": 3.2268679992085634, "v": 8.670719616681863, "x": 8.758019895119238, "y": 3.4553004790122155}, "datetime": {"datetime": "2024-02-27 10:50:25", "elapsed": 1007.020608, "delta": 2.781543}}
{"target": 0.2520698239389291, "params": {"u": 3.7444158517075374, "v": 7.168690585588616, "x": 1.6399541998076628, "y": 2.4055278576673755}, "datetime": {"datetime": "2024-02-27 10:50:28", "elapsed": 1009.913443, "delta": 2.892835}}
{"target": 0.33009719868475, "params": {"u": 3.161817159272029, "v": 6.9006116931159065, "x": 7.582322209066746, "y": 6.356115368501262}, "datetime": {"datetime": "2024-02-27 10:50:31", "elapsed": 1013.103377, "delta": 3.189934}}
{"target": 6.312916966598222, "params": {"u": 4.360805754755073, "v": 4.5449417361781475, "x": 4.156922696163965, "y": 4.220075255353003}, "datetime": {"datetime": "2024-02-27 10:50:36", "elapsed": 1017.816059, "delta": 4.712682}}
{"target": 8.685937850712003, "params": {"u": 4.621491520957993, "v": 4.690226855222173, "x": 4.052226132766325, "y": 4.140978022031891}, "datetime": {"datetime": "2024-02-27 10:50:39", "elapsed": 1021.097413, "delta": 3.281354}}
{"target": 0.21080338955126285, "params": {"u": 7.391295591479754, "v": 9.809870292999806, "x": 2.806967799350031, "y": 8.940952764409737}, "datetime": {"datetime": "2024-02-27 10:50:43", "elapsed": 1024.562184, "delta": 3.464771}}
{"target": 5.349419893446895, "params": {"u": 4.222294890553435, "v": 4.37066112736681, "x": 3.6748757255347773, "y": 3.995701482303944}, "datetime": {"datetime": "2024-02-27 10:50:48", "elapsed": 1029.418387, "delta": 4.856203}}
{"target": 3.1945124236755618, "params": {"u": 5.403084901749962, "v": 3.666509074347264, "x": 4.90837252969065, "y": 3.3179853086479447}, "datetime": {"datetime": "2024-02-27 10:50:52", "elapsed": 1033.251121, "delta": 3.832734}}
{"target": 0.18769495172582734, "params": {"u": 2.852501840515662, "v": 1.8514656728910417, "x": 8.925279830305227, "y": 5.422839775923254}, "datetime": {"datetime": "2024-02-27 10:50:53", "elapsed": 1034.954827, "delta": 1.703706}}
{"target": 0.5995447889826365, "params": {"u": 6.040795078270444, "v": 2.149559706639186, "x": 5.830370877706917, "y": 0.16264631755799952}, "datetime": {"datetime": "2024-02-27 10:50:55", "elapsed": 1036.680351, "delta": 1.725524}}
{"target": 0.3366335553061645, "params": {"u": 2.1798998001025205, "v": 7.38261147147003, "x": 0.40826816753729456, "y": 7.630068944097051}, "datetime": {"datetime": "2024-02-27 10:50:57", "elapsed": 1038.4781, "delta": 1.797749}}
{"target": 3.461066337251872, "params": {"u": 4.244813706506033, "v": 4.740282432733425, "x": 3.5966643950656207, "y": 4.265710337267956}, "datetime": {"datetime": "2024-02-27 10:51:06", "elapsed": 1047.818037, "delta": 9.339937}}
{"target": 1.3090428380290438, "params": {"u": 3.9871971604216947, "v": 4.86273693885702, "x": 4.083115678796235, "y": 3.9900191353386285}, "datetime": {"datetime": "2024-02-27 10:51:13", "elapsed": 1054.741499, "delta": 6.923462}}
{"target": 0.3715729372615036, "params": {"u": 9.020196761104632, "v": 7.2620209780353875, "x": 7.8373404423641935, "y": 5.846364529054596}, "datetime": {"datetime": "2024-02-27 10:51:15", "elapsed": 1057.042468, "delta": 2.300969}}
{"target": 0.1569816002465879, "params": {"u": 9.96839994140434, "v": 2.8635600880242573, "x": 0.0908461076781808, "y": 3.5910355524324586}, "datetime": {"datetime": "2024-02-27 10:51:22", "elapsed": 1063.84177, "delta": 6.799302}}
{"target": 3.5729885536570665, "params": {"u": 4.937122345231688, "v": 4.765017288190649, "x": 3.8635198286464654, "y": 3.5393124669614675}, "datetime": {"datetime": "2024-02-27 10:51:28", "elapsed": 1069.638723, "delta": 5.796953}}
{"target": 3.7143218004629106, "params": {"u": 4.807565104532976, "v": 4.9172254502194495, "x": 3.7311467177038327, "y": 4.368664823275546}, "datetime": {"datetime": "2024-02-27 10:51:33", "elapsed": 1074.79322, "delta": 5.154497}}
{"target": 0.3104971948736085, "params": {"u": 5.409869516861451, "v": 1.0692695671158026, "x": 5.678991103880525, "y": 6.661135615560014}, "datetime": {"datetime": "2024-02-27 10:51:36", "elapsed": 1077.590145, "delta": 2.796925}}
{"target": 0.3188953792481895, "params": {"u": 2.861435103419266, "v": 4.93907672629558, "x": 1.361385916425767, "y": 2.475435285335635}, "datetime": {"datetime": "2024-02-27 10:51:39", "elapsed": 1081.143171, "delta": 3.553026}}
{"target": 0.2902852660911315, "params": {"u": 5.409716217820542, "v": 9.063313484323425, "x": 7.9828330529162415, "y": 6.880645991403855}, "datetime": {"datetime": "2024-02-27 10:51:41", "elapsed": 1082.917155, "delta": 1.773984}}
{"target": 0.1319690241329954, "params": {"u": 0.0579799910406642, "v": 2.7240904440104075, "x": 0.8607677892296661, "y": 8.738162636833742}, "datetime": {"datetime": "2024-02-27 10:51:52", "elapsed": 1093.357586, "delta": 10.440431}}
{"target": 0.1677453555576213, "params": {"u": 6.195765703015725, "v": 6.625745372955626, "x": 0.5143929751325693, "y": 0.03152973450442298}, "datetime": {"datetime": "2024-02-27 10:52:03", "elapsed": 1105.169515, "delta": 11.811929}}
{"target": 1.4824948519741719, "params": {"u": 4.226835231731217, "v": 4.367664925884282, "x": 4.925331970014878, "y": 4.3877236744855015}, "datetime": {"datetime": "2024-02-27 10:52:14", "elapsed": 1116.076645, "delta": 10.90713}}
{"target": 0.2068105237846851, "params": {"u": 4.184331810402848, "v": 7.5433099494388856, "x": 7.876829682954762, "y": 0.36306907926771825}, "datetime": {"datetime": "2024-02-27 10:52:23", "elapsed": 1125.195737, "delta": 9.119092}}
{"target": 0.2634828025936921, "params": {"u": 3.3941326104693514, "v": 6.830045622455172, "x": 5.097523767252692, "y": 9.908648171831357}, "datetime": {"datetime": "2024-02-27 10:52:37", "elapsed": 1138.743484, "delta": 13.547747}}
{"target": 0.5598965496141922, "params": {"u": 4.7089403426605125, "v": 3.5521816012147878, "x": 5.601007177339232, "y": 5.714765444907001}, "datetime": {"datetime": "2024-02-27 10:52:41", "elapsed": 1142.702587, "delta": 3.959103}}
{"target": 0.197403257687933, "params": {"u": 2.0127058378210405, "v": 9.011015228116728, "x": 4.820701649322184, "y": 2.4643134879790782}, "datetime": {"datetime": "2024-02-27 10:52:43", "elapsed": 1144.528952, "delta": 1.826365}}
{"target": 0.20588310241874874, "params": {"u": 9.931545359353104, "v": 9.962673014102663, "x": 9.960946894550107, "y": 5.640610002453279}, "datetime": {"datetime": "2024-02-27 10:52:47", "elapsed": 1148.598835, "delta": 4.069883}}
{"target": 6.495808674237279, "params": {"u": 4.143772199810924, "v": 4.401262567675591, "x": 4.0706747292421, "y": 3.7473448259053277}, "datetime": {"datetime": "2024-02-27 10:52:53", "elapsed": 1154.991126, "delta": 6.392291}}
{"target": 0.16909593601058107, "params": {"u": 0.6998807995515377, "v": 6.50842695702734, "x": 5.9557898796257405, "y": 0.7422130481301259}, "datetime": {"datetime": "2024-02-27 10:52:55", "elapsed": 1156.927321, "delta": 1.936195}}
{"target": 0.2100803906292232, "params": {"u": 9.97849128193009, "v": 9.814080347662198, "x": 7.035371379596581, "y": 3.680171195719919}, "datetime": {"datetime": "2024-02-27 10:52:59", "elapsed": 1160.477656, "delta": 3.550335}}
{"target": 0.13604955306974315, "params": {"u": 1.3777692843825884, "v": 8.613902775734623, "x": 0.5637289117621702, "y": 0.8383413594571709}, "datetime": {"datetime": "2024-02-27 10:53:01", "elapsed": 1163.008241, "delta": 2.530585}}
{"target": 0.5701689224311828, "params": {"u": 7.631143065444287, "v": 7.141967290586459, "x": 8.722165878652152, "y": 7.7762261294710076}, "datetime": {"datetime": "2024-02-27 10:53:05", "elapsed": 1166.766687, "delta": 3.758446}}
{"target": 5.477596687312515, "params": {"u": 4.802143006326802, "v": 4.066743841377965, "x": 3.772240142516413, "y": 3.776883455571658}, "datetime": {"datetime": "2024-02-27 10:53:11", "elapsed": 1172.611456, "delta": 5.844769}}
{"target": 0.19092821374388738, "params": {"u": 0.010347034814655043, "v": 6.692563972395008, "x": 7.394916393190752, "y": 5.87721777219962}, "datetime": {"datetime": "2024-02-27 10:53:15", "elapsed": 1176.624877, "delta": 4.013421}}
{"target": 0.5996467080848725, "params": {"u": 2.5085675748319924, "v": 9.828060271327322, "x": 1.2964836789913181, "y": 7.793135352116884}, "datetime": {"datetime": "2024-02-27 10:53:19", "elapsed": 1181.174945, "delta": 4.550068}}
{"target": 0.17896207682498866, "params": {"u": 5.098488263924157, "v": 9.41438036584166, "x": 5.761766985813202, "y": 0.5715365335097466}, "datetime": {"datetime": "2024-02-27 10:53:24", "elapsed": 1185.614358, "delta": 4.439413}}
{"target": 1.5076887870722337, "params": {"u": 5.132709651486764, "v": 4.109407817786803, "x": 3.855184716908976, "y": 3.935637124982574}, "datetime": {"datetime": "2024-02-27 10:53:28", "elapsed": 1190.00505, "delta": 4.390692}}
{"target": 3.4657250848141565, "params": {"u": 4.83805910737655, "v": 4.226098749586699, "x": 3.6938856077417936, "y": 4.373559685317542}, "datetime": {"datetime": "2024-02-27 10:53:36", "elapsed": 1197.699262, "delta": 7.694212}}
{"target": 0.2390830813422361, "params": {"u": 2.876931503714978, "v": 0.07140229834443734, "x": 6.702382742909863, "y": 1.8331251581219543}, "datetime": {"datetime": "2024-02-27 10:53:43", "elapsed": 1205.00828, "delta": 7.309018}}
{"target": 0.18505474158598129, "params": {"u": 7.540263912443241, "v": 6.622210221789725, "x": 0.13325632857011493, "y": 7.8945830331736735}, "datetime": {"datetime": "2024-02-27 10:53:52", "elapsed": 1214.027281, "delta": 9.019001}}
