{"target": 0.04926301718357344, "params": {"u": 13.0, "v": 7.9481376127816326, "w": 10.691128585990086, "x": 2.9590832814833763, "y": 2.971117529039689}, "datetime": {"datetime": "2024-02-25 10:40:01", "elapsed": 2905.969138, "delta": 3.615833}}
{"target": 0.02036453602819414, "params": {"u": 5.076245180751483, "v": 6.3947006373406206, "w": 7.954080345224612, "x": 0.5, "y": 5.0}, "datetime": {"datetime": "2024-02-25 10:40:05", "elapsed": 2909.499694, "delta": 3.530556}}
{"target": -0.04352640677599441, "params": {"u": 4.857109500310396, "v": 1.0, "w": 4.993692571124946, "x": 8.0, "y": 5.0}, "datetime": {"datetime": "2024-02-25 10:40:10", "elapsed": 2914.547452, "delta": 5.047758}}
{"target": 0.05410753841078742, "params": {"u": 13.0, "v": 3.5734065857203263, "w": 9.371744666077177, "x": 5.313937254194128, "y": 5.0}, "datetime": {"datetime": "2024-02-25 10:40:21", "elapsed": 2925.657806, "delta": 11.110354}}
{"target": 4.714641971271944, "params": {"u": 8.414057643651565, "v": 12.886689409521047, "w": 10.92053965278683, "x": 2.370457882362961, "y": 2.4980826328705756}, "datetime": {"datetime": "2024-02-25 10:40:27", "elapsed": 2931.443705, "delta": 5.785899}}
{"target": -0.05389883829574328, "params": {"u": 13.0, "v": 6.265534663600409, "w": 6.016024297802741, "x": 3.6027680188962363, "y": 0.1}, "datetime": {"datetime": "2024-02-25 10:40:33", "elapsed": 2937.841935, "delta": 6.39823}}
{"target": -0.01461679060451176, "params": {"u": 13.0, "v": 7.286158582453336, "w": 7.156557104403948, "x": 8.0, "y": 0.1}, "datetime": {"datetime": "2024-02-25 10:40:38", "elapsed": 2942.699286, "delta": 4.857351}}
{"target": -0.32454676489565204, "params": {"u": 6.711652955438456, "v": 12.993450728536121, "w": 12.117547538460816, "x": 1.6368982175044295, "y": 2.0229721771201694}, "datetime": {"datetime": "2024-02-25 10:40:42", "elapsed": 2946.759737, "delta": 4.060451}}
{"target": -0.01461679060451176, "params": {"u": 5.612446237485836, "v": 7.284637981178377, "w": 13.0, "x": 8.0, "y": 0.1}, "datetime": {"datetime": "2024-02-25 10:40:47", "elapsed": 2951.46653, "delta": 4.706793}}
{"target": -0.10153401285748623, "params": {"u": 6.6611224849720125, "v": 5.504280933139956, "w": 9.4168709634214, "x": 8.0, "y": 5.0}, "datetime": {"datetime": "2024-02-25 10:40:55", "elapsed": 2959.716255, "delta": 8.249725}}
{"target": -0.02677991427137185, "params": {"u": 1.0, "v": 4.288751364687944, "w": 13.0, "x": 2.2937100638938555, "y": 0.1}, "datetime": {"datetime": "2024-02-25 10:40:59", "elapsed": 2964.136699, "delta": 4.420444}}
{"target": 3.581869776708793, "params": {"u": 8.557413049762461, "v": 12.151595893967265, "w": 10.407315847635171, "x": 1.6559157685308463, "y": 1.2016479074572641}, "datetime": {"datetime": "2024-02-25 10:41:02", "elapsed": 2967.239753, "delta": 3.103054}}
{"target": 0.018672012530930614, "params": {"u": 1.0, "v": 10.163853701522408, "w": 4.379219822947394, "x": 4.325498106214944, "y": 5.0}, "datetime": {"datetime": "2024-02-25 10:41:10", "elapsed": 2974.517851, "delta": 7.278098}}
{"target": -0.04008081165751025, "params": {"u": 9.40526225628488, "v": 3.9797244180308704, "w": 9.699301433511012, "x": 4.884570110001339, "y": 0.1}, "datetime": {"datetime": "2024-02-25 10:41:15", "elapsed": 2979.883658, "delta": 5.365807}}
{"target": 0.07663941626410957, "params": {"u": 13.0, "v": 13.0, "w": 9.169837286483617, "x": 8.0, "y": 5.0}, "datetime": {"datetime": "2024-02-25 10:41:22", "elapsed": 2986.778398, "delta": 6.89474}}
{"target": -0.01369266919457209, "params": {"u": 13.0, "v": 13.0, "w": 13.0, "x": 4.143966318017873, "y": 1.7086518916944962}, "datetime": {"datetime": "2024-02-25 10:41:31", "elapsed": 2995.631291, "delta": 8.852893}}
{"target": -0.023431333764757867, "params": {"u": 10.649326781695551, "v": 10.501204119396858, "w": 1.0, "x": 3.221564093860974, "y": 5.0}, "datetime": {"datetime": "2024-02-25 10:41:35", "elapsed": 3000.178509, "delta": 4.547218}}
{"target": 0.03166745868878804, "params": {"u": 6.8861225110177635, "v": 8.128029349196554, "w": 8.651925017167821, "x": 8.0, "y": 0.1}, "datetime": {"datetime": "2024-02-25 10:41:45", "elapsed": 3009.404413, "delta": 9.225904}}
{"target": 0.07663941626410957, "params": {"u": 8.83106571972401, "v": 1.0, "w": 13.0, "x": 8.0, "y": 5.0}, "datetime": {"datetime": "2024-02-25 10:41:47", "elapsed": 3012.112304, "delta": 2.707891}}
{"target": -0.016134353310209303, "params": {"u": 1.0, "v": 3.391854597029125, "w": 1.0, "x": 4.624416056253405, "y": 0.1}, "datetime": {"datetime": "2024-02-25 10:41:52", "elapsed": 3016.500303, "delta": 4.387999}}
{"target": 0.02036453602819414, "params": {"u": 8.758312589207224, "v": 9.059926454444806, "w": 13.0, "x": 0.5, "y": 5.0}, "datetime": {"datetime": "2024-02-25 10:41:56", "elapsed": 3020.547402, "delta": 4.047099}}
{"target": 0.014031589433846655, "params": {"u": 13.0, "v": 5.585015576435762, "w": 5.386528462883584, "x": 0.5, "y": 5.0}, "datetime": {"datetime": "2024-02-25 10:41:59", "elapsed": 3024.120486, "delta": 3.573084}}
{"target": 4.428850125174812, "params": {"u": 8.25612204551217, "v": 12.800774816760896, "w": 9.446457882093227, "x": 1.8508913571761438, "y": 1.6487629715486205}, "datetime": {"datetime": "2024-02-25 10:42:04", "elapsed": 3028.37782, "delta": 4.257334}}
{"target": 0.03796275742616612, "params": {"u": 4.872125186645714, "v": 9.939829605973902, "w": 6.754645647523073, "x": 8.0, "y": 5.0}, "datetime": {"datetime": "2024-02-25 10:42:06", "elapsed": 3030.440187, "delta": 2.062367}}
{"target": 0.06165085091928992, "params": {"u": 3.9610703989028426, "v": 5.915215290240216, "w": 8.830492206123767, "x": 0.5, "y": 0.1}, "datetime": {"datetime": "2024-02-25 10:42:09", "elapsed": 3033.966942, "delta": 3.526755}}
{"target": 0.044929668362492986, "params": {"u": 1.9673483967694279, "v": 1.0, "w": 13.0, "x": 4.464700423314711, "y": 0.1}, "datetime": {"datetime": "2024-02-25 10:42:11", "elapsed": 3035.721892, "delta": 1.75495}}
{"target": 0.020683191318772186, "params": {"u": 5.23220120006363, "v": 3.425838181873637, "w": 13.0, "x": 8.0, "y": 2.157516595057702}, "datetime": {"datetime": "2024-02-25 10:42:13", "elapsed": 3038.050656, "delta": 2.328764}}
{"target": -0.03364138638452215, "params": {"u": 4.48627132045266, "v": 9.793171371840861, "w": 13.0, "x": 8.0, "y": 5.0}, "datetime": {"datetime": "2024-02-25 10:42:15", "elapsed": 3039.524992, "delta": 1.474336}}
{"target": -0.058325557480715266, "params": {"u": 13.0, "v": 1.0, "w": 4.338335376571581, "x": 0.5, "y": 2.386904759772761}, "datetime": {"datetime": "2024-02-25 10:42:16", "elapsed": 3041.029712, "delta": 1.50472}}
{"target": -0.04404308023013957, "params": {"u": 2.7538383759367484, "v": 12.246410435537305, "w": 1.3914780157854727, "x": 0.5834847773591729, "y": 2.005435605805699}, "datetime": {"datetime": "2024-02-25 10:42:18", "elapsed": 3043.063035, "delta": 2.033323}}
{"target": -0.08215147054603868, "params": {"u": 3.1744230794824446, "v": 1.0, "w": 9.960057008618488, "x": 8.0, "y": 0.1}, "datetime": {"datetime": "2024-02-25 10:42:20", "elapsed": 3044.987824, "delta": 1.924789}}
{"target": 4.891407468580294, "params": {"u": 8.239171938047042, "v": 12.574582541131807, "w": 11.27285038122014, "x": 2.0366117660796794, "y": 1.991597096596071}, "datetime": {"datetime": "2024-02-25 10:42:22", "elapsed": 3047.083373, "delta": 2.095549}}
{"target": 0.020560843056582956, "params": {"u": 13.0, "v": 2.028242320877857, "w": 13.0, "x": 3.90756548833007, "y": 5.0}, "datetime": {"datetime": "2024-02-25 10:42:25", "elapsed": 3049.751925, "delta": 2.668552}}
{"target": -0.012812181046411408, "params": {"u": 1.0, "v": 9.662742926543597, "w": 1.0, "x": 4.286881555325633, "y": 1.2038008482054263}, "datetime": {"datetime": "2024-02-25 10:42:27", "elapsed": 3051.781561, "delta": 2.029636}}
{"target": 4.277580372188575, "params": {"u": 8.438020982686155, "v": 12.669027154042784, "w": 11.352023235720168, "x": 2.356988935120158, "y": 2.187618241322971}, "datetime": {"datetime": "2024-02-25 10:42:29", "elapsed": 3053.54763, "delta": 1.766069}}
{"target": 0.037578765200943866, "params": {"u": 4.203643465487284, "v": 1.0, "w": 5.9818578950423635, "x": 5.602486940800453, "y": 0.1}, "datetime": {"datetime": "2024-02-25 10:42:31", "elapsed": 3055.631692, "delta": 2.084062}}
{"target": 4.312198730652536, "params": {"u": 7.974807955916345, "v": 12.860288207653321, "w": 11.441759574549145, "x": 1.9509346884233847, "y": 2.365790559704122}, "datetime": {"datetime": "2024-02-25 10:42:32", "elapsed": 3057.283308, "delta": 1.651616}}
{"target": 0.016632305849210487, "params": {"u": 4.939508445757486, "v": 7.858913860424393, "w": 13.0, "x": 0.5, "y": 5.0}, "datetime": {"datetime": "2024-02-25 10:42:34", "elapsed": 3058.623718, "delta": 1.34041}}
{"target": 0.12866039223180287, "params": {"u": 10.658635922165876, "v": 1.0, "w": 6.424896177244349, "x": 3.9789975897085417, "y": 0.1}, "datetime": {"datetime": "2024-02-25 10:42:35", "elapsed": 3060.069674, "delta": 1.445956}}
{"target": -0.007684421375029415, "params": {"u": 1.0, "v": 13.0, "w": 5.886574146653773, "x": 2.1663232673131905, "y": 2.7397606670005086}, "datetime": {"datetime": "2024-02-25 10:42:37", "elapsed": 3061.559928, "delta": 1.490254}}
{"target": 3.019147389448772, "params": {"u": 8.013900334084527, "v": 12.918475476708576, "w": 9.725116706403305, "x": 1.9480596914835007, "y": 0.910347149141126}, "datetime": {"datetime": "2024-02-25 10:42:38", "elapsed": 3062.882614, "delta": 1.322686}}
{"target": 1.0131175355771973, "params": {"u": 6.968863630939254, "v": 12.322769052156115, "w": 11.93991434107143, "x": 0.5, "y": 0.1}, "datetime": {"datetime": "2024-02-25 10:42:39", "elapsed": 3064.144929, "delta": 1.262315}}
{"target": 0.044422738633276074, "params": {"u": 5.653771953095152, "v": 1.0, "w": 13.0, "x": 3.624518419992664, "y": 0.1}, "datetime": {"datetime": "2024-02-25 10:42:42", "elapsed": 3066.563028, "delta": 2.418099}}
{"target": 0.03606018156484443, "params": {"u": 9.202006739139815, "v": 5.444963734750878, "w": 6.694993428795847, "x": 0.5, "y": 5.0}, "datetime": {"datetime": "2024-02-25 10:42:43", "elapsed": 3067.919561, "delta": 1.356533}}
{"target": 0.022201818014121886, "params": {"u": 1.0, "v": 1.0, "w": 8.008779651091269, "x": 3.5687692727633387, "y": 5.0}, "datetime": {"datetime": "2024-02-25 10:42:46", "elapsed": 3071.177261, "delta": 3.2577}}
{"target": 0.07814944675130532, "params": {"u": 11.155676911688197, "v": 8.424761041069607, "w": 11.236448545826718, "x": 5.685033437323194, "y": 1.1155825479769605}, "datetime": {"datetime": "2024-02-25 10:42:47", "elapsed": 3072.331507, "delta": 1.154246}}
