{"target": 0.30711341487815397, "params": {"u": 7.455242010113688, "v": 12.765654844019174, "w": 7.417850793230897, "x": 3.1907725550689694, "y": 3.9639190937779136}, "datetime": {"datetime": "2024-02-25 09:52:24", "elapsed": 48.685009, "delta": 1.793436}}
{"target": 0.21336582682782584, "params": {"u": 7.789765657081794, "v": 5.720268787696577, "w": 9.833209245895624, "x": 3.3720634276569386, "y": 2.9143855101648852}, "datetime": {"datetime": "2024-02-25 09:52:25", "elapsed": 49.638037, "delta": 0.953028}}
{"target": -0.07479695331105547, "params": {"u": 8.488729537146373, "v": 12.398493376690782, "w": 7.6376426224549485, "x": 2.899742050038294, "y": 3.695193226409644}, "datetime": {"datetime": "2024-02-25 09:52:26", "elapsed": 51.079689, "delta": 1.441652}}
{"target": 0.07243492497060114, "params": {"u": 7.612832103783876, "v": 12.438403891455234, "w": 7.33602458062079, "x": 3.254383170858119, "y": 3.8854301697116784}, "datetime": {"datetime": "2024-02-25 09:52:27", "elapsed": 51.882709, "delta": 0.80302}}
{"target": 0.009881342026438466, "params": {"u": 12.07900019416607, "v": 8.181179209325737, "w": 9.045541094846968, "x": 4.111387529830347, "y": 3.9450175017799682}, "datetime": {"datetime": "2024-02-25 09:52:28", "elapsed": 52.480193, "delta": 0.597484}}
{"target": -0.18294393585526286, "params": {"u": 8.301248105780386, "v": 12.900526701658592, "w": 7.465668046805704, "x": 3.508011118485715, "y": 2.910980527570484}, "datetime": {"datetime": "2024-02-25 09:52:29", "elapsed": 53.989604, "delta": 1.509411}}
{"target": 0.08844262462444143, "params": {"u": 7.93983917349677, "v": 6.0329076365216245, "w": 10.458797729401502, "x": 7.956073111869343, "y": 0.9327130883122006}, "datetime": {"datetime": "2024-02-25 09:52:30", "elapsed": 55.145411, "delta": 1.155807}}
{"target": 0.004530421322520066, "params": {"u": 6.504397803649725, "v": 1.6497796165920842, "w": 10.514682474983985, "x": 0.9621823826403243, "y": 4.460217808871489}, "datetime": {"datetime": "2024-02-25 09:52:33", "elapsed": 57.731213, "delta": 2.585802}}
{"target": 0.059950733765110446, "params": {"u": 10.772721369241701, "v": 7.919594164212573, "w": 5.606098480708754, "x": 1.6591141041696802, "y": 2.5448792832656353}, "datetime": {"datetime": "2024-02-25 09:52:34", "elapsed": 58.669301, "delta": 0.938088}}
{"target": -0.002499054857598771, "params": {"u": 11.248347297679082, "v": 10.961588395689333, "w": 8.333592885136984, "x": 1.863263198349478, "y": 2.8139523298835756}, "datetime": {"datetime": "2024-02-25 09:52:35", "elapsed": 59.339415, "delta": 0.670114}}
{"target": -0.08191166342998273, "params": {"u": 4.6021272871815775, "v": 3.570409789621935, "w": 10.121689897975273, "x": 5.933305054766795, "y": 3.958688997712781}, "datetime": {"datetime": "2024-02-25 09:52:36", "elapsed": 60.334648, "delta": 0.995233}}
{"target": 0.09165813191013218, "params": {"u": 4.218256361612512, "v": 1.9017765779875724, "w": 11.790253706195823, "x": 7.286925965647121, "y": 4.192304031891777}, "datetime": {"datetime": "2024-02-25 09:52:36", "elapsed": 60.895007, "delta": 0.560359}}
{"target": 0.006313072730115882, "params": {"u": 6.605444961486157, "v": 1.568963293947741, "w": 11.05908721324685, "x": 1.0486953670844397, "y": 4.547900932666994}, "datetime": {"datetime": "2024-02-25 09:52:37", "elapsed": 61.35482, "delta": 0.459813}}
{"target": -0.03508760098497577, "params": {"u": 2.349374569076568, "v": 7.177127072617826, "w": 6.335905842625895, "x": 4.935316899865608, "y": 4.876011630507103}, "datetime": {"datetime": "2024-02-25 09:52:37", "elapsed": 62.055878, "delta": 0.701058}}
{"target": 0.006322447580833698, "params": {"u": 10.923268200142035, "v": 9.301302542222784, "w": 12.801115572927475, "x": 7.130866241008988, "y": 1.2019458369964635}, "datetime": {"datetime": "2024-02-25 09:52:38", "elapsed": 62.956998, "delta": 0.90112}}
{"target": -0.06125546920678642, "params": {"u": 2.7813119550500036, "v": 12.080393352068018, "w": 9.560955812458582, "x": 7.864190265000575, "y": 3.9988951392264314}, "datetime": {"datetime": "2024-02-25 09:52:39", "elapsed": 63.664868, "delta": 0.70787}}
{"target": 0.04213607489315995, "params": {"u": 10.3496758953051, "v": 12.155368852142143, "w": 10.492650001152354, "x": 7.062944044356894, "y": 2.4097809397872627}, "datetime": {"datetime": "2024-02-25 09:52:40", "elapsed": 64.523946, "delta": 0.859078}}
{"target": -0.16030424557268297, "params": {"u": 8.011270463723662, "v": 5.898066320067905, "w": 10.319435438070723, "x": 4.0763382086458515, "y": 2.575796294710195}, "datetime": {"datetime": "2024-02-25 09:52:40", "elapsed": 65.102099, "delta": 0.578153}}
{"target": 0.14844090664666065, "params": {"u": 7.218383645542406, "v": 12.498646654108871, "w": 7.192383540050623, "x": 3.900453607298256, "y": 3.398028634199602}, "datetime": {"datetime": "2024-02-25 09:52:41", "elapsed": 65.879853, "delta": 0.777754}}
{"target": 0.29791229593959107, "params": {"u": 6.445483873093529, "v": 1.3390675975794926, "w": 10.539613739235332, "x": 1.9678659893852355, "y": 4.178780388099255}, "datetime": {"datetime": "2024-02-25 09:52:42", "elapsed": 66.916997, "delta": 1.037144}}
{"target": 0.013419182175570896, "params": {"u": 9.223453420011682, "v": 12.247387154390777, "w": 11.509414698293345, "x": 7.855987032061024, "y": 0.6670024792477985}, "datetime": {"datetime": "2024-02-25 09:52:43", "elapsed": 68.110128, "delta": 1.193131}}
{"target": 0.044918234454408526, "params": {"u": 2.355743617772116, "v": 8.109247308459775, "w": 9.560707452498415, "x": 7.43556952285707, "y": 3.6703620774587264}, "datetime": {"datetime": "2024-02-25 09:52:45", "elapsed": 69.401916, "delta": 1.291788}}
{"target": 0.36659707291132454, "params": {"u": 11.951355997637707, "v": 12.803717985518626, "w": 9.526233591951675, "x": 3.14140122551646, "y": 1.112948138517596}, "datetime": {"datetime": "2024-02-25 09:52:46", "elapsed": 70.644148, "delta": 1.242232}}
{"target": 0.10883767229576033, "params": {"u": 7.820346449100024, "v": 10.818381582030984, "w": 11.40510822197634, "x": 2.4453306438511326, "y": 1.173279691378399}, "datetime": {"datetime": "2024-02-25 09:52:47", "elapsed": 71.494696, "delta": 0.850548}}
{"target": -0.20577379218973507, "params": {"u": 7.582013905900684, "v": 5.441695244852653, "w": 9.684642656627997, "x": 3.632600620437337, "y": 3.436955687431301}, "datetime": {"datetime": "2024-02-25 09:52:48", "elapsed": 72.932217, "delta": 1.437521}}
{"target": -0.12989611263040277, "params": {"u": 10.926647283151976, "v": 2.6020664109091993, "w": 7.634787265461124, "x": 3.8974536494172134, "y": 2.0775620787099665}, "datetime": {"datetime": "2024-02-25 09:52:50", "elapsed": 74.812556, "delta": 1.880339}}
{"target": 0.498660897364708, "params": {"u": 7.8318881755297305, "v": 12.871904807487399, "w": 7.419912322634332, "x": 3.1285554018995914, "y": 4.0975276177752695}, "datetime": {"datetime": "2024-02-25 09:52:52", "elapsed": 76.85621, "delta": 2.043654}}
{"target": 0.1308583396979906, "params": {"u": 7.455206014804601, "v": 6.141129626389891, "w": 9.560644516896714, "x": 4.014090640513702, "y": 3.087590789243319}, "datetime": {"datetime": "2024-02-25 09:52:54", "elapsed": 78.822787, "delta": 1.966577}}
{"target": -0.06976429633433406, "params": {"u": 6.182722767095717, "v": 11.9449850184504, "w": 9.414490306010826, "x": 7.938309364218412, "y": 2.7222997258019688}, "datetime": {"datetime": "2024-02-25 09:52:55", "elapsed": 80.252027, "delta": 1.42924}}
{"target": -0.2086874284627563, "params": {"u": 8.129762402482383, "v": 12.460133680891332, "w": 7.408454159746899, "x": 3.0653797547884394, "y": 4.22682525534982}, "datetime": {"datetime": "2024-02-25 09:52:56", "elapsed": 81.059297, "delta": 0.80727}}
{"target": 0.4149162403172964, "params": {"u": 6.506209576525331, "v": 1.1471961849535064, "w": 10.18649214627122, "x": 1.5064016667939788, "y": 4.687296146081667}, "datetime": {"datetime": "2024-02-25 09:52:57", "elapsed": 81.867529, "delta": 0.808232}}
{"target": 0.0015493931080660728, "params": {"u": 6.190149157342294, "v": 1.3623984918004601, "w": 11.084093295811371, "x": 0.9813366951350462, "y": 3.9775814746960965}, "datetime": {"datetime": "2024-02-25 09:52:59", "elapsed": 83.69787, "delta": 1.830341}}
{"target": 0.03521544736343677, "params": {"u": 5.102715052777007, "v": 10.1687501945009, "w": 3.201873691636593, "x": 6.878386005218655, "y": 0.6727203733635575}, "datetime": {"datetime": "2024-02-25 09:52:59", "elapsed": 84.271704, "delta": 0.573834}}
{"target": 0.374605881227953, "params": {"u": 11.82485838251456, "v": 12.916480779196398, "w": 9.496271029761182, "x": 3.5975091666275265, "y": 0.8921285798288}, "datetime": {"datetime": "2024-02-25 09:53:01", "elapsed": 85.687674, "delta": 1.41597}}
{"target": -0.12070025637338853, "params": {"u": 3.624011677840697, "v": 5.638645325013827, "w": 10.922163684221168, "x": 1.5979185823914381, "y": 1.2084843543277888}, "datetime": {"datetime": "2024-02-25 09:53:01", "elapsed": 86.245081, "delta": 0.557407}}
{"target": 0.0043309312453595605, "params": {"u": 11.239000501815504, "v": 1.332752726390892, "w": 11.797596871148068, "x": 4.74576076292561, "y": 1.7246692254544667}, "datetime": {"datetime": "2024-02-25 09:53:03", "elapsed": 87.647411, "delta": 1.40233}}
{"target": 0.0404579284784084, "params": {"u": 2.722792266246422, "v": 8.007204728824128, "w": 9.570973993090572, "x": 7.441516882899987, "y": 3.912396087343305}, "datetime": {"datetime": "2024-02-25 09:53:04", "elapsed": 89.147408, "delta": 1.499997}}
{"target": -0.04352587635564556, "params": {"u": 6.520229080868906, "v": 6.7712920118316795, "w": 8.26058375849425, "x": 6.486737138515249, "y": 3.455877498860709}, "datetime": {"datetime": "2024-02-25 09:53:05", "elapsed": 89.817362, "delta": 0.669954}}
{"target": -0.06386292391655175, "params": {"u": 10.145844068138533, "v": 10.276776961349725, "w": 11.458364057901814, "x": 6.32968211137129, "y": 1.8551969737901206}, "datetime": {"datetime": "2024-02-25 09:53:06", "elapsed": 90.657204, "delta": 0.839842}}
{"target": 0.03560124208945209, "params": {"u": 4.138287688582616, "v": 11.609244919389646, "w": 12.76213461311761, "x": 6.935498053188175, "y": 0.5131258265665307}, "datetime": {"datetime": "2024-02-25 09:53:06", "elapsed": 91.167104, "delta": 0.5099}}
{"target": 0.01837251304201041, "params": {"u": 11.089005868338859, "v": 5.344000522878632, "w": 1.7847961683198736, "x": 3.516017302282873, "y": 3.358526179327831}, "datetime": {"datetime": "2024-02-25 09:53:07", "elapsed": 91.662771, "delta": 0.495667}}
{"target": 0.21244590134128058, "params": {"u": 7.626247119168394, "v": 5.138544362478266, "w": 10.372266168035571, "x": 3.6380538956450934, "y": 2.8316992403900856}, "datetime": {"datetime": "2024-02-25 09:53:08", "elapsed": 92.617018, "delta": 0.954247}}
{"target": 0.005712606186984579, "params": {"u": 7.207804746760225, "v": 7.627428561365, "w": 1.07469481315283, "x": 2.7407790885568843, "y": 0.5862680508200303}, "datetime": {"datetime": "2024-02-25 09:53:08", "elapsed": 93.31463, "delta": 0.697612}}
{"target": -0.6476162003739621, "params": {"u": 7.617332806694318, "v": 12.51113686469277, "w": 7.755871836411233, "x": 2.472082683358684, "y": 3.518074879511017}, "datetime": {"datetime": "2024-02-25 09:53:10", "elapsed": 95.179884, "delta": 1.865254}}
{"target": -0.04256223769740147, "params": {"u": 12.597888038538862, "v": 6.222965107425998, "w": 9.55170929125564, "x": 7.4659416969851495, "y": 1.6308980837266136}, "datetime": {"datetime": "2024-02-25 09:53:12", "elapsed": 96.348099, "delta": 1.168215}}
{"target": 0.4103076989672622, "params": {"u": 11.594275008108323, "v": 12.986109390337159, "w": 9.225929066600807, "x": 3.031017446894243, "y": 1.4125340975178078}, "datetime": {"datetime": "2024-02-25 09:53:14", "elapsed": 98.340607, "delta": 1.992508}}
{"target": 0.10671467456536292, "params": {"u": 12.343394757381208, "v": 12.73070733857015, "w": 9.521058199745042, "x": 3.0016662281792064, "y": 1.5005749468288605}, "datetime": {"datetime": "2024-02-25 09:53:15", "elapsed": 99.502219, "delta": 1.161612}}
{"target": 0.08353762745656866, "params": {"u": 7.689278517157472, "v": 10.895816311211647, "w": 11.61112610429296, "x": 2.5697672222235868, "y": 1.206498505060634}, "datetime": {"datetime": "2024-02-25 09:53:16", "elapsed": 100.33519, "delta": 0.832971}}
{"target": -0.05753809078878054, "params": {"u": 2.894819218034592, "v": 8.599196816849672, "w": 11.336393186776192, "x": 0.5168640843054981, "y": 4.716696269073722}, "datetime": {"datetime": "2024-02-25 09:53:16", "elapsed": 101.225648, "delta": 0.890458}}
{"target": 0.06432969748450228, "params": {"u": 10.161804392946578, "v": 1.0407998653262407, "w": 5.935899119116971, "x": 2.9170382926484075, "y": 0.26854792673839256}, "datetime": {"datetime": "2024-02-25 09:53:17", "elapsed": 101.881538, "delta": 0.65589}}
{"target": 0.09600973512642413, "params": {"u": 6.473791849684455, "v": 1.126746517885906, "w": 10.872492336621205, "x": 1.1558354076216193, "y": 3.9457929294765814}, "datetime": {"datetime": "2024-02-25 09:53:18", "elapsed": 103.00948, "delta": 1.127942}}
{"target": 0.5205545605463039, "params": {"u": 6.859756086884502, "v": 1.7967577826036107, "w": 10.829940469350188, "x": 1.482319984577086, "y": 4.447860684184156}, "datetime": {"datetime": "2024-02-25 09:53:20", "elapsed": 104.792409, "delta": 1.782929}}
{"target": -0.09864025767477784, "params": {"u": 7.367879055168515, "v": 4.36914787337186, "w": 10.37520133176872, "x": 5.845627569028129, "y": 4.743695974404747}, "datetime": {"datetime": "2024-02-25 09:53:21", "elapsed": 105.410717, "delta": 0.618308}}
{"target": -0.02008337583139862, "params": {"u": 9.712870362184379, "v": 2.729462180566777, "w": 12.175182233275212, "x": 6.264696980165921, "y": 0.7282907433602048}, "datetime": {"datetime": "2024-02-25 09:53:21", "elapsed": 106.316996, "delta": 0.906279}}
{"target": 0.011572160018686918, "params": {"u": 12.51237097136626, "v": 5.684913621441107, "w": 2.0714724491397347, "x": 5.732005144216132, "y": 4.360928598376909}, "datetime": {"datetime": "2024-02-25 09:53:23", "elapsed": 107.585288, "delta": 1.268292}}
{"target": 0.4208222236571291, "params": {"u": 7.236531618262955, "v": 12.05080795378155, "w": 7.521353827123366, "x": 3.560974578996016, "y": 3.892060255076769}, "datetime": {"datetime": "2024-02-25 09:53:25", "elapsed": 109.866842, "delta": 2.281554}}
{"target": -0.07222477050956469, "params": {"u": 10.450379155206218, "v": 5.562962388354623, "w": 6.5096483696554035, "x": 4.728875491808715, "y": 0.7432165726458647}, "datetime": {"datetime": "2024-02-25 09:53:26", "elapsed": 111.147536, "delta": 1.280694}}
{"target": 0.07011663897849903, "params": {"u": 7.439683801346864, "v": 11.893779104918329, "w": 7.498594803343204, "x": 3.312911032500632, "y": 4.479436948300943}, "datetime": {"datetime": "2024-02-25 09:53:27", "elapsed": 111.726615, "delta": 0.579079}}
{"target": 0.542836728200751, "params": {"u": 6.440435614200469, "v": 1.0427501810197315, "w": 10.297630744882097, "x": 1.4179070713657786, "y": 3.8490702389046847}, "datetime": {"datetime": "2024-02-25 09:53:28", "elapsed": 112.596274, "delta": 0.869659}}
{"target": 0.8710322972921694, "params": {"u": 7.301391916758324, "v": 1.6943965883494747, "w": 11.0768288527715, "x": 1.8192350607678534, "y": 4.45527878223235}, "datetime": {"datetime": "2024-02-25 09:53:30", "elapsed": 114.485826, "delta": 1.889552}}
{"target": 0.43402759487152165, "params": {"u": 7.423567887710179, "v": 12.132639090014626, "w": 7.553491045074684, "x": 3.5810589423090997, "y": 3.878710630468338}, "datetime": {"datetime": "2024-02-25 09:53:31", "elapsed": 116.180958, "delta": 1.695132}}
{"target": 0.20035614885206193, "params": {"u": 7.871956331700959, "v": 12.93979285008449, "w": 7.445577992896167, "x": 2.6600901283018863, "y": 4.391982806667719}, "datetime": {"datetime": "2024-02-25 09:53:33", "elapsed": 117.822856, "delta": 1.641898}}
{"target": 0.06907502404258722, "params": {"u": 6.473937616084526, "v": 4.479297526051207, "w": 5.361739396118406, "x": 2.610593995316111, "y": 4.691478256198347}, "datetime": {"datetime": "2024-02-25 09:53:34", "elapsed": 119.026426, "delta": 1.20357}}
{"target": -0.0018706739936884549, "params": {"u": 5.963380199030438, "v": 3.8386912530206057, "w": 2.1412892940295767, "x": 4.406295304619736, "y": 1.3290137989609165}, "datetime": {"datetime": "2024-02-25 09:53:36", "elapsed": 120.606497, "delta": 1.580071}}
{"target": 0.44323451586924095, "params": {"u": 7.755101766562322, "v": 12.987991006462206, "w": 7.176664777308976, "x": 2.994291163558949, "y": 4.490493631778416}, "datetime": {"datetime": "2024-02-25 09:53:37", "elapsed": 121.513915, "delta": 0.907418}}
{"target": -0.08452151606929037, "params": {"u": 7.295405400221677, "v": 6.6108512948378655, "w": 6.130987102696032, "x": 5.488600286813007, "y": 3.6459036873238175}, "datetime": {"datetime": "2024-02-25 09:53:38", "elapsed": 122.950215, "delta": 1.4363}}
{"target": -0.3971666181408035, "params": {"u": 7.279534202345125, "v": 12.31229270776015, "w": 7.674395314998639, "x": 3.6018181289711593, "y": 3.6389668141400855}, "datetime": {"datetime": "2024-02-25 09:53:40", "elapsed": 125.272, "delta": 2.321785}}
{"target": -0.04736851352830301, "params": {"u": 8.112872328787281, "v": 1.7677366352367856, "w": 4.539899172176661, "x": 1.619727012366365, "y": 1.283756521128769}, "datetime": {"datetime": "2024-02-25 09:53:42", "elapsed": 126.454587, "delta": 1.182587}}
{"target": 0.4390432436860147, "params": {"u": 6.96325397904378, "v": 2.11708782528344, "w": 10.779296338661474, "x": 1.668044295085027, "y": 4.9747052603464175}, "datetime": {"datetime": "2024-02-25 09:53:44", "elapsed": 128.925245, "delta": 2.470658}}
{"target": 0.3308664358709448, "params": {"u": 11.55092645110875, "v": 12.739359822335059, "w": 9.420242527170984, "x": 3.565053147862842, "y": 0.5987337194261092}, "datetime": {"datetime": "2024-02-25 09:53:46", "elapsed": 130.994891, "delta": 2.069646}}
{"target": 0.09184208678038805, "params": {"u": 7.65228353424704, "v": 1.6453725012701397, "w": 10.687237818751765, "x": 2.0987672870901015, "y": 4.357389273587105}, "datetime": {"datetime": "2024-02-25 09:53:48", "elapsed": 132.379616, "delta": 1.384725}}
{"target": 0.045197202667365766, "params": {"u": 6.759673861344648, "v": 1.5742490339349344, "w": 10.828217153752684, "x": 1.1077379732108752, "y": 3.83650922158046}, "datetime": {"datetime": "2024-02-25 09:53:49", "elapsed": 133.374488, "delta": 0.994872}}
{"target": 0.010426392183564217, "params": {"u": 12.455766525800867, "v": 7.010120842594942, "w": 5.947984668081931, "x": 6.279726538524131, "y": 2.0854935392160328}, "datetime": {"datetime": "2024-02-25 09:53:49", "elapsed": 134.271103, "delta": 0.896615}}
{"target": 0.006231888913512572, "params": {"u": 2.6280390693655846, "v": 8.687893866549281, "w": 5.107731556664255, "x": 7.299553022919053, "y": 3.0341508061384492}, "datetime": {"datetime": "2024-02-25 09:53:50", "elapsed": 135.314567, "delta": 1.043464}}
{"target": 0.029751327570736525, "params": {"u": 7.3487401552213285, "v": 2.004091816278014, "w": 10.563918271068195, "x": 1.0992162059758108, "y": 4.427046347548392}, "datetime": {"datetime": "2024-02-25 09:53:52", "elapsed": 136.594629, "delta": 1.280062}}
{"target": 0.8014117604089133, "params": {"u": 6.7227492131102276, "v": 2.7851897528591913, "w": 10.749437311416202, "x": 1.843545194916691, "y": 4.662829832225973}, "datetime": {"datetime": "2024-02-25 09:53:53", "elapsed": 137.436891, "delta": 0.842262}}
{"target": -0.058717940305472054, "params": {"u": 7.445223432047172, "v": 9.192000351640006, "w": 4.7398474414722465, "x": 2.0317625403088577, "y": 4.298253203859952}, "datetime": {"datetime": "2024-02-25 09:53:54", "elapsed": 138.584951, "delta": 1.14806}}
{"target": 0.031525235843006455, "params": {"u": 6.2012720063459135, "v": 1.6307213544173695, "w": 10.486120392506471, "x": 1.087248166158887, "y": 3.9577043259566334}, "datetime": {"datetime": "2024-02-25 09:53:55", "elapsed": 139.946585, "delta": 1.361634}}
{"target": -0.014383045368245442, "params": {"u": 1.7676844737287287, "v": 12.626265890538232, "w": 4.829030224984473, "x": 5.456447829662371, "y": 2.0367272279579485}, "datetime": {"datetime": "2024-02-25 09:53:56", "elapsed": 140.906209, "delta": 0.959624}}
{"target": -0.11707611059131091, "params": {"u": 6.892225303033695, "v": 2.727271936179829, "w": 10.378644724405607, "x": 2.0938625623555094, "y": 4.265317801893587}, "datetime": {"datetime": "2024-02-25 09:53:57", "elapsed": 142.253081, "delta": 1.346872}}
{"target": 0.028063152614752503, "params": {"u": 1.9979557036521203, "v": 7.446948337078854, "w": 1.5014227039198302, "x": 5.932120159066447, "y": 3.583879341453263}, "datetime": {"datetime": "2024-02-25 09:53:59", "elapsed": 143.573773, "delta": 1.320692}}
{"target": -0.07751521122412948, "params": {"u": 7.533959508553378, "v": 4.781925159860471, "w": 7.795864425981943, "x": 5.940828143554406, "y": 2.9057240910583704}, "datetime": {"datetime": "2024-02-25 09:54:00", "elapsed": 144.486303, "delta": 0.91253}}
{"target": 0.03350799623558716, "params": {"u": 2.4229920079808953, "v": 8.549744389908293, "w": 7.1502041513273795, "x": 6.65627504718301, "y": 2.589404609326397}, "datetime": {"datetime": "2024-02-25 09:54:01", "elapsed": 145.41341, "delta": 0.927107}}
{"target": 0.7836522854803186, "params": {"u": 6.336557409300766, "v": 2.9868554219878187, "w": 10.499965684730372, "x": 2.040743073902786, "y": 4.740070567479336}, "datetime": {"datetime": "2024-02-25 09:54:02", "elapsed": 146.381416, "delta": 0.968006}}
{"target": 0.02628677411663486, "params": {"u": 12.079812679493102, "v": 12.42468548405909, "w": 9.772839172513363, "x": 3.4045195504837986, "y": 1.1364941477916521}, "datetime": {"datetime": "2024-02-25 09:54:03", "elapsed": 148.156121, "delta": 1.774705}}
