{"target": -0.7089515372903427, "params": {"colsample_bytree": 0.5704349483637212, "learning_rate": 0.23903893624746086, "max_bin_exp": 7.238023244227402, "max_depth": 5.860430876574894, "n_estimators": 3912.307977618896, "reg_alpha": 2.914319759142076, "reg_lambda": 0.544560848517101}, "datetime": {"datetime": "2024-02-19 18:30:52", "elapsed": 861.295345, "delta": 5.73711}}
{"target": -0.6979086908265655, "params": {"colsample_bytree": 0.6603102328150872, "learning_rate": 0.1690003032503021, "max_bin_exp": 9.30017480327552, "max_depth": 2.329729051041797, "n_estimators": 2333.3210512141413, "reg_alpha": 1.4035525532696627, "reg_lambda": 0.5664068513099823}, "datetime": {"datetime": "2024-02-19 18:30:54", "elapsed": 863.140898, "delta": 1.845553}}
{"target": -0.684607847625353, "params": {"colsample_bytree": 0.7525318804159893, "learning_rate": 0.31454442603352445, "max_bin_exp": 6.553526035947722, "max_depth": 5.254686226123916, "n_estimators": 2335.3806018002256, "reg_alpha": 0.24551039311255352, "reg_lambda": 1.5280348771034549}, "datetime": {"datetime": "2024-02-19 18:30:57", "elapsed": 866.254449, "delta": 3.113551}}
{"target": -0.7025937594853461, "params": {"colsample_bytree": 0.4384073688843443, "learning_rate": 0.36663942547360123, "max_bin_exp": 6.754530335102622, "max_depth": 2.503421150025252, "n_estimators": 2337.5210373289406, "reg_alpha": 2.970659358558911, "reg_lambda": 2.666071838197314}, "datetime": {"datetime": "2024-02-19 18:30:59", "elapsed": 868.352889, "delta": 2.09844}}
{"target": -0.8058826273231521, "params": {"colsample_bytree": 0.800089486030535, "learning_rate": 0.40018211237286516, "max_bin_exp": 5.850371525380124, "max_depth": 2.9804744788625994, "n_estimators": 2332.2126653530545, "reg_alpha": 2.0604491732601384, "reg_lambda": 2.0239614170409572}, "datetime": {"datetime": "2024-02-19 18:31:01", "elapsed": 870.140834, "delta": 1.787945}}
{"target": -0.7173107395156544, "params": {"colsample_bytree": 0.7005741932358476, "learning_rate": 0.012005412683367748, "max_bin_exp": 6.068079724732958, "max_depth": 4.457609082275683, "n_estimators": 2340.737062116737, "reg_alpha": 0.8982445145173132, "reg_lambda": 1.6304422865316273}, "datetime": {"datetime": "2024-02-19 18:31:04", "elapsed": 873.071828, "delta": 2.930994}}
{"target": -3.1431898656264714, "params": {"colsample_bytree": 0.27781782936934846, "learning_rate": 0.24854802144734017, "max_bin_exp": 4.381241318620312, "max_depth": 2.4018193336301064, "n_estimators": 2337.359173989527, "reg_alpha": 0.6669233368516803, "reg_lambda": 1.248684860746017}, "datetime": {"datetime": "2024-02-19 18:31:06", "elapsed": 875.378054, "delta": 2.306226}}
{"target": -0.7350622318900071, "params": {"colsample_bytree": 0.3598331520051226, "learning_rate": 0.24541435953553462, "max_bin_exp": 8.16088899173748, "max_depth": 5.8521697012298155, "n_estimators": 2339.6560192443876, "reg_alpha": 2.6835286967087577, "reg_lambda": 2.4441422452325843}, "datetime": {"datetime": "2024-02-19 18:31:09", "elapsed": 878.350157, "delta": 2.972103}}
{"target": -0.6558389327889595, "params": {"colsample_bytree": 0.8324974968070122, "learning_rate": 0.33746617631916676, "max_bin_exp": 8.033339838527102, "max_depth": 5.754569642092784, "n_estimators": 2332.068102324372, "reg_alpha": 2.462427227805732, "reg_lambda": 1.5780357629655624}, "datetime": {"datetime": "2024-02-19 18:31:12", "elapsed": 880.978193, "delta": 2.628036}}
{"target": -0.7112158454217427, "params": {"colsample_bytree": 1.0, "learning_rate": 0.5, "max_bin_exp": 10.0, "max_depth": 4.193826944933912, "n_estimators": 756.0939441839788, "reg_alpha": 0.0, "reg_lambda": 0.0}, "datetime": {"datetime": "2024-02-19 18:31:14", "elapsed": 882.868542, "delta": 1.890349}}
{"target": -0.6759245398702332, "params": {"colsample_bytree": 0.9531396895860789, "learning_rate": 0.3468819386806045, "max_bin_exp": 8.869798262274642, "max_depth": 3.351308958134463, "n_estimators": 2342.4232539841264, "reg_alpha": 1.5676545822621901, "reg_lambda": 1.991041666547018}, "datetime": {"datetime": "2024-02-19 18:31:16", "elapsed": 884.90366, "delta": 2.035118}}
{"target": -0.687394502407015, "params": {"colsample_bytree": 0.9673147456323841, "learning_rate": 0.4506010931941262, "max_bin_exp": 8.013681395758606, "max_depth": 5.257304385419259, "n_estimators": 2330.5533473484684, "reg_alpha": 0.010012588194576955, "reg_lambda": 0.09519974229643202}, "datetime": {"datetime": "2024-02-19 18:31:19", "elapsed": 887.934515, "delta": 3.030855}}
{"target": -4.037183103472222, "params": {"colsample_bytree": 1.0, "learning_rate": 0.001, "max_bin_exp": 10.0, "max_depth": 1.0, "n_estimators": 4744.817793186971, "reg_alpha": 0.0, "reg_lambda": 0.0}, "datetime": {"datetime": "2024-02-19 18:31:21", "elapsed": 890.471657, "delta": 2.537142}}
{"target": -0.6264617777380531, "params": {"colsample_bytree": 0.9821570240328565, "learning_rate": 0.15914813466730957, "max_bin_exp": 9.28302913792725, "max_depth": 4.753251960137994, "n_estimators": 2335.5091555383005, "reg_alpha": 2.075349077897163, "reg_lambda": 0.17477060720841442}, "datetime": {"datetime": "2024-02-19 18:31:24", "elapsed": 893.439415, "delta": 2.967758}}
{"target": -0.6970808857741878, "params": {"colsample_bytree": 0.7435613419808158, "learning_rate": 0.4438097367298649, "max_bin_exp": 9.96487602635064, "max_depth": 4.105935065777141, "n_estimators": 3920.801640457523, "reg_alpha": 0.1724969764908616, "reg_lambda": 0.15937884600099095}, "datetime": {"datetime": "2024-02-19 18:31:30", "elapsed": 898.751386, "delta": 5.311971}}
{"target": -3.3666400922139834, "params": {"colsample_bytree": 0.35447170218954666, "learning_rate": 0.0413752947629338, "max_bin_exp": 8.557116609735354, "max_depth": 1.180328084372821, "n_estimators": 2329.806079283841, "reg_alpha": 0.16061625521611644, "reg_lambda": 2.4740378066845277}, "datetime": {"datetime": "2024-02-19 18:31:32", "elapsed": 900.915611, "delta": 2.164225}}
{"target": -0.6790269822181026, "params": {"colsample_bytree": 1.0, "learning_rate": 0.5, "max_bin_exp": 6.798625198111781, "max_depth": 6.0, "n_estimators": 2326.718898226044, "reg_alpha": 1.9322692477449335, "reg_lambda": 0.1374508965788796}, "datetime": {"datetime": "2024-02-19 18:31:35", "elapsed": 904.344837, "delta": 3.429226}}
{"target": -0.6429017652586512, "params": {"colsample_bytree": 0.48554048577304265, "learning_rate": 0.011923888461715538, "max_bin_exp": 9.949484102380886, "max_depth": 5.949141400230415, "n_estimators": 4740.315453678903, "reg_alpha": 2.4379422905828534, "reg_lambda": 2.6391710540292235}, "datetime": {"datetime": "2024-02-19 18:31:57", "elapsed": 925.746956, "delta": 21.402119}}
{"target": -0.615698368304202, "params": {"colsample_bytree": 0.6007272794784374, "learning_rate": 0.08681293042813798, "max_bin_exp": 9.322341469472683, "max_depth": 5.8504839897910275, "n_estimators": 4749.8480835168675, "reg_alpha": 2.491939955676216, "reg_lambda": 2.356935595065608}, "datetime": {"datetime": "2024-02-19 18:32:03", "elapsed": 932.294101, "delta": 6.547145}}
{"target": -0.7102522793388064, "params": {"colsample_bytree": 0.7018379390805041, "learning_rate": 0.48780049552364985, "max_bin_exp": 8.076101568602294, "max_depth": 3.9191605741473845, "n_estimators": 2322.6437517388745, "reg_alpha": 0.289088621186558, "reg_lambda": 1.810796398375421}, "datetime": {"datetime": "2024-02-19 18:32:06", "elapsed": 934.652302, "delta": 2.358201}}
{"target": -0.6600471530823329, "params": {"colsample_bytree": 0.6133642254119716, "learning_rate": 0.38225547348579253, "max_bin_exp": 9.932295723848036, "max_depth": 5.593040236630328, "n_estimators": 3906.4533399467205, "reg_alpha": 2.9159999828934824, "reg_lambda": 1.1878206424696702}, "datetime": {"datetime": "2024-02-19 18:32:11", "elapsed": 940.446443, "delta": 5.794141}}
{"target": -0.6356974396568975, "params": {"colsample_bytree": 1.0, "learning_rate": 0.5, "max_bin_exp": 10.0, "max_depth": 6.0, "n_estimators": 4483.104613417872, "reg_alpha": 3.0, "reg_lambda": 3.0}, "datetime": {"datetime": "2024-02-19 18:32:19", "elapsed": 948.04984, "delta": 7.603397}}
{"target": -1.0779704397957495, "params": {"colsample_bytree": 0.6131316731576291, "learning_rate": 0.09530838599002203, "max_bin_exp": 4.850129489090691, "max_depth": 4.280819038359921, "n_estimators": 4749.774096951312, "reg_alpha": 2.2525107449210164, "reg_lambda": 1.3624065095358762}, "datetime": {"datetime": "2024-02-19 18:32:23", "elapsed": 952.506615, "delta": 4.456775}}
{"target": -3.2203276216395955, "params": {"colsample_bytree": 0.3457550303077224, "learning_rate": 0.05695476210033393, "max_bin_exp": 9.51531446780648, "max_depth": 1.7272170299553504, "n_estimators": 2339.654687842105, "reg_alpha": 2.9922793595972763, "reg_lambda": 1.5758622337748391}, "datetime": {"datetime": "2024-02-19 18:32:25", "elapsed": 954.34916, "delta": 1.842545}}
{"target": -0.6657731359080743, "params": {"colsample_bytree": 0.831933122559815, "learning_rate": 0.3687600530914387, "max_bin_exp": 7.947788538989446, "max_depth": 5.009636789130012, "n_estimators": 2344.9889495893653, "reg_alpha": 1.0173800317164123, "reg_lambda": 1.046104219249973}, "datetime": {"datetime": "2024-02-19 18:32:29", "elapsed": 958.357227, "delta": 4.008067}}
{"target": -0.6626800970441973, "params": {"colsample_bytree": 0.5866792910746873, "learning_rate": 0.319745058623363, "max_bin_exp": 9.851307226125382, "max_depth": 5.570843089627589, "n_estimators": 2342.102589867789, "reg_alpha": 0.6831816920818998, "reg_lambda": 0.45966241437511757}, "datetime": {"datetime": "2024-02-19 18:32:32", "elapsed": 961.388251, "delta": 3.031024}}
{"target": -0.6625499248229865, "params": {"colsample_bytree": 1.0, "learning_rate": 0.5, "max_bin_exp": 7.619420603061746, "max_depth": 6.0, "n_estimators": 4145.558359771536, "reg_alpha": 0.0, "reg_lambda": 2.8645736545813967}, "datetime": {"datetime": "2024-02-19 18:32:39", "elapsed": 967.690798, "delta": 6.302547}}
{"target": -0.7241983938125295, "params": {"colsample_bytree": 0.8141687580669315, "learning_rate": 0.11130810655381201, "max_bin_exp": 5.602002465790232, "max_depth": 4.4916415874429365, "n_estimators": 2343.790957892925, "reg_alpha": 1.8139777789669431, "reg_lambda": 2.9888185821964233}, "datetime": {"datetime": "2024-02-19 18:32:41", "elapsed": 970.076597, "delta": 2.385799}}
{"target": -1.2158694205608245, "params": {"colsample_bytree": 0.523867847795078, "learning_rate": 0.02744018243022468, "max_bin_exp": 4.3931280384803095, "max_depth": 5.109157997787856, "n_estimators": 2323.8997102710155, "reg_alpha": 1.3089088306583776, "reg_lambda": 1.59985660373938}, "datetime": {"datetime": "2024-02-19 18:32:44", "elapsed": 973.027337, "delta": 2.95074}}
{"target": -0.8876749366319443, "params": {"colsample_bytree": 0.2346966739075514, "learning_rate": 0.14259908581268452, "max_bin_exp": 7.125608781785468, "max_depth": 5.883918759426195, "n_estimators": 4132.4470154709015, "reg_alpha": 0.043284213299338514, "reg_lambda": 2.959629427898685}, "datetime": {"datetime": "2024-02-19 18:32:48", "elapsed": 977.471157, "delta": 4.44382}}
{"target": -0.932734738412194, "params": {"colsample_bytree": 0.964292238367549, "learning_rate": 0.27558609684669955, "max_bin_exp": 8.859377296776689, "max_depth": 1.04461161019732, "n_estimators": 3723.8746042047774, "reg_alpha": 1.9183390386037358, "reg_lambda": 2.527068894634723}, "datetime": {"datetime": "2024-02-19 18:32:51", "elapsed": 979.877109, "delta": 2.405952}}
{"target": -0.6767366655499647, "params": {"colsample_bytree": 0.4688341297320367, "learning_rate": 0.39269527205066046, "max_bin_exp": 9.223600245290683, "max_depth": 5.53401085383418, "n_estimators": 4478.893177687184, "reg_alpha": 2.9308097398655586, "reg_lambda": 1.3287558553789824}, "datetime": {"datetime": "2024-02-19 18:32:57", "elapsed": 985.696245, "delta": 5.819136}}
{"target": -4.573025067890772, "params": {"colsample_bytree": 0.2, "learning_rate": 0.001, "max_bin_exp": 6.740076420713578, "max_depth": 2.5487483555190638, "n_estimators": 869.2827535204609, "reg_alpha": 0.0, "reg_lambda": 0.0}, "datetime": {"datetime": "2024-02-19 18:32:58", "elapsed": 987.206994, "delta": 1.510749}}
{"target": -1.1561908772724387, "params": {"colsample_bytree": 0.9317030105601254, "learning_rate": 0.39627240175286066, "max_bin_exp": 4.927015158112123, "max_depth": 5.6157280025611085, "n_estimators": 4148.239363522283, "reg_alpha": 0.4257045552576685, "reg_lambda": 0.051492682395986256}, "datetime": {"datetime": "2024-02-19 18:33:04", "elapsed": 992.706474, "delta": 5.49948}}
{"target": -0.7375390463504885, "params": {"colsample_bytree": 1.0, "learning_rate": 0.5, "max_bin_exp": 10.0, "max_depth": 3.8118722916415577, "n_estimators": 3904.9497528710504, "reg_alpha": 0.0, "reg_lambda": 0.0}, "datetime": {"datetime": "2024-02-19 18:33:08", "elapsed": 997.414743, "delta": 4.708269}}
{"target": -0.8545466847516479, "params": {"colsample_bytree": 1.0, "learning_rate": 0.001, "max_bin_exp": 10.0, "max_depth": 6.0, "n_estimators": 4362.984817072198, "reg_alpha": 3.0, "reg_lambda": 0.0}, "datetime": {"datetime": "2024-02-19 18:33:17", "elapsed": 1006.603572, "delta": 9.188829}}
{"target": -3.8812234708451037, "params": {"colsample_bytree": 0.2, "learning_rate": 0.001, "max_bin_exp": 9.065866735913417, "max_depth": 6.0, "n_estimators": 2933.190987100623, "reg_alpha": 3.0, "reg_lambda": 3.0}, "datetime": {"datetime": "2024-02-19 18:33:21", "elapsed": 1010.078864, "delta": 3.475292}}
{"target": -0.6421833013874177, "params": {"colsample_bytree": 1.0, "learning_rate": 0.5, "max_bin_exp": 10.0, "max_depth": 5.9843333885454, "n_estimators": 3910.76277564627, "reg_alpha": 2.995018859413838, "reg_lambda": 3.0}, "datetime": {"datetime": "2024-02-19 18:33:28", "elapsed": 1017.560064, "delta": 7.4812}}
{"target": -0.6242608791063441, "params": {"colsample_bytree": 0.7886781134406426, "learning_rate": 0.2582167724934243, "max_bin_exp": 8.634697428977649, "max_depth": 5.860234933369983, "n_estimators": 867.8296734392703, "reg_alpha": 2.9586474520013066, "reg_lambda": 2.5508637466779733}, "datetime": {"datetime": "2024-02-19 18:33:30", "elapsed": 1019.482703, "delta": 1.922639}}
{"target": -0.7399838975768006, "params": {"colsample_bytree": 1.0, "learning_rate": 0.5, "max_bin_exp": 6.438192238227845, "max_depth": 3.1376439850008837, "n_estimators": 2930.8925367139145, "reg_alpha": 0.0, "reg_lambda": 0.0}, "datetime": {"datetime": "2024-02-19 18:33:33", "elapsed": 1021.642628, "delta": 2.159925}}
{"target": -0.6550770214395009, "params": {"colsample_bytree": 0.9128290529170431, "learning_rate": 0.11368584608024743, "max_bin_exp": 6.933860820780605, "max_depth": 5.517885709422254, "n_estimators": 4481.823767644418, "reg_alpha": 1.6657429553232754, "reg_lambda": 2.1811798182799613}, "datetime": {"datetime": "2024-02-19 18:33:38", "elapsed": 1026.689479, "delta": 5.046851}}
{"target": -0.7656971802465868, "params": {"colsample_bytree": 0.7788329924925388, "learning_rate": 0.01597617529843004, "max_bin_exp": 9.7626713914362, "max_depth": 4.338316013703301, "n_estimators": 880.0856056290418, "reg_alpha": 2.7925566840734035, "reg_lambda": 2.822668697839804}, "datetime": {"datetime": "2024-02-19 18:33:39", "elapsed": 1028.573504, "delta": 1.884025}}
{"target": -0.6664821574408178, "params": {"colsample_bytree": 0.7271989074390144, "learning_rate": 0.42649832774555974, "max_bin_exp": 8.672776695397413, "max_depth": 5.150037680020337, "n_estimators": 2335.766716112266, "reg_alpha": 1.4668321265972262, "reg_lambda": 2.9903590617597184}, "datetime": {"datetime": "2024-02-19 18:33:42", "elapsed": 1031.295485, "delta": 2.721981}}
{"target": -0.6354973196504237, "params": {"colsample_bytree": 1.0, "learning_rate": 0.5, "max_bin_exp": 10.0, "max_depth": 6.0, "n_estimators": 664.9292079980179, "reg_alpha": 3.0, "reg_lambda": 3.0}, "datetime": {"datetime": "2024-02-19 18:33:45", "elapsed": 1034.463631, "delta": 3.168146}}
{"target": -0.7098848527980077, "params": {"colsample_bytree": 0.8079510336074651, "learning_rate": 0.46171543771356577, "max_bin_exp": 6.77482011850664, "max_depth": 5.818989562641935, "n_estimators": 874.1082323588314, "reg_alpha": 2.5656755612432245, "reg_lambda": 2.4364136917789425}, "datetime": {"datetime": "2024-02-19 18:33:48", "elapsed": 1036.750658, "delta": 2.287027}}
{"target": -0.6440230351209394, "params": {"colsample_bytree": 1.0, "learning_rate": 0.5, "max_bin_exp": 10.0, "max_depth": 5.112993289937202, "n_estimators": 4140.448166116325, "reg_alpha": 2.4474166814088507, "reg_lambda": 3.0}, "datetime": {"datetime": "2024-02-19 18:33:55", "elapsed": 1044.148475, "delta": 7.397817}}
{"target": -0.7051401902689499, "params": {"colsample_bytree": 1.0, "learning_rate": 0.5, "max_bin_exp": 10.0, "max_depth": 6.0, "n_estimators": 3902.836156368093, "reg_alpha": 3.0, "reg_lambda": 0.0}, "datetime": {"datetime": "2024-02-19 18:34:03", "elapsed": 1052.484168, "delta": 8.335693}}
{"target": -0.6106060179750029, "params": {"colsample_bytree": 0.927787683938865, "learning_rate": 0.27356712940433436, "max_bin_exp": 9.700475566934017, "max_depth": 4.952373271456375, "n_estimators": 872.6723748318333, "reg_alpha": 2.706023404048583, "reg_lambda": 2.9757482197527976}, "datetime": {"datetime": "2024-02-19 18:34:05", "elapsed": 1054.547452, "delta": 2.063284}}
{"target": -0.8165777171082348, "params": {"colsample_bytree": 0.8123493313994736, "learning_rate": 0.36414517292288434, "max_bin_exp": 5.932846142533722, "max_depth": 5.694114171276297, "n_estimators": 4746.200547574765, "reg_alpha": 2.739592373083177, "reg_lambda": 1.4802904740361775}, "datetime": {"datetime": "2024-02-19 18:34:11", "elapsed": 1060.300498, "delta": 5.753046}}
{"target": -1.1158755461378884, "params": {"colsample_bytree": 0.4961961767672806, "learning_rate": 0.1875241357902627, "max_bin_exp": 4.341570120464577, "max_depth": 5.444015386070179, "n_estimators": 1081.9823087064901, "reg_alpha": 2.8657305986202752, "reg_lambda": 2.304804558149664}, "datetime": {"datetime": "2024-02-19 18:34:13", "elapsed": 1062.352656, "delta": 2.052158}}
{"target": -0.7239835642616744, "params": {"colsample_bytree": 0.7100705738918149, "learning_rate": 0.47093753395675725, "max_bin_exp": 7.776052738142401, "max_depth": 2.6681475858050994, "n_estimators": 4479.162816447764, "reg_alpha": 0.10249694555923838, "reg_lambda": 1.9545542029546705}, "datetime": {"datetime": "2024-02-19 18:34:16", "elapsed": 1065.414263, "delta": 3.061607}}
{"target": -0.6959574352754238, "params": {"colsample_bytree": 0.3676917272923758, "learning_rate": 0.24333666987579092, "max_bin_exp": 9.838714979292286, "max_depth": 4.789736998746886, "n_estimators": 2324.492047339506, "reg_alpha": 2.4752619316159072, "reg_lambda": 1.8135215744073947}, "datetime": {"datetime": "2024-02-19 18:34:19", "elapsed": 1068.181599, "delta": 2.767336}}
{"target": -0.6500209666990349, "params": {"colsample_bytree": 1.0, "learning_rate": 0.5, "max_bin_exp": 7.4080844873164065, "max_depth": 6.0, "n_estimators": 2755.849148984164, "reg_alpha": 3.0, "reg_lambda": 3.0}, "datetime": {"datetime": "2024-02-19 18:34:23", "elapsed": 1072.197565, "delta": 4.015966}}
{"target": -1.8267844689738186, "params": {"colsample_bytree": 0.2, "learning_rate": 0.5, "max_bin_exp": 5.141033866463392, "max_depth": 6.0, "n_estimators": 735.2963395459263, "reg_alpha": 3.0, "reg_lambda": 0.358888796576182}, "datetime": {"datetime": "2024-02-19 18:34:25", "elapsed": 1074.085712, "delta": 1.888147}}
{"target": -0.9097852412473516, "params": {"colsample_bytree": 0.2, "learning_rate": 0.5, "max_bin_exp": 8.830584669623036, "max_depth": 4.840742747255297, "n_estimators": 4739.059669596284, "reg_alpha": 3.0, "reg_lambda": 0.0}, "datetime": {"datetime": "2024-02-19 18:34:30", "elapsed": 1078.718292, "delta": 4.63258}}
{"target": -0.9108430908228872, "params": {"colsample_bytree": 0.2, "learning_rate": 0.5, "max_bin_exp": 9.897677727539262, "max_depth": 3.8381657909363067, "n_estimators": 4752.20328116193, "reg_alpha": 3.0, "reg_lambda": 0.0}, "datetime": {"datetime": "2024-02-19 18:34:34", "elapsed": 1083.143217, "delta": 4.424925}}
{"target": -0.7064712931646143, "params": {"colsample_bytree": 1.0, "learning_rate": 0.5, "max_bin_exp": 8.145563252689609, "max_depth": 3.771086329558503, "n_estimators": 580.1910906678362, "reg_alpha": 3.0, "reg_lambda": 0.0}, "datetime": {"datetime": "2024-02-19 18:34:36", "elapsed": 1085.500504, "delta": 2.357287}}
{"target": -4.285512815666197, "params": {"colsample_bytree": 0.2, "learning_rate": 0.001, "max_bin_exp": 4.0, "max_depth": 3.6866523311210475, "n_estimators": 2933.7493151631083, "reg_alpha": 0.5590582795075989, "reg_lambda": 0.0}, "datetime": {"datetime": "2024-02-19 18:34:39", "elapsed": 1088.049468, "delta": 2.548964}}
{"target": -1.4395665465101224, "params": {"colsample_bytree": 0.6297893250451199, "learning_rate": 0.3849319619652786, "max_bin_exp": 8.393694432136002, "max_depth": 1.5496093892193632, "n_estimators": 2927.7681985144013, "reg_alpha": 2.3320734610183163, "reg_lambda": 0.053251741795200536}, "datetime": {"datetime": "2024-02-19 18:34:41", "elapsed": 1089.706567, "delta": 1.657099}}
{"target": -0.6897906341616642, "params": {"colsample_bytree": 0.8871264894943847, "learning_rate": 0.4267421605569221, "max_bin_exp": 6.0724888102920325, "max_depth": 5.8291667714254976, "n_estimators": 2937.974927221933, "reg_alpha": 2.673387343353864, "reg_lambda": 1.0920045366633895}, "datetime": {"datetime": "2024-02-19 18:34:44", "elapsed": 1093.183497, "delta": 3.47693}}
{"target": -0.6657095989101488, "params": {"colsample_bytree": 1.0, "learning_rate": 0.5, "max_bin_exp": 6.486116235887419, "max_depth": 6.0, "n_estimators": 581.2174477577689, "reg_alpha": 3.0, "reg_lambda": 3.0}, "datetime": {"datetime": "2024-02-19 18:34:47", "elapsed": 1095.994283, "delta": 2.810786}}
