{"target": 0.3294721792357849, "params": {"u": 6.52919462638291, "v": 1.4305783291506258, "x": 9.02899330119441, "y": 4.478972527693}, "datetime": {"datetime": "2024-02-27 11:15:48", "elapsed": 2530.140934, "delta": 4.295044}}
{"target": 4.4726714346450125, "params": {"u": 4.656297187210647, "v": 4.961496206446246, "x": 3.7430251847903664, "y": 4.29020192593561}, "datetime": {"datetime": "2024-02-27 11:16:00", "elapsed": 2541.800543, "delta": 11.659609}}
{"target": 0.3943394157550603, "params": {"u": 2.198197761559645, "v": 9.998668136611188, "x": 4.279199891337488, "y": 7.941044696558206}, "datetime": {"datetime": "2024-02-27 11:16:10", "elapsed": 2551.933339, "delta": 10.132796}}
{"target": 3.713227144983965, "params": {"u": 4.730653586072861, "v": 4.337614303478526, "x": 4.4688797687534985, "y": 4.032755732678161}, "datetime": {"datetime": "2024-02-27 11:16:27", "elapsed": 2568.633962, "delta": 16.700623}}
{"target": 0.30656002170513785, "params": {"u": 6.770690169144784, "v": 5.00915798709876, "x": 9.99190093531491, "y": 4.022709493560155}, "datetime": {"datetime": "2024-02-27 11:16:34", "elapsed": 2575.720132, "delta": 7.08617}}
{"target": 0.3679444741616726, "params": {"u": 2.371733122356652, "v": 8.868926849122161, "x": 2.061643071638936, "y": 5.231583338417924}, "datetime": {"datetime": "2024-02-27 11:16:39", "elapsed": 2580.618516, "delta": 4.898384}}
{"target": 0.1263487995906275, "params": {"u": 9.825580601306433, "v": 2.6623898057220554, "x": 2.379853380713718, "y": 9.983136891348156}, "datetime": {"datetime": "2024-02-27 11:16:59", "elapsed": 2601.154237, "delta": 20.535721}}
{"target": 0.8201839362386016, "params": {"u": 6.750681292158046, "v": 6.922022100155506, "x": 4.763028999118752, "y": 6.479244553114814}, "datetime": {"datetime": "2024-02-27 11:17:10", "elapsed": 2611.951411, "delta": 10.797174}}
{"target": 0.14886988486569835, "params": {"u": 7.273375403096588, "v": 9.304412003205387, "x": 9.415473610139536, "y": 1.1207202749740797}, "datetime": {"datetime": "2024-02-27 11:17:14", "elapsed": 2615.650649, "delta": 3.699238}}
{"target": 0.15948743267780158, "params": {"u": 0.055647210348772624, "v": 9.15940230726366, "x": 4.818746153958965, "y": 2.903603320332272}, "datetime": {"datetime": "2024-02-27 11:17:29", "elapsed": 2630.412498, "delta": 14.761849}}
{"target": 1.3176792374880835, "params": {"u": 4.7055906173939, "v": 4.849831841407454, "x": 3.1403384643885355, "y": 3.4633556794425524}, "datetime": {"datetime": "2024-02-27 11:17:38", "elapsed": 2639.511566, "delta": 9.099068}}
{"target": 0.38466726343908136, "params": {"u": 7.401497323318207, "v": 8.705692620798624, "x": 7.660651963220383, "y": 5.067668842636859}, "datetime": {"datetime": "2024-02-27 11:17:42", "elapsed": 2644.03268, "delta": 4.521114}}
{"target": 0.21923344803781575, "params": {"u": 0.33548426261726827, "v": 2.8029444234571077, "x": 5.552360309906579, "y": 1.9461361900770602}, "datetime": {"datetime": "2024-02-27 11:17:59", "elapsed": 2661.088552, "delta": 17.055872}}
{"target": 0.19260368019176521, "params": {"u": 8.04386882464828, "v": 5.247230527820083, "x": 0.20999270400342218, "y": 4.64100024739467}, "datetime": {"datetime": "2024-02-27 11:18:16", "elapsed": 2677.22254, "delta": 16.133988}}
{"target": 0.25373825793037397, "params": {"u": 1.4519578876791561, "v": 7.8894579008023324, "x": 5.511348882815396, "y": 8.70246497456659}, "datetime": {"datetime": "2024-02-27 11:18:21", "elapsed": 2682.523781, "delta": 5.301241}}
{"target": 0.21421812982723226, "params": {"u": 9.534803441696123, "v": 5.182593080378033, "x": 2.625747958363375, "y": 7.451314605096084}, "datetime": {"datetime": "2024-02-27 11:18:26", "elapsed": 2688.098212, "delta": 5.574431}}
{"target": 0.6909871197029929, "params": {"u": 6.3100174673950935, "v": 5.781466133613009, "x": 7.293447165480255, "y": 6.132745634502089}, "datetime": {"datetime": "2024-02-27 11:18:33", "elapsed": 2694.495172, "delta": 6.39696}}
{"target": 0.27698271325915613, "params": {"u": 9.80147604665208, "v": 6.496624428127965, "x": 8.28306228263311, "y": 2.34569190458041}, "datetime": {"datetime": "2024-02-27 11:18:53", "elapsed": 2714.737101, "delta": 20.241929}}
{"target": 0.47950238317144783, "params": {"u": 4.151156136554883, "v": 1.936369136059638, "x": 5.048219863233381, "y": 1.2043244000549047}, "datetime": {"datetime": "2024-02-27 11:19:04", "elapsed": 2725.675135, "delta": 10.938034}}
{"target": 9.307350196472743, "params": {"u": 4.270969626583807, "v": 4.287436417342513, "x": 3.903219952468615, "y": 3.932666626081003}, "datetime": {"datetime": "2024-02-27 11:19:14", "elapsed": 2735.581849, "delta": 9.906714}}
{"target": 7.005897671340562, "params": {"u": 4.548353343248549, "v": 4.092189129057021, "x": 4.10972280808047, "y": 3.7915292996311423}, "datetime": {"datetime": "2024-02-27 11:19:24", "elapsed": 2746.186276, "delta": 10.604427}}
{"target": 0.32063224627744863, "params": {"u": 1.6707224772526863, "v": 3.3699947814577835, "x": 4.105711299647954, "y": 1.9911595722879871}, "datetime": {"datetime": "2024-02-27 11:19:30", "elapsed": 2751.85212, "delta": 5.665844}}
{"target": 0.34570621404840973, "params": {"u": 6.3989472748407366, "v": 4.86360345553468, "x": 7.398601368391552, "y": 7.951193690295572}, "datetime": {"datetime": "2024-02-27 11:19:36", "elapsed": 2757.642336, "delta": 5.790216}}
{"target": 8.889121312268895, "params": {"u": 4.687400355862952, "v": 4.766833796035996, "x": 3.8961636787672607, "y": 4.092736216103884}, "datetime": {"datetime": "2024-02-27 11:19:47", "elapsed": 2768.399207, "delta": 10.756871}}
{"target": 0.2728643847042816, "params": {"u": 7.4598200387815785, "v": 8.111617955941636, "x": 7.951333376153851, "y": 3.145054187937549}, "datetime": {"datetime": "2024-02-27 11:19:52", "elapsed": 2773.77342, "delta": 5.374213}}
{"target": 0.20463468582057673, "params": {"u": 9.345249885291212, "v": 8.47835171500059, "x": 7.572134843020185, "y": 2.214131947708208}, "datetime": {"datetime": "2024-02-27 11:19:58", "elapsed": 2779.918605, "delta": 6.145185}}
{"target": 0.27985153385642686, "params": {"u": 5.50121195929227, "v": 4.826049333880551, "x": 5.442339288103984, "y": 9.157266723648192}, "datetime": {"datetime": "2024-02-27 11:20:04", "elapsed": 2785.49761, "delta": 5.579005}}
{"target": 1.0647910592325618, "params": {"u": 4.181130027759891, "v": 3.70043497282981, "x": 3.283123627764244, "y": 4.072783214236856}, "datetime": {"datetime": "2024-02-27 11:20:10", "elapsed": 2791.88867, "delta": 6.39106}}
{"target": 5.464876897142469, "params": {"u": 4.181071315438967, "v": 4.359665295052918, "x": 3.8101846196468836, "y": 3.7421109557761953}, "datetime": {"datetime": "2024-02-27 11:20:23", "elapsed": 2804.377861, "delta": 12.489191}}
{"target": 0.20505232732517092, "params": {"u": 6.775401909457392, "v": 7.234923274109909, "x": 9.785596236675968, "y": 1.5666214106196874}, "datetime": {"datetime": "2024-02-27 11:20:28", "elapsed": 2810.015994, "delta": 5.638133}}
{"target": 0.19638058038853998, "params": {"u": 7.578130483411951, "v": 5.962889300015747, "x": 1.831755506679299, "y": 9.379683071313705}, "datetime": {"datetime": "2024-02-27 11:20:46", "elapsed": 2827.739812, "delta": 17.723818}}
{"target": 4.486626711230003, "params": {"u": 4.002125738159599, "v": 4.175474844327627, "x": 4.394262577788863, "y": 3.9582388432486115}, "datetime": {"datetime": "2024-02-27 11:20:56", "elapsed": 2837.212711, "delta": 9.472899}}
{"target": 0.2019668766854693, "params": {"u": 6.314434698873851, "v": 3.8749689795666553, "x": 0.6319064294938415, "y": 0.04066667927235312}, "datetime": {"datetime": "2024-02-27 11:21:08", "elapsed": 2849.619987, "delta": 12.407276}}
{"target": 0.159982453097609, "params": {"u": 0.07054983191781328, "v": 6.445512221374246, "x": 6.687542723550221, "y": 9.457306053724942}, "datetime": {"datetime": "2024-02-27 11:21:22", "elapsed": 2863.381293, "delta": 13.761306}}
{"target": 0.17500137439751462, "params": {"u": 7.533933658868185, "v": 0.9935907690272576, "x": 10.0, "y": 6.362561173960633}, "datetime": {"datetime": "2024-02-27 11:21:34", "elapsed": 2875.960866, "delta": 12.579573}}
{"target": 0.22306868333562432, "params": {"u": 2.6061691796407582, "v": 5.3347876486723464, "x": 1.8101382389018539, "y": 0.12689590468026202}, "datetime": {"datetime": "2024-02-27 11:21:50", "elapsed": 2891.895667, "delta": 15.934801}}
{"target": 5.9393694489644195, "params": {"u": 4.672191640651734, "v": 4.671728900363137, "x": 3.7110026745084457, "y": 4.009150099015512}, "datetime": {"datetime": "2024-02-27 11:22:12", "elapsed": 2913.975766, "delta": 22.080099}}
{"target": 1.2484744555625842, "params": {"u": 4.324299007527243, "v": 5.087378151728046, "x": 4.002888336558248, "y": 4.390365234193499}, "datetime": {"datetime": "2024-02-27 11:22:38", "elapsed": 2940.090216, "delta": 26.11445}}
{"target": 0.17792086309845465, "params": {"u": 1.1287800126843328, "v": 1.799324431515521, "x": 2.543432485207501, "y": 7.2623030109357325}, "datetime": {"datetime": "2024-02-27 11:22:44", "elapsed": 2945.634808, "delta": 5.544592}}
{"target": 8.5459432543246, "params": {"u": 4.773633083161539, "v": 4.902181950559807, "x": 4.130561258280377, "y": 4.089160442360996}, "datetime": {"datetime": "2024-02-27 11:22:57", "elapsed": 2958.652794, "delta": 13.017986}}
{"target": 0.164441725692486, "params": {"u": 7.835848497465446, "v": 2.771591776543926, "x": 9.976315043123947, "y": 8.519206949302374}, "datetime": {"datetime": "2024-02-27 11:23:13", "elapsed": 2974.819239, "delta": 16.166445}}
{"target": 0.26100840022288607, "params": {"u": 2.641130849004395, "v": 2.5731901401893866, "x": 2.7539042320609255, "y": 6.6042195964621495}, "datetime": {"datetime": "2024-02-27 11:23:21", "elapsed": 2982.336778, "delta": 7.517539}}
{"target": 0.2562882124893777, "params": {"u": 5.94223858681262, "v": 8.421782339481306, "x": 9.35107443382257, "y": 5.431451898111083}, "datetime": {"datetime": "2024-02-27 11:23:27", "elapsed": 2988.333429, "delta": 5.996651}}
{"target": 0.25852002001127355, "params": {"u": 1.395307648645654, "v": 1.0469892681773396, "x": 4.810042430691391, "y": 4.321249358919169}, "datetime": {"datetime": "2024-02-27 11:23:34", "elapsed": 2995.246537, "delta": 6.913108}}
{"target": 0.1220458723658901, "params": {"u": 2.177317621954508, "v": 0.15268032731657555, "x": 9.765127729356822, "y": 7.751708734569748}, "datetime": {"datetime": "2024-02-27 11:23:53", "elapsed": 3014.786122, "delta": 19.539585}}
{"target": 0.6086438347568599, "params": {"u": 7.501166619978552, "v": 0.5161178415758971, "x": 7.6978728068927325, "y": 0.7964314469230804}, "datetime": {"datetime": "2024-02-27 11:23:58", "elapsed": 3019.481437, "delta": 4.695315}}
{"target": 0.11775935704676742, "params": {"u": 2.617684801354531, "v": 2.3730036812741995, "x": 9.977943556699412, "y": 9.465829220545183}, "datetime": {"datetime": "2024-02-27 11:24:09", "elapsed": 3030.42119, "delta": 10.939753}}
{"target": 0.16698329066452408, "params": {"u": 2.391157234585765, "v": 0.48691026805674165, "x": 9.224625096163848, "y": 1.1961854146141582}, "datetime": {"datetime": "2024-02-27 11:24:15", "elapsed": 3036.706657, "delta": 6.285467}}
{"target": 0.18065345395066074, "params": {"u": 1.8681885420758226, "v": 7.717037406154166, "x": 6.281952933444899, "y": 0.950590148889412}, "datetime": {"datetime": "2024-02-27 11:24:20", "elapsed": 3041.865043, "delta": 5.158386}}
{"target": 0.18296605707402594, "params": {"u": 0.16936229958714688, "v": 7.818552055345371, "x": 7.042609423921245, "y": 3.8077373811201607}, "datetime": {"datetime": "2024-02-27 11:24:35", "elapsed": 3056.514754, "delta": 14.649711}}
{"target": 0.14012254672726704, "params": {"u": 3.8860368728372445, "v": 7.725530869503049, "x": 10.0, "y": 0.04006238345576282}, "datetime": {"datetime": "2024-02-27 11:24:46", "elapsed": 3067.755915, "delta": 11.241161}}
{"target": 0.13127298651240898, "params": {"u": 10.0, "v": 2.4412783044312723, "x": 1.242412023052706, "y": 7.675315041173851}, "datetime": {"datetime": "2024-02-27 11:24:57", "elapsed": 3079.030577, "delta": 11.274662}}
{"target": 0.12734182010316866, "params": {"u": 9.916616572555942, "v": 9.845326203051894, "x": 0.03518507074581456, "y": 4.9386926538594125}, "datetime": {"datetime": "2024-02-27 11:25:09", "elapsed": 3091.184272, "delta": 12.153695}}
{"target": 0.4517209076205898, "params": {"u": 6.865003524167649, "v": 0.0, "x": 4.5640660962929465, "y": 2.1688538384362763}, "datetime": {"datetime": "2024-02-27 11:25:20", "elapsed": 3101.431303, "delta": 10.247031}}
{"target": 8.831997318674183, "params": {"u": 4.618126783403397, "v": 4.314567779297302, "x": 3.8597012971694955, "y": 4.023005807476031}, "datetime": {"datetime": "2024-02-27 11:25:50", "elapsed": 3131.377297, "delta": 29.945994}}
{"target": 1.295769011845672, "params": {"u": 4.9448994840820815, "v": 5.076599409458492, "x": 4.32084130895567, "y": 3.89116269013242}, "datetime": {"datetime": "2024-02-27 11:26:05", "elapsed": 3146.522916, "delta": 15.145619}}
{"target": 0.21072282103462256, "params": {"u": 2.8640070852091313, "v": 9.754494338933048, "x": 1.5724182068390091, "y": 3.752444512458358}, "datetime": {"datetime": "2024-02-27 11:26:11", "elapsed": 3152.537063, "delta": 6.014147}}
{"target": 0.14386163546632608, "params": {"u": 9.359862985382644, "v": 1.5092100549183607, "x": 0.04962361638402912, "y": 2.308997259249186}, "datetime": {"datetime": "2024-02-27 11:26:17", "elapsed": 3158.594008, "delta": 6.056945}}
{"target": 0.2046908709893326, "params": {"u": 6.834881062099079, "v": 8.639971727743887, "x": 0.0, "y": 6.458152406435012}, "datetime": {"datetime": "2024-02-27 11:26:29", "elapsed": 3170.638785, "delta": 12.044777}}
{"target": 1.5140221405714518, "params": {"u": 4.71164153159609, "v": 4.250421950627312, "x": 4.4566657344551235, "y": 3.0429797259727898}, "datetime": {"datetime": "2024-02-27 11:26:38", "elapsed": 3179.521202, "delta": 8.882417}}
{"target": 7.27154854705622, "params": {"u": 4.0758827773850115, "v": 4.841532041288364, "x": 3.8179428611760913, "y": 3.8777608339675784}, "datetime": {"datetime": "2024-02-27 11:26:49", "elapsed": 3190.924057, "delta": 11.402855}}
{"target": 0.5854425771434789, "params": {"u": 5.939416235242937, "v": 5.719164552885844, "x": 2.5768875119736534, "y": 4.478579468708722}, "datetime": {"datetime": "2024-02-27 11:26:56", "elapsed": 3197.200211, "delta": 6.276154}}
{"target": 0.20779367682500086, "params": {"u": 9.690606890461156, "v": 2.332970437102815, "x": 1.8558566261071197, "y": 1.7773239391560935}, "datetime": {"datetime": "2024-02-27 11:27:01", "elapsed": 3202.390013, "delta": 5.189802}}
{"target": 0.3638969821907172, "params": {"u": 8.309742672987147, "v": 5.052230805206854, "x": 8.362650709354615, "y": 6.942842903083892}, "datetime": {"datetime": "2024-02-27 11:27:13", "elapsed": 3214.84563, "delta": 12.455617}}
{"target": 3.8978506692167, "params": {"u": 4.708074667182035, "v": 4.380621206584095, "x": 3.5867884887672408, "y": 3.850962018341243}, "datetime": {"datetime": "2024-02-27 11:27:22", "elapsed": 3223.605409, "delta": 8.759779}}
{"target": 0.1950428182615813, "params": {"u": 4.819428157674016, "v": 0.0012170604208350255, "x": 9.151419683570092, "y": 5.797979459653218}, "datetime": {"datetime": "2024-02-27 11:27:32", "elapsed": 3234.084828, "delta": 10.479419}}
{"target": 0.21280144709736584, "params": {"u": 4.124004824031862, "v": 0.15398279009993687, "x": 3.8988340316352366, "y": 7.203034590336338}, "datetime": {"datetime": "2024-02-27 11:27:50", "elapsed": 3252.094272, "delta": 18.009444}}
{"target": 0.20511746312931545, "params": {"u": 9.6052667255713, "v": 8.109877073621037, "x": 9.930434942357461, "y": 9.98094355969202}, "datetime": {"datetime": "2024-02-27 11:27:54", "elapsed": 3255.996157, "delta": 3.901885}}
{"target": 0.19854362429598646, "params": {"u": 0.0, "v": 6.804287775355343, "x": 1.6820138075988877, "y": 9.881914869833262}, "datetime": {"datetime": "2024-02-27 11:28:02", "elapsed": 3263.459956, "delta": 7.463799}}
{"target": 0.15636738164195027, "params": {"u": 9.938532386516657, "v": 8.910417871746422, "x": 7.2755598115911315, "y": 0.029569355382004225}, "datetime": {"datetime": "2024-02-27 11:28:07", "elapsed": 3268.530144, "delta": 5.070188}}
{"target": 0.25438839804347557, "params": {"u": 4.516053372570209, "v": 5.0195446755516855, "x": 0.08536859246618068, "y": 3.2221347742177713}, "datetime": {"datetime": "2024-02-27 11:28:17", "elapsed": 3278.595922, "delta": 10.065778}}
{"target": 0.22237795702183016, "params": {"u": 8.311527070808074, "v": 10.0, "x": 7.964911535231804, "y": 10.0}, "datetime": {"datetime": "2024-02-27 11:28:26", "elapsed": 3287.745838, "delta": 9.149916}}
{"target": 0.13019546957724026, "params": {"u": 1.286314659326141, "v": 2.201723971344205, "x": 7.514078922904295, "y": 9.76000083370613}, "datetime": {"datetime": "2024-02-27 11:28:37", "elapsed": 3298.446764, "delta": 10.700926}}
{"target": 0.17529568994684225, "params": {"u": 1.9883712854068103, "v": 2.0263843953157377, "x": 7.946277863641259, "y": 0.07074693431181278}, "datetime": {"datetime": "2024-02-27 11:28:45", "elapsed": 3307.111273, "delta": 8.664509}}
{"target": 0.19959395327903806, "params": {"u": 9.448802083398526, "v": 8.492854490219322, "x": 4.954460304162291, "y": 1.8861844760023139}, "datetime": {"datetime": "2024-02-27 11:28:51", "elapsed": 3312.434898, "delta": 5.323625}}
{"target": 0.17994174839677934, "params": {"u": 1.7513859543892818, "v": 4.423781953866813, "x": 2.238297263421515, "y": 9.883230230000052}, "datetime": {"datetime": "2024-02-27 11:29:03", "elapsed": 3324.803878, "delta": 12.36898}}
{"target": 5.6694567924766215, "params": {"u": 4.651954247998869, "v": 4.6983290314068515, "x": 3.7573487008776407, "y": 4.184543049797423}, "datetime": {"datetime": "2024-02-27 11:29:17", "elapsed": 3338.252044, "delta": 13.448166}}
{"target": 0.27403222178683506, "params": {"u": 3.2208444882993925, "v": 6.6574304248151925, "x": 3.15666417754777, "y": 0.8306447380142323}, "datetime": {"datetime": "2024-02-27 11:29:22", "elapsed": 3343.344424, "delta": 5.09238}}
{"target": 0.197277379358611, "params": {"u": 0.31817971310404425, "v": 7.268196629519927, "x": 0.0029129798196092516, "y": 6.380264863428161}, "datetime": {"datetime": "2024-02-27 11:29:31", "elapsed": 3352.85567, "delta": 9.511246}}
{"target": 0.31717313549397763, "params": {"u": 5.956853264923163, "v": 1.4851631477374694, "x": 1.6943862670270604, "y": 2.9653809278365273}, "datetime": {"datetime": "2024-02-27 11:29:38", "elapsed": 3359.330531, "delta": 6.474861}}
{"target": 0.2056630459494155, "params": {"u": 1.2221291815897672, "v": 5.033936887556702, "x": 7.706312463257422, "y": 7.258886430403761}, "datetime": {"datetime": "2024-02-27 11:29:42", "elapsed": 3364.015487, "delta": 4.684956}}
{"target": 1.4773978924022895, "params": {"u": 5.087456258936738, "v": 4.3515809105507275, "x": 3.797020600126173, "y": 3.921618305594171}, "datetime": {"datetime": "2024-02-27 11:29:53", "elapsed": 3374.355918, "delta": 10.340431}}
{"target": 7.656367821545806, "params": {"u": 4.251247161689583, "v": 4.968955013271089, "x": 4.044116615326865, "y": 4.195543046124467}, "datetime": {"datetime": "2024-02-27 11:30:00", "elapsed": 3382.089287, "delta": 7.733369}}
{"target": 0.2678074758362118, "params": {"u": 9.933093047189981, "v": 9.251744574337806, "x": 6.403567257403924, "y": 5.542546635494173}, "datetime": {"datetime": "2024-02-27 11:30:09", "elapsed": 3390.215296, "delta": 8.126009}}
{"target": 0.7910007365901133, "params": {"u": 5.628634571317668, "v": 4.366263311175688, "x": 2.9915716540070294, "y": 4.686382407101211}, "datetime": {"datetime": "2024-02-27 11:30:19", "elapsed": 3401.176408, "delta": 10.961112}}
{"target": 0.2536617109217473, "params": {"u": 6.406520907238341, "v": 3.8127735463544354, "x": 8.272395073006004, "y": 8.15702363171773}, "datetime": {"datetime": "2024-02-27 11:30:24", "elapsed": 3405.549538, "delta": 4.37313}}
{"target": 0.3316578585411302, "params": {"u": 1.5759166717249962, "v": 7.331226791256932, "x": 3.606396313458895, "y": 4.971770655621141}, "datetime": {"datetime": "2024-02-27 11:30:30", "elapsed": 3411.542481, "delta": 5.992943}}
