{"target": 9.291249123256815, "params": {"u": 4.026052895310897, "v": 4.632221855408687, "x": 4.1175427478010835, "y": 4.024438475526714}, "datetime": {"datetime": "2024-02-27 11:20:24", "elapsed": 2805.855935, "delta": 8.690502}}
{"target": 0.3126355755665805, "params": {"u": 3.362246989811737, "v": 1.3775311002626955, "x": 7.600634274856536, "y": 3.9430182468652255}, "datetime": {"datetime": "2024-02-27 11:20:32", "elapsed": 2813.508913, "delta": 7.652978}}
{"target": 0.10793642510458351, "params": {"u": 4.7082238407715185, "v": 0.4960980729960307, "x": 9.694639193054758, "y": 9.999857749041265}, "datetime": {"datetime": "2024-02-27 11:20:47", "elapsed": 2828.202865, "delta": 14.693952}}
{"target": 0.36486459995229165, "params": {"u": 3.5769892076112697, "v": 4.454075939489569, "x": 2.245049787921892, "y": 1.4486223757141548}, "datetime": {"datetime": "2024-02-27 11:20:53", "elapsed": 2834.893017, "delta": 6.690152}}
{"target": 0.30155220678538197, "params": {"u": 4.232822002301989, "v": 8.198889061702527, "x": 2.0379938314870136, "y": 4.010891470854454}, "datetime": {"datetime": "2024-02-27 11:20:59", "elapsed": 2840.617769, "delta": 5.724752}}
{"target": 0.1855582941856969, "params": {"u": 0.4901011972565328, "v": 2.0287736149985616, "x": 7.534573768434647, "y": 3.7980198945084176}, "datetime": {"datetime": "2024-02-27 11:21:02", "elapsed": 2843.677901, "delta": 3.060132}}
{"target": 0.17185462293684642, "params": {"u": 7.24789992288855, "v": 4.648696217136942, "x": 1.9612195285613832, "y": 9.92379326064917}, "datetime": {"datetime": "2024-02-27 11:21:18", "elapsed": 2859.844779, "delta": 16.166878}}
{"target": 0.12566733241446681, "params": {"u": 3.783520358192185, "v": 0.95269699279381, "x": 2.4266401747497346, "y": 9.879547314720082}, "datetime": {"datetime": "2024-02-27 11:21:38", "elapsed": 2879.518418, "delta": 19.673639}}
{"target": 1.3051494236365089, "params": {"u": 3.9394808938202983, "v": 4.630884933944097, "x": 3.9805239108475607, "y": 4.05143294305839}, "datetime": {"datetime": "2024-02-27 11:21:48", "elapsed": 2889.51392, "delta": 9.995502}}
{"target": 0.3526227674866264, "params": {"u": 5.330114702036739, "v": 0.2913934830522513, "x": 5.797436295723069, "y": 4.900129276149418}, "datetime": {"datetime": "2024-02-27 11:21:53", "elapsed": 2894.651095, "delta": 5.137175}}
{"target": 0.672799769475319, "params": {"u": 3.08005464611967, "v": 5.382102326846132, "x": 3.8162004660142768, "y": 5.208465719387966}, "datetime": {"datetime": "2024-02-27 11:22:05", "elapsed": 2907.135821, "delta": 12.484726}}
{"target": 2.4205023516064488, "params": {"u": 4.199801800586557, "v": 4.098075201361722, "x": 4.636685293745499, "y": 4.201563860469998}, "datetime": {"datetime": "2024-02-27 11:22:17", "elapsed": 2918.463387, "delta": 11.327566}}
{"target": 0.18652301398112356, "params": {"u": 2.4285369177152716, "v": 1.7999585472192015, "x": 9.107753677952195, "y": 1.102372068192985}, "datetime": {"datetime": "2024-02-27 11:22:22", "elapsed": 2923.813667, "delta": 5.35028}}
{"target": 6.246101422535797, "params": {"u": 4.994328992889909, "v": 4.568790409390063, "x": 3.9095486032381754, "y": 3.7407328502903447}, "datetime": {"datetime": "2024-02-27 11:22:33", "elapsed": 2935.037059, "delta": 11.223392}}
{"target": 1.0734057234781156, "params": {"u": 6.6299297324383275, "v": 2.811996043416034, "x": 6.617661163493304, "y": 3.2696959431804204}, "datetime": {"datetime": "2024-02-27 11:22:39", "elapsed": 2940.938842, "delta": 5.901783}}
{"target": 0.1984962510034973, "params": {"u": 1.8717334712068623, "v": 2.8913127099134006, "x": 1.2197407428533102, "y": 6.442017181477383}, "datetime": {"datetime": "2024-02-27 11:22:43", "elapsed": 2944.947633, "delta": 4.008791}}
{"target": 9.535298808032172, "params": {"u": 4.827926186128274, "v": 4.450452890224204, "x": 3.901876593417418, "y": 4.03571822153845}, "datetime": {"datetime": "2024-02-27 11:22:53", "elapsed": 2954.995433, "delta": 10.0478}}
{"target": 9.834359158192807, "params": {"u": 4.517532830644536, "v": 4.731945144686886, "x": 3.9431650774370475, "y": 4.064437846308029}, "datetime": {"datetime": "2024-02-27 11:23:11", "elapsed": 2972.718189, "delta": 17.722756}}
{"target": 0.6345233037956514, "params": {"u": 7.774254891575001, "v": 3.615903202348383, "x": 4.576718976035524, "y": 4.54184799057431}, "datetime": {"datetime": "2024-02-27 11:23:15", "elapsed": 2976.684219, "delta": 3.96603}}
{"target": 0.26626407718173517, "params": {"u": 9.97593392036881, "v": 5.682184281049215, "x": 3.849645328384196, "y": 7.0981271697002075}, "datetime": {"datetime": "2024-02-27 11:23:33", "elapsed": 2994.405076, "delta": 17.720857}}
{"target": 8.215332040592429, "params": {"u": 4.137796247700265, "v": 4.393484633099744, "x": 4.046326594018699, "y": 4.16704715708763}, "datetime": {"datetime": "2024-02-27 11:23:46", "elapsed": 3007.454487, "delta": 13.049411}}
{"target": 0.3276345949988037, "params": {"u": 5.237387240404719, "v": 6.173252401051046, "x": 8.927195667183739, "y": 6.9772653185959035}, "datetime": {"datetime": "2024-02-27 11:23:52", "elapsed": 3013.651958, "delta": 6.197471}}
{"target": 1.115347098423845, "params": {"u": 3.9252854915208246, "v": 4.6641044022803655, "x": 4.111229908359433, "y": 3.4318630290269283}, "datetime": {"datetime": "2024-02-27 11:24:11", "elapsed": 3032.803271, "delta": 19.151313}}
{"target": 0.7730778319330002, "params": {"u": 3.8872031055422807, "v": 5.173865376437009, "x": 4.0206834040997865, "y": 4.690483577071507}, "datetime": {"datetime": "2024-02-27 11:24:38", "elapsed": 3059.470396, "delta": 26.667125}}
{"target": 2.1568384902218747, "params": {"u": 5.610627701933609, "v": 3.854194365796626, "x": 5.636110145723864, "y": 3.0797802102858975}, "datetime": {"datetime": "2024-02-27 11:24:44", "elapsed": 3066.187536, "delta": 6.71714}}
{"target": 0.3664331536036587, "params": {"u": 4.693591628037552, "v": 5.98005699922181, "x": 1.2924581570520322, "y": 6.544889712310237}, "datetime": {"datetime": "2024-02-27 11:24:49", "elapsed": 3070.676702, "delta": 4.489166}}
{"target": 0.5759732913041838, "params": {"u": 5.758838653488471, "v": 3.0435313565133058, "x": 7.9706010890892305, "y": 2.047831416271161}, "datetime": {"datetime": "2024-02-27 11:24:54", "elapsed": 3075.321621, "delta": 4.644919}}
{"target": 0.17266451270574565, "params": {"u": 0.8472816267048544, "v": 6.472866269758252, "x": 3.963384450704398, "y": 0.4281403171618503}, "datetime": {"datetime": "2024-02-27 11:25:00", "elapsed": 3081.531369, "delta": 6.209748}}
{"target": 0.12589851223508244, "params": {"u": 7.762783538784154, "v": 0.29919594375515723, "x": 0.22256258992276678, "y": 7.910477015856905}, "datetime": {"datetime": "2024-02-27 11:25:05", "elapsed": 3086.987732, "delta": 5.456363}}
{"target": 2.1653945884165213, "params": {"u": 5.593875868991155, "v": 3.7502349952397696, "x": 4.673862386496085, "y": 2.4885072493604534}, "datetime": {"datetime": "2024-02-27 11:25:16", "elapsed": 3097.325345, "delta": 10.337613}}
{"target": 0.17883763015611218, "params": {"u": 4.294626667564811, "v": 0.3128793599062263, "x": 0.13718190555564336, "y": 5.287004923912936}, "datetime": {"datetime": "2024-02-27 11:25:23", "elapsed": 3104.92608, "delta": 7.600735}}
{"target": 8.958524333420806, "params": {"u": 4.882801776150641, "v": 4.803058403550812, "x": 4.023699615632453, "y": 4.134280881184792}, "datetime": {"datetime": "2024-02-27 11:25:36", "elapsed": 3117.953227, "delta": 13.027147}}
{"target": 0.171526872184451, "params": {"u": 7.943798925678568, "v": 0.7437131970351896, "x": 1.126774089402519, "y": 6.001569755327912}, "datetime": {"datetime": "2024-02-27 11:25:42", "elapsed": 3123.549074, "delta": 5.595847}}
{"target": 0.37551711262845144, "params": {"u": 2.788882072114691, "v": 5.999816645696763, "x": 6.147054427466424, "y": 5.35265125927141}, "datetime": {"datetime": "2024-02-27 11:25:50", "elapsed": 3131.440775, "delta": 7.891701}}
{"target": 0.3326747604036234, "params": {"u": 6.631565953710801, "v": 2.7992596871387763, "x": 1.7915768611798044, "y": 4.48624019615028}, "datetime": {"datetime": "2024-02-27 11:25:57", "elapsed": 3138.738973, "delta": 7.298198}}
{"target": 6.766042641736126, "params": {"u": 4.653695190624374, "v": 4.9011044914966835, "x": 3.9646173160092513, "y": 3.7556494170334362}, "datetime": {"datetime": "2024-02-27 11:26:15", "elapsed": 3156.641501, "delta": 17.902528}}
{"target": 1.0260342551616077, "params": {"u": 6.188879148042751, "v": 4.094491130348042, "x": 4.556191694775647, "y": 3.2125089913382787}, "datetime": {"datetime": "2024-02-27 11:26:27", "elapsed": 3168.773336, "delta": 12.131835}}
{"target": 0.1963102295532338, "params": {"u": 9.98777643364085, "v": 0.24097233709788446, "x": 2.5031367437604257, "y": 2.1338739428467655}, "datetime": {"datetime": "2024-02-27 11:26:36", "elapsed": 3178.193626, "delta": 9.42029}}
{"target": 0.24085048366887507, "params": {"u": 9.840458125819469, "v": 6.1064886792484865, "x": 7.247688149569819, "y": 9.940790945890575}, "datetime": {"datetime": "2024-02-27 11:26:50", "elapsed": 3192.184698, "delta": 13.991072}}
{"target": 8.954686349243833, "params": {"u": 4.706040193620726, "v": 4.81999226110259, "x": 4.059585703009128, "y": 3.875322449268934}, "datetime": {"datetime": "2024-02-27 11:27:02", "elapsed": 3203.272842, "delta": 11.088144}}
{"target": 0.24473017701782532, "params": {"u": 0.7252930378933997, "v": 0.005297888706259357, "x": 0.6186622424854138, "y": 3.231244062656521}, "datetime": {"datetime": "2024-02-27 11:27:07", "elapsed": 3208.958546, "delta": 5.685704}}
{"target": 0.3293150147436687, "params": {"u": 3.7795631655328843, "v": 0.08569840891992087, "x": 2.212755999902274, "y": 1.055518561957789}, "datetime": {"datetime": "2024-02-27 11:27:15", "elapsed": 3216.214175, "delta": 7.255629}}
{"target": 2.953840268068202, "params": {"u": 4.914314202240906, "v": 4.582385082912005, "x": 3.849196476594593, "y": 3.458108888312518}, "datetime": {"datetime": "2024-02-27 11:27:27", "elapsed": 3228.476802, "delta": 12.262627}}
{"target": 5.391333755854831, "params": {"u": 4.772446471061121, "v": 4.6543851206172775, "x": 4.021185131080878, "y": 3.6729083356673176}, "datetime": {"datetime": "2024-02-27 11:27:37", "elapsed": 3238.404159, "delta": 9.927357}}
{"target": 0.20549246593273285, "params": {"u": 8.37372468527715, "v": 8.292069534584781, "x": 1.7100638317838757, "y": 5.027884623310235}, "datetime": {"datetime": "2024-02-27 11:27:40", "elapsed": 3242.122502, "delta": 3.718343}}
{"target": 3.557268241567688, "params": {"u": 5.577106164858775, "v": 3.668328059390784, "x": 5.048300413522984, "y": 2.773878873338833}, "datetime": {"datetime": "2024-02-27 11:27:56", "elapsed": 3257.619003, "delta": 15.496501}}
{"target": 3.4821869206441614, "params": {"u": 4.741920352834165, "v": 4.652047860143515, "x": 4.487239134626808, "y": 3.890157155097783}, "datetime": {"datetime": "2024-02-27 11:28:09", "elapsed": 3270.504168, "delta": 12.885165}}
{"target": 7.339751530705137, "params": {"u": 4.887276067060531, "v": 4.705574658149359, "x": 3.997688496264483, "y": 4.2156802528590065}, "datetime": {"datetime": "2024-02-27 11:28:17", "elapsed": 3279.010413, "delta": 8.506245}}
{"target": 0.2533188420017295, "params": {"u": 2.8035523465216308, "v": 1.825591502500592, "x": 2.5927630492017117, "y": 5.625654777517141}, "datetime": {"datetime": "2024-02-27 11:28:22", "elapsed": 3283.958681, "delta": 4.948268}}
{"target": 1.83234036096341, "params": {"u": 4.7153597995451495, "v": 4.135597317503061, "x": 4.814596482244711, "y": 4.218219433517392}, "datetime": {"datetime": "2024-02-27 11:28:34", "elapsed": 3295.967292, "delta": 12.008611}}
{"target": 1.2850183344899218, "params": {"u": 3.966594502249421, "v": 4.835984432978809, "x": 4.185505261266844, "y": 3.882680191030121}, "datetime": {"datetime": "2024-02-27 11:28:45", "elapsed": 3307.065603, "delta": 11.098311}}
{"target": 4.945550805371375, "params": {"u": 4.3129327238864565, "v": 4.715623457158372, "x": 3.6774654080849443, "y": 3.8557114231079104}, "datetime": {"datetime": "2024-02-27 11:28:56", "elapsed": 3317.631153, "delta": 10.56555}}
{"target": 2.519758868069734, "params": {"u": 5.504780345419366, "v": 3.7025487510645694, "x": 5.437623034121227, "y": 2.725217108933208}, "datetime": {"datetime": "2024-02-27 11:29:09", "elapsed": 3330.858773, "delta": 13.22762}}
{"target": 0.2153589475069803, "params": {"u": 9.12737524246824, "v": 9.524901975313595, "x": 9.961671088154926, "y": 9.393201473905648}, "datetime": {"datetime": "2024-02-27 11:29:14", "elapsed": 3335.534199, "delta": 4.675426}}
{"target": 1.4862527733480382, "params": {"u": 5.464456912877274, "v": 3.5657363359814562, "x": 5.0511109913817425, "y": 2.035994900200102}, "datetime": {"datetime": "2024-02-27 11:29:22", "elapsed": 3343.982752, "delta": 8.448553}}
{"target": 7.609751122124315, "params": {"u": 4.592171112639488, "v": 4.326483793769256, "x": 4.187364637393353, "y": 3.9162083829093186}, "datetime": {"datetime": "2024-02-27 11:29:31", "elapsed": 3352.947275, "delta": 8.964523}}
{"target": 8.034489524077507, "params": {"u": 4.525671048269777, "v": 4.790313157470626, "x": 4.027119098554915, "y": 3.8182785657767404}, "datetime": {"datetime": "2024-02-27 11:29:43", "elapsed": 3364.718403, "delta": 11.771128}}
{"target": 0.2596309174354071, "params": {"u": 3.6707736173739756, "v": 4.21985530059528, "x": 0.03574366470446955, "y": 4.279709470313247}, "datetime": {"datetime": "2024-02-27 11:29:48", "elapsed": 3369.236615, "delta": 4.518212}}
{"target": 0.3255936742287634, "params": {"u": 9.138611409724742, "v": 1.3518002842775356, "x": 4.462777220856289, "y": 2.30423667820756}, "datetime": {"datetime": "2024-02-27 11:29:53", "elapsed": 3374.46652, "delta": 5.229905}}
{"target": 0.3268974660069088, "params": {"u": 1.7981145178134905, "v": 3.7242959517041028, "x": 2.782474871884677, "y": 3.895500754579766}, "datetime": {"datetime": "2024-02-27 11:29:58", "elapsed": 3379.653235, "delta": 5.186715}}
{"target": 0.29368853395834255, "params": {"u": 7.766109770170876, "v": 0.501695498886694, "x": 9.322108995307273, "y": 3.6680600449382084}, "datetime": {"datetime": "2024-02-27 11:30:02", "elapsed": 3383.360419, "delta": 3.707184}}
{"target": 0.6461725205653018, "params": {"u": 3.8610641228529996, "v": 4.037908184363841, "x": 3.9494037603975607, "y": 5.538201267944199}, "datetime": {"datetime": "2024-02-27 11:30:13", "elapsed": 3395.152482, "delta": 11.792063}}
{"target": 0.25703646498804317, "params": {"u": 0.019728055733061467, "v": 5.224015458698129, "x": 4.405055964455103, "y": 4.117866333415835}, "datetime": {"datetime": "2024-02-27 11:30:23", "elapsed": 3405.053917, "delta": 9.901435}}
{"target": 0.8834241887893532, "params": {"u": 6.093172899870417, "v": 2.565223859977305, "x": 4.2849929242235785, "y": 3.3187005681272783}, "datetime": {"datetime": "2024-02-27 11:30:32", "elapsed": 3413.602546, "delta": 8.548629}}
{"target": 7.01868674262673, "params": {"u": 4.192785559151247, "v": 4.252412660372011, "x": 4.234339002513688, "y": 4.011690522957379}, "datetime": {"datetime": "2024-02-27 11:30:40", "elapsed": 3422.05681, "delta": 8.454264}}
{"target": 0.2776554990183867, "params": {"u": 8.430578492836865, "v": 7.696786681095949, "x": 2.9450404369331915, "y": 4.3091106408926905}, "datetime": {"datetime": "2024-02-27 11:30:44", "elapsed": 3425.404212, "delta": 3.347402}}
{"target": 0.18624685588175435, "params": {"u": 0.4366282393122034, "v": 6.124162448023743, "x": 0.5419744956152606, "y": 3.5206268271686723}, "datetime": {"datetime": "2024-02-27 11:30:47", "elapsed": 3428.456584, "delta": 3.052372}}
{"target": 0.17187055203403526, "params": {"u": 2.976761716111347, "v": 9.989878056211099, "x": 7.538834580898807, "y": 2.738106309022884}, "datetime": {"datetime": "2024-02-27 11:30:52", "elapsed": 3433.829827, "delta": 5.373243}}
{"target": 7.127634927733696, "params": {"u": 4.721888767546277, "v": 4.850728210359813, "x": 4.119036600194056, "y": 3.8039208405875327}, "datetime": {"datetime": "2024-02-27 11:30:57", "elapsed": 3439.09892, "delta": 5.269093}}
{"target": 0.6536221857021848, "params": {"u": 8.008816382123046, "v": 4.122604096638182, "x": 7.759641875408474, "y": 4.496872335328879}, "datetime": {"datetime": "2024-02-27 11:31:00", "elapsed": 3441.76599, "delta": 2.66707}}
{"target": 0.1451757573977296, "params": {"u": 0.06505825156430833, "v": 0.4492372475328543, "x": 3.110873430759714, "y": 7.01988799017686}, "datetime": {"datetime": "2024-02-27 11:31:10", "elapsed": 3451.527379, "delta": 9.761389}}
{"target": 8.504290961592499, "params": {"u": 4.353747559176679, "v": 4.683435468132629, "x": 4.052836852788767, "y": 4.150297844277151}, "datetime": {"datetime": "2024-02-27 11:31:21", "elapsed": 3462.925101, "delta": 11.397722}}
{"target": 0.1565108591522155, "params": {"u": 0.2628162598511241, "v": 5.322774912401069, "x": 8.055118313388387, "y": 7.930059787479005}, "datetime": {"datetime": "2024-02-27 11:31:28", "elapsed": 3469.249488, "delta": 6.324387}}
{"target": 0.20313224390936763, "params": {"u": 9.916025357195625, "v": 3.7805222095128954, "x": 9.866827871239085, "y": 6.816843637831961}, "datetime": {"datetime": "2024-02-27 11:31:34", "elapsed": 3475.874452, "delta": 6.624964}}
{"target": 7.124629010659849, "params": {"u": 4.9707883868842035, "v": 4.916539193018861, "x": 4.097649192147478, "y": 4.20511833869739}, "datetime": {"datetime": "2024-02-27 11:31:48", "elapsed": 3489.97824, "delta": 14.103788}}
{"target": 0.258028235348539, "params": {"u": 9.31411911468587, "v": 0.247833678862599, "x": 7.308514760785005, "y": 4.806074413745238}, "datetime": {"datetime": "2024-02-27 11:31:53", "elapsed": 3494.555834, "delta": 4.577594}}
{"target": 0.15323599237243504, "params": {"u": 0.05530168659732437, "v": 7.021591464009456, "x": 2.0715046914772914, "y": 0.779795871137815}, "datetime": {"datetime": "2024-02-27 11:31:55", "elapsed": 3496.785004, "delta": 2.22917}}
{"target": 0.20321950359609608, "params": {"u": 9.879881731495036, "v": 5.374675154086017, "x": 9.82558596503829, "y": 0.5378756870953605}, "datetime": {"datetime": "2024-02-27 11:31:59", "elapsed": 3500.605381, "delta": 3.820377}}
{"target": 0.28444180013385945, "params": {"u": 3.5117938483535456, "v": 0.0, "x": 2.353489468145525, "y": 3.715852268219619}, "datetime": {"datetime": "2024-02-27 11:32:07", "elapsed": 3508.782909, "delta": 8.177528}}
{"target": 0.9030772263262052, "params": {"u": 5.222776512840773, "v": 5.265332818360232, "x": 4.319570905900989, "y": 4.722390617969494}, "datetime": {"datetime": "2024-02-27 11:32:12", "elapsed": 3513.772819, "delta": 4.98991}}
{"target": 0.10839897804183872, "params": {"u": 0.753650975129927, "v": 0.12400144688364034, "x": 9.720548148274498, "y": 0.04023375582981492}, "datetime": {"datetime": "2024-02-27 11:32:16", "elapsed": 3518.08511, "delta": 4.312291}}
