{"target": 0.16600552458264664, "params": {"u": 3.656158032454405, "v": 9.939078193189289, "x": 0.0, "y": 3.211417438734693}, "datetime": {"datetime": "2024-02-27 11:18:36", "elapsed": 2697.970317, "delta": 24.847137}}
{"target": 0.16570163919062458, "params": {"u": 2.4959054024848184, "v": 9.833730744283567, "x": 7.210767120262227, "y": 9.989396474041342}, "datetime": {"datetime": "2024-02-27 11:18:49", "elapsed": 2710.48953, "delta": 12.519213}}
{"target": 0.19833541895726758, "params": {"u": 7.955007607077419, "v": 0.4807161257795678, "x": 9.786200272836565, "y": 5.705377761391112}, "datetime": {"datetime": "2024-02-27 11:18:53", "elapsed": 2715.16151, "delta": 4.67198}}
{"target": 0.4696126112241937, "params": {"u": 9.8179329009852, "v": 3.950799425792466, "x": 7.875847712173582, "y": 1.953940235450471}, "datetime": {"datetime": "2024-02-27 11:19:04", "elapsed": 2725.987842, "delta": 10.826332}}
{"target": 0.3619177922667197, "params": {"u": 2.1610031435864006, "v": 9.86844190095984, "x": 2.9224386463044363, "y": 5.775583491316638}, "datetime": {"datetime": "2024-02-27 11:19:19", "elapsed": 2740.79243, "delta": 14.804588}}
{"target": 0.157863857291949, "params": {"u": 0.31605685454527466, "v": 7.463073558774754, "x": 7.874634600149767, "y": 7.9352100162462635}, "datetime": {"datetime": "2024-02-27 11:19:25", "elapsed": 2746.751177, "delta": 5.958747}}
{"target": 0.1942275902502433, "params": {"u": 4.4293014276241705, "v": 3.6099297697373722, "x": 3.065155471673211, "y": 9.961449167656802}, "datetime": {"datetime": "2024-02-27 11:19:31", "elapsed": 2752.207912, "delta": 5.456735}}
{"target": 0.1879883975451506, "params": {"u": 2.4639175512294664, "v": 8.725894233771104, "x": 1.82742283618752, "y": 1.7722656701773132}, "datetime": {"datetime": "2024-02-27 11:19:35", "elapsed": 2756.374244, "delta": 4.166332}}
{"target": 9.733901678962084, "params": {"u": 4.215294574051165, "v": 4.407089130239969, "x": 3.9572021250913103, "y": 4.082012048809992}, "datetime": {"datetime": "2024-02-27 11:19:45", "elapsed": 2766.30004, "delta": 9.925796}}
{"target": 7.488973456706209, "params": {"u": 4.912093464811155, "v": 4.189637143801685, "x": 3.9669420424128132, "y": 4.205509164381826}, "datetime": {"datetime": "2024-02-27 11:20:08", "elapsed": 2789.810954, "delta": 23.510914}}
{"target": 0.20540319280280367, "params": {"u": 5.129777673315151, "v": 9.697561075633521, "x": 9.846195879805395, "y": 5.998527844232024}, "datetime": {"datetime": "2024-02-27 11:20:19", "elapsed": 2800.384771, "delta": 10.573817}}
{"target": 3.5139686296717594, "params": {"u": 5.366717093356057, "v": 3.4015369644025784, "x": 5.009914608539802, "y": 3.2476749424379725}, "datetime": {"datetime": "2024-02-27 11:20:23", "elapsed": 2804.882052, "delta": 4.497281}}
{"target": 2.815022280503603, "params": {"u": 5.858457262861711, "v": 3.381723613866275, "x": 4.789383573262857, "y": 3.3772304444450274}, "datetime": {"datetime": "2024-02-27 11:20:42", "elapsed": 2823.941822, "delta": 19.05977}}
{"target": 5.436580177222051, "params": {"u": 4.514495894444442, "v": 4.773146295478296, "x": 3.76761589631188, "y": 4.21899210796428}, "datetime": {"datetime": "2024-02-27 11:20:53", "elapsed": 2835.067092, "delta": 11.12527}}
{"target": 1.3737411082938988, "params": {"u": 4.974713746390309, "v": 3.1909261029258174, "x": 5.260611062219203, "y": 3.002501779331012}, "datetime": {"datetime": "2024-02-27 11:21:14", "elapsed": 2855.974711, "delta": 20.907619}}
{"target": 1.4228755116566607, "params": {"u": 5.684745713404876, "v": 2.9577533917434695, "x": 4.960314532831904, "y": 2.8140121774913873}, "datetime": {"datetime": "2024-02-27 11:21:24", "elapsed": 2865.402095, "delta": 9.427384}}
{"target": 0.2930952074061632, "params": {"u": 2.3675828619066586, "v": 4.344009352282897, "x": 6.843078112115553, "y": 1.2884951396283784}, "datetime": {"datetime": "2024-02-27 11:21:29", "elapsed": 2871.074268, "delta": 5.672173}}
{"target": 10.36408862429664, "params": {"u": 4.451064990975039, "v": 4.355461054626044, "x": 4.004819101708543, "y": 4.041162579150863}, "datetime": {"datetime": "2024-02-27 11:21:53", "elapsed": 2894.788753, "delta": 23.714485}}
{"target": 7.02179950199071, "params": {"u": 4.156274858015935, "v": 4.84082969921913, "x": 4.132586969075462, "y": 3.806112450185777}, "datetime": {"datetime": "2024-02-27 11:22:02", "elapsed": 2904.032088, "delta": 9.243335}}
{"target": 1.3528500635216039, "params": {"u": 6.345548165164385, "v": 3.8787269111086777, "x": 4.613465280864442, "y": 2.879770957532326}, "datetime": {"datetime": "2024-02-27 11:22:16", "elapsed": 2918.194736, "delta": 14.162648}}
{"target": 6.629167622466498, "params": {"u": 4.724407768468412, "v": 4.110373272648911, "x": 4.214635209735977, "y": 4.135898225397502}, "datetime": {"datetime": "2024-02-27 11:22:36", "elapsed": 2937.897954, "delta": 19.703218}}
{"target": 0.7632999783296696, "params": {"u": 6.130197915888718, "v": 2.9613154932842534, "x": 4.090875848968976, "y": 3.702631900736665}, "datetime": {"datetime": "2024-02-27 11:22:50", "elapsed": 2952.017408, "delta": 14.119454}}
{"target": 1.522881185809596, "params": {"u": 4.137009990184893, "v": 3.991675844275794, "x": 4.095513617550052, "y": 3.9771802921248356}, "datetime": {"datetime": "2024-02-27 11:23:01", "elapsed": 2963.005053, "delta": 10.987645}}
{"target": 1.7704290968646472, "params": {"u": 5.0229626805066605, "v": 3.7190923812736107, "x": 5.686684806303547, "y": 3.4331755060186806}, "datetime": {"datetime": "2024-02-27 11:23:15", "elapsed": 2976.810373, "delta": 13.80532}}
{"target": 1.9942045267453188, "params": {"u": 5.493469054598693, "v": 3.515753062699083, "x": 4.464111699964032, "y": 3.4882983582009466}, "datetime": {"datetime": "2024-02-27 11:23:33", "elapsed": 2994.735753, "delta": 17.92538}}
{"target": 2.740249178758184, "params": {"u": 5.422297537978816, "v": 3.9057036747254212, "x": 4.899554574218078, "y": 3.441090544431252}, "datetime": {"datetime": "2024-02-27 11:23:46", "elapsed": 3007.38524, "delta": 12.649487}}
{"target": 7.280518813999927, "params": {"u": 4.604747289706429, "v": 4.519613015784158, "x": 3.81774100541742, "y": 3.8788809244800735}, "datetime": {"datetime": "2024-02-27 11:24:03", "elapsed": 3024.709583, "delta": 17.324343}}
{"target": 3.830480065103345, "params": {"u": 5.932176171649351, "v": 3.6866713351225897, "x": 5.153886442459614, "y": 2.9938967279770723}, "datetime": {"datetime": "2024-02-27 11:24:18", "elapsed": 3039.624404, "delta": 14.914821}}
{"target": 1.532381679878009, "params": {"u": 6.333132599476982, "v": 3.54576604012398, "x": 5.030701137522535, "y": 2.9209250260960706}, "datetime": {"datetime": "2024-02-27 11:24:26", "elapsed": 3047.986733, "delta": 8.362329}}
{"target": 1.444838093674713, "params": {"u": 6.503375354206781, "v": 3.4154179283120776, "x": 6.059296188093666, "y": 2.2397806776010745}, "datetime": {"datetime": "2024-02-27 11:24:35", "elapsed": 3056.962102, "delta": 8.975369}}
{"target": 1.3043350340122186, "params": {"u": 6.1299365217862745, "v": 3.4015214732086383, "x": 6.264355570554681, "y": 3.371254942064408}, "datetime": {"datetime": "2024-02-27 11:24:46", "elapsed": 3067.67606, "delta": 10.713958}}
{"target": 10.192154182727425, "params": {"u": 4.694203081828869, "v": 4.491635579122375, "x": 4.031326236765161, "y": 3.948145466649162}, "datetime": {"datetime": "2024-02-27 11:24:59", "elapsed": 3080.894615, "delta": 13.218555}}
{"target": 0.4168267156466018, "params": {"u": 0.18723124992332085, "v": 2.144619646129302, "x": 0.3442579710149507, "y": 1.8471562281509746}, "datetime": {"datetime": "2024-02-27 11:25:05", "elapsed": 3087.140025, "delta": 6.24541}}
{"target": 1.9200265908082936, "params": {"u": 5.913810956768337, "v": 3.8784209863063888, "x": 5.748019401730651, "y": 2.9799601834728495}, "datetime": {"datetime": "2024-02-27 11:25:19", "elapsed": 3101.174432, "delta": 14.034407}}
{"target": 0.6878030728489286, "params": {"u": 3.2355956293882357, "v": 5.16324741930762, "x": 3.3980442111975617, "y": 4.844903569821833}, "datetime": {"datetime": "2024-02-27 11:25:26", "elapsed": 3108.095883, "delta": 6.921451}}
{"target": 0.23090804117356672, "params": {"u": 7.5659649347125555, "v": 1.2914198794352383, "x": 1.8745936086419812, "y": 0.5890301670597842}, "datetime": {"datetime": "2024-02-27 11:25:31", "elapsed": 3112.662324, "delta": 4.566441}}
{"target": 3.0397104914343505, "params": {"u": 5.47690259344332, "v": 3.435000834484626, "x": 5.369345502320428, "y": 2.994405154082659}, "datetime": {"datetime": "2024-02-27 11:25:48", "elapsed": 3129.278995, "delta": 16.616671}}
{"target": 0.12758229157432951, "params": {"u": 9.293997782804654, "v": 9.44823210238565, "x": 2.403168138514636, "y": 0.6707257217746176}, "datetime": {"datetime": "2024-02-27 11:25:52", "elapsed": 3133.608055, "delta": 4.32906}}
{"target": 8.388116750932266, "params": {"u": 4.331988693963788, "v": 4.139865825002031, "x": 4.005257584334087, "y": 3.833851053576253}, "datetime": {"datetime": "2024-02-27 11:26:09", "elapsed": 3151.065179, "delta": 17.457124}}
{"target": 0.26182768362584236, "params": {"u": 4.29980214537051, "v": 5.612661289260689, "x": 9.871292637078074, "y": 3.791835704271195}, "datetime": {"datetime": "2024-02-27 11:26:15", "elapsed": 3156.60184, "delta": 5.536661}}
{"target": 2.365688413831864, "params": {"u": 5.996039331703031, "v": 3.2598586698333087, "x": 5.547528907231579, "y": 2.8495847842436692}, "datetime": {"datetime": "2024-02-27 11:26:39", "elapsed": 3180.858567, "delta": 24.256727}}
{"target": 0.30017039939303836, "params": {"u": 9.969768554541892, "v": 1.6344191471337743, "x": 9.979629925763913, "y": 2.337973018076025}, "datetime": {"datetime": "2024-02-27 11:26:50", "elapsed": 3191.727097, "delta": 10.86853}}
{"target": 0.11318425638390975, "params": {"u": 8.314646868998954, "v": 0.059385949593390164, "x": 0.14783233675137897, "y": 8.228424145396584}, "datetime": {"datetime": "2024-02-27 11:27:02", "elapsed": 3204.045688, "delta": 12.318591}}
{"target": 1.1236232437733213, "params": {"u": 6.290774541205081, "v": 4.125519390033464, "x": 5.401187315523916, "y": 3.3551090039380105}, "datetime": {"datetime": "2024-02-27 11:27:18", "elapsed": 3219.554095, "delta": 15.508407}}
{"target": 0.5040972743020405, "params": {"u": 4.272763324418678, "v": 6.701741251301405, "x": 5.502716957857726, "y": 7.359734163633424}, "datetime": {"datetime": "2024-02-27 11:27:24", "elapsed": 3225.249485, "delta": 5.69539}}
{"target": 0.17174158135285778, "params": {"u": 9.957664009766617, "v": 7.996280066185389, "x": 3.5205462904806826, "y": 9.973173793157933}, "datetime": {"datetime": "2024-02-27 11:27:36", "elapsed": 3237.275097, "delta": 12.025612}}
{"target": 0.19562606703550195, "params": {"u": 0.16606765153423408, "v": 6.585525249805432, "x": 1.0017774504928456, "y": 3.3891946688577246}, "datetime": {"datetime": "2024-02-27 11:27:40", "elapsed": 3242.104842, "delta": 4.829745}}
{"target": 0.12437927407306308, "params": {"u": 7.848664385755395, "v": 10.0, "x": 8.147544093273593, "y": 0.0}, "datetime": {"datetime": "2024-02-27 11:27:52", "elapsed": 3253.608131, "delta": 11.503289}}
{"target": 0.22437107461146397, "params": {"u": 8.303581764096457, "v": 3.58252325838058, "x": 5.086073844817378, "y": 8.822700791372375}, "datetime": {"datetime": "2024-02-27 11:27:56", "elapsed": 3258.037459, "delta": 4.429328}}
{"target": 0.25861145223627524, "params": {"u": 0.09893597381765873, "v": 7.861893643870983, "x": 4.684558255417446, "y": 6.561216683796318}, "datetime": {"datetime": "2024-02-27 11:28:09", "elapsed": 3270.379729, "delta": 12.34227}}
{"target": 0.13479351197379172, "params": {"u": 9.058201875520185, "v": 2.167929186055723, "x": 3.1457297499059953, "y": 9.92645329250707}, "datetime": {"datetime": "2024-02-27 11:28:14", "elapsed": 3275.7839, "delta": 5.404171}}
{"target": 3.6453356273039392, "params": {"u": 5.628102118112171, "v": 3.4411839756576934, "x": 4.938137548385718, "y": 2.8044577767576238}, "datetime": {"datetime": "2024-02-27 11:28:23", "elapsed": 3284.380582, "delta": 8.596682}}
{"target": 1.3786899553449763, "params": {"u": 5.835135854836, "v": 3.5291438511596973, "x": 4.6876564166535, "y": 2.0418231997625758}, "datetime": {"datetime": "2024-02-27 11:28:34", "elapsed": 3295.848073, "delta": 11.467491}}
{"target": 0.1850545437192176, "params": {"u": 9.854391192582167, "v": 8.827433316604502, "x": 3.7368359484451155, "y": 1.907561705208276}, "datetime": {"datetime": "2024-02-27 11:28:38", "elapsed": 3299.818047, "delta": 3.969974}}
{"target": 9.012015345473197, "params": {"u": 4.755393864371973, "v": 4.43833985305665, "x": 4.082604826936014, "y": 3.892807204108336}, "datetime": {"datetime": "2024-02-27 11:28:47", "elapsed": 3308.840118, "delta": 9.022071}}
{"target": 2.315824179170963, "params": {"u": 5.749899628936697, "v": 3.3223522029737005, "x": 4.50126468383047, "y": 2.747679841324503}, "datetime": {"datetime": "2024-02-27 11:29:03", "elapsed": 3325.105429, "delta": 16.265311}}
{"target": 0.18015162264153992, "params": {"u": 6.739139788686691, "v": 8.059488540542121, "x": 0.03209809880883818, "y": 3.543022339120545}, "datetime": {"datetime": "2024-02-27 11:29:13", "elapsed": 3334.85672, "delta": 9.751291}}
{"target": 9.768182419572012, "params": {"u": 4.517494776106291, "v": 4.103283917082113, "x": 4.045941427682701, "y": 4.078706988361468}, "datetime": {"datetime": "2024-02-27 11:29:21", "elapsed": 3342.726359, "delta": 7.869639}}
{"target": 0.47384944153662273, "params": {"u": 5.6380407659709375, "v": 2.1920127180685767, "x": 8.470960278052804, "y": 1.9967937699489948}, "datetime": {"datetime": "2024-02-27 11:29:29", "elapsed": 3351.118383, "delta": 8.392024}}
{"target": 0.3685957194759772, "params": {"u": 7.8147776985451545, "v": 6.615531119980119, "x": 2.903713087547084, "y": 3.888581569952118}, "datetime": {"datetime": "2024-02-27 11:29:35", "elapsed": 3356.242845, "delta": 5.124462}}
{"target": 1.1940546623785226, "params": {"u": 5.316157347280739, "v": 3.1365230388173604, "x": 6.186889288172108, "y": 2.171269383387333}, "datetime": {"datetime": "2024-02-27 11:29:48", "elapsed": 3369.650704, "delta": 13.407859}}
{"target": 6.338628418801045, "params": {"u": 4.360623546236538, "v": 4.711405557590645, "x": 4.254257727217351, "y": 4.092001395732953}, "datetime": {"datetime": "2024-02-27 11:30:00", "elapsed": 3381.702608, "delta": 12.051904}}
{"target": 0.56498684927605, "params": {"u": 4.032135831962789, "v": 8.021878809579405, "x": 4.126121862538903, "y": 7.1456248523440475}, "datetime": {"datetime": "2024-02-27 11:30:04", "elapsed": 3386.167983, "delta": 4.465375}}
{"target": 0.2682821266248739, "params": {"u": 3.758764624899228, "v": 4.727234017246467, "x": 0.15522505369416778, "y": 4.093054399311284}, "datetime": {"datetime": "2024-02-27 11:30:10", "elapsed": 3392.089631, "delta": 5.921648}}
{"target": 0.649678484029155, "params": {"u": 6.118586072811748, "v": 7.5232846225493795, "x": 7.110148760613604, "y": 5.375558508614786}, "datetime": {"datetime": "2024-02-27 11:30:16", "elapsed": 3397.307873, "delta": 5.218242}}
{"target": 0.5877276003081889, "params": {"u": 7.223933528326145, "v": 5.5867125511602875, "x": 5.448705466132907, "y": 2.313446898478709}, "datetime": {"datetime": "2024-02-27 11:30:20", "elapsed": 3401.80043, "delta": 4.492557}}
{"target": 0.6578253959849192, "params": {"u": 4.78875333573014, "v": 6.21130559358741, "x": 4.192784864052729, "y": 4.939015407124272}, "datetime": {"datetime": "2024-02-27 11:30:25", "elapsed": 3406.787767, "delta": 4.987337}}
{"target": 0.7466908941683414, "params": {"u": 8.097416121846948, "v": 3.5016846973245928, "x": 5.82861442082375, "y": 2.906824421985763}, "datetime": {"datetime": "2024-02-27 11:30:29", "elapsed": 3411.003211, "delta": 4.215444}}
{"target": 0.2617428690986211, "params": {"u": 0.7824198669644244, "v": 4.951638477391996, "x": 4.194582429688683, "y": 3.8834151666577754}, "datetime": {"datetime": "2024-02-27 11:30:33", "elapsed": 3414.726393, "delta": 3.723182}}
{"target": 1.797158077384539, "params": {"u": 5.338165933082207, "v": 3.6853262735933567, "x": 5.6394277904347865, "y": 2.4818096728629193}, "datetime": {"datetime": "2024-02-27 11:30:40", "elapsed": 3422.129523, "delta": 7.40313}}
{"target": 7.002526128645533, "params": {"u": 4.121779447441468, "v": 4.612936507299496, "x": 3.7787217806738695, "y": 4.069116433581797}, "datetime": {"datetime": "2024-02-27 11:30:48", "elapsed": 3429.84492, "delta": 7.715397}}
{"target": 1.5044093348432486, "params": {"u": 5.221887177407837, "v": 4.119231308304725, "x": 4.901453912518398, "y": 2.943947960714801}, "datetime": {"datetime": "2024-02-27 11:30:54", "elapsed": 3435.723673, "delta": 5.878753}}
{"target": 2.529382702651132, "params": {"u": 5.776382097489813, "v": 3.61690497644078, "x": 5.250976661793045, "y": 2.557905598228203}, "datetime": {"datetime": "2024-02-27 11:30:59", "elapsed": 3441.161096, "delta": 5.437423}}
{"target": 0.14326313009411212, "params": {"u": 5.665317511230336, "v": 0.5091145613018222, "x": 5.9771702413548855, "y": 9.795727259050228}, "datetime": {"datetime": "2024-02-27 11:31:03", "elapsed": 3445.170063, "delta": 4.008967}}
{"target": 0.13802656046579298, "params": {"u": 6.1355780768897406, "v": 10.0, "x": 6.060416264228784, "y": 0.0}, "datetime": {"datetime": "2024-02-27 11:31:08", "elapsed": 3450.149634, "delta": 4.979571}}
{"target": 0.41505252317138724, "params": {"u": 6.626389605812829, "v": 8.944425230095728, "x": 4.121790186623927, "y": 6.379866282218293}, "datetime": {"datetime": "2024-02-27 11:31:11", "elapsed": 3452.533138, "delta": 2.383504}}
{"target": 8.317523406809718, "params": {"u": 4.715025359218483, "v": 4.757574597031722, "x": 4.0265405069674784, "y": 4.166130456140872}, "datetime": {"datetime": "2024-02-27 11:31:21", "elapsed": 3462.545443, "delta": 10.012305}}
{"target": 1.239487590236316, "params": {"u": 4.931927929752831, "v": 3.4874165996693964, "x": 4.616259845176163, "y": 2.5779229081306108}, "datetime": {"datetime": "2024-02-27 11:31:30", "elapsed": 3471.307107, "delta": 8.761664}}
{"target": 7.091507242196054, "params": {"u": 4.777448313929513, "v": 4.715042112868948, "x": 4.2216531892611275, "y": 4.063253851012469}, "datetime": {"datetime": "2024-02-27 11:31:41", "elapsed": 3482.548373, "delta": 11.241266}}
{"target": 8.222096702976796, "params": {"u": 4.402506333060034, "v": 4.338634720488143, "x": 3.834033449300629, "y": 3.9529715583879943}, "datetime": {"datetime": "2024-02-27 11:31:51", "elapsed": 3492.828907, "delta": 10.280534}}
{"target": 0.18556137742272963, "params": {"u": 0.8257404952105718, "v": 8.501930580348693, "x": 6.332746833635391, "y": 8.149351749217578}, "datetime": {"datetime": "2024-02-27 11:31:53", "elapsed": 3495.160797, "delta": 2.33189}}
{"target": 1.9895292897707673, "params": {"u": 5.963019643821307, "v": 3.296427890748653, "x": 5.412871222843844, "y": 3.5690659462224392}, "datetime": {"datetime": "2024-02-27 11:31:58", "elapsed": 3499.569115, "delta": 4.408318}}
{"target": 6.915611079267553, "params": {"u": 4.016095432546639, "v": 4.135812948423921, "x": 3.7659847009757765, "y": 3.965265238559902}, "datetime": {"datetime": "2024-02-27 11:32:02", "elapsed": 3503.864219, "delta": 4.295104}}
{"target": 0.2728403363591976, "params": {"u": 4.198835141540482, "v": 2.8270747788757356, "x": 2.1615101592302555, "y": 6.907646728095526}, "datetime": {"datetime": "2024-02-27 11:32:07", "elapsed": 3508.649386, "delta": 4.785167}}
{"target": 0.410368004364496, "params": {"u": 6.548922252792914, "v": 0.18037147769079165, "x": 4.10039852338808, "y": 2.389964306672543}, "datetime": {"datetime": "2024-02-27 11:32:09", "elapsed": 3510.713836, "delta": 2.06445}}
{"target": 0.2798143792385242, "params": {"u": 2.7310172338360363, "v": 0.06873844637791837, "x": 4.907845855869269, "y": 2.610408689927416}, "datetime": {"datetime": "2024-02-27 11:32:15", "elapsed": 3516.549058, "delta": 5.835222}}
