{"target": -0.7182273004329243, "params": {"colsample_bytree": 0.7181529845295826, "learning_rate": 0.498459876356414, "max_bin_exp": 7.112819586660868, "max_depth": 4.290563657137026, "n_estimators": 3035.4110122826346, "reg_alpha": 2.2592020016765533, "reg_lambda": 0.4087413830958804}, "datetime": {"datetime": "2024-02-19 18:16:31", "elapsed": 0.0, "delta": 0.0}}
{"target": -0.8857133411046374, "params": {"colsample_bytree": 0.20329369312496956, "learning_rate": 0.07560493099236007, "max_bin_exp": 8.190634008683743, "max_depth": 3.9667628081133186, "n_estimators": 4509.585211782617, "reg_alpha": 1.3333721754922458, "reg_lambda": 0.9503549879576978}, "datetime": {"datetime": "2024-02-19 18:16:34", "elapsed": 2.696328, "delta": 2.696328}}
{"target": -0.9884699900923963, "params": {"colsample_bytree": 0.9384654073967056, "learning_rate": 0.2334650681713609, "max_bin_exp": 8.790187462663834, "max_depth": 1.9957935365834114, "n_estimators": 4091.143128883628, "reg_alpha": 0.4304236698050209, "reg_lambda": 2.0504553742311593}, "datetime": {"datetime": "2024-02-19 18:16:35", "elapsed": 4.151915, "delta": 1.455587}}
{"target": -0.7313368272407604, "params": {"colsample_bytree": 0.81394865122484, "learning_rate": 0.5, "max_bin_exp": 6.153280578396259, "max_depth": 4.194879065977876, "n_estimators": 2992.5173356717164, "reg_alpha": 3.0, "reg_lambda": 0.5385551946790931}, "datetime": {"datetime": "2024-02-19 18:16:36", "elapsed": 5.486896, "delta": 1.334981}}
{"target": -0.7642480960407838, "params": {"colsample_bytree": 0.33131961312410674, "learning_rate": 0.38606017223973443, "max_bin_exp": 8.884474856646676, "max_depth": 5.627593012178775, "n_estimators": 100.80479309874124, "reg_alpha": 0.7692194815640022, "reg_lambda": 2.045420280090888}, "datetime": {"datetime": "2024-02-19 18:16:37", "elapsed": 5.692966, "delta": 0.20607}}
{"target": -0.668032379947181, "params": {"colsample_bytree": 0.9239903036984025, "learning_rate": 0.39417645816941516, "max_bin_exp": 8.369651583539552, "max_depth": 5.407486528972231, "n_estimators": 734.8473188649731, "reg_alpha": 1.4879815780962677, "reg_lambda": 0.08537137933590588}, "datetime": {"datetime": "2024-02-19 18:16:38", "elapsed": 6.7644, "delta": 1.071434}}
{"target": -1.8819080056938557, "params": {"colsample_bytree": 0.6288836656405157, "learning_rate": 0.419772507202216, "max_bin_exp": 9.84913310089101, "max_depth": 1.716111436231945, "n_estimators": 1217.9378646763028, "reg_alpha": 0.9758322787339209, "reg_lambda": 2.416137675174639}, "datetime": {"datetime": "2024-02-19 18:16:38", "elapsed": 7.269839, "delta": 0.505439}}
{"target": -0.6632665324873468, "params": {"colsample_bytree": 0.5285761258013415, "learning_rate": 0.2560662741610648, "max_bin_exp": 8.64370758111776, "max_depth": 5.849252569275072, "n_estimators": 734.8155469240314, "reg_alpha": 1.5858591825716086, "reg_lambda": 1.5736453130861225}, "datetime": {"datetime": "2024-02-19 18:16:39", "elapsed": 8.262975, "delta": 0.993136}}
{"target": -0.6384834957185734, "params": {"colsample_bytree": 0.9950643509128503, "learning_rate": 0.23537225109252713, "max_bin_exp": 9.163875671517124, "max_depth": 5.834614010960192, "n_estimators": 456.2628007150556, "reg_alpha": 2.5837265084449506, "reg_lambda": 2.564943965945644}, "datetime": {"datetime": "2024-02-19 18:16:39", "elapsed": 8.484769, "delta": 0.221794}}
{"target": -3.143479404490348, "params": {"colsample_bytree": 0.2, "learning_rate": 0.5, "max_bin_exp": 4.0, "max_depth": 6.0, "n_estimators": 3484.762983340316, "reg_alpha": 3.0, "reg_lambda": 0.0}, "datetime": {"datetime": "2024-02-19 18:16:41", "elapsed": 10.109819, "delta": 1.62505}}
{"target": -1.4017469769273774, "params": {"colsample_bytree": 0.4597213614324231, "learning_rate": 0.23199631683587324, "max_bin_exp": 7.052170519184481, "max_depth": 1.3847325123414789, "n_estimators": 5000.0, "reg_alpha": 1.7266895961759936, "reg_lambda": 2.5482846890082627}, "datetime": {"datetime": "2024-02-19 18:16:42", "elapsed": 11.52705, "delta": 1.417231}}
{"target": -0.7078729181864996, "params": {"colsample_bytree": 0.6686520859889243, "learning_rate": 0.46970630352463016, "max_bin_exp": 9.572100561175986, "max_depth": 2.971623910144512, "n_estimators": 2338.264659973259, "reg_alpha": 0.2267901636678169, "reg_lambda": 1.3925277093733412}, "datetime": {"datetime": "2024-02-19 18:16:44", "elapsed": 12.648692, "delta": 1.121642}}
{"target": -1.1415833502035886, "params": {"colsample_bytree": 1.0, "learning_rate": 0.5, "max_bin_exp": 4.0, "max_depth": 6.0, "n_estimators": 1970.3551585443608, "reg_alpha": 3.0, "reg_lambda": 0.0}, "datetime": {"datetime": "2024-02-19 18:16:46", "elapsed": 14.77199, "delta": 2.123298}}
{"target": -4.243965905167137, "params": {"colsample_bytree": 0.9802740629904548, "learning_rate": 0.001, "max_bin_exp": 10.0, "max_depth": 1.0, "n_estimators": 2620.3701336625422, "reg_alpha": 0.0, "reg_lambda": 0.0}, "datetime": {"datetime": "2024-02-19 18:16:46", "elapsed": 15.549165, "delta": 0.777175}}
{"target": -0.6866110500779778, "params": {"colsample_bytree": 0.5743074528101262, "learning_rate": 0.2148378092120047, "max_bin_exp": 9.80597487706318, "max_depth": 2.2380951776423847, "n_estimators": 2177.188405231019, "reg_alpha": 1.4375968356535984, "reg_lambda": 0.7909454989507865}, "datetime": {"datetime": "2024-02-19 18:16:47", "elapsed": 16.588713, "delta": 1.039548}}
{"target": -1.5783867980461392, "params": {"colsample_bytree": 0.6535815515732435, "learning_rate": 0.321417186649228, "max_bin_exp": 9.871633627925789, "max_depth": 1.9077025566262735, "n_estimators": 1639.468124417954, "reg_alpha": 1.7327093376907943, "reg_lambda": 2.5269452604945988}, "datetime": {"datetime": "2024-02-19 18:16:48", "elapsed": 17.488585, "delta": 0.899872}}
{"target": -3.1424913858874763, "params": {"colsample_bytree": 1.0, "learning_rate": 0.5, "max_bin_exp": 4.0, "max_depth": 1.0, "n_estimators": 4304.28704733779, "reg_alpha": 0.0, "reg_lambda": 0.0}, "datetime": {"datetime": "2024-02-19 18:16:50", "elapsed": 18.960897, "delta": 1.472312}}
{"target": -3.6787568541843227, "params": {"colsample_bytree": 0.34536693251587786, "learning_rate": 0.5, "max_bin_exp": 4.0, "max_depth": 1.0, "n_estimators": 281.9181395049592, "reg_alpha": 0.0, "reg_lambda": 3.0}, "datetime": {"datetime": "2024-02-19 18:16:50", "elapsed": 19.097215, "delta": 0.136318}}
{"target": -0.6491284755532014, "params": {"colsample_bytree": 0.7583167258781935, "learning_rate": 0.42184683465316186, "max_bin_exp": 9.436665590664616, "max_depth": 4.419471366106611, "n_estimators": 583.311868537657, "reg_alpha": 2.864776338709553, "reg_lambda": 1.942566845856006}, "datetime": {"datetime": "2024-02-19 18:16:51", "elapsed": 19.948298, "delta": 0.851083}}
{"target": -0.8603694665460215, "params": {"colsample_bytree": 0.24275243681023043, "learning_rate": 0.3581440885062114, "max_bin_exp": 6.79998807566927, "max_depth": 2.898018643681274, "n_estimators": 4664.638484854499, "reg_alpha": 0.46396906886474976, "reg_lambda": 1.0722002426469062}, "datetime": {"datetime": "2024-02-19 18:16:53", "elapsed": 21.924827, "delta": 1.976529}}
{"target": -0.7205941300961481, "params": {"colsample_bytree": 0.8530027277682837, "learning_rate": 0.1033491661740096, "max_bin_exp": 5.355050750801613, "max_depth": 4.6837228194456335, "n_estimators": 890.3390055670056, "reg_alpha": 2.793277639094547, "reg_lambda": 2.010186168444478}, "datetime": {"datetime": "2024-02-19 18:16:54", "elapsed": 22.657979, "delta": 0.733152}}
{"target": -0.7010592751169668, "params": {"colsample_bytree": 0.826363707395804, "learning_rate": 0.3231522777134312, "max_bin_exp": 8.91000112143822, "max_depth": 2.1590487118741333, "n_estimators": 3918.1252589958963, "reg_alpha": 2.2783131726442822, "reg_lambda": 2.3495884005532055}, "datetime": {"datetime": "2024-02-19 18:16:56", "elapsed": 24.850557, "delta": 2.192578}}
{"target": -3.6651438412900195, "params": {"colsample_bytree": 0.2, "learning_rate": 0.001, "max_bin_exp": 4.0, "max_depth": 6.0, "n_estimators": 3772.013198216386, "reg_alpha": 0.0, "reg_lambda": 0.0}, "datetime": {"datetime": "2024-02-19 18:17:00", "elapsed": 29.170576, "delta": 4.320019}}
{"target": -4.20140814371469, "params": {"colsample_bytree": 0.7255844261935258, "learning_rate": 0.001, "max_bin_exp": 4.0, "max_depth": 1.0, "n_estimators": 4816.445228409552, "reg_alpha": 0.24752339624973743, "reg_lambda": 0.0}, "datetime": {"datetime": "2024-02-19 18:17:01", "elapsed": 30.47483, "delta": 1.304254}}
{"target": -4.407397583556968, "params": {"colsample_bytree": 0.9655112281612322, "learning_rate": 0.001, "max_bin_exp": 10.0, "max_depth": 1.0, "n_estimators": 1015.0967244050431, "reg_alpha": 0.0, "reg_lambda": 3.0}, "datetime": {"datetime": "2024-02-19 18:17:02", "elapsed": 30.938186, "delta": 0.463356}}
{"target": -4.6510427976459505, "params": {"colsample_bytree": 0.2, "learning_rate": 0.001, "max_bin_exp": 4.0, "max_depth": 1.0, "n_estimators": 815.4398047111745, "reg_alpha": 0.0, "reg_lambda": 3.0}, "datetime": {"datetime": "2024-02-19 18:17:02", "elapsed": 31.309528, "delta": 0.371342}}
{"target": -0.9930966851282956, "params": {"colsample_bytree": 0.24489776626574217, "learning_rate": 0.3146042174005208, "max_bin_exp": 9.767796515699372, "max_depth": 5.9093994578816815, "n_estimators": 519.0295248024031, "reg_alpha": 1.222916699372012, "reg_lambda": 2.4007466850905796}, "datetime": {"datetime": "2024-02-19 18:17:02", "elapsed": 31.561673, "delta": 0.252145}}
{"target": -0.7786815331674465, "params": {"colsample_bytree": 0.3944607727447862, "learning_rate": 0.030373548676037233, "max_bin_exp": 9.962876220033362, "max_depth": 5.8484839573726815, "n_estimators": 679.8959137979108, "reg_alpha": 1.5661753554049986, "reg_lambda": 1.7438964180216645}, "datetime": {"datetime": "2024-02-19 18:17:04", "elapsed": 32.716879, "delta": 1.155206}}
{"target": -3.022812693320386, "params": {"colsample_bytree": 0.8320790438620131, "learning_rate": 0.042231849552987345, "max_bin_exp": 8.851958720804504, "max_depth": 1.975870426221831, "n_estimators": 2253.895813392528, "reg_alpha": 2.405239602599453, "reg_lambda": 1.5839912391775082}, "datetime": {"datetime": "2024-02-19 18:17:04", "elapsed": 33.405859, "delta": 0.68898}}
{"target": -0.6926087196786999, "params": {"colsample_bytree": 0.6067621067340827, "learning_rate": 0.3822910297068255, "max_bin_exp": 8.027515755391715, "max_depth": 3.1865127869495367, "n_estimators": 2125.0709370212535, "reg_alpha": 1.4418001278398211, "reg_lambda": 0.378938308640111}, "datetime": {"datetime": "2024-02-19 18:17:06", "elapsed": 34.812462, "delta": 1.406603}}
{"target": -0.6962296450987965, "params": {"colsample_bytree": 0.5583021168010411, "learning_rate": 0.5, "max_bin_exp": 10.0, "max_depth": 3.7376644737937994, "n_estimators": 2394.945320854593, "reg_alpha": 0.0, "reg_lambda": 1.2872485219621246}, "datetime": {"datetime": "2024-02-19 18:17:07", "elapsed": 36.211462, "delta": 1.399}}
{"target": -0.724907932257827, "params": {"colsample_bytree": 0.6768576483647333, "learning_rate": 0.06245397228346195, "max_bin_exp": 6.859245717982514, "max_depth": 2.1888787806217413, "n_estimators": 4589.423757685053, "reg_alpha": 1.784271424288315, "reg_lambda": 0.694782627350283}, "datetime": {"datetime": "2024-02-19 18:17:09", "elapsed": 38.399158, "delta": 2.187696}}
{"target": -0.889439929933204, "params": {"colsample_bytree": 0.20493772070033495, "learning_rate": 0.4828008685354163, "max_bin_exp": 7.268729472804781, "max_depth": 4.438438009941228, "n_estimators": 3988.3735161038812, "reg_alpha": 2.1383606194418308, "reg_lambda": 1.8545995944236031}, "datetime": {"datetime": "2024-02-19 18:17:12", "elapsed": 41.408891, "delta": 3.009733}}
{"target": -0.8878965182497647, "params": {"colsample_bytree": 0.20207553880519474, "learning_rate": 0.32982148000560646, "max_bin_exp": 7.063782663093097, "max_depth": 5.808061301145948, "n_estimators": 2051.087727680794, "reg_alpha": 0.3869357383174711, "reg_lambda": 1.873845602438265}, "datetime": {"datetime": "2024-02-19 18:17:14", "elapsed": 43.126089, "delta": 1.717198}}
{"target": -1.1473091682402012, "params": {"colsample_bytree": 0.5905699035654958, "learning_rate": 0.40402244292024686, "max_bin_exp": 4.0534992983291565, "max_depth": 4.471279035156146, "n_estimators": 3116.811367596239, "reg_alpha": 1.920269554707517, "reg_lambda": 0.8468510542158776}, "datetime": {"datetime": "2024-02-19 18:17:15", "elapsed": 44.563888, "delta": 1.437799}}
{"target": -0.7054206108448092, "params": {"colsample_bytree": 0.6290253117727486, "learning_rate": 0.35179248962203985, "max_bin_exp": 9.152272558410177, "max_depth": 2.4348116179864547, "n_estimators": 2910.7577727205944, "reg_alpha": 0.2684578897195631, "reg_lambda": 0.39816553120519205}, "datetime": {"datetime": "2024-02-19 18:17:16", "elapsed": 45.560166, "delta": 0.996278}}
{"target": -0.7343407920633606, "params": {"colsample_bytree": 0.47444780314551666, "learning_rate": 0.35658490166603046, "max_bin_exp": 7.79574035819458, "max_depth": 4.497946518434655, "n_estimators": 2836.321187529157, "reg_alpha": 0.9475890763707937, "reg_lambda": 0.20471026736479914}, "datetime": {"datetime": "2024-02-19 18:17:18", "elapsed": 47.205788, "delta": 1.645622}}
{"target": -0.7041038802495293, "params": {"colsample_bytree": 0.8648138154785583, "learning_rate": 0.25845480550366895, "max_bin_exp": 7.73523687065608, "max_depth": 2.392597872376285, "n_estimators": 1870.0325499086105, "reg_alpha": 2.9413782696952833, "reg_lambda": 2.547480720648637}, "datetime": {"datetime": "2024-02-19 18:17:19", "elapsed": 48.221288, "delta": 1.0155}}
{"target": -2.2228129739318505, "params": {"colsample_bytree": 0.3064817155898248, "learning_rate": 0.42106629981883115, "max_bin_exp": 5.012089825910761, "max_depth": 1.155587147038968, "n_estimators": 1795.9180409098606, "reg_alpha": 0.9333901943831759, "reg_lambda": 1.2098719779096458}, "datetime": {"datetime": "2024-02-19 18:17:20", "elapsed": 48.84987, "delta": 0.628582}}
{"target": -0.7074670040449182, "params": {"colsample_bytree": 0.781578434876876, "learning_rate": 0.04051912268293748, "max_bin_exp": 5.709254290596459, "max_depth": 4.438457507540591, "n_estimators": 2768.4294833089825, "reg_alpha": 0.4340734696954659, "reg_lambda": 1.8129968321483143}, "datetime": {"datetime": "2024-02-19 18:17:21", "elapsed": 50.207675, "delta": 1.357805}}
{"target": -3.863685804260829, "params": {"colsample_bytree": 1.0, "learning_rate": 0.004595321957415475, "max_bin_exp": 10.0, "max_depth": 1.0, "n_estimators": 3218.0491410513323, "reg_alpha": 0.012089581238031442, "reg_lambda": 2.990550415870756}, "datetime": {"datetime": "2024-02-19 18:17:22", "elapsed": 51.031366, "delta": 0.823691}}
{"target": -1.3498511125323682, "params": {"colsample_bytree": 0.5963815648625175, "learning_rate": 0.0478982194652133, "max_bin_exp": 4.331935355814659, "max_depth": 3.613138623699239, "n_estimators": 2466.8328762620226, "reg_alpha": 2.7676348268690427, "reg_lambda": 2.822193861734002}, "datetime": {"datetime": "2024-02-19 18:17:23", "elapsed": 52.288869, "delta": 1.257503}}
{"target": -1.8246428100084682, "params": {"colsample_bytree": 0.23569316579051938, "learning_rate": 0.3171338759236829, "max_bin_exp": 5.467143835655265, "max_depth": 5.5867173821315, "n_estimators": 1481.9128132972505, "reg_alpha": 0.2028601885626199, "reg_lambda": 2.2332587191955984}, "datetime": {"datetime": "2024-02-19 18:17:24", "elapsed": 53.082072, "delta": 0.793203}}
{"target": -0.7405798828281782, "params": {"colsample_bytree": 0.2998856393575955, "learning_rate": 0.15610467042548717, "max_bin_exp": 7.572808606310836, "max_depth": 4.467930611812469, "n_estimators": 4165.915102502084, "reg_alpha": 2.9956726078079288, "reg_lambda": 2.9788820718356344}, "datetime": {"datetime": "2024-02-19 18:17:27", "elapsed": 56.528014, "delta": 3.445942}}
{"target": -0.6356974396568975, "params": {"colsample_bytree": 1.0, "learning_rate": 0.5, "max_bin_exp": 10.0, "max_depth": 6.0, "n_estimators": 4437.472888854349, "reg_alpha": 3.0, "reg_lambda": 3.0}, "datetime": {"datetime": "2024-02-19 18:17:34", "elapsed": 63.430765, "delta": 6.902751}}
{"target": -3.1429751859227872, "params": {"colsample_bytree": 1.0, "learning_rate": 0.5, "max_bin_exp": 4.0, "max_depth": 1.0, "n_estimators": 1351.4875213310152, "reg_alpha": 3.0, "reg_lambda": 0.0}, "datetime": {"datetime": "2024-02-19 18:17:35", "elapsed": 63.819155, "delta": 0.38839}}
{"target": -1.4704308483050847, "params": {"colsample_bytree": 0.9815523840216054, "learning_rate": 0.09397522028076986, "max_bin_exp": 9.968286209328909, "max_depth": 3.5325203296338157, "n_estimators": 162.10684479774648, "reg_alpha": 0.10434097365895989, "reg_lambda": 1.1570941710844043}, "datetime": {"datetime": "2024-02-19 18:17:35", "elapsed": 64.002146, "delta": 0.182991}}
{"target": -3.958832542231639, "params": {"colsample_bytree": 0.5757800849626455, "learning_rate": 0.12960888798580014, "max_bin_exp": 4.920098409800329, "max_depth": 1.1711295406711033, "n_estimators": 397.82313424897967, "reg_alpha": 0.5271498941090199, "reg_lambda": 0.858221753906379}, "datetime": {"datetime": "2024-02-19 18:17:35", "elapsed": 64.143796, "delta": 0.14165}}
{"target": -1.9919444949064264, "params": {"colsample_bytree": 0.8113192735305614, "learning_rate": 0.16506382840038877, "max_bin_exp": 9.654066352267462, "max_depth": 1.4286155353140275, "n_estimators": 1916.4598064167042, "reg_alpha": 1.913888256135598, "reg_lambda": 0.6539542726973182}, "datetime": {"datetime": "2024-02-19 18:17:36", "elapsed": 64.861644, "delta": 0.717848}}
{"target": -2.0731811541813796, "params": {"colsample_bytree": 0.7794619375216034, "learning_rate": 0.44099959832544305, "max_bin_exp": 5.322393803268879, "max_depth": 1.5581180269474784, "n_estimators": 631.1376725662948, "reg_alpha": 2.913201646321852, "reg_lambda": 0.23032370802893531}, "datetime": {"datetime": "2024-02-19 18:17:36", "elapsed": 65.224112, "delta": 0.362468}}
{"target": -2.6422660973781773, "params": {"colsample_bytree": 0.4851990884451106, "learning_rate": 0.06271614088712811, "max_bin_exp": 5.50910133973999, "max_depth": 1.3880270877858594, "n_estimators": 4038.603712159992, "reg_alpha": 2.5268371134146106, "reg_lambda": 0.8298338479470824}, "datetime": {"datetime": "2024-02-19 18:17:37", "elapsed": 66.60567, "delta": 1.381558}}
{"target": -1.0898930593602874, "params": {"colsample_bytree": 0.575722330575424, "learning_rate": 0.13226797276183314, "max_bin_exp": 4.642591791418161, "max_depth": 4.796175967053154, "n_estimators": 4393.3930911974385, "reg_alpha": 0.43671425723524027, "reg_lambda": 1.3122447456739579}, "datetime": {"datetime": "2024-02-19 18:17:41", "elapsed": 70.414539, "delta": 3.808869}}
{"target": -1.3046811325644052, "params": {"colsample_bytree": 0.4132094686931571, "learning_rate": 0.12844452141088086, "max_bin_exp": 4.089915168661069, "max_depth": 4.0189882248760345, "n_estimators": 3871.3060704660516, "reg_alpha": 0.8728755866171425, "reg_lambda": 2.138413797279017}, "datetime": {"datetime": "2024-02-19 18:17:45", "elapsed": 74.003559, "delta": 3.58902}}
{"target": -4.039146221998588, "params": {"colsample_bytree": 1.0, "learning_rate": 0.001, "max_bin_exp": 10.0, "max_depth": 1.0, "n_estimators": 3625.171308071087, "reg_alpha": 2.531327379189019, "reg_lambda": 3.0}, "datetime": {"datetime": "2024-02-19 18:17:47", "elapsed": 75.783559, "delta": 1.78}}
{"target": -4.2368148632768365, "params": {"colsample_bytree": 1.0, "learning_rate": 0.001, "max_bin_exp": 10.0, "max_depth": 1.0, "n_estimators": 3356.581348076942, "reg_alpha": 0.0, "reg_lambda": 3.0}, "datetime": {"datetime": "2024-02-19 18:17:48", "elapsed": 76.644755, "delta": 0.861196}}
{"target": -4.136731415948682, "params": {"colsample_bytree": 0.2, "learning_rate": 0.001, "max_bin_exp": 4.0, "max_depth": 6.0, "n_estimators": 1563.9198896754679, "reg_alpha": 0.0, "reg_lambda": 0.0}, "datetime": {"datetime": "2024-02-19 18:17:50", "elapsed": 78.981151, "delta": 2.336396}}
{"target": -0.6587662465910429, "params": {"colsample_bytree": 0.8613924619541613, "learning_rate": 0.1461518984048753, "max_bin_exp": 7.19789069386456, "max_depth": 3.6226985882122777, "n_estimators": 1704.1816409782973, "reg_alpha": 2.020172753630093, "reg_lambda": 1.8052003602722886}, "datetime": {"datetime": "2024-02-19 18:17:51", "elapsed": 80.141142, "delta": 1.159991}}
{"target": -1.0525206606838882, "params": {"colsample_bytree": 0.2, "learning_rate": 0.5, "max_bin_exp": 10.0, "max_depth": 6.0, "n_estimators": 4932.954212451607, "reg_alpha": 3.0, "reg_lambda": 3.0}, "datetime": {"datetime": "2024-02-19 18:17:56", "elapsed": 85.549168, "delta": 5.408026}}
{"target": -4.039146221704332, "params": {"colsample_bytree": 1.0, "learning_rate": 0.001, "max_bin_exp": 10.0, "max_depth": 1.0, "n_estimators": 4215.808455377995, "reg_alpha": 0.0, "reg_lambda": 3.0}, "datetime": {"datetime": "2024-02-19 18:17:58", "elapsed": 87.573875, "delta": 2.024707}}
{"target": -0.7170665710499793, "params": {"colsample_bytree": 0.49530637473536887, "learning_rate": 0.13589153083669847, "max_bin_exp": 6.1969696298678745, "max_depth": 5.538495832764055, "n_estimators": 4129.610554386289, "reg_alpha": 1.2276173128111887, "reg_lambda": 0.8120949544283513}, "datetime": {"datetime": "2024-02-19 18:18:03", "elapsed": 92.323695, "delta": 4.74982}}
{"target": -0.72091126183351, "params": {"colsample_bytree": 0.8878376368271989, "learning_rate": 0.5, "max_bin_exp": 10.0, "max_depth": 6.0, "n_estimators": 2719.8584942565103, "reg_alpha": 3.0, "reg_lambda": 0.0}, "datetime": {"datetime": "2024-02-19 18:18:06", "elapsed": 95.566633, "delta": 3.242938}}
