{"target": -0.7960435563599783, "params": {"colsample_bytree": 1.0, "learning_rate": 0.5, "max_bin_exp": 5.967338914150183, "max_depth": 6.0, "n_estimators": 1443.5897209325526, "reg_alpha": 3.0, "reg_lambda": 0.0}, "datetime": {"datetime": "2024-02-19 18:24:56", "elapsed": 505.175856, "delta": 1.722285}}
{"target": -4.361330272857816, "params": {"colsample_bytree": 0.2, "learning_rate": 0.001, "max_bin_exp": 8.96358487803471, "max_depth": 5.922452931955937, "n_estimators": 1440.1525204342568, "reg_alpha": 3.0, "reg_lambda": 3.0}, "datetime": {"datetime": "2024-02-19 18:24:57", "elapsed": 506.427658, "delta": 1.251802}}
{"target": -1.336109404728696, "params": {"colsample_bytree": 1.0, "learning_rate": 0.5, "max_bin_exp": 8.618327021886776, "max_depth": 1.0, "n_estimators": 1441.5482099034296, "reg_alpha": 0.0, "reg_lambda": 0.0}, "datetime": {"datetime": "2024-02-19 18:24:58", "elapsed": 507.317619, "delta": 0.889961}}
{"target": -1.767878059086629, "params": {"colsample_bytree": 0.3709744539621962, "learning_rate": 0.04614989467750878, "max_bin_exp": 6.253584345225071, "max_depth": 2.6027565265718176, "n_estimators": 1445.0017864275344, "reg_alpha": 1.6527886982609816, "reg_lambda": 0.46109875551605495}, "datetime": {"datetime": "2024-02-19 18:24:59", "elapsed": 508.158662, "delta": 0.841043}}
{"target": -0.6213826875934263, "params": {"colsample_bytree": 0.763780593324365, "learning_rate": 0.14013900721734304, "max_bin_exp": 7.422063265846199, "max_depth": 5.750067075848372, "n_estimators": 589.0468491627038, "reg_alpha": 2.854825554962326, "reg_lambda": 2.4133867878277027}, "datetime": {"datetime": "2024-02-19 18:25:00", "elapsed": 509.598887, "delta": 1.440225}}
{"target": -0.6513868117855094, "params": {"colsample_bytree": 0.5392994976393695, "learning_rate": 0.02351986856233048, "max_bin_exp": 8.81333697045163, "max_depth": 4.662449807150336, "n_estimators": 4572.2919026325835, "reg_alpha": 1.325187344732056, "reg_lambda": 0.5902345980967508}, "datetime": {"datetime": "2024-02-19 18:25:05", "elapsed": 513.748895, "delta": 4.150008}}
{"target": -0.7082351558168918, "params": {"colsample_bytree": 0.47715080789151243, "learning_rate": 0.43455822810791345, "max_bin_exp": 8.090296259017087, "max_depth": 5.819165073731061, "n_estimators": 4576.747546169487, "reg_alpha": 0.9910630180481572, "reg_lambda": 0.9319920692747911}, "datetime": {"datetime": "2024-02-19 18:25:10", "elapsed": 519.177205, "delta": 5.42831}}
{"target": -0.6457357241381974, "params": {"colsample_bytree": 1.0, "learning_rate": 0.29773652175637055, "max_bin_exp": 8.124049750201024, "max_depth": 3.5895470991073237, "n_estimators": 1262.6225751654451, "reg_alpha": 0.12389324293089335, "reg_lambda": 2.543598761522458}, "datetime": {"datetime": "2024-02-19 18:25:11", "elapsed": 520.408658, "delta": 1.231453}}
{"target": -0.8473214898731756, "params": {"colsample_bytree": 0.2, "learning_rate": 0.5, "max_bin_exp": 9.056379210194711, "max_depth": 2.9186996777377585, "n_estimators": 1262.8918993762497, "reg_alpha": 2.7718474451909474, "reg_lambda": 0.0}, "datetime": {"datetime": "2024-02-19 18:25:12", "elapsed": 521.268158, "delta": 0.8595}}
{"target": -0.6657095989101488, "params": {"colsample_bytree": 1.0, "learning_rate": 0.5, "max_bin_exp": 6.1529693881555, "max_depth": 6.0, "n_estimators": 663.0847227782922, "reg_alpha": 3.0, "reg_lambda": 3.0}, "datetime": {"datetime": "2024-02-19 18:25:14", "elapsed": 522.979952, "delta": 1.711794}}
{"target": -0.7922862332292402, "params": {"colsample_bytree": 0.9391803904623244, "learning_rate": 0.1482635917875308, "max_bin_exp": 5.677062647439478, "max_depth": 2.0041015633535846, "n_estimators": 4578.054029618921, "reg_alpha": 1.5951496444540765, "reg_lambda": 0.015322470578118863}, "datetime": {"datetime": "2024-02-19 18:25:16", "elapsed": 525.558794, "delta": 2.578842}}
{"target": -1.0296626772665078, "params": {"colsample_bytree": 0.7360300750585189, "learning_rate": 0.06844730727367015, "max_bin_exp": 4.5981721977334375, "max_depth": 5.322731750912128, "n_estimators": 668.0322847285178, "reg_alpha": 0.387223699354703, "reg_lambda": 2.786373209626843}, "datetime": {"datetime": "2024-02-19 18:25:18", "elapsed": 526.994194, "delta": 1.4354}}
{"target": -0.6157516283044963, "params": {"colsample_bytree": 0.7431705431805271, "learning_rate": 0.2634612632398555, "max_bin_exp": 9.782978756111401, "max_depth": 5.476491910260771, "n_estimators": 1449.1732683793243, "reg_alpha": 2.143255195126174, "reg_lambda": 1.0619060659782438}, "datetime": {"datetime": "2024-02-19 18:25:20", "elapsed": 528.712338, "delta": 1.718144}}
{"target": -0.8243761578242702, "params": {"colsample_bytree": 0.6283935273212813, "learning_rate": 0.0304077375092229, "max_bin_exp": 9.855647470795637, "max_depth": 3.054103817423638, "n_estimators": 1448.2213734170043, "reg_alpha": 0.48894762221755517, "reg_lambda": 2.575977616764299}, "datetime": {"datetime": "2024-02-19 18:25:21", "elapsed": 529.787966, "delta": 1.075628}}
{"target": -0.6657095989101488, "params": {"colsample_bytree": 1.0, "learning_rate": 0.5, "max_bin_exp": 6.152761163935215, "max_depth": 6.0, "n_estimators": 1448.9404636111503, "reg_alpha": 3.0, "reg_lambda": 3.0}, "datetime": {"datetime": "2024-02-19 18:25:22", "elapsed": 531.405879, "delta": 1.617913}}
{"target": -0.7169809773422788, "params": {"colsample_bytree": 0.8100883632916784, "learning_rate": 0.20639883663257597, "max_bin_exp": 7.357090905391223, "max_depth": 2.9359870256965124, "n_estimators": 1451.9963626209358, "reg_alpha": 1.2782202526321367, "reg_lambda": 1.7833508238257023}, "datetime": {"datetime": "2024-02-19 18:25:23", "elapsed": 532.472493, "delta": 1.066614}}
{"target": -2.247788420350753, "params": {"colsample_bytree": 1.0, "learning_rate": 0.001, "max_bin_exp": 6.517221647793973, "max_depth": 6.0, "n_estimators": 660.6261289413059, "reg_alpha": 0.4225687577583968, "reg_lambda": 0.0}, "datetime": {"datetime": "2024-02-19 18:25:25", "elapsed": 534.01261, "delta": 1.540117}}
{"target": -0.8576975704169608, "params": {"colsample_bytree": 0.2, "learning_rate": 0.5, "max_bin_exp": 6.021913104839152, "max_depth": 6.0, "n_estimators": 1451.4964257724346, "reg_alpha": 3.0, "reg_lambda": 0.0}, "datetime": {"datetime": "2024-02-19 18:25:26", "elapsed": 535.373033, "delta": 1.360423}}
{"target": -0.8580236806894421, "params": {"colsample_bytree": 0.2078822611502564, "learning_rate": 0.27055886173269406, "max_bin_exp": 6.766493583323829, "max_depth": 5.907055503746581, "n_estimators": 4739.642365702277, "reg_alpha": 0.25421195408163455, "reg_lambda": 1.1577691829809997}, "datetime": {"datetime": "2024-02-19 18:25:31", "elapsed": 539.710709, "delta": 4.337676}}
{"target": -0.6450559785928672, "params": {"colsample_bytree": 0.6030028356762394, "learning_rate": 0.3550324142018616, "max_bin_exp": 9.780104605295056, "max_depth": 5.853691842444573, "n_estimators": 595.1430805270337, "reg_alpha": 2.8293051350407885, "reg_lambda": 2.8884978095517537}, "datetime": {"datetime": "2024-02-19 18:25:32", "elapsed": 541.45167, "delta": 1.740961}}
{"target": -1.1761325958142066, "params": {"colsample_bytree": 0.5899626455391012, "learning_rate": 0.46307999382385134, "max_bin_exp": 4.5988704465360275, "max_depth": 6.0, "n_estimators": 3711.742461222919, "reg_alpha": 0.0, "reg_lambda": 3.0}, "datetime": {"datetime": "2024-02-19 18:25:38", "elapsed": 547.264431, "delta": 5.812761}}
{"target": -0.7158428878251528, "params": {"colsample_bytree": 0.7701353056246567, "learning_rate": 0.2732865886150801, "max_bin_exp": 8.599263782718415, "max_depth": 2.819376810679841, "n_estimators": 3912.985047763328, "reg_alpha": 2.216214942741113, "reg_lambda": 2.3803197295611573}, "datetime": {"datetime": "2024-02-19 18:25:41", "elapsed": 550.111855, "delta": 2.847424}}
{"target": -3.1394950123734695, "params": {"colsample_bytree": 0.7604729199262952, "learning_rate": 0.3194608918904329, "max_bin_exp": 4.873632022057081, "max_depth": 1.3371824698862391, "n_estimators": 4572.307683888485, "reg_alpha": 2.6689830922013846, "reg_lambda": 0.42583521142454783}, "datetime": {"datetime": "2024-02-19 18:25:43", "elapsed": 552.124297, "delta": 2.012442}}
{"target": -3.183585026094633, "params": {"colsample_bytree": 0.8375508975119892, "learning_rate": 0.05988614388442773, "max_bin_exp": 7.422431853272183, "max_depth": 1.1098697145772243, "n_estimators": 1435.3169145280397, "reg_alpha": 0.022468414781549817, "reg_lambda": 0.07150311639242124}, "datetime": {"datetime": "2024-02-19 18:25:44", "elapsed": 553.290277, "delta": 1.16598}}
{"target": -4.382407919668079, "params": {"colsample_bytree": 0.2, "learning_rate": 0.001, "max_bin_exp": 8.627156093332264, "max_depth": 1.2121127135943421, "n_estimators": 3899.650819910089, "reg_alpha": 3.0, "reg_lambda": 3.0}, "datetime": {"datetime": "2024-02-19 18:25:46", "elapsed": 555.425608, "delta": 2.135331}}
{"target": -0.7003485879818445, "params": {"colsample_bytree": 0.7481657483926532, "learning_rate": 0.19632820337443976, "max_bin_exp": 8.480806271876752, "max_depth": 2.0251897536009382, "n_estimators": 4138.851105624126, "reg_alpha": 2.19694175668033, "reg_lambda": 1.4921246918042042}, "datetime": {"datetime": "2024-02-19 18:25:49", "elapsed": 558.480117, "delta": 3.054509}}
{"target": -0.7011529178385417, "params": {"colsample_bytree": 0.7466327002244546, "learning_rate": 0.34752749971028807, "max_bin_exp": 6.746904779254223, "max_depth": 5.119426304901649, "n_estimators": 3904.429855726691, "reg_alpha": 0.8133074282578232, "reg_lambda": 1.1080025368151272}, "datetime": {"datetime": "2024-02-19 18:25:55", "elapsed": 564.16558, "delta": 5.685463}}
{"target": -0.8187044820827448, "params": {"colsample_bytree": 0.8327665730651936, "learning_rate": 0.43004846768553195, "max_bin_exp": 5.81665681473741, "max_depth": 5.654458421119126, "n_estimators": 3895.7555885450233, "reg_alpha": 0.15164268785911517, "reg_lambda": 1.9110091199518693}, "datetime": {"datetime": "2024-02-19 18:26:00", "elapsed": 569.253673, "delta": 5.088093}}
{"target": -0.6643664230865995, "params": {"colsample_bytree": 0.5725384471022841, "learning_rate": 0.38786365512437015, "max_bin_exp": 9.397564957990955, "max_depth": 5.891373709956475, "n_estimators": 4568.903245820115, "reg_alpha": 1.1114307677429403, "reg_lambda": 2.8354456629248874}, "datetime": {"datetime": "2024-02-19 18:26:06", "elapsed": 575.289242, "delta": 6.035569}}
{"target": -0.6354390953608684, "params": {"colsample_bytree": 0.5054091592713539, "learning_rate": 0.053237292480466436, "max_bin_exp": 9.63720900450079, "max_depth": 5.42029874901506, "n_estimators": 4133.2601334827195, "reg_alpha": 1.072533441251966, "reg_lambda": 0.45686964034799626}, "datetime": {"datetime": "2024-02-19 18:26:12", "elapsed": 581.200866, "delta": 5.911624}}
{"target": -0.85984708221516, "params": {"colsample_bytree": 1.0, "learning_rate": 0.001, "max_bin_exp": 8.061316166137752, "max_depth": 6.0, "n_estimators": 3895.304049645538, "reg_alpha": 3.0, "reg_lambda": 0.0}, "datetime": {"datetime": "2024-02-19 18:26:19", "elapsed": 588.280433, "delta": 7.079567}}
{"target": -0.6381014986081686, "params": {"colsample_bytree": 1.0, "learning_rate": 0.5, "max_bin_exp": 10.0, "max_depth": 6.0, "n_estimators": 3905.1151314240733, "reg_alpha": 0.43210691575873816, "reg_lambda": 3.0}, "datetime": {"datetime": "2024-02-19 18:26:27", "elapsed": 596.400157, "delta": 8.119724}}
{"target": -2.140004779781662, "params": {"colsample_bytree": 0.7806384484563638, "learning_rate": 0.057430540823095996, "max_bin_exp": 9.699344594999026, "max_depth": 1.7345918728211691, "n_estimators": 4134.162516734049, "reg_alpha": 0.5563588600287533, "reg_lambda": 0.30606284130238504}, "datetime": {"datetime": "2024-02-19 18:26:30", "elapsed": 599.127505, "delta": 2.727348}}
{"target": -0.6769735728815399, "params": {"colsample_bytree": 0.4705442191953136, "learning_rate": 0.16734812235460456, "max_bin_exp": 8.880410141456684, "max_depth": 5.807355147070185, "n_estimators": 4136.295690801397, "reg_alpha": 2.992144378364901, "reg_lambda": 2.0762051346412633}, "datetime": {"datetime": "2024-02-19 18:26:36", "elapsed": 604.670807, "delta": 5.543302}}
{"target": -4.124716925341337, "params": {"colsample_bytree": 0.2, "learning_rate": 0.001, "max_bin_exp": 9.90767373774801, "max_depth": 2.195745162274107, "n_estimators": 4578.235947023157, "reg_alpha": 0.0, "reg_lambda": 0.3719435603833527}, "datetime": {"datetime": "2024-02-19 18:26:38", "elapsed": 607.42852, "delta": 2.757713}}
{"target": -1.2102404203210517, "params": {"colsample_bytree": 0.907959765210345, "learning_rate": 0.0351245032397681, "max_bin_exp": 4.174387905382588, "max_depth": 3.994513698356853, "n_estimators": 4579.795139899287, "reg_alpha": 2.2760502678347208, "reg_lambda": 2.175910788700363}, "datetime": {"datetime": "2024-02-19 18:26:41", "elapsed": 610.398619, "delta": 2.970099}}
{"target": -0.6336584618232108, "params": {"colsample_bytree": 0.880658043802909, "learning_rate": 0.32407317472726355, "max_bin_exp": 9.352889013746045, "max_depth": 5.216594278108208, "n_estimators": 4574.499580069527, "reg_alpha": 1.6459895257393589, "reg_lambda": 2.5242404281423085}, "datetime": {"datetime": "2024-02-19 18:26:47", "elapsed": 616.097905, "delta": 5.699286}}
{"target": -0.6262218832023893, "params": {"colsample_bytree": 0.890868344450938, "learning_rate": 0.3636350515771811, "max_bin_exp": 9.873189666242213, "max_depth": 5.736627227045248, "n_estimators": 592.640138125988, "reg_alpha": 0.1482732772505434, "reg_lambda": 0.8758790117153339}, "datetime": {"datetime": "2024-02-19 18:26:49", "elapsed": 617.734713, "delta": 1.636808}}
{"target": -0.6521485923213866, "params": {"colsample_bytree": 0.9583882523008262, "learning_rate": 0.30117714173756677, "max_bin_exp": 8.169352743374471, "max_depth": 5.632375186363587, "n_estimators": 3901.2998833091347, "reg_alpha": 0.4733343007883295, "reg_lambda": 0.753075810453622}, "datetime": {"datetime": "2024-02-19 18:26:54", "elapsed": 622.955645, "delta": 5.220932}}
{"target": -1.5161410513971647, "params": {"colsample_bytree": 0.36305229088868185, "learning_rate": 0.4580001002836958, "max_bin_exp": 4.449626395391443, "max_depth": 2.8742242980802573, "n_estimators": 4740.613554933924, "reg_alpha": 2.060068506479851, "reg_lambda": 0.18854042110837965}, "datetime": {"datetime": "2024-02-19 18:26:56", "elapsed": 625.303436, "delta": 2.347791}}
{"target": -0.928678917034119, "params": {"colsample_bytree": 0.2453347324400685, "learning_rate": 0.2933534766974724, "max_bin_exp": 9.795721151958835, "max_depth": 5.592299115226841, "n_estimators": 4744.245167136627, "reg_alpha": 1.503655817696856, "reg_lambda": 0.9153176360877148}, "datetime": {"datetime": "2024-02-19 18:27:01", "elapsed": 630.368313, "delta": 5.064877}}
{"target": -0.6883321536149365, "params": {"colsample_bytree": 1.0, "learning_rate": 0.5, "max_bin_exp": 6.892703560219672, "max_depth": 6.0, "n_estimators": 1448.5581616766553, "reg_alpha": 0.0, "reg_lambda": 0.5962834206410657}, "datetime": {"datetime": "2024-02-19 18:27:03", "elapsed": 632.236288, "delta": 1.867975}}
{"target": -0.8579989814986463, "params": {"colsample_bytree": 0.21198195941865308, "learning_rate": 0.38294579369274667, "max_bin_exp": 6.935954865621448, "max_depth": 5.769590318110141, "n_estimators": 4575.79843762328, "reg_alpha": 2.9873454159923325, "reg_lambda": 1.9206696235206113}, "datetime": {"datetime": "2024-02-19 18:27:07", "elapsed": 636.58444, "delta": 4.348152}}
{"target": -0.686176513874176, "params": {"colsample_bytree": 0.7112116045318453, "learning_rate": 0.13587804046885402, "max_bin_exp": 9.440270872923989, "max_depth": 2.640867481580992, "n_estimators": 4145.410706083798, "reg_alpha": 1.3961755261322009, "reg_lambda": 2.6903752324539982}, "datetime": {"datetime": "2024-02-19 18:27:11", "elapsed": 639.858106, "delta": 3.273666}}
{"target": -0.7057931514322916, "params": {"colsample_bytree": 0.946404305911271, "learning_rate": 0.12583525309084026, "max_bin_exp": 7.660706121165868, "max_depth": 2.131902700629188, "n_estimators": 4148.199625926209, "reg_alpha": 0.08998808755274246, "reg_lambda": 0.45744204683090095}, "datetime": {"datetime": "2024-02-19 18:27:14", "elapsed": 642.860597, "delta": 3.002491}}
{"target": -0.7622945945636181, "params": {"colsample_bytree": 1.0, "learning_rate": 0.5, "max_bin_exp": 5.2304715666935095, "max_depth": 6.0, "n_estimators": 3900.290659679446, "reg_alpha": 0.6521397602483681, "reg_lambda": 3.0}, "datetime": {"datetime": "2024-02-19 18:27:20", "elapsed": 649.076183, "delta": 6.215586}}
{"target": -0.640629648770745, "params": {"colsample_bytree": 0.6232133039027512, "learning_rate": 0.1953095898544852, "max_bin_exp": 9.863808277981702, "max_depth": 5.438869541178032, "n_estimators": 3909.5021037969605, "reg_alpha": 0.6257366242063607, "reg_lambda": 0.34159131694706235}, "datetime": {"datetime": "2024-02-19 18:27:26", "elapsed": 654.959425, "delta": 5.883242}}
{"target": -0.7821215876147599, "params": {"colsample_bytree": 0.3333718467868526, "learning_rate": 0.30547833563680565, "max_bin_exp": 9.921612551155876, "max_depth": 5.742314622369665, "n_estimators": 4141.456499776046, "reg_alpha": 0.1534304166862045, "reg_lambda": 0.03818201287732681}, "datetime": {"datetime": "2024-02-19 18:27:31", "elapsed": 660.560355, "delta": 5.60093}}
{"target": -0.8279697336783486, "params": {"colsample_bytree": 0.28961521188359707, "learning_rate": 0.3159888745124206, "max_bin_exp": 7.022497975048225, "max_depth": 5.682140682098573, "n_estimators": 4150.221715308717, "reg_alpha": 1.0208940529501507, "reg_lambda": 2.8241171043502433}, "datetime": {"datetime": "2024-02-19 18:27:36", "elapsed": 665.539267, "delta": 4.978912}}
{"target": -0.8094475106608993, "params": {"colsample_bytree": 0.4889144774118059, "learning_rate": 0.3841669888861997, "max_bin_exp": 5.13540438988686, "max_depth": 2.422590434585019, "n_estimators": 4145.859510544834, "reg_alpha": 1.3360044305568568, "reg_lambda": 2.6193044586594088}, "datetime": {"datetime": "2024-02-19 18:27:39", "elapsed": 668.315429, "delta": 2.776162}}
{"target": -0.7016642253766476, "params": {"colsample_bytree": 0.8715407644971509, "learning_rate": 0.3221716357863741, "max_bin_exp": 6.660550412109967, "max_depth": 2.929894168631883, "n_estimators": 2938.474712842885, "reg_alpha": 1.3935920760625569, "reg_lambda": 1.938117364437126}, "datetime": {"datetime": "2024-02-19 18:27:41", "elapsed": 669.771222, "delta": 1.455793}}
{"target": -0.6744402336702565, "params": {"colsample_bytree": 0.6937794045736224, "learning_rate": 0.25511523028367683, "max_bin_exp": 10.0, "max_depth": 5.082459949939764, "n_estimators": 3915.242568234881, "reg_alpha": 0.45684985847369775, "reg_lambda": 0.13229788734057388}, "datetime": {"datetime": "2024-02-19 18:27:47", "elapsed": 676.292661, "delta": 6.521439}}
{"target": -0.9615647187253561, "params": {"colsample_bytree": 0.2, "learning_rate": 0.5, "max_bin_exp": 9.036597157373874, "max_depth": 6.0, "n_estimators": 4131.118365283769, "reg_alpha": 3.0, "reg_lambda": 3.0}, "datetime": {"datetime": "2024-02-19 18:27:53", "elapsed": 682.31303, "delta": 6.020369}}
{"target": -0.8585419856917962, "params": {"colsample_bytree": 0.2, "learning_rate": 0.5, "max_bin_exp": 6.886879612450254, "max_depth": 2.0252131889382685, "n_estimators": 4141.514368047221, "reg_alpha": 0.0, "reg_lambda": 3.0}, "datetime": {"datetime": "2024-02-19 18:27:56", "elapsed": 684.896221, "delta": 2.583191}}
{"target": -4.6314665435852165, "params": {"colsample_bytree": 0.2, "learning_rate": 0.001, "max_bin_exp": 9.671453481150285, "max_depth": 1.2994673019259637, "n_estimators": 586.2570050010004, "reg_alpha": 3.0, "reg_lambda": 3.0}, "datetime": {"datetime": "2024-02-19 18:27:57", "elapsed": 686.288663, "delta": 1.392442}}
{"target": -0.6709928890528447, "params": {"colsample_bytree": 1.0, "learning_rate": 0.5, "max_bin_exp": 7.231728271727497, "max_depth": 5.844985088455635, "n_estimators": 3910.827050459767, "reg_alpha": 0.0, "reg_lambda": 3.0}, "datetime": {"datetime": "2024-02-19 18:28:02", "elapsed": 691.390997, "delta": 5.102334}}
{"target": -0.7546752374848273, "params": {"colsample_bytree": 0.5156891342876098, "learning_rate": 0.45768126501632206, "max_bin_exp": 6.305074312299244, "max_depth": 5.369769488965426, "n_estimators": 582.1805050364846, "reg_alpha": 0.4796359292761687, "reg_lambda": 0.4048427276715433}, "datetime": {"datetime": "2024-02-19 18:28:04", "elapsed": 692.881426, "delta": 1.490429}}
{"target": -0.7041269724870528, "params": {"colsample_bytree": 1.0, "learning_rate": 0.5, "max_bin_exp": 10.0, "max_depth": 6.0, "n_estimators": 583.9975335708813, "reg_alpha": 0.443252165109756, "reg_lambda": 0.0}, "datetime": {"datetime": "2024-02-19 18:28:06", "elapsed": 695.20382, "delta": 2.322394}}
{"target": -0.6907890885769774, "params": {"colsample_bytree": 0.5788617317116511, "learning_rate": 0.3981852058007411, "max_bin_exp": 9.810557274446133, "max_depth": 3.249459564018301, "n_estimators": 4151.387244265779, "reg_alpha": 2.3729340901819556, "reg_lambda": 1.879246510590891}, "datetime": {"datetime": "2024-02-19 18:28:10", "elapsed": 699.149383, "delta": 3.945563}}
{"target": -0.8972151663651461, "params": {"colsample_bytree": 0.37916355732978246, "learning_rate": 0.17511000445198718, "max_bin_exp": 5.749075852182711, "max_depth": 5.654098472668566, "n_estimators": 3914.991796753666, "reg_alpha": 0.12050861864921802, "reg_lambda": 1.6878518297898633}, "datetime": {"datetime": "2024-02-19 18:28:15", "elapsed": 704.34482, "delta": 5.195437}}
{"target": -0.6988099699907724, "params": {"colsample_bytree": 1.0, "learning_rate": 0.5, "max_bin_exp": 9.742915282902544, "max_depth": 6.0, "n_estimators": 590.1933175510347, "reg_alpha": 3.0, "reg_lambda": 0.0}, "datetime": {"datetime": "2024-02-19 18:28:18", "elapsed": 706.789743, "delta": 2.444923}}
