{"target": 0.8314204491516016, "params": {"u": 6.5827736959561, "v": 1.3744218847354759, "w": 10.290686356791333, "x": 1.7938879511834365, "y": 4.124142558453395}, "datetime": {"datetime": "2024-02-25 09:54:05", "elapsed": 149.754983, "delta": 1.598862}}
{"target": 0.055634513990372586, "params": {"u": 1.5339728547085052, "v": 1.4365333776915592, "w": 6.991959769793548, "x": 5.813976154280471, "y": 2.2762170375987005}, "datetime": {"datetime": "2024-02-25 09:54:07", "elapsed": 151.552569, "delta": 1.797586}}
{"target": 0.5371054516133397, "params": {"u": 6.67340026883479, "v": 1.543399719732403, "w": 9.842608390588449, "x": 1.6930004085744152, "y": 4.853580374528374}, "datetime": {"datetime": "2024-02-25 09:54:08", "elapsed": 152.576292, "delta": 1.023723}}
{"target": 0.6612034148046255, "params": {"u": 7.274242475105206, "v": 1.1170496861519958, "w": 11.092344904006428, "x": 1.5242765101809235, "y": 4.33565999606137}, "datetime": {"datetime": "2024-02-25 09:54:10", "elapsed": 155.103442, "delta": 2.52715}}
{"target": -0.0940220462549257, "params": {"u": 5.440235345874894, "v": 1.1921613589103628, "w": 12.307253606604677, "x": 1.1264865068568164, "y": 0.39449299971494833}, "datetime": {"datetime": "2024-02-25 09:54:12", "elapsed": 156.846075, "delta": 1.742633}}
{"target": 0.008038773035820186, "params": {"u": 5.029154075328474, "v": 5.196742169639291, "w": 12.177151393653203, "x": 5.781367711477553, "y": 2.4856687499372914}, "datetime": {"datetime": "2024-02-25 09:54:14", "elapsed": 158.504633, "delta": 1.658558}}
{"target": 0.3930582708159659, "params": {"u": 11.512595715635225, "v": 12.636593653889674, "w": 9.842476020997655, "x": 3.8579886243435557, "y": 1.0280390393379806}, "datetime": {"datetime": "2024-02-25 09:54:15", "elapsed": 160.029533, "delta": 1.5249}}
{"target": 0.05763243562130085, "params": {"u": 9.200625877551097, "v": 12.885076467796818, "w": 12.509177952720366, "x": 5.661453043808948, "y": 0.3794998355777994}, "datetime": {"datetime": "2024-02-25 09:54:17", "elapsed": 161.99483, "delta": 1.965297}}
{"target": 0.009577254418314007, "params": {"u": 12.918671782281443, "v": 11.216291011155182, "w": 5.975142450454538, "x": 1.8420346498636238, "y": 3.0106041337935467}, "datetime": {"datetime": "2024-02-25 09:54:19", "elapsed": 163.690489, "delta": 1.695659}}
{"target": -0.233111544495445, "params": {"u": 7.017327081761682, "v": 1.6884879896277147, "w": 11.70335242077523, "x": 2.1739390876731446, "y": 4.353736597444363}, "datetime": {"datetime": "2024-02-25 09:54:21", "elapsed": 165.642733, "delta": 1.952244}}
{"target": 0.028798490440192868, "params": {"u": 7.5839801368324675, "v": 2.7678160640959573, "w": 8.993793866579598, "x": 7.877251906898378, "y": 4.232009175479254}, "datetime": {"datetime": "2024-02-25 09:54:22", "elapsed": 167.012198, "delta": 1.369465}}
{"target": 0.47778931559151705, "params": {"u": 7.190688524513602, "v": 1.2543101430323227, "w": 11.280400376778907, "x": 1.4035909219283533, "y": 3.74461004881112}, "datetime": {"datetime": "2024-02-25 09:54:24", "elapsed": 168.554755, "delta": 1.542557}}
{"target": 0.08592437504201816, "params": {"u": 2.688384739676825, "v": 12.64757986951379, "w": 9.526671693052803, "x": 5.347955252703942, "y": 3.4334852037257955}, "datetime": {"datetime": "2024-02-25 09:54:25", "elapsed": 169.64341, "delta": 1.088655}}
{"target": 0.5237409889942155, "params": {"u": 7.437092559010098, "v": 2.6018425036812327, "w": 10.507658328192125, "x": 1.6724347202404277, "y": 4.839788964122112}, "datetime": {"datetime": "2024-02-25 09:54:26", "elapsed": 171.237947, "delta": 1.594537}}
{"target": 0.8219335595913282, "params": {"u": 6.0278936431478165, "v": 2.111605171971547, "w": 10.07675456718182, "x": 1.7892201845522289, "y": 4.004855630575132}, "datetime": {"datetime": "2024-02-25 09:54:28", "elapsed": 173.036506, "delta": 1.798559}}
{"target": 0.04605275474332425, "params": {"u": 7.059267650562184, "v": 1.4421374779576865, "w": 3.579224808019449, "x": 4.306464079544295, "y": 3.7689304979862315}, "datetime": {"datetime": "2024-02-25 09:54:29", "elapsed": 174.283507, "delta": 1.247001}}
{"target": 0.9090522859281092, "params": {"u": 6.431339729875862, "v": 1.3242418289166686, "w": 10.279059528427643, "x": 1.6243060280076151, "y": 4.017393845526905}, "datetime": {"datetime": "2024-02-25 09:54:32", "elapsed": 176.545683, "delta": 2.262176}}
{"target": -0.21412247611018045, "params": {"u": 7.358033293271716, "v": 12.853563838353084, "w": 7.6564215750430815, "x": 3.801169071940719, "y": 2.715074304362538}, "datetime": {"datetime": "2024-02-25 09:54:34", "elapsed": 178.471319, "delta": 1.925636}}
{"target": 0.11390672773847473, "params": {"u": 7.267660304363489, "v": 12.641352144234476, "w": 4.6878753822829236, "x": 5.138186046591356, "y": 2.666342814996292}, "datetime": {"datetime": "2024-02-25 09:54:35", "elapsed": 179.525271, "delta": 1.053952}}
{"target": 0.06033143495746998, "params": {"u": 5.814976338871108, "v": 2.503940565780644, "w": 10.515694128027308, "x": 2.286468481089677, "y": 4.274938136935609}, "datetime": {"datetime": "2024-02-25 09:54:36", "elapsed": 181.222904, "delta": 1.697633}}
{"target": 0.52993487067856, "params": {"u": 6.598259692182303, "v": 1.7983052601106264, "w": 10.388074430426737, "x": 2.169646094077458, "y": 4.645976590595647}, "datetime": {"datetime": "2024-02-25 09:54:38", "elapsed": 182.404378, "delta": 1.181474}}
{"target": -0.12100464559117839, "params": {"u": 12.173251141701877, "v": 12.57994720327, "w": 9.147817078047868, "x": 3.1506617225795743, "y": 0.9131510502933484}, "datetime": {"datetime": "2024-02-25 09:54:40", "elapsed": 184.34529, "delta": 1.940912}}
{"target": 0.02992485334422807, "params": {"u": 2.055644349639859, "v": 2.0842583614881334, "w": 4.5719067105502855, "x": 4.874461459713971, "y": 3.919192283295624}, "datetime": {"datetime": "2024-02-25 09:54:41", "elapsed": 185.866327, "delta": 1.521037}}
{"target": 0.01577880965817704, "params": {"u": 7.989034658356012, "v": 5.209202248127729, "w": 5.358866935137996, "x": 2.8638896933013394, "y": 3.8512412856708274}, "datetime": {"datetime": "2024-02-25 09:54:43", "elapsed": 187.550651, "delta": 1.684324}}
{"target": 0.14050403067405612, "params": {"u": 8.341212746988823, "v": 3.223961081239575, "w": 6.809385395045412, "x": 0.5857625813784904, "y": 2.3361861679477753}, "datetime": {"datetime": "2024-02-25 09:54:44", "elapsed": 188.815952, "delta": 1.265301}}
{"target": -0.026365450763934633, "params": {"u": 3.9527441880495866, "v": 1.943705257942963, "w": 12.365412561147982, "x": 4.488599635795497, "y": 4.953527733584129}, "datetime": {"datetime": "2024-02-25 09:54:45", "elapsed": 189.933395, "delta": 1.117443}}
{"target": -0.00725168764209325, "params": {"u": 4.021239240787439, "v": 9.311908656111948, "w": 2.007902508978068, "x": 1.6473516265604864, "y": 2.748911270711332}, "datetime": {"datetime": "2024-02-25 09:54:46", "elapsed": 190.861739, "delta": 0.928344}}
{"target": -0.09405158088275975, "params": {"u": 8.39951317355632, "v": 12.091230496283556, "w": 3.8253512527175473, "x": 7.17881356880182, "y": 1.565932115719563}, "datetime": {"datetime": "2024-02-25 09:54:47", "elapsed": 192.031478, "delta": 1.169739}}
{"target": -0.0039719544816284305, "params": {"u": 1.3728483600811865, "v": 8.713862268704913, "w": 4.511365152044357, "x": 1.760911541950166, "y": 0.6585376271950752}, "datetime": {"datetime": "2024-02-25 09:54:48", "elapsed": 193.049075, "delta": 1.017597}}
{"target": -0.1403318238347365, "params": {"u": 11.136451118581187, "v": 12.628008389177605, "w": 11.96972645335275, "x": 6.747808956858757, "y": 2.7243897717404275}, "datetime": {"datetime": "2024-02-25 09:54:50", "elapsed": 194.368485, "delta": 1.31941}}
{"target": 0.720872070897458, "params": {"u": 6.237701890297991, "v": 2.6507800660972576, "w": 10.906283741712388, "x": 2.049194073120123, "y": 4.615412170575077}, "datetime": {"datetime": "2024-02-25 09:54:51", "elapsed": 195.706354, "delta": 1.337869}}
{"target": 0.7991261527900675, "params": {"u": 6.437401010944326, "v": 2.7926648646599714, "w": 10.715293900103694, "x": 1.938746123978749, "y": 4.737934765612447}, "datetime": {"datetime": "2024-02-25 09:54:52", "elapsed": 197.157382, "delta": 1.451028}}
{"target": 0.045303011180108474, "params": {"u": 12.985300193484864, "v": 2.8403120126975345, "w": 12.280043512195064, "x": 7.999122392860759, "y": 1.7252198108334293}, "datetime": {"datetime": "2024-02-25 09:54:53", "elapsed": 198.27518, "delta": 1.117798}}
{"target": -0.09974421869772626, "params": {"u": 11.07825865388633, "v": 1.5435758619986104, "w": 10.823527314097301, "x": 7.811364181242534, "y": 2.8278987165540874}, "datetime": {"datetime": "2024-02-25 09:54:55", "elapsed": 199.93852, "delta": 1.66334}}
{"target": 0.08424835766810855, "params": {"u": 8.000667779888063, "v": 1.3918811740139994, "w": 11.006123598953517, "x": 1.23465084372389, "y": 4.859158746358152}, "datetime": {"datetime": "2024-02-25 09:54:56", "elapsed": 201.151119, "delta": 1.212599}}
{"target": 0.8263867481426578, "params": {"u": 7.2079230663997444, "v": 1.5231745009879774, "w": 11.015862423711395, "x": 1.6675691891343631, "y": 4.396737167788351}, "datetime": {"datetime": "2024-02-25 09:54:58", "elapsed": 203.083332, "delta": 1.932213}}
{"target": 0.2505633702289872, "params": {"u": 6.106026427315331, "v": 1.0852864896603296, "w": 10.360079834204534, "x": 1.3552144155901495, "y": 3.382599866972699}, "datetime": {"datetime": "2024-02-25 09:55:00", "elapsed": 205.286704, "delta": 2.203372}}
{"target": 0.04669974143402729, "params": {"u": 12.647501719248185, "v": 1.442662197600304, "w": 8.009444180703763, "x": 3.813231210513887, "y": 2.6037764301707433}, "datetime": {"datetime": "2024-02-25 09:55:02", "elapsed": 206.811041, "delta": 1.524337}}
{"target": -0.08760315450503246, "params": {"u": 8.403508529479273, "v": 4.694043801903428, "w": 7.27174500331669, "x": 7.607690067467876, "y": 4.590912857445162}, "datetime": {"datetime": "2024-02-25 09:55:04", "elapsed": 208.3356, "delta": 1.524559}}
{"target": -0.06701301536307236, "params": {"u": 7.000169726984993, "v": 7.147183545114823, "w": 5.216693261164488, "x": 0.684465660487696, "y": 0.7363347846828934}, "datetime": {"datetime": "2024-02-25 09:55:05", "elapsed": 209.504334, "delta": 1.168734}}
{"target": 0.29606935906369514, "params": {"u": 7.57878896049043, "v": 1.824219887004816, "w": 10.86229510357731, "x": 1.4303130598788854, "y": 4.737088422576433}, "datetime": {"datetime": "2024-02-25 09:55:06", "elapsed": 210.773146, "delta": 1.268812}}
{"target": -0.494254609707167, "params": {"u": 6.335741003057789, "v": 2.7868482302236286, "w": 11.09120017458002, "x": 2.109528729799177, "y": 4.0482900101728}, "datetime": {"datetime": "2024-02-25 09:55:08", "elapsed": 212.939503, "delta": 2.166357}}
{"target": 0.1283998523877547, "params": {"u": 7.593762418605573, "v": 12.660555684706388, "w": 6.65258464887226, "x": 3.227073602961805, "y": 4.327331592143251}, "datetime": {"datetime": "2024-02-25 09:55:11", "elapsed": 215.849512, "delta": 2.910009}}
{"target": 0.8093665962241846, "params": {"u": 7.132005224606261, "v": 1.2416330442869707, "w": 9.81868255840401, "x": 1.9617628451524498, "y": 4.705737555205994}, "datetime": {"datetime": "2024-02-25 09:55:13", "elapsed": 217.995961, "delta": 2.146449}}
{"target": 0.001832162065213404, "params": {"u": 11.246094659816087, "v": 11.362087030654603, "w": 4.9331443322374255, "x": 6.270492020222442, "y": 0.8438796315549265}, "datetime": {"datetime": "2024-02-25 09:55:15", "elapsed": 219.960231, "delta": 1.96427}}
{"target": -0.12374053415502471, "params": {"u": 5.702438659678329, "v": 2.211457299190905, "w": 10.319914822854736, "x": 1.3532430521516052, "y": 3.8796688939289514}, "datetime": {"datetime": "2024-02-25 09:55:18", "elapsed": 223.157899, "delta": 3.197668}}
{"target": 0.5550185337856086, "params": {"u": 7.697170479150436, "v": 2.537183162250813, "w": 10.106528000628613, "x": 1.5586629827303193, "y": 4.578538742821842}, "datetime": {"datetime": "2024-02-25 09:55:21", "elapsed": 226.304786, "delta": 3.146887}}
{"target": -0.1863777295906349, "params": {"u": 3.755362209822281, "v": 12.010864324572605, "w": 11.89356571281859, "x": 4.36377208062426, "y": 2.224890906964043}, "datetime": {"datetime": "2024-02-25 09:55:24", "elapsed": 229.127034, "delta": 2.822248}}
{"target": 0.22957936777569335, "params": {"u": 7.090452332912035, "v": 1.9803638202877631, "w": 11.10498553597934, "x": 2.014402137951718, "y": 4.259712428708521}, "datetime": {"datetime": "2024-02-25 09:55:27", "elapsed": 231.496764, "delta": 2.36973}}
{"target": 0.11659262587298434, "params": {"u": 7.245734668932738, "v": 2.3362047803795782, "w": 9.944646559497315, "x": 1.2585566257971186, "y": 4.754856863494625}, "datetime": {"datetime": "2024-02-25 09:55:28", "elapsed": 233.241586, "delta": 1.744822}}
{"target": -0.032949647615573896, "params": {"u": 3.791901467149295, "v": 9.655679304388775, "w": 11.560536618050588, "x": 2.784724729898146, "y": 4.452650243363344}, "datetime": {"datetime": "2024-02-25 09:55:30", "elapsed": 234.510009, "delta": 1.268423}}
{"target": -0.09277228054029887, "params": {"u": 10.058688844907968, "v": 2.1329717543336213, "w": 10.390133426735774, "x": 3.837861791505155, "y": 1.7838416510062023}, "datetime": {"datetime": "2024-02-25 09:55:32", "elapsed": 236.438393, "delta": 1.928384}}
{"target": 0.09425931102916596, "params": {"u": 7.28255374361847, "v": 6.031162563872497, "w": 7.16870565013938, "x": 3.916593539913342, "y": 0.7509423827861536}, "datetime": {"datetime": "2024-02-25 09:55:33", "elapsed": 237.564345, "delta": 1.125952}}
{"target": 0.4159769374875028, "params": {"u": 7.513883589943863, "v": 12.979897657263528, "w": 7.361459720688419, "x": 3.3236920541213135, "y": 3.191929194948519}, "datetime": {"datetime": "2024-02-25 09:55:34", "elapsed": 239.095831, "delta": 1.531486}}
{"target": 0.8293268539523162, "params": {"u": 7.664171662822259, "v": 2.7521598810576373, "w": 10.406336416082596, "x": 1.924233512178191, "y": 4.6082644027746005}, "datetime": {"datetime": "2024-02-25 09:55:36", "elapsed": 241.028459, "delta": 1.932628}}
{"target": 0.0999098388652407, "params": {"u": 6.15148288312758, "v": 9.951240029385092, "w": 10.142744548486666, "x": 1.1787080234504115, "y": 2.288483965331495}, "datetime": {"datetime": "2024-02-25 09:55:37", "elapsed": 242.122795, "delta": 1.094336}}
{"target": 0.7389946717465231, "params": {"u": 7.173866083093148, "v": 1.2571104425319874, "w": 10.73909910337885, "x": 1.964796306078233, "y": 4.4798320040570445}, "datetime": {"datetime": "2024-02-25 09:55:39", "elapsed": 243.580153, "delta": 1.457358}}
{"target": 0.4860207801500871, "params": {"u": 7.095150502469886, "v": 2.167294855090992, "w": 10.309734949659532, "x": 1.4808123892665441, "y": 4.501172388196917}, "datetime": {"datetime": "2024-02-25 09:55:40", "elapsed": 244.92938, "delta": 1.349227}}
{"target": 0.7908537145893122, "params": {"u": 7.350445364071099, "v": 1.1979589289268917, "w": 9.844242873649996, "x": 1.8844129318669631, "y": 3.6320885378723298}, "datetime": {"datetime": "2024-02-25 09:55:42", "elapsed": 246.538435, "delta": 1.609055}}
{"target": 0.02964632488024965, "params": {"u": 4.0380654660829824, "v": 11.542689353187322, "w": 1.1912371889699704, "x": 6.874646598636328, "y": 4.63251751890249}, "datetime": {"datetime": "2024-02-25 09:55:43", "elapsed": 248.093041, "delta": 1.554606}}
{"target": -0.09371728397240324, "params": {"u": 6.6609749783355365, "v": 5.691258459917249, "w": 12.664219833930378, "x": 3.5130771914267345, "y": 4.059459077423025}, "datetime": {"datetime": "2024-02-25 09:55:45", "elapsed": 249.485317, "delta": 1.392276}}
{"target": 0.86249604696952, "params": {"u": 6.941661253381002, "v": 1.3746905337489188, "w": 10.097982180921802, "x": 1.8441642283320907, "y": 4.478205597779418}, "datetime": {"datetime": "2024-02-25 09:55:46", "elapsed": 250.883994, "delta": 1.398677}}
{"target": -0.0818719153021281, "params": {"u": 9.906248230118312, "v": 10.559468350571647, "w": 10.724103355160851, "x": 1.3210344200874782, "y": 1.7216689651497696}, "datetime": {"datetime": "2024-02-25 09:55:47", "elapsed": 252.191179, "delta": 1.307185}}
{"target": -0.09682726930877499, "params": {"u": 4.255509685745265, "v": 1.014487866783353, "w": 7.196177420001595, "x": 2.6099414267461962, "y": 3.7683188374304026}, "datetime": {"datetime": "2024-02-25 09:55:49", "elapsed": 253.361286, "delta": 1.170107}}
{"target": 0.32872346091995835, "params": {"u": 6.055309898816253, "v": 1.4975217205308025, "w": 9.578233576307706, "x": 2.065257465073913, "y": 4.39899223779895}, "datetime": {"datetime": "2024-02-25 09:55:50", "elapsed": 255.268355, "delta": 1.907069}}
{"target": 0.8333278483001014, "params": {"u": 6.309481222242383, "v": 1.381434374494554, "w": 9.864917472253795, "x": 1.8225792120917435, "y": 4.580167882484659}, "datetime": {"datetime": "2024-02-25 09:55:53", "elapsed": 257.675416, "delta": 2.407061}}
{"target": -0.024157007742425827, "params": {"u": 5.391373263690086, "v": 9.111868418863276, "w": 12.519365421947871, "x": 4.096281688784655, "y": 2.5192782992964577}, "datetime": {"datetime": "2024-02-25 09:55:53", "elapsed": 258.312758, "delta": 0.637342}}
{"target": 0.3729731477879503, "params": {"u": 6.955427058448664, "v": 1.0341993348833918, "w": 9.805963547851931, "x": 1.5295993630447928, "y": 4.82103303871501}, "datetime": {"datetime": "2024-02-25 09:55:56", "elapsed": 261.262311, "delta": 2.949553}}
{"target": 0.7030824444839306, "params": {"u": 7.0143447436474835, "v": 2.49743717338419, "w": 10.692880973660472, "x": 1.6849589732237455, "y": 4.606147315949567}, "datetime": {"datetime": "2024-02-25 09:55:59", "elapsed": 263.511936, "delta": 2.249625}}
{"target": 0.19160294693485028, "params": {"u": 6.577869126542819, "v": 2.042099683239143, "w": 9.598830155691072, "x": 1.2260663974989747, "y": 3.920971517200552}, "datetime": {"datetime": "2024-02-25 09:56:02", "elapsed": 266.624202, "delta": 3.112266}}
{"target": -0.4670180306849728, "params": {"u": 7.653851018174422, "v": 2.5337617337215077, "w": 10.638946433345307, "x": 2.3798346695250374, "y": 4.515364920210361}, "datetime": {"datetime": "2024-02-25 09:56:03", "elapsed": 268.032002, "delta": 1.4078}}
{"target": 0.12690024229356892, "params": {"u": 11.47775972745192, "v": 12.295682755370835, "w": 5.233032614578766, "x": 1.0405701554107636, "y": 4.614344550536619}, "datetime": {"datetime": "2024-02-25 09:56:04", "elapsed": 269.314499, "delta": 1.282497}}
{"target": 0.04317857490406847, "params": {"u": 3.0720260349769672, "v": 3.226887772068845, "w": 1.0542277712994714, "x": 4.723297943869475, "y": 4.443679610756964}, "datetime": {"datetime": "2024-02-25 09:56:05", "elapsed": 270.285441, "delta": 0.970942}}
{"target": 0.06332973751964967, "params": {"u": 3.2544473769387983, "v": 7.811029147748645, "w": 11.093961920987338, "x": 6.574785882937674, "y": 3.7102061649173486}, "datetime": {"datetime": "2024-02-25 09:56:06", "elapsed": 271.109832, "delta": 0.824391}}
{"target": 0.41599797802892274, "params": {"u": 6.0722696608493285, "v": 2.8586179391459052, "w": 10.103024978908842, "x": 1.4694140957167239, "y": 4.593014344440357}, "datetime": {"datetime": "2024-02-25 09:56:08", "elapsed": 272.620499, "delta": 1.510667}}
{"target": 0.1230727224946958, "params": {"u": 6.725843436559542, "v": 2.4763753714901204, "w": 10.444077043995748, "x": 1.268173981136453, "y": 4.764045581146543}, "datetime": {"datetime": "2024-02-25 09:56:11", "elapsed": 275.341134, "delta": 2.720635}}
{"target": -0.015087876895088233, "params": {"u": 1.6962823115974373, "v": 8.342529742286061, "w": 1.7334244360174154, "x": 6.248372240399537, "y": 0.3024447769337636}, "datetime": {"datetime": "2024-02-25 09:56:12", "elapsed": 276.50938, "delta": 1.168246}}
{"target": 0.10186297868474668, "params": {"u": 10.09711368929614, "v": 1.1109376459986735, "w": 7.053319350638917, "x": 5.45340834425351, "y": 0.6403811753806764}, "datetime": {"datetime": "2024-02-25 09:56:13", "elapsed": 278.174267, "delta": 1.664887}}
{"target": 0.0513161947539646, "params": {"u": 8.488342074463976, "v": 10.11186389657482, "w": 2.294737685018677, "x": 0.661237301056692, "y": 2.933796579415636}, "datetime": {"datetime": "2024-02-25 09:56:15", "elapsed": 280.135544, "delta": 1.961277}}
{"target": 0.07575284571185209, "params": {"u": 7.467457931398903, "v": 11.897300459856757, "w": 7.395196442333001, "x": 3.7135321774264756, "y": 4.011257673564027}, "datetime": {"datetime": "2024-02-25 09:56:19", "elapsed": 283.738552, "delta": 3.603008}}
{"target": 0.676434660913147, "params": {"u": 6.008096050716491, "v": 1.1562854739191026, "w": 10.166555410534546, "x": 1.5068471404691135, "y": 3.747850974741474}, "datetime": {"datetime": "2024-02-25 09:56:21", "elapsed": 286.066387, "delta": 2.327835}}
{"target": 0.031964336077012094, "params": {"u": 6.820639206585743, "v": 9.558658280600637, "w": 12.94582526729847, "x": 7.640902857938403, "y": 1.710587208019469}, "datetime": {"datetime": "2024-02-25 09:56:22", "elapsed": 287.135533, "delta": 1.069146}}
{"target": 0.07084075154240176, "params": {"u": 6.03299741587686, "v": 2.346931756327244, "w": 1.6469691370314945, "x": 1.4317932019032171, "y": 4.98267656358191}, "datetime": {"datetime": "2024-02-25 09:56:24", "elapsed": 288.644179, "delta": 1.508646}}
{"target": 0.03656978088100097, "params": {"u": 12.76214994180384, "v": 5.790948934127188, "w": 2.937527650654256, "x": 6.632675496629494, "y": 0.39342940277770344}, "datetime": {"datetime": "2024-02-25 09:56:25", "elapsed": 289.393359, "delta": 0.74918}}
{"target": 0.8885367727137616, "params": {"u": 8.269288556491453, "v": 2.4559640049145166, "w": 10.123464048626346, "x": 1.7770777741700017, "y": 4.26264519923849}, "datetime": {"datetime": "2024-02-25 09:56:26", "elapsed": 290.821929, "delta": 1.42857}}
