{"target": -1.8729942326521303, "params": {"colsample_bytree": 0.9327258082647429, "learning_rate": 0.2340982256334117, "max_bin_exp": 5.89415853416558, "max_depth": 1.2423837594096756, "n_estimators": 3920.2597605430806, "reg_alpha": 2.4714049403819356, "reg_lambda": 0.18585947029541905}, "datetime": {"datetime": "2024-02-19 15:52:34", "elapsed": 1880.387273, "delta": 3.328927}}
{"target": -0.7716605134681027, "params": {"colsample_bytree": 0.9009651273812951, "learning_rate": 0.1734605188084746, "max_bin_exp": 5.407751001992923, "max_depth": 5.724494149608105, "n_estimators": 4161.968286843584, "reg_alpha": 2.1802525904572616, "reg_lambda": 1.7213527821682342}, "datetime": {"datetime": "2024-02-19 15:52:40", "elapsed": 1887.009924, "delta": 6.622651}}
{"target": -0.7199610581352391, "params": {"colsample_bytree": 1.0, "learning_rate": 0.5, "max_bin_exp": 6.833144585416908, "max_depth": 3.570135203092697, "n_estimators": 2303.4314349431884, "reg_alpha": 0.0, "reg_lambda": 2.1820271105543547}, "datetime": {"datetime": "2024-02-19 15:52:44", "elapsed": 1890.735776, "delta": 3.725852}}
{"target": -0.7565687439734508, "params": {"colsample_bytree": 0.8670094213542463, "learning_rate": 0.42938843783618824, "max_bin_exp": 7.878639442973934, "max_depth": 3.804120938667958, "n_estimators": 3967.1418189533465, "reg_alpha": 2.427569549669091, "reg_lambda": 0.24057403481793505}, "datetime": {"datetime": "2024-02-19 15:52:49", "elapsed": 1896.074085, "delta": 5.338309}}
{"target": -0.76745695862244, "params": {"colsample_bytree": 0.31160677367379314, "learning_rate": 0.3772531839172134, "max_bin_exp": 9.86568265656005, "max_depth": 5.479597941041829, "n_estimators": 4819.345688706991, "reg_alpha": 0.320361953683572, "reg_lambda": 2.767016306634123}, "datetime": {"datetime": "2024-02-19 15:52:56", "elapsed": 1902.499259, "delta": 6.425174}}
{"target": -0.6479640172868114, "params": {"colsample_bytree": 0.7352249803284838, "learning_rate": 0.3622034630932304, "max_bin_exp": 9.516292444615837, "max_depth": 5.019493063386281, "n_estimators": 733.5357746771991, "reg_alpha": 2.2325658339905528, "reg_lambda": 0.2774097575031296}, "datetime": {"datetime": "2024-02-19 15:52:59", "elapsed": 1906.156791, "delta": 3.657532}}
{"target": -0.6368717366378295, "params": {"colsample_bytree": 1.0, "learning_rate": 0.5, "max_bin_exp": 10.0, "max_depth": 6.0, "n_estimators": 3947.1638557587326, "reg_alpha": 0.0, "reg_lambda": 3.0}, "datetime": {"datetime": "2024-02-19 15:53:10", "elapsed": 1916.515966, "delta": 10.359175}}
{"target": -0.8579082232933145, "params": {"colsample_bytree": 0.2, "learning_rate": 0.5, "max_bin_exp": 6.914956836939195, "max_depth": 6.0, "n_estimators": 3716.8731025301736, "reg_alpha": 3.0, "reg_lambda": 3.0}, "datetime": {"datetime": "2024-02-19 15:53:17", "elapsed": 1923.643569, "delta": 7.127603}}
{"target": -0.6474381828507534, "params": {"colsample_bytree": 0.7562368619711306, "learning_rate": 0.37538633165533014, "max_bin_exp": 8.547736928544975, "max_depth": 5.206871085816808, "n_estimators": 2551.716831097057, "reg_alpha": 2.5168900721198257, "reg_lambda": 2.9779392646281977}, "datetime": {"datetime": "2024-02-19 15:53:21", "elapsed": 1927.46079, "delta": 3.817221}}
{"target": -1.0532037136477828, "params": {"colsample_bytree": 0.2, "learning_rate": 0.5, "max_bin_exp": 10.0, "max_depth": 6.0, "n_estimators": 3730.064258524354, "reg_alpha": 0.0, "reg_lambda": 3.0}, "datetime": {"datetime": "2024-02-19 15:53:29", "elapsed": 1935.501752, "delta": 8.040962}}
{"target": -0.7241518944952035, "params": {"colsample_bytree": 0.4267859417500132, "learning_rate": 0.4920788580602047, "max_bin_exp": 7.450913383869346, "max_depth": 2.3555692560937076, "n_estimators": 2550.8927323330913, "reg_alpha": 2.9688164004544872, "reg_lambda": 1.8399151665383}, "datetime": {"datetime": "2024-02-19 15:53:32", "elapsed": 1938.414177, "delta": 2.912425}}
{"target": -0.9068185771333568, "params": {"colsample_bytree": 0.25803765133284096, "learning_rate": 0.41919288449705644, "max_bin_exp": 8.668456047425728, "max_depth": 5.9338715025846716, "n_estimators": 2552.3118923351967, "reg_alpha": 0.8124715512466744, "reg_lambda": 0.2392551484622828}, "datetime": {"datetime": "2024-02-19 15:53:35", "elapsed": 1942.088573, "delta": 3.674396}}
{"target": -0.8133347268457216, "params": {"colsample_bytree": 0.3712233819621168, "learning_rate": 0.39617160679367924, "max_bin_exp": 5.0697197139885315, "max_depth": 3.454215461193478, "n_estimators": 2553.9334535962544, "reg_alpha": 2.4192823130968653, "reg_lambda": 0.018429005816755106}, "datetime": {"datetime": "2024-02-19 15:53:38", "elapsed": 1945.10822, "delta": 3.019647}}
{"target": -1.0792984691186476, "params": {"colsample_bytree": 0.7346106881403391, "learning_rate": 0.20932554116639382, "max_bin_exp": 4.7330151389708845, "max_depth": 4.718483493048048, "n_estimators": 2551.703266583621, "reg_alpha": 1.4500177672632322, "reg_lambda": 2.5164713369127196}, "datetime": {"datetime": "2024-02-19 15:53:42", "elapsed": 1948.705251, "delta": 3.597031}}
{"target": -0.887192367433204, "params": {"colsample_bytree": 0.2, "learning_rate": 0.5, "max_bin_exp": 10.0, "max_depth": 6.0, "n_estimators": 768.6534116564405, "reg_alpha": 0.6454917142331538, "reg_lambda": 3.0}, "datetime": {"datetime": "2024-02-19 15:53:45", "elapsed": 1951.669377, "delta": 2.964126}}
{"target": -3.4229656103637, "params": {"colsample_bytree": 0.4593016545523625, "learning_rate": 0.025619505409760837, "max_bin_exp": 7.896078507268328, "max_depth": 1.8106207143170479, "n_estimators": 2554.7585637814122, "reg_alpha": 1.1411970872077895, "reg_lambda": 0.6573997353566157}, "datetime": {"datetime": "2024-02-19 15:53:47", "elapsed": 1954.242644, "delta": 2.573267}}
{"target": -0.6113200124234934, "params": {"colsample_bytree": 0.9510365247856447, "learning_rate": 0.027144693238072705, "max_bin_exp": 9.975475029675808, "max_depth": 5.990347334739843, "n_estimators": 736.8143316656767, "reg_alpha": 1.1144231840885248, "reg_lambda": 1.2759757433973293}, "datetime": {"datetime": "2024-02-19 15:53:51", "elapsed": 1958.03641, "delta": 3.793766}}
{"target": -0.6742347419193592, "params": {"colsample_bytree": 0.9379567699856006, "learning_rate": 0.41919085352269786, "max_bin_exp": 8.607776230505646, "max_depth": 5.2385157179352255, "n_estimators": 2557.0791183068923, "reg_alpha": 2.9360416830896465, "reg_lambda": 1.3718363053930387}, "datetime": {"datetime": "2024-02-19 15:53:55", "elapsed": 1962.009578, "delta": 3.973168}}
{"target": -0.6922467685646186, "params": {"colsample_bytree": 0.3204923100927428, "learning_rate": 0.04867160299021952, "max_bin_exp": 7.757100446309991, "max_depth": 5.726786999809415, "n_estimators": 2548.315049841733, "reg_alpha": 2.632277892934389, "reg_lambda": 1.0334294346011967}, "datetime": {"datetime": "2024-02-19 15:53:59", "elapsed": 1965.687572, "delta": 3.677994}}
{"target": -0.6657368104742304, "params": {"colsample_bytree": 0.9240928461611231, "learning_rate": 0.37502653714891304, "max_bin_exp": 9.527554326219924, "max_depth": 3.132044758854481, "n_estimators": 2547.7824909927513, "reg_alpha": 2.2891875994899724, "reg_lambda": 1.5735709462753675}, "datetime": {"datetime": "2024-02-19 15:54:03", "elapsed": 1969.736621, "delta": 4.049049}}
{"target": -1.388780871748102, "params": {"colsample_bytree": 0.5954697399614608, "learning_rate": 0.4269505926102971, "max_bin_exp": 4.965074598977892, "max_depth": 2.8666467768479373, "n_estimators": 2547.9413122507135, "reg_alpha": 2.0165306891528045, "reg_lambda": 2.8160100418609413}, "datetime": {"datetime": "2024-02-19 15:54:06", "elapsed": 1972.588452, "delta": 2.851831}}
{"target": -0.6365149662697887, "params": {"colsample_bytree": 0.6666430866972903, "learning_rate": 0.14319167550831846, "max_bin_exp": 7.531553583658568, "max_depth": 4.140163889099992, "n_estimators": 732.838574914406, "reg_alpha": 2.69898740528341, "reg_lambda": 2.928668015494225}, "datetime": {"datetime": "2024-02-19 15:54:09", "elapsed": 1975.854992, "delta": 3.26654}}
{"target": -0.6246745167137476, "params": {"colsample_bytree": 1.0, "learning_rate": 0.5, "max_bin_exp": 10.0, "max_depth": 5.930115264080389, "n_estimators": 2548.80709938703, "reg_alpha": 0.16187835841224846, "reg_lambda": 2.611793161986824}, "datetime": {"datetime": "2024-02-19 15:54:16", "elapsed": 1983.296158, "delta": 7.441166}}
{"target": -0.6714909262277836, "params": {"colsample_bytree": 0.86853853688144, "learning_rate": 0.23848482615586541, "max_bin_exp": 6.626628131682543, "max_depth": 5.866904956024093, "n_estimators": 2554.6483192159103, "reg_alpha": 2.4347931038900033, "reg_lambda": 2.013039037126906}, "datetime": {"datetime": "2024-02-19 15:54:20", "elapsed": 1987.071224, "delta": 3.775066}}
{"target": -0.6586111979085746, "params": {"colsample_bytree": 0.6378166138264936, "learning_rate": 0.1536172635626639, "max_bin_exp": 7.867568257343676, "max_depth": 5.871213326451548, "n_estimators": 2545.3335218702655, "reg_alpha": 0.11604392439948352, "reg_lambda": 0.9069499705571965}, "datetime": {"datetime": "2024-02-19 15:54:24", "elapsed": 1991.13416, "delta": 4.062936}}
{"target": -0.6694285177855755, "params": {"colsample_bytree": 0.8150910964225453, "learning_rate": 0.3589961122047546, "max_bin_exp": 9.642716344424933, "max_depth": 5.604782134989981, "n_estimators": 4813.086910807071, "reg_alpha": 2.0042680117699367, "reg_lambda": 0.11639986849281037}, "datetime": {"datetime": "2024-02-19 15:54:33", "elapsed": 1999.692968, "delta": 8.558808}}
{"target": -0.7714711695532274, "params": {"colsample_bytree": 0.621971506448699, "learning_rate": 0.48542929962968157, "max_bin_exp": 6.811706703393963, "max_depth": 4.6575023749559685, "n_estimators": 4809.895357836576, "reg_alpha": 2.0483769757364607, "reg_lambda": 0.532854834422442}, "datetime": {"datetime": "2024-02-19 15:54:39", "elapsed": 2005.67452, "delta": 5.981552}}
{"target": -0.6209986987876648, "params": {"colsample_bytree": 0.9640706822043705, "learning_rate": 0.028528644641000796, "max_bin_exp": 9.584483608321353, "max_depth": 3.0720504387113485, "n_estimators": 4811.517044144598, "reg_alpha": 1.6932562339036197, "reg_lambda": 2.551619522619212}, "datetime": {"datetime": "2024-02-19 15:54:46", "elapsed": 2012.594893, "delta": 6.920373}}
{"target": -0.7435044994144303, "params": {"colsample_bytree": 0.35207921153391475, "learning_rate": 0.11348156723523574, "max_bin_exp": 6.487834497548578, "max_depth": 2.510387687013423, "n_estimators": 4810.310877992851, "reg_alpha": 0.3048569503269367, "reg_lambda": 2.7958340393486276}, "datetime": {"datetime": "2024-02-19 15:54:50", "elapsed": 2017.263814, "delta": 4.668921}}
{"target": -0.9605437237538255, "params": {"colsample_bytree": 0.2623626319303156, "learning_rate": 0.06130038774613806, "max_bin_exp": 8.643650234600111, "max_depth": 2.0667954443946255, "n_estimators": 4809.923860686858, "reg_alpha": 2.019972868688831, "reg_lambda": 0.24906103693638837}, "datetime": {"datetime": "2024-02-19 15:54:56", "elapsed": 2022.348631, "delta": 5.084817}}
{"target": -0.6451124928915078, "params": {"colsample_bytree": 0.6906570435719224, "learning_rate": 0.2693467186433025, "max_bin_exp": 8.449951381888493, "max_depth": 5.468820694434971, "n_estimators": 4809.957442868985, "reg_alpha": 0.5959573512736898, "reg_lambda": 2.444451021958745}, "datetime": {"datetime": "2024-02-19 15:55:03", "elapsed": 2029.752396, "delta": 7.403765}}
{"target": -0.6736174186506886, "params": {"colsample_bytree": 0.6380610315177583, "learning_rate": 0.49001304215512725, "max_bin_exp": 9.728494614494359, "max_depth": 5.603336545569893, "n_estimators": 732.3627457744464, "reg_alpha": 1.1554770224329982, "reg_lambda": 2.570368064797565}, "datetime": {"datetime": "2024-02-19 15:55:08", "elapsed": 2035.105567, "delta": 5.353171}}
{"target": -0.6276951598619939, "params": {"colsample_bytree": 0.848391204246002, "learning_rate": 0.18868525541549647, "max_bin_exp": 8.016750502382173, "max_depth": 5.077377677259568, "n_estimators": 2543.882443962368, "reg_alpha": 2.234321820976546, "reg_lambda": 2.622633172714915}, "datetime": {"datetime": "2024-02-19 15:55:13", "elapsed": 2040.127025, "delta": 5.021458}}
{"target": -0.6249495834127824, "params": {"colsample_bytree": 0.9011989748513154, "learning_rate": 0.4245178753258323, "max_bin_exp": 9.45048171627041, "max_depth": 5.300784951317022, "n_estimators": 4807.470886540332, "reg_alpha": 2.691522503733912, "reg_lambda": 2.4480748658870026}, "datetime": {"datetime": "2024-02-19 15:55:20", "elapsed": 2046.964112, "delta": 6.837087}}
{"target": -0.9528150150114759, "params": {"colsample_bytree": 0.2, "learning_rate": 0.5, "max_bin_exp": 10.0, "max_depth": 4.169889709174604, "n_estimators": 4582.238807674164, "reg_alpha": 0.0, "reg_lambda": 3.0}, "datetime": {"datetime": "2024-02-19 15:55:27", "elapsed": 2054.03989, "delta": 7.075778}}
{"target": -0.906387666117879, "params": {"colsample_bytree": 0.22571067643363643, "learning_rate": 0.12991397455918754, "max_bin_exp": 8.054252783778175, "max_depth": 3.4559394119287434, "n_estimators": 2545.012721764298, "reg_alpha": 2.7048625913671827, "reg_lambda": 0.011639733265195074}, "datetime": {"datetime": "2024-02-19 15:55:30", "elapsed": 2056.94718, "delta": 2.90729}}
{"target": -0.897055958430438, "params": {"colsample_bytree": 0.2, "learning_rate": 0.5, "max_bin_exp": 8.724896109412429, "max_depth": 2.31008350508695, "n_estimators": 3659.5954423463845, "reg_alpha": 3.0, "reg_lambda": 1.8229597045337398}, "datetime": {"datetime": "2024-02-19 15:55:34", "elapsed": 2061.268384, "delta": 4.321204}}
{"target": -0.7051401902689499, "params": {"colsample_bytree": 1.0, "learning_rate": 0.5, "max_bin_exp": 10.0, "max_depth": 6.0, "n_estimators": 4809.546927373528, "reg_alpha": 3.0, "reg_lambda": 0.0}, "datetime": {"datetime": "2024-02-19 15:55:44", "elapsed": 2070.403072, "delta": 9.134688}}
{"target": -0.6971692593709541, "params": {"colsample_bytree": 0.4636615679361267, "learning_rate": 0.4771117702780908, "max_bin_exp": 9.519942589191256, "max_depth": 3.9828356376157004, "n_estimators": 2540.855709507505, "reg_alpha": 1.041840862833507, "reg_lambda": 2.272176049963976}, "datetime": {"datetime": "2024-02-19 15:55:50", "elapsed": 2077.175787, "delta": 6.772715}}
{"target": -4.2821075163371, "params": {"colsample_bytree": 0.2, "learning_rate": 0.001, "max_bin_exp": 10.0, "max_depth": 3.75023909041287, "n_estimators": 2545.0006573759565, "reg_alpha": 0.0, "reg_lambda": 3.0}, "datetime": {"datetime": "2024-02-19 15:55:53", "elapsed": 2080.184379, "delta": 3.008592}}
{"target": -0.7059667264080155, "params": {"colsample_bytree": 0.48334785808324554, "learning_rate": 0.4937707557944647, "max_bin_exp": 7.5205312860213285, "max_depth": 2.301441868866944, "n_estimators": 2539.260110099075, "reg_alpha": 2.82479758869712, "reg_lambda": 2.7650495892376328}, "datetime": {"datetime": "2024-02-19 15:55:56", "elapsed": 2083.025513, "delta": 2.841134}}
{"target": -1.1292321319683527, "params": {"colsample_bytree": 0.7828759320030847, "learning_rate": 0.3788666954028506, "max_bin_exp": 4.376526674846297, "max_depth": 4.394532591271033, "n_estimators": 2544.2593089449665, "reg_alpha": 1.8044856273369947, "reg_lambda": 0.9394722040443743}, "datetime": {"datetime": "2024-02-19 15:56:00", "elapsed": 2086.674837, "delta": 3.649324}}
{"target": -0.735375455018446, "params": {"colsample_bytree": 0.8217145590493675, "learning_rate": 0.46828738804289355, "max_bin_exp": 7.537197386972702, "max_depth": 5.667128802769535, "n_estimators": 2541.86336412296, "reg_alpha": 1.022528200345648, "reg_lambda": 0.24420946422727563}, "datetime": {"datetime": "2024-02-19 15:56:05", "elapsed": 2091.856856, "delta": 5.182019}}
{"target": -1.115555229352048, "params": {"colsample_bytree": 0.8403447700348676, "learning_rate": 0.20731545134701623, "max_bin_exp": 4.880954291335553, "max_depth": 5.92361390585989, "n_estimators": 4812.194723871769, "reg_alpha": 0.47557175396852613, "reg_lambda": 2.741471436393603}, "datetime": {"datetime": "2024-02-19 15:56:27", "elapsed": 2113.469391, "delta": 21.612535}}
{"target": -0.7311277938448976, "params": {"colsample_bytree": 1.0, "learning_rate": 0.5, "max_bin_exp": 9.92535863845298, "max_depth": 3.6871218106886428, "n_estimators": 4816.170660931229, "reg_alpha": 0.0, "reg_lambda": 0.0}, "datetime": {"datetime": "2024-02-19 15:56:32", "elapsed": 2118.760789, "delta": 5.291398}}
{"target": -0.6506843698718515, "params": {"colsample_bytree": 0.4943374530322607, "learning_rate": 0.10389309897022347, "max_bin_exp": 8.551992687028182, "max_depth": 4.345655716080585, "n_estimators": 4805.200888367639, "reg_alpha": 0.8754205857664706, "reg_lambda": 1.3809239583312691}, "datetime": {"datetime": "2024-02-19 15:56:38", "elapsed": 2124.39071, "delta": 5.629921}}
{"target": -0.6981723531455979, "params": {"colsample_bytree": 1.0, "learning_rate": 0.5, "max_bin_exp": 10.0, "max_depth": 2.3791265986021677, "n_estimators": 682.4101212871307, "reg_alpha": 3.0, "reg_lambda": 2.522183764048066}, "datetime": {"datetime": "2024-02-19 15:56:41", "elapsed": 2127.537977, "delta": 3.147267}}
{"target": -0.7137100324237141, "params": {"colsample_bytree": 0.5658895577013765, "learning_rate": 0.4355064170105813, "max_bin_exp": 7.666678831473191, "max_depth": 5.586154637630394, "n_estimators": 735.1925714926051, "reg_alpha": 0.4047222889668246, "reg_lambda": 2.968178392105257}, "datetime": {"datetime": "2024-02-19 15:57:16", "elapsed": 2162.568435, "delta": 35.030458}}
{"target": -0.68880549503406, "params": {"colsample_bytree": 0.3852629955644038, "learning_rate": 0.21855606541013847, "max_bin_exp": 9.028917314577832, "max_depth": 4.245443104770305, "n_estimators": 2537.2967590557537, "reg_alpha": 0.33183565162662365, "reg_lambda": 0.9174212910543748}, "datetime": {"datetime": "2024-02-19 15:57:19", "elapsed": 2165.992603, "delta": 3.424168}}
{"target": -0.6108932249476776, "params": {"colsample_bytree": 0.9997335621231329, "learning_rate": 0.06519607462130235, "max_bin_exp": 7.9122564192206575, "max_depth": 5.227528006593495, "n_estimators": 2539.8373981993304, "reg_alpha": 2.6349520953737398, "reg_lambda": 2.422673977942878}, "datetime": {"datetime": "2024-02-19 15:57:23", "elapsed": 2169.750606, "delta": 3.758003}}
{"target": -0.69291860072387, "params": {"colsample_bytree": 0.9478358150718558, "learning_rate": 0.4427253700461272, "max_bin_exp": 6.0136755329195015, "max_depth": 5.945838292613841, "n_estimators": 4805.189340561834, "reg_alpha": 0.4700845404946, "reg_lambda": 2.9871148264371787}, "datetime": {"datetime": "2024-02-19 15:57:29", "elapsed": 2176.302438, "delta": 6.551832}}
{"target": -0.80195186505635, "params": {"colsample_bytree": 0.659339902421028, "learning_rate": 0.2982866967469007, "max_bin_exp": 5.716093240815228, "max_depth": 2.048994317471355, "n_estimators": 2539.230990570698, "reg_alpha": 0.06434858105461005, "reg_lambda": 0.6687909435163942}, "datetime": {"datetime": "2024-02-19 15:57:34", "elapsed": 2180.389957, "delta": 4.087519}}
{"target": -0.7395627504410164, "params": {"colsample_bytree": 0.6359954573065232, "learning_rate": 0.43652973210487955, "max_bin_exp": 6.046230167597406, "max_depth": 5.445254811604947, "n_estimators": 4805.546054653983, "reg_alpha": 1.82766521427744, "reg_lambda": 0.17818208459853602}, "datetime": {"datetime": "2024-02-19 15:57:42", "elapsed": 2188.789854, "delta": 8.399897}}
{"target": -0.7061785132194562, "params": {"colsample_bytree": 0.807427264550699, "learning_rate": 0.435317891212814, "max_bin_exp": 9.089912740196372, "max_depth": 2.9036339592116858, "n_estimators": 2538.140689984694, "reg_alpha": 2.796584774435485, "reg_lambda": 0.3132266711866024}, "datetime": {"datetime": "2024-02-19 15:57:45", "elapsed": 2192.007097, "delta": 3.217243}}
{"target": -0.8970476483315679, "params": {"colsample_bytree": 0.22628236017292275, "learning_rate": 0.4588204436790974, "max_bin_exp": 8.107457712664576, "max_depth": 5.900890362751218, "n_estimators": 742.1625826592385, "reg_alpha": 2.5649037066373555, "reg_lambda": 2.6369584175574445}, "datetime": {"datetime": "2024-02-19 15:57:49", "elapsed": 2195.410175, "delta": 3.403078}}
{"target": -0.6676223576109346, "params": {"colsample_bytree": 0.4561758367157239, "learning_rate": 0.05919457559985757, "max_bin_exp": 6.095257597121716, "max_depth": 5.070397031871943, "n_estimators": 4801.852529888466, "reg_alpha": 2.291228524812732, "reg_lambda": 1.973730609910576}, "datetime": {"datetime": "2024-02-19 15:57:55", "elapsed": 2201.674595, "delta": 6.26442}}
{"target": -4.54055491055791, "params": {"colsample_bytree": 0.2, "learning_rate": 0.001, "max_bin_exp": 10.0, "max_depth": 1.0, "n_estimators": 3205.275315445213, "reg_alpha": 2.654264275397935, "reg_lambda": 0.0}, "datetime": {"datetime": "2024-02-19 15:57:58", "elapsed": 2204.569771, "delta": 2.895176}}
{"target": -0.7038641107028308, "params": {"colsample_bytree": 0.6659029381445298, "learning_rate": 0.11128438006437141, "max_bin_exp": 8.986066170141234, "max_depth": 2.57369837185005, "n_estimators": 4801.191556955067, "reg_alpha": 0.8976345328313465, "reg_lambda": 2.1297536228189493}, "datetime": {"datetime": "2024-02-19 15:58:02", "elapsed": 2208.424002, "delta": 3.854231}}
{"target": -0.8621378640522009, "params": {"colsample_bytree": 0.40001729027396815, "learning_rate": 0.452979054646969, "max_bin_exp": 5.669113762269692, "max_depth": 3.158746537794541, "n_estimators": 4803.594805581016, "reg_alpha": 0.4020658470449453, "reg_lambda": 0.20778089016905377}, "datetime": {"datetime": "2024-02-19 15:58:06", "elapsed": 2213.02007, "delta": 4.596068}}
{"target": -0.6202609180996941, "params": {"colsample_bytree": 0.7215385345120437, "learning_rate": 0.15447424176381075, "max_bin_exp": 9.455240640098285, "max_depth": 5.860180875634526, "n_estimators": 4801.903191291054, "reg_alpha": 2.1618915336578417, "reg_lambda": 0.5047282566877803}, "datetime": {"datetime": "2024-02-19 15:58:15", "elapsed": 2221.732282, "delta": 8.712212}}
