{"target": -0.6346694737396643, "params": {"colsample_bytree": 0.8643885676409824, "learning_rate": 0.22043344907243304, "max_bin_exp": 9.109730331199023, "max_depth": 3.097858499449583, "n_estimators": 2567.6302756613104, "reg_alpha": 2.789381605272969, "reg_lambda": 0.9373556331734624}, "datetime": {"datetime": "2024-02-19 16:19:58", "elapsed": 970.641734, "delta": 2.495666}}
{"target": -0.6528220356870144, "params": {"colsample_bytree": 0.6405431674597395, "learning_rate": 0.2730118232345798, "max_bin_exp": 9.962478405344957, "max_depth": 3.050555348204935, "n_estimators": 2062.5494375885846, "reg_alpha": 2.642532573654413, "reg_lambda": 1.7229567350624562}, "datetime": {"datetime": "2024-02-19 16:20:00", "elapsed": 972.760226, "delta": 2.118492}}
{"target": -0.8804970717690677, "params": {"colsample_bytree": 0.22309654714601912, "learning_rate": 0.13670538134372684, "max_bin_exp": 7.373949626842353, "max_depth": 4.407575013028152, "n_estimators": 2063.526344277062, "reg_alpha": 0.11239543962653376, "reg_lambda": 2.6285743377372377}, "datetime": {"datetime": "2024-02-19 16:20:02", "elapsed": 975.136708, "delta": 2.376482}}
{"target": -0.6759784166357699, "params": {"colsample_bytree": 0.9380192254263386, "learning_rate": 0.26567562977929693, "max_bin_exp": 7.338473432812021, "max_depth": 4.0748154930944205, "n_estimators": 2605.1846113686966, "reg_alpha": 0.7972822213088602, "reg_lambda": 0.6831547277031417}, "datetime": {"datetime": "2024-02-19 16:20:05", "elapsed": 977.367043, "delta": 2.230335}}
{"target": -0.6717680647797493, "params": {"colsample_bytree": 0.6382809818686971, "learning_rate": 0.23892734212587274, "max_bin_exp": 7.455795303912398, "max_depth": 3.9209389009896434, "n_estimators": 2566.908449197874, "reg_alpha": 2.553462729103884, "reg_lambda": 2.3432250162780486}, "datetime": {"datetime": "2024-02-19 16:20:07", "elapsed": 979.419875, "delta": 2.052832}}
{"target": -0.6022579662517656, "params": {"colsample_bytree": 0.8973647322380891, "learning_rate": 0.03914482065546202, "max_bin_exp": 9.876243193009682, "max_depth": 4.7003670860067075, "n_estimators": 2059.2827560390824, "reg_alpha": 1.3810658190170724, "reg_lambda": 2.8438334873149014}, "datetime": {"datetime": "2024-02-19 16:20:10", "elapsed": 982.225048, "delta": 2.805173}}
{"target": -0.6681223098647526, "params": {"colsample_bytree": 0.980403160197515, "learning_rate": 0.47357303861517125, "max_bin_exp": 8.057870342987336, "max_depth": 5.401126854535633, "n_estimators": 2564.1467210774554, "reg_alpha": 0.6067219753803879, "reg_lambda": 1.6469447183334984}, "datetime": {"datetime": "2024-02-19 16:20:13", "elapsed": 985.591905, "delta": 3.366857}}
{"target": -0.7830547585010592, "params": {"colsample_bytree": 0.44499231094040975, "learning_rate": 0.49889086169376673, "max_bin_exp": 6.163911008578672, "max_depth": 5.546705534350805, "n_estimators": 2564.871792207325, "reg_alpha": 1.4998907538854627, "reg_lambda": 0.42617743860126645}, "datetime": {"datetime": "2024-02-19 16:20:16", "elapsed": 988.63049, "delta": 3.038585}}
{"target": -1.3893285251471283, "params": {"colsample_bytree": 1.0, "learning_rate": 0.001, "max_bin_exp": 10.0, "max_depth": 6.0, "n_estimators": 2059.4186378370982, "reg_alpha": 2.3597853881170487, "reg_lambda": 1.198078045936416}, "datetime": {"datetime": "2024-02-19 16:20:21", "elapsed": 993.386819, "delta": 4.756329}}
{"target": -0.6548604302745409, "params": {"colsample_bytree": 0.934894958173069, "learning_rate": 0.15881179810012191, "max_bin_exp": 6.177252189784711, "max_depth": 4.381636510547849, "n_estimators": 2566.2975776180165, "reg_alpha": 2.745011317352479, "reg_lambda": 0.9874891793927446}, "datetime": {"datetime": "2024-02-19 16:20:24", "elapsed": 996.237407, "delta": 2.850588}}
{"target": -0.7820333882047436, "params": {"colsample_bytree": 0.4221133802491914, "learning_rate": 0.37861976920405094, "max_bin_exp": 9.882347417240993, "max_depth": 5.733003041940006, "n_estimators": 2565.5485874239885, "reg_alpha": 0.8176250719036348, "reg_lambda": 0.4554132750158447}, "datetime": {"datetime": "2024-02-19 16:20:27", "elapsed": 999.59862, "delta": 3.361213}}
{"target": -0.7885267896966218, "params": {"colsample_bytree": 0.3628149207908682, "learning_rate": 0.26020121921006517, "max_bin_exp": 6.542504643132895, "max_depth": 5.521286569651496, "n_estimators": 2565.0338354334776, "reg_alpha": 2.9193468512459573, "reg_lambda": 1.9688297070567127}, "datetime": {"datetime": "2024-02-19 16:20:30", "elapsed": 1002.263185, "delta": 2.664565}}
{"target": -0.8800980161517183, "params": {"colsample_bytree": 0.23813567468658015, "learning_rate": 0.2682988778946482, "max_bin_exp": 7.850960952395159, "max_depth": 3.1406620981318647, "n_estimators": 2565.824643642541, "reg_alpha": 1.5114844969211778, "reg_lambda": 0.16173745401759754}, "datetime": {"datetime": "2024-02-19 16:20:31", "elapsed": 1004.156144, "delta": 1.892959}}
{"target": -0.6513624502903941, "params": {"colsample_bytree": 0.5936345754997019, "learning_rate": 0.10887750423221979, "max_bin_exp": 7.047678872443057, "max_depth": 3.4404826030096185, "n_estimators": 2564.2149635386277, "reg_alpha": 0.43492540086524956, "reg_lambda": 2.432920910203334}, "datetime": {"datetime": "2024-02-19 16:20:34", "elapsed": 1006.283962, "delta": 2.127818}}
{"target": -0.7465239119317179, "params": {"colsample_bytree": 0.28599497377143684, "learning_rate": 0.1850906640537632, "max_bin_exp": 6.5537250324993135, "max_depth": 5.054184772690423, "n_estimators": 2565.8629596053497, "reg_alpha": 1.0367046482543465, "reg_lambda": 2.72113512627888}, "datetime": {"datetime": "2024-02-19 16:20:36", "elapsed": 1008.795738, "delta": 2.511776}}
{"target": -0.8655439008253882, "params": {"colsample_bytree": 0.2296117767374698, "learning_rate": 0.07046020646892713, "max_bin_exp": 9.278310960504445, "max_depth": 4.2697454991215515, "n_estimators": 2564.014533233058, "reg_alpha": 1.7131617715902347, "reg_lambda": 2.358473173589598}, "datetime": {"datetime": "2024-02-19 16:20:39", "elapsed": 1012.028181, "delta": 3.232443}}
{"target": -0.6233852688000235, "params": {"colsample_bytree": 0.9414991112420412, "learning_rate": 0.23029830253326142, "max_bin_exp": 8.623672731510283, "max_depth": 5.846381367236326, "n_estimators": 4512.124455623604, "reg_alpha": 0.3383677921990428, "reg_lambda": 1.9166486376510055}, "datetime": {"datetime": "2024-02-19 16:20:45", "elapsed": 1018.121008, "delta": 6.092827}}
{"target": -0.6322584084995881, "params": {"colsample_bytree": 0.7155496677226321, "learning_rate": 0.35183851187400567, "max_bin_exp": 9.247928021928267, "max_depth": 5.041973768390946, "n_estimators": 2606.5266549441994, "reg_alpha": 2.6403569233897515, "reg_lambda": 1.772905605086323}, "datetime": {"datetime": "2024-02-19 16:20:50", "elapsed": 1022.618867, "delta": 4.497859}}
{"target": -0.8569853210520022, "params": {"colsample_bytree": 0.2, "learning_rate": 0.5, "max_bin_exp": 10.0, "max_depth": 3.267231982596841, "n_estimators": 2595.1816144956024, "reg_alpha": 0.0, "reg_lambda": 1.188124556529692}, "datetime": {"datetime": "2024-02-19 16:20:53", "elapsed": 1025.612644, "delta": 2.993777}}
{"target": -0.6284646014308204, "params": {"colsample_bytree": 0.7271598407983331, "learning_rate": 0.33271612206862294, "max_bin_exp": 9.701603591288665, "max_depth": 5.907726112037282, "n_estimators": 2599.8018746800126, "reg_alpha": 1.9883741911297406, "reg_lambda": 2.8910925506998835}, "datetime": {"datetime": "2024-02-19 16:20:56", "elapsed": 1028.551807, "delta": 2.939163}}
{"target": -0.647546682685602, "params": {"colsample_bytree": 0.6416522894638661, "learning_rate": 0.08418009621020597, "max_bin_exp": 7.914289033940072, "max_depth": 3.9986779316817196, "n_estimators": 2607.629560737123, "reg_alpha": 2.4402485410986934, "reg_lambda": 1.0266423688998398}, "datetime": {"datetime": "2024-02-19 16:20:58", "elapsed": 1030.882004, "delta": 2.330197}}
{"target": -0.7173607051112287, "params": {"colsample_bytree": 0.4191325611721249, "learning_rate": 0.218765903003438, "max_bin_exp": 9.041263419600478, "max_depth": 5.246200494466983, "n_estimators": 2608.617540768312, "reg_alpha": 1.2566014481729382, "reg_lambda": 0.4984551048431043}, "datetime": {"datetime": "2024-02-19 16:21:02", "elapsed": 1034.210773, "delta": 3.328769}}
{"target": -0.728401203664776, "params": {"colsample_bytree": 1.0, "learning_rate": 0.5, "max_bin_exp": 7.398970665506124, "max_depth": 4.0191382040098045, "n_estimators": 4513.111454757424, "reg_alpha": 3.0, "reg_lambda": 3.0}, "datetime": {"datetime": "2024-02-19 16:21:06", "elapsed": 1038.715452, "delta": 4.504679}}
{"target": -0.7494651323475753, "params": {"colsample_bytree": 0.5311454499563169, "learning_rate": 0.09537013337839909, "max_bin_exp": 9.179361530596132, "max_depth": 2.945767590817592, "n_estimators": 2607.826785405007, "reg_alpha": 2.2237658726988863, "reg_lambda": 2.181844738662404}, "datetime": {"datetime": "2024-02-19 16:21:08", "elapsed": 1040.84456, "delta": 2.129108}}
{"target": -0.6155329694370879, "params": {"colsample_bytree": 0.8281675044158228, "learning_rate": 0.0837718779535659, "max_bin_exp": 8.323523618610249, "max_depth": 4.422409921760368, "n_estimators": 2608.9061052925117, "reg_alpha": 2.787083159223836, "reg_lambda": 2.545096770785734}, "datetime": {"datetime": "2024-02-19 16:21:11", "elapsed": 1043.386472, "delta": 2.541912}}
{"target": -0.8885806315427847, "params": {"colsample_bytree": 0.21195903466693677, "learning_rate": 0.38761641375783157, "max_bin_exp": 7.694219421840702, "max_depth": 5.093551369235326, "n_estimators": 2607.1997000670417, "reg_alpha": 1.128416448232064, "reg_lambda": 0.72222675940205}, "datetime": {"datetime": "2024-02-19 16:21:13", "elapsed": 1046.101427, "delta": 2.714955}}
{"target": -3.0985489241760824, "params": {"colsample_bytree": 1.0, "learning_rate": 0.001, "max_bin_exp": 7.061735673928123, "max_depth": 3.693577894616381, "n_estimators": 2590.944565704165, "reg_alpha": 1.1184141679309887, "reg_lambda": 0.50950846553288}, "datetime": {"datetime": "2024-02-19 16:21:16", "elapsed": 1048.241813, "delta": 2.140386}}
{"target": -0.756387167030441, "params": {"colsample_bytree": 0.9411160546584447, "learning_rate": 0.44089651795800355, "max_bin_exp": 7.489228625721378, "max_depth": 3.0607651631404167, "n_estimators": 4502.132641091975, "reg_alpha": 0.6839507268488744, "reg_lambda": 2.117296884043737}, "datetime": {"datetime": "2024-02-19 16:21:20", "elapsed": 1052.875143, "delta": 4.63333}}
{"target": -0.739730844656171, "params": {"colsample_bytree": 0.9103047648824354, "learning_rate": 0.16511769622848368, "max_bin_exp": 5.926160713134671, "max_depth": 3.1732635498872552, "n_estimators": 2603.8030693649644, "reg_alpha": 0.3392410116856561, "reg_lambda": 0.10366681091280405}, "datetime": {"datetime": "2024-02-19 16:21:23", "elapsed": 1055.196791, "delta": 2.321648}}
{"target": -0.6832913125790813, "params": {"colsample_bytree": 1.0, "learning_rate": 0.5, "max_bin_exp": 10.0, "max_depth": 3.8092293204605414, "n_estimators": 2605.6991708391406, "reg_alpha": 1.8993134774018177, "reg_lambda": 2.8861399081074657}, "datetime": {"datetime": "2024-02-19 16:21:25", "elapsed": 1057.52991, "delta": 2.333119}}
{"target": -0.6819365701339233, "params": {"colsample_bytree": 1.0, "learning_rate": 0.5, "max_bin_exp": 9.718578227765732, "max_depth": 4.415532734456695, "n_estimators": 4509.3239821934985, "reg_alpha": 3.0, "reg_lambda": 0.6801877576330946}, "datetime": {"datetime": "2024-02-19 16:21:30", "elapsed": 1062.866102, "delta": 5.336192}}
{"target": -0.763495986000765, "params": {"colsample_bytree": 0.4022295118355452, "learning_rate": 0.2687506565923946, "max_bin_exp": 6.8476664293393785, "max_depth": 4.706522761937469, "n_estimators": 2192.912070020129, "reg_alpha": 0.6034921416967377, "reg_lambda": 0.20105136807017332}, "datetime": {"datetime": "2024-02-19 16:21:33", "elapsed": 1065.294272, "delta": 2.42817}}
{"target": -0.6142979808100871, "params": {"colsample_bytree": 0.8597289392912879, "learning_rate": 0.3353303624819989, "max_bin_exp": 9.38727412317973, "max_depth": 4.524233720060579, "n_estimators": 2568.0096318644346, "reg_alpha": 2.7309589535590293, "reg_lambda": 2.9642507642356186}, "datetime": {"datetime": "2024-02-19 16:21:36", "elapsed": 1068.186154, "delta": 2.891882}}
{"target": -0.7000713595486111, "params": {"colsample_bytree": 0.5434407242429165, "learning_rate": 0.32460545588647677, "max_bin_exp": 7.751614909830452, "max_depth": 3.1029386931450613, "n_estimators": 2606.419292687876, "reg_alpha": 0.8424738145895045, "reg_lambda": 2.5890842802104066}, "datetime": {"datetime": "2024-02-19 16:21:38", "elapsed": 1070.245743, "delta": 2.059589}}
{"target": -0.6961509369965001, "params": {"colsample_bytree": 0.842366207368783, "learning_rate": 0.27144086736991524, "max_bin_exp": 7.207643357058823, "max_depth": 3.86436213224166, "n_estimators": 2600.215675815489, "reg_alpha": 2.9903826697714493, "reg_lambda": 0.37568642333314384}, "datetime": {"datetime": "2024-02-19 16:21:40", "elapsed": 1072.811005, "delta": 2.565262}}
{"target": -1.3062087969985874, "params": {"colsample_bytree": 0.9534899423388947, "learning_rate": 0.0028985926201669874, "max_bin_exp": 9.948358217947959, "max_depth": 4.854403922625391, "n_estimators": 2595.3778870269266, "reg_alpha": 1.6139903020528894, "reg_lambda": 0.6045174541389892}, "datetime": {"datetime": "2024-02-19 16:21:43", "elapsed": 1076.037733, "delta": 3.226728}}
{"target": -1.4265411286428908, "params": {"colsample_bytree": 1.0, "learning_rate": 0.001, "max_bin_exp": 7.185610974307048, "max_depth": 4.527613425965948, "n_estimators": 4512.871568448062, "reg_alpha": 0.0, "reg_lambda": 3.0}, "datetime": {"datetime": "2024-02-19 16:21:49", "elapsed": 1081.405009, "delta": 5.367276}}
{"target": -0.8837321642155131, "params": {"colsample_bytree": 0.22977960563534972, "learning_rate": 0.30426550628792115, "max_bin_exp": 8.178927747917918, "max_depth": 3.479011562077315, "n_estimators": 2605.884520456167, "reg_alpha": 2.3621693447322745, "reg_lambda": 2.568224598761621}, "datetime": {"datetime": "2024-02-19 16:21:51", "elapsed": 1083.550691, "delta": 2.145682}}
{"target": -0.7099381353173552, "params": {"colsample_bytree": 0.42947065959645186, "learning_rate": 0.47338566442174185, "max_bin_exp": 6.349951115134302, "max_depth": 3.824770251675566, "n_estimators": 2564.011647574147, "reg_alpha": 2.4983444791506564, "reg_lambda": 2.9506309780972924}, "datetime": {"datetime": "2024-02-19 16:21:53", "elapsed": 1085.735237, "delta": 2.184546}}
{"target": -0.7388470977548257, "params": {"colsample_bytree": 0.38078011375823967, "learning_rate": 0.44097917176747026, "max_bin_exp": 9.863445872819407, "max_depth": 2.9829493634728577, "n_estimators": 2567.5622845593034, "reg_alpha": 2.640793162577748, "reg_lambda": 2.4392148117077834}, "datetime": {"datetime": "2024-02-19 16:21:55", "elapsed": 1088.09848, "delta": 2.363243}}
{"target": -0.6372265728129415, "params": {"colsample_bytree": 0.987409604489548, "learning_rate": 0.07336440259878482, "max_bin_exp": 9.061235730785496, "max_depth": 3.059180782317365, "n_estimators": 2061.1057798802062, "reg_alpha": 1.720284947384048, "reg_lambda": 0.49524498630009084}, "datetime": {"datetime": "2024-02-19 16:21:58", "elapsed": 1090.417099, "delta": 2.318619}}
{"target": -0.7275412730527601, "params": {"colsample_bytree": 0.37662934147029825, "learning_rate": 0.446721386969474, "max_bin_exp": 7.788653896770519, "max_depth": 2.8836639185583737, "n_estimators": 2605.190112795596, "reg_alpha": 0.10217620356031332, "reg_lambda": 1.1329614773402576}, "datetime": {"datetime": "2024-02-19 16:22:00", "elapsed": 1093.07067, "delta": 2.653571}}
{"target": -0.7768830036318561, "params": {"colsample_bytree": 0.40092649387156354, "learning_rate": 0.4161197424538231, "max_bin_exp": 8.602014130635121, "max_depth": 5.867975174780935, "n_estimators": 2599.0568977400235, "reg_alpha": 0.23904870953612756, "reg_lambda": 1.1806028548888372}, "datetime": {"datetime": "2024-02-19 16:22:04", "elapsed": 1096.454615, "delta": 3.383945}}
{"target": -0.602664314835658, "params": {"colsample_bytree": 0.7417702183698445, "learning_rate": 0.1689344608505471, "max_bin_exp": 9.799317863761132, "max_depth": 4.798032666077841, "n_estimators": 2608.103363034888, "reg_alpha": 1.7578504823321124, "reg_lambda": 2.619008823935121}, "datetime": {"datetime": "2024-02-19 16:22:06", "elapsed": 1099.15992, "delta": 2.705305}}
{"target": -1.7789052603401598, "params": {"colsample_bytree": 0.6945513360570204, "learning_rate": 0.2650616078392218, "max_bin_exp": 8.659740693727988, "max_depth": 1.8655394618265237, "n_estimators": 2564.9413984439443, "reg_alpha": 0.8176760284328919, "reg_lambda": 1.9923750129346804}, "datetime": {"datetime": "2024-02-19 16:22:08", "elapsed": 1100.951219, "delta": 1.791299}}
{"target": -0.6539014680481993, "params": {"colsample_bytree": 0.9894299858832674, "learning_rate": 0.31948462800577837, "max_bin_exp": 8.691063793974218, "max_depth": 4.296993047130049, "n_estimators": 4511.56179847111, "reg_alpha": 2.9938334730140883, "reg_lambda": 2.605705697735091}, "datetime": {"datetime": "2024-02-19 16:22:13", "elapsed": 1105.983527, "delta": 5.032308}}
{"target": -0.6194261362251354, "params": {"colsample_bytree": 0.9347396759148345, "learning_rate": 0.12094974710257643, "max_bin_exp": 9.803777452369143, "max_depth": 3.3066144908703663, "n_estimators": 2607.2551922093708, "reg_alpha": 2.527439454006084, "reg_lambda": 0.20211700320602521}, "datetime": {"datetime": "2024-02-19 16:22:16", "elapsed": 1108.198635, "delta": 2.215108}}
{"target": -0.617761173046875, "params": {"colsample_bytree": 0.7859672677905962, "learning_rate": 0.15881928694031575, "max_bin_exp": 8.380470835283168, "max_depth": 4.576204646841202, "n_estimators": 2609.5881567951246, "reg_alpha": 0.16072530459613343, "reg_lambda": 1.7560319848308268}, "datetime": {"datetime": "2024-02-19 16:22:18", "elapsed": 1110.793988, "delta": 2.595353}}
{"target": -0.6086303360860994, "params": {"colsample_bytree": 0.8882329826192037, "learning_rate": 0.033256901412756314, "max_bin_exp": 7.821600441504919, "max_depth": 5.87739692341483, "n_estimators": 2608.5351418378314, "reg_alpha": 2.3345427999551087, "reg_lambda": 1.1912193378016251}, "datetime": {"datetime": "2024-02-19 16:22:21", "elapsed": 1113.619615, "delta": 2.825627}}
{"target": -0.7829269386709095, "params": {"colsample_bytree": 0.35519243445286863, "learning_rate": 0.39806607920037357, "max_bin_exp": 7.552625303212793, "max_depth": 4.565905520062443, "n_estimators": 2611.2369499522824, "reg_alpha": 0.8875731016379135, "reg_lambda": 2.1231219898741562}, "datetime": {"datetime": "2024-02-19 16:22:24", "elapsed": 1116.239468, "delta": 2.619853}}
{"target": -0.854819155763374, "params": {"colsample_bytree": 0.20446201112812715, "learning_rate": 0.30602702946812127, "max_bin_exp": 9.949208061967312, "max_depth": 4.126509393084536, "n_estimators": 2609.008863035699, "reg_alpha": 0.5072067772008436, "reg_lambda": 2.9681305135586618}, "datetime": {"datetime": "2024-02-19 16:22:28", "elapsed": 1120.845522, "delta": 4.606054}}
{"target": -0.9724354279866997, "params": {"colsample_bytree": 0.9579705457792407, "learning_rate": 0.2417474934806822, "max_bin_exp": 8.573426653573023, "max_depth": 1.2967058659432116, "n_estimators": 4508.807028185048, "reg_alpha": 2.9216047993022953, "reg_lambda": 0.17287725415714006}, "datetime": {"datetime": "2024-02-19 16:22:32", "elapsed": 1124.308059, "delta": 3.462537}}
{"target": -0.6661977620488686, "params": {"colsample_bytree": 0.8369850367181959, "learning_rate": 0.3427837941435125, "max_bin_exp": 8.964851059484683, "max_depth": 5.924526770092015, "n_estimators": 4516.333655367894, "reg_alpha": 2.9313924897846517, "reg_lambda": 2.8791620729362437}, "datetime": {"datetime": "2024-02-19 16:22:37", "elapsed": 1129.957342, "delta": 5.649283}}
{"target": -0.6846917187844831, "params": {"colsample_bytree": 0.4611877409570244, "learning_rate": 0.2870959580966924, "max_bin_exp": 9.412125334540042, "max_depth": 3.1409641014243013, "n_estimators": 2606.5880058077655, "reg_alpha": 0.21272092223939254, "reg_lambda": 0.6199082726704856}, "datetime": {"datetime": "2024-02-19 16:22:40", "elapsed": 1132.312847, "delta": 2.355505}}
{"target": -2.5790960597590042, "params": {"colsample_bytree": 0.2836079324122091, "learning_rate": 0.3260725217236775, "max_bin_exp": 9.379098077271731, "max_depth": 1.426773841322119, "n_estimators": 2605.907981452368, "reg_alpha": 2.6127749148514487, "reg_lambda": 0.19415428840111515}, "datetime": {"datetime": "2024-02-19 16:22:42", "elapsed": 1134.566435, "delta": 2.253588}}
{"target": -0.6458216506333863, "params": {"colsample_bytree": 0.9899940225374233, "learning_rate": 0.13832445451197192, "max_bin_exp": 8.98117997714336, "max_depth": 3.50588363091578, "n_estimators": 2608.331702148309, "reg_alpha": 0.35767390533454246, "reg_lambda": 1.086443223594363}, "datetime": {"datetime": "2024-02-19 16:22:44", "elapsed": 1136.830442, "delta": 2.264007}}
{"target": -0.6001906251383003, "params": {"colsample_bytree": 0.7660420978535434, "learning_rate": 0.08057295350802009, "max_bin_exp": 9.317305758733392, "max_depth": 4.504035830400202, "n_estimators": 2066.266437131095, "reg_alpha": 2.944888736139989, "reg_lambda": 2.883675404374069}, "datetime": {"datetime": "2024-02-19 16:22:48", "elapsed": 1140.509186, "delta": 3.678744}}
{"target": -0.6546773124335165, "params": {"colsample_bytree": 0.7462686648421022, "learning_rate": 0.13397475553045282, "max_bin_exp": 8.508185731879909, "max_depth": 3.8280769517803566, "n_estimators": 2610.7371873640764, "reg_alpha": 1.216426394865092, "reg_lambda": 0.1467461007027251}, "datetime": {"datetime": "2024-02-19 16:22:51", "elapsed": 1143.27974, "delta": 2.770554}}
