{"target": -0.021987860617610974, "params": {"u": 8.307860884089848, "v": 3.646908635743147, "w": 5.02664113712939, "x": 7.167783608148298, "y": 3.1918228671570383}, "datetime": {"datetime": "2024-02-25 10:08:39", "elapsed": 1024.269243, "delta": 3.277025}}
{"target": 0.9254359620943002, "params": {"u": 6.338187332258505, "v": 1.3590423435055716, "w": 9.869978501382803, "x": 1.6507966110585077, "y": 4.024421217221463}, "datetime": {"datetime": "2024-02-25 10:08:46", "elapsed": 1030.815077, "delta": 6.545834}}
{"target": 0.010677537184595118, "params": {"u": 1.2367266488593778, "v": 1.5990937110288495, "w": 4.530835329691008, "x": 2.4821704666431668, "y": 3.708598593062623}, "datetime": {"datetime": "2024-02-25 10:08:51", "elapsed": 1036.106868, "delta": 5.291791}}
{"target": 0.019106053822472532, "params": {"u": 11.342992448239087, "v": 4.642900850827633, "w": 2.0796124851228233, "x": 4.69626064845427, "y": 0.24516984220406576}, "datetime": {"datetime": "2024-02-25 10:08:55", "elapsed": 1040.102717, "delta": 3.995849}}
{"target": -0.06611042233875301, "params": {"u": 7.551871316496028, "v": 9.619559156597312, "w": 11.223606962689693, "x": 4.886366029483851, "y": 2.074578981694454}, "datetime": {"datetime": "2024-02-25 10:08:59", "elapsed": 1043.897064, "delta": 3.794347}}
{"target": 0.20329441088287056, "params": {"u": 7.5371297411499505, "v": 1.2205766048948399, "w": 11.80542045797916, "x": 2.521173439321152, "y": 3.11081185194359}, "datetime": {"datetime": "2024-02-25 10:09:03", "elapsed": 1047.597073, "delta": 3.700009}}
{"target": 0.04819030271311459, "params": {"u": 3.0896883708608374, "v": 2.1393280286501586, "w": 5.8755897321087005, "x": 5.813677518434294, "y": 0.6424041215290669}, "datetime": {"datetime": "2024-02-25 10:09:06", "elapsed": 1050.452068, "delta": 2.854995}}
{"target": 0.29097512883102306, "params": {"u": 7.7805444176989855, "v": 2.037250122176178, "w": 11.930482938209662, "x": 1.4232815012456228, "y": 3.2707158457166843}, "datetime": {"datetime": "2024-02-25 10:09:09", "elapsed": 1054.181629, "delta": 3.729561}}
{"target": 0.5273556476436524, "params": {"u": 7.249563855788605, "v": 2.84271722562986, "w": 10.340626194114122, "x": 2.4572418441837827, "y": 2.2541688371260378}, "datetime": {"datetime": "2024-02-25 10:09:12", "elapsed": 1057.265544, "delta": 3.083915}}
{"target": 0.3685074110788592, "params": {"u": 6.606666289558301, "v": 1.1044872078703882, "w": 9.345280506149527, "x": 2.406368185503381, "y": 3.1541930820822865}, "datetime": {"datetime": "2024-02-25 10:09:17", "elapsed": 1061.417051, "delta": 4.151507}}
{"target": 0.9243997501020188, "params": {"u": 8.351755477292386, "v": 2.4094563991968014, "w": 9.783553203317297, "x": 1.6608199931667262, "y": 3.903140633284262}, "datetime": {"datetime": "2024-02-25 10:09:22", "elapsed": 1066.915455, "delta": 5.498404}}
{"target": 0.052163820245228074, "params": {"u": 4.980358545105306, "v": 9.870260110137485, "w": 7.209047939395539, "x": 3.72202901628371, "y": 0.4709214019601443}, "datetime": {"datetime": "2024-02-25 10:09:24", "elapsed": 1069.221236, "delta": 2.305781}}
{"target": 0.7813202004995337, "params": {"u": 6.530573331976278, "v": 2.5877235548919093, "w": 11.53949721351583, "x": 1.8563293219207297, "y": 3.288851851296549}, "datetime": {"datetime": "2024-02-25 10:09:29", "elapsed": 1073.515485, "delta": 4.294249}}
{"target": 0.9047907362060371, "params": {"u": 6.935487302471008, "v": 1.346324211975852, "w": 9.679330663165024, "x": 1.6191242333832623, "y": 4.014699712552993}, "datetime": {"datetime": "2024-02-25 10:09:33", "elapsed": 1077.527122, "delta": 4.011637}}
{"target": 0.4498172123148395, "params": {"u": 8.498116188420472, "v": 2.451782335640574, "w": 10.753094283021284, "x": 1.726510357957037, "y": 2.9438609853092945}, "datetime": {"datetime": "2024-02-25 10:09:42", "elapsed": 1087.141512, "delta": 9.61439}}
{"target": -0.019888070835397512, "params": {"u": 7.2533556017637455, "v": 3.2420168879469604, "w": 11.912243608747673, "x": 2.0919788705647733, "y": 2.733315552852464}, "datetime": {"datetime": "2024-02-25 10:09:47", "elapsed": 1092.219907, "delta": 5.078395}}
{"target": -0.09200186427664479, "params": {"u": 10.752490786010197, "v": 2.611358410165217, "w": 5.607283437993369, "x": 1.2805900481112007, "y": 0.9234589016713738}, "datetime": {"datetime": "2024-02-25 10:09:51", "elapsed": 1095.346452, "delta": 3.126545}}
{"target": 0.046809039278681665, "params": {"u": 12.392200121983457, "v": 5.128565282747273, "w": 4.274488604937306, "x": 3.3970711314526554, "y": 1.4972557591207756}, "datetime": {"datetime": "2024-02-25 10:09:54", "elapsed": 1098.958078, "delta": 3.611626}}
{"target": 0.2715391190909246, "params": {"u": 6.8917420394671804, "v": 2.017709931718905, "w": 11.840801403702617, "x": 1.3371587400173843, "y": 3.5107372660545484}, "datetime": {"datetime": "2024-02-25 10:09:58", "elapsed": 1103.329915, "delta": 4.371837}}
{"target": 0.05143709811806462, "params": {"u": 9.187349083731135, "v": 10.558401258085448, "w": 10.73677376734676, "x": 7.036183234605248, "y": 0.49041422751932784}, "datetime": {"datetime": "2024-02-25 10:10:02", "elapsed": 1106.876059, "delta": 3.546144}}
{"target": -0.007349258977812662, "params": {"u": 10.992481189594313, "v": 7.6910967331685445, "w": 3.399679683038415, "x": 5.715468136791979, "y": 3.038224071524035}, "datetime": {"datetime": "2024-02-25 10:10:04", "elapsed": 1109.199938, "delta": 2.323879}}
{"target": 0.08937270715984652, "params": {"u": 7.790545373151138, "v": 7.594364612623132, "w": 11.354212636905778, "x": 7.019632245628929, "y": 3.6699070395045754}, "datetime": {"datetime": "2024-02-25 10:10:07", "elapsed": 1111.974398, "delta": 2.77446}}
{"target": 0.03805030301461446, "params": {"u": 2.0286284826259817, "v": 3.7226045624882738, "w": 12.782684352674117, "x": 6.149199675756121, "y": 2.354959949160594}, "datetime": {"datetime": "2024-02-25 10:10:10", "elapsed": 1114.434106, "delta": 2.459708}}
{"target": 0.6139796893266375, "params": {"u": 7.3144124932329575, "v": 2.131685538431598, "w": 10.307079926889822, "x": 2.318536300166518, "y": 2.5838997589427817}, "datetime": {"datetime": "2024-02-25 10:10:15", "elapsed": 1120.185327, "delta": 5.751221}}
{"target": 0.019102387761740117, "params": {"u": 8.449581430105336, "v": 9.015968231003887, "w": 3.436587434758082, "x": 2.1111690283887863, "y": 2.406803834039491}, "datetime": {"datetime": "2024-02-25 10:10:17", "elapsed": 1121.888029, "delta": 1.702702}}
{"target": 0.3495552336702243, "params": {"u": 7.397186045920275, "v": 1.371384239667969, "w": 10.61687133328153, "x": 2.7846069616214097, "y": 2.770177003306948}, "datetime": {"datetime": "2024-02-25 10:10:19", "elapsed": 1124.015267, "delta": 2.127238}}
{"target": 0.533349048597973, "params": {"u": 6.248737198139391, "v": 2.561782708098941, "w": 11.259005214627615, "x": 2.374541678538966, "y": 2.3372574974295466}, "datetime": {"datetime": "2024-02-25 10:10:23", "elapsed": 1127.700178, "delta": 3.684911}}
{"target": 0.1342045877037619, "params": {"u": 6.266784845674563, "v": 1.070271522599474, "w": 8.102740249840895, "x": 5.180806978795093, "y": 0.9924584072879536}, "datetime": {"datetime": "2024-02-25 10:10:24", "elapsed": 1129.30207, "delta": 1.601892}}
{"target": 0.3965615299174383, "params": {"u": 8.17109233131945, "v": 1.9958295235915497, "w": 11.237844962128094, "x": 2.5776161964874444, "y": 1.7304838837791165}, "datetime": {"datetime": "2024-02-25 10:10:29", "elapsed": 1133.66693, "delta": 4.36486}}
{"target": 0.861368070141134, "params": {"u": 6.3472361459678694, "v": 2.4818151260821435, "w": 11.43473069856784, "x": 1.6423338092096613, "y": 3.7185725117293966}, "datetime": {"datetime": "2024-02-25 10:10:36", "elapsed": 1141.179225, "delta": 7.512295}}
{"target": 0.16701910911652418, "params": {"u": 5.859099369383188, "v": 2.0489886080771194, "w": 11.313692885372372, "x": 2.0673647748722654, "y": 1.7662646802064883}, "datetime": {"datetime": "2024-02-25 10:10:40", "elapsed": 1144.611583, "delta": 3.432358}}
{"target": 0.7180879910786645, "params": {"u": 6.361575781442708, "v": 2.641602912130448, "w": 9.604257963568172, "x": 2.231532264580742, "y": 4.980442526700919}, "datetime": {"datetime": "2024-02-25 10:10:46", "elapsed": 1150.914087, "delta": 6.302504}}
{"target": 0.4433207412678538, "params": {"u": 7.073985509833808, "v": 1.9250453417916553, "w": 10.6674859350764, "x": 2.65203478243334, "y": 1.8330543651934923}, "datetime": {"datetime": "2024-02-25 10:10:53", "elapsed": 1157.668096, "delta": 6.754009}}
{"target": 0.6255320057750219, "params": {"u": 6.338653976158415, "v": 2.9261426431715085, "w": 9.835561883133199, "x": 1.4566215573608925, "y": 3.862777092708384}, "datetime": {"datetime": "2024-02-25 10:11:00", "elapsed": 1164.998952, "delta": 7.330856}}
{"target": 0.5773749029678279, "params": {"u": 6.970055843854624, "v": 1.5275987251292729, "w": 9.800436774682357, "x": 2.2762323383547645, "y": 2.527574346173257}, "datetime": {"datetime": "2024-02-25 10:11:05", "elapsed": 1169.562666, "delta": 4.563714}}
{"target": -0.01574334573169247, "params": {"u": 2.7801406921790255, "v": 11.365371938735716, "w": 3.155072388452312, "x": 7.619265718037941, "y": 2.622996029696935}, "datetime": {"datetime": "2024-02-25 10:11:08", "elapsed": 1172.53893, "delta": 2.976264}}
{"target": 0.458834842798981, "params": {"u": 6.9876554545330745, "v": 1.2416406564569118, "w": 10.27488718622359, "x": 2.5768193529252423, "y": 1.9492441298967382}, "datetime": {"datetime": "2024-02-25 10:11:13", "elapsed": 1178.264525, "delta": 5.725595}}
{"target": 0.7745612507884737, "params": {"u": 8.006089266160288, "v": 2.3547144095551564, "w": 9.415242203372411, "x": 1.8288729744135241, "y": 4.6943471012874864}, "datetime": {"datetime": "2024-02-25 10:11:17", "elapsed": 1182.332895, "delta": 4.06837}}
{"target": 0.6931514079843278, "params": {"u": 6.8312765590622515, "v": 1.0752168984429087, "w": 10.297205177480352, "x": 1.8978025076241014, "y": 3.1024377024933956}, "datetime": {"datetime": "2024-02-25 10:11:22", "elapsed": 1186.754729, "delta": 4.421834}}
{"target": -0.17333403428067043, "params": {"u": 6.218876979739283, "v": 3.100645681843815, "w": 11.674659498579453, "x": 1.2312189811031442, "y": 3.8253463179932026}, "datetime": {"datetime": "2024-02-25 10:11:28", "elapsed": 1192.927822, "delta": 6.173093}}
{"target": -0.14226823935373437, "params": {"u": 6.97485303953124, "v": 3.035041392111137, "w": 11.01903315850613, "x": 2.16698757850532, "y": 1.9425775657081423}, "datetime": {"datetime": "2024-02-25 10:11:33", "elapsed": 1197.689879, "delta": 4.762057}}
{"target": 0.7972547761370391, "params": {"u": 6.529202825884573, "v": 1.0537934610434792, "w": 9.836988977591998, "x": 1.895491076155826, "y": 3.594640353302088}, "datetime": {"datetime": "2024-02-25 10:11:36", "elapsed": 1201.191351, "delta": 3.501472}}
{"target": 0.04000316929028102, "params": {"u": 12.762636683192273, "v": 5.098079658279929, "w": 7.662749699403769, "x": 3.7495800243207515, "y": 1.4673466891641866}, "datetime": {"datetime": "2024-02-25 10:11:40", "elapsed": 1204.380787, "delta": 3.189436}}
{"target": -0.09383868275259609, "params": {"u": 5.895058386981379, "v": 2.28001836957399, "w": 11.801024710479751, "x": 1.990544023265383, "y": 2.836744141505352}, "datetime": {"datetime": "2024-02-25 10:11:44", "elapsed": 1209.308392, "delta": 4.927605}}
{"target": -0.411489622860716, "params": {"u": 7.703244630966953, "v": 1.9920936900831596, "w": 11.738051850882274, "x": 3.328063191432605, "y": 2.7638199595875412}, "datetime": {"datetime": "2024-02-25 10:11:48", "elapsed": 1212.93383, "delta": 3.625438}}
{"target": -0.029413222457399052, "params": {"u": 9.898944739523516, "v": 10.311327551508398, "w": 12.789930206308998, "x": 3.892209370561445, "y": 4.307185481700493}, "datetime": {"datetime": "2024-02-25 10:11:50", "elapsed": 1215.329381, "delta": 2.395551}}
{"target": -0.04915893542307786, "params": {"u": 8.598318543259658, "v": 3.7167077796355117, "w": 3.8541885604015516, "x": 3.410375903635468, "y": 3.8793760648624898}, "datetime": {"datetime": "2024-02-25 10:11:53", "elapsed": 1218.215588, "delta": 2.886207}}
{"target": 0.3589895707474932, "params": {"u": 7.631806388835601, "v": 12.371712198662806, "w": 7.850081573437723, "x": 3.8465919235677806, "y": 3.343408448503154}, "datetime": {"datetime": "2024-02-25 10:11:57", "elapsed": 1221.428679, "delta": 3.213091}}
{"target": 0.5670585557984611, "params": {"u": 6.4786703606517015, "v": 1.5247483491256686, "w": 11.163712878589433, "x": 1.5810940233673412, "y": 3.3924652427201027}, "datetime": {"datetime": "2024-02-25 10:12:03", "elapsed": 1227.736579, "delta": 6.3079}}
{"target": -0.02776715481289718, "params": {"u": 2.3452143735902697, "v": 6.368940374532725, "w": 8.633226421592642, "x": 7.700253031724084, "y": 3.8308013539746253}, "datetime": {"datetime": "2024-02-25 10:12:06", "elapsed": 1230.927828, "delta": 3.191249}}
{"target": 0.7411468755899622, "params": {"u": 8.18395278747232, "v": 1.466549333387888, "w": 11.186544005548923, "x": 2.0788383430180195, "y": 3.0433603648556815}, "datetime": {"datetime": "2024-02-25 10:12:13", "elapsed": 1237.386361, "delta": 6.458533}}
{"target": -0.037321363494770075, "params": {"u": 5.904403435886529, "v": 4.916704444110872, "w": 6.13882783649781, "x": 3.6724876853895188, "y": 3.4337073907863713}, "datetime": {"datetime": "2024-02-25 10:12:17", "elapsed": 1241.573836, "delta": 4.187475}}
{"target": 0.9052068190302602, "params": {"u": 6.523952464737875, "v": 1.9166190086466932, "w": 10.133079321212406, "x": 1.6565889752108818, "y": 3.8083355128995264}, "datetime": {"datetime": "2024-02-25 10:12:25", "elapsed": 1249.674696, "delta": 8.10086}}
{"target": -0.2256437063798162, "params": {"u": 11.306612517920955, "v": 12.814285651216183, "w": 8.007520531729677, "x": 3.2498565889393816, "y": 3.8017378658505487}, "datetime": {"datetime": "2024-02-25 10:12:29", "elapsed": 1253.799999, "delta": 4.125303}}
{"target": -0.08656332234212268, "params": {"u": 1.8321277618128136, "v": 12.255061512563175, "w": 8.052316820707954, "x": 0.8942060733246486, "y": 3.318544406335637}, "datetime": {"datetime": "2024-02-25 10:12:33", "elapsed": 1257.955644, "delta": 4.155645}}
{"target": 0.03950318962989938, "params": {"u": 5.366434852018749, "v": 6.505532719007736, "w": 1.8604449197940842, "x": 4.487238441962578, "y": 0.13546722651128387}, "datetime": {"datetime": "2024-02-25 10:12:39", "elapsed": 1264.102219, "delta": 6.146575}}
{"target": 0.3335149947218299, "params": {"u": 7.825764730777575, "v": 1.7480065046019533, "w": 11.492015616629258, "x": 2.023548439576688, "y": 2.188480686059102}, "datetime": {"datetime": "2024-02-25 10:12:45", "elapsed": 1270.234197, "delta": 6.131978}}
{"target": 0.5749772548711327, "params": {"u": 7.664621174806375, "v": 2.580118387988734, "w": 11.253621947086781, "x": 2.423285361855137, "y": 2.4106554931686213}, "datetime": {"datetime": "2024-02-25 10:12:49", "elapsed": 1273.649425, "delta": 3.415228}}
{"target": 0.16289570568024933, "params": {"u": 5.832502597606892, "v": 2.411785224628835, "w": 9.67004154097504, "x": 2.000236377927682, "y": 4.911799563173844}, "datetime": {"datetime": "2024-02-25 10:13:00", "elapsed": 1284.643707, "delta": 10.994282}}
{"target": 0.10399033646215831, "params": {"u": 8.674282361659072, "v": 12.135210457851196, "w": 2.1707339077913783, "x": 2.201364483020197, "y": 3.3529351866636294}, "datetime": {"datetime": "2024-02-25 10:13:02", "elapsed": 1287.227633, "delta": 2.583926}}
{"target": 0.07738146821229672, "params": {"u": 3.064534868723431, "v": 9.646973815085884, "w": 11.687101396566732, "x": 0.7158171798577588, "y": 4.563264177372223}, "datetime": {"datetime": "2024-02-25 10:13:06", "elapsed": 1291.313544, "delta": 4.085911}}
{"target": 0.39922477488856145, "params": {"u": 8.662146077224943, "v": 2.6029321594674264, "w": 11.169280151580999, "x": 2.6285070680305305, "y": 1.6916996792215018}, "datetime": {"datetime": "2024-02-25 10:13:14", "elapsed": 1298.996476, "delta": 7.682932}}
{"target": 0.5142264701717374, "params": {"u": 7.7291980513125385, "v": 1.156454129688702, "w": 11.421336840401029, "x": 1.6953391947051593, "y": 3.10667794618295}, "datetime": {"datetime": "2024-02-25 10:13:20", "elapsed": 1305.276027, "delta": 6.279551}}
{"target": -0.25263672077142413, "params": {"u": 7.89743412673096, "v": 3.1319565290287303, "w": 11.318529830151554, "x": 2.5358174626515897, "y": 1.559392835898946}, "datetime": {"datetime": "2024-02-25 10:13:27", "elapsed": 1311.718453, "delta": 6.442426}}
{"target": 0.5638234256636548, "params": {"u": 7.770985448803882, "v": 1.1888172657145946, "w": 11.648030296295387, "x": 2.7121850678639605, "y": 2.235896484560307}, "datetime": {"datetime": "2024-02-25 10:13:37", "elapsed": 1321.347263, "delta": 9.62881}}
{"target": 0.03150013514517771, "params": {"u": 4.828622454996967, "v": 2.250414659334543, "w": 6.681724299579219, "x": 7.600899781795069, "y": 2.9974805639424758}, "datetime": {"datetime": "2024-02-25 10:13:41", "elapsed": 1325.569377, "delta": 4.222114}}
{"target": 0.7639366477580997, "params": {"u": 8.15130272484239, "v": 2.12828705614048, "w": 11.18721779100212, "x": 1.758111659104747, "y": 3.3733694013610656}, "datetime": {"datetime": "2024-02-25 10:13:46", "elapsed": 1331.101088, "delta": 5.531711}}
{"target": 0.5011481518150803, "params": {"u": 6.170822528321583, "v": 2.453530021197643, "w": 11.10958148261453, "x": 1.3953964570370985, "y": 3.866159401212798}, "datetime": {"datetime": "2024-02-25 10:13:50", "elapsed": 1335.328229, "delta": 4.227141}}
{"target": 0.028656025377073045, "params": {"u": 9.441124242062012, "v": 11.736267800109363, "w": 4.0925463403707765, "x": 2.0297646358289887, "y": 2.7396931992579927}, "datetime": {"datetime": "2024-02-25 10:13:53", "elapsed": 1338.218323, "delta": 2.890094}}
{"target": 0.8758753167972404, "params": {"u": 6.154951051722441, "v": 2.239322227010308, "w": 11.293489311438998, "x": 1.8130721400080518, "y": 3.6193354056240663}, "datetime": {"datetime": "2024-02-25 10:13:59", "elapsed": 1344.212698, "delta": 5.994375}}
{"target": 0.6911115969489364, "params": {"u": 7.641513691703258, "v": 1.0678755686908135, "w": 9.5644197734165, "x": 1.4793825902245443, "y": 3.9801081591835996}, "datetime": {"datetime": "2024-02-25 10:14:07", "elapsed": 1352.046449, "delta": 7.833751}}
{"target": 0.005832450406233977, "params": {"u": 2.188916758059447, "v": 11.036941236344234, "w": 4.177237534554177, "x": 3.6625981185932974, "y": 1.801998641909477}, "datetime": {"datetime": "2024-02-25 10:14:11", "elapsed": 1355.696093, "delta": 3.649644}}
{"target": 0.12170824635368148, "params": {"u": 5.401157463608053, "v": 12.649479625081657, "w": 6.963217100697862, "x": 3.738097465866792, "y": 3.2639018880515738}, "datetime": {"datetime": "2024-02-25 10:14:15", "elapsed": 1360.155324, "delta": 4.459231}}
{"target": 0.08035052050483517, "params": {"u": 11.520434483808017, "v": 4.13950679431678, "w": 9.29206790505211, "x": 6.5182348900767915, "y": 1.9650943743801363}, "datetime": {"datetime": "2024-02-25 10:14:19", "elapsed": 1363.605559, "delta": 3.450235}}
{"target": 0.6084161498843415, "params": {"u": 7.523739725625921, "v": 1.0343370180058868, "w": 9.804435857964553, "x": 2.4789766991777045, "y": 2.8637095822265}, "datetime": {"datetime": "2024-02-25 10:14:23", "elapsed": 1367.388452, "delta": 3.782893}}
{"target": 0.47721196052373543, "params": {"u": 6.332429484402983, "v": 1.6389236831695104, "w": 10.121214180255802, "x": 3.2335141466389214, "y": 2.025259346084175}, "datetime": {"datetime": "2024-02-25 10:14:28", "elapsed": 1372.414421, "delta": 5.025969}}
{"target": 0.07144612734504656, "params": {"u": 10.807943101253445, "v": 7.791046684852098, "w": 9.883523063049545, "x": 5.115475980134408, "y": 4.7046820013027375}, "datetime": {"datetime": "2024-02-25 10:14:30", "elapsed": 1375.327466, "delta": 2.913045}}
{"target": -0.0016059511034487311, "params": {"u": 2.580559843116378, "v": 11.584315372219114, "w": 1.0543603862736561, "x": 7.314345908564181, "y": 3.2084353741389067}, "datetime": {"datetime": "2024-02-25 10:14:34", "elapsed": 1379.130431, "delta": 3.802965}}
{"target": -0.11143648381081053, "params": {"u": 7.1899152002659275, "v": 1.079110159307795, "w": 5.267048533217704, "x": 2.4646043096823402, "y": 0.9187228369135215}, "datetime": {"datetime": "2024-02-25 10:14:38", "elapsed": 1382.998581, "delta": 3.86815}}
{"target": -0.04025272469333075, "params": {"u": 11.427317818484527, "v": 10.898650893014075, "w": 3.5286390586508096, "x": 7.036459463596232, "y": 4.210395904011793}, "datetime": {"datetime": "2024-02-25 10:14:42", "elapsed": 1387.110663, "delta": 4.112082}}
{"target": 0.7888838369864588, "params": {"u": 7.5698478731819225, "v": 1.0690083732652722, "w": 11.689740528383044, "x": 1.867496645733184, "y": 3.6794615057253575}, "datetime": {"datetime": "2024-02-25 10:14:52", "elapsed": 1396.572471, "delta": 9.461808}}
{"target": 0.43705566295058385, "params": {"u": 7.9142415734693525, "v": 2.2740951697840597, "w": 10.993256201387235, "x": 1.8593359247770296, "y": 2.7091969486938066}, "datetime": {"datetime": "2024-02-25 10:14:56", "elapsed": 1400.634352, "delta": 4.061881}}
{"target": 0.5014030444985489, "params": {"u": 7.669768082753346, "v": 1.7924873475190264, "w": 9.04641453441759, "x": 1.713687113949789, "y": 4.944401621505445}, "datetime": {"datetime": "2024-02-25 10:15:00", "elapsed": 1404.667393, "delta": 4.033041}}
{"target": 0.035583304536689564, "params": {"u": 12.830260551838467, "v": 6.509579692084489, "w": 1.133269819186704, "x": 1.7460074629973046, "y": 1.2155209382221988}, "datetime": {"datetime": "2024-02-25 10:15:03", "elapsed": 1407.834242, "delta": 3.166849}}
{"target": -0.01821624972399676, "params": {"u": 1.3051527855913836, "v": 3.701171027233715, "w": 7.63835629826003, "x": 5.357913525023864, "y": 2.172952194714012}, "datetime": {"datetime": "2024-02-25 10:15:08", "elapsed": 1412.677406, "delta": 4.843164}}
