{"target": 0.8718022581336504, "params": {"u": 7.419930864996264, "v": 6.087358841498985, "x": 5.676514562573106, "y": 6.583271816140509}, "datetime": {"datetime": "2024-02-27 10:34:48", "elapsed": 69.507866, "delta": 1.021693}}
{"target": 0.16801485325224058, "params": {"u": 3.549990074349717, "v": 1.060631288859838, "x": 3.5716090408420498, "y": 9.189956870246684}, "datetime": {"datetime": "2024-02-27 10:34:49", "elapsed": 70.406084, "delta": 0.898218}}
{"target": 0.5292622021966558, "params": {"u": 0.048170228145367755, "v": 1.0075633550203777, "x": 0.377891398104806, "y": 0.15206516937075087}, "datetime": {"datetime": "2024-02-27 10:34:50", "elapsed": 71.998453, "delta": 1.592369}}
{"target": 2.437552717765946, "params": {"u": 6.064576577790849, "v": 6.8403160546780395, "x": 6.13913912921506, "y": 6.248456135375444}, "datetime": {"datetime": "2024-02-27 10:34:52", "elapsed": 73.499962, "delta": 1.501509}}
{"target": 1.772509242579905, "params": {"u": 6.264541873921763, "v": 6.472714157741287, "x": 5.770177947944891, "y": 5.4758886542211975}, "datetime": {"datetime": "2024-02-27 10:34:53", "elapsed": 75.108513, "delta": 1.608551}}
{"target": 0.48269016710636353, "params": {"u": 4.194008382346985, "v": 3.1933014646774893, "x": 6.628051541510056, "y": 5.638427998412988}, "datetime": {"datetime": "2024-02-27 10:34:54", "elapsed": 76.165364, "delta": 1.056851}}
{"target": 0.641243980711577, "params": {"u": 4.169192378670195, "v": 8.788338597503486, "x": 2.804138981069694, "y": 6.485328897557866}, "datetime": {"datetime": "2024-02-27 10:34:56", "elapsed": 77.323952, "delta": 1.158588}}
{"target": 2.8693350581349013, "params": {"u": 6.957919914416876, "v": 6.456886734575269, "x": 5.994859634365326, "y": 5.9803280339945655}, "datetime": {"datetime": "2024-02-27 10:34:56", "elapsed": 78.113362, "delta": 0.78941}}
{"target": 0.3226841812709642, "params": {"u": 1.8222660655292189, "v": 4.645797515885166, "x": 4.831704848460942, "y": 2.5622497737131065}, "datetime": {"datetime": "2024-02-27 10:34:57", "elapsed": 79.092535, "delta": 0.979173}}
{"target": 0.3420721941433693, "params": {"u": 1.7802967844415862, "v": 5.980140888412292, "x": 4.347835726332493, "y": 5.728314748421019}, "datetime": {"datetime": "2024-02-27 10:34:58", "elapsed": 79.686458, "delta": 0.593923}}
{"target": 0.11357397630857799, "params": {"u": 0.9545784380771238, "v": 0.9594544295420127, "x": 3.1388451924595753, "y": 9.210379305383896}, "datetime": {"datetime": "2024-02-27 10:34:58", "elapsed": 79.885885, "delta": 0.199427}}
{"target": 0.2573269970248041, "params": {"u": 8.840954257387732, "v": 9.230040314704803, "x": 5.292236819082635, "y": 9.07314879379732}, "datetime": {"datetime": "2024-02-27 10:34:58", "elapsed": 80.131836, "delta": 0.245951}}
{"target": 2.2251661736160746, "params": {"u": 6.573994473049101, "v": 6.30767557945963, "x": 5.83396876940287, "y": 5.658073661135115}, "datetime": {"datetime": "2024-02-27 10:35:00", "elapsed": 81.303071, "delta": 1.171235}}
{"target": 0.5599120569076296, "params": {"u": 5.76814302144589, "v": 6.444394039248399, "x": 3.3421515640964348, "y": 6.400839772698465}, "datetime": {"datetime": "2024-02-27 10:35:00", "elapsed": 82.140789, "delta": 0.837718}}
{"target": 0.749349902382786, "params": {"u": 7.715833816578165, "v": 5.142839873051911, "x": 5.785384055748438, "y": 3.658152682131411}, "datetime": {"datetime": "2024-02-27 10:35:01", "elapsed": 82.693514, "delta": 0.552725}}
{"target": 0.1481986533468408, "params": {"u": 1.6027342896366947, "v": 0.816897936877995, "x": 9.327242133940173, "y": 3.6003263548791176}, "datetime": {"datetime": "2024-02-27 10:35:02", "elapsed": 83.708107, "delta": 1.014593}}
{"target": 0.37826416600647517, "params": {"u": 6.428569768307602, "v": 0.25783715085528125, "x": 4.956927377382736, "y": 0.4768347227937375}, "datetime": {"datetime": "2024-02-27 10:35:03", "elapsed": 84.632822, "delta": 0.924715}}
{"target": 1.0137937118316447, "params": {"u": 7.51750788041325, "v": 6.810334409454129, "x": 6.34978445476611, "y": 5.956379852348275}, "datetime": {"datetime": "2024-02-27 10:35:04", "elapsed": 85.925215, "delta": 1.292393}}
{"target": 2.400397070554475, "params": {"u": 6.654218926091852, "v": 6.212197436878655, "x": 6.3000772406333, "y": 6.036700946701748}, "datetime": {"datetime": "2024-02-27 10:35:05", "elapsed": 87.036664, "delta": 1.111449}}
{"target": 1.1341190264166634, "params": {"u": 6.200739293882192, "v": 5.976111675077965, "x": 6.008338659459207, "y": 5.8316351894469225}, "datetime": {"datetime": "2024-02-27 10:35:07", "elapsed": 88.700796, "delta": 1.664132}}
{"target": 0.2160145784330635, "params": {"u": 0.5157632287058012, "v": 2.8743177331513237, "x": 3.770132705642105, "y": 5.564249194668763}, "datetime": {"datetime": "2024-02-27 10:35:08", "elapsed": 89.999654, "delta": 1.298858}}
{"target": 2.4866915355149266, "params": {"u": 6.64392453468, "v": 6.189481663111222, "x": 5.855034373260375, "y": 6.223268420236937}, "datetime": {"datetime": "2024-02-27 10:35:11", "elapsed": 93.186471, "delta": 3.186817}}
{"target": 0.8339602201499862, "params": {"u": 5.494918488811143, "v": 5.594453782084252, "x": 5.819823187728109, "y": 4.636223055937024}, "datetime": {"datetime": "2024-02-27 10:35:13", "elapsed": 95.121936, "delta": 1.935465}}
{"target": 0.11923420252109085, "params": {"u": 0.25361057403274545, "v": 9.006988148304378, "x": 9.453122857867704, "y": 4.506344907165062}, "datetime": {"datetime": "2024-02-27 10:35:15", "elapsed": 96.429593, "delta": 1.307657}}
{"target": 0.44387952230695055, "params": {"u": 7.295120264423859, "v": 6.277099390322196, "x": 8.388040948717443, "y": 7.582352990678891}, "datetime": {"datetime": "2024-02-27 10:35:16", "elapsed": 97.205087, "delta": 0.775494}}
{"target": 0.10438001748544827, "params": {"u": 0.11306415060891917, "v": 6.20481912560543, "x": 9.953666531827539, "y": 9.943023967981668}, "datetime": {"datetime": "2024-02-27 10:35:17", "elapsed": 98.284121, "delta": 1.079034}}
{"target": 2.368797296111854, "params": {"u": 6.096569015326645, "v": 6.868137393616812, "x": 6.090077605361407, "y": 6.298445502490045}, "datetime": {"datetime": "2024-02-27 10:35:17", "elapsed": 99.023782, "delta": 0.739661}}
{"target": 0.17299962575403366, "params": {"u": 7.812632410073038, "v": 3.3008796889459058, "x": 2.03535899505093, "y": 9.442911742036022}, "datetime": {"datetime": "2024-02-27 10:35:18", "elapsed": 99.86177, "delta": 0.837988}}
{"target": 0.13846995614878524, "params": {"u": 9.289360191131772, "v": 8.777942162038318, "x": 0.03547317168510977, "y": 6.34413130757001}, "datetime": {"datetime": "2024-02-27 10:35:20", "elapsed": 101.579846, "delta": 1.718076}}
{"target": 0.2988299102455034, "params": {"u": 3.8423125521127712, "v": 0.3666563349269192, "x": 0.6424752160318248, "y": 2.1560807970685634}, "datetime": {"datetime": "2024-02-27 10:35:21", "elapsed": 102.284068, "delta": 0.704222}}
{"target": 0.12455613212096052, "params": {"u": 0.37809510052033035, "v": 5.7540671742081955, "x": 9.757235972075753, "y": 0.6940000826379533}, "datetime": {"datetime": "2024-02-27 10:35:21", "elapsed": 103.195436, "delta": 0.911368}}
{"target": 0.17707048572086398, "params": {"u": 9.996371756839103, "v": 0.21214401166794405, "x": 4.725371542371091, "y": 7.084594330519396}, "datetime": {"datetime": "2024-02-27 10:35:22", "elapsed": 104.178455, "delta": 0.983019}}
{"target": 0.11313011373547815, "params": {"u": 9.761117549987715, "v": 0.4285498530139764, "x": 9.780859440171685, "y": 9.068213384807926}, "datetime": {"datetime": "2024-02-27 10:35:24", "elapsed": 105.216963, "delta": 1.038508}}
{"target": 0.11593426778190438, "params": {"u": 6.496511339288492, "v": 0.9535683170166531, "x": 0.6953883316861931, "y": 9.50999605171774}, "datetime": {"datetime": "2024-02-27 10:35:24", "elapsed": 106.101112, "delta": 0.884149}}
{"target": 0.1923860484833001, "params": {"u": 5.249299533781507, "v": 0.8589324891970451, "x": 0.7387270113843514, "y": 5.315813019352074}, "datetime": {"datetime": "2024-02-27 10:35:26", "elapsed": 107.537367, "delta": 1.436255}}
{"target": 0.3731581793672591, "params": {"u": 4.344561597781568, "v": 4.956298608055843, "x": 6.677411467310491, "y": 0.2931876826645574}, "datetime": {"datetime": "2024-02-27 10:35:27", "elapsed": 108.788585, "delta": 1.251218}}
{"target": 0.7593454919461425, "params": {"u": 5.76609833325162, "v": 6.265044036697782, "x": 6.797499309729499, "y": 5.256056210331781}, "datetime": {"datetime": "2024-02-27 10:35:29", "elapsed": 110.623537, "delta": 1.834952}}
{"target": 0.17224643259145778, "params": {"u": 0.3041808991484074, "v": 9.11553359646732, "x": 5.713887504616032, "y": 9.467670692246633}, "datetime": {"datetime": "2024-02-27 10:35:30", "elapsed": 111.459818, "delta": 0.836281}}
{"target": 0.21978477487435708, "params": {"u": 3.49652581491122, "v": 6.077898264585818, "x": 0.07532182742723603, "y": 9.617204982142352}, "datetime": {"datetime": "2024-02-27 10:35:31", "elapsed": 112.930422, "delta": 1.470604}}
{"target": 0.2532793525142881, "params": {"u": 5.342365220176313, "v": 3.5877147168378523, "x": 9.830539326925958, "y": 0.2919457012127602}, "datetime": {"datetime": "2024-02-27 10:35:32", "elapsed": 114.192722, "delta": 1.2623}}
{"target": 0.5853445912883323, "params": {"u": 5.583545014637437, "v": 1.8103804918236022, "x": 6.183809960826699, "y": 0.8152332925211658}, "datetime": {"datetime": "2024-02-27 10:35:34", "elapsed": 115.273907, "delta": 1.081185}}
{"target": 0.11927079215200338, "params": {"u": 0.013041043731631952, "v": 9.707061445204365, "x": 4.54479333981154, "y": 0.10496539192033083}, "datetime": {"datetime": "2024-02-27 10:35:35", "elapsed": 116.923987, "delta": 1.65008}}
{"target": 1.9873313953512959, "params": {"u": 6.666580441776323, "v": 6.441844213164191, "x": 6.334560306941729, "y": 6.316705341472506}, "datetime": {"datetime": "2024-02-27 10:35:37", "elapsed": 118.589973, "delta": 1.665986}}
{"target": 2.737520963290079, "params": {"u": 6.129420171184105, "v": 6.7565651536829225, "x": 5.866277701905748, "y": 6.066568313985179}, "datetime": {"datetime": "2024-02-27 10:35:38", "elapsed": 120.042734, "delta": 1.452761}}
{"target": 0.23544179333763357, "params": {"u": 9.928406820118832, "v": 4.363991689292162, "x": 9.378706813402829, "y": 0.01340384319246879}, "datetime": {"datetime": "2024-02-27 10:35:40", "elapsed": 122.049144, "delta": 2.00641}}
{"target": 0.14808659718379635, "params": {"u": 0.022693268460077798, "v": 0.48135596386335244, "x": 0.15510482725259123, "y": 5.35352619299048}, "datetime": {"datetime": "2024-02-27 10:35:42", "elapsed": 124.134971, "delta": 2.085827}}
{"target": 0.19316988837865384, "params": {"u": 9.803202380895787, "v": 2.0159891613641987, "x": 2.351577095081149, "y": 6.579264785962572}, "datetime": {"datetime": "2024-02-27 10:35:43", "elapsed": 125.116191, "delta": 0.98122}}
{"target": 0.29696146525684175, "params": {"u": 2.097885648359077, "v": 1.5317108214910702, "x": 6.511206727398217, "y": 3.6322684789930895}, "datetime": {"datetime": "2024-02-27 10:35:44", "elapsed": 125.737768, "delta": 0.621577}}
{"target": 1.1219731506518953, "params": {"u": 5.900201778348767, "v": 4.167520184737684, "x": 4.521628027921309, "y": 4.745970991948788}, "datetime": {"datetime": "2024-02-27 10:35:46", "elapsed": 127.701408, "delta": 1.96364}}
{"target": 0.7528296267117165, "params": {"u": 6.075893366461766, "v": 6.8721856897053835, "x": 5.113562120767828, "y": 4.57321827094856}, "datetime": {"datetime": "2024-02-27 10:35:47", "elapsed": 128.333372, "delta": 0.631964}}
{"target": 2.272812461237116, "params": {"u": 6.837835027133801, "v": 6.47675100790657, "x": 6.168048143398101, "y": 5.682501633401319}, "datetime": {"datetime": "2024-02-27 10:35:48", "elapsed": 129.482727, "delta": 1.149355}}
{"target": 2.83144945624565, "params": {"u": 6.344085769340993, "v": 6.880917767961357, "x": 6.076648534418583, "y": 5.9762771366981}, "datetime": {"datetime": "2024-02-27 10:35:50", "elapsed": 131.517328, "delta": 2.034601}}
{"target": 0.9739022768621001, "params": {"u": 5.573873031778695, "v": 3.6064883126321443, "x": 3.6280007646923766, "y": 4.3486592431611575}, "datetime": {"datetime": "2024-02-27 10:35:53", "elapsed": 134.455938, "delta": 2.93861}}
{"target": 2.7804110749039688, "params": {"u": 6.384379816336166, "v": 6.3334524720208565, "x": 5.944937207981705, "y": 5.886013244772938}, "datetime": {"datetime": "2024-02-27 10:35:54", "elapsed": 136.19993, "delta": 1.743992}}
{"target": 0.4217297371232409, "params": {"u": 7.505843111174581, "v": 4.135767535501306, "x": 5.286857096982105, "y": 7.301500303358449}, "datetime": {"datetime": "2024-02-27 10:35:56", "elapsed": 137.387538, "delta": 1.187608}}
{"target": 0.32212913770562673, "params": {"u": 2.787092200844705, "v": 3.353615745693468, "x": 4.21391326137834, "y": 0.5752764131116495}, "datetime": {"datetime": "2024-02-27 10:35:57", "elapsed": 138.410826, "delta": 1.023288}}
{"target": 0.6566219596097282, "params": {"u": 2.236044850232962, "v": 6.253513214274666, "x": 2.748710465310152, "y": 6.805546338501857}, "datetime": {"datetime": "2024-02-27 10:35:57", "elapsed": 139.152266, "delta": 0.74144}}
{"target": 0.6049768627163583, "params": {"u": 6.733929609388666, "v": 3.593997236319093, "x": 3.847118277526943, "y": 5.1281718619048275}, "datetime": {"datetime": "2024-02-27 10:35:58", "elapsed": 139.898545, "delta": 0.746279}}
{"target": 1.5297704019080218, "params": {"u": 5.5001604162002415, "v": 4.410283783008747, "x": 4.360802162238723, "y": 3.391051215620031}, "datetime": {"datetime": "2024-02-27 10:36:00", "elapsed": 141.217582, "delta": 1.319037}}
{"target": 2.7690927510035768, "params": {"u": 6.50276525958863, "v": 6.672497743149756, "x": 6.031011519874703, "y": 5.8697587182070645}, "datetime": {"datetime": "2024-02-27 10:36:02", "elapsed": 143.412836, "delta": 2.195254}}
{"target": 0.18230044606735124, "params": {"u": 4.22041833021355, "v": 2.3106473764796167, "x": 7.35170565333103, "y": 9.3394522189041}, "datetime": {"datetime": "2024-02-27 10:36:03", "elapsed": 144.490221, "delta": 1.077385}}
{"target": 4.035272402613026, "params": {"u": 4.999900417780444, "v": 4.134379168668785, "x": 3.726051145347906, "y": 3.66950234718046}, "datetime": {"datetime": "2024-02-27 10:36:05", "elapsed": 146.684229, "delta": 2.194008}}
{"target": 1.18071097302415, "params": {"u": 5.262270348414746, "v": 4.182865543719947, "x": 3.7386090980848707, "y": 3.132596134933634}, "datetime": {"datetime": "2024-02-27 10:36:07", "elapsed": 148.915623, "delta": 2.231394}}
{"target": 6.788089994927432, "params": {"u": 4.794634858894837, "v": 4.208757668275504, "x": 3.789061233626366, "y": 3.877956521540613}, "datetime": {"datetime": "2024-02-27 10:36:10", "elapsed": 151.329092, "delta": 2.413469}}
{"target": 8.474689380095352, "params": {"u": 4.62042254880399, "v": 4.2808464499324534, "x": 3.8416151551489297, "y": 4.021957438263598}, "datetime": {"datetime": "2024-02-27 10:36:12", "elapsed": 153.820718, "delta": 2.491626}}
{"target": 8.419954357334772, "params": {"u": 4.4262222755054506, "v": 4.141514674308301, "x": 3.851502357727955, "y": 3.932721031156541}, "datetime": {"datetime": "2024-02-27 10:36:16", "elapsed": 157.436217, "delta": 3.615499}}
{"target": 6.194820111532271, "params": {"u": 4.3608697413520465, "v": 4.383839723470416, "x": 3.7366804417048014, "y": 4.077469210672425}, "datetime": {"datetime": "2024-02-27 10:36:18", "elapsed": 159.270239, "delta": 1.834022}}
{"target": 9.0561699394411, "params": {"u": 4.554515815470792, "v": 4.131981485198072, "x": 4.101209216776908, "y": 4.084907296198754}, "datetime": {"datetime": "2024-02-27 10:36:19", "elapsed": 161.155406, "delta": 1.885167}}
{"target": 1.2680081314385867, "params": {"u": 4.271595125071683, "v": 3.801064980729941, "x": 3.6373156019292696, "y": 3.553541691164328}, "datetime": {"datetime": "2024-02-27 10:36:20", "elapsed": 162.142219, "delta": 0.986813}}
{"target": 9.23438102249447, "params": {"u": 4.5107974156023465, "v": 4.273175195316801, "x": 4.090722170609578, "y": 3.9161264405338567}, "datetime": {"datetime": "2024-02-27 10:36:24", "elapsed": 166.004099, "delta": 3.86188}}
{"target": 1.3855256581291215, "params": {"u": 4.154081564603047, "v": 3.8287569950206946, "x": 3.8315871428645676, "y": 4.191712028715432}, "datetime": {"datetime": "2024-02-27 10:36:28", "elapsed": 169.316218, "delta": 3.312119}}
{"target": 1.3001005904471539, "params": {"u": 4.77332781560027, "v": 3.911690430341169, "x": 4.0110155826846485, "y": 4.424006319166081}, "datetime": {"datetime": "2024-02-27 10:36:30", "elapsed": 171.958792, "delta": 2.642574}}
{"target": 1.079226461354008, "params": {"u": 3.938978863207957, "v": 4.742202706074831, "x": 4.374122162335676, "y": 3.444151948665888}, "datetime": {"datetime": "2024-02-27 10:36:33", "elapsed": 174.44956, "delta": 2.490768}}
{"target": 1.4793455299348124, "params": {"u": 4.50708506563934, "v": 3.7172434293382928, "x": 4.763545857351451, "y": 3.474198555146555}, "datetime": {"datetime": "2024-02-27 10:36:36", "elapsed": 177.962249, "delta": 3.512689}}
{"target": 2.7994774937522506, "params": {"u": 4.343587236754402, "v": 4.849706440841304, "x": 3.843989742108611, "y": 4.551953595926486}, "datetime": {"datetime": "2024-02-27 10:36:38", "elapsed": 179.709699, "delta": 1.74745}}
{"target": 0.8995293983315908, "params": {"u": 5.469595181500956, "v": 5.182117470846456, "x": 3.603508244428256, "y": 4.077056838196311}, "datetime": {"datetime": "2024-02-27 10:36:41", "elapsed": 182.285221, "delta": 2.575522}}
{"target": 5.678549669824813, "params": {"u": 4.89804877555143, "v": 4.160457640895282, "x": 4.188794591192929, "y": 4.242502344464171}, "datetime": {"datetime": "2024-02-27 10:36:45", "elapsed": 186.758688, "delta": 4.473467}}
{"target": 0.8275623413237, "params": {"u": 4.268822449741752, "v": 4.357760096887739, "x": 5.308570230792321, "y": 5.112804078821}, "datetime": {"datetime": "2024-02-27 10:36:48", "elapsed": 189.902862, "delta": 3.144174}}
{"target": 1.6453066186101555, "params": {"u": 4.462458421638788, "v": 4.179527227098653, "x": 4.902791213251469, "y": 4.214951459626699}, "datetime": {"datetime": "2024-02-27 10:36:52", "elapsed": 193.800997, "delta": 3.898135}}
{"target": 2.337997323607238, "params": {"u": 4.577221190058406, "v": 4.2274913859619865, "x": 3.436749947456569, "y": 3.6563050318597776}, "datetime": {"datetime": "2024-02-27 10:36:55", "elapsed": 197.155529, "delta": 3.354532}}
{"target": 2.3933671476657317, "params": {"u": 4.785567227051698, "v": 4.806390805154082, "x": 3.934453729676708, "y": 3.3323179434083796}, "datetime": {"datetime": "2024-02-27 10:36:58", "elapsed": 199.53679, "delta": 2.381261}}
{"target": 1.556003861182572, "params": {"u": 5.285806456848264, "v": 4.32197176479702, "x": 4.356430829876771, "y": 3.992550104479846}, "datetime": {"datetime": "2024-02-27 10:37:01", "elapsed": 202.648447, "delta": 3.111657}}
{"target": 8.363293960302158, "params": {"u": 4.317557277762674, "v": 4.728123105315655, "x": 3.997268614530153, "y": 4.165785191334712}, "datetime": {"datetime": "2024-02-27 10:37:04", "elapsed": 205.559836, "delta": 2.911389}}
{"target": 1.1799267460652734, "params": {"u": 4.579638672987243, "v": 5.219286527369572, "x": 4.527055462219832, "y": 4.238633606498356}, "datetime": {"datetime": "2024-02-27 10:37:06", "elapsed": 207.341503, "delta": 1.781667}}
{"target": 4.522124420339302, "params": {"u": 4.876342005094864, "v": 4.171312517068143, "x": 4.374918571564244, "y": 4.11293915855838}, "datetime": {"datetime": "2024-02-27 10:37:08", "elapsed": 209.563198, "delta": 2.221695}}
{"target": 0.7561561249613631, "params": {"u": 3.836542856114354, "v": 5.711445741760063, "x": 3.442203014139902, "y": 3.80729431706081}, "datetime": {"datetime": "2024-02-27 10:37:09", "elapsed": 211.062247, "delta": 1.499049}}
{"target": 0.2240698912851307, "params": {"u": 2.818238534194485, "v": 0.9510546234563688, "x": 6.23034733253993, "y": 0.6043327373960794}, "datetime": {"datetime": "2024-02-27 10:37:11", "elapsed": 212.321496, "delta": 1.259249}}
{"target": 0.5523592057946559, "params": {"u": 2.5966083916837492, "v": 2.305504683570363, "x": 1.2795738149322866, "y": 0.48672728985567626}, "datetime": {"datetime": "2024-02-27 10:37:12", "elapsed": 213.770981, "delta": 1.449485}}
{"target": 0.5218820671523356, "params": {"u": 2.946953155400429, "v": 4.569053959467065, "x": 4.673717275227895, "y": 4.4724362089607546}, "datetime": {"datetime": "2024-02-27 10:37:16", "elapsed": 217.709292, "delta": 3.938311}}
{"target": 0.5041698137911657, "params": {"u": 7.738422127855705, "v": 0.9756490804779416, "x": 5.815512942378214, "y": 1.5304422418306285}, "datetime": {"datetime": "2024-02-27 10:37:17", "elapsed": 219.009932, "delta": 1.30064}}
{"target": 1.2466806630516607, "params": {"u": 4.488884763570492, "v": 5.205259282057605, "x": 3.6626458024080035, "y": 4.04470927741068}, "datetime": {"datetime": "2024-02-27 10:37:20", "elapsed": 221.813055, "delta": 2.803123}}
{"target": 2.052041539665416, "params": {"u": 4.740199627211847, "v": 4.88520672517769, "x": 4.01548726968729, "y": 3.2339683428262713}, "datetime": {"datetime": "2024-02-27 10:37:22", "elapsed": 223.492913, "delta": 1.679858}}
{"target": 1.5208426752660265, "params": {"u": 4.259321124243637, "v": 3.7697992880926923, "x": 4.324754428996071, "y": 3.626084135733185}, "datetime": {"datetime": "2024-02-27 10:37:24", "elapsed": 225.956858, "delta": 2.463945}}
{"target": 0.17689619034041204, "params": {"u": 0.4108199240987842, "v": 9.79286128393616, "x": 0.6097166755556205, "y": 5.194620915005591}, "datetime": {"datetime": "2024-02-27 10:37:26", "elapsed": 228.002325, "delta": 2.045467}}
{"target": 0.2091923869152605, "params": {"u": 4.00645275182201, "v": 1.101515437653443, "x": 9.891351028763275, "y": 5.2331215399070965}, "datetime": {"datetime": "2024-02-27 10:37:27", "elapsed": 229.053721, "delta": 1.051396}}
