{"target": 0.042870717277006185, "params": {"u": 2.287152391448637, "v": 5.601276175401432, "w": 10.746935653626013, "x": 6.308410009383477, "y": 3.890157714926963}, "datetime": {"datetime": "2024-02-25 10:24:38", "elapsed": 1982.609074, "delta": 5.68709}}
{"target": 0.05609077040588976, "params": {"u": 11.71967790563425, "v": 4.381869712772158, "w": 6.118443734400939, "x": 6.560466853600496, "y": 4.3076963309644425}, "datetime": {"datetime": "2024-02-25 10:24:44", "elapsed": 1988.542935, "delta": 5.933861}}
{"target": 0.787839014666234, "params": {"u": 8.735691161517499, "v": 1.8600933754188236, "w": 9.632588912670599, "x": 1.848121509722561, "y": 4.26208005724199}, "datetime": {"datetime": "2024-02-25 10:24:53", "elapsed": 1997.846439, "delta": 9.303504}}
{"target": 0.04980900559848735, "params": {"u": 7.4682002098120925, "v": 5.528432137256543, "w": 7.373680841390131, "x": 6.665046496889099, "y": 3.9321801589534977}, "datetime": {"datetime": "2024-02-25 10:24:58", "elapsed": 2002.73761, "delta": 4.891171}}
{"target": -0.003082596665226142, "params": {"u": 7.028690881393353, "v": 1.0144021910837888, "w": 9.834163435825868, "x": 3.2397181150557106, "y": 2.584682170097608}, "datetime": {"datetime": "2024-02-25 10:25:15", "elapsed": 2020.282424, "delta": 17.544814}}
{"target": 0.7066025521983078, "params": {"u": 7.387723532839372, "v": 1.719966021988475, "w": 11.731491425495175, "x": 1.9246866313953177, "y": 3.0959118177071416}, "datetime": {"datetime": "2024-02-25 10:25:25", "elapsed": 2029.402529, "delta": 9.120105}}
{"target": 0.5112497737588975, "params": {"u": 7.310685115119003, "v": 2.2319617033620185, "w": 9.962110434174487, "x": 2.6008837846430373, "y": 2.0999444189723477}, "datetime": {"datetime": "2024-02-25 10:25:35", "elapsed": 2039.708694, "delta": 10.306165}}
{"target": 0.040166387900544075, "params": {"u": 1.831005891435625, "v": 8.540262962772943, "w": 4.009101442641116, "x": 0.699277371281954, "y": 4.676016986154713}, "datetime": {"datetime": "2024-02-25 10:25:40", "elapsed": 2044.719627, "delta": 5.010933}}
{"target": 0.5582001841793143, "params": {"u": 6.580245107306717, "v": 1.9942004779919709, "w": 10.306094956621694, "x": 2.8348437684918237, "y": 2.3812053156645026}, "datetime": {"datetime": "2024-02-25 10:25:49", "elapsed": 2053.429188, "delta": 8.709561}}
{"target": 0.3106362553471952, "params": {"u": 6.372935359952439, "v": 2.65707139014466, "w": 6.859649012216547, "x": 1.8030843137868053, "y": 0.35411684366542806}, "datetime": {"datetime": "2024-02-25 10:25:54", "elapsed": 2058.533953, "delta": 5.104765}}
{"target": 0.04215893414984184, "params": {"u": 12.399237089751676, "v": 2.4567639265812287, "w": 3.7199910216825107, "x": 5.313906248033686, "y": 4.559211524708111}, "datetime": {"datetime": "2024-02-25 10:26:00", "elapsed": 2064.434094, "delta": 5.900141}}
{"target": -0.03242212726370321, "params": {"u": 3.0381769178892326, "v": 10.833291031581322, "w": 4.6632956127213765, "x": 2.659917706623359, "y": 1.2094128203406878}, "datetime": {"datetime": "2024-02-25 10:26:04", "elapsed": 2068.626667, "delta": 4.192573}}
{"target": -0.054843426881529427, "params": {"u": 5.745575163745833, "v": 8.919096745912384, "w": 6.65826052046266, "x": 1.9425007377423007, "y": 0.45384421785719986}, "datetime": {"datetime": "2024-02-25 10:26:10", "elapsed": 2074.553518, "delta": 5.926851}}
{"target": 0.8377740470233652, "params": {"u": 6.7206100585559, "v": 1.6537821319152335, "w": 10.359853878758868, "x": 1.7721326780626971, "y": 3.477503133070563}, "datetime": {"datetime": "2024-02-25 10:26:22", "elapsed": 2086.400357, "delta": 11.846839}}
{"target": 0.6749411164335156, "params": {"u": 6.576655248897372, "v": 1.3980722022313619, "w": 10.804529639973357, "x": 1.513239695697627, "y": 3.7226041517695863}, "datetime": {"datetime": "2024-02-25 10:26:36", "elapsed": 2100.590496, "delta": 14.190139}}
{"target": 0.022267820181518575, "params": {"u": 10.391438512654132, "v": 7.633755337769365, "w": 9.729391669542222, "x": 5.813486421119028, "y": 1.5715576600490038}, "datetime": {"datetime": "2024-02-25 10:26:41", "elapsed": 2105.836196, "delta": 5.2457}}
{"target": -0.11279928344731079, "params": {"u": 5.87670909294167, "v": 1.6197016644539244, "w": 10.691101981723062, "x": 2.948151823508423, "y": 2.7476981663808027}, "datetime": {"datetime": "2024-02-25 10:26:53", "elapsed": 2117.765889, "delta": 11.929693}}
{"target": 0.05717827910905718, "params": {"u": 8.123188760795937, "v": 3.320397914427944, "w": 4.67848439714389, "x": 7.993385672496341, "y": 1.6700478664589962}, "datetime": {"datetime": "2024-02-25 10:26:57", "elapsed": 2122.075032, "delta": 4.309143}}
{"target": 0.06706407581939025, "params": {"u": 8.093283713448093, "v": 10.237214777663183, "w": 6.362118134225437, "x": 5.796933373132379, "y": 1.7078671574674147}, "datetime": {"datetime": "2024-02-25 10:27:02", "elapsed": 2126.400581, "delta": 4.325549}}
{"target": 0.563972539699818, "params": {"u": 6.973265052927843, "v": 2.4335379387279485, "w": 10.494267460151377, "x": 2.5879720800662134, "y": 2.2804896985006704}, "datetime": {"datetime": "2024-02-25 10:27:11", "elapsed": 2135.601572, "delta": 9.200991}}
{"target": 0.48496462158423187, "params": {"u": 6.672440489574184, "v": 2.408607601908562, "w": 10.984815344060092, "x": 2.125253245902413, "y": 2.467140596419823}, "datetime": {"datetime": "2024-02-25 10:27:30", "elapsed": 2155.179033, "delta": 19.577461}}
{"target": 0.061552212498444545, "params": {"u": 1.4227400435207347, "v": 3.4480683219088566, "w": 9.895862935923413, "x": 4.215049746136677, "y": 4.529795607970973}, "datetime": {"datetime": "2024-02-25 10:27:36", "elapsed": 2160.374094, "delta": 5.195061}}
{"target": 0.7685935590880372, "params": {"u": 8.440361203469445, "v": 2.7329312747101007, "w": 9.526428395401918, "x": 1.9342284624166735, "y": 4.8034090118563055}, "datetime": {"datetime": "2024-02-25 10:27:51", "elapsed": 2176.159327, "delta": 15.785233}}
{"target": 0.08666866120992672, "params": {"u": 7.888321827428138, "v": 1.0773538327921401, "w": 11.740661307009072, "x": 1.1475531699092532, "y": 3.9533016191948174}, "datetime": {"datetime": "2024-02-25 10:28:02", "elapsed": 2186.488983, "delta": 10.329656}}
{"target": 0.7834465502098588, "params": {"u": 6.524288152744694, "v": 1.2089305635540541, "w": 9.726159090956623, "x": 1.9593569638425676, "y": 3.2114242564179882}, "datetime": {"datetime": "2024-02-25 10:28:13", "elapsed": 2197.556913, "delta": 11.06793}}
{"target": 0.544980429269587, "params": {"u": 7.226401310250425, "v": 1.8349341864776334, "w": 11.400414561266683, "x": 2.8569420633261924, "y": 2.1301145237729675}, "datetime": {"datetime": "2024-02-25 10:28:21", "elapsed": 2206.057979, "delta": 8.501066}}
{"target": 0.4921371647813125, "params": {"u": 6.261814124903257, "v": 1.3360623993764222, "w": 10.322181160040444, "x": 2.5382177603408023, "y": 2.086881647629974}, "datetime": {"datetime": "2024-02-25 10:28:29", "elapsed": 2213.834521, "delta": 7.776542}}
{"target": 0.0232517521220565, "params": {"u": 10.063283683019138, "v": 11.355503447102471, "w": 1.284108483501801, "x": 7.135886491321052, "y": 1.9459683802299093}, "datetime": {"datetime": "2024-02-25 10:28:34", "elapsed": 2219.138963, "delta": 5.304442}}
{"target": 0.08708759759411977, "params": {"u": 7.0193425192328744, "v": 2.191138902742846, "w": 12.274305364273209, "x": 2.022895484563156, "y": 3.3873122358741017}, "datetime": {"datetime": "2024-02-25 10:28:43", "elapsed": 2227.653295, "delta": 8.514332}}
{"target": -0.02245979613984927, "params": {"u": 5.728387107513656, "v": 2.131980479454185, "w": 5.835303181839707, "x": 1.5338436330629892, "y": 4.287351749539172}, "datetime": {"datetime": "2024-02-25 10:28:47", "elapsed": 2231.87108, "delta": 4.217785}}
{"target": 0.03956369435546787, "params": {"u": 5.564009225038987, "v": 1.92946304138317, "w": 6.846770425357287, "x": 4.541610142081511, "y": 3.177621922025592}, "datetime": {"datetime": "2024-02-25 10:28:53", "elapsed": 2237.786758, "delta": 5.915678}}
{"target": 0.7646271292628035, "params": {"u": 7.503601935000619, "v": 1.3824005557917518, "w": 9.893378115069627, "x": 1.818513700208245, "y": 4.082070012779048}, "datetime": {"datetime": "2024-02-25 10:29:02", "elapsed": 2247.121891, "delta": 9.335133}}
{"target": 0.5120418807444106, "params": {"u": 8.4410726417476, "v": 2.533241117099976, "w": 9.571461392390322, "x": 1.4474830876589628, "y": 4.356925608536167}, "datetime": {"datetime": "2024-02-25 10:29:11", "elapsed": 2255.615564, "delta": 8.493673}}
{"target": -0.029084104179892153, "params": {"u": 5.036103927985711, "v": 2.7465717134410297, "w": 5.752009717657412, "x": 6.382919784515226, "y": 1.457175832774596}, "datetime": {"datetime": "2024-02-25 10:29:16", "elapsed": 2260.395068, "delta": 4.779504}}
{"target": 0.47171221662641577, "params": {"u": 7.654917490091455, "v": 1.5105902590041627, "w": 11.488873780196151, "x": 3.1142286876314755, "y": 1.6745516810750447}, "datetime": {"datetime": "2024-02-25 10:29:24", "elapsed": 2269.279568, "delta": 8.8845}}
{"target": 0.7861139973202574, "params": {"u": 6.350757854257331, "v": 2.5210487635881, "w": 11.95683014666406, "x": 1.5333726873026616, "y": 4.069255573188509}, "datetime": {"datetime": "2024-02-25 10:29:33", "elapsed": 2277.815293, "delta": 8.535725}}
{"target": 0.46420057039331664, "params": {"u": 6.095530187999358, "v": 2.074979160318809, "w": 10.257975001066747, "x": 2.5678716035308846, "y": 1.9743521533355355}, "datetime": {"datetime": "2024-02-25 10:29:43", "elapsed": 2288.237109, "delta": 10.421816}}
{"target": -0.6387119855873068, "params": {"u": 7.515101011181493, "v": 2.8958419761823504, "w": 10.009826299205887, "x": 2.219874000107078, "y": 4.230920849298091}, "datetime": {"datetime": "2024-02-25 10:29:55", "elapsed": 2300.020699, "delta": 11.78359}}
{"target": 0.05193036610673268, "params": {"u": 6.226885561472747, "v": 2.0729776584232344, "w": 10.95535381553404, "x": 4.312811712917396, "y": 1.706949325768478}, "datetime": {"datetime": "2024-02-25 10:30:09", "elapsed": 2313.747128, "delta": 13.726429}}
{"target": 0.07532335416984362, "params": {"u": 9.058984817811577, "v": 1.4001332260271808, "w": 7.913864911482635, "x": 6.663560814719715, "y": 3.378294567166826}, "datetime": {"datetime": "2024-02-25 10:30:16", "elapsed": 2320.496944, "delta": 6.749816}}
{"target": 0.46083540791784894, "params": {"u": 7.324215586965238, "v": 2.0329721080801857, "w": 11.041128170841022, "x": 3.383071914186059, "y": 1.622100002688353}, "datetime": {"datetime": "2024-02-25 10:30:26", "elapsed": 2330.645976, "delta": 10.149032}}
{"target": 0.4715159222830029, "params": {"u": 6.656220541275015, "v": 1.1648321265066182, "w": 11.356720962289575, "x": 3.3298894030593034, "y": 1.8275481185787705}, "datetime": {"datetime": "2024-02-25 10:30:35", "elapsed": 2339.991471, "delta": 9.345495}}
{"target": -0.14275894338153305, "params": {"u": 7.316066096600736, "v": 1.459667192736989, "w": 12.062735261244226, "x": 3.1629709868350275, "y": 1.6566096427113557}, "datetime": {"datetime": "2024-02-25 10:30:48", "elapsed": 2352.746744, "delta": 12.755273}}
{"target": -0.16655529436084088, "params": {"u": 6.010027591621398, "v": 2.616511700020655, "w": 12.066081808824748, "x": 2.1637039667999898, "y": 4.200135516753256}, "datetime": {"datetime": "2024-02-25 10:31:00", "elapsed": 2365.295674, "delta": 12.54893}}
{"target": 0.764721548216436, "params": {"u": 8.490409486202484, "v": 2.1283523164159903, "w": 9.283645444974612, "x": 2.0639882030965317, "y": 4.878616192995816}, "datetime": {"datetime": "2024-02-25 10:31:10", "elapsed": 2374.407726, "delta": 9.112052}}
{"target": 0.8212187700178419, "params": {"u": 7.799271963884521, "v": 2.004610723059162, "w": 10.161083423636114, "x": 1.9452398304132812, "y": 4.6318977494768925}, "datetime": {"datetime": "2024-02-25 10:31:17", "elapsed": 2381.378861, "delta": 6.971135}}
{"target": -0.08017661080318433, "params": {"u": 11.43284178239138, "v": 7.138354671098995, "w": 10.484857052185117, "x": 3.9593808676546494, "y": 1.3769020363953923}, "datetime": {"datetime": "2024-02-25 10:31:21", "elapsed": 2385.895237, "delta": 4.516376}}
{"target": 0.34105218586799196, "params": {"u": 6.57904644183223, "v": 1.313319599263477, "w": 10.32874361151641, "x": 3.3170342466141376, "y": 0.8355287870220025}, "datetime": {"datetime": "2024-02-25 10:31:31", "elapsed": 2395.653102, "delta": 9.757865}}
{"target": 0.11762481657941085, "params": {"u": 11.031944707493018, "v": 3.6538709356346777, "w": 10.117516858498503, "x": 4.821901165598811, "y": 2.32261938568218}, "datetime": {"datetime": "2024-02-25 10:31:34", "elapsed": 2399.297268, "delta": 3.644166}}
{"target": -0.049327058318736045, "params": {"u": 11.20720539701495, "v": 10.307737977013236, "w": 8.712956142647975, "x": 7.7472503801065775, "y": 4.392788160128687}, "datetime": {"datetime": "2024-02-25 10:31:41", "elapsed": 2405.833321, "delta": 6.536053}}
{"target": 0.7199230125802771, "params": {"u": 6.759760953982779, "v": 2.2480644994363943, "w": 9.472094468450182, "x": 1.585175622743629, "y": 3.602226380105963}, "datetime": {"datetime": "2024-02-25 10:31:47", "elapsed": 2411.945981, "delta": 6.11266}}
{"target": 0.6986785711050311, "params": {"u": 7.143519358560717, "v": 1.6931331982224407, "w": 9.690215567841676, "x": 1.4835105900814842, "y": 4.029895053219666}, "datetime": {"datetime": "2024-02-25 10:32:01", "elapsed": 2425.516884, "delta": 13.570903}}
{"target": 0.7038655673420146, "params": {"u": 7.847287047162995, "v": 1.6393969489575482, "w": 9.672187523348978, "x": 2.155021030470871, "y": 3.2244832030626642}, "datetime": {"datetime": "2024-02-25 10:32:08", "elapsed": 2433.069302, "delta": 7.552418}}
{"target": -0.043411977206162716, "params": {"u": 4.86705940671653, "v": 3.2085887083963245, "w": 8.019634775344352, "x": 0.7988594259251598, "y": 4.386837944989589}, "datetime": {"datetime": "2024-02-25 10:32:13", "elapsed": 2438.179263, "delta": 5.109961}}
{"target": 0.02503701391711972, "params": {"u": 11.193386661738614, "v": 10.725131846402286, "w": 9.23243695418467, "x": 6.209765492673907, "y": 4.502188266471396}, "datetime": {"datetime": "2024-02-25 10:32:18", "elapsed": 2443.110222, "delta": 4.930959}}
{"target": 0.23888131897900233, "params": {"u": 8.072358236185, "v": 2.9383244680791365, "w": 9.40926761241059, "x": 2.5975076284015644, "y": 4.980309956653097}, "datetime": {"datetime": "2024-02-25 10:32:28", "elapsed": 2453.285674, "delta": 10.175452}}
{"target": -0.02174975561506298, "params": {"u": 12.631174204009309, "v": 3.201600971092766, "w": 10.357569223782418, "x": 5.193866127599954, "y": 3.655343956730645}, "datetime": {"datetime": "2024-02-25 10:32:32", "elapsed": 2456.975692, "delta": 3.690018}}
{"target": 0.613467852980399, "params": {"u": 6.72976724999824, "v": 1.278667234721036, "w": 10.698374302031489, "x": 2.464302562136848, "y": 2.5035010079888953}, "datetime": {"datetime": "2024-02-25 10:32:51", "elapsed": 2476.117086, "delta": 19.141394}}
{"target": 0.5603623708184537, "params": {"u": 6.50960362438219, "v": 2.0666219885402337, "w": 11.990968890288753, "x": 1.900004549267171, "y": 3.8333345514876584}, "datetime": {"datetime": "2024-02-25 10:32:56", "elapsed": 2480.815575, "delta": 4.698489}}
{"target": 0.2600956192707837, "params": {"u": 6.249459238839217, "v": 1.4384323297358002, "w": 11.017077053728226, "x": 1.853066953001036, "y": 2.206433295081154}, "datetime": {"datetime": "2024-02-25 10:33:05", "elapsed": 2489.841536, "delta": 9.025961}}
{"target": 0.5931819712309973, "params": {"u": 8.286478043676883, "v": 1.1358826639448276, "w": 9.641331978169521, "x": 1.4361800608409867, "y": 4.099022188656786}, "datetime": {"datetime": "2024-02-25 10:33:17", "elapsed": 2502.156527, "delta": 12.314991}}
{"target": 0.6179964548460202, "params": {"u": 6.339752987804225, "v": 1.7951100039787944, "w": 10.310778047446455, "x": 2.216795291484118, "y": 2.667993777859627}, "datetime": {"datetime": "2024-02-25 10:33:25", "elapsed": 2510.225975, "delta": 8.069448}}
{"target": 0.6128185642858823, "params": {"u": 6.372726873221337, "v": 1.8431497986636658, "w": 11.322012856036526, "x": 2.331976166132391, "y": 2.5720401311329106}, "datetime": {"datetime": "2024-02-25 10:33:36", "elapsed": 2520.773271, "delta": 10.547296}}
{"target": 0.6529024880963132, "params": {"u": 7.898638726139752, "v": 1.8604291216120723, "w": 11.077553502454698, "x": 2.002348223617415, "y": 2.927444125158095}, "datetime": {"datetime": "2024-02-25 10:33:43", "elapsed": 2528.292151, "delta": 7.51888}}
{"target": 0.8179079507734257, "params": {"u": 6.160828083485592, "v": 1.4113720734642055, "w": 9.62232539078415, "x": 1.5889570161366688, "y": 3.7626830425572213}, "datetime": {"datetime": "2024-02-25 10:33:55", "elapsed": 2539.561975, "delta": 11.269824}}
{"target": -0.09648559215870339, "params": {"u": 8.461996127629085, "v": 8.01290677507627, "w": 9.046568674503757, "x": 4.6389412314912635, "y": 0.5325056254645074}, "datetime": {"datetime": "2024-02-25 10:34:02", "elapsed": 2546.729884, "delta": 7.167909}}
{"target": 0.485045207842589, "params": {"u": 7.048493697038359, "v": 2.7066861079184785, "w": 10.34753601938785, "x": 3.1172654119296226, "y": 1.7538338154510995}, "datetime": {"datetime": "2024-02-25 10:34:12", "elapsed": 2557.221191, "delta": 10.491307}}
{"target": 0.38709822383497866, "params": {"u": 6.45723319380148, "v": 2.7284653342906404, "w": 9.744569223816018, "x": 3.8029897839495943, "y": 0.9443463625677432}, "datetime": {"datetime": "2024-02-25 10:34:24", "elapsed": 2568.586422, "delta": 11.365231}}
{"target": -0.010651342553511516, "params": {"u": 10.461932261179777, "v": 10.290725449245622, "w": 1.9604241146649524, "x": 2.5376757502805116, "y": 4.945520039709218}, "datetime": {"datetime": "2024-02-25 10:34:28", "elapsed": 2572.748475, "delta": 4.162053}}
