{"target": -0.7044023201806134, "params": {"colsample_bytree": 0.5069025782251084, "learning_rate": 0.38711706895850523, "max_bin_exp": 8.902819795229988, "max_depth": 5.436822387225851, "n_estimators": 4425.794698259844, "reg_alpha": 2.5922714617843985, "reg_lambda": 0.9152893667984868}, "datetime": {"datetime": "2024-02-19 17:45:41", "elapsed": 583.629101, "delta": 5.374982}}
{"target": -2.134898426547787, "params": {"colsample_bytree": 1.0, "learning_rate": 0.001, "max_bin_exp": 10.0, "max_depth": 3.5868465382050436, "n_estimators": 4304.67864603944, "reg_alpha": 0.0, "reg_lambda": 0.0}, "datetime": {"datetime": "2024-02-19 17:45:44", "elapsed": 587.54391, "delta": 3.914809}}
{"target": -0.807009422102313, "params": {"colsample_bytree": 0.7567684213243897, "learning_rate": 0.3700824371565016, "max_bin_exp": 5.546171183310976, "max_depth": 3.088013268823949, "n_estimators": 4364.043109650819, "reg_alpha": 2.359260958117384, "reg_lambda": 2.625334395292514}, "datetime": {"datetime": "2024-02-19 17:45:47", "elapsed": 590.222329, "delta": 2.678419}}
{"target": -1.8276072592152743, "params": {"colsample_bytree": 0.26256296755298075, "learning_rate": 0.39140863225287764, "max_bin_exp": 5.8029470249287005, "max_depth": 5.509138138757718, "n_estimators": 4427.733733454521, "reg_alpha": 2.3485989230180007, "reg_lambda": 2.691381311562096}, "datetime": {"datetime": "2024-02-19 17:45:51", "elapsed": 594.097637, "delta": 3.875308}}
{"target": -1.3872830754943504, "params": {"colsample_bytree": 1.0, "learning_rate": 0.001, "max_bin_exp": 10.0, "max_depth": 4.460624456257108, "n_estimators": 4288.918080139667, "reg_alpha": 2.9200817923120637, "reg_lambda": 0.04966961682572856}, "datetime": {"datetime": "2024-02-19 17:45:56", "elapsed": 598.737672, "delta": 4.640035}}
{"target": -0.6629179882908134, "params": {"colsample_bytree": 0.48697866542754104, "learning_rate": 0.04137949234299463, "max_bin_exp": 8.915283906684188, "max_depth": 4.166011893613684, "n_estimators": 4428.316888335061, "reg_alpha": 1.8465371494562504, "reg_lambda": 0.15551132138318613}, "datetime": {"datetime": "2024-02-19 17:46:00", "elapsed": 603.012091, "delta": 4.274419}}
{"target": -0.7371294701477165, "params": {"colsample_bytree": 0.9356357288974531, "learning_rate": 0.024737092349801783, "max_bin_exp": 8.551989700999197, "max_depth": 2.875728543140471, "n_estimators": 4292.891843352182, "reg_alpha": 0.8672621146566762, "reg_lambda": 2.5203443212129475}, "datetime": {"datetime": "2024-02-19 17:46:02", "elapsed": 605.20396, "delta": 2.191869}}
{"target": -0.6017026920109464, "params": {"colsample_bytree": 0.8618730113929876, "learning_rate": 0.03596217040754242, "max_bin_exp": 8.85687490867097, "max_depth": 5.432847464537561, "n_estimators": 4284.03885794378, "reg_alpha": 0.3955469676010971, "reg_lambda": 0.8730463747206924}, "datetime": {"datetime": "2024-02-19 17:46:07", "elapsed": 610.080409, "delta": 4.876449}}
{"target": -0.7860325174686985, "params": {"colsample_bytree": 0.5686739527379375, "learning_rate": 0.38952257227053577, "max_bin_exp": 7.987024363669203, "max_depth": 4.193411166624484, "n_estimators": 4269.145239715871, "reg_alpha": 2.9292672844734167, "reg_lambda": 0.6830649332738575}, "datetime": {"datetime": "2024-02-19 17:46:11", "elapsed": 613.888099, "delta": 3.80769}}
{"target": -0.7180238882404679, "params": {"colsample_bytree": 0.6040263118765619, "learning_rate": 0.39252458144196656, "max_bin_exp": 9.883348369400554, "max_depth": 2.2781484456221026, "n_estimators": 4368.629047971676, "reg_alpha": 1.6083144436202343, "reg_lambda": 2.2210734737643536}, "datetime": {"datetime": "2024-02-19 17:46:13", "elapsed": 616.332983, "delta": 2.444884}}
{"target": -3.227335177660075, "params": {"colsample_bytree": 0.2, "learning_rate": 0.001, "max_bin_exp": 5.548570280762492, "max_depth": 6.0, "n_estimators": 4275.685345558201, "reg_alpha": 0.0, "reg_lambda": 3.0}, "datetime": {"datetime": "2024-02-19 17:46:17", "elapsed": 620.188126, "delta": 3.855143}}
{"target": -0.8430703584841396, "params": {"colsample_bytree": 0.2759420580327466, "learning_rate": 0.06599176290012546, "max_bin_exp": 9.835768846487749, "max_depth": 5.679788637174414, "n_estimators": 4397.727486680129, "reg_alpha": 1.6702294260436903, "reg_lambda": 1.0935281173815465}, "datetime": {"datetime": "2024-02-19 17:46:37", "elapsed": 639.880822, "delta": 19.692696}}
{"target": -0.6491926448034369, "params": {"colsample_bytree": 0.5478832344127614, "learning_rate": 0.058856003049725235, "max_bin_exp": 8.24008410845281, "max_depth": 5.989342698894131, "n_estimators": 4272.762059062728, "reg_alpha": 2.430481769651996, "reg_lambda": 0.33069048312061433}, "datetime": {"datetime": "2024-02-19 17:46:42", "elapsed": 644.813131, "delta": 4.932309}}
{"target": -0.8382047586251986, "params": {"colsample_bytree": 0.38154531714257667, "learning_rate": 0.3392038941349458, "max_bin_exp": 7.849295026801962, "max_depth": 5.288314870919502, "n_estimators": 4385.63187734919, "reg_alpha": 2.9384083908084606, "reg_lambda": 2.0324991847333744}, "datetime": {"datetime": "2024-02-19 17:46:46", "elapsed": 649.163368, "delta": 4.350237}}
{"target": -0.6773083208631269, "params": {"colsample_bytree": 0.5394570522470783, "learning_rate": 0.1615517651089869, "max_bin_exp": 9.420218341010564, "max_depth": 5.814156862833505, "n_estimators": 4278.807359802908, "reg_alpha": 2.234507464752294, "reg_lambda": 0.0739415386208655}, "datetime": {"datetime": "2024-02-19 17:46:51", "elapsed": 654.566768, "delta": 5.4034}}
{"target": -0.9448478097885219, "params": {"colsample_bytree": 0.20111788143403342, "learning_rate": 0.3920184266960063, "max_bin_exp": 9.400819597350129, "max_depth": 5.959167819368013, "n_estimators": 4275.154357590328, "reg_alpha": 2.2887879878688926, "reg_lambda": 0.5427615088237455}, "datetime": {"datetime": "2024-02-19 17:47:14", "elapsed": 677.279545, "delta": 22.712777}}
{"target": -0.7256410127574741, "params": {"colsample_bytree": 0.6421516467837187, "learning_rate": 0.41915843912446604, "max_bin_exp": 8.440067498371453, "max_depth": 4.11269063934696, "n_estimators": 4280.933359164008, "reg_alpha": 0.5464679006566964, "reg_lambda": 0.030097921033349184}, "datetime": {"datetime": "2024-02-19 17:47:18", "elapsed": 681.299446, "delta": 4.019901}}
{"target": -0.7075802410248205, "params": {"colsample_bytree": 0.5869063324656327, "learning_rate": 0.31168936175784046, "max_bin_exp": 6.9641758399731835, "max_depth": 5.917810023230179, "n_estimators": 4285.537099380048, "reg_alpha": 2.5914765574023186, "reg_lambda": 1.5034099088252235}, "datetime": {"datetime": "2024-02-19 17:47:23", "elapsed": 685.927526, "delta": 4.62808}}
{"target": -0.6621800377593131, "params": {"colsample_bytree": 0.8686842025496555, "learning_rate": 0.19694213187014728, "max_bin_exp": 6.714828417224066, "max_depth": 4.349195276062458, "n_estimators": 1962.2367071216947, "reg_alpha": 0.6520772357265632, "reg_lambda": 0.8051878383278226}, "datetime": {"datetime": "2024-02-19 17:47:25", "elapsed": 687.594874, "delta": 1.667348}}
{"target": -1.1281829392446858, "params": {"colsample_bytree": 0.6826969266340708, "learning_rate": 0.276711693042739, "max_bin_exp": 4.095990084990574, "max_depth": 4.932165258119488, "n_estimators": 4398.050518741855, "reg_alpha": 2.9386054529002172, "reg_lambda": 1.719876666364267}, "datetime": {"datetime": "2024-02-19 17:47:28", "elapsed": 690.973984, "delta": 3.37911}}
{"target": -0.5873924176078265, "params": {"colsample_bytree": 0.8091930462786379, "learning_rate": 0.020566826895948055, "max_bin_exp": 9.064401961608748, "max_depth": 5.356369816891176, "n_estimators": 4392.376055413338, "reg_alpha": 1.1832188026309987, "reg_lambda": 2.705490462536086}, "datetime": {"datetime": "2024-02-19 17:47:34", "elapsed": 696.621562, "delta": 5.647578}}
{"target": -0.6618520647283465, "params": {"colsample_bytree": 0.9731272248784935, "learning_rate": 0.082040832133675, "max_bin_exp": 8.923054067199438, "max_depth": 3.438556191706934, "n_estimators": 4404.854275695285, "reg_alpha": 1.0511963942831226, "reg_lambda": 0.015215098664767779}, "datetime": {"datetime": "2024-02-19 17:47:37", "elapsed": 699.611213, "delta": 2.989651}}
{"target": -0.615824418844162, "params": {"colsample_bytree": 0.9351291543967071, "learning_rate": 0.30692359853177403, "max_bin_exp": 9.971691619182021, "max_depth": 5.723585852751692, "n_estimators": 4423.09709057796, "reg_alpha": 2.558568240489766, "reg_lambda": 2.5015425334826533}, "datetime": {"datetime": "2024-02-19 17:47:42", "elapsed": 705.317283, "delta": 5.70607}}
{"target": -4.140990275047081, "params": {"colsample_bytree": 0.2, "learning_rate": 0.001, "max_bin_exp": 6.920679539848708, "max_depth": 2.8685168449501353, "n_estimators": 4392.586866668946, "reg_alpha": 3.0, "reg_lambda": 3.0}, "datetime": {"datetime": "2024-02-19 17:47:44", "elapsed": 707.486278, "delta": 2.168995}}
{"target": -0.7063955965586746, "params": {"colsample_bytree": 0.6690354752334957, "learning_rate": 0.18439111926972576, "max_bin_exp": 7.661530594369769, "max_depth": 3.2521655167538137, "n_estimators": 4272.600284918586, "reg_alpha": 1.2046411485441706, "reg_lambda": 0.31707578640773615}, "datetime": {"datetime": "2024-02-19 17:47:47", "elapsed": 710.28059, "delta": 2.794312}}
{"target": -0.820154928873514, "params": {"colsample_bytree": 0.3399914193413538, "learning_rate": 0.35492294985152184, "max_bin_exp": 7.388299773419528, "max_depth": 4.2941654011468575, "n_estimators": 4398.977433576619, "reg_alpha": 2.1855263994235425, "reg_lambda": 0.6176321752409855}, "datetime": {"datetime": "2024-02-19 17:47:51", "elapsed": 714.039588, "delta": 3.758998}}
{"target": -0.7741855012533472, "params": {"colsample_bytree": 0.9173050119395756, "learning_rate": 0.4634392953989719, "max_bin_exp": 7.835979723303294, "max_depth": 3.339530585925153, "n_estimators": 4294.722982987316, "reg_alpha": 0.5231234804536841, "reg_lambda": 0.3275751511961157}, "datetime": {"datetime": "2024-02-19 17:47:54", "elapsed": 717.120844, "delta": 3.081256}}
{"target": -0.6782587413025246, "params": {"colsample_bytree": 0.34222600471185616, "learning_rate": 0.06562574657084565, "max_bin_exp": 9.579195508454358, "max_depth": 5.6815473517493045, "n_estimators": 1978.2842082991622, "reg_alpha": 2.6167803739173, "reg_lambda": 0.024004493822833872}, "datetime": {"datetime": "2024-02-19 17:47:56", "elapsed": 719.245724, "delta": 2.12488}}
{"target": -0.7417838366584505, "params": {"colsample_bytree": 0.4995540219218564, "learning_rate": 0.46109721984075835, "max_bin_exp": 7.721681506986586, "max_depth": 4.9181542375089595, "n_estimators": 4271.207420946572, "reg_alpha": 2.7204922676832037, "reg_lambda": 2.926863673254592}, "datetime": {"datetime": "2024-02-19 17:48:00", "elapsed": 722.869379, "delta": 3.623655}}
{"target": -0.9198114459087365, "params": {"colsample_bytree": 0.22135680085344608, "learning_rate": 0.41352957840935195, "max_bin_exp": 9.86585337641657, "max_depth": 4.435881306942119, "n_estimators": 4402.9187102090045, "reg_alpha": 0.5751879633728273, "reg_lambda": 1.7406762055923197}, "datetime": {"datetime": "2024-02-19 17:48:03", "elapsed": 726.423052, "delta": 3.553673}}
{"target": -0.6875051696368143, "params": {"colsample_bytree": 1.0, "learning_rate": 0.5, "max_bin_exp": 9.47833758665387, "max_depth": 4.953036186091774, "n_estimators": 4312.862480144202, "reg_alpha": 0.0, "reg_lambda": 1.0506722923552758}, "datetime": {"datetime": "2024-02-19 17:48:07", "elapsed": 730.437605, "delta": 4.014553}}
{"target": -0.8626198686043433, "params": {"colsample_bytree": 0.2510305012465717, "learning_rate": 0.12080083037727032, "max_bin_exp": 9.77241943780028, "max_depth": 5.243820477600934, "n_estimators": 4394.148463445147, "reg_alpha": 0.19007523591596132, "reg_lambda": 2.9098468234165775}, "datetime": {"datetime": "2024-02-19 17:48:12", "elapsed": 734.904169, "delta": 4.466564}}
{"target": -0.6118600204805938, "params": {"colsample_bytree": 0.6220141327377275, "learning_rate": 0.07423923764458745, "max_bin_exp": 9.374883114588226, "max_depth": 4.994923255580175, "n_estimators": 4387.624721782329, "reg_alpha": 0.02799911740546579, "reg_lambda": 2.5550681589555566}, "datetime": {"datetime": "2024-02-19 17:48:16", "elapsed": 739.163661, "delta": 4.259492}}
{"target": -0.6929423013499918, "params": {"colsample_bytree": 0.29224674024884734, "learning_rate": 0.16405742731912548, "max_bin_exp": 8.682506435373707, "max_depth": 3.180660998668236, "n_estimators": 4309.987981893989, "reg_alpha": 2.3509085367943396, "reg_lambda": 2.5843438621977732}, "datetime": {"datetime": "2024-02-19 17:48:19", "elapsed": 742.243742, "delta": 3.080081}}
{"target": -0.7380767720563354, "params": {"colsample_bytree": 0.5479350139707728, "learning_rate": 0.28611228007946565, "max_bin_exp": 8.704994705821905, "max_depth": 3.8821206517130764, "n_estimators": 4298.72450135755, "reg_alpha": 2.8909092028458208, "reg_lambda": 0.10000676719790735}, "datetime": {"datetime": "2024-02-19 17:48:22", "elapsed": 745.207202, "delta": 2.96346}}
{"target": -0.6502549524805792, "params": {"colsample_bytree": 0.8036300670332859, "learning_rate": 0.3427680527353443, "max_bin_exp": 8.029483604839953, "max_depth": 5.989682246944815, "n_estimators": 1964.4238854060982, "reg_alpha": 0.3396793157460003, "reg_lambda": 0.3219811346495184}, "datetime": {"datetime": "2024-02-19 17:48:24", "elapsed": 747.519766, "delta": 2.312564}}
{"target": -0.633317445983404, "params": {"colsample_bytree": 0.8785566696224536, "learning_rate": 0.27268139789174906, "max_bin_exp": 9.556178938756522, "max_depth": 5.419474295906852, "n_estimators": 4282.482844899988, "reg_alpha": 2.5422942329172353, "reg_lambda": 0.12960620428932101}, "datetime": {"datetime": "2024-02-19 17:48:30", "elapsed": 752.863951, "delta": 5.344185}}
{"target": -3.12021020839807, "params": {"colsample_bytree": 1.0, "learning_rate": 0.001, "max_bin_exp": 10.0, "max_depth": 2.8960343164412268, "n_estimators": 4412.9657271607175, "reg_alpha": 0.0, "reg_lambda": 3.0}, "datetime": {"datetime": "2024-02-19 17:48:33", "elapsed": 755.889328, "delta": 3.025377}}
{"target": -0.677764046578169, "params": {"colsample_bytree": 0.739048305860053, "learning_rate": 0.475454375456748, "max_bin_exp": 9.87583841288801, "max_depth": 5.817024682508934, "n_estimators": 4308.579396020361, "reg_alpha": 2.974488578009794, "reg_lambda": 2.7008771321164824}, "datetime": {"datetime": "2024-02-19 17:48:38", "elapsed": 761.198458, "delta": 5.30913}}
{"target": -0.9329125291155397, "params": {"colsample_bytree": 0.24392826099918363, "learning_rate": 0.34128242923538366, "max_bin_exp": 9.34857687436931, "max_depth": 5.956435561051869, "n_estimators": 4429.943394868212, "reg_alpha": 0.05276129959705622, "reg_lambda": 1.6370120518392626}, "datetime": {"datetime": "2024-02-19 17:48:43", "elapsed": 765.656816, "delta": 4.458358}}
{"target": -0.9192810326687741, "params": {"colsample_bytree": 0.32193920928365705, "learning_rate": 0.44775873695858215, "max_bin_exp": 5.566288661331, "max_depth": 5.594763293227526, "n_estimators": 1964.6377813831718, "reg_alpha": 0.4305090309016577, "reg_lambda": 2.6799985763398926}, "datetime": {"datetime": "2024-02-19 17:48:44", "elapsed": 767.549929, "delta": 1.893113}}
{"target": -0.6406890133989526, "params": {"colsample_bytree": 1.0, "learning_rate": 0.5, "max_bin_exp": 10.0, "max_depth": 5.655646369905312, "n_estimators": 1978.1507527067124, "reg_alpha": 3.0, "reg_lambda": 2.9936231621346447}, "datetime": {"datetime": "2024-02-19 17:48:47", "elapsed": 770.25273, "delta": 2.702801}}
{"target": -0.6538666613946316, "params": {"colsample_bytree": 1.0, "learning_rate": 0.5, "max_bin_exp": 10.0, "max_depth": 4.855432994046328, "n_estimators": 4424.5340427613555, "reg_alpha": 0.031579705450839046, "reg_lambda": 2.2549085287842963}, "datetime": {"datetime": "2024-02-19 17:48:52", "elapsed": 775.289604, "delta": 5.036874}}
{"target": -0.8580568027277543, "params": {"colsample_bytree": 0.2542110544749638, "learning_rate": 0.2783239268683987, "max_bin_exp": 6.913056628825221, "max_depth": 5.296277776869539, "n_estimators": 4279.671867898023, "reg_alpha": 1.9511678191660227, "reg_lambda": 0.5632909826837526}, "datetime": {"datetime": "2024-02-19 17:48:56", "elapsed": 779.242387, "delta": 3.952783}}
{"target": -0.7532472983289931, "params": {"colsample_bytree": 0.3094582920470237, "learning_rate": 0.33775693422048786, "max_bin_exp": 9.825673534337032, "max_depth": 5.946696130357855, "n_estimators": 4419.5350493934775, "reg_alpha": 2.3218453538514225, "reg_lambda": 2.058626670237456}, "datetime": {"datetime": "2024-02-19 17:49:01", "elapsed": 784.462767, "delta": 5.22038}}
{"target": -0.9113659608080273, "params": {"colsample_bytree": 0.20774255656620622, "learning_rate": 0.4940865998639511, "max_bin_exp": 8.857806201756823, "max_depth": 5.962589646160838, "n_estimators": 4271.3937200698265, "reg_alpha": 0.03548062677633945, "reg_lambda": 0.7617045223617411}, "datetime": {"datetime": "2024-02-19 17:49:06", "elapsed": 788.596957, "delta": 4.13419}}
{"target": -1.4131855538312146, "params": {"colsample_bytree": 1.0, "learning_rate": 0.001, "max_bin_exp": 6.890102918974034, "max_depth": 6.0, "n_estimators": 1975.3498931789527, "reg_alpha": 3.0, "reg_lambda": 0.0}, "datetime": {"datetime": "2024-02-19 17:49:08", "elapsed": 790.917768, "delta": 2.320811}}
{"target": -0.7162229178065412, "params": {"colsample_bytree": 1.0, "learning_rate": 0.5, "max_bin_exp": 8.473138605061166, "max_depth": 6.0, "n_estimators": 1603.0922137629186, "reg_alpha": 0.0, "reg_lambda": 0.0}, "datetime": {"datetime": "2024-02-19 17:49:10", "elapsed": 793.555934, "delta": 2.638166}}
{"target": -0.6639931409383827, "params": {"colsample_bytree": 1.0, "learning_rate": 0.5, "max_bin_exp": 10.0, "max_depth": 6.0, "n_estimators": 4393.239490458178, "reg_alpha": 2.7324754314464563, "reg_lambda": 0.6216847908593394}, "datetime": {"datetime": "2024-02-19 17:49:18", "elapsed": 800.763102, "delta": 7.207168}}
{"target": -0.649119732442473, "params": {"colsample_bytree": 0.9077583446746336, "learning_rate": 0.2993329653163541, "max_bin_exp": 7.210836071152734, "max_depth": 5.123172509626042, "n_estimators": 4436.523384428322, "reg_alpha": 2.936355843814329, "reg_lambda": 1.8175165769224517}, "datetime": {"datetime": "2024-02-19 17:49:22", "elapsed": 805.49716, "delta": 4.734058}}
{"target": -0.9095366764241996, "params": {"colsample_bytree": 0.2785783795991516, "learning_rate": 0.4910552866892899, "max_bin_exp": 8.6821459407541, "max_depth": 4.399243657353962, "n_estimators": 4406.865319527196, "reg_alpha": 2.6732777553786846, "reg_lambda": 2.1246667389535885}, "datetime": {"datetime": "2024-02-19 17:49:26", "elapsed": 808.827614, "delta": 3.330454}}
{"target": -0.6647150183278344, "params": {"colsample_bytree": 0.5521620485199594, "learning_rate": 0.13315762709517218, "max_bin_exp": 7.404635491105525, "max_depth": 5.748631470408873, "n_estimators": 1618.9684722754575, "reg_alpha": 0.4702854031713174, "reg_lambda": 0.6983444080492602}, "datetime": {"datetime": "2024-02-19 17:49:28", "elapsed": 810.787347, "delta": 1.959733}}
{"target": -0.7876858080582039, "params": {"colsample_bytree": 0.36678611998556276, "learning_rate": 0.2732713306485365, "max_bin_exp": 7.075198129581102, "max_depth": 4.960849544521858, "n_estimators": 4300.1916549514635, "reg_alpha": 1.897051006577302, "reg_lambda": 1.9009827899232752}, "datetime": {"datetime": "2024-02-19 17:49:31", "elapsed": 814.472163, "delta": 3.684816}}
{"target": -0.9034152448641272, "params": {"colsample_bytree": 0.23776327904339978, "learning_rate": 0.47972579973590596, "max_bin_exp": 9.207828369412098, "max_depth": 5.5036215181646675, "n_estimators": 1968.7522207026127, "reg_alpha": 2.7273899844653333, "reg_lambda": 1.865082634401025}, "datetime": {"datetime": "2024-02-19 17:49:33", "elapsed": 816.493558, "delta": 2.021395}}
{"target": -3.143473222279602, "params": {"colsample_bytree": 0.25074278540181827, "learning_rate": 0.1514396532061215, "max_bin_exp": 4.192742337398978, "max_depth": 5.978665659121477, "n_estimators": 4395.802055901745, "reg_alpha": 0.5531473238816634, "reg_lambda": 1.3846333883199355}, "datetime": {"datetime": "2024-02-19 17:49:37", "elapsed": 820.224301, "delta": 3.730743}}
{"target": -0.6634211114204478, "params": {"colsample_bytree": 0.8543062109820487, "learning_rate": 0.42572921137785164, "max_bin_exp": 9.21548070211228, "max_depth": 4.052004491088729, "n_estimators": 4368.073459604499, "reg_alpha": 0.31608114442550506, "reg_lambda": 2.948845683988882}, "datetime": {"datetime": "2024-02-19 17:49:42", "elapsed": 824.597558, "delta": 4.373257}}
{"target": -0.7121762786798337, "params": {"colsample_bytree": 0.6577239150966442, "learning_rate": 0.2739879019405737, "max_bin_exp": 7.574653677861461, "max_depth": 3.6961346954085172, "n_estimators": 4397.369118906659, "reg_alpha": 2.4346907030286933, "reg_lambda": 2.9300277149248224}, "datetime": {"datetime": "2024-02-19 17:49:45", "elapsed": 827.750153, "delta": 3.152595}}
{"target": -0.6267136899077508, "params": {"colsample_bytree": 0.67155169898408, "learning_rate": 0.2078221564376899, "max_bin_exp": 9.929595809426267, "max_depth": 3.6212271585607514, "n_estimators": 1975.1226353318023, "reg_alpha": 2.914109411787834, "reg_lambda": 2.5965707608306765}, "datetime": {"datetime": "2024-02-19 17:49:46", "elapsed": 829.21907, "delta": 1.468917}}
{"target": -0.7148857707244585, "params": {"colsample_bytree": 0.5330608786375355, "learning_rate": 0.07612771263282708, "max_bin_exp": 9.889673390933396, "max_depth": 2.9223750747272956, "n_estimators": 4270.552314363268, "reg_alpha": 2.5522780410264883, "reg_lambda": 2.6208620721515126}, "datetime": {"datetime": "2024-02-19 17:49:49", "elapsed": 831.83967, "delta": 2.6206}}
