{"target": -2.5427796935616764, "params": {"colsample_bytree": 0.8941352658092778, "learning_rate": 0.14674928438637083, "max_bin_exp": 8.35612875681556, "max_depth": 1.1244046944930473, "n_estimators": 928.6414423863287, "reg_alpha": 2.8705540213124974, "reg_lambda": 0.08897441385918148}, "datetime": {"datetime": "2024-02-19 18:18:07", "elapsed": 96.003279, "delta": 0.436646}}
{"target": -0.7115182732329919, "params": {"colsample_bytree": 0.8020702241780595, "learning_rate": 0.034794951191051325, "max_bin_exp": 9.53417788059639, "max_depth": 2.899798142060263, "n_estimators": 4716.004727737044, "reg_alpha": 1.9420942156635812, "reg_lambda": 1.5263559609057504}, "datetime": {"datetime": "2024-02-19 18:18:10", "elapsed": 98.723572, "delta": 2.720293}}
{"target": -0.7612363414776071, "params": {"colsample_bytree": 0.3237172629088962, "learning_rate": 0.4307802739940998, "max_bin_exp": 9.163001549105177, "max_depth": 5.966605302359878, "n_estimators": 2950.1826148054374, "reg_alpha": 1.771099030851198, "reg_lambda": 2.9714884514848787}, "datetime": {"datetime": "2024-02-19 18:18:12", "elapsed": 100.826921, "delta": 2.103349}}
{"target": -0.7591905371264785, "params": {"colsample_bytree": 0.3855572643989724, "learning_rate": 0.3289906137625912, "max_bin_exp": 7.370526374763804, "max_depth": 5.805279915828354, "n_estimators": 1137.0103806166362, "reg_alpha": 2.151423866854441, "reg_lambda": 2.556185987537421}, "datetime": {"datetime": "2024-02-19 18:18:13", "elapsed": 101.850781, "delta": 1.02386}}
{"target": -0.8559974820040311, "params": {"colsample_bytree": 0.67008020808573, "learning_rate": 0.39726163106405454, "max_bin_exp": 5.399435234674112, "max_depth": 5.977006128477534, "n_estimators": 4551.7596220171845, "reg_alpha": 2.5209021207457534, "reg_lambda": 0.24947791597318092}, "datetime": {"datetime": "2024-02-19 18:18:17", "elapsed": 106.237825, "delta": 4.387044}}
{"target": -3.1453594544579797, "params": {"colsample_bytree": 0.429190899246154, "learning_rate": 0.16929568502294062, "max_bin_exp": 4.2380633793853155, "max_depth": 1.4497451030479844, "n_estimators": 3953.8409463202697, "reg_alpha": 1.8569610268732832, "reg_lambda": 1.5243852552454806}, "datetime": {"datetime": "2024-02-19 18:18:19", "elapsed": 107.891394, "delta": 1.653569}}
{"target": -1.153416945463306, "params": {"colsample_bytree": 0.7204228103137174, "learning_rate": 0.23857989149007366, "max_bin_exp": 4.459439328225608, "max_depth": 3.9930005622849567, "n_estimators": 2874.241555883038, "reg_alpha": 1.941610233580532, "reg_lambda": 0.8351900801551954}, "datetime": {"datetime": "2024-02-19 18:18:20", "elapsed": 109.007255, "delta": 1.115861}}
{"target": -2.035574526871469, "params": {"colsample_bytree": 1.0, "learning_rate": 0.001, "max_bin_exp": 4.0, "max_depth": 6.0, "n_estimators": 2088.8361873507683, "reg_alpha": 3.0, "reg_lambda": 0.0}, "datetime": {"datetime": "2024-02-19 18:18:22", "elapsed": 111.292694, "delta": 2.285439}}
{"target": -1.1865717434528014, "params": {"colsample_bytree": 0.7743396991809277, "learning_rate": 0.4196219203834672, "max_bin_exp": 9.561638056063039, "max_depth": 1.1286381901967175, "n_estimators": 2013.1278508618252, "reg_alpha": 1.5016965259336779, "reg_lambda": 0.03585006036324878}, "datetime": {"datetime": "2024-02-19 18:18:23", "elapsed": 112.094017, "delta": 0.801323}}
{"target": -1.1207427854608052, "params": {"colsample_bytree": 1.0, "learning_rate": 0.5, "max_bin_exp": 4.0, "max_depth": 6.0, "n_estimators": 4471.520329555309, "reg_alpha": 0.0, "reg_lambda": 3.0}, "datetime": {"datetime": "2024-02-19 18:18:29", "elapsed": 117.961755, "delta": 5.867738}}
{"target": -3.0068471886829093, "params": {"colsample_bytree": 0.25961863944724234, "learning_rate": 0.16583042111011936, "max_bin_exp": 9.458012342753989, "max_depth": 1.5405333416481584, "n_estimators": 3075.2085430204515, "reg_alpha": 2.9537004320353692, "reg_lambda": 2.0014236640556797}, "datetime": {"datetime": "2024-02-19 18:18:30", "elapsed": 118.712185, "delta": 0.75043}}
{"target": -1.4238080684910546, "params": {"colsample_bytree": 0.7896099947545765, "learning_rate": 0.3205540987821, "max_bin_exp": 8.654370045207346, "max_depth": 1.6007602116421762, "n_estimators": 2802.830206241289, "reg_alpha": 2.3561146051188135, "reg_lambda": 2.6131303020911067}, "datetime": {"datetime": "2024-02-19 18:18:30", "elapsed": 119.435061, "delta": 0.722876}}
{"target": -3.9391820937500004, "params": {"colsample_bytree": 0.8349081493703805, "learning_rate": 0.1310466795126141, "max_bin_exp": 4.096518796021755, "max_depth": 1.15501446039772, "n_estimators": 485.59495716805685, "reg_alpha": 1.152665987791372, "reg_lambda": 2.365560712516833}, "datetime": {"datetime": "2024-02-19 18:18:31", "elapsed": 119.655485, "delta": 0.220424}}
{"target": -0.709241020011991, "params": {"colsample_bytree": 0.5880989437271965, "learning_rate": 0.303357015255822, "max_bin_exp": 8.947406568984992, "max_depth": 2.7018209139383424, "n_estimators": 2151.0005703069637, "reg_alpha": 1.4300114850802326, "reg_lambda": 0.5801287686849251}, "datetime": {"datetime": "2024-02-19 18:18:32", "elapsed": 120.616133, "delta": 0.960648}}
{"target": -0.6907087028403073, "params": {"colsample_bytree": 0.6776713359013362, "learning_rate": 0.44567776107573387, "max_bin_exp": 8.889944575400424, "max_depth": 3.493595224421761, "n_estimators": 2366.0583879266296, "reg_alpha": 1.5695236493078977, "reg_lambda": 2.0666852753913707}, "datetime": {"datetime": "2024-02-19 18:18:33", "elapsed": 121.87968, "delta": 1.263547}}
{"target": -0.7564102413828935, "params": {"colsample_bytree": 0.3793767861481143, "learning_rate": 0.4919265540501967, "max_bin_exp": 7.731406315039298, "max_depth": 4.397502640615473, "n_estimators": 550.9785501797486, "reg_alpha": 2.9445938286831064, "reg_lambda": 2.910236795837745}, "datetime": {"datetime": "2024-02-19 18:18:34", "elapsed": 122.98543, "delta": 1.10575}}
{"target": -3.002715352248117, "params": {"colsample_bytree": 0.7896664680247418, "learning_rate": 0.08332491729662483, "max_bin_exp": 9.17965394318494, "max_depth": 1.375058994478004, "n_estimators": 707.6045687097808, "reg_alpha": 1.1035540247472984, "reg_lambda": 2.4131537883881378}, "datetime": {"datetime": "2024-02-19 18:18:34", "elapsed": 123.457377, "delta": 0.471947}}
{"target": -0.7036095950859228, "params": {"colsample_bytree": 0.46631623506744957, "learning_rate": 0.3457543849669941, "max_bin_exp": 9.993902417040616, "max_depth": 2.237510433148551, "n_estimators": 2744.2770809952876, "reg_alpha": 2.3416917014980223, "reg_lambda": 1.4726668345884115}, "datetime": {"datetime": "2024-02-19 18:18:35", "elapsed": 124.457162, "delta": 0.999785}}
{"target": -3.143480717534722, "params": {"colsample_bytree": 0.2, "learning_rate": 0.5, "max_bin_exp": 4.0, "max_depth": 6.0, "n_estimators": 4691.392973593969, "reg_alpha": 3.0, "reg_lambda": 3.0}, "datetime": {"datetime": "2024-02-19 18:18:39", "elapsed": 128.009644, "delta": 3.552482}}
{"target": -0.8592689806820857, "params": {"colsample_bytree": 0.23626830587229125, "learning_rate": 0.16805231102825927, "max_bin_exp": 6.578293141554877, "max_depth": 5.645820366419844, "n_estimators": 3014.746206762557, "reg_alpha": 1.5070339567704205, "reg_lambda": 1.9235799028692528}, "datetime": {"datetime": "2024-02-19 18:18:40", "elapsed": 129.526031, "delta": 1.516387}}
{"target": -0.6761955898702331, "params": {"colsample_bytree": 0.2969692611800584, "learning_rate": 0.0620402264754914, "max_bin_exp": 6.834053097590935, "max_depth": 3.0488719399025346, "n_estimators": 4736.762477974546, "reg_alpha": 1.9943564285299358, "reg_lambda": 1.4141355606033756}, "datetime": {"datetime": "2024-02-19 18:18:43", "elapsed": 132.288318, "delta": 2.762287}}
{"target": -0.6677941366084039, "params": {"colsample_bytree": 0.72430452267494, "learning_rate": 0.44369501972129416, "max_bin_exp": 8.506496655711075, "max_depth": 5.200733880337707, "n_estimators": 756.5922442546685, "reg_alpha": 2.846105065144458, "reg_lambda": 1.7562322864911648}, "datetime": {"datetime": "2024-02-19 18:18:44", "elapsed": 133.488982, "delta": 1.200664}}
{"target": -0.738850446719412, "params": {"colsample_bytree": 0.4865020058618102, "learning_rate": 0.40927383559518177, "max_bin_exp": 8.356244964076929, "max_depth": 3.3379564255687786, "n_estimators": 4638.505325761034, "reg_alpha": 2.83236246431806, "reg_lambda": 0.6780964506102402}, "datetime": {"datetime": "2024-02-19 18:18:47", "elapsed": 136.379699, "delta": 2.890717}}
{"target": -1.28887906617342, "params": {"colsample_bytree": 0.4080222884526527, "learning_rate": 0.1340567162089149, "max_bin_exp": 4.652299938708516, "max_depth": 4.7753955637269065, "n_estimators": 4612.990846587433, "reg_alpha": 0.2519166913185792, "reg_lambda": 2.946490483742243}, "datetime": {"datetime": "2024-02-19 18:18:51", "elapsed": 140.156868, "delta": 3.777169}}
{"target": -0.9645265744203154, "params": {"colsample_bytree": 1.0, "learning_rate": 0.5, "max_bin_exp": 10.0, "max_depth": 1.0, "n_estimators": 1730.4964373809598, "reg_alpha": 3.0, "reg_lambda": 0.0}, "datetime": {"datetime": "2024-02-19 18:18:52", "elapsed": 141.040243, "delta": 0.883375}}
{"target": -2.2665538556320617, "params": {"colsample_bytree": 0.5359061457051337, "learning_rate": 0.27345218710854646, "max_bin_exp": 5.600316989204023, "max_depth": 1.9433302405924904, "n_estimators": 2423.7787336400665, "reg_alpha": 1.6565274099660874, "reg_lambda": 2.3909980078083746}, "datetime": {"datetime": "2024-02-19 18:18:53", "elapsed": 141.732846, "delta": 0.692603}}
{"target": -0.6724447105431969, "params": {"colsample_bytree": 0.6750323532454152, "learning_rate": 0.22945661361531616, "max_bin_exp": 6.35270733116435, "max_depth": 5.941694511027442, "n_estimators": 1107.8035883808689, "reg_alpha": 2.0030844712177673, "reg_lambda": 0.723489816702551}, "datetime": {"datetime": "2024-02-19 18:18:54", "elapsed": 142.815953, "delta": 1.083107}}
{"target": -3.1434796266169376, "params": {"colsample_bytree": 0.2, "learning_rate": 0.5, "max_bin_exp": 4.0, "max_depth": 6.0, "n_estimators": 1844.9237139047839, "reg_alpha": 0.0, "reg_lambda": 0.0}, "datetime": {"datetime": "2024-02-19 18:18:56", "elapsed": 144.712413, "delta": 1.89646}}
{"target": -0.6645987051244703, "params": {"colsample_bytree": 0.5553037121598902, "learning_rate": 0.03079547806281066, "max_bin_exp": 7.436539247585253, "max_depth": 4.790508086999319, "n_estimators": 3897.447836131098, "reg_alpha": 2.2472473596692844, "reg_lambda": 2.5142831852701235}, "datetime": {"datetime": "2024-02-19 18:18:59", "elapsed": 148.393366, "delta": 3.680953}}
{"target": -3.543262614253767, "params": {"colsample_bytree": 0.788537951139729, "learning_rate": 0.04036408451879375, "max_bin_exp": 4.072001127548024, "max_depth": 2.895825291983037, "n_estimators": 126.7046073429434, "reg_alpha": 0.13519050218266115, "reg_lambda": 1.6705797007751406}, "datetime": {"datetime": "2024-02-19 18:19:00", "elapsed": 148.654851, "delta": 0.261485}}
{"target": -1.1326805549357786, "params": {"colsample_bytree": 0.9457855664006727, "learning_rate": 0.4621794497447672, "max_bin_exp": 4.238311850088893, "max_depth": 3.3068165023525196, "n_estimators": 4418.171719300681, "reg_alpha": 0.5381578994119652, "reg_lambda": 1.7527943454033368}, "datetime": {"datetime": "2024-02-19 18:19:02", "elapsed": 151.536055, "delta": 2.881204}}
{"target": -0.6390099801310911, "params": {"colsample_bytree": 0.6381957453479254, "learning_rate": 0.23983786145317754, "max_bin_exp": 9.278001836450324, "max_depth": 4.090338695822979, "n_estimators": 1678.0390982153492, "reg_alpha": 1.9399902974629946, "reg_lambda": 2.406939684739096}, "datetime": {"datetime": "2024-02-19 18:19:04", "elapsed": 153.45194, "delta": 1.915885}}
{"target": -0.7036272325873941, "params": {"colsample_bytree": 0.4225748390611063, "learning_rate": 0.16688716761609373, "max_bin_exp": 7.1159639472709415, "max_depth": 5.512808649612895, "n_estimators": 1081.3984404100422, "reg_alpha": 0.39313219353477036, "reg_lambda": 2.428495220859694}, "datetime": {"datetime": "2024-02-19 18:19:05", "elapsed": 154.454817, "delta": 1.002877}}
{"target": -1.7124962616907038, "params": {"colsample_bytree": 0.41066566383513714, "learning_rate": 0.14725343340539473, "max_bin_exp": 4.297947725958082, "max_depth": 3.9958913566884027, "n_estimators": 1165.5438349935027, "reg_alpha": 1.3258522514659035, "reg_lambda": 2.5586364647944566}, "datetime": {"datetime": "2024-02-19 18:19:06", "elapsed": 155.192662, "delta": 0.737845}}
{"target": -2.1335156707274012, "params": {"colsample_bytree": 0.6855254063373823, "learning_rate": 0.2670656699765458, "max_bin_exp": 5.832274807132861, "max_depth": 1.541236532169076, "n_estimators": 2691.228541457003, "reg_alpha": 0.27873463280797406, "reg_lambda": 0.6960121665342847}, "datetime": {"datetime": "2024-02-19 18:19:07", "elapsed": 155.885403, "delta": 0.692741}}
{"target": -3.145493321624882, "params": {"colsample_bytree": 0.7535883529620804, "learning_rate": 0.2488372792268539, "max_bin_exp": 4.760357898520148, "max_depth": 1.8483283147336818, "n_estimators": 2971.7108884190184, "reg_alpha": 2.6486091070211275, "reg_lambda": 1.4403753221713886}, "datetime": {"datetime": "2024-02-19 18:19:07", "elapsed": 156.584262, "delta": 0.698859}}
{"target": -0.7113353016763403, "params": {"colsample_bytree": 0.9840965624453084, "learning_rate": 0.443853421199378, "max_bin_exp": 9.785252589630169, "max_depth": 3.623085573248577, "n_estimators": 2931.205197503639, "reg_alpha": 1.954568391895221, "reg_lambda": 0.4304449232639733}, "datetime": {"datetime": "2024-02-19 18:19:09", "elapsed": 158.313144, "delta": 1.728882}}
{"target": -0.6329381394278834, "params": {"colsample_bytree": 0.609566073065309, "learning_rate": 0.009977974727610688, "max_bin_exp": 8.830339056268206, "max_depth": 5.245892926651134, "n_estimators": 4147.407732523556, "reg_alpha": 2.2868197474701963, "reg_lambda": 0.518502282138084}, "datetime": {"datetime": "2024-02-19 18:19:14", "elapsed": 163.239662, "delta": 4.926518}}
{"target": -0.8545820509794361, "params": {"colsample_bytree": 0.36202160038043885, "learning_rate": 0.2484075795273127, "max_bin_exp": 5.386823278202943, "max_depth": 5.655580349542726, "n_estimators": 2314.033351224567, "reg_alpha": 0.5931125042059027, "reg_lambda": 1.9946916295115351}, "datetime": {"datetime": "2024-02-19 18:19:16", "elapsed": 165.075155, "delta": 1.835493}}
{"target": -0.7134925970697608, "params": {"colsample_bytree": 0.9167252080987487, "learning_rate": 0.36839546202298423, "max_bin_exp": 8.731711271488134, "max_depth": 2.2153452445766266, "n_estimators": 868.4573121902915, "reg_alpha": 2.6042265611493436, "reg_lambda": 2.3416144483401453}, "datetime": {"datetime": "2024-02-19 18:19:17", "elapsed": 165.661723, "delta": 0.586568}}
{"target": -1.3436004487924467, "params": {"colsample_bytree": 0.29785806792194824, "learning_rate": 0.39935479835342064, "max_bin_exp": 4.916886129295641, "max_depth": 5.933030344899578, "n_estimators": 2200.1366062465336, "reg_alpha": 2.3226041173086283, "reg_lambda": 2.596226828591439}, "datetime": {"datetime": "2024-02-19 18:19:18", "elapsed": 167.526983, "delta": 1.86526}}
{"target": -0.6357462211187618, "params": {"colsample_bytree": 0.7819161268005017, "learning_rate": 0.3293006649636352, "max_bin_exp": 8.529912702473167, "max_depth": 5.548906309585758, "n_estimators": 438.1701024406133, "reg_alpha": 2.9812116889719613, "reg_lambda": 2.257624705007462}, "datetime": {"datetime": "2024-02-19 18:19:19", "elapsed": 167.79549, "delta": 0.268507}}
{"target": -0.6941756359430175, "params": {"colsample_bytree": 0.8699019791430138, "learning_rate": 0.16146370484538486, "max_bin_exp": 6.216685327336182, "max_depth": 3.7686998969727448, "n_estimators": 4961.9775778584935, "reg_alpha": 2.550200682954371, "reg_lambda": 0.5269139013969542}, "datetime": {"datetime": "2024-02-19 18:19:21", "elapsed": 170.522073, "delta": 2.726583}}
{"target": -2.5025327256885594, "params": {"colsample_bytree": 0.5065925393692774, "learning_rate": 0.1370245132791594, "max_bin_exp": 9.467589456550865, "max_depth": 1.3126384906585722, "n_estimators": 3147.277288486762, "reg_alpha": 0.6172667904551256, "reg_lambda": 1.2875731889718445}, "datetime": {"datetime": "2024-02-19 18:19:22", "elapsed": 171.319664, "delta": 0.797591}}
{"target": -3.1820090676583095, "params": {"colsample_bytree": 0.8248656571744135, "learning_rate": 0.05066144018658367, "max_bin_exp": 4.269430214522479, "max_depth": 1.9826778083102345, "n_estimators": 4530.749443751381, "reg_alpha": 1.517111468101216, "reg_lambda": 2.8233687889120356}, "datetime": {"datetime": "2024-02-19 18:19:24", "elapsed": 172.925449, "delta": 1.605785}}
{"target": -0.696701458428231, "params": {"colsample_bytree": 0.6927520538918122, "learning_rate": 0.22857016965162832, "max_bin_exp": 9.507143359494691, "max_depth": 2.1314255477030626, "n_estimators": 4569.8461960401655, "reg_alpha": 2.1988668318038, "reg_lambda": 2.536339172405179}, "datetime": {"datetime": "2024-02-19 18:19:26", "elapsed": 175.555173, "delta": 2.629724}}
{"target": -0.7780961345160131, "params": {"colsample_bytree": 0.5151572595984206, "learning_rate": 0.4683321947114771, "max_bin_exp": 7.431318927740381, "max_depth": 3.1183981504915805, "n_estimators": 4491.360826893036, "reg_alpha": 2.804317691710869, "reg_lambda": 0.04973294605943912}, "datetime": {"datetime": "2024-02-19 18:19:30", "elapsed": 178.725251, "delta": 3.170078}}
{"target": -0.8141663338631782, "params": {"colsample_bytree": 0.852427937975347, "learning_rate": 0.3909655188123529, "max_bin_exp": 5.897169326643207, "max_depth": 4.70402535011098, "n_estimators": 1888.3021424564743, "reg_alpha": 1.9849247148265041, "reg_lambda": 0.8495409084871335}, "datetime": {"datetime": "2024-02-19 18:19:31", "elapsed": 180.228889, "delta": 1.503638}}
{"target": -0.7465238929963365, "params": {"colsample_bytree": 0.7570875239029902, "learning_rate": 0.10635369399542433, "max_bin_exp": 5.1571277912928615, "max_depth": 3.704208783169645, "n_estimators": 4901.391898226672, "reg_alpha": 1.1762522037986043, "reg_lambda": 1.4100032110910514}, "datetime": {"datetime": "2024-02-19 18:19:34", "elapsed": 183.071199, "delta": 2.84231}}
{"target": -0.8298635829405013, "params": {"colsample_bytree": 0.27358948646867626, "learning_rate": 0.17448899191342201, "max_bin_exp": 9.561433933814822, "max_depth": 2.8975650039272374, "n_estimators": 4877.086302122717, "reg_alpha": 2.986248986697265, "reg_lambda": 0.9480104426814421}, "datetime": {"datetime": "2024-02-19 18:19:36", "elapsed": 185.265848, "delta": 2.194649}}
{"target": -0.6642472181842926, "params": {"colsample_bytree": 0.6834516013516809, "learning_rate": 0.27536649330940755, "max_bin_exp": 9.800762146956082, "max_depth": 3.9253938183282098, "n_estimators": 4363.469147100762, "reg_alpha": 0.8268985625183801, "reg_lambda": 1.7459254187592341}, "datetime": {"datetime": "2024-02-19 18:19:40", "elapsed": 188.848735, "delta": 3.582887}}
{"target": -0.7406359099898114, "params": {"colsample_bytree": 0.29243294790246355, "learning_rate": 0.35368755481027103, "max_bin_exp": 9.972999469558507, "max_depth": 2.6035962782747153, "n_estimators": 4762.711481864976, "reg_alpha": 1.8288992148069902, "reg_lambda": 0.25692655826798283}, "datetime": {"datetime": "2024-02-19 18:19:42", "elapsed": 191.19567, "delta": 2.346935}}
{"target": -0.8417904724870526, "params": {"colsample_bytree": 0.7100311538423727, "learning_rate": 0.14050752300464756, "max_bin_exp": 9.288245927182153, "max_depth": 4.398686995098889, "n_estimators": 199.05279956794215, "reg_alpha": 0.11104465146422715, "reg_lambda": 1.2154242630079635}, "datetime": {"datetime": "2024-02-19 18:19:42", "elapsed": 191.486196, "delta": 0.290526}}
{"target": -3.6259717091454804, "params": {"colsample_bytree": 0.6544672165023264, "learning_rate": 0.3433028413478024, "max_bin_exp": 4.711965629897575, "max_depth": 1.2406377772081854, "n_estimators": 224.0510906535464, "reg_alpha": 2.3726724549096048, "reg_lambda": 0.0654728800632085}, "datetime": {"datetime": "2024-02-19 18:19:43", "elapsed": 191.712352, "delta": 0.226156}}
{"target": -0.6078899874043668, "params": {"colsample_bytree": 0.9410553019564254, "learning_rate": 0.027273484954514645, "max_bin_exp": 9.587230033472688, "max_depth": 5.747439348676476, "n_estimators": 660.7457447626483, "reg_alpha": 2.739707475671466, "reg_lambda": 2.3626326551152528}, "datetime": {"datetime": "2024-02-19 18:19:44", "elapsed": 192.992377, "delta": 1.280025}}
{"target": -3.142589846666078, "params": {"colsample_bytree": 0.2763449317246079, "learning_rate": 0.0666930863390126, "max_bin_exp": 4.068635344340118, "max_depth": 3.4484863150804523, "n_estimators": 2505.866338031414, "reg_alpha": 0.434277455213269, "reg_lambda": 1.5654651351714541}, "datetime": {"datetime": "2024-02-19 18:19:45", "elapsed": 194.149316, "delta": 1.156939}}
{"target": -0.6415128020597928, "params": {"colsample_bytree": 0.9391619737597352, "learning_rate": 0.36249631454928277, "max_bin_exp": 8.494137910565295, "max_depth": 5.218195433303199, "n_estimators": 1277.5944932733062, "reg_alpha": 1.80601766675801, "reg_lambda": 1.238675524579734}, "datetime": {"datetime": "2024-02-19 18:19:46", "elapsed": 195.234594, "delta": 1.085278}}
{"target": -0.6001750557630061, "params": {"colsample_bytree": 0.8892016054723633, "learning_rate": 0.07689215897260737, "max_bin_exp": 9.653201054587125, "max_depth": 4.285354207777834, "n_estimators": 1300.6143048532035, "reg_alpha": 2.22983634557952, "reg_lambda": 2.611279516496989}, "datetime": {"datetime": "2024-02-19 18:19:47", "elapsed": 196.218503, "delta": 0.983909}}
