{"target": 0.4550747092729032, "params": {"u": 5.507979025745755, "v": 7.081478226181048, "x": 2.9090473891294435, "y": 5.10827605197663}, "datetime": {"datetime": "2024-02-27 10:33:38", "elapsed": 0.0, "delta": 0.0}}
{"target": 0.11753573148843552, "params": {"u": 0.7937226312203383, "v": 1.074533378418594, "x": 9.77647296203623, "y": 0.382462630962106}, "datetime": {"datetime": "2024-02-27 10:33:38", "elapsed": 0.133141, "delta": 0.133141}}
{"target": 0.5125061819282762, "params": {"u": 5.547712898949594, "v": 6.849872857650855, "x": 2.840912407753348, "y": 4.616860417986187}, "datetime": {"datetime": "2024-02-27 10:33:39", "elapsed": 0.332097, "delta": 0.198956}}
{"target": 0.40524345019165325, "params": {"u": 5.86968213291299, "v": 5.749430410047041, "x": 2.317170226682929, "y": 2.0946464188227494}, "datetime": {"datetime": "2024-02-27 10:33:40", "elapsed": 1.266183, "delta": 0.934086}}
{"target": 1.2690037758838144, "params": {"u": 4.492836650470361, "v": 5.661043914535873, "x": 4.381218768678711, "y": 3.8709078120936153}, "datetime": {"datetime": "2024-02-27 10:33:41", "elapsed": 2.242055, "delta": 0.975872}}
{"target": 0.6236736727548724, "params": {"u": 3.756244138112039, "v": 5.113009114016116, "x": 5.4670467325765095, "y": 3.881302302789342}, "datetime": {"datetime": "2024-02-27 10:33:41", "elapsed": 3.025525, "delta": 0.78347}}
{"target": 0.6136204292833969, "params": {"u": 5.033961904613476, "v": 6.099136399664217, "x": 4.59325849342269, "y": 3.476519313383666}, "datetime": {"datetime": "2024-02-27 10:33:42", "elapsed": 3.824861, "delta": 0.799336}}
{"target": 0.6403512821154936, "params": {"u": 3.4436090811768763, "v": 5.298461838303854, "x": 5.29718240220539, "y": 3.5741386453521216}, "datetime": {"datetime": "2024-02-27 10:33:42", "elapsed": 4.038689, "delta": 0.213828}}
{"target": 0.7349663559899746, "params": {"u": 3.4929851004469272, "v": 5.682940550394702, "x": 4.720457967185952, "y": 3.519494118876505}, "datetime": {"datetime": "2024-02-27 10:33:42", "elapsed": 4.148065, "delta": 0.109376}}
{"target": 0.21885470440078678, "params": {"u": 4.757663814743949, "v": 8.935828710205003, "x": 7.052174063174988, "y": 1.3454375674964902}, "datetime": {"datetime": "2024-02-27 10:33:43", "elapsed": 4.372974, "delta": 0.224909}}
{"target": 1.150586786352697, "params": {"u": 4.302860333424251, "v": 5.292224759671187, "x": 4.641116290172525, "y": 3.9218738232299555}, "datetime": {"datetime": "2024-02-27 10:33:43", "elapsed": 4.499504, "delta": 0.12653}}
{"target": 0.9908448192292818, "params": {"u": 4.867579839792839, "v": 5.59680231007773, "x": 4.591288422151887, "y": 4.720116059823657}, "datetime": {"datetime": "2024-02-27 10:33:43", "elapsed": 4.771055, "delta": 0.271551}}
{"target": 1.274317220342535, "params": {"u": 4.349831823499204, "v": 5.2880882069981165, "x": 3.7481641018777285, "y": 4.150974138717446}, "datetime": {"datetime": "2024-02-27 10:33:44", "elapsed": 5.257129, "delta": 0.486074}}
{"target": 1.531622906848971, "params": {"u": 5.005220456185655, "v": 4.665055120838077, "x": 3.9347424065965524, "y": 3.772330763593738}, "datetime": {"datetime": "2024-02-27 10:33:44", "elapsed": 5.718598, "delta": 0.461469}}
{"target": 1.0786492149429998, "params": {"u": 5.090503578256218, "v": 3.652990533706064, "x": 3.6651121125445227, "y": 4.030481080246186}, "datetime": {"datetime": "2024-02-27 10:33:44", "elapsed": 6.102156, "delta": 0.383558}}
{"target": 1.5101761512185372, "params": {"u": 5.949629343219983, "v": 4.636454378592341, "x": 3.925860970910722, "y": 4.091606635304643}, "datetime": {"datetime": "2024-02-27 10:33:45", "elapsed": 6.520236, "delta": 0.41808}}
{"target": 1.024708222854042, "params": {"u": 6.049767084892533, "v": 4.111945650805189, "x": 4.551345106924234, "y": 3.2589853287874555}, "datetime": {"datetime": "2024-02-27 10:33:45", "elapsed": 6.812161, "delta": 0.291925}}
{"target": 0.6150490351044378, "params": {"u": 6.641237830647596, "v": 4.2892080852340655, "x": 3.562899969597185, "y": 5.126315226040056}, "datetime": {"datetime": "2024-02-27 10:33:45", "elapsed": 7.118809, "delta": 0.306648}}
{"target": 1.1021265208104878, "params": {"u": 5.53717332137594, "v": 4.433448554901821, "x": 4.4049212340984845, "y": 4.8058607124231845}, "datetime": {"datetime": "2024-02-27 10:33:46", "elapsed": 7.367208, "delta": 0.248399}}
{"target": 0.8307006832144458, "params": {"u": 5.5970601512349605, "v": 5.197723009935168, "x": 3.386681080917311, "y": 3.810749370984076}, "datetime": {"datetime": "2024-02-27 10:33:46", "elapsed": 7.62848, "delta": 0.261272}}
{"target": 0.9710771248758516, "params": {"u": 5.520542568100334, "v": 5.063696411957846, "x": 4.688496276264954, "y": 4.004608470510532}, "datetime": {"datetime": "2024-02-27 10:33:46", "elapsed": 7.838086, "delta": 0.209606}}
{"target": 1.9828611180494446, "params": {"u": 4.367140942196431, "v": 4.5071395936406455, "x": 3.8541658764605673, "y": 3.2369540496647495}, "datetime": {"datetime": "2024-02-27 10:33:47", "elapsed": 8.515228, "delta": 0.677142}}
{"target": 0.845296496982979, "params": {"u": 4.008378323932183, "v": 3.8857689209402446, "x": 3.9111891226505344, "y": 2.203564965669508}, "datetime": {"datetime": "2024-02-27 10:33:47", "elapsed": 9.055773, "delta": 0.540545}}
{"target": 1.2141889186543071, "params": {"u": 4.351412527846168, "v": 4.852487795869865, "x": 4.308643941862924, "y": 2.7407911171235186}, "datetime": {"datetime": "2024-02-27 10:33:48", "elapsed": 9.218173, "delta": 0.1624}}
{"target": 1.0356849238372758, "params": {"u": 4.882811648719494, "v": 4.1421779061278805, "x": 3.306591785148747, "y": 2.9306203633125483}, "datetime": {"datetime": "2024-02-27 10:33:48", "elapsed": 9.552659, "delta": 0.334486}}
{"target": 0.8640990858250566, "params": {"u": 3.4811617359633806, "v": 4.6264775039137795, "x": 3.5135103757812534, "y": 3.152024949285112}, "datetime": {"datetime": "2024-02-27 10:33:48", "elapsed": 9.774072, "delta": 0.221413}}
{"target": 3.687859474136833, "params": {"u": 4.371414937254222, "v": 4.291797956420576, "x": 4.126332727406896, "y": 3.543839058783274}, "datetime": {"datetime": "2024-02-27 10:33:48", "elapsed": 10.194195, "delta": 0.420123}}
{"target": 0.25564728099487294, "params": {"u": 0.205551084668939, "v": 4.5555759260117865, "x": 3.829318043763265, "y": 2.773978757456279}, "datetime": {"datetime": "2024-02-27 10:33:49", "elapsed": 10.372697, "delta": 0.178502}}
{"target": 5.058201164532955, "params": {"u": 4.3059196635550485, "v": 4.228110566053379, "x": 4.229423435817936, "y": 3.732091439999335}, "datetime": {"datetime": "2024-02-27 10:33:49", "elapsed": 10.710979, "delta": 0.338282}}
{"target": 3.4899699116891, "params": {"u": 4.4281595943009, "v": 4.21006269171759, "x": 3.5549253518578814, "y": 4.178952929681344}, "datetime": {"datetime": "2024-02-27 10:33:49", "elapsed": 10.994077, "delta": 0.283098}}
{"target": 0.14713034013538662, "params": {"u": 2.690955938832831, "v": 0.33051658681807927, "x": 1.4010587023770749, "y": 7.759979914953571}, "datetime": {"datetime": "2024-02-27 10:33:50", "elapsed": 11.402506, "delta": 0.408429}}
{"target": 1.197735598521187, "params": {"u": 3.8691085483567322, "v": 4.531264503414616, "x": 4.431172853789567, "y": 4.032573781966605}, "datetime": {"datetime": "2024-02-27 10:33:50", "elapsed": 11.562708, "delta": 0.160202}}
{"target": 1.5190319121575864, "params": {"u": 4.067556016804824, "v": 3.8738517136036887, "x": 4.105549162141134, "y": 3.9995949163019695}, "datetime": {"datetime": "2024-02-27 10:33:50", "elapsed": 12.160694, "delta": 0.597986}}
{"target": 10.355412328847619, "params": {"u": 4.814679229969114, "v": 4.397043246375663, "x": 4.03793357716842, "y": 4.020965371821976}, "datetime": {"datetime": "2024-02-27 10:33:51", "elapsed": 12.850458, "delta": 0.689764}}
{"target": 0.6876609017432496, "params": {"u": 6.21642386968756, "v": 5.37688008191484, "x": 7.0716485129959175, "y": 2.818468901970761}, "datetime": {"datetime": "2024-02-27 10:33:51", "elapsed": 13.137981, "delta": 0.287523}}
{"target": 2.3249844633232004, "params": {"u": 4.055671273637128, "v": 4.080805773979291, "x": 3.372484972941525, "y": 3.7974895265696915}, "datetime": {"datetime": "2024-02-27 10:33:52", "elapsed": 13.817154, "delta": 0.679173}}
{"target": 6.525885446834108, "params": {"u": 4.7226310685219, "v": 4.273645146673033, "x": 4.12721151477772, "y": 3.771961016908978}, "datetime": {"datetime": "2024-02-27 10:33:53", "elapsed": 14.292546, "delta": 0.475392}}
{"target": 0.31171297205958404, "params": {"u": 4.646562368594411, "v": 1.768196744036724, "x": 6.2927174925256395, "y": 6.198962441359929}, "datetime": {"datetime": "2024-02-27 10:33:53", "elapsed": 14.737788, "delta": 0.445242}}
{"target": 2.637780753054034, "params": {"u": 4.796039882946667, "v": 4.805657973718365, "x": 4.561599823095744, "y": 4.2626362846291865}, "datetime": {"datetime": "2024-02-27 10:33:54", "elapsed": 15.235434, "delta": 0.497646}}
{"target": 2.4897219571760836, "params": {"u": 4.939107433564168, "v": 4.530392927907958, "x": 4.54985738013718, "y": 4.340856382741131}, "datetime": {"datetime": "2024-02-27 10:33:54", "elapsed": 15.480804, "delta": 0.24537}}
{"target": 5.275215916202383, "params": {"u": 4.893909186854478, "v": 4.086631535606944, "x": 3.9312293295533616, "y": 4.323331017389221}, "datetime": {"datetime": "2024-02-27 10:33:54", "elapsed": 15.955833, "delta": 0.475029}}
{"target": 3.1976393001552084, "params": {"u": 4.858188586144423, "v": 4.629186916382478, "x": 3.603761176675607, "y": 4.328545158535032}, "datetime": {"datetime": "2024-02-27 10:33:55", "elapsed": 16.659168, "delta": 0.703335}}
{"target": 3.115945567431807, "params": {"u": 4.409979192885841, "v": 4.513419741208863, "x": 3.4795404662938134, "y": 3.9204314494724923}, "datetime": {"datetime": "2024-02-27 10:33:56", "elapsed": 17.323215, "delta": 0.664047}}
{"target": 2.1038101802423372, "params": {"u": 4.219605764596613, "v": 4.299873238439109, "x": 3.29556859996629, "y": 3.932832802927261}, "datetime": {"datetime": "2024-02-27 10:33:56", "elapsed": 17.858826, "delta": 0.535611}}
{"target": 3.034001607348896, "params": {"u": 4.353502955449363, "v": 4.379126489233597, "x": 4.497597115477895, "y": 4.241402489424512}, "datetime": {"datetime": "2024-02-27 10:33:57", "elapsed": 18.422648, "delta": 0.563822}}
{"target": 0.9664681137984182, "params": {"u": 4.971453054467353, "v": 3.8362779972908156, "x": 3.8222248945606294, "y": 4.867405615240923}, "datetime": {"datetime": "2024-02-27 10:33:58", "elapsed": 19.257546, "delta": 0.834898}}
{"target": 4.671433049112056, "params": {"u": 4.506544281433387, "v": 4.308458142911736, "x": 3.7280559135319313, "y": 4.253943718147019}, "datetime": {"datetime": "2024-02-27 10:33:58", "elapsed": 19.660617, "delta": 0.403071}}
{"target": 10.428724708283397, "params": {"u": 4.886958950696182, "v": 4.619710692844553, "x": 4.016837132955421, "y": 3.9706864873194947}, "datetime": {"datetime": "2024-02-27 10:33:59", "elapsed": 20.540049, "delta": 0.879432}}
{"target": 1.3252656030791612, "params": {"u": 4.896399407351861, "v": 5.048540568982486, "x": 4.0214947414056645, "y": 4.209070827130247}, "datetime": {"datetime": "2024-02-27 10:33:59", "elapsed": 20.972279, "delta": 0.43223}}
{"target": 5.91906501354525, "params": {"u": 4.551000141612024, "v": 4.687672543716122, "x": 4.294583614031206, "y": 4.019943848767617}, "datetime": {"datetime": "2024-02-27 10:34:00", "elapsed": 21.472921, "delta": 0.500642}}
{"target": 0.3500724659023904, "params": {"u": 4.473539378585418, "v": 4.1897891579550155, "x": 6.986491778131389, "y": 7.4482532386487685}, "datetime": {"datetime": "2024-02-27 10:34:01", "elapsed": 22.373293, "delta": 0.900372}}
{"target": 1.3907319156942677, "params": {"u": 4.760838773994351, "v": 3.858948360372997, "x": 5.0232629948706915, "y": 3.5696489914224436}, "datetime": {"datetime": "2024-02-27 10:34:02", "elapsed": 23.293797, "delta": 0.920504}}
{"target": 0.4258245258133681, "params": {"u": 7.218526551315437, "v": 7.021549004204397, "x": 5.83420588895586, "y": 3.5043252761659884}, "datetime": {"datetime": "2024-02-27 10:34:02", "elapsed": 24.125239, "delta": 0.831442}}
{"target": 0.37429155773492173, "params": {"u": 2.704409475299785, "v": 3.142105396555619, "x": 1.8912660358323663, "y": 3.246167458132722}, "datetime": {"datetime": "2024-02-27 10:34:03", "elapsed": 24.889723, "delta": 0.764484}}
{"target": 2.3566195347967778, "params": {"u": 4.881519229400755, "v": 4.378012519828473, "x": 3.9131195736440008, "y": 4.6495317188595875}, "datetime": {"datetime": "2024-02-27 10:34:04", "elapsed": 25.588449, "delta": 0.698726}}
{"target": 9.650108414255307, "params": {"u": 4.368780455709319, "v": 4.764133610227108, "x": 3.9150098914370446, "y": 3.9510115793853897}, "datetime": {"datetime": "2024-02-27 10:34:05", "elapsed": 26.270462, "delta": 0.682013}}
{"target": 0.17798280287503082, "params": {"u": 7.849633216340951, "v": 1.8205202868670567, "x": 0.5398094242019524, "y": 0.5534336831134223}, "datetime": {"datetime": "2024-02-27 10:34:05", "elapsed": 26.883665, "delta": 0.613203}}
{"target": 9.746934528204589, "params": {"u": 4.741494830425285, "v": 4.655958573942412, "x": 4.093221141110605, "y": 3.9927513486113564}, "datetime": {"datetime": "2024-02-27 10:34:06", "elapsed": 27.546831, "delta": 0.663166}}
{"target": 0.22150956649222436, "params": {"u": 9.871790696999291, "v": 5.399064536853868, "x": 5.2973573026531895, "y": 9.253565806023134}, "datetime": {"datetime": "2024-02-27 10:34:06", "elapsed": 28.090153, "delta": 0.543322}}
{"target": 0.8470964597459026, "params": {"u": 3.991277500782485, "v": 5.075448144983988, "x": 4.087438394390562, "y": 4.148193153275247}, "datetime": {"datetime": "2024-02-27 10:34:07", "elapsed": 28.449455, "delta": 0.359302}}
{"target": 0.1309975346353996, "params": {"u": 8.539918484043618, "v": 0.4910188225114842, "x": 9.375062286184653, "y": 8.709272414745229}, "datetime": {"datetime": "2024-02-27 10:34:07", "elapsed": 28.810893, "delta": 0.361438}}
{"target": 0.20002313131486937, "params": {"u": 1.1927620762947377, "v": 4.408433529475659, "x": 0.1883767399620595, "y": 6.874041381071919}, "datetime": {"datetime": "2024-02-27 10:34:08", "elapsed": 29.31579, "delta": 0.504897}}
{"target": 0.31077817700383403, "params": {"u": 3.877007937691952, "v": 1.2166587007426255, "x": 7.654787122897125, "y": 1.7880768794627466}, "datetime": {"datetime": "2024-02-27 10:34:08", "elapsed": 29.972332, "delta": 0.656542}}
{"target": 2.0250642299156296, "params": {"u": 4.474617331926742, "v": 4.797809137872613, "x": 4.737466131821186, "y": 3.6809212817192027}, "datetime": {"datetime": "2024-02-27 10:34:09", "elapsed": 30.673933, "delta": 0.701601}}
{"target": 0.3295690200979486, "params": {"u": 3.8027947818892125, "v": 7.349202809902433, "x": 6.10072169757607, "y": 3.0550074943633767}, "datetime": {"datetime": "2024-02-27 10:34:10", "elapsed": 31.231853, "delta": 0.55792}}
{"target": 2.8523895596662947, "params": {"u": 4.787742315588997, "v": 4.047892689381817, "x": 4.537904795407873, "y": 4.223776638765084}, "datetime": {"datetime": "2024-02-27 10:34:10", "elapsed": 31.915401, "delta": 0.683548}}
{"target": 0.17504023407854424, "params": {"u": 6.662152551851356, "v": 8.266323294133096, "x": 1.4821980423957593, "y": 1.0809260308069524}, "datetime": {"datetime": "2024-02-27 10:34:11", "elapsed": 32.513563, "delta": 0.598162}}
{"target": 0.5650470016222998, "params": {"u": 2.7783810057736225, "v": 8.498292755798083, "x": 2.1469969137994536, "y": 6.531193039853335}, "datetime": {"datetime": "2024-02-27 10:34:11", "elapsed": 33.054881, "delta": 0.541318}}
{"target": 0.34583563265675155, "params": {"u": 1.2193434300715722, "v": 6.406627668151465, "x": 3.46043362260688, "y": 4.9452387197253636}, "datetime": {"datetime": "2024-02-27 10:34:12", "elapsed": 33.775731, "delta": 0.72085}}
{"target": 2.6546376565133927, "params": {"u": 4.300134578583075, "v": 4.305000597433367, "x": 3.8214197843242315, "y": 4.5698815867883935}, "datetime": {"datetime": "2024-02-27 10:34:13", "elapsed": 34.756058, "delta": 0.980327}}
{"target": 0.20391940906573483, "params": {"u": 4.357499516332965, "v": 0.177547944827271, "x": 7.013002234728355, "y": 7.194205643540398}, "datetime": {"datetime": "2024-02-27 10:34:14", "elapsed": 35.38931, "delta": 0.633252}}
{"target": 1.4482803488113445, "params": {"u": 5.061957723589319, "v": 3.9960642825611403, "x": 4.143441927448478, "y": 3.7301786719788987}, "datetime": {"datetime": "2024-02-27 10:34:15", "elapsed": 36.494135, "delta": 1.104825}}
{"target": 0.3042394761518868, "params": {"u": 8.343833132782834, "v": 2.7910252852938577, "x": 2.7244676043539986, "y": 1.8289603260200382}, "datetime": {"datetime": "2024-02-27 10:34:16", "elapsed": 37.354228, "delta": 0.860093}}
{"target": 0.2940662921104928, "params": {"u": 3.68719857501679, "v": 3.7544017507942664, "x": 2.118888905306322, "y": 7.060504806571072}, "datetime": {"datetime": "2024-02-27 10:34:17", "elapsed": 38.216566, "delta": 0.862338}}
{"target": 2.6268780667243603, "params": {"u": 4.167005955381429, "v": 4.7034724224098525, "x": 3.5527918123033153, "y": 3.5897101230498}, "datetime": {"datetime": "2024-02-27 10:34:17", "elapsed": 39.16835, "delta": 0.951784}}
{"target": 6.21004113913446, "params": {"u": 4.9182228369849925, "v": 4.314858786324609, "x": 4.268753109501613, "y": 3.9255246756937376}, "datetime": {"datetime": "2024-02-27 10:34:19", "elapsed": 40.310474, "delta": 1.142124}}
{"target": 0.24114300008104217, "params": {"u": 1.123570741273745, "v": 0.7016727682253354, "x": 4.519455817106084, "y": 2.819220978326994}, "datetime": {"datetime": "2024-02-27 10:34:19", "elapsed": 41.032986, "delta": 0.722512}}
{"target": 0.6298167462215195, "params": {"u": 3.5965238229101715, "v": 4.056386080942031, "x": 2.5703265560933586, "y": 4.205929197908048}, "datetime": {"datetime": "2024-02-27 10:34:21", "elapsed": 42.410756, "delta": 1.37777}}
{"target": 0.2164106999287209, "params": {"u": 7.348952732174562, "v": 7.471286979386029, "x": 3.477569258592067, "y": 0.4051090588438311}, "datetime": {"datetime": "2024-02-27 10:34:21", "elapsed": 42.872707, "delta": 0.461951}}
{"target": 8.128539710111161, "params": {"u": 4.345112949823076, "v": 4.464420685782921, "x": 3.831934649648736, "y": 4.054385889929994}, "datetime": {"datetime": "2024-02-27 10:34:22", "elapsed": 43.718317, "delta": 0.84561}}
{"target": 0.6061362282956656, "params": {"u": 5.12081038713331, "v": 5.384986274266402, "x": 3.440994732378926, "y": 5.830341093645083}, "datetime": {"datetime": "2024-02-27 10:34:23", "elapsed": 45.09432, "delta": 1.376003}}
{"target": 0.31534865759410197, "params": {"u": 8.616528241426828, "v": 3.9939689805805347, "x": 5.905237643979099, "y": 7.304021414162072}, "datetime": {"datetime": "2024-02-27 10:34:24", "elapsed": 45.978715, "delta": 0.884395}}
{"target": 0.38145129535816386, "params": {"u": 4.935296505153652, "v": 2.095005565414927, "x": 3.061978804157336, "y": 5.999470148421306}, "datetime": {"datetime": "2024-02-27 10:34:25", "elapsed": 46.884506, "delta": 0.905791}}
{"target": 0.23340036695466335, "params": {"u": 1.0386073996937994, "v": 0.5180039084971466, "x": 4.9355955406541385, "y": 2.0733436244571744}, "datetime": {"datetime": "2024-02-27 10:34:26", "elapsed": 47.556746, "delta": 0.67224}}
{"target": 4.054387251599055, "params": {"u": 4.495410128198095, "v": 4.236505522399623, "x": 4.432403865466074, "y": 3.945606412605155}, "datetime": {"datetime": "2024-02-27 10:34:27", "elapsed": 48.825715, "delta": 1.268969}}
{"target": 0.5258757440839466, "params": {"u": 8.87326025191253, "v": 6.280073639985087, "x": 5.6589118994253145, "y": 6.214388636376049}, "datetime": {"datetime": "2024-02-27 10:34:28", "elapsed": 49.953978, "delta": 1.128263}}
{"target": 3.783998006602903, "params": {"u": 4.63026945897644, "v": 4.891243591632942, "x": 4.307908408936894, "y": 3.651046670138538}, "datetime": {"datetime": "2024-02-27 10:34:29", "elapsed": 51.048691, "delta": 1.094713}}
{"target": 3.0352457141642737, "params": {"u": 4.669809384892188, "v": 4.765214088187885, "x": 3.47169472983523, "y": 3.900363181571019}, "datetime": {"datetime": "2024-02-27 10:34:30", "elapsed": 51.755218, "delta": 0.706527}}
{"target": 6.799142426672576, "params": {"u": 4.818189865972297, "v": 4.204718104338266, "x": 3.9109303879849278, "y": 3.7721870757082723}, "datetime": {"datetime": "2024-02-27 10:34:31", "elapsed": 53.170304, "delta": 1.415086}}
{"target": 5.272809368049172, "params": {"u": 4.702694039120843, "v": 4.437577341939868, "x": 3.7790794051443966, "y": 4.245028391151502}, "datetime": {"datetime": "2024-02-27 10:34:34", "elapsed": 55.516618, "delta": 2.346314}}
{"target": 3.8539537301469653, "params": {"u": 4.186166942825017, "v": 4.69286605824776, "x": 4.031719749549206, "y": 4.443738638034061}, "datetime": {"datetime": "2024-02-27 10:34:35", "elapsed": 56.638884, "delta": 1.122266}}
{"target": 0.303394616928069, "params": {"u": 6.36549296417932, "v": 6.842509963543918, "x": 3.787764303763522, "y": 9.120998748539279}, "datetime": {"datetime": "2024-02-27 10:34:35", "elapsed": 57.018577, "delta": 0.379693}}
{"target": 0.5845851885929497, "params": {"u": 8.495982167748082, "v": 3.6952426070259756, "x": 6.944552992646318, "y": 1.0519141744800709}, "datetime": {"datetime": "2024-02-27 10:34:36", "elapsed": 57.696725, "delta": 0.678148}}
{"target": 0.25694305933747985, "params": {"u": 8.490043541299352, "v": 2.5644377531999476, "x": 7.8238171800277545, "y": 7.184371651234114}, "datetime": {"datetime": "2024-02-27 10:34:37", "elapsed": 58.530279, "delta": 0.833554}}
{"target": 0.3358898237210197, "params": {"u": 9.601308993579403, "v": 4.757069589841018, "x": 5.661587770518139, "y": 0.8189681535775439}, "datetime": {"datetime": "2024-02-27 10:34:37", "elapsed": 59.062123, "delta": 0.531844}}
