{"target": 0.22535924462913642, "params": {"u": 7.371934176245184, "v": 9.751768499832819, "x": 2.4406295346693616, "y": 4.923217683251854}, "datetime": {"datetime": "2024-02-27 11:20:34", "elapsed": 2815.845767, "delta": 5.18388}}
{"target": 0.12805391373937466, "params": {"u": 0.0, "v": 2.1564648347855564, "x": 3.228280836110132, "y": 10.0}, "datetime": {"datetime": "2024-02-27 11:20:46", "elapsed": 2828.040448, "delta": 12.194681}}
{"target": 0.18490987503307876, "params": {"u": 7.069193893072104, "v": 9.503654213695903, "x": 1.4168437019757096, "y": 8.683474892297149}, "datetime": {"datetime": "2024-02-27 11:20:53", "elapsed": 2834.816008, "delta": 6.77556}}
{"target": 5.299064531148231, "params": {"u": 4.787692751612753, "v": 4.106127970202927, "x": 3.6724410164161734, "y": 4.022160020857047}, "datetime": {"datetime": "2024-02-27 11:21:07", "elapsed": 2848.688193, "delta": 13.872185}}
{"target": 0.24997031094825098, "params": {"u": 7.489684512554929, "v": 9.632023828405849, "x": 4.790178157965887, "y": 3.4860058353719356}, "datetime": {"datetime": "2024-02-27 11:21:13", "elapsed": 2854.457616, "delta": 5.769423}}
{"target": 0.34913609147794394, "params": {"u": 5.445611253155097, "v": 9.046629172153764, "x": 4.022653200207352, "y": 7.629556502826684}, "datetime": {"datetime": "2024-02-27 11:21:19", "elapsed": 2860.222072, "delta": 5.764456}}
{"target": 0.3759050412993645, "params": {"u": 4.254719623950919, "v": 3.6414120021743743, "x": 8.733219268379388, "y": 2.747973878031522}, "datetime": {"datetime": "2024-02-27 11:21:23", "elapsed": 2864.885463, "delta": 4.663391}}
{"target": 0.11673653911757115, "params": {"u": 2.6015311547635576, "v": 10.0, "x": 7.026540676784525, "y": 0.0}, "datetime": {"datetime": "2024-02-27 11:21:39", "elapsed": 2880.655714, "delta": 15.770251}}
{"target": 0.17131519026794864, "params": {"u": 1.6849285150022009, "v": 7.336632578136138, "x": 7.630825295768618, "y": 1.4579867317759687}, "datetime": {"datetime": "2024-02-27 11:21:46", "elapsed": 2887.356792, "delta": 6.701078}}
{"target": 0.18672284486571905, "params": {"u": 2.2499593515679788, "v": 5.110228214573923, "x": 10.0, "y": 5.494845880467894}, "datetime": {"datetime": "2024-02-27 11:21:55", "elapsed": 2896.617235, "delta": 9.260443}}
{"target": 0.3084336272853728, "params": {"u": 5.76190563168092, "v": 8.514875936967277, "x": 8.331856807873047, "y": 4.990618884739159}, "datetime": {"datetime": "2024-02-27 11:22:03", "elapsed": 2904.73264, "delta": 8.115405}}
{"target": 0.15185712232503232, "params": {"u": 10.0, "v": 8.107115106562539, "x": 4.09514667833096, "y": 10.0}, "datetime": {"datetime": "2024-02-27 11:22:15", "elapsed": 2917.046629, "delta": 12.313989}}
{"target": 0.14148766363212725, "params": {"u": 3.6592289603778374, "v": 10.0, "x": 10.0, "y": 6.0914355418929285}, "datetime": {"datetime": "2024-02-27 11:22:31", "elapsed": 2932.854213, "delta": 15.807584}}
{"target": 0.25781827080241293, "params": {"u": 0.8576796670246961, "v": 2.4988782051823053, "x": 3.9681986072751245, "y": 1.771333046422078}, "datetime": {"datetime": "2024-02-27 11:22:44", "elapsed": 2945.60066, "delta": 12.746447}}
{"target": 0.12752422859994259, "params": {"u": 0.24625611617781318, "v": 2.917323425173394, "x": 8.102232850280366, "y": 8.51254413535559}, "datetime": {"datetime": "2024-02-27 11:22:52", "elapsed": 2954.04583, "delta": 8.44517}}
{"target": 0.2862094872894316, "params": {"u": 7.739510377441609, "v": 5.39007866113869, "x": 10.0, "y": 5.940002407505856}, "datetime": {"datetime": "2024-02-27 11:23:11", "elapsed": 2972.801083, "delta": 18.755253}}
{"target": 0.09590938746661529, "params": {"u": 0.0, "v": 10.0, "x": 10.0, "y": 2.753468347992791}, "datetime": {"datetime": "2024-02-27 11:23:24", "elapsed": 2985.711418, "delta": 12.910335}}
{"target": 0.13678308843504355, "params": {"u": 8.609242252942114, "v": 2.2041582313052164, "x": 1.1083310491581888, "y": 9.162096128029267}, "datetime": {"datetime": "2024-02-27 11:23:29", "elapsed": 2990.588333, "delta": 4.876915}}
{"target": 0.19696443684330364, "params": {"u": 7.523518721112332, "v": 2.043515098764982, "x": 0.01109987721983785, "y": 3.975330659046181}, "datetime": {"datetime": "2024-02-27 11:23:46", "elapsed": 3007.691692, "delta": 17.103359}}
{"target": 0.16351875773060412, "params": {"u": 1.1705668266787161, "v": 9.291804528431738, "x": 7.831707162205076, "y": 7.792938084775672}, "datetime": {"datetime": "2024-02-27 11:23:54", "elapsed": 3015.316292, "delta": 7.6246}}
{"target": 6.761359573614214, "params": {"u": 4.081253989273746, "v": 4.1654396838678, "x": 4.240823740199534, "y": 4.058080411161735}, "datetime": {"datetime": "2024-02-27 11:24:04", "elapsed": 3025.32002, "delta": 10.003728}}
{"target": 0.14723808782352923, "params": {"u": 0.0, "v": 7.733848113815519, "x": 3.94087859215178, "y": 0.0}, "datetime": {"datetime": "2024-02-27 11:24:13", "elapsed": 3034.948529, "delta": 9.628509}}
{"target": 9.98641769204284, "params": {"u": 4.762042641622952, "v": 4.366840735578287, "x": 4.060530189703128, "y": 3.9519185141585575}, "datetime": {"datetime": "2024-02-27 11:24:22", "elapsed": 3043.936051, "delta": 8.987522}}
{"target": 0.19517026665405332, "params": {"u": 5.964088669991203, "v": 7.266501923478751, "x": 0.0, "y": 2.6125162826038593}, "datetime": {"datetime": "2024-02-27 11:24:37", "elapsed": 3058.858874, "delta": 14.922823}}
{"target": 0.22719644529220145, "params": {"u": 3.8025925826314753, "v": 1.896246145467042, "x": 8.875417453300651, "y": 0.8365068571119294}, "datetime": {"datetime": "2024-02-27 11:24:42", "elapsed": 3063.628857, "delta": 4.769983}}
{"target": 0.15280672636639317, "params": {"u": 0.0, "v": 7.319472728199612, "x": 0.0, "y": 2.7335267671081906}, "datetime": {"datetime": "2024-02-27 11:25:03", "elapsed": 3084.230697, "delta": 20.60184}}
{"target": 0.13114058020286526, "params": {"u": 10.0, "v": 2.8485413242877127, "x": 5.140535551039571, "y": 10.0}, "datetime": {"datetime": "2024-02-27 11:25:17", "elapsed": 3098.236291, "delta": 14.005594}}
{"target": 8.98395014159773, "params": {"u": 4.888970506634482, "v": 4.508931788311086, "x": 3.8806690065604323, "y": 3.9370554558547854}, "datetime": {"datetime": "2024-02-27 11:25:38", "elapsed": 3119.841002, "delta": 21.604711}}
{"target": 0.6920843852351779, "params": {"u": 7.3112673719871815, "v": 2.333275325235915, "x": 8.42957669501039, "y": 1.5871250125098602}, "datetime": {"datetime": "2024-02-27 11:25:46", "elapsed": 3127.830435, "delta": 7.989433}}
{"target": 0.12677956457871625, "params": {"u": 0.0, "v": 0.0, "x": 7.46817819525156, "y": 7.217437191326531}, "datetime": {"datetime": "2024-02-27 11:25:54", "elapsed": 3135.833435, "delta": 8.003}}
{"target": 0.23564300115924455, "params": {"u": 5.716952637266037, "v": 0.0, "x": 10.0, "y": 2.542632243683216}, "datetime": {"datetime": "2024-02-27 11:26:05", "elapsed": 3147.081811, "delta": 11.248376}}
{"target": 0.22651020017322282, "params": {"u": 8.82665430632062, "v": 5.81443405675802, "x": 2.222502664221678, "y": 0.8513585287336212}, "datetime": {"datetime": "2024-02-27 11:26:11", "elapsed": 3153.042967, "delta": 5.961156}}
{"target": 0.2627491290256085, "params": {"u": 9.426799108522864, "v": 9.118629878497043, "x": 6.270726474614885, "y": 9.40336363619804}, "datetime": {"datetime": "2024-02-27 11:26:17", "elapsed": 3158.57718, "delta": 5.534213}}
{"target": 0.3095035718698857, "params": {"u": 3.006872520547047, "v": 3.6039502787166366, "x": 1.2537509530124868, "y": 5.544434231526556}, "datetime": {"datetime": "2024-02-27 11:26:23", "elapsed": 3164.813026, "delta": 6.235846}}
{"target": 0.19148942436255229, "params": {"u": 10.0, "v": 7.891415976141081, "x": 6.274198335726611, "y": 1.2918122245429893}, "datetime": {"datetime": "2024-02-27 11:26:35", "elapsed": 3176.298997, "delta": 11.485971}}
{"target": 0.28510644422517867, "params": {"u": 4.131285981694736, "v": 8.20211145417738, "x": 6.32074963549883, "y": 2.7995239118263164}, "datetime": {"datetime": "2024-02-27 11:27:03", "elapsed": 3204.771189, "delta": 28.472192}}
{"target": 1.5596293406832993, "params": {"u": 5.031898636172541, "v": 4.150572636526225, "x": 4.136797727304105, "y": 3.639370680065852}, "datetime": {"datetime": "2024-02-27 11:27:15", "elapsed": 3216.236858, "delta": 11.465669}}
{"target": 0.2791697400194074, "params": {"u": 9.798951929954276, "v": 4.512013163691153, "x": 9.014946670620013, "y": 0.6606822259479961}, "datetime": {"datetime": "2024-02-27 11:27:20", "elapsed": 3221.728243, "delta": 5.491385}}
{"target": 0.2677669978569253, "params": {"u": 3.390381955874655, "v": 1.1887166380258873, "x": 4.460273618278742, "y": 6.6938247588722355}, "datetime": {"datetime": "2024-02-27 11:27:26", "elapsed": 3227.666773, "delta": 5.93853}}
{"target": 0.23830759780189054, "params": {"u": 9.326305384812926, "v": 0.046609334148485226, "x": 7.4008546148191945, "y": 5.259120703059671}, "datetime": {"datetime": "2024-02-27 11:27:31", "elapsed": 3233.062667, "delta": 5.395894}}
{"target": 0.3656171627168548, "params": {"u": 2.8433553575873702, "v": 0.01772699651705234, "x": 1.4197932634607768, "y": 2.547192570478}, "datetime": {"datetime": "2024-02-27 11:27:38", "elapsed": 3239.52325, "delta": 6.460583}}
{"target": 0.5713215362411178, "params": {"u": 4.536971235756491, "v": 2.772514385025201, "x": 2.9962058680560046, "y": 2.9640864144012236}, "datetime": {"datetime": "2024-02-27 11:27:44", "elapsed": 3245.622603, "delta": 6.099353}}
{"target": 0.22284077350817583, "params": {"u": 3.985497263679363, "v": 4.8394423544507905, "x": 9.904055100935082, "y": 5.307677506660905}, "datetime": {"datetime": "2024-02-27 11:27:51", "elapsed": 3252.353105, "delta": 6.730502}}
{"target": 0.26916754957374023, "params": {"u": 5.82348403741214, "v": 7.620135576150066, "x": 0.2994349626589743, "y": 6.393381099201816}, "datetime": {"datetime": "2024-02-27 11:27:55", "elapsed": 3256.328883, "delta": 3.975778}}
{"target": 0.8258724709837896, "params": {"u": 6.488524781924333, "v": 2.12729312139348, "x": 5.148918170853988, "y": 0.8951796243678267}, "datetime": {"datetime": "2024-02-27 11:28:00", "elapsed": 3261.325596, "delta": 4.996713}}
{"target": 0.1512862185397875, "params": {"u": 2.544583644324079, "v": 1.4563064659556069, "x": 9.5749023116772, "y": 6.820636834775957}, "datetime": {"datetime": "2024-02-27 11:28:04", "elapsed": 3266.131498, "delta": 4.805902}}
{"target": 0.2505404788941829, "params": {"u": 0.8625389704770581, "v": 5.923294287256043, "x": 5.106706361386766, "y": 5.146177407520155}, "datetime": {"datetime": "2024-02-27 11:28:08", "elapsed": 3270.148519, "delta": 4.017021}}
{"target": 1.1443929567132378, "params": {"u": 3.9994312060598727, "v": 4.114488576848681, "x": 4.18224047151615, "y": 4.450389035054572}, "datetime": {"datetime": "2024-02-27 11:28:18", "elapsed": 3280.093084, "delta": 9.944565}}
{"target": 0.19356635378776244, "params": {"u": 7.755273601722167, "v": 9.087110494947922, "x": 1.1036903962449252, "y": 6.889622207266778}, "datetime": {"datetime": "2024-02-27 11:28:23", "elapsed": 3284.895658, "delta": 4.802574}}
{"target": 4.911781176525526, "params": {"u": 4.606961763799601, "v": 4.781737227579556, "x": 3.7362976781760002, "y": 4.236841443278491}, "datetime": {"datetime": "2024-02-27 11:28:32", "elapsed": 3293.852908, "delta": 8.95725}}
{"target": 0.3030991979576316, "params": {"u": 4.7370706359723105, "v": 4.178125654361274, "x": 1.3471127876898414, "y": 7.146775517874771}, "datetime": {"datetime": "2024-02-27 11:28:35", "elapsed": 3296.626756, "delta": 2.773848}}
{"target": 0.204654663152337, "params": {"u": 0.0, "v": 8.14687646263443, "x": 0.0, "y": 6.942717873414549}, "datetime": {"datetime": "2024-02-27 11:28:45", "elapsed": 3306.615294, "delta": 9.988538}}
{"target": 0.23647147170663727, "params": {"u": 6.49770369105765, "v": 7.693932291703, "x": 3.324913132632623, "y": 0.6178269601689901}, "datetime": {"datetime": "2024-02-27 11:28:49", "elapsed": 3310.473817, "delta": 3.858523}}
{"target": 0.3433100815398521, "params": {"u": 7.068690363986265, "v": 3.223706453831984, "x": 7.116552006451403, "y": 7.286000758882796}, "datetime": {"datetime": "2024-02-27 11:29:01", "elapsed": 3322.212491, "delta": 11.738674}}
{"target": 0.3284135678272396, "params": {"u": 1.8504173117651632, "v": 8.346337595888349, "x": 0.8483164437674924, "y": 10.0}, "datetime": {"datetime": "2024-02-27 11:29:11", "elapsed": 3333.166352, "delta": 10.953861}}
{"target": 0.34907652046228893, "params": {"u": 7.34631857997655, "v": 6.044259440880884, "x": 9.357769904880298, "y": 6.523868659680484}, "datetime": {"datetime": "2024-02-27 11:29:17", "elapsed": 3338.717634, "delta": 5.551282}}
{"target": 0.24810916715885084, "params": {"u": 3.692029773764336, "v": 10.0, "x": 3.768637557115818, "y": 4.879576391040115}, "datetime": {"datetime": "2024-02-27 11:29:26", "elapsed": 3347.88537, "delta": 9.167736}}
{"target": 0.24003236328648625, "params": {"u": 8.000206173066642, "v": 7.981861208416485, "x": 5.956406598032741, "y": 0.8190848891103675}, "datetime": {"datetime": "2024-02-27 11:29:31", "elapsed": 3352.354245, "delta": 4.468875}}
{"target": 0.25193934031608667, "params": {"u": 10.0, "v": 0.3647898894986915, "x": 9.304707556182224, "y": 2.051921631692001}, "datetime": {"datetime": "2024-02-27 11:29:46", "elapsed": 3367.893139, "delta": 15.538894}}
{"target": 0.1688530831853788, "params": {"u": 9.243796755182004, "v": 7.767065606403429, "x": 0.839024730547171, "y": 4.525935518391664}, "datetime": {"datetime": "2024-02-27 11:29:54", "elapsed": 3375.551371, "delta": 7.658232}}
{"target": 0.3043329710607299, "params": {"u": 6.621085622540528, "v": 2.729389045564318, "x": 9.94840708685022, "y": 4.215842210092937}, "datetime": {"datetime": "2024-02-27 11:30:09", "elapsed": 3390.653311, "delta": 15.10194}}
{"target": 0.23306089194103743, "params": {"u": 5.047804615914495, "v": 0.0, "x": 8.383004761183104, "y": 5.871833880002247}, "datetime": {"datetime": "2024-02-27 11:30:27", "elapsed": 3408.75516, "delta": 18.101849}}
{"target": 1.8694274463218932, "params": {"u": 5.040863159810276, "v": 3.288623475546313, "x": 5.769688694643952, "y": 2.8941637696842406}, "datetime": {"datetime": "2024-02-27 11:30:31", "elapsed": 3412.972816, "delta": 4.217656}}
{"target": 6.174533707404044, "params": {"u": 4.98093621325604, "v": 4.425736589921334, "x": 3.8955336532580875, "y": 3.7418580369633303}, "datetime": {"datetime": "2024-02-27 11:30:41", "elapsed": 3423.124391, "delta": 10.151575}}
{"target": 3.3608866712621577, "params": {"u": 5.788823319908917, "v": 3.9306563739591818, "x": 5.002841912344895, "y": 3.2878104273104745}, "datetime": {"datetime": "2024-02-27 11:30:45", "elapsed": 3426.498183, "delta": 3.373792}}
{"target": 0.24274369703014048, "params": {"u": 8.065389746334755, "v": 6.116348318244934, "x": 7.754314008256026, "y": 0.21942493265515117}, "datetime": {"datetime": "2024-02-27 11:30:49", "elapsed": 3430.592145, "delta": 4.093962}}
{"target": 0.108351329213717, "params": {"u": 10.0, "v": 0.0, "x": 6.642653568040841, "y": 10.0}, "datetime": {"datetime": "2024-02-27 11:30:56", "elapsed": 3437.745299, "delta": 7.153154}}
{"target": 0.12031654761940028, "params": {"u": 10.0, "v": 10.0, "x": 2.10200046708486, "y": 8.462152525196874}, "datetime": {"datetime": "2024-02-27 11:31:02", "elapsed": 3443.246542, "delta": 5.501243}}
{"target": 0.14838078559383466, "params": {"u": 8.382845451826563, "v": 1.0028662378301245, "x": 10.0, "y": 8.160745772710474}, "datetime": {"datetime": "2024-02-27 11:31:09", "elapsed": 3450.95866, "delta": 7.712118}}
{"target": 0.3719687065352557, "params": {"u": 7.373176332542622, "v": 6.163258584434353, "x": 6.33244920570459, "y": 8.877823982639123}, "datetime": {"datetime": "2024-02-27 11:31:13", "elapsed": 3455.1063, "delta": 4.14764}}
{"target": 0.23449269701733172, "params": {"u": 0.35718800826279207, "v": 1.7702968333000746, "x": 3.451453386438572, "y": 3.67754881992316}, "datetime": {"datetime": "2024-02-27 11:31:17", "elapsed": 3458.956307, "delta": 3.850007}}
{"target": 0.26158005391583616, "params": {"u": 9.607169725831746, "v": 3.0402566258569164, "x": 4.0586322321948884, "y": 6.579067055407454}, "datetime": {"datetime": "2024-02-27 11:31:21", "elapsed": 3462.625307, "delta": 3.669}}
{"target": 0.22777566994035453, "params": {"u": 7.7059091835441755, "v": 0.0, "x": 5.838090828705612, "y": 6.953869948008782}, "datetime": {"datetime": "2024-02-27 11:31:27", "elapsed": 3468.73119, "delta": 6.105883}}
{"target": 0.4018786278634399, "params": {"u": 7.573054015765135, "v": 4.689747486197536, "x": 8.33878572720189, "y": 0.7051137194069845}, "datetime": {"datetime": "2024-02-27 11:31:30", "elapsed": 3471.401947, "delta": 2.670757}}
{"target": 7.595588407175061, "params": {"u": 4.4748274982479455, "v": 4.70243352583013, "x": 4.195861755272925, "y": 4.061074004390589}, "datetime": {"datetime": "2024-02-27 11:31:36", "elapsed": 3477.7872, "delta": 6.385253}}
{"target": 4.260403436402181, "params": {"u": 4.817112848990326, "v": 4.618601707115851, "x": 3.772484510887838, "y": 4.335471959269319}, "datetime": {"datetime": "2024-02-27 11:31:44", "elapsed": 3485.834857, "delta": 8.047657}}
{"target": 10.40512821755225, "params": {"u": 4.88754206904021, "v": 4.045008802467112, "x": 4.037206683855925, "y": 3.9981066349987993}, "datetime": {"datetime": "2024-02-27 11:31:52", "elapsed": 3493.336196, "delta": 7.501339}}
