{"target": 0.816059486963327, "params": {"u": 7.560534669495496, "v": 1.0853894933458639, "w": 11.137338915448368, "x": 1.9437568969345311, "y": 3.319166774820765}, "datetime": {"datetime": "2024-02-25 10:00:03", "elapsed": 507.614499, "delta": 3.383319}}
{"target": -0.065819144142822, "params": {"u": 6.437777327663791, "v": 7.821117734829938, "w": 4.973809709975193, "x": 2.522876089505845, "y": 2.659281639737084}, "datetime": {"datetime": "2024-02-25 10:00:05", "elapsed": 509.66314, "delta": 2.048641}}
{"target": 0.7453878472850852, "params": {"u": 8.339356373500395, "v": 1.1490649252038034, "w": 9.620739258901429, "x": 1.9115256065025903, "y": 4.3747475590849145}, "datetime": {"datetime": "2024-02-25 10:00:07", "elapsed": 511.364225, "delta": 1.701085}}
{"target": 0.014406820968262202, "params": {"u": 12.914657736264978, "v": 6.246532133882797, "w": 8.437838441665498, "x": 0.6917291595526303, "y": 4.4990574809712545}, "datetime": {"datetime": "2024-02-25 10:00:08", "elapsed": 513.103816, "delta": 1.739591}}
{"target": -0.13455216938405604, "params": {"u": 8.091465439825617, "v": 1.2689210796030927, "w": 12.274680685048947, "x": 2.340256213906749, "y": 2.9722532697865818}, "datetime": {"datetime": "2024-02-25 10:00:12", "elapsed": 516.351736, "delta": 3.24792}}
{"target": 0.04482267466336743, "params": {"u": 4.444415830671931, "v": 10.710070618353846, "w": 3.6331221839831582, "x": 1.430895273204714, "y": 0.5838337388137262}, "datetime": {"datetime": "2024-02-25 10:00:13", "elapsed": 517.886056, "delta": 1.53432}}
{"target": -0.03484051325321683, "params": {"u": 5.995610860361788, "v": 1.5863104949313267, "w": 9.188939812597807, "x": 1.7296603565040356, "y": 3.7731687111481924}, "datetime": {"datetime": "2024-02-25 10:00:17", "elapsed": 521.945001, "delta": 4.058945}}
{"target": 0.25271317863644294, "params": {"u": 7.828535588220204, "v": 1.2587363483239868, "w": 10.516971712377147, "x": 2.4174435548865962, "y": 3.195533033784833}, "datetime": {"datetime": "2024-02-25 10:00:22", "elapsed": 526.405399, "delta": 4.460398}}
{"target": 0.5432302577537866, "params": {"u": 7.331054869849583, "v": 1.1846558361791613, "w": 9.999877537484325, "x": 1.9254529287743598, "y": 2.823897801029082}, "datetime": {"datetime": "2024-02-25 10:00:24", "elapsed": 528.691251, "delta": 2.285852}}
{"target": 0.458503878132629, "params": {"u": 6.721534682005716, "v": 2.3666490480345326, "w": 9.69163071877541, "x": 1.4815821468962562, "y": 3.4502908481998396}, "datetime": {"datetime": "2024-02-25 10:00:26", "elapsed": 530.676275, "delta": 1.985024}}
{"target": -0.03981364474926417, "params": {"u": 11.934698456791224, "v": 10.075106354931531, "w": 3.6522009208824713, "x": 5.635042864353533, "y": 0.48910048013796925}, "datetime": {"datetime": "2024-02-25 10:00:27", "elapsed": 531.781066, "delta": 1.104791}}
{"target": -0.026108043985607343, "params": {"u": 9.654836195204393, "v": 10.2123728965207, "w": 6.041006834227314, "x": 7.056224460558597, "y": 4.434519742770348}, "datetime": {"datetime": "2024-02-25 10:00:28", "elapsed": 533.191957, "delta": 1.410891}}
{"target": -0.019717015100698163, "params": {"u": 3.493146208754755, "v": 3.4058741335653413, "w": 3.020282439364659, "x": 7.697085790597528, "y": 3.2714231546211616}, "datetime": {"datetime": "2024-02-25 10:00:30", "elapsed": 534.942643, "delta": 1.750686}}
{"target": 0.8566695850639153, "params": {"u": 8.828052973007972, "v": 1.714686938286976, "w": 9.28151718931547, "x": 1.8018332439023903, "y": 4.241482125690218}, "datetime": {"datetime": "2024-02-25 10:00:33", "elapsed": 537.798644, "delta": 2.856001}}
{"target": 0.9108177818686374, "params": {"u": 6.164760078411307, "v": 2.8600358590632564, "w": 9.930020860596061, "x": 1.7374576157098311, "y": 3.7759794028001084}, "datetime": {"datetime": "2024-02-25 10:00:36", "elapsed": 540.548047, "delta": 2.749403}}
{"target": 0.031084411584038952, "params": {"u": 5.291302917304762, "v": 3.0544245826682785, "w": 6.787798302646195, "x": 3.3308282002814806, "y": 4.895504894497153}, "datetime": {"datetime": "2024-02-25 10:00:37", "elapsed": 542.311944, "delta": 1.763897}}
{"target": 0.05007120476402063, "params": {"u": 12.662205892060816, "v": 5.921274105054969, "w": 10.533695583126178, "x": 4.374198370583004, "y": 3.2596853196330384}, "datetime": {"datetime": "2024-02-25 10:00:39", "elapsed": 544.298281, "delta": 1.986337}}
{"target": -0.011773488849825172, "params": {"u": 5.871296943240043, "v": 3.0593583999782643, "w": 10.164444986340943, "x": 1.661255712972936, "y": 3.544532155993793}, "datetime": {"datetime": "2024-02-25 10:00:42", "elapsed": 546.927897, "delta": 2.629616}}
{"target": 0.8615504181306121, "params": {"u": 7.978843454636024, "v": 1.308224678582878, "w": 9.010031888968918, "x": 1.7237238760337557, "y": 4.41764881201539}, "datetime": {"datetime": "2024-02-25 10:00:46", "elapsed": 550.913927, "delta": 3.98603}}
{"target": 0.6614393199763362, "params": {"u": 8.30608793211074, "v": 2.649016924574528, "w": 9.074931757048441, "x": 1.4653641417166146, "y": 3.957017817498075}, "datetime": {"datetime": "2024-02-25 10:00:49", "elapsed": 553.690059, "delta": 2.776132}}
{"target": 0.8909067743305144, "params": {"u": 7.91083940668611, "v": 2.559298946615023, "w": 9.132297615401058, "x": 1.6124726573085963, "y": 4.095324825925712}, "datetime": {"datetime": "2024-02-25 10:00:51", "elapsed": 556.100368, "delta": 2.410309}}
{"target": -0.08399418424196425, "params": {"u": 10.64929371884747, "v": 3.070118953496722, "w": 8.99410630088839, "x": 2.5951320132112983, "y": 4.048823248255241}, "datetime": {"datetime": "2024-02-25 10:00:53", "elapsed": 558.049371, "delta": 1.949003}}
{"target": 0.5008957007642426, "params": {"u": 7.155324453841021, "v": 1.1671382549022749, "w": 10.362067630333968, "x": 2.183369538466663, "y": 2.439966741252761}, "datetime": {"datetime": "2024-02-25 10:00:56", "elapsed": 560.887557, "delta": 2.838186}}
{"target": 0.12175098440612445, "params": {"u": 8.553131572241151, "v": 3.056373894608341, "w": 9.485202088296095, "x": 2.719913981348273, "y": 2.1504106500750235}, "datetime": {"datetime": "2024-02-25 10:00:58", "elapsed": 562.678346, "delta": 1.790789}}
{"target": 0.12912500815217057, "params": {"u": 10.319454615975257, "v": 3.8500459543957732, "w": 9.516574676915358, "x": 1.9673468551090139, "y": 2.6724747265501314}, "datetime": {"datetime": "2024-02-25 10:00:59", "elapsed": 564.057519, "delta": 1.379173}}
{"target": -0.026973136317532984, "params": {"u": 2.9357428589721133, "v": 10.200231460118536, "w": 3.7436882722148126, "x": 4.7174121462914265, "y": 4.874695017398792}, "datetime": {"datetime": "2024-02-25 10:01:01", "elapsed": 565.404977, "delta": 1.347458}}
{"target": 0.02146693480201082, "params": {"u": 10.669192825784432, "v": 9.916495450024357, "w": 3.2051910678542392, "x": 2.848555246874825, "y": 4.81932952001039}, "datetime": {"datetime": "2024-02-25 10:01:02", "elapsed": 566.740363, "delta": 1.335386}}
{"target": 0.6696157095732392, "params": {"u": 8.009133176916391, "v": 1.0, "w": 9.909833169050545, "x": 1.9439032122052582, "y": 3.0154127042055987}, "datetime": {"datetime": "2024-02-25 10:01:05", "elapsed": 569.484974, "delta": 2.744611}}
{"target": 0.9016158764823372, "params": {"u": 7.844346502671087, "v": 2.790812643007525, "w": 9.511231519644893, "x": 1.7491781018056733, "y": 3.6895013190921957}, "datetime": {"datetime": "2024-02-25 10:01:07", "elapsed": 571.980974, "delta": 2.496}}
{"target": 0.04410155035449915, "params": {"u": 6.618357717644092, "v": 2.837443904211119, "w": 9.45263866233579, "x": 1.9912301123546692, "y": 3.996783369283102}, "datetime": {"datetime": "2024-02-25 10:01:11", "elapsed": 576.04381, "delta": 4.062836}}
{"target": 0.050611863149864676, "params": {"u": 11.830981703319466, "v": 9.19143557083159, "w": 10.893646326706746, "x": 2.515974808824322, "y": 3.5269687370011615}, "datetime": {"datetime": "2024-02-25 10:01:13", "elapsed": 577.563442, "delta": 1.519632}}
{"target": -0.18140797796192495, "params": {"u": 9.23589545571376, "v": 1.5306309557510427, "w": 8.759994638988925, "x": 1.5964062138554478, "y": 4.003063567375475}, "datetime": {"datetime": "2024-02-25 10:01:16", "elapsed": 580.810356, "delta": 3.246914}}
{"target": 0.5716073925296207, "params": {"u": 8.113482735939375, "v": 1.1577394608074223, "w": 10.35064455111075, "x": 2.5792395453309953, "y": 2.311057307173974}, "datetime": {"datetime": "2024-02-25 10:01:18", "elapsed": 583.253852, "delta": 2.443496}}
{"target": 0.1640406385608974, "params": {"u": 7.110200908356871, "v": 1.1902536547267326, "w": 11.499766443714421, "x": 1.331058848347327, "y": 3.1683200115258554}, "datetime": {"datetime": "2024-02-25 10:01:24", "elapsed": 588.465489, "delta": 5.211637}}
{"target": 0.03640683711085561, "params": {"u": 8.578260057234644, "v": 12.912250822186415, "w": 4.708764480594886, "x": 7.727200481681171, "y": 1.363327725143181}, "datetime": {"datetime": "2024-02-25 10:01:26", "elapsed": 590.393479, "delta": 1.92799}}
{"target": 0.8328215869654088, "params": {"u": 8.015943456392625, "v": 2.183893268169504, "w": 9.487729409386676, "x": 1.7069524814016284, "y": 3.5513946845702127}, "datetime": {"datetime": "2024-02-25 10:01:28", "elapsed": 593.061406, "delta": 2.667927}}
{"target": 0.5012687696017434, "params": {"u": 7.884014221077745, "v": 1.9637304340404822, "w": 10.77185445203617, "x": 2.886673122720608, "y": 1.900947496936577}, "datetime": {"datetime": "2024-02-25 10:01:32", "elapsed": 596.5103, "delta": 3.448894}}
{"target": 0.5323706245448853, "params": {"u": 7.9529267652804565, "v": 1.6530260113924846, "w": 10.122302616977779, "x": 2.9680710928477403, "y": 2.0863412371281536}, "datetime": {"datetime": "2024-02-25 10:01:35", "elapsed": 599.989734, "delta": 3.479434}}
{"target": 0.4656366250345276, "params": {"u": 7.23712989992892, "v": 1.7309836663877651, "w": 10.899254358034128, "x": 2.2383770301708577, "y": 2.2943697968877452}, "datetime": {"datetime": "2024-02-25 10:01:38", "elapsed": 602.532149, "delta": 2.542415}}
{"target": 0.49415910522718753, "params": {"u": 8.791830339730922, "v": 1.3440064458460177, "w": 9.432252136561551, "x": 1.7091206731208626, "y": 4.94896616115056}, "datetime": {"datetime": "2024-02-25 10:01:42", "elapsed": 607.213047, "delta": 4.680898}}
{"target": 0.9245936501976602, "params": {"u": 6.418406105474336, "v": 2.250387325846514, "w": 10.374664674510518, "x": 1.708642117197905, "y": 3.9225523265792837}, "datetime": {"datetime": "2024-02-25 10:01:46", "elapsed": 610.726049, "delta": 3.513002}}
{"target": 0.5964286116249409, "params": {"u": 8.7464040088457, "v": 1.9288935388095316, "w": 9.518285262929954, "x": 1.433816194306529, "y": 3.95586581465499}, "datetime": {"datetime": "2024-02-25 10:01:49", "elapsed": 613.427835, "delta": 2.701786}}
{"target": 0.7673600397659615, "params": {"u": 6.363677055365823, "v": 2.699915804043971, "w": 10.02984756318634, "x": 1.9494792266806689, "y": 4.8176161217310804}, "datetime": {"datetime": "2024-02-25 10:01:53", "elapsed": 618.054909, "delta": 4.627074}}
{"target": -0.07099407915145237, "params": {"u": 5.922272236482733, "v": 2.3014010938051723, "w": 10.622143760476604, "x": 1.2368113081115555, "y": 4.465974774549921}, "datetime": {"datetime": "2024-02-25 10:01:56", "elapsed": 621.094753, "delta": 3.039844}}
{"target": 0.5264627740079459, "params": {"u": 6.426566414849306, "v": 2.887563534312092, "w": 11.091453142677553, "x": 2.187638041629281, "y": 3.3318998416159396}, "datetime": {"datetime": "2024-02-25 10:02:00", "elapsed": 625.269747, "delta": 4.174994}}
{"target": -0.019526660382647186, "params": {"u": 5.575261102304692, "v": 8.046705021539054, "w": 2.585729555866888, "x": 1.9792109205530635, "y": 1.0146892860778804}, "datetime": {"datetime": "2024-02-25 10:02:02", "elapsed": 626.44133, "delta": 1.171583}}
{"target": 0.052937625982629535, "params": {"u": 4.957934597261218, "v": 6.886945244460573, "w": 6.871667361370392, "x": 6.564842027217756, "y": 0.6999108478904308}, "datetime": {"datetime": "2024-02-25 10:02:04", "elapsed": 628.423062, "delta": 1.981732}}
{"target": 0.45698166797530765, "params": {"u": 7.70417982033367, "v": 1.2148986638201853, "w": 10.752691711279963, "x": 2.7178998756025616, "y": 1.829885667472611}, "datetime": {"datetime": "2024-02-25 10:02:06", "elapsed": 630.542004, "delta": 2.118942}}
{"target": 0.0809620384308225, "params": {"u": 4.762434714895875, "v": 2.221212537253734, "w": 9.60073908994924, "x": 3.668722455119211, "y": 2.2159374141939017}, "datetime": {"datetime": "2024-02-25 10:02:07", "elapsed": 631.864643, "delta": 1.322639}}
{"target": 0.37835499812936546, "params": {"u": 6.548494814613624, "v": 2.825908292382087, "w": 10.444862415493363, "x": 2.099095514068086, "y": 4.47258714226927}, "datetime": {"datetime": "2024-02-25 10:02:09", "elapsed": 634.288344, "delta": 2.423701}}
{"target": -0.016568527902295314, "params": {"u": 1.3546310729914914, "v": 11.273983390081677, "w": 11.233547754872543, "x": 6.132425960863804, "y": 0.9046556212711437}, "datetime": {"datetime": "2024-02-25 10:02:11", "elapsed": 635.915367, "delta": 1.627023}}
{"target": -0.04670589381153141, "params": {"u": 1.895565819106106, "v": 1.1138461459338709, "w": 12.711096573309469, "x": 2.4878590864193484, "y": 0.7636732307490894}, "datetime": {"datetime": "2024-02-25 10:02:14", "elapsed": 638.741624, "delta": 2.826257}}
{"target": 0.657549030180138, "params": {"u": 6.39333405770507, "v": 2.281262344056528, "w": 10.853366585510466, "x": 1.6721471995000874, "y": 3.3526483204360606}, "datetime": {"datetime": "2024-02-25 10:02:19", "elapsed": 643.690475, "delta": 4.948851}}
{"target": 0.7992225303656202, "params": {"u": 6.558223750222122, "v": 2.937186074648091, "w": 10.781252971166614, "x": 1.8103724445410379, "y": 3.3665620215774257}, "datetime": {"datetime": "2024-02-25 10:02:21", "elapsed": 646.328399, "delta": 2.637924}}
{"target": 0.11464365316628086, "params": {"u": 5.879212106335629, "v": 3.044924279094838, "w": 10.396385208966837, "x": 2.123214525745443, "y": 4.806431707247519}, "datetime": {"datetime": "2024-02-25 10:02:23", "elapsed": 648.298473, "delta": 1.970074}}
{"target": 0.576123935981245, "params": {"u": 8.117396007740064, "v": 2.0548635974721163, "w": 10.409795638171573, "x": 2.746005687002933, "y": 2.4836528847327948}, "datetime": {"datetime": "2024-02-25 10:02:26", "elapsed": 651.220443, "delta": 2.92197}}
{"target": -0.007193299555382437, "params": {"u": 7.334542773243209, "v": 6.963325728507702, "w": 3.085760572240116, "x": 2.4118925394367747, "y": 1.8829689721973097}, "datetime": {"datetime": "2024-02-25 10:02:28", "elapsed": 652.472477, "delta": 1.252034}}
{"target": -0.13622232798947484, "params": {"u": 6.417506119108898, "v": 3.0892518630460675, "w": 10.29357856537128, "x": 2.399454859030425, "y": 3.436209796508291}, "datetime": {"datetime": "2024-02-25 10:02:32", "elapsed": 656.498071, "delta": 4.025594}}
{"target": 0.3878588428630829, "params": {"u": 6.199154634551785, "v": 2.362954107315653, "w": 10.143319512565595, "x": 2.4745853157443274, "y": 4.930646204530751}, "datetime": {"datetime": "2024-02-25 10:02:34", "elapsed": 658.718813, "delta": 2.220742}}
{"target": -0.007166918878403471, "params": {"u": 2.9199675349937317, "v": 11.450573071544028, "w": 9.822194817498398, "x": 1.462266105790805, "y": 2.3565940994200023}, "datetime": {"datetime": "2024-02-25 10:02:37", "elapsed": 661.399431, "delta": 2.680618}}
{"target": 0.2277269999744184, "params": {"u": 7.392468557961827, "v": 2.0555391164488483, "w": 10.331711178260337, "x": 3.4127875055600376, "y": 2.272077369209724}, "datetime": {"datetime": "2024-02-25 10:02:41", "elapsed": 665.427138, "delta": 4.027707}}
{"target": 0.4061228160674932, "params": {"u": 6.67869736653466, "v": 1.0358717009395644, "w": 9.70622186500207, "x": 2.295351490484779, "y": 2.062289981094023}, "datetime": {"datetime": "2024-02-25 10:02:46", "elapsed": 670.683829, "delta": 5.256691}}
{"target": -0.03648394160055476, "params": {"u": 1.4104153669776172, "v": 4.836448504523691, "w": 12.205220853563095, "x": 7.803606769218091, "y": 2.7136363133291503}, "datetime": {"datetime": "2024-02-25 10:02:49", "elapsed": 673.480438, "delta": 2.796609}}
{"target": 0.024924512856763115, "params": {"u": 12.727320627894338, "v": 4.578415272875061, "w": 8.060841818332676, "x": 6.207960200494238, "y": 3.2525027617043043}, "datetime": {"datetime": "2024-02-25 10:02:50", "elapsed": 674.797159, "delta": 1.316721}}
{"target": -0.051087384927025664, "params": {"u": 7.219402417144806, "v": 2.0609774511875805, "w": 3.4175110359762417, "x": 6.249321651175086, "y": 2.8219860361833558}, "datetime": {"datetime": "2024-02-25 10:02:52", "elapsed": 676.816217, "delta": 2.019058}}
{"target": -0.256350389040403, "params": {"u": 6.222889954297727, "v": 2.6590036901971956, "w": 10.039852906162839, "x": 2.157575374742141, "y": 4.320143153091377}, "datetime": {"datetime": "2024-02-25 10:02:55", "elapsed": 679.939891, "delta": 3.123674}}
{"target": 0.6597874272178431, "params": {"u": 7.025077258447876, "v": 2.966974374965409, "w": 10.730813710496587, "x": 2.0420261535002564, "y": 2.9016941398827583}, "datetime": {"datetime": "2024-02-25 10:02:58", "elapsed": 682.802399, "delta": 2.862508}}
{"target": 0.1186745050682822, "params": {"u": 7.2419417620422415, "v": 7.75121120348021, "w": 7.214642679961742, "x": 1.5263871561262916, "y": 1.7875797814208259}, "datetime": {"datetime": "2024-02-25 10:02:59", "elapsed": 684.254418, "delta": 1.452019}}
{"target": 0.027487706204514534, "params": {"u": 8.300288542763981, "v": 3.8032613394474257, "w": 4.171973348933205, "x": 2.761616274277568, "y": 3.309148628331101}, "datetime": {"datetime": "2024-02-25 10:03:01", "elapsed": 685.985595, "delta": 1.731177}}
{"target": -0.05583327582747479, "params": {"u": 8.177087197991469, "v": 10.546921193298445, "w": 6.910363369788808, "x": 0.8968752310594037, "y": 0.3773261104397707}, "datetime": {"datetime": "2024-02-25 10:03:03", "elapsed": 688.214281, "delta": 2.228686}}
{"target": 0.052152577647252674, "params": {"u": 3.8199464445412574, "v": 6.6188170643787565, "w": 12.96772806328594, "x": 1.8161716321077235, "y": 4.716616972572145}, "datetime": {"datetime": "2024-02-25 10:03:06", "elapsed": 690.797392, "delta": 2.583111}}
{"target": 0.869623672819314, "params": {"u": 8.535994905900754, "v": 2.606829317155827, "w": 9.839314012813919, "x": 1.7762236284434483, "y": 3.839724525687989}, "datetime": {"datetime": "2024-02-25 10:03:10", "elapsed": 695.017631, "delta": 4.220239}}
{"target": 0.041294765513146724, "params": {"u": 3.117623840452736, "v": 7.121629520453842, "w": 1.1238566072257092, "x": 2.7635660354000144, "y": 4.763590900116939}, "datetime": {"datetime": "2024-02-25 10:03:13", "elapsed": 698.20476, "delta": 3.187129}}
{"target": 0.7210569898730363, "params": {"u": 7.777266162258949, "v": 1.0, "w": 11.393422955105404, "x": 1.991462781102374, "y": 3.0589809322363553}, "datetime": {"datetime": "2024-02-25 10:03:16", "elapsed": 700.919334, "delta": 2.714574}}
{"target": 0.27003406386346673, "params": {"u": 9.578554933278886, "v": 1.6848385165883366, "w": 9.371866575274113, "x": 1.8456532045428138, "y": 4.621832873888127}, "datetime": {"datetime": "2024-02-25 10:03:19", "elapsed": 704.104669, "delta": 3.185335}}
{"target": -0.28067422900040084, "params": {"u": 8.167773590221023, "v": 2.575002877851525, "w": 9.120588082323268, "x": 2.2099449175839614, "y": 3.612826810380633}, "datetime": {"datetime": "2024-02-25 10:03:22", "elapsed": 707.10412, "delta": 2.999451}}
{"target": 0.16661063161494774, "params": {"u": 8.068078965491688, "v": 1.8329109361564493, "w": 9.719911080355532, "x": 3.3537148918870567, "y": 2.3775645614313685}, "datetime": {"datetime": "2024-02-25 10:03:27", "elapsed": 711.644488, "delta": 4.540368}}
{"target": -0.01050168696887659, "params": {"u": 10.55017074189165, "v": 11.820782614377505, "w": 11.039120177335004, "x": 7.507781647104562, "y": 0.5674770350828323}, "datetime": {"datetime": "2024-02-25 10:03:29", "elapsed": 714.091621, "delta": 2.447133}}
{"target": -0.027188020038593986, "params": {"u": 6.177720322588149, "v": 6.665565556205435, "w": 7.496765411793297, "x": 5.328917090606744, "y": 0.18403855394791296}, "datetime": {"datetime": "2024-02-25 10:03:33", "elapsed": 717.379143, "delta": 3.287522}}
{"target": 0.8819661605099084, "params": {"u": 7.895718310736341, "v": 1.2235911955609322, "w": 9.133339483955297, "x": 1.6209959911485166, "y": 4.170328704165412}, "datetime": {"datetime": "2024-02-25 10:03:39", "elapsed": 723.485677, "delta": 6.106534}}
{"target": -0.11221073182746519, "params": {"u": 8.743722501679786, "v": 2.031157395928096, "w": 8.979803137997592, "x": 1.9700570040112777, "y": 4.145361167130317}, "datetime": {"datetime": "2024-02-25 10:03:42", "elapsed": 726.717877, "delta": 3.2322}}
{"target": 0.7828535231874364, "params": {"u": 7.716523257301982, "v": 1.1875739474795983, "w": 9.934483934040655, "x": 1.8802779749024674, "y": 3.654173750409736}, "datetime": {"datetime": "2024-02-25 10:03:47", "elapsed": 731.935973, "delta": 5.218096}}
{"target": 0.6397735985211404, "params": {"u": 6.553918957208283, "v": 2.446002024009537, "w": 10.678272651002672, "x": 1.9139850429783285, "y": 3.719241367018067}, "datetime": {"datetime": "2024-02-25 10:03:52", "elapsed": 737.251949, "delta": 5.315976}}
{"target": 0.32008967982348085, "params": {"u": 7.171081299056557, "v": 1.2660035603031243, "w": 8.781016850010372, "x": 1.6919773100605995, "y": 4.3865262946245585}, "datetime": {"datetime": "2024-02-25 10:03:55", "elapsed": 740.304177, "delta": 3.052228}}
{"target": 0.04247859458424451, "params": {"u": 10.87082633795312, "v": 7.689717764495985, "w": 12.170737264828785, "x": 4.395610094930786, "y": 2.8825245201612737}, "datetime": {"datetime": "2024-02-25 10:03:58", "elapsed": 742.444926, "delta": 2.140749}}
