{"target": -0.6541588296043727, "params": {"colsample_bytree": 0.601707325226956, "learning_rate": 0.19502162333770268, "max_bin_exp": 6.5660064072664435, "max_depth": 4.136030315522756, "n_estimators": 1253.1724222311525, "reg_alpha": 0.6266812163505194, "reg_lambda": 0.8894224219830955}, "datetime": {"datetime": "2024-02-19 18:19:48", "elapsed": 197.201862, "delta": 0.983359}}
{"target": -0.8894132652395245, "params": {"colsample_bytree": 0.2521214844588171, "learning_rate": 0.4460046725164286, "max_bin_exp": 8.49939441128453, "max_depth": 4.971338098105584, "n_estimators": 1425.7602112841541, "reg_alpha": 2.020646966269246, "reg_lambda": 0.8288503445856094}, "datetime": {"datetime": "2024-02-19 18:19:49", "elapsed": 198.10352, "delta": 0.901658}}
{"target": -2.2866154087320503, "params": {"colsample_bytree": 0.3942675300315697, "learning_rate": 0.49893781753259, "max_bin_exp": 9.553830526026848, "max_depth": 1.191857876826234, "n_estimators": 1401.3039967541033, "reg_alpha": 2.7441232812501517, "reg_lambda": 0.46099782596113426}, "datetime": {"datetime": "2024-02-19 18:19:50", "elapsed": 198.620104, "delta": 0.516584}}
{"target": -0.718722844893185, "params": {"colsample_bytree": 0.9971827042239119, "learning_rate": 0.21398691639801934, "max_bin_exp": 6.55188011130174, "max_depth": 2.887927371288746, "n_estimators": 1448.2407049462915, "reg_alpha": 2.868272632140675, "reg_lambda": 0.3624978909916887}, "datetime": {"datetime": "2024-02-19 18:19:50", "elapsed": 199.175219, "delta": 0.555115}}
{"target": -0.6587825283740142, "params": {"colsample_bytree": 0.8879951460825686, "learning_rate": 0.3223623620366573, "max_bin_exp": 8.612911451488237, "max_depth": 4.553570234494711, "n_estimators": 3700.023864356002, "reg_alpha": 1.4805822947163896, "reg_lambda": 2.88715636715251}, "datetime": {"datetime": "2024-02-19 18:19:54", "elapsed": 203.082999, "delta": 3.90778}}
{"target": -1.39153671032416, "params": {"colsample_bytree": 0.34707735021594077, "learning_rate": 0.33908533892519993, "max_bin_exp": 4.134045250214015, "max_depth": 5.821480632041964, "n_estimators": 3677.3599443068706, "reg_alpha": 1.2993904398678118, "reg_lambda": 0.19897945394985617}, "datetime": {"datetime": "2024-02-19 18:19:58", "elapsed": 206.962891, "delta": 3.879892}}
{"target": -0.7133582276777307, "params": {"colsample_bytree": 0.5505852763487874, "learning_rate": 0.29347974384757064, "max_bin_exp": 8.708690898182024, "max_depth": 2.2101434870127825, "n_estimators": 3721.5306656266685, "reg_alpha": 2.42318956866667, "reg_lambda": 0.19237459982149963}, "datetime": {"datetime": "2024-02-19 18:20:00", "elapsed": 209.285307, "delta": 2.322416}}
{"target": -0.8166534964520069, "params": {"colsample_bytree": 0.5161286176370343, "learning_rate": 0.20140643403746453, "max_bin_exp": 5.081408941043122, "max_depth": 2.1103330145937806, "n_estimators": 3552.822431213929, "reg_alpha": 0.33394918562393094, "reg_lambda": 2.5942285759748716}, "datetime": {"datetime": "2024-02-19 18:20:02", "elapsed": 211.230794, "delta": 1.945487}}
{"target": -0.7184960921087864, "params": {"colsample_bytree": 0.4025729599731322, "learning_rate": 0.27385602364718376, "max_bin_exp": 9.73238381075329, "max_depth": 2.4000779931083502, "n_estimators": 3530.401821917029, "reg_alpha": 0.42151986701942845, "reg_lambda": 1.9609132289433444}, "datetime": {"datetime": "2024-02-19 18:20:05", "elapsed": 213.774898, "delta": 2.544104}}
{"target": -3.1434785433498114, "params": {"colsample_bytree": 0.27529033780175394, "learning_rate": 0.4575385700079622, "max_bin_exp": 4.919921634553399, "max_depth": 5.156584470056178, "n_estimators": 3286.2401911412912, "reg_alpha": 1.2350700916066273, "reg_lambda": 0.00805700224016248}, "datetime": {"datetime": "2024-02-19 18:20:07", "elapsed": 215.615545, "delta": 1.840647}}
{"target": -0.6209147830037665, "params": {"colsample_bytree": 0.6545427723710581, "learning_rate": 0.039363123129385676, "max_bin_exp": 8.803437343817986, "max_depth": 4.140412264425231, "n_estimators": 3834.4613344918125, "reg_alpha": 1.0257740804492659, "reg_lambda": 2.3534211558210796}, "datetime": {"datetime": "2024-02-19 18:20:11", "elapsed": 219.971797, "delta": 4.356252}}
{"target": -0.9186187248352166, "params": {"colsample_bytree": 0.8700285881365368, "learning_rate": 0.2961436401586443, "max_bin_exp": 9.150693049993773, "max_depth": 1.130424097526084, "n_estimators": 3814.853617888702, "reg_alpha": 2.1705642419223254, "reg_lambda": 1.0271735910807114}, "datetime": {"datetime": "2024-02-19 18:20:13", "elapsed": 221.958506, "delta": 1.986709}}
{"target": -3.3437000327330506, "params": {"colsample_bytree": 0.3607991055364117, "learning_rate": 0.004380591449582457, "max_bin_exp": 9.9297444849044, "max_depth": 2.4202146067616024, "n_estimators": 3422.968558046174, "reg_alpha": 1.3716859975097146, "reg_lambda": 0.7476639349622654}, "datetime": {"datetime": "2024-02-19 18:20:14", "elapsed": 223.114096, "delta": 1.15559}}
{"target": -0.8091070109426495, "params": {"colsample_bytree": 0.7082269606883194, "learning_rate": 0.32265549474379907, "max_bin_exp": 5.187986880434242, "max_depth": 5.691979929316264, "n_estimators": 1757.351126608698, "reg_alpha": 0.23537114984876106, "reg_lambda": 2.384138721575857}, "datetime": {"datetime": "2024-02-19 18:20:16", "elapsed": 224.92214, "delta": 1.808044}}
{"target": -3.1434802377501176, "params": {"colsample_bytree": 0.2, "learning_rate": 0.5, "max_bin_exp": 4.0, "max_depth": 6.0, "n_estimators": 2560.849082554266, "reg_alpha": 3.0, "reg_lambda": 3.0}, "datetime": {"datetime": "2024-02-19 18:20:18", "elapsed": 226.762515, "delta": 1.840375}}
{"target": -0.692927068251236, "params": {"colsample_bytree": 1.0, "learning_rate": 0.5, "max_bin_exp": 10.0, "max_depth": 6.0, "n_estimators": 338.8401717734137, "reg_alpha": 3.0, "reg_lambda": 0.0}, "datetime": {"datetime": "2024-02-19 18:20:18", "elapsed": 227.212885, "delta": 0.45037}}
{"target": -0.9805829791284134, "params": {"colsample_bytree": 0.36209760565368293, "learning_rate": 0.3428941764346057, "max_bin_exp": 5.252529733365796, "max_depth": 5.631175780680586, "n_estimators": 183.32464116168737, "reg_alpha": 2.5391805237464053, "reg_lambda": 1.9055620024974096}, "datetime": {"datetime": "2024-02-19 18:20:18", "elapsed": 227.606018, "delta": 0.393133}}
{"target": -0.7645566265344537, "params": {"colsample_bytree": 0.40773052583517866, "learning_rate": 0.2860846937022272, "max_bin_exp": 8.706747300227736, "max_depth": 4.864757241218219, "n_estimators": 3577.2621483523462, "reg_alpha": 2.0023884657701405, "reg_lambda": 1.9934994952233112}, "datetime": {"datetime": "2024-02-19 18:20:22", "elapsed": 231.394776, "delta": 3.788758}}
{"target": -1.1416334930613488, "params": {"colsample_bytree": 1.0, "learning_rate": 0.5, "max_bin_exp": 4.0, "max_depth": 6.0, "n_estimators": 4343.742126117669, "reg_alpha": 3.0, "reg_lambda": 0.0}, "datetime": {"datetime": "2024-02-19 18:20:28", "elapsed": 236.761649, "delta": 5.366873}}
{"target": -1.1402433542966912, "params": {"colsample_bytree": 1.0, "learning_rate": 0.5, "max_bin_exp": 4.0, "max_depth": 6.0, "n_estimators": 1060.0450250988413, "reg_alpha": 3.0, "reg_lambda": 0.0}, "datetime": {"datetime": "2024-02-19 18:20:29", "elapsed": 238.164091, "delta": 1.402442}}
{"target": -3.6302949954625707, "params": {"colsample_bytree": 0.2620261613973169, "learning_rate": 0.4752114260637652, "max_bin_exp": 7.9527376552025455, "max_depth": 1.2610564347821258, "n_estimators": 358.25833402281853, "reg_alpha": 2.9508359234620825, "reg_lambda": 2.515281524881754}, "datetime": {"datetime": "2024-02-19 18:20:29", "elapsed": 238.460991, "delta": 0.2969}}
{"target": -4.4910729824623346, "params": {"colsample_bytree": 1.0, "learning_rate": 0.001, "max_bin_exp": 4.0, "max_depth": 6.0, "n_estimators": 321.84122562480786, "reg_alpha": 0.0, "reg_lambda": 0.0}, "datetime": {"datetime": "2024-02-19 18:20:30", "elapsed": 238.824589, "delta": 0.363598}}
{"target": -3.248899203307439, "params": {"colsample_bytree": 0.21687609546395079, "learning_rate": 0.0605884150507091, "max_bin_exp": 4.138565979863385, "max_depth": 2.7594907294095377, "n_estimators": 567.195124723813, "reg_alpha": 2.993587830852095, "reg_lambda": 0.30195165458136797}, "datetime": {"datetime": "2024-02-19 18:20:30", "elapsed": 239.437339, "delta": 0.61275}}
{"target": -1.077274037211629, "params": {"colsample_bytree": 0.9143307839665682, "learning_rate": 0.32375249662972005, "max_bin_exp": 6.662361224097462, "max_depth": 2.1995616017262933, "n_estimators": 536.2871319388448, "reg_alpha": 1.86847691866656, "reg_lambda": 1.742513391184366}, "datetime": {"datetime": "2024-02-19 18:20:31", "elapsed": 239.784794, "delta": 0.347455}}
{"target": -0.7105050008634578, "params": {"colsample_bytree": 0.42471745593425214, "learning_rate": 0.21966179701369468, "max_bin_exp": 8.527346520120268, "max_depth": 5.167034493829517, "n_estimators": 597.1340261209548, "reg_alpha": 0.32030789695263917, "reg_lambda": 1.5864959137249055}, "datetime": {"datetime": "2024-02-19 18:20:32", "elapsed": 240.953588, "delta": 1.168794}}
{"target": -1.1664536282984272, "params": {"colsample_bytree": 0.5258646114375807, "learning_rate": 0.08705003300564543, "max_bin_exp": 4.1935583439585, "max_depth": 4.13658908522001, "n_estimators": 2380.236867419898, "reg_alpha": 0.3695152022800884, "reg_lambda": 2.119103543793866}, "datetime": {"datetime": "2024-02-19 18:20:34", "elapsed": 242.806015, "delta": 1.852427}}
{"target": -3.424881071527778, "params": {"colsample_bytree": 0.20788937767674992, "learning_rate": 0.13630927538682977, "max_bin_exp": 6.843973875656927, "max_depth": 1.1141879856444112, "n_estimators": 1122.230977367215, "reg_alpha": 1.9349411582050609, "reg_lambda": 1.77276694568522}, "datetime": {"datetime": "2024-02-19 18:20:34", "elapsed": 243.356863, "delta": 0.550848}}
{"target": -0.6332989535597635, "params": {"colsample_bytree": 0.7958981608200075, "learning_rate": 0.0714968903768123, "max_bin_exp": 7.814694293628596, "max_depth": 4.8577383968269405, "n_estimators": 1095.5469327905164, "reg_alpha": 2.9933745754597343, "reg_lambda": 1.3893876662265476}, "datetime": {"datetime": "2024-02-19 18:20:35", "elapsed": 244.363384, "delta": 1.006521}}
{"target": -3.24335614010711, "params": {"colsample_bytree": 0.40522189419236004, "learning_rate": 0.12949899411111584, "max_bin_exp": 4.111943340104095, "max_depth": 1.9433364140725935, "n_estimators": 1690.03150259485, "reg_alpha": 0.04127679140477347, "reg_lambda": 0.21843611552304343}, "datetime": {"datetime": "2024-02-19 18:20:36", "elapsed": 245.172387, "delta": 0.809003}}
{"target": -2.0633529508709985, "params": {"colsample_bytree": 0.9735972077434367, "learning_rate": 0.253906154563201, "max_bin_exp": 7.875083724107223, "max_depth": 1.062790235786148, "n_estimators": 1288.064394503339, "reg_alpha": 1.1189049383725003, "reg_lambda": 2.965689161150571}, "datetime": {"datetime": "2024-02-19 18:20:37", "elapsed": 245.842088, "delta": 0.669701}}
{"target": -2.4676654113472516, "params": {"colsample_bytree": 0.5377357503784785, "learning_rate": 0.4605144490415883, "max_bin_exp": 4.506689352508727, "max_depth": 2.954708028851223, "n_estimators": 447.70072468459887, "reg_alpha": 1.6636372543364837, "reg_lambda": 0.8524382043818598}, "datetime": {"datetime": "2024-02-19 18:20:37", "elapsed": 246.276961, "delta": 0.434873}}
{"target": -3.103839176312382, "params": {"colsample_bytree": 0.9575857984807388, "learning_rate": 0.00790117980244458, "max_bin_exp": 4.295335590995019, "max_depth": 2.515743757476052, "n_estimators": 1101.1861635088098, "reg_alpha": 2.87430778027109, "reg_lambda": 2.756061079771749}, "datetime": {"datetime": "2024-02-19 18:20:38", "elapsed": 247.086846, "delta": 0.809885}}
{"target": -0.7257773663238583, "params": {"colsample_bytree": 0.5440404293962584, "learning_rate": 0.44680622499933653, "max_bin_exp": 7.688987988895864, "max_depth": 5.7503042585169455, "n_estimators": 1091.4810732345436, "reg_alpha": 2.8042247658777413, "reg_lambda": 1.6694673299904235}, "datetime": {"datetime": "2024-02-19 18:20:39", "elapsed": 248.374193, "delta": 1.287347}}
{"target": -0.6493011188875648, "params": {"colsample_bytree": 0.6566993062123598, "learning_rate": 0.353563817773769, "max_bin_exp": 9.864808781905127, "max_depth": 3.7019186444390253, "n_estimators": 589.7899218358721, "reg_alpha": 1.2707265909389283, "reg_lambda": 1.698034206495207}, "datetime": {"datetime": "2024-02-19 18:20:40", "elapsed": 249.397491, "delta": 1.023298}}
{"target": -1.1832653946129061, "params": {"colsample_bytree": 0.5946888522480421, "learning_rate": 0.48867127590350345, "max_bin_exp": 4.191649691543573, "max_depth": 3.138029783240328, "n_estimators": 586.5174242141998, "reg_alpha": 0.2606562605056558, "reg_lambda": 2.5577385672185198}, "datetime": {"datetime": "2024-02-19 18:20:41", "elapsed": 250.235445, "delta": 0.837954}}
{"target": -0.6335252854387358, "params": {"colsample_bytree": 0.9840716005765799, "learning_rate": 0.06259129712436709, "max_bin_exp": 7.137805078230503, "max_depth": 5.776731328579208, "n_estimators": 4138.046105049432, "reg_alpha": 1.3638819036384016, "reg_lambda": 1.256528270721849}, "datetime": {"datetime": "2024-02-19 18:20:46", "elapsed": 255.07158, "delta": 4.836135}}
{"target": -0.8989064594353224, "params": {"colsample_bytree": 0.2515669692784049, "learning_rate": 0.16835704037021262, "max_bin_exp": 8.868415171443251, "max_depth": 4.895481250506001, "n_estimators": 4156.120757911207, "reg_alpha": 2.0409839494387656, "reg_lambda": 2.749755062179289}, "datetime": {"datetime": "2024-02-19 18:20:50", "elapsed": 258.93837, "delta": 3.86679}}
{"target": -0.6577042810883431, "params": {"colsample_bytree": 0.8121484949707012, "learning_rate": 0.4442143670520041, "max_bin_exp": 8.295443895019392, "max_depth": 4.114740212476559, "n_estimators": 668.450834439555, "reg_alpha": 2.33860002693598, "reg_lambda": 1.8812137892006908}, "datetime": {"datetime": "2024-02-19 18:20:51", "elapsed": 260.071666, "delta": 1.133296}}
{"target": -0.692150939411929, "params": {"colsample_bytree": 0.5998022955768262, "learning_rate": 0.21282116261004655, "max_bin_exp": 7.458337176005154, "max_depth": 3.371903705710074, "n_estimators": 4579.9712987863995, "reg_alpha": 1.5766673024068196, "reg_lambda": 2.9289151978036227}, "datetime": {"datetime": "2024-02-19 18:20:54", "elapsed": 263.175772, "delta": 3.104106}}
{"target": -0.6864564982543255, "params": {"colsample_bytree": 0.3524110406467686, "learning_rate": 0.15581089211000787, "max_bin_exp": 9.602124753963155, "max_depth": 5.265670714334793, "n_estimators": 2940.5770158916625, "reg_alpha": 0.8205002673236947, "reg_lambda": 2.6909161501940044}, "datetime": {"datetime": "2024-02-19 18:20:56", "elapsed": 265.34131, "delta": 2.165538}}
{"target": -0.6678245586342103, "params": {"colsample_bytree": 0.6889287293892375, "learning_rate": 0.17490811268698495, "max_bin_exp": 8.16289034164634, "max_depth": 3.4925522696508864, "n_estimators": 3907.6406014490844, "reg_alpha": 2.2625052371414984, "reg_lambda": 2.433201157749707}, "datetime": {"datetime": "2024-02-19 18:21:00", "elapsed": 268.798009, "delta": 3.456699}}
{"target": -0.7197384882775717, "params": {"colsample_bytree": 0.7717517050974017, "learning_rate": 0.49976937143876293, "max_bin_exp": 7.607764592096284, "max_depth": 4.822012837862578, "n_estimators": 745.5473770976355, "reg_alpha": 2.4673176050914627, "reg_lambda": 0.33739551278657764}, "datetime": {"datetime": "2024-02-19 18:21:01", "elapsed": 269.996866, "delta": 1.198857}}
{"target": -0.7346704273761182, "params": {"colsample_bytree": 0.34409777459015023, "learning_rate": 0.3489901607433413, "max_bin_exp": 9.455447528050113, "max_depth": 5.1773182603920835, "n_estimators": 1266.44263749198, "reg_alpha": 1.1498246726420986, "reg_lambda": 0.8063758034418333}, "datetime": {"datetime": "2024-02-19 18:21:17", "elapsed": 286.344433, "delta": 16.347567}}
{"target": -0.6262984938103225, "params": {"colsample_bytree": 0.8685275421155869, "learning_rate": 0.025273588072207545, "max_bin_exp": 7.848230822316319, "max_depth": 4.351803230366578, "n_estimators": 3710.5596026814774, "reg_alpha": 0.7965323322972424, "reg_lambda": 1.1210717302947866}, "datetime": {"datetime": "2024-02-19 18:21:21", "elapsed": 290.447338, "delta": 4.102905}}
{"target": -1.996248512682439, "params": {"colsample_bytree": 0.3545695666198674, "learning_rate": 0.3038914024142965, "max_bin_exp": 5.711147469378915, "max_depth": 1.8391271124889366, "n_estimators": 4726.078273569325, "reg_alpha": 1.1110366629949728, "reg_lambda": 2.915255280550932}, "datetime": {"datetime": "2024-02-19 18:21:23", "elapsed": 292.084005, "delta": 1.636667}}
{"target": -0.6821170939486227, "params": {"colsample_bytree": 0.7931635512238477, "learning_rate": 0.4294543917367717, "max_bin_exp": 7.442360610378582, "max_depth": 3.8867050474062257, "n_estimators": 879.051174738467, "reg_alpha": 1.8130774295913565, "reg_lambda": 2.37187861417278}, "datetime": {"datetime": "2024-02-19 18:21:24", "elapsed": 293.057884, "delta": 0.973879}}
{"target": -0.7394858775239818, "params": {"colsample_bytree": 0.43492005319353977, "learning_rate": 0.46629907487793565, "max_bin_exp": 9.458947557099673, "max_depth": 3.3960835332380093, "n_estimators": 4747.996470941101, "reg_alpha": 2.7226682458313434, "reg_lambda": 0.3920560843791546}, "datetime": {"datetime": "2024-02-19 18:21:27", "elapsed": 296.144003, "delta": 3.086119}}
{"target": -0.6275001287922257, "params": {"colsample_bytree": 0.6068204327230922, "learning_rate": 0.17031560258492923, "max_bin_exp": 8.269442230018992, "max_depth": 4.634003452877751, "n_estimators": 1715.8551980415964, "reg_alpha": 0.9857044543926847, "reg_lambda": 1.5718468791498394}, "datetime": {"datetime": "2024-02-19 18:21:29", "elapsed": 298.184434, "delta": 2.040431}}
{"target": -0.74086290406147, "params": {"colsample_bytree": 0.7818069330292872, "learning_rate": 0.43325412923221657, "max_bin_exp": 7.952769046806693, "max_depth": 3.6666429110315266, "n_estimators": 2756.4263189768167, "reg_alpha": 0.7265689408520607, "reg_lambda": 0.053541729130075155}, "datetime": {"datetime": "2024-02-19 18:21:31", "elapsed": 299.707654, "delta": 1.52322}}
{"target": -0.6533268598303614, "params": {"colsample_bytree": 0.5694367444778878, "learning_rate": 0.18580665671189203, "max_bin_exp": 8.633901830273384, "max_depth": 3.445444790646608, "n_estimators": 2137.755824386859, "reg_alpha": 1.0792099790089327, "reg_lambda": 1.4580750394188597}, "datetime": {"datetime": "2024-02-19 18:21:32", "elapsed": 301.215578, "delta": 1.507924}}
{"target": -0.700395626531603, "params": {"colsample_bytree": 0.8177341976221169, "learning_rate": 0.3087013725740806, "max_bin_exp": 9.737388225580117, "max_depth": 2.6789424745203823, "n_estimators": 1667.7605919527934, "reg_alpha": 1.1416321649890504, "reg_lambda": 1.9580376226546072}, "datetime": {"datetime": "2024-02-19 18:21:34", "elapsed": 302.650912, "delta": 1.435334}}
{"target": -2.3624829385622648, "params": {"colsample_bytree": 0.5295305575872473, "learning_rate": 0.16528763201869248, "max_bin_exp": 9.698276229504298, "max_depth": 1.8947528304469854, "n_estimators": 2352.9737658340778, "reg_alpha": 0.637990542802435, "reg_lambda": 0.09103729315267495}, "datetime": {"datetime": "2024-02-19 18:21:35", "elapsed": 303.963069, "delta": 1.312157}}
{"target": -0.7108125360114318, "params": {"colsample_bytree": 0.6621892500884518, "learning_rate": 0.5, "max_bin_exp": 8.590811311913573, "max_depth": 4.041791327579034, "n_estimators": 2326.8440903721084, "reg_alpha": 0.14374650585269347, "reg_lambda": 2.0975283546487424}, "datetime": {"datetime": "2024-02-19 18:21:37", "elapsed": 306.11934, "delta": 2.156271}}
{"target": -0.8458299845868643, "params": {"colsample_bytree": 0.7622938362517941, "learning_rate": 0.030728845717324114, "max_bin_exp": 9.115425476961668, "max_depth": 2.3665963481376013, "n_estimators": 2163.7895221870062, "reg_alpha": 2.7127357525806697, "reg_lambda": 1.7569228919987163}, "datetime": {"datetime": "2024-02-19 18:21:57", "elapsed": 325.882115, "delta": 19.762775}}
{"target": -0.7513243353701374, "params": {"colsample_bytree": 0.7642969730891891, "learning_rate": 0.13882970990442042, "max_bin_exp": 5.916372234145698, "max_depth": 4.224336133700007, "n_estimators": 2731.7787249564863, "reg_alpha": 0.5073688820528747, "reg_lambda": 0.16682371814447805}, "datetime": {"datetime": "2024-02-19 18:21:59", "elapsed": 327.698843, "delta": 1.816728}}
{"target": -2.831647024411488, "params": {"colsample_bytree": 0.7741136413927474, "learning_rate": 0.001, "max_bin_exp": 10.0, "max_depth": 6.0, "n_estimators": 1311.6591211118453, "reg_alpha": 3.0, "reg_lambda": 2.1036628541249436}, "datetime": {"datetime": "2024-02-19 18:22:00", "elapsed": 329.4982, "delta": 1.799357}}
{"target": -2.3295052660516715, "params": {"colsample_bytree": 0.27985132913042143, "learning_rate": 0.14201948924251453, "max_bin_exp": 8.521354444666514, "max_depth": 4.787194457868564, "n_estimators": 428.8361018355911, "reg_alpha": 2.4248566691583844, "reg_lambda": 2.4873833388675566}, "datetime": {"datetime": "2024-02-19 18:22:01", "elapsed": 330.037448, "delta": 0.539248}}
{"target": -1.161641919171522, "params": {"colsample_bytree": 0.8792293900277903, "learning_rate": 0.44879081146663174, "max_bin_exp": 4.205072450257967, "max_depth": 4.626882256379938, "n_estimators": 3825.2459817785616, "reg_alpha": 0.4665111982491612, "reg_lambda": 2.212160899676915}, "datetime": {"datetime": "2024-02-19 18:22:05", "elapsed": 333.707463, "delta": 3.670015}}
{"target": -0.705013163731554, "params": {"colsample_bytree": 0.9679999834459336, "learning_rate": 0.48973641081879293, "max_bin_exp": 6.835037307669542, "max_depth": 5.4557369443972785, "n_estimators": 3542.044577174969, "reg_alpha": 1.4394899701237107, "reg_lambda": 0.5395512751182872}, "datetime": {"datetime": "2024-02-19 18:22:09", "elapsed": 338.342119, "delta": 4.634656}}
