{"target": 0.5573413919338406, "params": {"u": 6.258381834661208, "v": 1.6946684198551756, "w": 10.467654674163185, "x": 2.120401712737361, "y": 4.593686881978267}, "datetime": {"datetime": "2024-02-25 09:56:27", "elapsed": 292.177391, "delta": 1.355462}}
{"target": -0.008014445788424513, "params": {"u": 4.215663383124172, "v": 4.232102811849108, "w": 12.663793608222667, "x": 3.3474266310065928, "y": 4.3152370524499295}, "datetime": {"datetime": "2024-02-25 09:56:29", "elapsed": 293.975571, "delta": 1.79818}}
{"target": -0.05903260903846538, "params": {"u": 5.770798369934485, "v": 8.600291443805892, "w": 8.85277288447261, "x": 2.467137001189087, "y": 3.1150821056996243}, "datetime": {"datetime": "2024-02-25 09:56:30", "elapsed": 294.749616, "delta": 0.774045}}
{"target": -0.0652930229365609, "params": {"u": 6.544240458686242, "v": 4.793487849194489, "w": 5.420134547654544, "x": 4.366303786619291, "y": 1.1108691827350126}, "datetime": {"datetime": "2024-02-25 09:56:31", "elapsed": 296.191414, "delta": 1.441798}}
{"target": 0.1310245922122551, "params": {"u": 8.3422205575166, "v": 12.390060682007755, "w": 7.564222999064931, "x": 5.851955785889256, "y": 4.542338489604816}, "datetime": {"datetime": "2024-02-25 09:56:33", "elapsed": 297.466388, "delta": 1.274974}}
{"target": -0.03820473597900811, "params": {"u": 6.349358904446024, "v": 5.51413407630888, "w": 7.442607193054342, "x": 5.7312034607891675, "y": 2.5076753656409796}, "datetime": {"datetime": "2024-02-25 09:56:35", "elapsed": 299.495601, "delta": 2.029213}}
{"target": -0.4448357632983897, "params": {"u": 7.761137654886118, "v": 2.722078968129743, "w": 9.723753376597438, "x": 2.1067678236608876, "y": 4.104591592312327}, "datetime": {"datetime": "2024-02-25 09:56:37", "elapsed": 301.675037, "delta": 2.179436}}
{"target": 0.172040909790784, "params": {"u": 6.635177699152212, "v": 1.375139419611842, "w": 10.16564021986049, "x": 1.382210506092933, "y": 4.984453960708339}, "datetime": {"datetime": "2024-02-25 09:56:40", "elapsed": 304.594622, "delta": 2.919585}}
{"target": 0.007790802259211321, "params": {"u": 8.303558190992677, "v": 11.964389776991627, "w": 8.430928260937797, "x": 7.268214711590792, "y": 2.998088420230485}, "datetime": {"datetime": "2024-02-25 09:56:43", "elapsed": 307.746354, "delta": 3.151732}}
{"target": 0.8895341744904823, "params": {"u": 6.834246895826368, "v": 1.5803374404750916, "w": 9.47905687478228, "x": 1.7826663311830213, "y": 4.356724840359987}, "datetime": {"datetime": "2024-02-25 09:56:46", "elapsed": 310.530028, "delta": 2.783674}}
{"target": 0.42776467624928355, "params": {"u": 6.33184837259491, "v": 1.0343755824860295, "w": 9.124384926591464, "x": 1.5918948047589458, "y": 4.850421922709408}, "datetime": {"datetime": "2024-02-25 09:56:48", "elapsed": 312.767284, "delta": 2.237256}}
{"target": 0.43061928604452643, "params": {"u": 6.381316663298598, "v": 1.8849727351232741, "w": 10.343126965477023, "x": 1.5780315692767573, "y": 4.817101332905912}, "datetime": {"datetime": "2024-02-25 09:56:51", "elapsed": 316.001281, "delta": 3.233997}}
{"target": -0.006049559192670141, "params": {"u": 6.368733881713698, "v": 9.571187466685183, "w": 3.3491328085583385, "x": 2.692415109846003, "y": 3.8190853204360993}, "datetime": {"datetime": "2024-02-25 09:56:54", "elapsed": 319.216333, "delta": 3.215052}}
{"target": -0.012330359236124654, "params": {"u": 11.292769419202427, "v": 9.916889050731413, "w": 5.878864051451613, "x": 5.174838219209501, "y": 2.8768908928166073}, "datetime": {"datetime": "2024-02-25 09:56:56", "elapsed": 320.43291, "delta": 1.216577}}
{"target": -0.09445237984186407, "params": {"u": 11.562718005117675, "v": 12.948356579493371, "w": 8.70625073967125, "x": 3.469723962234787, "y": 1.2524205495522391}, "datetime": {"datetime": "2024-02-25 09:56:58", "elapsed": 322.854428, "delta": 2.421518}}
{"target": 0.04692120445645714, "params": {"u": 1.3581904179646127, "v": 3.012911392072079, "w": 6.867376956930595, "x": 3.676886478401898, "y": 4.104835521536326}, "datetime": {"datetime": "2024-02-25 09:56:59", "elapsed": 324.328903, "delta": 1.474475}}
{"target": 0.6705382418304779, "params": {"u": 6.520696892901011, "v": 2.3417963709341016, "w": 10.090495532286955, "x": 1.9038311483086097, "y": 4.282127010699744}, "datetime": {"datetime": "2024-02-25 09:57:02", "elapsed": 327.315954, "delta": 2.987051}}
{"target": 0.846567141805533, "params": {"u": 6.352235257232233, "v": 2.178619475614082, "w": 10.645392787284656, "x": 1.8422582143948214, "y": 4.359413643404356}, "datetime": {"datetime": "2024-02-25 09:57:04", "elapsed": 328.981318, "delta": 1.665364}}
{"target": 0.06716688973607572, "params": {"u": 8.974482520193767, "v": 9.79623835005984, "w": 8.112186187931119, "x": 5.444550083357023, "y": 1.0219750231041667}, "datetime": {"datetime": "2024-02-25 09:57:05", "elapsed": 330.221931, "delta": 1.240613}}
{"target": 0.6727398447882167, "params": {"u": 7.072759032052256, "v": 1.4215254114085356, "w": 10.708741896000548, "x": 1.515755454830661, "y": 3.710264337917689}, "datetime": {"datetime": "2024-02-25 09:57:07", "elapsed": 332.310516, "delta": 2.088585}}
{"target": 0.00037692573259748497, "params": {"u": 12.068674545127529, "v": 10.632722636100308, "w": 2.1839976783830535, "x": 5.893549582136929, "y": 3.8755812424101723}, "datetime": {"datetime": "2024-02-25 09:57:09", "elapsed": 333.995026, "delta": 1.68451}}
{"target": -0.004744337374139616, "params": {"u": 3.821507003368038, "v": 8.767523243770148, "w": 9.635268420089265, "x": 0.8732007303692777, "y": 0.6417055196532755}, "datetime": {"datetime": "2024-02-25 09:57:10", "elapsed": 335.216969, "delta": 1.221943}}
{"target": -0.024347554921429055, "params": {"u": 1.5875732313436837, "v": 10.835058652105527, "w": 8.10428044498499, "x": 1.6708128082183864, "y": 1.1452846823735616}, "datetime": {"datetime": "2024-02-25 09:57:12", "elapsed": 336.451739, "delta": 1.23477}}
{"target": 0.06575423310761296, "params": {"u": 7.2883291060101865, "v": 1.2832155477810634, "w": 10.78473298863314, "x": 1.6253594203313075, "y": 1.0812446594832215}, "datetime": {"datetime": "2024-02-25 09:57:13", "elapsed": 337.969244, "delta": 1.517505}}
{"target": -0.06526001794030685, "params": {"u": 11.946163099314944, "v": 2.169395357632558, "w": 5.068476341215812, "x": 5.6701152475922525, "y": 3.232509528221415}, "datetime": {"datetime": "2024-02-25 09:57:15", "elapsed": 339.790114, "delta": 1.82087}}
{"target": -0.4932053691979187, "params": {"u": 6.4869454216138855, "v": 1.7369291997212777, "w": 9.492488157885596, "x": 2.1420879360172957, "y": 4.175279941991643}, "datetime": {"datetime": "2024-02-25 09:57:18", "elapsed": 342.60096, "delta": 2.810846}}
{"target": 0.8018351546396161, "params": {"u": 7.2596776357729205, "v": 1.2813048928097124, "w": 11.206567721603708, "x": 1.9946065401945343, "y": 4.7100495807552365}, "datetime": {"datetime": "2024-02-25 09:57:20", "elapsed": 344.421384, "delta": 1.820424}}
{"target": 0.9002012439271513, "params": {"u": 6.25103041485818, "v": 2.430307103239666, "w": 9.849340527747653, "x": 1.7602714740726386, "y": 4.266896864174985}, "datetime": {"datetime": "2024-02-25 09:57:22", "elapsed": 346.387672, "delta": 1.966288}}
{"target": 0.054082152333178854, "params": {"u": 9.022392101718278, "v": 10.873793512434293, "w": 8.365080303977887, "x": 6.0564215712518354, "y": 2.132254994816993}, "datetime": {"datetime": "2024-02-25 09:57:23", "elapsed": 347.556, "delta": 1.168328}}
{"target": -0.008758478217674174, "params": {"u": 12.103897561521082, "v": 4.938408030986644, "w": 9.65606593144377, "x": 3.2818491773251157, "y": 0.7155021693472285}, "datetime": {"datetime": "2024-02-25 09:57:24", "elapsed": 348.714011, "delta": 1.158011}}
{"target": -0.04030652933710525, "params": {"u": 11.851951713935033, "v": 11.634477760114788, "w": 5.414703169635882, "x": 6.787948357016719, "y": 4.825845623577219}, "datetime": {"datetime": "2024-02-25 09:57:25", "elapsed": 349.940096, "delta": 1.226085}}
{"target": -0.07493231846110035, "params": {"u": 10.189097314394768, "v": 2.359722014098094, "w": 3.052935721704802, "x": 2.784920488124974, "y": 1.1954771180469124}, "datetime": {"datetime": "2024-02-25 09:57:26", "elapsed": 351.00212, "delta": 1.062024}}
{"target": 0.045762779881395224, "params": {"u": 4.770953178878331, "v": 5.303427599420012, "w": 4.850377129073902, "x": 6.324679963739898, "y": 3.3144033581524566}, "datetime": {"datetime": "2024-02-25 09:57:28", "elapsed": 352.972236, "delta": 1.970116}}
{"target": 0.8587119445874687, "params": {"u": 7.554170966102642, "v": 1.4795966882542895, "w": 9.857301748783616, "x": 1.8291965224241784, "y": 3.48594327494158}, "datetime": {"datetime": "2024-02-25 09:57:30", "elapsed": 354.91969, "delta": 1.947454}}
{"target": -0.024429048549665707, "params": {"u": 1.2766149937751456, "v": 12.197126544914633, "w": 7.557185503696335, "x": 3.490624942545012, "y": 2.6086270782515624}, "datetime": {"datetime": "2024-02-25 09:57:32", "elapsed": 356.514164, "delta": 1.594474}}
{"target": 0.882789208219623, "params": {"u": 7.660679636864028, "v": 1.6357605286000028, "w": 9.555944918419272, "x": 1.79867829954843, "y": 4.361120490223166}, "datetime": {"datetime": "2024-02-25 09:57:33", "elapsed": 358.250213, "delta": 1.736049}}
{"target": 0.042312225990352136, "params": {"u": 1.0280886012026316, "v": 12.494627348218401, "w": 6.503759430890571, "x": 5.251967108744071, "y": 4.33288958416209}, "datetime": {"datetime": "2024-02-25 09:57:35", "elapsed": 360.239109, "delta": 1.988896}}
{"target": 0.8974988230589358, "params": {"u": 6.2152183082160075, "v": 2.13190073616905, "w": 10.150378946624638, "x": 1.758392592675909, "y": 4.33242898237307}, "datetime": {"datetime": "2024-02-25 09:57:38", "elapsed": 363.278391, "delta": 3.039282}}
{"target": -0.06842435540787792, "params": {"u": 6.922804992542151, "v": 9.301853044103922, "w": 10.450642232034163, "x": 4.3239313409164515, "y": 1.9203890375090775}, "datetime": {"datetime": "2024-02-25 09:57:40", "elapsed": 364.982608, "delta": 1.704217}}
{"target": 0.08590626748666191, "params": {"u": 8.028412789650773, "v": 3.7985429928640504, "w": 3.0218362541365753, "x": 1.9816050228805637, "y": 1.2457682771947858}, "datetime": {"datetime": "2024-02-25 09:57:42", "elapsed": 366.753444, "delta": 1.770836}}
{"target": -0.06716776507504683, "params": {"u": 5.407396203296084, "v": 3.3002325700935446, "w": 10.926837964292869, "x": 5.799851775498663, "y": 3.882280657733596}, "datetime": {"datetime": "2024-02-25 09:57:44", "elapsed": 368.723009, "delta": 1.969565}}
{"target": 0.14285817150256888, "params": {"u": 7.2960512206525845, "v": 1.3381602929443552, "w": 9.952925773016226, "x": 2.031536979331575, "y": 3.745438100991366}, "datetime": {"datetime": "2024-02-25 09:57:46", "elapsed": 370.548279, "delta": 1.82527}}
{"target": 0.7984811785468511, "params": {"u": 6.699281278839175, "v": 1.3004286021858467, "w": 9.663128497499821, "x": 1.8427792625971975, "y": 3.3325036933163226}, "datetime": {"datetime": "2024-02-25 09:57:49", "elapsed": 374.185751, "delta": 3.637472}}
{"target": 0.4058343635007259, "params": {"u": 6.889426904930261, "v": 1.7824646533717408, "w": 10.165012645827304, "x": 1.6345170113077574, "y": 3.0246692103740886}, "datetime": {"datetime": "2024-02-25 09:57:52", "elapsed": 377.107139, "delta": 2.921388}}
{"target": 0.0240201035739346, "params": {"u": 6.362643485798013, "v": 1.0375295142441545, "w": 9.664577381763836, "x": 1.107031385564463, "y": 4.691907557830921}, "datetime": {"datetime": "2024-02-25 09:57:56", "elapsed": 381.139543, "delta": 4.032404}}
{"target": 0.4160079536103062, "params": {"u": 8.289930360372802, "v": 12.364366324749941, "w": 10.283260959337262, "x": 4.54806973931242, "y": 3.220006136905784}, "datetime": {"datetime": "2024-02-25 09:57:58", "elapsed": 382.948746, "delta": 1.809203}}
{"target": 0.07831096649251466, "params": {"u": 10.502669140807066, "v": 12.372201529078392, "w": 1.9096346808904472, "x": 2.706026109983792, "y": 3.3256983193755247}, "datetime": {"datetime": "2024-02-25 09:58:00", "elapsed": 384.77435, "delta": 1.825604}}
{"target": 0.8651810230609844, "params": {"u": 7.124065656580301, "v": 1.4845664750233911, "w": 9.662242090237058, "x": 1.742020015108678, "y": 4.431988400191077}, "datetime": {"datetime": "2024-02-25 09:58:03", "elapsed": 387.423766, "delta": 2.649416}}
{"target": 0.9254845268125549, "params": {"u": 7.320479713428513, "v": 1.1004962675028689, "w": 11.255943442372423, "x": 1.6778270656384944, "y": 4.129146531424247}, "datetime": {"datetime": "2024-02-25 09:58:10", "elapsed": 394.893655, "delta": 7.469889}}
{"target": -0.6292532404000376, "params": {"u": 7.672776165607674, "v": 1.8156201223683937, "w": 9.532606855607607, "x": 2.290322193630886, "y": 4.33837014546071}, "datetime": {"datetime": "2024-02-25 09:58:12", "elapsed": 396.505185, "delta": 1.61153}}
{"target": 0.05067314060271304, "params": {"u": 9.699688105971672, "v": 9.682348126093371, "w": 3.023367971056858, "x": 1.828050863265379, "y": 2.146009326390826}, "datetime": {"datetime": "2024-02-25 09:58:14", "elapsed": 398.686603, "delta": 2.181418}}
{"target": 0.10708654825020618, "params": {"u": 6.165747764021175, "v": 2.2196793790897043, "w": 9.98823533805751, "x": 2.0986201169287457, "y": 3.637003766811053}, "datetime": {"datetime": "2024-02-25 09:58:19", "elapsed": 403.834221, "delta": 5.147618}}
{"target": -0.0366718889834198, "params": {"u": 4.347383200771693, "v": 10.773210859204529, "w": 7.360959436459771, "x": 6.6258061688036465, "y": 3.1275318946186936}, "datetime": {"datetime": "2024-02-25 09:58:20", "elapsed": 405.198813, "delta": 1.364592}}
{"target": 0.02431389143032417, "params": {"u": 1.9305848238315755, "v": 11.401012937827916, "w": 5.29238998256836, "x": 4.116091803906976, "y": 4.502924470545628}, "datetime": {"datetime": "2024-02-25 09:58:23", "elapsed": 407.411132, "delta": 2.212319}}
{"target": -0.08023455196139885, "params": {"u": 5.951727164507574, "v": 1.0337002546301246, "w": 9.155903704544837, "x": 1.7155649673008666, "y": 4.688558743874412}, "datetime": {"datetime": "2024-02-25 09:58:24", "elapsed": 409.047547, "delta": 1.636415}}
{"target": 0.17798353646750942, "params": {"u": 8.174317671323285, "v": 5.667215305851706, "w": 9.464146784559077, "x": 2.4447812021061712, "y": 0.4886103981725929}, "datetime": {"datetime": "2024-02-25 09:58:25", "elapsed": 410.177838, "delta": 1.130291}}
{"target": 0.6154859012906775, "params": {"u": 6.714232487118532, "v": 1.49502957392288, "w": 10.181792674052883, "x": 1.6411965587435975, "y": 4.652409586059936}, "datetime": {"datetime": "2024-02-25 09:58:28", "elapsed": 412.848483, "delta": 2.670645}}
{"target": 0.0729364598640582, "params": {"u": 9.826865788300008, "v": 4.565116991478277, "w": 7.826986798909319, "x": 7.433168880088645, "y": 2.222463668054372}, "datetime": {"datetime": "2024-02-25 09:58:29", "elapsed": 414.302161, "delta": 1.453678}}
{"target": 0.07959188391154925, "params": {"u": 6.816033931472067, "v": 4.790365018508249, "w": 5.374496717957233, "x": 3.1106665352277143, "y": 4.595074861042374}, "datetime": {"datetime": "2024-02-25 09:58:31", "elapsed": 415.954994, "delta": 1.652833}}
{"target": -0.5851982732370419, "params": {"u": 6.2666205340308645, "v": 1.8036759312380273, "w": 10.528750264315953, "x": 2.556512573660526, "y": 4.612983195096978}, "datetime": {"datetime": "2024-02-25 09:58:33", "elapsed": 417.782153, "delta": 1.827159}}
{"target": -0.1495061241484942, "params": {"u": 8.933079951258739, "v": 5.3858611149625215, "w": 6.9544257442845945, "x": 2.7970983456863956, "y": 4.779701857720954}, "datetime": {"datetime": "2024-02-25 09:58:34", "elapsed": 419.268497, "delta": 1.486344}}
{"target": 0.3020630728199299, "params": {"u": 11.504243408818429, "v": 12.62009249968925, "w": 10.078291132552147, "x": 3.3701598976228433, "y": 0.5330641762719255}, "datetime": {"datetime": "2024-02-25 09:58:38", "elapsed": 422.775512, "delta": 3.507015}}
{"target": 0.762494975351956, "params": {"u": 6.644464987296109, "v": 2.65941621612241, "w": 10.475156273273313, "x": 1.6655873340398015, "y": 4.491989545410404}, "datetime": {"datetime": "2024-02-25 09:58:40", "elapsed": 425.09968, "delta": 2.324168}}
{"target": 0.7250221004218478, "params": {"u": 7.296713918990436, "v": 1.3073057970709563, "w": 9.742241188367926, "x": 1.6793064288428132, "y": 3.432902043070908}, "datetime": {"datetime": "2024-02-25 09:58:41", "elapsed": 426.326378, "delta": 1.226698}}
{"target": -0.04074011876170606, "params": {"u": 4.536846760304371, "v": 3.163007104572537, "w": 5.229697527458888, "x": 1.8787560847618008, "y": 0.8637952393661467}, "datetime": {"datetime": "2024-02-25 09:58:44", "elapsed": 428.385318, "delta": 2.05894}}
{"target": 0.474218125385147, "params": {"u": 6.9822494435205655, "v": 1.197003973560006, "w": 11.249177360954263, "x": 2.308263454029926, "y": 4.790084272747484}, "datetime": {"datetime": "2024-02-25 09:58:45", "elapsed": 430.038261, "delta": 1.652943}}
{"target": -0.13232301648400904, "params": {"u": 4.597023102815005, "v": 1.900682822450837, "w": 9.770879800547224, "x": 0.9273587419549127, "y": 0.9330392523415536}, "datetime": {"datetime": "2024-02-25 09:58:46", "elapsed": 431.247446, "delta": 1.209185}}
{"target": 0.04990179493482363, "params": {"u": 10.20581514229913, "v": 11.21094172070068, "w": 8.51533355186454, "x": 4.765942202467049, "y": 3.1710254148837027}, "datetime": {"datetime": "2024-02-25 09:58:49", "elapsed": 433.470265, "delta": 2.222819}}
{"target": 0.16633343938507875, "params": {"u": 6.200454147385095, "v": 12.24926509565944, "w": 12.09225385851588, "x": 3.1714883804042784, "y": 3.903395319465297}, "datetime": {"datetime": "2024-02-25 09:58:51", "elapsed": 435.775015, "delta": 2.30475}}
{"target": 0.922760179438656, "params": {"u": 7.039046831228067, "v": 1.3147931446222838, "w": 10.476842820395659, "x": 1.6934876154241212, "y": 4.168244270493573}, "datetime": {"datetime": "2024-02-25 09:58:53", "elapsed": 437.56781, "delta": 1.792795}}
{"target": 0.018053722923123183, "params": {"u": 9.890376746862998, "v": 3.8370296059608675, "w": 1.1097797806960954, "x": 2.40362545569716, "y": 2.547105578543974}, "datetime": {"datetime": "2024-02-25 09:58:55", "elapsed": 439.470649, "delta": 1.902839}}
{"target": 0.7962691444704683, "params": {"u": 7.819537738974821, "v": 2.579532092484094, "w": 10.440628179588078, "x": 1.750257073304555, "y": 4.567494250392937}, "datetime": {"datetime": "2024-02-25 09:58:59", "elapsed": 443.842407, "delta": 4.371758}}
{"target": 0.22456538968413836, "params": {"u": 8.247388141929385, "v": 1.3449204663459273, "w": 9.304502214072217, "x": 1.2463445177262875, "y": 4.075819090614757}, "datetime": {"datetime": "2024-02-25 09:59:02", "elapsed": 447.321438, "delta": 3.479031}}
{"target": 0.3193682436473117, "params": {"u": 7.02508496874162, "v": 1.3428691271001716, "w": 9.197755551989445, "x": 1.5306047352862193, "y": 4.940535747637116}, "datetime": {"datetime": "2024-02-25 09:59:06", "elapsed": 451.305977, "delta": 3.984539}}
{"target": -0.0428502667294573, "params": {"u": 11.509933278154437, "v": 6.135166363264456, "w": 3.1114985515540554, "x": 7.436303261225759, "y": 2.400256659763459}, "datetime": {"datetime": "2024-02-25 09:59:09", "elapsed": 453.783788, "delta": 2.477811}}
{"target": 0.04764093781213265, "params": {"u": 10.684694069671007, "v": 4.284222330463206, "w": 5.261544939365985, "x": 5.452503552400945, "y": 4.382651280397496}, "datetime": {"datetime": "2024-02-25 09:59:12", "elapsed": 456.921731, "delta": 3.137943}}
{"target": -0.041580935327930627, "params": {"u": 7.084979349177726, "v": 11.208156900666745, "w": 4.067347516971164, "x": 4.9421568747864155, "y": 1.9156526625336685}, "datetime": {"datetime": "2024-02-25 09:59:14", "elapsed": 458.900671, "delta": 1.97894}}
{"target": 0.7853757193534705, "params": {"u": 6.9746139651757915, "v": 1.4962311414784653, "w": 11.492449103468166, "x": 1.8332361193472717, "y": 4.680998803510117}, "datetime": {"datetime": "2024-02-25 09:59:17", "elapsed": 461.765592, "delta": 2.864921}}
{"target": 0.03816381519636338, "params": {"u": 8.293617533924348, "v": 2.8070033466016393, "w": 9.918618395022525, "x": 1.1136327191422777, "y": 4.437475340870368}, "datetime": {"datetime": "2024-02-25 09:59:20", "elapsed": 464.980477, "delta": 3.214885}}
{"target": 0.8641435171909144, "params": {"u": 8.721230977707954, "v": 2.141313161358803, "w": 10.637484289389622, "x": 1.7944942810943965, "y": 4.481838872419883}, "datetime": {"datetime": "2024-02-25 09:59:22", "elapsed": 466.706315, "delta": 1.725838}}
{"target": 0.1853642365032415, "params": {"u": 6.323564147223301, "v": 2.113648798912836, "w": 9.579766189769549, "x": 1.2768188746038347, "y": 4.510824702605745}, "datetime": {"datetime": "2024-02-25 09:59:23", "elapsed": 468.27784, "delta": 1.571525}}
{"target": -0.05336141969868526, "params": {"u": 3.0498861259835457, "v": 11.738850325694854, "w": 7.737588763542142, "x": 0.8647757696591505, "y": 2.4211952387895312}, "datetime": {"datetime": "2024-02-25 09:59:25", "elapsed": 469.735195, "delta": 1.457355}}
{"target": 0.8499295916241341, "params": {"u": 7.533944287070809, "v": 1.4790944281353566, "w": 9.613432114157137, "x": 1.6107027653450277, "y": 4.228415146624854}, "datetime": {"datetime": "2024-02-25 09:59:27", "elapsed": 471.941712, "delta": 2.206517}}
{"target": 0.020785119107487985, "params": {"u": 6.035873852881959, "v": 12.034969239917759, "w": 12.06750651384441, "x": 3.0100074626240003, "y": 3.9494089902505705}, "datetime": {"datetime": "2024-02-25 09:59:29", "elapsed": 474.026338, "delta": 2.084626}}
{"target": 0.8363757482358228, "params": {"u": 6.341770858366594, "v": 2.440781563584006, "w": 10.479965132577508, "x": 1.8467953772711116, "y": 4.590646892535209}, "datetime": {"datetime": "2024-02-25 09:59:32", "elapsed": 476.787582, "delta": 2.761244}}
