{"target": -1.2136934883562853, "params": {"colsample_bytree": 0.7208164630808769, "learning_rate": 0.1839699203768041, "max_bin_exp": 7.023896394570187, "max_depth": 1.9475674239987302, "n_estimators": 4765.67565863211, "reg_alpha": 0.059628730934606855, "reg_lambda": 0.04974111450056329}, "datetime": {"datetime": "2024-02-19 13:30:07", "elapsed": 910.685673, "delta": 2.385791}}
{"target": -0.6419899338674082, "params": {"colsample_bytree": 1.0, "learning_rate": 0.5, "max_bin_exp": 8.910887294057623, "max_depth": 5.345897949151857, "n_estimators": 4771.923836728732, "reg_alpha": 2.59461003165836, "reg_lambda": 3.0}, "datetime": {"datetime": "2024-02-19 13:30:14", "elapsed": 917.359719, "delta": 6.674046}}
{"target": -0.8472955208267126, "params": {"colsample_bytree": 0.5030895306541152, "learning_rate": 0.25490845137281765, "max_bin_exp": 5.132926952945741, "max_depth": 5.783863149407492, "n_estimators": 4775.436740281583, "reg_alpha": 1.1773976178909042, "reg_lambda": 2.189751753958395}, "datetime": {"datetime": "2024-02-19 13:30:19", "elapsed": 922.498842, "delta": 5.139123}}
{"target": -0.7264418003766479, "params": {"colsample_bytree": 0.7444055385984296, "learning_rate": 0.00553581821031297, "max_bin_exp": 6.372486735913233, "max_depth": 5.310733646555427, "n_estimators": 2242.850678454266, "reg_alpha": 2.95223326693713, "reg_lambda": 0.06059865693098032}, "datetime": {"datetime": "2024-02-19 13:30:22", "elapsed": 925.076121, "delta": 2.577279}}
{"target": -2.143776988977166, "params": {"colsample_bytree": 0.6309761044087898, "learning_rate": 0.16846530323492204, "max_bin_exp": 9.93471355323594, "max_depth": 1.526202275186034, "n_estimators": 2046.2224918548518, "reg_alpha": 0.5753969045410844, "reg_lambda": 0.3601573735931154}, "datetime": {"datetime": "2024-02-19 13:30:23", "elapsed": 926.856866, "delta": 1.780745}}
{"target": -0.8875424137726577, "params": {"colsample_bytree": 0.2, "learning_rate": 0.5, "max_bin_exp": 7.271437536262416, "max_depth": 4.504785895002592, "n_estimators": 2204.666696636284, "reg_alpha": 3.0, "reg_lambda": 0.0}, "datetime": {"datetime": "2024-02-19 13:30:25", "elapsed": 928.825381, "delta": 1.968515}}
{"target": -1.3234629659045432, "params": {"colsample_bytree": 0.8485077780177668, "learning_rate": 0.1568137510377738, "max_bin_exp": 9.142953937505233, "max_depth": 1.439037242923355, "n_estimators": 4768.768276626327, "reg_alpha": 0.40622745926161874, "reg_lambda": 1.9518573425188634}, "datetime": {"datetime": "2024-02-19 13:31:08", "elapsed": 971.77425, "delta": 42.948869}}
{"target": -0.8927637455552613, "params": {"colsample_bytree": 0.27741395903634686, "learning_rate": 0.08209256038672945, "max_bin_exp": 7.658553750003331, "max_depth": 4.761399259893519, "n_estimators": 2031.7918840365337, "reg_alpha": 1.6707370479473007, "reg_lambda": 0.020673596819176354}, "datetime": {"datetime": "2024-02-19 13:31:11", "elapsed": 974.469967, "delta": 2.695717}}
{"target": -0.7347383597617628, "params": {"colsample_bytree": 0.3472186242652027, "learning_rate": 0.4663611596788808, "max_bin_exp": 9.841677654972873, "max_depth": 3.606928808522768, "n_estimators": 4728.462540065482, "reg_alpha": 0.6265753829029771, "reg_lambda": 2.7626156876821613}, "datetime": {"datetime": "2024-02-19 13:31:15", "elapsed": 978.803303, "delta": 4.333336}}
{"target": -3.1466457096280607, "params": {"colsample_bytree": 0.2, "learning_rate": 0.001, "max_bin_exp": 10.0, "max_depth": 6.0, "n_estimators": 4774.647591447619, "reg_alpha": 2.324624908166384, "reg_lambda": 1.9926335553239252}, "datetime": {"datetime": "2024-02-19 13:31:22", "elapsed": 985.193973, "delta": 6.39067}}
{"target": -0.824359524738296, "params": {"colsample_bytree": 0.6349087620720266, "learning_rate": 0.46924469410774383, "max_bin_exp": 5.953786723027453, "max_depth": 4.8809325842805995, "n_estimators": 2270.5137877799975, "reg_alpha": 2.529722778505995, "reg_lambda": 2.879757423156715}, "datetime": {"datetime": "2024-02-19 13:31:24", "elapsed": 987.545837, "delta": 2.351864}}
{"target": -0.6593619774596132, "params": {"colsample_bytree": 0.560022882718838, "learning_rate": 0.19552335787846925, "max_bin_exp": 9.890727065180139, "max_depth": 4.605505766728152, "n_estimators": 2036.2463754414475, "reg_alpha": 2.688660617157597, "reg_lambda": 0.27842149678277983}, "datetime": {"datetime": "2024-02-19 13:31:26", "elapsed": 989.756893, "delta": 2.211056}}
{"target": -0.6371185867216925, "params": {"colsample_bytree": 0.8109744023946004, "learning_rate": 0.3384351492666755, "max_bin_exp": 9.62033295028844, "max_depth": 5.660569970446055, "n_estimators": 2040.7883865716358, "reg_alpha": 0.6511800498629349, "reg_lambda": 1.6525658193665853}, "datetime": {"datetime": "2024-02-19 13:31:30", "elapsed": 993.252482, "delta": 3.495589}}
{"target": -0.7162229178065412, "params": {"colsample_bytree": 1.0, "learning_rate": 0.5, "max_bin_exp": 8.159785238591853, "max_depth": 6.0, "n_estimators": 2166.1544377132786, "reg_alpha": 0.0, "reg_lambda": 0.0}, "datetime": {"datetime": "2024-02-19 13:31:34", "elapsed": 997.34576, "delta": 4.093278}}
{"target": -1.1791697455401806, "params": {"colsample_bytree": 0.6891087470420452, "learning_rate": 0.49160839040701704, "max_bin_exp": 4.432174567441313, "max_depth": 5.480636460679465, "n_estimators": 4782.469530267945, "reg_alpha": 1.8822255437959163, "reg_lambda": 2.0174219402547475}, "datetime": {"datetime": "2024-02-19 13:31:39", "elapsed": 1002.563107, "delta": 5.217347}}
{"target": -0.6823964173404213, "params": {"colsample_bytree": 0.5488023447276789, "learning_rate": 0.2964128973575908, "max_bin_exp": 7.752200016885859, "max_depth": 5.444835502223717, "n_estimators": 2241.2486347582385, "reg_alpha": 1.1692680181293431, "reg_lambda": 2.990712604492754}, "datetime": {"datetime": "2024-02-19 13:31:41", "elapsed": 1004.950577, "delta": 2.38747}}
{"target": -0.6678339666668808, "params": {"colsample_bytree": 0.941382994626387, "learning_rate": 0.25349091701733834, "max_bin_exp": 6.421044840788022, "max_depth": 5.751298516539004, "n_estimators": 2042.590443973174, "reg_alpha": 0.5039593728483472, "reg_lambda": 0.3297222332818299}, "datetime": {"datetime": "2024-02-19 13:31:44", "elapsed": 1007.496891, "delta": 2.546314}}
{"target": -0.7191275170300729, "params": {"colsample_bytree": 0.7117049971408602, "learning_rate": 0.3919102730826987, "max_bin_exp": 7.54468783089218, "max_depth": 4.811969184763713, "n_estimators": 2043.987332717606, "reg_alpha": 2.8276868855392086, "reg_lambda": 0.8399166159048255}, "datetime": {"datetime": "2024-02-19 13:31:46", "elapsed": 1009.587206, "delta": 2.090315}}
{"target": -0.7104165710783017, "params": {"colsample_bytree": 0.2961482800938473, "learning_rate": 0.22695501889142455, "max_bin_exp": 8.653317655265152, "max_depth": 4.3013071556480975, "n_estimators": 2251.6750390677266, "reg_alpha": 2.430962247684546, "reg_lambda": 2.788516509007641}, "datetime": {"datetime": "2024-02-19 13:31:49", "elapsed": 1012.542812, "delta": 2.955606}}
{"target": -0.6843871361515714, "params": {"colsample_bytree": 0.8393498525420602, "learning_rate": 0.4793511568324655, "max_bin_exp": 9.004654375367931, "max_depth": 5.945806549544242, "n_estimators": 4712.0474548547345, "reg_alpha": 2.694311666085257, "reg_lambda": 0.9043694658371602}, "datetime": {"datetime": "2024-02-19 13:31:55", "elapsed": 1018.363916, "delta": 5.821104}}
{"target": -0.6951552596514169, "params": {"colsample_bytree": 0.7175529581085089, "learning_rate": 0.32231546969691954, "max_bin_exp": 6.108966314538241, "max_depth": 5.731754273931986, "n_estimators": 4708.006249553885, "reg_alpha": 1.4497210615137945, "reg_lambda": 1.7207806503644525}, "datetime": {"datetime": "2024-02-19 13:32:01", "elapsed": 1024.00973, "delta": 5.645814}}
{"target": -0.7252294096799228, "params": {"colsample_bytree": 0.8681532155897809, "learning_rate": 0.26020935461328215, "max_bin_exp": 7.808867518472736, "max_depth": 3.2771752482304013, "n_estimators": 4709.23871096998, "reg_alpha": 1.883731011074385, "reg_lambda": 0.9274846108990582}, "datetime": {"datetime": "2024-02-19 13:32:04", "elapsed": 1027.568903, "delta": 3.559173}}
{"target": -0.7249580199623352, "params": {"colsample_bytree": 1.0, "learning_rate": 0.5, "max_bin_exp": 10.0, "max_depth": 4.030470143892762, "n_estimators": 2180.6475026072167, "reg_alpha": 1.8625457808862649, "reg_lambda": 0.0}, "datetime": {"datetime": "2024-02-19 13:32:07", "elapsed": 1030.580627, "delta": 3.011724}}
{"target": -0.638282551306865, "params": {"colsample_bytree": 0.8744549341594385, "learning_rate": 0.2831127849995277, "max_bin_exp": 9.277905052464364, "max_depth": 5.773794529119449, "n_estimators": 4707.036421169831, "reg_alpha": 2.586325834908531, "reg_lambda": 0.0033602287866383307}, "datetime": {"datetime": "2024-02-19 13:32:13", "elapsed": 1036.829769, "delta": 6.249142}}
{"target": -0.9111575517037429, "params": {"colsample_bytree": 0.28253280130323133, "learning_rate": 0.4477208173309272, "max_bin_exp": 8.362670654603907, "max_depth": 5.942907657001183, "n_estimators": 4706.231218304171, "reg_alpha": 0.7146377582210753, "reg_lambda": 0.8859902656935611}, "datetime": {"datetime": "2024-02-19 13:32:19", "elapsed": 1042.06648, "delta": 5.236711}}
{"target": -1.0506326072004473, "params": {"colsample_bytree": 0.699118948007782, "learning_rate": 0.2948593006515512, "max_bin_exp": 9.392339371420533, "max_depth": 1.8084203907943288, "n_estimators": 4707.3192135050485, "reg_alpha": 2.694586119100304, "reg_lambda": 0.05423634889309248}, "datetime": {"datetime": "2024-02-19 13:32:21", "elapsed": 1044.821934, "delta": 2.755454}}
{"target": -0.8592038736232491, "params": {"colsample_bytree": 0.40752383475291887, "learning_rate": 0.23770735351856903, "max_bin_exp": 5.008659907604769, "max_depth": 2.540686932600725, "n_estimators": 4707.566308408367, "reg_alpha": 1.0514872553454844, "reg_lambda": 1.910827482758926}, "datetime": {"datetime": "2024-02-19 13:32:25", "elapsed": 1048.446497, "delta": 3.624563}}
{"target": -0.6688842602052161, "params": {"colsample_bytree": 0.5949621557063047, "learning_rate": 0.04043517538158311, "max_bin_exp": 6.872966488643724, "max_depth": 3.2949544240846977, "n_estimators": 2023.807046892447, "reg_alpha": 1.0628828091493825, "reg_lambda": 2.7047337064535553}, "datetime": {"datetime": "2024-02-19 13:32:27", "elapsed": 1050.368012, "delta": 1.921515}}
{"target": -1.1370885976231462, "params": {"colsample_bytree": 0.5718853754411133, "learning_rate": 0.2395596833051868, "max_bin_exp": 4.456350793213395, "max_depth": 4.042650974918037, "n_estimators": 4702.928557073693, "reg_alpha": 2.413274499890041, "reg_lambda": 0.4200285498764986}, "datetime": {"datetime": "2024-02-19 13:32:31", "elapsed": 1054.961058, "delta": 4.593046}}
{"target": -0.6752100926237345, "params": {"colsample_bytree": 1.0, "learning_rate": 0.5, "max_bin_exp": 9.618181910536206, "max_depth": 3.473257910035863, "n_estimators": 2261.256509628577, "reg_alpha": 0.0, "reg_lambda": 3.0}, "datetime": {"datetime": "2024-02-19 13:32:34", "elapsed": 1057.322619, "delta": 2.361561}}
{"target": -0.7169836446180555, "params": {"colsample_bytree": 0.5544310786229858, "learning_rate": 0.4755178523608833, "max_bin_exp": 8.217646008393093, "max_depth": 5.194896017622601, "n_estimators": 4709.636288906515, "reg_alpha": 0.8354160392903731, "reg_lambda": 2.978832299042715}, "datetime": {"datetime": "2024-02-19 13:32:40", "elapsed": 1063.332998, "delta": 6.010379}}
{"target": -0.655478011933281, "params": {"colsample_bytree": 0.8021617554868057, "learning_rate": 0.052593647712180294, "max_bin_exp": 8.8277426383385, "max_depth": 3.054885652970367, "n_estimators": 2179.968049710194, "reg_alpha": 0.08876389999077827, "reg_lambda": 2.3364971809436192}, "datetime": {"datetime": "2024-02-19 13:32:43", "elapsed": 1065.99327, "delta": 2.660272}}
{"target": -0.8896187963114996, "params": {"colsample_bytree": 0.2, "learning_rate": 0.5, "max_bin_exp": 7.607297899920756, "max_depth": 6.0, "n_estimators": 4996.2001422606, "reg_alpha": 3.0, "reg_lambda": 0.0}, "datetime": {"datetime": "2024-02-19 13:32:48", "elapsed": 1071.411715, "delta": 5.418445}}
{"target": -1.3637763689169904, "params": {"colsample_bytree": 0.347504087657152, "learning_rate": 0.4932169800131183, "max_bin_exp": 4.347426109527382, "max_depth": 4.8491490548735845, "n_estimators": 4711.331885498382, "reg_alpha": 1.9366861532553994, "reg_lambda": 0.5747834768596197}, "datetime": {"datetime": "2024-02-19 13:32:52", "elapsed": 1075.429676, "delta": 4.017961}}
{"target": -0.6724482003648775, "params": {"colsample_bytree": 0.6008217400126143, "learning_rate": 0.387025580169661, "max_bin_exp": 9.656093068809879, "max_depth": 5.581742962631493, "n_estimators": 4703.880600215769, "reg_alpha": 2.8734293933991313, "reg_lambda": 1.8296489043739268}, "datetime": {"datetime": "2024-02-19 13:32:58", "elapsed": 1081.092741, "delta": 5.663065}}
{"target": -0.6149158284076698, "params": {"colsample_bytree": 0.6867123254876184, "learning_rate": 0.0859960786837691, "max_bin_exp": 9.682828890455687, "max_depth": 5.160534692679455, "n_estimators": 4699.60419220422, "reg_alpha": 2.314827419631369, "reg_lambda": 1.8722112414230438}, "datetime": {"datetime": "2024-02-19 13:33:03", "elapsed": 1086.94869, "delta": 5.855949}}
{"target": -0.74238089468647, "params": {"colsample_bytree": 0.2858031651682537, "learning_rate": 0.012378330244020602, "max_bin_exp": 7.400365464077837, "max_depth": 4.807008240438811, "n_estimators": 4697.449556911368, "reg_alpha": 0.5795548722202227, "reg_lambda": 1.6670039017582914}, "datetime": {"datetime": "2024-02-19 13:33:08", "elapsed": 1091.236746, "delta": 4.288056}}
{"target": -0.7071261553304495, "params": {"colsample_bytree": 0.8206140004377964, "learning_rate": 0.2842943833533438, "max_bin_exp": 7.764686510047611, "max_depth": 2.7251694331019225, "n_estimators": 4700.472433777802, "reg_alpha": 1.2547501231631564, "reg_lambda": 2.3107410745494743}, "datetime": {"datetime": "2024-02-19 13:33:11", "elapsed": 1094.119671, "delta": 2.882925}}
{"target": -1.3449814297787193, "params": {"colsample_bytree": 0.7858899064565088, "learning_rate": 0.005061555773617229, "max_bin_exp": 8.863835295313551, "max_depth": 2.8747324660861726, "n_estimators": 4698.753349100081, "reg_alpha": 2.0336870455691396, "reg_lambda": 0.05538956960690733}, "datetime": {"datetime": "2024-02-19 13:33:14", "elapsed": 1097.733851, "delta": 3.61418}}
{"target": -0.686297729450256, "params": {"colsample_bytree": 0.3484183332288927, "learning_rate": 0.06108240317243707, "max_bin_exp": 8.77576298671248, "max_depth": 5.92972146344307, "n_estimators": 4702.051690711186, "reg_alpha": 1.232348532579707, "reg_lambda": 2.166401789300396}, "datetime": {"datetime": "2024-02-19 13:33:20", "elapsed": 1103.822734, "delta": 6.088883}}
{"target": -0.7106603974465926, "params": {"colsample_bytree": 1.0, "learning_rate": 0.5, "max_bin_exp": 6.908209904008268, "max_depth": 3.4992247757846298, "n_estimators": 2247.515590304348, "reg_alpha": 0.0, "reg_lambda": 3.0}, "datetime": {"datetime": "2024-02-19 13:33:23", "elapsed": 1106.20285, "delta": 2.380116}}
{"target": -0.8987241691884418, "params": {"colsample_bytree": 0.7239356594066402, "learning_rate": 0.3697238710848497, "max_bin_exp": 7.656667930605869, "max_depth": 1.1779992640814103, "n_estimators": 4704.075823004195, "reg_alpha": 0.4792411343053371, "reg_lambda": 2.4916956270068735}, "datetime": {"datetime": "2024-02-19 13:33:25", "elapsed": 1108.822639, "delta": 2.619789}}
{"target": -1.391024144363524, "params": {"colsample_bytree": 0.4580266889768905, "learning_rate": 0.26533368479233155, "max_bin_exp": 4.619272118454472, "max_depth": 2.9619725212619765, "n_estimators": 4699.094401583508, "reg_alpha": 0.3909533685627946, "reg_lambda": 2.2417769266939165}, "datetime": {"datetime": "2024-02-19 13:33:29", "elapsed": 1112.117295, "delta": 3.294656}}
{"target": -0.6771341754686029, "params": {"colsample_bytree": 0.836633707892235, "learning_rate": 0.39946256355678605, "max_bin_exp": 9.509075004420717, "max_depth": 4.940860554296886, "n_estimators": 4694.830204204596, "reg_alpha": 0.4043853293002867, "reg_lambda": 1.7708530593634717}, "datetime": {"datetime": "2024-02-19 13:33:34", "elapsed": 1117.009601, "delta": 4.892306}}
{"target": -0.7030033894038372, "params": {"colsample_bytree": 0.8216373058668485, "learning_rate": 0.17204635277730704, "max_bin_exp": 6.581965273218249, "max_depth": 4.0893107039713215, "n_estimators": 4693.488268457409, "reg_alpha": 1.0034490473849895, "reg_lambda": 0.12805792949449624}, "datetime": {"datetime": "2024-02-19 13:33:38", "elapsed": 1121.251314, "delta": 4.241713}}
{"target": -0.6703635758209745, "params": {"colsample_bytree": 0.9757988024888313, "learning_rate": 0.4478157612846861, "max_bin_exp": 8.909242448231165, "max_depth": 5.113908221427551, "n_estimators": 4707.46518898804, "reg_alpha": 2.8373814266920103, "reg_lambda": 2.7533474983452715}, "datetime": {"datetime": "2024-02-19 13:33:44", "elapsed": 1127.678404, "delta": 6.42709}}
{"target": -0.6257828755544889, "params": {"colsample_bytree": 0.6406036879219008, "learning_rate": 0.06795928906766016, "max_bin_exp": 8.94513371075103, "max_depth": 5.734853648122245, "n_estimators": 4697.165307975868, "reg_alpha": 2.6371795955136874, "reg_lambda": 2.980518903123805}, "datetime": {"datetime": "2024-02-19 13:33:50", "elapsed": 1133.452011, "delta": 5.773607}}
{"target": -0.8536627534324974, "params": {"colsample_bytree": 0.24640337470890056, "learning_rate": 0.4767252743797032, "max_bin_exp": 9.625911901142214, "max_depth": 2.3466519394024923, "n_estimators": 4694.735555238745, "reg_alpha": 2.1207752962234823, "reg_lambda": 2.782595575061465}, "datetime": {"datetime": "2024-02-19 13:33:54", "elapsed": 1137.508416, "delta": 4.056405}}
{"target": -0.6949168235831568, "params": {"colsample_bytree": 0.5326716709352703, "learning_rate": 0.10078693498311687, "max_bin_exp": 6.90646681999779, "max_depth": 5.8128850726607215, "n_estimators": 4691.813407759062, "reg_alpha": 0.15336694037724008, "reg_lambda": 2.809510105542333}, "datetime": {"datetime": "2024-02-19 13:34:00", "elapsed": 1143.742935, "delta": 6.234519}}
{"target": -0.8103169708230343, "params": {"colsample_bytree": 0.43347912996695703, "learning_rate": 0.14298703859265854, "max_bin_exp": 5.6158185529373625, "max_depth": 5.796077010673977, "n_estimators": 4694.248029890071, "reg_alpha": 1.0104796687156803, "reg_lambda": 1.969684066047161}, "datetime": {"datetime": "2024-02-19 13:34:06", "elapsed": 1149.316145, "delta": 5.57321}}
{"target": -1.416554176530132, "params": {"colsample_bytree": 1.0, "learning_rate": 0.001, "max_bin_exp": 8.75643537754006, "max_depth": 6.0, "n_estimators": 2043.1824009131335, "reg_alpha": 0.34235828640627214, "reg_lambda": 3.0}, "datetime": {"datetime": "2024-02-19 13:34:10", "elapsed": 1153.828982, "delta": 4.512837}}
{"target": -0.6719510711893832, "params": {"colsample_bytree": 0.3940884022614115, "learning_rate": 0.054247960315664645, "max_bin_exp": 9.689519980753108, "max_depth": 5.273904362111215, "n_estimators": 4692.10814278101, "reg_alpha": 0.7869235873235563, "reg_lambda": 0.540826118828942}, "datetime": {"datetime": "2024-02-19 13:34:16", "elapsed": 1159.325163, "delta": 5.496181}}
{"target": -0.6514937993570503, "params": {"colsample_bytree": 0.7191880953588132, "learning_rate": 0.09471662714775761, "max_bin_exp": 7.319224846829807, "max_depth": 4.708006247531383, "n_estimators": 4690.8015141573505, "reg_alpha": 2.645480546498334, "reg_lambda": 1.5246336326587482}, "datetime": {"datetime": "2024-02-19 13:34:20", "elapsed": 1163.723508, "delta": 4.398345}}
{"target": -0.9094758593308616, "params": {"colsample_bytree": 0.253624677691791, "learning_rate": 0.316899870832625, "max_bin_exp": 8.92702588777928, "max_depth": 5.945503289722447, "n_estimators": 4693.117414600671, "reg_alpha": 2.8084357929262556, "reg_lambda": 1.9770651281946292}, "datetime": {"datetime": "2024-02-19 13:34:25", "elapsed": 1168.930028, "delta": 5.20652}}
{"target": -3.1434812143861817, "params": {"colsample_bytree": 0.24085330096705154, "learning_rate": 0.3806680534312843, "max_bin_exp": 4.431380524403156, "max_depth": 2.6526758202983367, "n_estimators": 4690.362275679765, "reg_alpha": 1.7856640641075239, "reg_lambda": 1.0057565295326403}, "datetime": {"datetime": "2024-02-19 13:34:29", "elapsed": 1172.243317, "delta": 3.313289}}
{"target": -0.714381590684587, "params": {"colsample_bytree": 0.5728877736256123, "learning_rate": 0.30881627623290675, "max_bin_exp": 6.712446853053199, "max_depth": 4.919263325401033, "n_estimators": 4704.376273576863, "reg_alpha": 1.5512967864821814, "reg_lambda": 2.9471315761481027}, "datetime": {"datetime": "2024-02-19 13:34:33", "elapsed": 1176.640691, "delta": 4.397374}}
{"target": -0.6298829444135476, "params": {"colsample_bytree": 0.7184880070820123, "learning_rate": 0.18426776218547727, "max_bin_exp": 9.9423839323469, "max_depth": 4.744695925670588, "n_estimators": 4690.822744434069, "reg_alpha": 2.7676848170308386, "reg_lambda": 2.6689249995777993}, "datetime": {"datetime": "2024-02-19 13:34:38", "elapsed": 1181.849473, "delta": 5.208782}}
{"target": -0.7131612894214924, "params": {"colsample_bytree": 1.0, "learning_rate": 0.5, "max_bin_exp": 8.172834275866423, "max_depth": 6.0, "n_estimators": 2164.5032367545537, "reg_alpha": 3.0, "reg_lambda": 0.0}, "datetime": {"datetime": "2024-02-19 13:34:42", "elapsed": 1185.227549, "delta": 3.378076}}
{"target": -0.6589046981185999, "params": {"colsample_bytree": 0.8502992096446005, "learning_rate": 0.2876298546172614, "max_bin_exp": 8.637846191435255, "max_depth": 5.7191940141107995, "n_estimators": 4688.4424301500185, "reg_alpha": 0.9777785063784873, "reg_lambda": 0.36730220332832697}, "datetime": {"datetime": "2024-02-19 13:34:48", "elapsed": 1191.33894, "delta": 6.111391}}
