{"target": 0.04278295067738744, "params": {"u": 6.788806650672167, "v": 6.2472306826206525, "w": 4.064891676222945, "x": 5.3502782585325255, "y": 4.462431167109865}, "datetime": {"datetime": "2024-02-25 09:52:42", "elapsed": 66.654395, "delta": 0.854993}}
{"target": -0.0042091077898688215, "params": {"u": 7.755327386840394, "v": 1.7623563904527013, "w": 8.886926913686445, "x": 1.7586098295262373, "y": 4.207783738022211}, "datetime": {"datetime": "2024-02-25 09:52:43", "elapsed": 68.013503, "delta": 1.359108}}
{"target": -0.06215800892918827, "params": {"u": 11.337807587418123, "v": 6.003942725320096, "w": 9.646428969677897, "x": 5.962833122443565, "y": 4.368764446701268}, "datetime": {"datetime": "2024-02-25 09:52:44", "elapsed": 68.608605, "delta": 0.595102}}
{"target": 0.062045071826867845, "params": {"u": 8.000569457492595, "v": 9.648247823042652, "w": 7.204023301200218, "x": 6.922895850905343, "y": 3.6037302382813823}, "datetime": {"datetime": "2024-02-25 09:52:44", "elapsed": 69.196581, "delta": 0.587976}}
{"target": 0.5409333651532, "params": {"u": 8.635205678693247, "v": 2.782998053667078, "w": 9.23244921786338, "x": 2.2416392614704277, "y": 2.4740608908754336}, "datetime": {"datetime": "2024-02-25 09:52:46", "elapsed": 70.492072, "delta": 1.295491}}
{"target": 0.5973082054190004, "params": {"u": 8.0250368625064, "v": 1.5408745310228378, "w": 9.42802040707067, "x": 1.9218531723777994, "y": 3.734126929796288}, "datetime": {"datetime": "2024-02-25 09:52:47", "elapsed": 71.749828, "delta": 1.257756}}
{"target": 0.5963337502854322, "params": {"u": 8.5969988536138, "v": 2.7039123793975426, "w": 10.375385214834257, "x": 1.9174069550740356, "y": 2.9250866323137927}, "datetime": {"datetime": "2024-02-25 09:52:49", "elapsed": 73.778959, "delta": 2.029131}}
{"target": -0.28456792429317673, "params": {"u": 8.545448326048906, "v": 1.7020143674293515, "w": 10.000419629987285, "x": 2.3092348343828846, "y": 3.494405925037805}, "datetime": {"datetime": "2024-02-25 09:52:51", "elapsed": 75.675809, "delta": 1.89685}}
{"target": 0.012391148368312276, "params": {"u": 10.188723105298127, "v": 11.57109203224087, "w": 12.990605352431128, "x": 6.133258514623583, "y": 3.0022396149186794}, "datetime": {"datetime": "2024-02-25 09:52:52", "elapsed": 77.031506, "delta": 1.355697}}
{"target": 0.0947462956654384, "params": {"u": 7.183523104366738, "v": 1.4758498275349137, "w": 9.191088123557863, "x": 2.007260715394155, "y": 4.165168191161703}, "datetime": {"datetime": "2024-02-25 09:52:54", "elapsed": 79.318018, "delta": 2.286512}}
{"target": -0.0721683649321727, "params": {"u": 7.842561121292638, "v": 11.219446227773085, "w": 12.762408535078603, "x": 1.1154841549758046, "y": 4.848890821655063}, "datetime": {"datetime": "2024-02-25 09:52:56", "elapsed": 80.531014, "delta": 1.212996}}
{"target": -0.039262059514336305, "params": {"u": 12.502619454080993, "v": 11.465697724353209, "w": 11.633416490196023, "x": 5.185376510868614, "y": 1.2861028115331745}, "datetime": {"datetime": "2024-02-25 09:52:56", "elapsed": 81.097335, "delta": 0.566321}}
{"target": -0.036012496283819515, "params": {"u": 12.337697610104183, "v": 12.429251809319219, "w": 3.4304858726181124, "x": 6.558231305494742, "y": 0.6245895155933392}, "datetime": {"datetime": "2024-02-25 09:52:57", "elapsed": 82.147001, "delta": 1.049666}}
{"target": 0.32793731548099647, "params": {"u": 8.717467178010494, "v": 2.834385182841659, "w": 10.231280951227692, "x": 1.435255353612014, "y": 3.3232796914414515}, "datetime": {"datetime": "2024-02-25 09:52:58", "elapsed": 83.30521, "delta": 1.158209}}
{"target": 0.3029336630036541, "params": {"u": 6.9694054838619905, "v": 2.0510585764961844, "w": 8.730640333419364, "x": 1.4889744176952706, "y": 3.522068325426792}, "datetime": {"datetime": "2024-02-25 09:53:00", "elapsed": 84.344594, "delta": 1.039384}}
{"target": 0.025067457357099417, "params": {"u": 11.789571508368896, "v": 11.095503456535964, "w": 8.204970077597853, "x": 5.744773979703357, "y": 3.4233677868605934}, "datetime": {"datetime": "2024-02-25 09:53:01", "elapsed": 85.406583, "delta": 1.061989}}
{"target": 0.05840584240396922, "params": {"u": 11.719832221698995, "v": 2.940405368847923, "w": 4.612798683021273, "x": 4.991184687301213, "y": 0.5499280681912174}, "datetime": {"datetime": "2024-02-25 09:53:02", "elapsed": 86.466792, "delta": 1.060209}}
{"target": 0.11164006092698389, "params": {"u": 8.855940414770028, "v": 2.332242621917157, "w": 12.670210254418965, "x": 3.12600721938867, "y": 0.590573698310549}, "datetime": {"datetime": "2024-02-25 09:53:03", "elapsed": 87.468318, "delta": 1.001526}}
{"target": 0.038449234147945904, "params": {"u": 1.504502574873814, "v": 4.811921084973415, "w": 1.587239080898747, "x": 1.9260228842686862, "y": 2.7295521540374397}, "datetime": {"datetime": "2024-02-25 09:53:04", "elapsed": 88.656791, "delta": 1.188473}}
{"target": -0.034825270913855455, "params": {"u": 2.711817809929942, "v": 3.0839976148374895, "w": 6.079124675268989, "x": 4.258845640115037, "y": 4.74815121700379}, "datetime": {"datetime": "2024-02-25 09:53:05", "elapsed": 89.580894, "delta": 0.924103}}
{"target": 0.5755936310207759, "params": {"u": 8.632073098178228, "v": 2.9560542034935167, "w": 10.38098461081464, "x": 1.9665935953974016, "y": 3.648939414916382}, "datetime": {"datetime": "2024-02-25 09:53:06", "elapsed": 90.753643, "delta": 1.172749}}
{"target": -0.08985471771106919, "params": {"u": 3.2758270761089214, "v": 2.1641905644640658, "w": 9.456800759696845, "x": 2.366725284856888, "y": 1.1692179496448363}, "datetime": {"datetime": "2024-02-25 09:53:07", "elapsed": 91.606614, "delta": 0.852971}}
{"target": 0.06283376831504009, "params": {"u": 10.225259878380061, "v": 7.215194928802176, "w": 9.856003041708128, "x": 7.164434001207426, "y": 4.965189203112616}, "datetime": {"datetime": "2024-02-25 09:53:08", "elapsed": 92.363143, "delta": 0.756529}}
{"target": 0.5880627353793063, "params": {"u": 8.324341037466398, "v": 2.431802268383935, "w": 10.240165204886205, "x": 1.5011753707696633, "y": 3.610060893921797}, "datetime": {"datetime": "2024-02-25 09:53:09", "elapsed": 93.671875, "delta": 1.308732}}
{"target": -0.07457661565030725, "params": {"u": 11.869631795956993, "v": 1.6990862152345505, "w": 4.55203824468688, "x": 1.9574086689156507, "y": 0.6875331298232845}, "datetime": {"datetime": "2024-02-25 09:53:10", "elapsed": 94.635805, "delta": 0.96393}}
{"target": 0.8947386846608296, "params": {"u": 7.599537458692866, "v": 1.6579505568924875, "w": 9.23932080359219, "x": 1.743470089574854, "y": 3.6525076159191485}, "datetime": {"datetime": "2024-02-25 09:53:11", "elapsed": 96.049844, "delta": 1.414039}}
{"target": 0.4619433362998795, "params": {"u": 8.28910939058184, "v": 2.3173885065533057, "w": 10.608980631528388, "x": 1.3866757237832925, "y": 3.7912953829303215}, "datetime": {"datetime": "2024-02-25 09:53:12", "elapsed": 96.754582, "delta": 0.704738}}
{"target": 0.5510566168544494, "params": {"u": 8.252461147497755, "v": 2.733968493762205, "w": 10.28274563760596, "x": 1.6005652682752056, "y": 3.3308794332424507}, "datetime": {"datetime": "2024-02-25 09:53:13", "elapsed": 97.582227, "delta": 0.827645}}
{"target": 0.6069457658341408, "params": {"u": 6.98397188782694, "v": 1.3874579252974013, "w": 9.371075268178208, "x": 1.7378812701019812, "y": 3.179900297623149}, "datetime": {"datetime": "2024-02-25 09:53:14", "elapsed": 98.492257, "delta": 0.91003}}
{"target": 0.09769782116121835, "params": {"u": 7.668949999675801, "v": 1.4298768781490674, "w": 9.104644760990224, "x": 1.3854146372833904, "y": 2.5395049191337074}, "datetime": {"datetime": "2024-02-25 09:53:15", "elapsed": 99.53227, "delta": 1.040013}}
{"target": -0.02844832381568329, "params": {"u": 9.33360001753055, "v": 1.3211185627497453, "w": 4.898208056358818, "x": 0.8644473522887017, "y": 4.997250442250998}, "datetime": {"datetime": "2024-02-25 09:53:15", "elapsed": 100.162472, "delta": 0.630202}}
{"target": 0.47136266485759676, "params": {"u": 7.730394338661085, "v": 2.211844088326813, "w": 10.06113159870584, "x": 1.3781016445361753, "y": 4.106452342320588}, "datetime": {"datetime": "2024-02-25 09:53:16", "elapsed": 101.21446, "delta": 1.051988}}
{"target": -0.2469434954858726, "params": {"u": 8.12803497643851, "v": 3.3816842516769445, "w": 10.118319628014538, "x": 1.3551352813313686, "y": 4.017193127108853}, "datetime": {"datetime": "2024-02-25 09:53:18", "elapsed": 102.704233, "delta": 1.489773}}
{"target": -0.06449886596330238, "params": {"u": 8.279752777436903, "v": 10.44365710258066, "w": 8.224113803524347, "x": 5.978224442348693, "y": 3.259974102331998}, "datetime": {"datetime": "2024-02-25 09:53:19", "elapsed": 103.970123, "delta": 1.26589}}
{"target": 0.021580110312010663, "params": {"u": 3.0118544653538226, "v": 5.66948061995292, "w": 8.781232985185818, "x": 0.7600091926422371, "y": 3.193071402871195}, "datetime": {"datetime": "2024-02-25 09:53:20", "elapsed": 104.702358, "delta": 0.732235}}
{"target": 0.01889314144349336, "params": {"u": 2.6293154187469803, "v": 9.2663381737853, "w": 4.230215455256976, "x": 5.376475588301325, "y": 3.679934449880687}, "datetime": {"datetime": "2024-02-25 09:53:21", "elapsed": 105.659824, "delta": 0.957466}}
{"target": 0.6385107144552249, "params": {"u": 8.305552587718463, "v": 2.421829476441639, "w": 9.520159001506036, "x": 2.4500722676877267, "y": 2.6026150621137445}, "datetime": {"datetime": "2024-02-25 09:53:22", "elapsed": 107.093567, "delta": 1.433743}}
{"target": 0.6961345506155656, "params": {"u": 8.671871460955972, "v": 2.228966782930844, "w": 10.11764483648911, "x": 2.140213820188057, "y": 2.8979946156736394}, "datetime": {"datetime": "2024-02-25 09:53:24", "elapsed": 108.789395, "delta": 1.695828}}
{"target": 0.49895395891617667, "params": {"u": 8.787433922221378, "v": 2.3487757017151045, "w": 10.564328373418954, "x": 2.4405076654572375, "y": 3.0358525582416487}, "datetime": {"datetime": "2024-02-25 09:53:25", "elapsed": 110.044946, "delta": 1.255551}}
{"target": 0.14405857284397255, "params": {"u": 8.729779415613253, "v": 3.266468326142373, "w": 10.820499161237098, "x": 1.6089821008873466, "y": 3.623289603191459}, "datetime": {"datetime": "2024-02-25 09:53:26", "elapsed": 111.217033, "delta": 1.172087}}
{"target": 0.7748053876805466, "params": {"u": 6.9282026599612605, "v": 1.512013348771597, "w": 10.065717317152576, "x": 1.8217463012416721, "y": 3.313780904202653}, "datetime": {"datetime": "2024-02-25 09:53:27", "elapsed": 111.932502, "delta": 0.715469}}
{"target": 0.7893016143462126, "params": {"u": 7.369691656365139, "v": 1.5836422890941246, "w": 9.458155144272359, "x": 1.6834234269012078, "y": 3.5179795015328525}, "datetime": {"datetime": "2024-02-25 09:53:28", "elapsed": 112.974092, "delta": 1.04159}}
{"target": -0.032260005482717374, "params": {"u": 5.991248078434843, "v": 5.36257376443042, "w": 4.003080177769538, "x": 1.7642495488856156, "y": 3.475669094680801}, "datetime": {"datetime": "2024-02-25 09:53:29", "elapsed": 114.300605, "delta": 1.326513}}
{"target": 0.8152211043462076, "params": {"u": 8.499815005290948, "v": 2.6074225609277524, "w": 10.049361256335537, "x": 1.948662537132754, "y": 3.4146842750590354}, "datetime": {"datetime": "2024-02-25 09:53:31", "elapsed": 115.928277, "delta": 1.627672}}
{"target": 0.03974227542059116, "params": {"u": 1.1343041268173724, "v": 8.075926867788148, "w": 10.876322904354957, "x": 4.924425552544216, "y": 2.7073766116290163}, "datetime": {"datetime": "2024-02-25 09:53:33", "elapsed": 117.355255, "delta": 1.426978}}
{"target": 0.5927565326486951, "params": {"u": 7.836930034871051, "v": 2.159216271519765, "w": 9.82231980499066, "x": 1.460435416928257, "y": 4.2444482639272}, "datetime": {"datetime": "2024-02-25 09:53:34", "elapsed": 118.680159, "delta": 1.324904}}
{"target": 0.5768190033912353, "params": {"u": 6.981196250631281, "v": 1.511219690803441, "w": 9.770207482578202, "x": 1.5813326924512996, "y": 3.4060384490176787}, "datetime": {"datetime": "2024-02-25 09:53:37", "elapsed": 122.090945, "delta": 3.410786}}
{"target": 0.2703406416748221, "params": {"u": 8.505416911639994, "v": 3.077087389167841, "w": 10.23993813063116, "x": 2.3621086945305927, "y": 3.0123668056899335}, "datetime": {"datetime": "2024-02-25 09:53:41", "elapsed": 125.509357, "delta": 3.418412}}
{"target": 0.028443560216569835, "params": {"u": 9.348549260315762, "v": 6.232200953508851, "w": 8.324551419088506, "x": 6.207721581761529, "y": 1.1219902745558499}, "datetime": {"datetime": "2024-02-25 09:53:42", "elapsed": 126.581915, "delta": 1.072558}}
{"target": 0.010566576642369081, "params": {"u": 9.771071111968816, "v": 10.422399854472214, "w": 12.28784771530271, "x": 4.374688210817194, "y": 2.91423330903124}, "datetime": {"datetime": "2024-02-25 09:53:44", "elapsed": 128.531986, "delta": 1.950071}}
{"target": 0.8731800289157929, "params": {"u": 8.615791719367852, "v": 2.2643619897600478, "w": 10.477597455209969, "x": 1.817431697700084, "y": 3.619851627387091}, "datetime": {"datetime": "2024-02-25 09:53:46", "elapsed": 130.341017, "delta": 1.809031}}
{"target": 0.29224980631986897, "params": {"u": 8.564639315685493, "v": 2.5498985971953774, "w": 9.902251689985926, "x": 2.2316423891001507, "y": 1.720677979093715}, "datetime": {"datetime": "2024-02-25 09:53:47", "elapsed": 131.83524, "delta": 1.494223}}
{"target": 0.2962141731094853, "params": {"u": 6.82911927682696, "v": 1.276008751747836, "w": 9.683504763352031, "x": 1.4296138741387618, "y": 3.265279242781658}, "datetime": {"datetime": "2024-02-25 09:53:47", "elapsed": 132.297075, "delta": 0.461835}}
{"target": 0.05417283880618433, "params": {"u": 3.4139155849225977, "v": 2.705397340184255, "w": 5.5811820972937785, "x": 5.583459836712655, "y": 2.0940504403020967}, "datetime": {"datetime": "2024-02-25 09:53:49", "elapsed": 133.521045, "delta": 1.22397}}
{"target": -0.014354220564785986, "params": {"u": 2.196516054115695, "v": 3.4905765769594477, "w": 5.013272987618619, "x": 1.0264255135394675, "y": 3.3008443373468137}, "datetime": {"datetime": "2024-02-25 09:53:50", "elapsed": 134.859174, "delta": 1.338129}}
{"target": -0.005328491472326669, "params": {"u": 12.721943883566764, "v": 3.7489511947641136, "w": 7.097192819361128, "x": 2.8747435626090536, "y": 2.868498136003143}, "datetime": {"datetime": "2024-02-25 09:53:52", "elapsed": 136.472365, "delta": 1.613191}}
{"target": 0.031212363620444022, "params": {"u": 4.445099620713638, "v": 6.128099165303097, "w": 10.175787643445409, "x": 3.854242679823866, "y": 3.105587462847638}, "datetime": {"datetime": "2024-02-25 09:53:53", "elapsed": 137.431371, "delta": 0.959006}}
{"target": -0.29084862162682446, "params": {"u": 9.083324549068397, "v": 2.756961678446104, "w": 10.138346618818876, "x": 1.919948184474231, "y": 3.0649309248317858}, "datetime": {"datetime": "2024-02-25 09:53:54", "elapsed": 138.40848, "delta": 0.977109}}
{"target": 0.6883768634857562, "params": {"u": 7.991168952695025, "v": 2.2834114942264385, "w": 9.922890992399783, "x": 1.533379266303824, "y": 3.6837869749001966}, "datetime": {"datetime": "2024-02-25 09:53:55", "elapsed": 139.509759, "delta": 1.101279}}
{"target": -0.3022469953141478, "params": {"u": 8.222917581196576, "v": 3.2050590432457615, "w": 10.693874258305762, "x": 1.9120859910117056, "y": 3.74385096255731}, "datetime": {"datetime": "2024-02-25 09:53:56", "elapsed": 140.647943, "delta": 1.138184}}
{"target": -0.062020751010385795, "params": {"u": 5.9137429931137415, "v": 5.840791743881344, "w": 8.540162725483341, "x": 7.047113470404557, "y": 1.4655826715988056}, "datetime": {"datetime": "2024-02-25 09:53:57", "elapsed": 141.687457, "delta": 1.039514}}
{"target": 0.883480690712549, "params": {"u": 8.349463431012598, "v": 2.13916650883707, "w": 10.139464322918286, "x": 1.7121584519407422, "y": 3.6482241316952675}, "datetime": {"datetime": "2024-02-25 09:53:58", "elapsed": 142.693535, "delta": 1.006078}}
{"target": 0.6273580322521458, "params": {"u": 8.437576392054003, "v": 2.4123112117506116, "w": 10.153789070580318, "x": 1.9011567048777485, "y": 3.7647589570521363}, "datetime": {"datetime": "2024-02-25 09:54:00", "elapsed": 144.645031, "delta": 1.951496}}
{"target": -0.04092674308165422, "params": {"u": 4.005002311569925, "v": 4.76499749970109, "w": 5.281387341746896, "x": 6.3606043314427, "y": 4.91041132556547}, "datetime": {"datetime": "2024-02-25 09:54:01", "elapsed": 146.184063, "delta": 1.539032}}
{"target": -0.04530267462828216, "params": {"u": 4.7384861696156815, "v": 11.495808295872443, "w": 5.408133870511638, "x": 0.91159128000192, "y": 0.41802519239594527}, "datetime": {"datetime": "2024-02-25 09:54:02", "elapsed": 147.273037, "delta": 1.088974}}
{"target": 0.4288576337001136, "params": {"u": 8.42116043411795, "v": 2.4730257224600543, "w": 10.153150342555252, "x": 1.6349897990882953, "y": 3.0675315608818132}, "datetime": {"datetime": "2024-02-25 09:54:04", "elapsed": 149.048253, "delta": 1.775216}}
{"target": 0.6052356655703792, "params": {"u": 8.117521004438052, "v": 2.5462312675346856, "w": 10.352979732479579, "x": 2.275677887915341, "y": 2.5931890551409187}, "datetime": {"datetime": "2024-02-25 09:54:07", "elapsed": 151.801149, "delta": 2.752896}}
{"target": 0.10765749027612187, "params": {"u": 9.061742708971678, "v": 2.4844625475578734, "w": 10.232493576555669, "x": 1.7866320070992041, "y": 3.7627875777240916}, "datetime": {"datetime": "2024-02-25 09:54:08", "elapsed": 152.641079, "delta": 0.83993}}
{"target": 0.8133240937889114, "params": {"u": 8.423617842295128, "v": 2.3318710182480213, "w": 10.430633960311622, "x": 1.965399473107511, "y": 3.3414260941280767}, "datetime": {"datetime": "2024-02-25 09:54:09", "elapsed": 154.318145, "delta": 1.677066}}
{"target": -0.07274153282330634, "params": {"u": 7.340315363865795, "v": 3.2102519502406097, "w": 6.007083807151066, "x": 7.097801519569698, "y": 4.985732294345616}, "datetime": {"datetime": "2024-02-25 09:54:10", "elapsed": 154.882103, "delta": 0.563958}}
{"target": 0.8092555006383045, "params": {"u": 7.213079152698889, "v": 1.420044758535618, "w": 9.860733424801833, "x": 1.9276691682521738, "y": 3.2951261154503366}, "datetime": {"datetime": "2024-02-25 09:54:11", "elapsed": 156.278439, "delta": 1.396336}}
{"target": -0.04408714590017813, "params": {"u": 11.188804416680075, "v": 5.243436681323438, "w": 7.108918876695812, "x": 7.364482859211118, "y": 2.0644553197401363}, "datetime": {"datetime": "2024-02-25 09:54:13", "elapsed": 157.537274, "delta": 1.258835}}
{"target": 0.022845570619757637, "params": {"u": 1.5762760459959928, "v": 2.407310964324639, "w": 9.082117231918879, "x": 4.287441324717376, "y": 3.9220595516278527}, "datetime": {"datetime": "2024-02-25 09:54:14", "elapsed": 158.446724, "delta": 0.90945}}
{"target": 0.04290941309165873, "params": {"u": 5.786650801757398, "v": 5.747132162635674, "w": 3.315390286192806, "x": 5.999146305949371, "y": 2.6535824807913664}, "datetime": {"datetime": "2024-02-25 09:54:15", "elapsed": 159.599651, "delta": 1.152927}}
{"target": 0.013643772621433596, "params": {"u": 11.902240514626662, "v": 6.085885546688419, "w": 9.9057086258189, "x": 7.62007772166723, "y": 3.691350512534915}, "datetime": {"datetime": "2024-02-25 09:54:16", "elapsed": 160.706255, "delta": 1.106604}}
{"target": 0.8057352068578812, "params": {"u": 7.449583800379534, "v": 1.551683083329105, "w": 9.305312789041643, "x": 1.9529691305621606, "y": 3.436788577535902}, "datetime": {"datetime": "2024-02-25 09:54:17", "elapsed": 161.721389, "delta": 1.015134}}
{"target": -0.021130889552898675, "params": {"u": 4.343066582508433, "v": 2.7497382564758803, "w": 5.427048669086258, "x": 0.5771039227521203, "y": 0.4046060003655917}, "datetime": {"datetime": "2024-02-25 09:54:18", "elapsed": 162.644396, "delta": 0.923007}}
{"target": 0.9185397904867172, "params": {"u": 7.200582486422363, "v": 1.1179026785286386, "w": 9.686381466729564, "x": 1.6974100718841683, "y": 3.7983252032170016}, "datetime": {"datetime": "2024-02-25 09:54:19", "elapsed": 163.668893, "delta": 1.024497}}
{"target": 0.7404313844137733, "params": {"u": 7.151415037753992, "v": 1.4608332280853444, "w": 9.005173047684666, "x": 1.6874968644777422, "y": 4.558807282028156}, "datetime": {"datetime": "2024-02-25 09:54:20", "elapsed": 164.83124, "delta": 1.162347}}
{"target": 0.30944568932168925, "params": {"u": 6.847242207607085, "v": 1.7393583843035763, "w": 10.404324145262887, "x": 2.2902586355633243, "y": 3.3114185934533222}, "datetime": {"datetime": "2024-02-25 09:54:21", "elapsed": 165.783475, "delta": 0.952235}}
{"target": 0.04600883512337761, "params": {"u": 4.514077048132627, "v": 5.2300401166031705, "w": 10.677675396982863, "x": 2.033104615586627, "y": 2.381174777592251}, "datetime": {"datetime": "2024-02-25 09:54:22", "elapsed": 166.421968, "delta": 0.638493}}
{"target": 0.45706223900565124, "params": {"u": 7.522460270618223, "v": 1.2888900637840668, "w": 9.278416042870454, "x": 2.121914650153153, "y": 4.5416225952775}, "datetime": {"datetime": "2024-02-25 09:54:23", "elapsed": 167.589878, "delta": 1.16791}}
{"target": 0.43216857531526864, "params": {"u": 7.9297187287989646, "v": 1.8417845934579717, "w": 10.523791701077442, "x": 2.0975943554099503, "y": 2.3725072808057837}, "datetime": {"datetime": "2024-02-25 09:54:24", "elapsed": 168.884922, "delta": 1.295044}}
{"target": -0.05143185617954157, "params": {"u": 10.636590189893694, "v": 2.712143471237287, "w": 3.848927687489036, "x": 7.277943431488905, "y": 3.013028218753637}, "datetime": {"datetime": "2024-02-25 09:54:25", "elapsed": 169.637651, "delta": 0.752729}}
{"target": 0.0009044259213511792, "params": {"u": 2.685545160106581, "v": 10.808363269494883, "w": 11.12951533807004, "x": 3.076041047358851, "y": 1.1063383099109478}, "datetime": {"datetime": "2024-02-25 09:54:26", "elapsed": 170.578906, "delta": 0.941255}}
