{"target": 3.8641175861593333, "params": {"u": 8.169022762466337, "v": 12.73595814474745, "w": 10.014273643698207, "x": 2.224344807194858, "y": 1.749035395071542}, "datetime": {"datetime": "2024-02-25 10:05:38", "elapsed": 843.175446, "delta": 4.720827}}
{"target": 3.690425496350304, "params": {"u": 8.197875247387053, "v": 12.85406308286439, "w": 10.153113122671284, "x": 2.7318334020094026, "y": 2.869157272759143}, "datetime": {"datetime": "2024-02-25 10:05:42", "elapsed": 846.455776, "delta": 3.28033}}
{"target": 0.11582776821572327, "params": {"u": 7.097681908835264, "v": 11.911227242870345, "w": 11.723161506331177, "x": 2.114272301048271, "y": 1.6509126581729685}, "datetime": {"datetime": "2024-02-25 10:05:50", "elapsed": 854.417464, "delta": 7.961688}}
{"target": 4.204710072313958, "params": {"u": 7.821949249633581, "v": 12.625290180924074, "w": 11.593497574662045, "x": 2.3681475255241216, "y": 2.1789498328069303}, "datetime": {"datetime": "2024-02-25 10:05:53", "elapsed": 857.68189, "delta": 3.264426}}
{"target": 4.819630200123368, "params": {"u": 7.083007779092141, "v": 12.49983321532816, "w": 11.777879575121451, "x": 1.9615379616394462, "y": 2.2344014368011003}, "datetime": {"datetime": "2024-02-25 10:05:56", "elapsed": 860.474583, "delta": 2.792693}}
{"target": 2.5194646178135174, "params": {"u": 6.671893887396246, "v": 12.698523483174718, "w": 11.246732702383163, "x": 1.712450754990198, "y": 0.42013585678905807}, "datetime": {"datetime": "2024-02-25 10:05:58", "elapsed": 863.205962, "delta": 2.731379}}
{"target": 0.4100544314139988, "params": {"u": 6.7937940703848625, "v": 12.158782461829816, "w": 11.760973572128039, "x": 1.9436928897881787, "y": 2.707023655827161}, "datetime": {"datetime": "2024-02-25 10:06:03", "elapsed": 868.257867, "delta": 5.051905}}
{"target": 3.9104898564306834, "params": {"u": 7.187129456874521, "v": 12.922099489421626, "w": 10.697593873400123, "x": 1.7397047670901773, "y": 1.3645938887319347}, "datetime": {"datetime": "2024-02-25 10:06:06", "elapsed": 871.176432, "delta": 2.918565}}
{"target": 4.498787339051154, "params": {"u": 6.165762412547853, "v": 12.885743924429946, "w": 11.194430510252946, "x": 1.7663045734693748, "y": 1.8061002612450248}, "datetime": {"datetime": "2024-02-25 10:06:10", "elapsed": 874.860714, "delta": 3.684282}}
{"target": 2.8310476065043635, "params": {"u": 8.631498463146995, "v": 12.703886187144503, "w": 10.115372162318808, "x": 1.3211979722704115, "y": 1.1138537301383133}, "datetime": {"datetime": "2024-02-25 10:06:14", "elapsed": 879.268422, "delta": 4.407708}}
{"target": 3.9116740920291715, "params": {"u": 8.28482031886198, "v": 12.651200148255487, "w": 10.152888062727001, "x": 1.612800137884912, "y": 1.5213324551045073}, "datetime": {"datetime": "2024-02-25 10:06:22", "elapsed": 886.851359, "delta": 7.582937}}
{"target": 2.6081444677867087, "params": {"u": 7.298679556328711, "v": 12.762158343000054, "w": 11.88335352218461, "x": 2.2918974837063217, "y": 2.869409699116664}, "datetime": {"datetime": "2024-02-25 10:06:26", "elapsed": 890.609164, "delta": 3.757805}}
{"target": 4.99795878611031, "params": {"u": 6.112503025141854, "v": 12.309648328854186, "w": 9.877935138508827, "x": 2.1527877851925137, "y": 2.3669953922076483}, "datetime": {"datetime": "2024-02-25 10:06:29", "elapsed": 893.868808, "delta": 3.259644}}
{"target": 2.646337088405516, "params": {"u": 8.858617507944626, "v": 12.385994106971065, "w": 10.101292128252629, "x": 1.8589319817030587, "y": 0.5755414148107235}, "datetime": {"datetime": "2024-02-25 10:06:33", "elapsed": 897.405053, "delta": 3.536245}}
{"target": -0.08412504812728362, "params": {"u": 5.876758450463105, "v": 12.930308842426847, "w": 9.547318633028073, "x": 2.05108949309744, "y": 1.3521111924761962}, "datetime": {"datetime": "2024-02-25 10:06:36", "elapsed": 900.84514, "delta": 3.440087}}
{"target": 2.9607955621788724, "params": {"u": 6.386057114138941, "v": 12.96175517104815, "w": 10.216361816394953, "x": 1.7571759378217329, "y": 0.7626492642952656}, "datetime": {"datetime": "2024-02-25 10:06:42", "elapsed": 907.055715, "delta": 6.210575}}
{"target": 0.47591628267597347, "params": {"u": 8.682662554480325, "v": 12.946476589823277, "w": 11.587344457941569, "x": 3.344074112486381, "y": 2.361122769074149}, "datetime": {"datetime": "2024-02-25 10:06:47", "elapsed": 911.786386, "delta": 4.730671}}
{"target": 2.7262711112742126, "params": {"u": 8.137551046432801, "v": 12.161655235425709, "w": 10.175781249994152, "x": 1.922776688541152, "y": 0.6878711649003114}, "datetime": {"datetime": "2024-02-25 10:06:54", "elapsed": 918.947829, "delta": 7.161443}}
{"target": 2.1879646995629263, "params": {"u": 6.186732313694801, "v": 12.016393279957267, "w": 11.698405653711168, "x": 1.3547988011315908, "y": 0.3418518168772575}, "datetime": {"datetime": "2024-02-25 10:06:59", "elapsed": 923.624168, "delta": 4.676339}}
{"target": 1.328024493018895, "params": {"u": 8.655598139619642, "v": 12.856911443634747, "w": 9.422101447477097, "x": 2.3853716555268107, "y": 0.29039780164576223}, "datetime": {"datetime": "2024-02-25 10:07:03", "elapsed": 927.71714, "delta": 4.092972}}
{"target": 1.4727595168848593, "params": {"u": 8.753451721999799, "v": 12.205131372767129, "w": 11.903012069922655, "x": 0.8891797581603473, "y": 0.18224070676622034}, "datetime": {"datetime": "2024-02-25 10:07:08", "elapsed": 933.061446, "delta": 5.344306}}
{"target": 3.5414564237700223, "params": {"u": 7.895271572827927, "v": 12.575101134131213, "w": 10.080641060393399, "x": 2.4180688822439933, "y": 2.0025572619082332}, "datetime": {"datetime": "2024-02-25 10:07:12", "elapsed": 937.187503, "delta": 4.126057}}
{"target": 4.976152857256906, "params": {"u": 8.778523980821223, "v": 12.804189770987128, "w": 9.61427956195875, "x": 1.9942344436601165, "y": 2.178683191903736}, "datetime": {"datetime": "2024-02-25 10:07:18", "elapsed": 942.43755, "delta": 5.250047}}
{"target": 4.610600071959753, "params": {"u": 8.603866657314626, "v": 13.0, "w": 9.663933690406951, "x": 1.9108657697429487, "y": 1.7591320935142991}, "datetime": {"datetime": "2024-02-25 10:07:21", "elapsed": 945.687674, "delta": 3.250124}}
{"target": 3.7583378270462466, "params": {"u": 7.687427616822834, "v": 12.519195782882658, "w": 11.133057749876727, "x": 1.6071238953007634, "y": 1.3872125051135489}, "datetime": {"datetime": "2024-02-25 10:07:24", "elapsed": 949.216735, "delta": 3.529061}}
{"target": -0.15496401710058963, "params": {"u": 9.682591348040258, "v": 12.52716558296686, "w": 8.901578424362345, "x": 1.491820415441694, "y": 1.8111781471814252}, "datetime": {"datetime": "2024-02-25 10:07:29", "elapsed": 953.878866, "delta": 4.662131}}
{"target": 3.872923380471824, "params": {"u": 6.563503677293037, "v": 12.643019861728842, "w": 9.765011301610738, "x": 1.5745226755887267, "y": 1.6915015238899516}, "datetime": {"datetime": "2024-02-25 10:07:32", "elapsed": 956.334322, "delta": 2.455456}}
{"target": 2.378623919151846, "params": {"u": 6.154739403840356, "v": 12.262256906474171, "w": 11.711411424405666, "x": 1.376800062786618, "y": 1.9440421154197274}, "datetime": {"datetime": "2024-02-25 10:07:35", "elapsed": 959.739765, "delta": 3.405443}}
{"target": 0.05175321396320964, "params": {"u": 9.836941911711133, "v": 11.497293298429025, "w": 10.277033154005998, "x": 2.26615720832556, "y": 0.9171538775813209}, "datetime": {"datetime": "2024-02-25 10:07:41", "elapsed": 965.844866, "delta": 6.105101}}
{"target": -0.029561844628010755, "params": {"u": 12.990383077480047, "v": 1.2557396421939893, "w": 1.1292071600637024, "x": 7.518873257440786, "y": 1.5278086397395079}, "datetime": {"datetime": "2024-02-25 10:07:47", "elapsed": 972.078924, "delta": 6.234058}}
{"target": 0.03614881360783987, "params": {"u": 9.427090263076192, "v": 12.747778057727999, "w": 11.034771818631633, "x": 1.45889655576059, "y": 0.9693504252944736}, "datetime": {"datetime": "2024-02-25 10:07:53", "elapsed": 978.235897, "delta": 6.156973}}
{"target": 2.414275671848463, "params": {"u": 8.63642844911351, "v": 12.910437882453355, "w": 9.436949097051423, "x": 1.6121409017711723, "y": 2.2423603039762647}, "datetime": {"datetime": "2024-02-25 10:08:00", "elapsed": 985.26948, "delta": 7.033583}}
{"target": 4.739471640826902, "params": {"u": 6.707206328640774, "v": 12.52516662592496, "w": 11.726005640525596, "x": 1.9146884483532647, "y": 1.8477265461377301}, "datetime": {"datetime": "2024-02-25 10:08:05", "elapsed": 989.752039, "delta": 4.482559}}
{"target": 0.6304968564866075, "params": {"u": 9.172413977238918, "v": 12.599479102065558, "w": 10.248597115117722, "x": 2.4976666098842015, "y": 2.775134142460762}, "datetime": {"datetime": "2024-02-25 10:08:11", "elapsed": 995.983254, "delta": 6.231215}}
{"target": 0.0388481616737202, "params": {"u": 6.26956848490428, "v": 12.02088143402882, "w": 8.825951735916464, "x": 1.519990227426836, "y": 0.7315683314679786}, "datetime": {"datetime": "2024-02-25 10:08:16", "elapsed": 1001.274513, "delta": 5.291259}}
{"target": 0.03033469440697162, "params": {"u": 5.796134807136468, "v": 11.23556390841956, "w": 12.459593692038878, "x": 1.6674139341748688, "y": 0.2599586174375802}, "datetime": {"datetime": "2024-02-25 10:08:20", "elapsed": 1005.308253, "delta": 4.03374}}
{"target": 0.35875228466355424, "params": {"u": 6.44991681064569, "v": 12.893329720337434, "w": 10.585654667529898, "x": 2.9545980702330756, "y": 0.20854587399068833}, "datetime": {"datetime": "2024-02-25 10:08:24", "elapsed": 1009.247999, "delta": 3.939746}}
{"target": 4.335288193772841, "params": {"u": 7.229676523111866, "v": 12.539570882181842, "w": 10.896934831392109, "x": 1.8127391504252608, "y": 1.6005329080999589}, "datetime": {"datetime": "2024-02-25 10:08:31", "elapsed": 1015.599184, "delta": 6.351185}}
{"target": 5.0255295028577125, "params": {"u": 8.41265676306401, "v": 12.782358087765719, "w": 10.57501970514045, "x": 2.0479679637856583, "y": 2.135426268019696}, "datetime": {"datetime": "2024-02-25 10:08:34", "elapsed": 1019.015469, "delta": 3.416285}}
{"target": 0.005559351006610037, "params": {"u": 7.562191855298751, "v": 12.627624234920294, "w": 12.738871535101413, "x": 2.780118036796928, "y": 2.8159853746517944}, "datetime": {"datetime": "2024-02-25 10:08:40", "elapsed": 1024.419159, "delta": 5.40369}}
{"target": 3.3613126513701843, "params": {"u": 7.747180354450978, "v": 12.973019199801339, "w": 10.591055115537735, "x": 2.457487565252425, "y": 2.013042304757931}, "datetime": {"datetime": "2024-02-25 10:08:48", "elapsed": 1032.572195, "delta": 8.153036}}
{"target": 2.930224654052392, "params": {"u": 8.31352166414091, "v": 12.724535212400763, "w": 10.418757681254583, "x": 2.54711421796861, "y": 2.029428252287756}, "datetime": {"datetime": "2024-02-25 10:09:01", "elapsed": 1045.724075, "delta": 13.15188}}
{"target": 0.19917834589058822, "params": {"u": 9.476385824403952, "v": 12.83622870783476, "w": 10.192505083574915, "x": 1.8393611558568845, "y": 1.9351931830045526}, "datetime": {"datetime": "2024-02-25 10:09:07", "elapsed": 1051.97579, "delta": 6.251715}}
{"target": 1.8817223570820427, "params": {"u": 7.716614019329089, "v": 12.869132495384374, "w": 9.449829799195527, "x": 2.958431270854447, "y": 2.544647901574536}, "datetime": {"datetime": "2024-02-25 10:09:11", "elapsed": 1055.486658, "delta": 3.510868}}
{"target": 4.8218401973488, "params": {"u": 7.338203151053293, "v": 12.689509884639467, "w": 11.151680491495107, "x": 2.1735683958314533, "y": 2.474911765391254}, "datetime": {"datetime": "2024-02-25 10:09:19", "elapsed": 1063.352147, "delta": 7.865489}}
{"target": 0.0391064886171409, "params": {"u": 13.0, "v": 7.3481492951032426, "w": 1.0, "x": 0.5290185623716437, "y": 0.1}, "datetime": {"datetime": "2024-02-25 10:09:25", "elapsed": 1070.156378, "delta": 6.804231}}
{"target": -0.03413187602155271, "params": {"u": 12.432231807240864, "v": 6.945226939921437, "w": 12.616855185009786, "x": 7.840453240102567, "y": 0.5736177487181895}, "datetime": {"datetime": "2024-02-25 10:09:31", "elapsed": 1076.127087, "delta": 5.970709}}
{"target": 2.187393439088713, "params": {"u": 7.8478868885125115, "v": 12.839267023717017, "w": 11.009695629497603, "x": 2.1536234699512375, "y": 0.6213844599977663}, "datetime": {"datetime": "2024-02-25 10:09:38", "elapsed": 1082.748397, "delta": 6.62131}}
{"target": 2.2270044175214743, "params": {"u": 8.673866944382983, "v": 12.153217386278458, "w": 9.777497827486325, "x": 1.2204754244558633, "y": 0.611425461129912}, "datetime": {"datetime": "2024-02-25 10:09:42", "elapsed": 1086.69749, "delta": 3.949093}}
{"target": -0.013283177822390657, "params": {"u": 1.0137726778431975, "v": 8.880749743426778, "w": 1.5195220178526232, "x": 0.805177423971919, "y": 0.4489626648399013}, "datetime": {"datetime": "2024-02-25 10:09:47", "elapsed": 1092.067545, "delta": 5.370055}}
{"target": 2.069506845935051, "params": {"u": 8.177266675290454, "v": 12.846784630826969, "w": 9.057653414474562, "x": 1.234043566323054, "y": 0.3889477283715471}, "datetime": {"datetime": "2024-02-25 10:09:53", "elapsed": 1098.073162, "delta": 6.005617}}
{"target": 4.956448199083003, "params": {"u": 8.678727198634352, "v": 12.273906019999018, "w": 11.431674808980873, "x": 1.9632200349504962, "y": 2.093484041792062}, "datetime": {"datetime": "2024-02-25 10:09:58", "elapsed": 1102.847162, "delta": 4.774}}
{"target": 4.214510945599163, "params": {"u": 8.341382461765889, "v": 12.602688299498812, "w": 10.548039991767794, "x": 1.695981162501598, "y": 1.947261025530087}, "datetime": {"datetime": "2024-02-25 10:10:06", "elapsed": 1110.729199, "delta": 7.882037}}
{"target": 4.976559771063665, "params": {"u": 6.481468972263026, "v": 12.486642336145437, "w": 11.172325244700321, "x": 2.0740634714003554, "y": 2.0897278093451845}, "datetime": {"datetime": "2024-02-25 10:10:10", "elapsed": 1114.890168, "delta": 4.160969}}
{"target": 3.1629299477453054, "params": {"u": 8.789685821491666, "v": 12.908207867532795, "w": 9.336846370974115, "x": 2.4455486234113986, "y": 1.8954054101407312}, "datetime": {"datetime": "2024-02-25 10:10:15", "elapsed": 1119.928933, "delta": 5.038765}}
{"target": 5.047542613820495, "params": {"u": 7.581569778905517, "v": 12.778291969363686, "w": 10.98745926558298, "x": 2.079345998098062, "y": 2.2163129759137634}, "datetime": {"datetime": "2024-02-25 10:10:22", "elapsed": 1126.340947, "delta": 6.412014}}
{"target": -0.04352640677599441, "params": {"u": 13.0, "v": 13.0, "w": 3.3329157955278195, "x": 8.0, "y": 5.0}, "datetime": {"datetime": "2024-02-25 10:10:27", "elapsed": 1131.588586, "delta": 5.247639}}
{"target": 0.3944199120608627, "params": {"u": 9.407817542444448, "v": 12.555943655105004, "w": 11.616596661556466, "x": 2.450785057520088, "y": 1.8521003521160764}, "datetime": {"datetime": "2024-02-25 10:10:33", "elapsed": 1138.249761, "delta": 6.661175}}
{"target": 3.8557700977201104, "params": {"u": 7.984833858995134, "v": 12.967564019201431, "w": 11.33463162786985, "x": 1.5878967356840343, "y": 1.5323268058592507}, "datetime": {"datetime": "2024-02-25 10:10:40", "elapsed": 1145.107676, "delta": 6.857915}}
{"target": -0.38749692073965486, "params": {"u": 8.518213021436793, "v": 12.67830528824749, "w": 9.286319417031317, "x": 2.227779445869802, "y": 2.9839709442481634}, "datetime": {"datetime": "2024-02-25 10:10:47", "elapsed": 1152.155748, "delta": 7.048072}}
{"target": 0.0509426708108474, "params": {"u": 13.0, "v": 5.852319982709417, "w": 9.112109924198615, "x": 8.0, "y": 5.0}, "datetime": {"datetime": "2024-02-25 10:10:57", "elapsed": 1161.532403, "delta": 9.376655}}
{"target": 0.3162788653520329, "params": {"u": 9.279252541904718, "v": 12.199983259497674, "w": 11.44431115433999, "x": 1.843306836497895, "y": 2.4256822222379397}, "datetime": {"datetime": "2024-02-25 10:11:05", "elapsed": 1169.718296, "delta": 8.185893}}
{"target": 2.437830039576232, "params": {"u": 8.115075324961479, "v": 12.400503422197895, "w": 10.690771219725065, "x": 1.2184845192449705, "y": 0.8927267681678956}, "datetime": {"datetime": "2024-02-25 10:11:11", "elapsed": 1175.405752, "delta": 5.687456}}
{"target": 0.016559363044946776, "params": {"u": 8.855272859323831, "v": 11.774119327863389, "w": 11.57675727490058, "x": 2.077363808239583, "y": 2.15078161821597}, "datetime": {"datetime": "2024-02-25 10:11:15", "elapsed": 1179.975682, "delta": 4.56993}}
{"target": -0.024023982446776206, "params": {"u": 13.0, "v": 8.865937182110645, "w": 13.0, "x": 3.2261230020978244, "y": 0.1}, "datetime": {"datetime": "2024-02-25 10:11:20", "elapsed": 1184.917925, "delta": 4.942243}}
{"target": 4.776774343885959, "params": {"u": 8.19681761439727, "v": 12.78601322349584, "w": 9.963325630354051, "x": 2.070862487018305, "y": 1.9498216517661557}, "datetime": {"datetime": "2024-02-25 10:11:23", "elapsed": 1188.331509, "delta": 3.413584}}
{"target": 3.372611355301461, "params": {"u": 7.67304233987125, "v": 12.75451258059195, "w": 10.785798830504499, "x": 2.682155098815825, "y": 3.1015537100441124}, "datetime": {"datetime": "2024-02-25 10:11:27", "elapsed": 1192.151957, "delta": 3.820448}}
{"target": 2.414378088788447, "params": {"u": 7.948161868110823, "v": 12.956882761564705, "w": 10.026058781320758, "x": 1.384203948375438, "y": 0.5416465279198478}, "datetime": {"datetime": "2024-02-25 10:11:35", "elapsed": 1200.081861, "delta": 7.929904}}
{"target": 1.0159314215783417, "params": {"u": 8.16562907457978, "v": 12.672277636006408, "w": 11.467878371716363, "x": 3.0009513392565457, "y": 4.2465086851867895}, "datetime": {"datetime": "2024-02-25 10:11:40", "elapsed": 1205.146186, "delta": 5.064325}}
{"target": 4.17737520928974, "params": {"u": 8.851456678108585, "v": 12.336942520849615, "w": 10.062803687837247, "x": 1.9962871973589915, "y": 1.5773397823305413}, "datetime": {"datetime": "2024-02-25 10:11:45", "elapsed": 1209.639919, "delta": 4.493733}}
{"target": 4.467996414221481, "params": {"u": 8.371016944588789, "v": 12.2220108036604, "w": 11.460735598406886, "x": 1.802819340971154, "y": 1.701296238505446}, "datetime": {"datetime": "2024-02-25 10:11:49", "elapsed": 1214.284238, "delta": 4.644319}}
{"target": 0.03606018156484443, "params": {"u": 8.99502023150195, "v": 13.0, "w": 1.0, "x": 0.5, "y": 5.0}, "datetime": {"datetime": "2024-02-25 10:11:56", "elapsed": 1220.362459, "delta": 6.078221}}
{"target": 3.965501164954818, "params": {"u": 6.498518648356036, "v": 12.678811072035334, "w": 10.517609614603234, "x": 1.6121941790253898, "y": 1.8294767466850108}, "datetime": {"datetime": "2024-02-25 10:12:01", "elapsed": 1225.960812, "delta": 5.598353}}
{"target": 0.05572835476573728, "params": {"u": 13.0, "v": 2.5474765839614086, "w": 13.0, "x": 5.78089815120973, "y": 0.1}, "datetime": {"datetime": "2024-02-25 10:12:08", "elapsed": 1232.550603, "delta": 6.589791}}
{"target": 3.0305617513521304, "params": {"u": 8.820138938235704, "v": 12.27273438308321, "w": 9.863684316857205, "x": 2.1428262808569767, "y": 1.189649948702833}, "datetime": {"datetime": "2024-02-25 10:12:14", "elapsed": 1238.552009, "delta": 6.001406}}
{"target": 3.863024528534724, "params": {"u": 6.884853972086825, "v": 12.64113724382661, "w": 9.834138449357, "x": 1.7881228171133083, "y": 1.3236096207709247}, "datetime": {"datetime": "2024-02-25 10:12:26", "elapsed": 1250.344223, "delta": 11.792214}}
{"target": 2.5239226048539822, "params": {"u": 8.41875399402127, "v": 12.589367553183862, "w": 11.21528872563738, "x": 1.4452598761127509, "y": 2.0129986378379163}, "datetime": {"datetime": "2024-02-25 10:12:33", "elapsed": 1258.239741, "delta": 7.895518}}
{"target": 0.06485398282358865, "params": {"u": 10.321312610633603, "v": 1.0, "w": 1.0, "x": 0.5, "y": 0.1}, "datetime": {"datetime": "2024-02-25 10:12:40", "elapsed": 1264.416327, "delta": 6.176586}}
{"target": 0.09967636220807781, "params": {"u": 11.236963075591971, "v": 12.917186038115684, "w": 2.087228713136959, "x": 0.570607533543471, "y": 0.2238247921561755}, "datetime": {"datetime": "2024-02-25 10:12:49", "elapsed": 1274.091388, "delta": 9.675061}}
{"target": -0.01461679060451176, "params": {"u": 13.0, "v": 13.0, "w": 1.0, "x": 8.0, "y": 0.1}, "datetime": {"datetime": "2024-02-25 10:12:55", "elapsed": 1279.609485, "delta": 5.518097}}
{"target": -0.04821702127611276, "params": {"u": 12.554170397627162, "v": 1.1932000435554393, "w": 12.839433741789785, "x": 7.750184593935845, "y": 4.813477138449309}, "datetime": {"datetime": "2024-02-25 10:13:01", "elapsed": 1286.1058, "delta": 6.496315}}
{"target": -0.04586987511787986, "params": {"u": 1.0, "v": 1.0, "w": 13.0, "x": 0.5, "y": 0.1}, "datetime": {"datetime": "2024-02-25 10:13:07", "elapsed": 1291.879164, "delta": 5.773364}}
{"target": 1.7016319314275703, "params": {"u": 6.237748684047535, "v": 12.60826915950139, "w": 10.040613823479212, "x": 1.0702569241096977, "y": 0.18097014935074263}, "datetime": {"datetime": "2024-02-25 10:13:15", "elapsed": 1299.591737, "delta": 7.712573}}
{"target": 0.05152977723309665, "params": {"u": 13.0, "v": 1.0, "w": 7.330044029775874, "x": 7.867787555009958, "y": 5.0}, "datetime": {"datetime": "2024-02-25 10:13:20", "elapsed": 1304.458725, "delta": 4.866988}}
{"target": 4.666062955927199, "params": {"u": 8.55243661906837, "v": 12.836798306104118, "w": 10.477810673770346, "x": 1.8190493619924206, "y": 1.9435988579729395}, "datetime": {"datetime": "2024-02-25 10:13:27", "elapsed": 1311.552775, "delta": 7.09405}}
{"target": 0.03166745868878804, "params": {"u": 12.695254788566839, "v": 13.0, "w": 6.44947957490576, "x": 8.0, "y": 0.1}, "datetime": {"datetime": "2024-02-25 10:13:34", "elapsed": 1318.405604, "delta": 6.852829}}
{"target": -0.04586987511787986, "params": {"u": 1.0, "v": 13.0, "w": 4.003570077573703, "x": 0.5, "y": 0.1}, "datetime": {"datetime": "2024-02-25 10:13:40", "elapsed": 1325.133496, "delta": 6.727892}}
{"target": -0.03364138638452215, "params": {"u": 13.0, "v": 8.84499988162324, "w": 13.0, "x": 8.0, "y": 5.0}, "datetime": {"datetime": "2024-02-25 10:13:48", "elapsed": 1332.922544, "delta": 7.789048}}
