{"target": 0.06170103377728228, "params": {"u": 9.703293431479498, "v": 2.1921580117443256, "w": 1.1837481538808645, "x": 4.024548437598216, "y": 0.7234510314309761}, "datetime": {"datetime": "2024-02-25 10:03:15", "elapsed": 699.808773, "delta": 1.932425}}
{"target": 0.018788656828552876, "params": {"u": 4.787199072598739, "v": 10.603753559297232, "w": 8.921423265341197, "x": 2.529185136788339, "y": 0.21976090833672543}, "datetime": {"datetime": "2024-02-25 10:03:17", "elapsed": 702.100377, "delta": 2.291604}}
{"target": -0.26217451433701594, "params": {"u": 8.711863112185238, "v": 3.0640363573112634, "w": 9.949214774449963, "x": 1.7166567737263692, "y": 4.332825998846442}, "datetime": {"datetime": "2024-02-25 10:03:20", "elapsed": 704.425423, "delta": 2.325046}}
{"target": 0.3820045186015738, "params": {"u": 11.421788736889756, "v": 13.0, "w": 9.743912411079831, "x": 3.223711176785981, "y": 1.1402907197823116}, "datetime": {"datetime": "2024-02-25 10:03:23", "elapsed": 707.815924, "delta": 3.390501}}
{"target": -0.15188336403663366, "params": {"u": 9.838000930269832, "v": 2.1982063549947997, "w": 10.452022865369408, "x": 5.78567040740955, "y": 2.97458062134399}, "datetime": {"datetime": "2024-02-25 10:03:25", "elapsed": 710.07558, "delta": 2.259656}}
{"target": 0.809986433804679, "params": {"u": 6.843370796146514, "v": 1.2682367134546761, "w": 9.477076266506607, "x": 1.8900376709470728, "y": 3.3169413544819135}, "datetime": {"datetime": "2024-02-25 10:03:32", "elapsed": 716.339583, "delta": 6.264003}}
{"target": 0.028109261226436425, "params": {"u": 10.333155177987246, "v": 2.937936584921727, "w": 2.2684630842110485, "x": 5.46680862739465, "y": 4.170375795871952}, "datetime": {"datetime": "2024-02-25 10:03:35", "elapsed": 719.899621, "delta": 3.560038}}
{"target": 0.5860024916955768, "params": {"u": 8.901477003951488, "v": 2.3898681618042477, "w": 9.760734877992135, "x": 1.6151963191420342, "y": 4.646567017585833}, "datetime": {"datetime": "2024-02-25 10:03:41", "elapsed": 726.088223, "delta": 6.188602}}
{"target": 0.025698195306600714, "params": {"u": 12.763453906033783, "v": 12.217423316785954, "w": 2.60409928996966, "x": 5.156582327009575, "y": 1.3585744020200847}, "datetime": {"datetime": "2024-02-25 10:03:43", "elapsed": 728.073096, "delta": 1.984873}}
{"target": 0.7391011374357623, "params": {"u": 8.550586149155835, "v": 2.168384555623956, "w": 10.230736994318807, "x": 2.010917821466577, "y": 4.568238003501313}, "datetime": {"datetime": "2024-02-25 10:03:47", "elapsed": 731.610163, "delta": 3.537067}}
{"target": 0.8490139345893537, "params": {"u": 8.518628617270608, "v": 2.0604072065506798, "w": 10.081900441350353, "x": 1.776977155052986, "y": 4.055405654527715}, "datetime": {"datetime": "2024-02-25 10:03:52", "elapsed": 736.638391, "delta": 5.028228}}
{"target": 0.057000488645240995, "params": {"u": 11.630107572511482, "v": 10.14824586104735, "w": 9.216889933770224, "x": 7.5544647166352625, "y": 1.7276651301558972}, "datetime": {"datetime": "2024-02-25 10:03:54", "elapsed": 739.082953, "delta": 2.444562}}
{"target": 0.019410529279022117, "params": {"u": 7.052819522869585, "v": 11.291983866359978, "w": 5.504261803687019, "x": 3.414316903352441, "y": 0.5588660620982088}, "datetime": {"datetime": "2024-02-25 10:03:55", "elapsed": 740.322955, "delta": 1.240002}}
{"target": -0.03587793547082497, "params": {"u": 6.7013873913935225, "v": 4.457029873144725, "w": 4.400213757223608, "x": 6.960246325813181, "y": 4.7048301265846515}, "datetime": {"datetime": "2024-02-25 10:03:58", "elapsed": 742.527953, "delta": 2.204998}}
{"target": 0.13870259913830346, "params": {"u": 6.705726307894457, "v": 2.046560962448648, "w": 8.460242457951484, "x": 2.88332479919289, "y": 3.8068442483607776}, "datetime": {"datetime": "2024-02-25 10:04:00", "elapsed": 745.006168, "delta": 2.478215}}
{"target": 0.039644746021942845, "params": {"u": 7.909066970287448, "v": 5.83449406319651, "w": 9.92404765979732, "x": 3.1844733386759625, "y": 2.6886504926754164}, "datetime": {"datetime": "2024-02-25 10:04:03", "elapsed": 747.564483, "delta": 2.558315}}
{"target": -0.02140401474378467, "params": {"u": 5.588874045406168, "v": 4.079179049187493, "w": 6.328037834042165, "x": 6.684565240644819, "y": 1.5412762661508266}, "datetime": {"datetime": "2024-02-25 10:04:06", "elapsed": 751.261932, "delta": 3.697449}}
{"target": -0.020889425720502744, "params": {"u": 7.741134822533785, "v": 8.459859699133201, "w": 7.754923411186841, "x": 1.2317247769905908, "y": 1.4184229500814436}, "datetime": {"datetime": "2024-02-25 10:04:10", "elapsed": 754.433012, "delta": 3.17108}}
{"target": 0.9261476057490469, "params": {"u": 7.918774373970712, "v": 1.4625576048300646, "w": 9.80739868062591, "x": 1.6885705791496162, "y": 3.865953860359798}, "datetime": {"datetime": "2024-02-25 10:04:14", "elapsed": 758.801811, "delta": 4.368799}}
{"target": 0.4233708026281354, "params": {"u": 8.077269908814646, "v": 2.784036107701467, "w": 10.651210864997136, "x": 1.9517622855041956, "y": 4.218345858218442}, "datetime": {"datetime": "2024-02-25 10:04:19", "elapsed": 763.869004, "delta": 5.067193}}
{"target": 0.022153818691476004, "params": {"u": 7.149434031214362, "v": 6.800218015126644, "w": 5.647445212764133, "x": 6.042865438749376, "y": 1.9541868441841708}, "datetime": {"datetime": "2024-02-25 10:04:22", "elapsed": 766.929895, "delta": 3.060891}}
{"target": 0.2067964899808128, "params": {"u": 8.635425364934935, "v": 1.7667774040926796, "w": 9.827813026842698, "x": 1.2814468795380114, "y": 4.449865690062118}, "datetime": {"datetime": "2024-02-25 10:04:26", "elapsed": 770.785903, "delta": 3.856008}}
{"target": 0.7771985784216007, "params": {"u": 7.491797927127729, "v": 2.8077447345955213, "w": 10.292489955424468, "x": 1.6413462474796172, "y": 4.427446230651886}, "datetime": {"datetime": "2024-02-25 10:04:30", "elapsed": 774.633925, "delta": 3.848022}}
{"target": 0.08018396520065543, "params": {"u": 7.252760051669485, "v": 11.843562453948515, "w": 7.787302086752563, "x": 3.2256683509008828, "y": 3.3551342529795307}, "datetime": {"datetime": "2024-02-25 10:04:32", "elapsed": 777.099358, "delta": 2.465433}}
{"target": 0.05706919403014353, "params": {"u": 2.4383041044700047, "v": 4.081039839171638, "w": 9.812481506111839, "x": 3.0799858625217236, "y": 4.432382357386928}, "datetime": {"datetime": "2024-02-25 10:04:34", "elapsed": 779.323807, "delta": 2.224449}}
{"target": 0.07296315051010399, "params": {"u": 7.5621631355031935, "v": 4.330223486283948, "w": 7.346188194567199, "x": 6.858132318821882, "y": 2.956826601647874}, "datetime": {"datetime": "2024-02-25 10:04:37", "elapsed": 781.638334, "delta": 2.314527}}
{"target": 0.21965341360005483, "params": {"u": 8.64203288187749, "v": 2.0366139633424947, "w": 11.087589254881996, "x": 1.2675203764549239, "y": 4.319535541747029}, "datetime": {"datetime": "2024-02-25 10:04:42", "elapsed": 786.487626, "delta": 4.849292}}
{"target": 0.8118564233822704, "params": {"u": 6.585986525912363, "v": 2.3585077554975165, "w": 10.772264047047637, "x": 1.821408199702311, "y": 4.622230357348769}, "datetime": {"datetime": "2024-02-25 10:04:45", "elapsed": 790.26334, "delta": 3.775714}}
{"target": 0.06398876022862617, "params": {"u": 12.357206573239544, "v": 3.9614313600916797, "w": 8.339565841392671, "x": 2.4151800601051, "y": 1.8535392790503464}, "datetime": {"datetime": "2024-02-25 10:04:48", "elapsed": 792.429981, "delta": 2.166641}}
{"target": 0.7341903175026235, "params": {"u": 6.453609924311627, "v": 1.160288913723662, "w": 9.967647451374187, "x": 1.825239797517994, "y": 3.9929589233148324}, "datetime": {"datetime": "2024-02-25 10:04:50", "elapsed": 795.004491, "delta": 2.57451}}
{"target": 0.8241660936004841, "params": {"u": 6.919721309612305, "v": 1.4461885775954726, "w": 11.342237596360714, "x": 1.8672529313615729, "y": 4.634319246492021}, "datetime": {"datetime": "2024-02-25 10:04:52", "elapsed": 796.990863, "delta": 1.986372}}
{"target": -0.03313292213078872, "params": {"u": 12.68778050124397, "v": 9.492507053597532, "w": 4.018103877237447, "x": 2.7126170038999624, "y": 2.6311893046801287}, "datetime": {"datetime": "2024-02-25 10:04:55", "elapsed": 800.063607, "delta": 3.072744}}
{"target": -0.11174363786401979, "params": {"u": 4.290280966441214, "v": 1.6109250641834407, "w": 6.044544947158833, "x": 0.5277206173869284, "y": 3.2719043076154057}, "datetime": {"datetime": "2024-02-25 10:04:57", "elapsed": 802.282396, "delta": 2.218789}}
{"target": 0.015074476270970525, "params": {"u": 8.269094774211965, "v": 4.685857261038095, "w": 3.139498089098729, "x": 3.3867869776393, "y": 2.852153798806682}, "datetime": {"datetime": "2024-02-25 10:05:00", "elapsed": 804.735903, "delta": 2.453507}}
{"target": 0.879177665548775, "params": {"u": 7.915300043547205, "v": 1.7256142425901297, "w": 9.549745450146794, "x": 1.606492832570765, "y": 4.122948518183453}, "datetime": {"datetime": "2024-02-25 10:05:03", "elapsed": 807.978256, "delta": 3.242353}}
{"target": 0.5254584138896727, "params": {"u": 7.346291608626196, "v": 2.0296084804420804, "w": 9.876102949231662, "x": 1.4850111030570434, "y": 3.5528247069334293}, "datetime": {"datetime": "2024-02-25 10:05:07", "elapsed": 811.47177, "delta": 3.493514}}
{"target": 0.09092428911116601, "params": {"u": 8.783507258816194, "v": 1.0505604282937546, "w": 11.57984469270313, "x": 0.7332568946022475, "y": 2.7486086739510207}, "datetime": {"datetime": "2024-02-25 10:05:10", "elapsed": 814.382909, "delta": 2.911139}}
{"target": -0.0031255149979645793, "params": {"u": 10.948944983350092, "v": 9.630476630673082, "w": 7.017879228365684, "x": 6.191064715292253, "y": 0.24783015683941553}, "datetime": {"datetime": "2024-02-25 10:05:12", "elapsed": 816.342199, "delta": 1.95929}}
{"target": 0.04038531715452607, "params": {"u": 6.856237061697353, "v": 9.745271701631992, "w": 8.028045058981103, "x": 1.4350541612004233, "y": 4.551513724858215}, "datetime": {"datetime": "2024-02-25 10:05:13", "elapsed": 818.292345, "delta": 1.950146}}
{"target": 0.24614491448718465, "params": {"u": 6.4069552054099805, "v": 2.1140547376321708, "w": 9.746556013260852, "x": 1.3611236933618873, "y": 4.651252850800927}, "datetime": {"datetime": "2024-02-25 10:05:19", "elapsed": 823.485734, "delta": 5.193389}}
{"target": 0.04573119499690299, "params": {"u": 3.341214032133476, "v": 4.495069113136281, "w": 3.8399649850803153, "x": 3.9356040916176065, "y": 4.683248423010355}, "datetime": {"datetime": "2024-02-25 10:05:21", "elapsed": 826.080664, "delta": 2.59493}}
{"target": -0.05318750499723638, "params": {"u": 8.448673358905324, "v": 11.590298961344219, "w": 9.869947317345037, "x": 5.2036379499597745, "y": 4.930843210361842}, "datetime": {"datetime": "2024-02-25 10:05:24", "elapsed": 829.318495, "delta": 3.237831}}
{"target": -0.020975953176257455, "params": {"u": 8.084787763883504, "v": 10.462312824204968, "w": 4.248189692588625, "x": 2.050731692796912, "y": 4.140656270203466}, "datetime": {"datetime": "2024-02-25 10:05:27", "elapsed": 832.208689, "delta": 2.890194}}
{"target": -0.005481593318363455, "params": {"u": 10.218032353293417, "v": 6.307795276794607, "w": 6.781802438871532, "x": 6.212737782879554, "y": 2.6250923584154084}, "datetime": {"datetime": "2024-02-25 10:05:30", "elapsed": 834.633421, "delta": 2.424732}}
{"target": -0.1280766744822376, "params": {"u": 7.680733978349624, "v": 5.816058539924613, "w": 9.323780248375234, "x": 4.140741570206059, "y": 2.9504409322506397}, "datetime": {"datetime": "2024-02-25 10:05:32", "elapsed": 836.85237, "delta": 2.218949}}
{"target": 0.028361205649879987, "params": {"u": 10.140106303199907, "v": 1.384175582300959, "w": 6.889622216349386, "x": 5.5123067067328515, "y": 1.8643726204165116}, "datetime": {"datetime": "2024-02-25 10:05:35", "elapsed": 839.63465, "delta": 2.78228}}
{"target": -0.07791406112287196, "params": {"u": 12.489819945460898, "v": 2.834801552547579, "w": 8.476056831960841, "x": 1.5744219265329311, "y": 4.469921926205488}, "datetime": {"datetime": "2024-02-25 10:05:39", "elapsed": 843.793746, "delta": 4.159096}}
{"target": -0.1122051424072333, "params": {"u": 6.239884893814607, "v": 4.166553133461841, "w": 12.492018982753146, "x": 0.516627650010535, "y": 1.5789821448933223}, "datetime": {"datetime": "2024-02-25 10:05:41", "elapsed": 846.27255, "delta": 2.478804}}
{"target": 0.9051808942865728, "params": {"u": 7.831180019864733, "v": 1.2518301975773243, "w": 9.87778659040832, "x": 1.6521058814200222, "y": 4.180455298371155}, "datetime": {"datetime": "2024-02-25 10:05:45", "elapsed": 849.768025, "delta": 3.495475}}
{"target": 0.8659491274637138, "params": {"u": 6.335160815466828, "v": 1.4111147325445783, "w": 9.19009137092802, "x": 1.6560733355796307, "y": 4.300146757831415}, "datetime": {"datetime": "2024-02-25 10:05:49", "elapsed": 853.923829, "delta": 4.155804}}
{"target": -0.06634635622683427, "params": {"u": 4.8687797526827215, "v": 6.811779139160965, "w": 10.189079396411731, "x": 3.6994029394974963, "y": 3.4556674635681692}, "datetime": {"datetime": "2024-02-25 10:05:52", "elapsed": 856.509769, "delta": 2.58594}}
{"target": 0.8501163087184276, "params": {"u": 8.690167189768474, "v": 2.647998088849166, "w": 10.574783603408079, "x": 1.575981913645878, "y": 4.080018441128125}, "datetime": {"datetime": "2024-02-25 10:05:56", "elapsed": 861.313794, "delta": 4.804025}}
{"target": 0.7538287846568353, "params": {"u": 6.541111161828345, "v": 1.742260047987859, "w": 10.259292156692316, "x": 1.8938279282803085, "y": 3.2051879992222156}, "datetime": {"datetime": "2024-02-25 10:06:00", "elapsed": 865.299398, "delta": 3.985604}}
{"target": 0.021197843349890232, "params": {"u": 8.840011850807795, "v": 2.690006268067416, "w": 12.340772246606214, "x": 5.214576493495884, "y": 3.8537839108181915}, "datetime": {"datetime": "2024-02-25 10:06:04", "elapsed": 868.604795, "delta": 3.305397}}
{"target": 0.7440967844394439, "params": {"u": 8.67104359484874, "v": 2.3832613954050723, "w": 10.385023208919234, "x": 1.8495656439958172, "y": 4.201373140360919}, "datetime": {"datetime": "2024-02-25 10:06:08", "elapsed": 872.357631, "delta": 3.752836}}
{"target": -0.052127420735186523, "params": {"u": 7.6399715236819805, "v": 1.1927065802061647, "w": 7.939576026095269, "x": 5.729547318872256, "y": 3.365779847588337}, "datetime": {"datetime": "2024-02-25 10:06:11", "elapsed": 875.366217, "delta": 3.008586}}
{"target": 0.4403244281108074, "params": {"u": 6.5006912003322, "v": 1.481480992349871, "w": 9.429221963937037, "x": 2.461970729139513, "y": 3.0518007501056346}, "datetime": {"datetime": "2024-02-25 10:06:15", "elapsed": 879.719732, "delta": 4.353515}}
{"target": 0.7204008091124104, "params": {"u": 8.359399679272968, "v": 1.7049958839436, "w": 9.493417014590031, "x": 1.9517236343379338, "y": 4.434414453913963}, "datetime": {"datetime": "2024-02-25 10:06:22", "elapsed": 887.332364, "delta": 7.612632}}
{"target": 0.9103877861715179, "params": {"u": 6.348743858475335, "v": 1.7246315213393915, "w": 10.213826994013392, "x": 1.7263874107817654, "y": 4.261488803630815}, "datetime": {"datetime": "2024-02-25 10:06:27", "elapsed": 892.077449, "delta": 4.745085}}
{"target": 0.349040376096064, "params": {"u": 8.808760996179451, "v": 12.780082116286021, "w": 8.485607069340082, "x": 4.3189209521862475, "y": 0.6001639215520509}, "datetime": {"datetime": "2024-02-25 10:06:31", "elapsed": 896.01228, "delta": 3.934831}}
{"target": 0.023735378795663956, "params": {"u": 10.893954571489202, "v": 11.472060088998742, "w": 10.162632190553722, "x": 5.552303291376087, "y": 3.2114419723159524}, "datetime": {"datetime": "2024-02-25 10:06:33", "elapsed": 897.557671, "delta": 1.545391}}
{"target": -0.023621764832674804, "params": {"u": 3.736005056952487, "v": 1.13369716395732, "w": 1.5097671854553183, "x": 7.207402477160963, "y": 3.0807022354063682}, "datetime": {"datetime": "2024-02-25 10:06:35", "elapsed": 899.563933, "delta": 2.006262}}
{"target": 0.023054519132396173, "params": {"u": 7.399146831426295, "v": 6.544008016170015, "w": 1.0619076535028533, "x": 0.7163268500441229, "y": 3.8308595623534014}, "datetime": {"datetime": "2024-02-25 10:06:37", "elapsed": 902.070658, "delta": 2.506725}}
{"target": 0.044039117261180066, "params": {"u": 11.848393565291527, "v": 9.037629600986978, "w": 5.2967125987966295, "x": 1.8351066234749096, "y": 4.299290502158299}, "datetime": {"datetime": "2024-02-25 10:06:40", "elapsed": 905.225995, "delta": 3.155337}}
{"target": 0.045736144938470065, "params": {"u": 9.132686306463171, "v": 6.543116571495158, "w": 7.614464394537693, "x": 3.2907373762755023, "y": 3.4242443095047133}, "datetime": {"datetime": "2024-02-25 10:06:43", "elapsed": 907.400189, "delta": 2.174194}}
{"target": -0.03517607670047372, "params": {"u": 4.022811004833244, "v": 11.360493672199867, "w": 3.1563401796193506, "x": 7.319509499102353, "y": 2.0972931465665736}, "datetime": {"datetime": "2024-02-25 10:06:45", "elapsed": 909.938793, "delta": 2.538604}}
{"target": 0.012955269355558808, "params": {"u": 1.6732871202609472, "v": 2.9169332198503066, "w": 1.0588906831197042, "x": 1.3506440765613619, "y": 4.863258947475541}, "datetime": {"datetime": "2024-02-25 10:06:47", "elapsed": 911.998129, "delta": 2.059336}}
{"target": 0.036826150165792215, "params": {"u": 3.0290564717693145, "v": 10.192098970148722, "w": 1.5956667101343789, "x": 3.089517086893341, "y": 0.6671443258498512}, "datetime": {"datetime": "2024-02-25 10:06:50", "elapsed": 914.545442, "delta": 2.547313}}
{"target": 0.8864400888652073, "params": {"u": 7.714058570423398, "v": 1.1093150816399542, "w": 9.714084055935691, "x": 1.7906371640661658, "y": 3.6377314069018896}, "datetime": {"datetime": "2024-02-25 10:06:57", "elapsed": 921.980966, "delta": 7.435524}}
{"target": 0.048581874972305164, "params": {"u": 8.71261112412, "v": 3.7994688785167923, "w": 3.5079562443804453, "x": 2.0839086202772075, "y": 4.619770187316321}, "datetime": {"datetime": "2024-02-25 10:06:59", "elapsed": 923.56987, "delta": 1.588904}}
{"target": 0.07748597280043823, "params": {"u": 7.2897922825702, "v": 9.758687634029336, "w": 11.450299119996245, "x": 6.621642031856396, "y": 3.424113228552655}, "datetime": {"datetime": "2024-02-25 10:07:02", "elapsed": 926.338054, "delta": 2.768184}}
{"target": 0.034590748865270665, "params": {"u": 10.678737629873519, "v": 4.992660617799769, "w": 3.4998136510199243, "x": 6.090038711952669, "y": 3.4920107444333763}, "datetime": {"datetime": "2024-02-25 10:07:04", "elapsed": 928.735852, "delta": 2.397798}}
{"target": 0.8745247478098498, "params": {"u": 8.685793531733843, "v": 2.29340178447342, "w": 9.485009600990733, "x": 1.8157644781098359, "y": 4.429678266633854}, "datetime": {"datetime": "2024-02-25 10:07:06", "elapsed": 931.24814, "delta": 2.512288}}
{"target": 0.464450743739087, "params": {"u": 8.085951508789314, "v": 1.4915214972960684, "w": 10.283380897067488, "x": 1.3846595038417053, "y": 4.188333849617507}, "datetime": {"datetime": "2024-02-25 10:07:13", "elapsed": 938.182203, "delta": 6.934063}}
{"target": -0.07704487894362934, "params": {"u": 2.4678584213327883, "v": 1.122170820046264, "w": 9.703188738236785, "x": 3.7305353378491017, "y": 1.4480234617388426}, "datetime": {"datetime": "2024-02-25 10:07:15", "elapsed": 939.860544, "delta": 1.678341}}
{"target": -0.012339509764087982, "params": {"u": 2.8453989239454045, "v": 1.821100981261882, "w": 6.986106228396193, "x": 1.711165538531166, "y": 2.503555763478522}, "datetime": {"datetime": "2024-02-25 10:07:16", "elapsed": 940.844954, "delta": 0.98441}}
{"target": 0.6205113132933869, "params": {"u": 7.179630575211039, "v": 1.3500619440953998, "w": 11.398263540742605, "x": 1.708414341926297, "y": 4.756128556087463}, "datetime": {"datetime": "2024-02-25 10:07:18", "elapsed": 942.705107, "delta": 1.860153}}
{"target": 0.19523652808906766, "params": {"u": 8.263033532189924, "v": 2.0331845816804544, "w": 9.331086330535513, "x": 1.2507541802438558, "y": 4.319367566431413}, "datetime": {"datetime": "2024-02-25 10:07:22", "elapsed": 946.461936, "delta": 3.756829}}
{"target": -0.023340333212335213, "params": {"u": 4.427498711327064, "v": 2.369165281565166, "w": 1.5600717337478667, "x": 6.482393425805844, "y": 1.7566570417070524}, "datetime": {"datetime": "2024-02-25 10:07:24", "elapsed": 948.426981, "delta": 1.965045}}
{"target": 0.009625315381504568, "params": {"u": 10.384876812750754, "v": 4.215062883105926, "w": 1.002660349356204, "x": 4.5740751801244794, "y": 3.0632326687498037}, "datetime": {"datetime": "2024-02-25 10:07:27", "elapsed": 951.358131, "delta": 2.93115}}
{"target": -0.564901243057587, "params": {"u": 8.669054572810282, "v": 2.2473307380296315, "w": 10.328669100453807, "x": 2.1429481410240037, "y": 3.8841686499381076}, "datetime": {"datetime": "2024-02-25 10:07:32", "elapsed": 956.380737, "delta": 5.022606}}
{"target": -0.014096434649916018, "params": {"u": 12.06367895405877, "v": 2.645666783086887, "w": 12.879842334935677, "x": 4.751826121952315, "y": 2.219936564436497}, "datetime": {"datetime": "2024-02-25 10:07:33", "elapsed": 957.73142, "delta": 1.350683}}
{"target": -0.03827003023537962, "params": {"u": 12.599557747666736, "v": 7.439241886500156, "w": 2.728646702202363, "x": 0.5934928557019841, "y": 4.5687921252300825}, "datetime": {"datetime": "2024-02-25 10:07:37", "elapsed": 961.561429, "delta": 3.830009}}
{"target": 0.8159700783624844, "params": {"u": 7.571504010235557, "v": 1.0822487222954122, "w": 9.897208510641198, "x": 1.898529585759789, "y": 3.3267473141915884}, "datetime": {"datetime": "2024-02-25 10:07:41", "elapsed": 965.523084, "delta": 3.961655}}
{"target": -0.020778855994708433, "params": {"u": 6.306695917374778, "v": 4.43259928705651, "w": 11.731675631520273, "x": 7.332051425728956, "y": 2.0308869329911583}, "datetime": {"datetime": "2024-02-25 10:07:43", "elapsed": 968.069127, "delta": 2.546043}}
