{"target": 0.06110151123562058, "params": {"u": 7.989568446172743, "v": 11.529587733212223, "w": 7.744110163920844, "x": 2.1616978314991036, "y": 2.8937457723282427}, "datetime": {"datetime": "2024-02-25 09:56:24", "elapsed": 289.21217, "delta": 1.504593}}
{"target": 1.0466828379330706, "params": {"u": 6.249262750638251, "v": 12.248395406150436, "w": 9.191436420910868, "x": 3.331841393099466, "y": 3.013993270169316}, "datetime": {"datetime": "2024-02-25 09:56:26", "elapsed": 291.102646, "delta": 1.890476}}
{"target": -0.06613283937818198, "params": {"u": 7.479172109556339, "v": 4.3063508513313025, "w": 12.975085456743253, "x": 7.272078282264649, "y": 4.913833474401243}, "datetime": {"datetime": "2024-02-25 09:56:30", "elapsed": 294.452362, "delta": 3.349716}}
{"target": 2.23378215924119, "params": {"u": 6.1019241303842175, "v": 12.598356962917121, "w": 9.679363967474302, "x": 2.467618860405813, "y": 1.4353193511006137}, "datetime": {"datetime": "2024-02-25 09:56:31", "elapsed": 296.10668, "delta": 1.654318}}
{"target": -0.0534873197015016, "params": {"u": 2.5890077244723413, "v": 5.900185219979489, "w": 9.197370491647606, "x": 6.4854723451314005, "y": 4.950275665760428}, "datetime": {"datetime": "2024-02-25 09:56:32", "elapsed": 296.618976, "delta": 0.512296}}
{"target": 0.1081628688485005, "params": {"u": 7.589081914890399, "v": 1.3491872800480138, "w": 6.923014511022469, "x": 2.510673343651111, "y": 4.804602215297162}, "datetime": {"datetime": "2024-02-25 09:56:33", "elapsed": 297.994975, "delta": 1.375999}}
{"target": -0.09450115630249589, "params": {"u": 7.076114955094749, "v": 8.814950975200023, "w": 10.781144187497315, "x": 3.084858391442026, "y": 4.328229703589331}, "datetime": {"datetime": "2024-02-25 09:56:35", "elapsed": 299.960376, "delta": 1.965401}}
{"target": 3.193578527933292, "params": {"u": 6.358538796423465, "v": 12.1479634057843, "w": 9.529323429212333, "x": 2.174146497914023, "y": 1.3358143378169276}, "datetime": {"datetime": "2024-02-25 09:56:37", "elapsed": 302.251587, "delta": 2.291211}}
{"target": -0.053951583825332924, "params": {"u": 2.0176552433550796, "v": 3.758787894952966, "w": 7.595351504091116, "x": 1.4635339524732158, "y": 4.0429128345125225}, "datetime": {"datetime": "2024-02-25 09:56:39", "elapsed": 303.650112, "delta": 1.398525}}
{"target": 4.1703534303950835, "params": {"u": 7.248007433649928, "v": 12.59571051048016, "w": 9.597561188589477, "x": 1.66933643393037, "y": 1.8787542932930625}, "datetime": {"datetime": "2024-02-25 09:56:42", "elapsed": 306.406113, "delta": 2.756001}}
{"target": 0.001882767879767235, "params": {"u": 1.8953703900530163, "v": 8.025171548811432, "w": 3.2286601797909595, "x": 7.383118525816645, "y": 4.3973473752370245}, "datetime": {"datetime": "2024-02-25 09:56:43", "elapsed": 307.967927, "delta": 1.561814}}
{"target": -0.03876887330148798, "params": {"u": 3.962095950965336, "v": 10.728791445489106, "w": 7.404061114088156, "x": 2.617522578901068, "y": 2.588873829336126}, "datetime": {"datetime": "2024-02-25 09:56:45", "elapsed": 309.881835, "delta": 1.913908}}
{"target": 0.025194121547830333, "params": {"u": 4.275511774986018, "v": 8.563035028336957, "w": 3.847380948612636, "x": 1.260678923386474, "y": 3.139355434827626}, "datetime": {"datetime": "2024-02-25 09:56:47", "elapsed": 311.640788, "delta": 1.758953}}
{"target": 0.13313829183462714, "params": {"u": 8.092956479886647, "v": 1.9660865674480474, "w": 6.523679340405257, "x": 6.196558270999161, "y": 1.3196600411919817}, "datetime": {"datetime": "2024-02-25 09:56:48", "elapsed": 313.232185, "delta": 1.591397}}
{"target": 1.5480746421231522, "params": {"u": 7.204195412248055, "v": 12.747194060106766, "w": 10.459668969326527, "x": 0.8989524008344494, "y": 1.392216079113439}, "datetime": {"datetime": "2024-02-25 09:56:50", "elapsed": 315.119728, "delta": 1.887543}}
{"target": 0.05933803226779435, "params": {"u": 5.124481933482889, "v": 1.0050629807056448, "w": 4.715332402398822, "x": 1.0873849317012292, "y": 4.679837258906787}, "datetime": {"datetime": "2024-02-25 09:56:53", "elapsed": 317.655223, "delta": 2.535495}}
{"target": 4.913986547071197, "params": {"u": 7.393840590864905, "v": 12.471724867554796, "w": 9.965931352914813, "x": 1.9356834399157898, "y": 2.0768683136267168}, "datetime": {"datetime": "2024-02-25 09:56:56", "elapsed": 320.431505, "delta": 2.776282}}
{"target": 4.986833570124873, "params": {"u": 7.460603002371671, "v": 12.481370744307586, "w": 9.762627920068555, "x": 2.206973026734782, "y": 2.320505007296396}, "datetime": {"datetime": "2024-02-25 09:56:58", "elapsed": 322.752041, "delta": 2.320536}}
{"target": -4.38773679375471, "params": {"u": 7.054704933190178, "v": 12.7457373863136, "w": 9.533763569487737, "x": 2.138797440863582, "y": 3.1076065744640347}, "datetime": {"datetime": "2024-02-25 09:56:59", "elapsed": 323.667269, "delta": 0.915228}}
{"target": -0.03321187759714902, "params": {"u": 7.391005571947533, "v": 7.256532234502686, "w": 6.1794707547045356, "x": 2.7296044443162035, "y": 4.010548648326839}, "datetime": {"datetime": "2024-02-25 09:57:01", "elapsed": 325.688264, "delta": 2.020995}}
{"target": 3.9843873820047553, "params": {"u": 7.738898508910894, "v": 12.901962677100297, "w": 10.40083965688217, "x": 1.6806895226840455, "y": 2.027659036726793}, "datetime": {"datetime": "2024-02-25 09:57:03", "elapsed": 327.714683, "delta": 2.026419}}
{"target": -0.04578410482676126, "params": {"u": 9.226759791627778, "v": 9.357721807977523, "w": 3.820496416617968, "x": 3.625674135081985, "y": 2.6152421946594693}, "datetime": {"datetime": "2024-02-25 09:57:04", "elapsed": 328.849637, "delta": 1.134954}}
{"target": -0.030087916861114356, "params": {"u": 1.3424518140395691, "v": 10.281818569716027, "w": 7.360593453834651, "x": 2.7409070424331654, "y": 0.11539973389054425}, "datetime": {"datetime": "2024-02-25 09:57:05", "elapsed": 330.070458, "delta": 1.220821}}
{"target": 0.01717581823542846, "params": {"u": 9.700554936871095, "v": 6.187135786694167, "w": 1.3398632996008635, "x": 6.100052675510411, "y": 4.015970287428146}, "datetime": {"datetime": "2024-02-25 09:57:06", "elapsed": 331.238717, "delta": 1.168259}}
{"target": 4.757365031587179, "params": {"u": 7.177491724264234, "v": 12.57879629153474, "w": 9.696827489515389, "x": 2.10111379171435, "y": 1.9730233196908957}, "datetime": {"datetime": "2024-02-25 09:57:08", "elapsed": 333.049148, "delta": 1.810431}}
{"target": 0.05260701906911793, "params": {"u": 11.220845006236493, "v": 4.726135580995391, "w": 5.138552740888902, "x": 6.479402893773287, "y": 0.27389638049300113}, "datetime": {"datetime": "2024-02-25 09:57:10", "elapsed": 334.416372, "delta": 1.367224}}
{"target": 0.01737497417298363, "params": {"u": 3.574491789958024, "v": 9.478743035163582, "w": 7.860277277770402, "x": 3.0026334987452685, "y": 3.8213606081139586}, "datetime": {"datetime": "2024-02-25 09:57:12", "elapsed": 336.361317, "delta": 1.944945}}
{"target": -0.2582204840238573, "params": {"u": 5.732470923846216, "v": 12.205078922369871, "w": 10.06860578057031, "x": 1.7710734124274885, "y": 1.7776687515013874}, "datetime": {"datetime": "2024-02-25 09:57:13", "elapsed": 337.960524, "delta": 1.599207}}
{"target": 4.716866446229663, "params": {"u": 7.310937172596258, "v": 12.657346392894949, "w": 10.406236254849816, "x": 1.8398387991602683, "y": 1.9793815363781548}, "datetime": {"datetime": "2024-02-25 09:57:17", "elapsed": 341.514591, "delta": 3.554067}}
{"target": 1.4135983322811043, "params": {"u": 7.65968264245583, "v": 12.582167540555131, "w": 10.334999010192696, "x": 0.9724078016745945, "y": 1.611736698093597}, "datetime": {"datetime": "2024-02-25 09:57:20", "elapsed": 344.367664, "delta": 2.853073}}
{"target": -0.014900884783314946, "params": {"u": 7.649287600890583, "v": 8.99122489999043, "w": 4.369550766063453, "x": 3.4308655722612573, "y": 2.529708640190066}, "datetime": {"datetime": "2024-02-25 09:57:21", "elapsed": 345.556818, "delta": 1.189154}}
{"target": 5.017395730740857, "params": {"u": 7.648333512102062, "v": 12.66808465338096, "w": 10.045168630662996, "x": 2.092162363302296, "y": 2.1505543922909482}, "datetime": {"datetime": "2024-02-25 09:57:23", "elapsed": 347.880674, "delta": 2.323856}}
{"target": 0.022971168095158638, "params": {"u": 1.673854759593504, "v": 9.868884754662417, "w": 9.005735568609321, "x": 3.6105929297209607, "y": 0.21875716001267698}, "datetime": {"datetime": "2024-02-25 09:57:24", "elapsed": 349.133897, "delta": 1.253223}}
{"target": 4.9645454501346515, "params": {"u": 7.6847903980967365, "v": 12.472219197283238, "w": 9.73756069562306, "x": 2.0642624282818223, "y": 2.0704296099062676}, "datetime": {"datetime": "2024-02-25 09:57:29", "elapsed": 353.419596, "delta": 4.285699}}
{"target": -0.08689709171133093, "params": {"u": 7.133740009377563, "v": 9.535571286107906, "w": 9.768970408158053, "x": 4.541792827888387, "y": 1.49473506260942}, "datetime": {"datetime": "2024-02-25 09:57:30", "elapsed": 355.068912, "delta": 1.649316}}
{"target": 4.454371168542983, "params": {"u": 7.1031242066722395, "v": 12.458233614469858, "w": 10.008878325750857, "x": 1.789194716203087, "y": 1.7048695479651665}, "datetime": {"datetime": "2024-02-25 09:57:33", "elapsed": 358.327141, "delta": 3.258229}}
{"target": 4.806714522607453, "params": {"u": 7.707596231167802, "v": 12.492486297577022, "w": 10.199626492991666, "x": 1.8885490421151307, "y": 1.939464968836922}, "datetime": {"datetime": "2024-02-25 09:57:39", "elapsed": 363.750797, "delta": 5.423656}}
{"target": 0.013160552419511246, "params": {"u": 8.435282418048894, "v": 3.7032351502226706, "w": 12.781151163356299, "x": 5.1199409504795454, "y": 4.941856953540258}, "datetime": {"datetime": "2024-02-25 09:57:40", "elapsed": 365.067199, "delta": 1.316402}}
{"target": 0.029569190540581013, "params": {"u": 3.7332292519530252, "v": 12.956989786158104, "w": 10.121799474452228, "x": 2.5193705778630715, "y": 3.7426430588760917}, "datetime": {"datetime": "2024-02-25 09:57:42", "elapsed": 366.731622, "delta": 1.664423}}
{"target": 4.95993332634574, "params": {"u": 6.377343674753487, "v": 12.719219453368257, "w": 9.54659011593337, "x": 1.9673925539688577, "y": 2.11455222616123}, "datetime": {"datetime": "2024-02-25 09:57:44", "elapsed": 368.54199, "delta": 1.810368}}
{"target": 0.012077973079621648, "params": {"u": 4.036115101753668, "v": 11.377996988526672, "w": 2.1522463927612323, "x": 6.69426470822659, "y": 1.8004096943554129}, "datetime": {"datetime": "2024-02-25 09:57:45", "elapsed": 369.927437, "delta": 1.385447}}
{"target": 4.326515151657001, "params": {"u": 6.464953793929331, "v": 12.431171140461945, "w": 10.090835303697546, "x": 2.0693320358946377, "y": 1.723674800276599}, "datetime": {"datetime": "2024-02-25 09:57:49", "elapsed": 373.447837, "delta": 3.5204}}
{"target": 0.03642728695989935, "params": {"u": 11.822133204229488, "v": 3.1186691755103144, "w": 2.3459890259898923, "x": 1.0409579171040357, "y": 4.8966507506694485}, "datetime": {"datetime": "2024-02-25 09:57:51", "elapsed": 375.575178, "delta": 2.127341}}
{"target": -0.2216437684620025, "params": {"u": 10.996128125399713, "v": 1.6057279919303102, "w": 10.401195375124015, "x": 3.410192281543695, "y": 4.6657023151941655}, "datetime": {"datetime": "2024-02-25 09:57:52", "elapsed": 377.005481, "delta": 1.430303}}
{"target": 4.702841070281847, "params": {"u": 7.093780094750817, "v": 12.329304098324425, "w": 10.576420722444006, "x": 2.0759738430253334, "y": 2.4207422926373248}, "datetime": {"datetime": "2024-02-25 09:57:54", "elapsed": 379.311709, "delta": 2.306228}}
{"target": 3.286429809235373, "params": {"u": 6.568103032891598, "v": 12.178669620997313, "w": 9.743061266225023, "x": 2.0480551512850926, "y": 2.5992035214045335}, "datetime": {"datetime": "2024-02-25 09:57:57", "elapsed": 382.290647, "delta": 2.978938}}
{"target": 0.015299944714279872, "params": {"u": 1.338499770016218, "v": 12.781924918218282, "w": 2.606612830681708, "x": 2.5818858492258707, "y": 4.2983034327370735}, "datetime": {"datetime": "2024-02-25 09:57:59", "elapsed": 383.997085, "delta": 1.706438}}
{"target": -0.15467298742894547, "params": {"u": 6.570948271855677, "v": 3.6525802807750947, "w": 6.451644245663735, "x": 2.419289229542022, "y": 4.40225292408978}, "datetime": {"datetime": "2024-02-25 09:58:01", "elapsed": 385.992239, "delta": 1.995154}}
{"target": 3.931600523523803, "params": {"u": 7.043281679686761, "v": 12.270590225166316, "w": 10.217295658583982, "x": 1.7025056163810435, "y": 2.089629745342698}, "datetime": {"datetime": "2024-02-25 09:58:03", "elapsed": 387.972018, "delta": 1.979779}}
{"target": 0.12032305413714256, "params": {"u": 8.957289809857876, "v": 6.110249009332071, "w": 11.243088048357524, "x": 0.9011494115647187, "y": 4.018973360300252}, "datetime": {"datetime": "2024-02-25 09:58:05", "elapsed": 389.80717, "delta": 1.835152}}
{"target": 0.031143705042818468, "params": {"u": 5.689165387939122, "v": 6.073667059576403, "w": 10.365406256872005, "x": 6.3773929510869145, "y": 1.4028948777495807}, "datetime": {"datetime": "2024-02-25 09:58:07", "elapsed": 391.461159, "delta": 1.653989}}
{"target": 0.06577649577780441, "params": {"u": 9.59582048866687, "v": 5.641362568534245, "w": 8.516966002418911, "x": 7.855432814286409, "y": 1.1551774021262315}, "datetime": {"datetime": "2024-02-25 09:58:08", "elapsed": 393.126765, "delta": 1.665606}}
{"target": 4.798938315467731, "params": {"u": 6.813832223520042, "v": 12.26585450236792, "w": 9.64859385583137, "x": 1.8923129005229757, "y": 1.9205860630304308}, "datetime": {"datetime": "2024-02-25 09:58:11", "elapsed": 395.447932, "delta": 2.321167}}
{"target": 1.9012991972404139, "params": {"u": 8.266313617283508, "v": 12.567613279477015, "w": 10.083795880982313, "x": 1.652926043922461, "y": 2.3429809697434685}, "datetime": {"datetime": "2024-02-25 09:58:13", "elapsed": 397.483427, "delta": 2.035495}}
{"target": 4.124282602784902, "params": {"u": 6.459871362739118, "v": 12.07839855659313, "w": 9.103589229057283, "x": 1.7207817331005568, "y": 1.520890504786018}, "datetime": {"datetime": "2024-02-25 09:58:14", "elapsed": 399.273622, "delta": 1.790195}}
{"target": -0.008742946756089385, "params": {"u": 11.430811036790711, "v": 11.653841320868935, "w": 9.501922562797041, "x": 5.806137135684518, "y": 3.518784438580314}, "datetime": {"datetime": "2024-02-25 09:58:17", "elapsed": 401.404039, "delta": 2.130417}}
{"target": 0.0013235604845783539, "params": {"u": 8.568544104544289, "v": 8.526978057194738, "w": 6.4023074830375215, "x": 2.5414445644045016, "y": 1.4619240683635708}, "datetime": {"datetime": "2024-02-25 09:58:19", "elapsed": 403.446163, "delta": 2.042124}}
{"target": 2.8113702997525247, "params": {"u": 7.111337613840471, "v": 12.840241027183449, "w": 11.165121870998373, "x": 1.701162130250362, "y": 2.293220287555328}, "datetime": {"datetime": "2024-02-25 09:58:22", "elapsed": 407.290716, "delta": 3.844553}}
{"target": 3.6598442303358745, "params": {"u": 6.888412210334899, "v": 12.703742730530985, "w": 9.551597832787424, "x": 1.5640431218259627, "y": 1.381783065004975}, "datetime": {"datetime": "2024-02-25 09:58:25", "elapsed": 409.558309, "delta": 2.267593}}
{"target": 4.36852168001722, "params": {"u": 6.393310316430735, "v": 12.482503176533825, "w": 10.139666981467919, "x": 1.8437457148525866, "y": 1.6127764258537847}, "datetime": {"datetime": "2024-02-25 09:58:27", "elapsed": 412.031533, "delta": 2.473224}}
{"target": -0.0600410230465766, "params": {"u": 8.617436859154461, "v": 1.4522481712921866, "w": 4.339366892277708, "x": 7.414120506254654, "y": 1.0965615286430832}, "datetime": {"datetime": "2024-02-25 09:58:29", "elapsed": 413.377539, "delta": 1.346006}}
{"target": -0.028634205377737126, "params": {"u": 2.2504170655861397, "v": 7.800596034163247, "w": 8.208071816091849, "x": 1.8581787924372366, "y": 2.1196042178150964}, "datetime": {"datetime": "2024-02-25 09:58:30", "elapsed": 415.323907, "delta": 1.946368}}
{"target": 0.11458194737155741, "params": {"u": 6.3066722764778955, "v": 3.046424072014944, "w": 6.158933638405838, "x": 4.9644547265139325, "y": 4.363087833513496}, "datetime": {"datetime": "2024-02-25 09:58:33", "elapsed": 417.876882, "delta": 2.552975}}
{"target": 3.7440274452483853, "params": {"u": 6.287060375628206, "v": 12.585887626816158, "w": 9.548685522502062, "x": 2.6136298913769953, "y": 2.5524339257591184}, "datetime": {"datetime": "2024-02-25 09:58:35", "elapsed": 419.998479, "delta": 2.121597}}
{"target": -0.04954180885373676, "params": {"u": 3.1150324946962207, "v": 3.3792716762579786, "w": 11.400537535167123, "x": 4.568103856723886, "y": 1.51350924139149}, "datetime": {"datetime": "2024-02-25 09:58:37", "elapsed": 421.72554, "delta": 1.727061}}
{"target": 5.033267595750592, "params": {"u": 7.533884262745315, "v": 12.444703837194469, "w": 10.497170470516576, "x": 2.0838142771850867, "y": 2.268090537197474}, "datetime": {"datetime": "2024-02-25 09:58:40", "elapsed": 424.823402, "delta": 3.097862}}
{"target": 1.760688358502734, "params": {"u": 7.9841722506916195, "v": 12.106753943871075, "w": 9.64457429344424, "x": 2.8761599289014432, "y": 2.252351512064201}, "datetime": {"datetime": "2024-02-25 09:58:43", "elapsed": 427.453372, "delta": 2.62997}}
{"target": 4.21491314239931, "params": {"u": 6.042129574018563, "v": 12.193289506114123, "w": 9.242774388145953, "x": 1.9660720378233707, "y": 1.571154865637179}, "datetime": {"datetime": "2024-02-25 09:58:45", "elapsed": 430.135497, "delta": 2.682125}}
{"target": -0.010957722989313062, "params": {"u": 7.338775316721957, "v": 11.5743805145093, "w": 9.142347743361874, "x": 1.4229650110812884, "y": 1.5881393106496613}, "datetime": {"datetime": "2024-02-25 09:58:48", "elapsed": 432.531514, "delta": 2.396017}}
{"target": 1.7264533630780736, "params": {"u": 6.7463308099777155, "v": 12.929041733452515, "w": 11.165298782185943, "x": 0.8828574467255506, "y": 0.9328474799689331}, "datetime": {"datetime": "2024-02-25 09:58:51", "elapsed": 436.080283, "delta": 3.548769}}
{"target": -0.1429432660804807, "params": {"u": 7.810443427362143, "v": 12.295658394906587, "w": 10.862007213964691, "x": 1.867323639838557, "y": 2.6760960527503914}, "datetime": {"datetime": "2024-02-25 09:58:54", "elapsed": 439.001698, "delta": 2.921415}}
{"target": 4.915712939372243, "params": {"u": 7.31889878285746, "v": 12.409670357999486, "w": 11.1483153166275, "x": 2.160717494636197, "y": 2.1513909687868873}, "datetime": {"datetime": "2024-02-25 09:59:00", "elapsed": 444.788602, "delta": 5.786904}}
{"target": 3.899059176591514, "params": {"u": 6.589909200018591, "v": 12.384281477465445, "w": 9.23678831472044, "x": 1.589621455337363, "y": 1.7881430697840683}, "datetime": {"datetime": "2024-02-25 09:59:03", "elapsed": 448.077649, "delta": 3.289047}}
{"target": 2.0776838647752025, "params": {"u": 7.334902916250216, "v": 12.530991980762693, "w": 10.363206073702317, "x": 2.4882694617736707, "y": 1.3814539624469522}, "datetime": {"datetime": "2024-02-25 09:59:07", "elapsed": 451.966917, "delta": 3.889268}}
{"target": 4.51755741432824, "params": {"u": 7.5899258300488395, "v": 12.319551561066575, "w": 10.145057355461846, "x": 2.2894987538556753, "y": 2.1599383586459084}, "datetime": {"datetime": "2024-02-25 09:59:11", "elapsed": 455.97421, "delta": 4.007293}}
{"target": 3.0400742512636914, "params": {"u": 7.770078216129871, "v": 12.549703198126469, "w": 10.725464925996869, "x": 2.5930793716704637, "y": 2.1923508237862506}, "datetime": {"datetime": "2024-02-25 09:59:16", "elapsed": 460.725237, "delta": 4.751027}}
{"target": -0.020464314037315856, "params": {"u": 6.414385369865089, "v": 11.940113890825346, "w": 9.543847853484555, "x": 1.7522596015455023, "y": 1.6580295091406143}, "datetime": {"datetime": "2024-02-25 09:59:19", "elapsed": 463.929477, "delta": 3.20424}}
{"target": 0.4327465798606926, "params": {"u": 7.9364685999573865, "v": 12.89243399418104, "w": 10.586427631549366, "x": 5.235999405047394, "y": 2.2085730885946595}, "datetime": {"datetime": "2024-02-25 09:59:21", "elapsed": 465.981877, "delta": 2.0524}}
{"target": 5.022364208397973, "params": {"u": 6.400279645786004, "v": 12.636523223979012, "w": 9.873731236701113, "x": 2.165335379393991, "y": 2.2767480130580786}, "datetime": {"datetime": "2024-02-25 09:59:23", "elapsed": 468.313475, "delta": 2.331598}}
{"target": 4.61111413340323, "params": {"u": 7.29957866644075, "v": 12.675948394831877, "w": 10.181384036818827, "x": 2.284453573659643, "y": 2.196621983675188}, "datetime": {"datetime": "2024-02-25 09:59:26", "elapsed": 470.464151, "delta": 2.150676}}
{"target": 4.142448569836789, "params": {"u": 7.490511165866161, "v": 12.639999845376096, "w": 9.382758307304154, "x": 2.539877922939054, "y": 2.5647027689968716}, "datetime": {"datetime": "2024-02-25 09:59:28", "elapsed": 472.77024, "delta": 2.306089}}
{"target": 2.5795177635518662, "params": {"u": 6.266109926043878, "v": 12.730100528510205, "w": 9.396528781797894, "x": 2.78635345578555, "y": 2.4602100949558032}, "datetime": {"datetime": "2024-02-25 09:59:30", "elapsed": 474.419535, "delta": 1.649295}}
{"target": 4.543574534670127, "params": {"u": 6.058227639964153, "v": 12.637557578234514, "w": 11.106685942406777, "x": 2.112371982603544, "y": 1.87898761281608}, "datetime": {"datetime": "2024-02-25 09:59:32", "elapsed": 476.742985, "delta": 2.32345}}
{"target": 4.2516829936752, "params": {"u": 6.386112428452817, "v": 12.54527543020612, "w": 9.176607052585535, "x": 1.9925446456338407, "y": 1.6101719653391426}, "datetime": {"datetime": "2024-02-25 09:59:36", "elapsed": 480.706111, "delta": 3.963126}}
{"target": 3.60939047134961, "params": {"u": 6.600110522258938, "v": 12.226066557321133, "w": 10.653465101601613, "x": 2.356518003738029, "y": 1.8978367759012824}, "datetime": {"datetime": "2024-02-25 09:59:38", "elapsed": 483.237513, "delta": 2.531402}}
