{"target": -0.6346765199814619, "params": {"colsample_bytree": 0.9312709213080306, "learning_rate": 0.391463241943661, "max_bin_exp": 9.94283725315928, "max_depth": 4.488258726526743, "n_estimators": 2254.8837423231216, "reg_alpha": 0.8697234054813628, "reg_lambda": 2.3176517678706983}, "datetime": {"datetime": "2024-02-19 13:24:49", "elapsed": 592.254087, "delta": 2.324694}}
{"target": -1.451286372147371, "params": {"colsample_bytree": 0.5670051554863165, "learning_rate": 0.49032282038498287, "max_bin_exp": 4.200638867099113, "max_depth": 2.3863550255229597, "n_estimators": 2168.7258371305356, "reg_alpha": 0.7680825102813247, "reg_lambda": 1.991649055580814}, "datetime": {"datetime": "2024-02-19 13:24:50", "elapsed": 593.245128, "delta": 0.991041}}
{"target": -0.6372683106667844, "params": {"colsample_bytree": 0.9696328705220651, "learning_rate": 0.31657332362417284, "max_bin_exp": 8.126999165858228, "max_depth": 5.815054042619619, "n_estimators": 2250.7630058696004, "reg_alpha": 0.11570428783769715, "reg_lambda": 1.735466066351175}, "datetime": {"datetime": "2024-02-19 13:24:52", "elapsed": 595.35882, "delta": 2.113692}}
{"target": -0.913661906284667, "params": {"colsample_bytree": 0.2, "learning_rate": 0.5, "max_bin_exp": 10.0, "max_depth": 4.185503674205629, "n_estimators": 2192.937891273854, "reg_alpha": 0.0, "reg_lambda": 0.0}, "datetime": {"datetime": "2024-02-19 13:24:54", "elapsed": 597.419282, "delta": 2.060462}}
{"target": -0.5998833133069974, "params": {"colsample_bytree": 0.9562983818836821, "learning_rate": 0.055257480818521484, "max_bin_exp": 9.979483254440556, "max_depth": 5.760910995324959, "n_estimators": 2166.9970169125, "reg_alpha": 2.1169170198555634, "reg_lambda": 0.2373762340592791}, "datetime": {"datetime": "2024-02-19 13:24:57", "elapsed": 600.428715, "delta": 3.009433}}
{"target": -0.790176319428996, "params": {"colsample_bytree": 0.4534995929530003, "learning_rate": 0.12086053103192482, "max_bin_exp": 5.839581764246293, "max_depth": 5.989852913343798, "n_estimators": 2243.38900721269, "reg_alpha": 0.1776175632790249, "reg_lambda": 0.262494159731011}, "datetime": {"datetime": "2024-02-19 13:24:59", "elapsed": 602.728932, "delta": 2.300217}}
{"target": -0.7043297995159487, "params": {"colsample_bytree": 0.9414378896390612, "learning_rate": 0.3007479473543453, "max_bin_exp": 7.203948503672644, "max_depth": 5.800711933022447, "n_estimators": 2170.970457596268, "reg_alpha": 2.8320417722027047, "reg_lambda": 0.04126047425678703}, "datetime": {"datetime": "2024-02-19 13:25:01", "elapsed": 604.810143, "delta": 2.081211}}
{"target": -0.8154985834408289, "params": {"colsample_bytree": 0.7105239467669817, "learning_rate": 0.3181417270141724, "max_bin_exp": 5.509188601388775, "max_depth": 2.391920702167292, "n_estimators": 2023.991475180564, "reg_alpha": 2.621400036261476, "reg_lambda": 0.9357375718453095}, "datetime": {"datetime": "2024-02-19 13:25:02", "elapsed": 605.939894, "delta": 1.129751}}
{"target": -1.1124744708108962, "params": {"colsample_bytree": 0.802470159307969, "learning_rate": 0.37041093969912897, "max_bin_exp": 4.414526413519222, "max_depth": 4.19117803821935, "n_estimators": 2020.4590819463779, "reg_alpha": 2.3865133879832854, "reg_lambda": 0.47791265942134453}, "datetime": {"datetime": "2024-02-19 13:25:04", "elapsed": 607.814768, "delta": 1.874874}}
{"target": -0.9668937042814266, "params": {"colsample_bytree": 0.4456114650752605, "learning_rate": 0.4582683742739002, "max_bin_exp": 9.152684900237134, "max_depth": 1.3100792798998682, "n_estimators": 4744.601078085825, "reg_alpha": 0.47774554399643554, "reg_lambda": 2.9643315681395483}, "datetime": {"datetime": "2024-02-19 13:25:06", "elapsed": 609.79407, "delta": 1.979302}}
{"target": -0.8882622259401484, "params": {"colsample_bytree": 0.24176282224492676, "learning_rate": 0.36419920392765753, "max_bin_exp": 7.3725530578928185, "max_depth": 5.408089987655974, "n_estimators": 2172.7047803319, "reg_alpha": 2.954142330046651, "reg_lambda": 2.3087001235301594}, "datetime": {"datetime": "2024-02-19 13:25:09", "elapsed": 612.191815, "delta": 2.397745}}
{"target": -0.6947485502953594, "params": {"colsample_bytree": 0.8226743564852645, "learning_rate": 0.3810694396372125, "max_bin_exp": 6.681184176608097, "max_depth": 3.2725139766029203, "n_estimators": 2027.5095774546453, "reg_alpha": 0.9360112752665762, "reg_lambda": 2.2172487655565547}, "datetime": {"datetime": "2024-02-19 13:25:10", "elapsed": 613.498298, "delta": 1.306483}}
{"target": -0.8294126945897333, "params": {"colsample_bytree": 0.42011087662464447, "learning_rate": 0.3760773880032496, "max_bin_exp": 7.30272352359706, "max_depth": 5.62323132823377, "n_estimators": 2025.0822741428565, "reg_alpha": 1.2622743046081135, "reg_lambda": 1.0659745179659108}, "datetime": {"datetime": "2024-02-19 13:25:12", "elapsed": 615.655976, "delta": 2.157678}}
{"target": -1.2520180843396893, "params": {"colsample_bytree": 0.6938436875547911, "learning_rate": 0.47506637997106316, "max_bin_exp": 8.602582744429828, "max_depth": 1.2572459699576057, "n_estimators": 2026.3066211214943, "reg_alpha": 0.3611815191114274, "reg_lambda": 0.5030631616157205}, "datetime": {"datetime": "2024-02-19 13:25:13", "elapsed": 616.743593, "delta": 1.087617}}
{"target": -0.6487454224679261, "params": {"colsample_bytree": 1.0, "learning_rate": 0.5, "max_bin_exp": 8.683765007272301, "max_depth": 6.0, "n_estimators": 4993.320809696929, "reg_alpha": 0.0, "reg_lambda": 1.6615916660021013}, "datetime": {"datetime": "2024-02-19 13:25:20", "elapsed": 623.295105, "delta": 6.551512}}
{"target": -1.0168508031809085, "params": {"colsample_bytree": 0.39786889208334986, "learning_rate": 0.17414551393745678, "max_bin_exp": 5.85579069947736, "max_depth": 2.132221584021858, "n_estimators": 2030.8422803152666, "reg_alpha": 2.311644645535135, "reg_lambda": 2.724717368272986}, "datetime": {"datetime": "2024-02-19 13:25:21", "elapsed": 624.451118, "delta": 1.156013}}
{"target": -1.075402962394068, "params": {"colsample_bytree": 1.0, "learning_rate": 0.2868697684374812, "max_bin_exp": 4.15655531520138, "max_depth": 4.786887455265449, "n_estimators": 2026.3786067093122, "reg_alpha": 2.4644884319529066, "reg_lambda": 3.0}, "datetime": {"datetime": "2024-02-19 13:25:23", "elapsed": 626.101051, "delta": 1.649933}}
{"target": -0.6296949783044963, "params": {"colsample_bytree": 0.9853467807054301, "learning_rate": 0.12853615565637247, "max_bin_exp": 9.170092277218448, "max_depth": 3.9026433329917634, "n_estimators": 2029.7134253999143, "reg_alpha": 2.120999448683609, "reg_lambda": 0.36080310265398996}, "datetime": {"datetime": "2024-02-19 13:25:24", "elapsed": 627.898366, "delta": 1.797315}}
{"target": -0.9075292643185027, "params": {"colsample_bytree": 0.22989276459595276, "learning_rate": 0.4892079874341038, "max_bin_exp": 8.762088052108778, "max_depth": 5.902631280443201, "n_estimators": 2031.1878815544824, "reg_alpha": 2.861324523530575, "reg_lambda": 1.6720868109959808}, "datetime": {"datetime": "2024-02-19 13:25:26", "elapsed": 629.886274, "delta": 1.987908}}
{"target": -0.7207359069753415, "params": {"colsample_bytree": 0.4597078686638516, "learning_rate": 0.42551282828402687, "max_bin_exp": 8.858783082106969, "max_depth": 2.625909243071023, "n_estimators": 2031.422786204682, "reg_alpha": 0.02352661111686949, "reg_lambda": 1.3859005381678493}, "datetime": {"datetime": "2024-02-19 13:25:28", "elapsed": 631.14248, "delta": 1.256206}}
{"target": -0.6926420160023835, "params": {"colsample_bytree": 0.941898185118131, "learning_rate": 0.4584517022786184, "max_bin_exp": 9.681911362899427, "max_depth": 3.678125234621917, "n_estimators": 2035.632044067972, "reg_alpha": 1.9503383966670005, "reg_lambda": 2.120315300159646}, "datetime": {"datetime": "2024-02-19 13:25:30", "elapsed": 633.345141, "delta": 2.202661}}
{"target": -0.6859876574969104, "params": {"colsample_bytree": 0.7768554653279587, "learning_rate": 0.2915239300569226, "max_bin_exp": 6.195330446087474, "max_depth": 4.240803025020241, "n_estimators": 2034.3020521710182, "reg_alpha": 0.4691306904608613, "reg_lambda": 2.9958846884899786}, "datetime": {"datetime": "2024-02-19 13:25:31", "elapsed": 634.969084, "delta": 1.623943}}
{"target": -1.8473499791078154, "params": {"colsample_bytree": 1.0, "learning_rate": 0.001, "max_bin_exp": 9.077657529435498, "max_depth": 5.2360093304515285, "n_estimators": 2028.9263572157595, "reg_alpha": 0.0, "reg_lambda": 2.7949349594294444}, "datetime": {"datetime": "2024-02-19 13:25:34", "elapsed": 637.917128, "delta": 2.948044}}
{"target": -0.7616079167665298, "params": {"colsample_bytree": 0.3499812436897587, "learning_rate": 0.43391152858536475, "max_bin_exp": 7.175302106676334, "max_depth": 3.680548588344113, "n_estimators": 2035.151894882134, "reg_alpha": 0.22950309200765762, "reg_lambda": 0.11650409676907314}, "datetime": {"datetime": "2024-02-19 13:25:36", "elapsed": 639.395459, "delta": 1.478331}}
{"target": -0.7012047677598282, "params": {"colsample_bytree": 1.0, "learning_rate": 0.3041422312237124, "max_bin_exp": 9.007615328376536, "max_depth": 2.747712631861883, "n_estimators": 2032.8235664297547, "reg_alpha": 2.8495746107508046, "reg_lambda": 0.0}, "datetime": {"datetime": "2024-02-19 13:25:37", "elapsed": 640.75478, "delta": 1.359321}}
{"target": -0.7418929784873028, "params": {"colsample_bytree": 0.9029943379002425, "learning_rate": 0.18352399948084183, "max_bin_exp": 5.178382274315564, "max_depth": 4.845819743193416, "n_estimators": 2037.4949999084606, "reg_alpha": 1.7083694232878313, "reg_lambda": 2.817691654143875}, "datetime": {"datetime": "2024-02-19 13:25:39", "elapsed": 642.627738, "delta": 1.872958}}
{"target": -0.6471706643567561, "params": {"colsample_bytree": 1.0, "learning_rate": 0.5, "max_bin_exp": 8.15318221746054, "max_depth": 6.0, "n_estimators": 2184.3148429021776, "reg_alpha": 3.0, "reg_lambda": 3.0}, "datetime": {"datetime": "2024-02-19 13:25:42", "elapsed": 645.361778, "delta": 2.73404}}
{"target": -1.3861784876691396, "params": {"colsample_bytree": 0.915689650381686, "learning_rate": 0.3453028623175768, "max_bin_exp": 4.2702068497968595, "max_depth": 2.3448601855554982, "n_estimators": 2035.1164381553956, "reg_alpha": 1.8454369727942341, "reg_lambda": 1.2623756869943528}, "datetime": {"datetime": "2024-02-19 13:25:43", "elapsed": 646.650756, "delta": 1.288978}}
{"target": -1.4151935478519304, "params": {"colsample_bytree": 1.0, "learning_rate": 0.001, "max_bin_exp": 10.0, "max_depth": 6.0, "n_estimators": 2167.241784907829, "reg_alpha": 3.0, "reg_lambda": 3.0}, "datetime": {"datetime": "2024-02-19 13:25:47", "elapsed": 650.174518, "delta": 3.523762}}
{"target": -0.6226709989347928, "params": {"colsample_bytree": 0.9245433052821299, "learning_rate": 0.26319582367088185, "max_bin_exp": 8.421159238379424, "max_depth": 5.828928944929121, "n_estimators": 2034.7607702455252, "reg_alpha": 2.6199265341875195, "reg_lambda": 2.3539269834678502}, "datetime": {"datetime": "2024-02-19 13:25:49", "elapsed": 652.649738, "delta": 2.47522}}
{"target": -0.6166342549368821, "params": {"colsample_bytree": 0.9766844943253827, "learning_rate": 0.17249902349648755, "max_bin_exp": 9.645141624996988, "max_depth": 4.28395356948187, "n_estimators": 2033.7908286333623, "reg_alpha": 0.5605275397231695, "reg_lambda": 0.6811084618980499}, "datetime": {"datetime": "2024-02-19 13:25:51", "elapsed": 654.709192, "delta": 2.059454}}
{"target": -0.6237850194484905, "params": {"colsample_bytree": 0.7251039579999232, "learning_rate": 0.1703131899182004, "max_bin_exp": 8.587856041820418, "max_depth": 5.689112708383089, "n_estimators": 2038.6396668667662, "reg_alpha": 2.007877586935342, "reg_lambda": 1.5168422008108702}, "datetime": {"datetime": "2024-02-19 13:25:54", "elapsed": 657.065489, "delta": 2.356297}}
{"target": -0.8393754634298494, "params": {"colsample_bytree": 0.24066848435019805, "learning_rate": 0.31056685757881664, "max_bin_exp": 9.33693536911161, "max_depth": 2.957043997587979, "n_estimators": 2038.6270470438417, "reg_alpha": 0.8025651919151634, "reg_lambda": 2.0829417496841014}, "datetime": {"datetime": "2024-02-19 13:25:55", "elapsed": 658.490496, "delta": 1.425007}}
{"target": -0.6589649871516743, "params": {"colsample_bytree": 0.777145569513505, "learning_rate": 0.15227573664727756, "max_bin_exp": 6.5988384319855315, "max_depth": 4.425568527894088, "n_estimators": 2040.3071918049002, "reg_alpha": 0.8558683532586615, "reg_lambda": 0.3532466409887899}, "datetime": {"datetime": "2024-02-19 13:25:57", "elapsed": 660.203679, "delta": 1.713183}}
{"target": -0.7593558523308648, "params": {"colsample_bytree": 0.36565343292824154, "learning_rate": 0.3759302217978908, "max_bin_exp": 9.653929748362769, "max_depth": 4.6875299617673845, "n_estimators": 2042.6802944825777, "reg_alpha": 1.2402287920312365, "reg_lambda": 0.20853078405229197}, "datetime": {"datetime": "2024-02-19 13:25:59", "elapsed": 662.635823, "delta": 2.432144}}
{"target": -4.150952370539078, "params": {"colsample_bytree": 0.2, "learning_rate": 0.001, "max_bin_exp": 10.0, "max_depth": 4.786714762347526, "n_estimators": 2265.018498202407, "reg_alpha": 3.0, "reg_lambda": 3.0}, "datetime": {"datetime": "2024-02-19 13:26:01", "elapsed": 664.752378, "delta": 2.116555}}
{"target": -0.6840048300936654, "params": {"colsample_bytree": 1.0, "learning_rate": 0.5, "max_bin_exp": 10.0, "max_depth": 6.0, "n_estimators": 4715.33900507196, "reg_alpha": 3.0, "reg_lambda": 0.18558782149340627}, "datetime": {"datetime": "2024-02-19 13:26:08", "elapsed": 671.692281, "delta": 6.939903}}
{"target": -0.6938616823578743, "params": {"colsample_bytree": 0.5683943732999808, "learning_rate": 0.4554218410482102, "max_bin_exp": 9.85841895455593, "max_depth": 5.879865495252975, "n_estimators": 2036.6361188433739, "reg_alpha": 0.6916880066958729, "reg_lambda": 2.9237876556125624}, "datetime": {"datetime": "2024-02-19 13:26:11", "elapsed": 674.209062, "delta": 2.516781}}
{"target": -0.6410899121807321, "params": {"colsample_bytree": 0.8752364191207809, "learning_rate": 0.13057018021344044, "max_bin_exp": 6.248410272414883, "max_depth": 5.567540997195488, "n_estimators": 2043.2515378597084, "reg_alpha": 2.280615535096819, "reg_lambda": 2.40953007872937}, "datetime": {"datetime": "2024-02-19 13:26:13", "elapsed": 676.525306, "delta": 2.316244}}
{"target": -0.7267235595647952, "params": {"colsample_bytree": 1.0, "learning_rate": 0.5, "max_bin_exp": 8.268910032929277, "max_depth": 4.089644184362547, "n_estimators": 2168.428772577187, "reg_alpha": 3.0, "reg_lambda": 0.0}, "datetime": {"datetime": "2024-02-19 13:26:15", "elapsed": 678.542742, "delta": 2.017436}}
{"target": -0.841933478967584, "params": {"colsample_bytree": 0.5451096765199817, "learning_rate": 0.4091114304839156, "max_bin_exp": 5.361028053851273, "max_depth": 5.324818699022997, "n_estimators": 2041.735215850269, "reg_alpha": 0.3843198682203016, "reg_lambda": 2.4837628066918436}, "datetime": {"datetime": "2024-02-19 13:26:17", "elapsed": 680.452701, "delta": 1.909959}}
{"target": -0.7464709959514036, "params": {"colsample_bytree": 0.763712348761538, "learning_rate": 0.4753753487147017, "max_bin_exp": 6.974497581432627, "max_depth": 5.832767933764785, "n_estimators": 2045.7284463319245, "reg_alpha": 0.40853931648475283, "reg_lambda": 0.09335807546185959}, "datetime": {"datetime": "2024-02-19 13:26:19", "elapsed": 682.726901, "delta": 2.2742}}
{"target": -0.6183062072762182, "params": {"colsample_bytree": 0.7460943354834395, "learning_rate": 0.03352349210992291, "max_bin_exp": 8.690310464288238, "max_depth": 4.233255237208924, "n_estimators": 2268.185848331303, "reg_alpha": 0.9088507442056912, "reg_lambda": 0.11620011799762886}, "datetime": {"datetime": "2024-02-19 13:26:21", "elapsed": 684.581807, "delta": 1.854906}}
{"target": -0.6607275630866731, "params": {"colsample_bytree": 0.5828131037600098, "learning_rate": 0.12013067569262738, "max_bin_exp": 7.299172130108336, "max_depth": 5.612979909595304, "n_estimators": 2265.7914684136063, "reg_alpha": 0.3885311578409928, "reg_lambda": 0.1426214619030577}, "datetime": {"datetime": "2024-02-19 13:26:23", "elapsed": 686.946588, "delta": 2.364781}}
{"target": -0.703772439422228, "params": {"colsample_bytree": 0.8175335739340561, "learning_rate": 0.4643759131691534, "max_bin_exp": 7.201981269759333, "max_depth": 2.7996827021006423, "n_estimators": 2042.0448652398657, "reg_alpha": 2.7891404322963433, "reg_lambda": 2.869339405467875}, "datetime": {"datetime": "2024-02-19 13:26:25", "elapsed": 688.358194, "delta": 1.411606}}
{"target": -0.6555719934193297, "params": {"colsample_bytree": 0.5623129850327082, "learning_rate": 0.30785852689946935, "max_bin_exp": 9.388747495612595, "max_depth": 5.036737338169939, "n_estimators": 2045.2068476832253, "reg_alpha": 1.9708572821017363, "reg_lambda": 2.4086778508996054}, "datetime": {"datetime": "2024-02-19 13:26:28", "elapsed": 691.185834, "delta": 2.82764}}
{"target": -0.6703306612902393, "params": {"colsample_bytree": 0.7475855254158512, "learning_rate": 0.27511432728705454, "max_bin_exp": 8.040770915755136, "max_depth": 3.088034542709914, "n_estimators": 2044.146156914502, "reg_alpha": 2.021522929897968, "reg_lambda": 0.3871315608585849}, "datetime": {"datetime": "2024-02-19 13:26:29", "elapsed": 692.951787, "delta": 1.765953}}
{"target": -0.6761922157613695, "params": {"colsample_bytree": 0.9480400779446327, "learning_rate": 0.2588032268607967, "max_bin_exp": 7.376215401500929, "max_depth": 3.477005015930878, "n_estimators": 2047.7945234138474, "reg_alpha": 1.766369689644384, "reg_lambda": 1.6657066738478314}, "datetime": {"datetime": "2024-02-19 13:26:31", "elapsed": 694.647996, "delta": 1.696209}}
{"target": -2.8817725963983043, "params": {"colsample_bytree": 0.23693906072833767, "learning_rate": 0.018827699298134146, "max_bin_exp": 5.823161494987435, "max_depth": 2.9146024000126927, "n_estimators": 2045.9465586057158, "reg_alpha": 0.9818735163368743, "reg_lambda": 2.3262047780637465}, "datetime": {"datetime": "2024-02-19 13:26:32", "elapsed": 695.739013, "delta": 1.091017}}
{"target": -0.6548800794903483, "params": {"colsample_bytree": 1.0, "learning_rate": 0.5, "max_bin_exp": 10.0, "max_depth": 6.0, "n_estimators": 2183.0820053865373, "reg_alpha": 0.2004089582226927, "reg_lambda": 0.6076137285450957}, "datetime": {"datetime": "2024-02-19 13:26:36", "elapsed": 699.139446, "delta": 3.400433}}
{"target": -0.6067039467515044, "params": {"colsample_bytree": 0.826096957307829, "learning_rate": 0.18113819126316277, "max_bin_exp": 9.864009666617878, "max_depth": 4.537640166875918, "n_estimators": 2042.2139269176703, "reg_alpha": 2.9760843096922778, "reg_lambda": 2.344987485232031}, "datetime": {"datetime": "2024-02-19 13:26:38", "elapsed": 701.225529, "delta": 2.086083}}
{"target": -0.6207738674449741, "params": {"colsample_bytree": 0.8467949326456223, "learning_rate": 0.15261793419746422, "max_bin_exp": 9.639962952145005, "max_depth": 4.9274660030207444, "n_estimators": 2049.3128929779814, "reg_alpha": 2.1532298832693386, "reg_lambda": 0.39902845500262185}, "datetime": {"datetime": "2024-02-19 13:26:40", "elapsed": 703.200522, "delta": 1.974993}}
{"target": -0.8810854831288253, "params": {"colsample_bytree": 0.26322390099646314, "learning_rate": 0.12165521962510537, "max_bin_exp": 7.009975642468747, "max_depth": 5.021401903076293, "n_estimators": 2040.8316808442626, "reg_alpha": 2.305104646444434, "reg_lambda": 2.128470514709927}, "datetime": {"datetime": "2024-02-19 13:26:42", "elapsed": 705.188564, "delta": 1.988042}}
{"target": -0.7267235595647952, "params": {"colsample_bytree": 1.0, "learning_rate": 0.5, "max_bin_exp": 8.761167241371826, "max_depth": 4.7989919366764155, "n_estimators": 2046.5919402789036, "reg_alpha": 3.0, "reg_lambda": 0.0}, "datetime": {"datetime": "2024-02-19 13:26:44", "elapsed": 707.253926, "delta": 2.065362}}
{"target": -0.6846356432034193, "params": {"colsample_bytree": 0.6737647368377375, "learning_rate": 0.201801107574931, "max_bin_exp": 6.594242324287813, "max_depth": 5.995656967148935, "n_estimators": 2049.997393571168, "reg_alpha": 1.0142300189601663, "reg_lambda": 1.6273305498008646}, "datetime": {"datetime": "2024-02-19 13:26:46", "elapsed": 709.800561, "delta": 2.546635}}
{"target": -0.6722416360176848, "params": {"colsample_bytree": 0.42730012795717087, "learning_rate": 0.19225739811125925, "max_bin_exp": 9.000520412875364, "max_depth": 3.346348421876167, "n_estimators": 2050.2454680351757, "reg_alpha": 2.9387220581612303, "reg_lambda": 2.46966161485429}, "datetime": {"datetime": "2024-02-19 13:26:48", "elapsed": 711.425249, "delta": 1.624688}}
{"target": -0.6052207123074461, "params": {"colsample_bytree": 0.935431058766292, "learning_rate": 0.11782361474055814, "max_bin_exp": 9.815357908934832, "max_depth": 4.375546091382703, "n_estimators": 2051.9370251866894, "reg_alpha": 1.4464016464528067, "reg_lambda": 1.4795880449074859}, "datetime": {"datetime": "2024-02-19 13:26:50", "elapsed": 713.498558, "delta": 2.073309}}
{"target": -1.5026147711069917, "params": {"colsample_bytree": 0.7984573753495878, "learning_rate": 0.29849277421270587, "max_bin_exp": 6.792014353077452, "max_depth": 1.5175911994196936, "n_estimators": 2050.501055252385, "reg_alpha": 1.4205393757466167, "reg_lambda": 0.8685835037553933}, "datetime": {"datetime": "2024-02-19 13:26:51", "elapsed": 714.489537, "delta": 0.990979}}
{"target": -0.7173032898205773, "params": {"colsample_bytree": 0.5770375614028677, "learning_rate": 0.4509845247219867, "max_bin_exp": 9.415887308478265, "max_depth": 2.245992999579964, "n_estimators": 2047.3972327574618, "reg_alpha": 2.7603537194511074, "reg_lambda": 1.4120500927546655}, "datetime": {"datetime": "2024-02-19 13:26:52", "elapsed": 715.827922, "delta": 1.338385}}
