{"target": 0.19752710266361276, "params": {"u": 0.6735509009310248, "v": 9.575519490409905, "x": 0.6399787226265152, "y": 6.0240212138888865}, "datetime": {"datetime": "2024-02-27 10:36:42", "elapsed": 183.402057, "delta": 1.311875}}
{"target": 1.4304957247535552, "params": {"u": 4.456169252154854, "v": 3.8388179895360963, "x": 3.797503623993197, "y": 3.825684435790697}, "datetime": {"datetime": "2024-02-27 10:36:44", "elapsed": 185.71355, "delta": 2.311493}}
{"target": 0.1893857626014506, "params": {"u": 1.8595928974790588, "v": 9.077267060062965, "x": 3.1769335482189573, "y": 3.081517974171307}, "datetime": {"datetime": "2024-02-27 10:36:46", "elapsed": 187.252665, "delta": 1.539115}}
{"target": 0.3365145789782398, "params": {"u": 4.782255615350406, "v": 4.2623049922526715, "x": 5.294102926659305, "y": 8.244617493170377}, "datetime": {"datetime": "2024-02-27 10:36:47", "elapsed": 188.694674, "delta": 1.442009}}
{"target": 0.3062071511079575, "params": {"u": 0.7648875711981196, "v": 8.742855914276864, "x": 1.3803322622277836, "y": 8.409482074317259}, "datetime": {"datetime": "2024-02-27 10:36:48", "elapsed": 189.629045, "delta": 0.934371}}
{"target": 0.1528810856191589, "params": {"u": 9.684209581609093, "v": 3.9360076905879557, "x": 0.035885356999739715, "y": 5.8403591845640745}, "datetime": {"datetime": "2024-02-27 10:36:49", "elapsed": 190.697507, "delta": 1.068462}}
{"target": 0.3580396827276635, "params": {"u": 6.4369390472032695, "v": 9.71313472543639, "x": 6.1254492328667265, "y": 7.3849719783018255}, "datetime": {"datetime": "2024-02-27 10:36:50", "elapsed": 191.703416, "delta": 1.005909}}
{"target": 0.29553710937508804, "params": {"u": 9.638881878891485, "v": 4.462895138604319, "x": 9.547001102271578, "y": 3.961719027063558}, "datetime": {"datetime": "2024-02-27 10:36:51", "elapsed": 192.537587, "delta": 0.834171}}
{"target": 0.25285844731797813, "params": {"u": 3.9786065964030746, "v": 0.10281123853181473, "x": 0.09381485483909602, "y": 2.623876337165487}, "datetime": {"datetime": "2024-02-27 10:36:53", "elapsed": 194.714957, "delta": 2.17737}}
{"target": 0.13630930071492897, "params": {"u": 6.199679179022601, "v": 0.20443459294466337, "x": 3.545406186857961, "y": 9.847746682858883}, "datetime": {"datetime": "2024-02-27 10:36:54", "elapsed": 195.617669, "delta": 0.902712}}
{"target": 0.20822478314018605, "params": {"u": 7.6512263873451065, "v": 2.8265389391370466, "x": 0.39575810672775935, "y": 2.0948569951348137}, "datetime": {"datetime": "2024-02-27 10:36:54", "elapsed": 196.156651, "delta": 0.538982}}
{"target": 0.26035657042119237, "params": {"u": 7.330523058787309, "v": 1.384392984430416, "x": 2.569807071267638, "y": 0.4145110807604613}, "datetime": {"datetime": "2024-02-27 10:36:55", "elapsed": 196.893005, "delta": 0.736354}}
{"target": 3.886251097489444, "params": {"u": 4.434538115046759, "v": 4.813809074912455, "x": 3.806646769601855, "y": 4.39481457630492}, "datetime": {"datetime": "2024-02-27 10:36:57", "elapsed": 198.582015, "delta": 1.68901}}
{"target": 0.12806713566660163, "params": {"u": 9.968767728215628, "v": 2.1170564195325623, "x": 9.40058082786334, "y": 9.910775542403002}, "datetime": {"datetime": "2024-02-27 10:36:57", "elapsed": 199.107864, "delta": 0.525849}}
{"target": 1.2490180407333222, "params": {"u": 3.972192877419717, "v": 4.206161876291206, "x": 3.781346319258223, "y": 3.8663512372471107}, "datetime": {"datetime": "2024-02-27 10:36:58", "elapsed": 200.163084, "delta": 1.05522}}
{"target": 7.675167361477589, "params": {"u": 4.485370261143923, "v": 4.631680049500372, "x": 3.9541940332072856, "y": 3.804564802756566}, "datetime": {"datetime": "2024-02-27 10:37:01", "elapsed": 202.390272, "delta": 2.227188}}
{"target": 0.17758707648757074, "params": {"u": 6.216942749213532, "v": 9.963532741657236, "x": 0.2421317135487966, "y": 4.540649723313065}, "datetime": {"datetime": "2024-02-27 10:37:03", "elapsed": 204.335446, "delta": 1.945174}}
{"target": 0.19483725633238, "params": {"u": 0.3463804016120253, "v": 9.866260437236136, "x": 5.685855081057131, "y": 7.2092873688485435}, "datetime": {"datetime": "2024-02-27 10:37:05", "elapsed": 206.807786, "delta": 2.47234}}
{"target": 8.941475659093582, "params": {"u": 4.247933374284142, "v": 4.680085605220816, "x": 4.135888302406638, "y": 4.0273924926366265}, "datetime": {"datetime": "2024-02-27 10:37:07", "elapsed": 208.930425, "delta": 2.122639}}
{"target": 5.8165709627476865, "params": {"u": 4.383269731776968, "v": 4.765784823828453, "x": 3.706554742578793, "y": 3.9571882796804134}, "datetime": {"datetime": "2024-02-27 10:37:09", "elapsed": 211.116613, "delta": 2.186188}}
{"target": 0.21752400319236026, "params": {"u": 0.7433341023426743, "v": 4.456232333329342, "x": 6.692194639382189, "y": 3.382123098741374}, "datetime": {"datetime": "2024-02-27 10:37:11", "elapsed": 212.32274, "delta": 1.206127}}
{"target": 0.15214672912743943, "params": {"u": 0.24422265528781018, "v": 0.09390533874482854, "x": 5.0152631514277815, "y": 6.569852258804962}, "datetime": {"datetime": "2024-02-27 10:37:12", "elapsed": 213.930921, "delta": 1.608181}}
{"target": 0.2530393903317721, "params": {"u": 3.9049498230975486, "v": 3.1715407938277673, "x": 0.3235889019242688, "y": 0.09471154382218128}, "datetime": {"datetime": "2024-02-27 10:37:13", "elapsed": 214.750656, "delta": 0.819735}}
{"target": 0.3122016400779325, "params": {"u": 1.2054932612122904, "v": 4.218506065022609, "x": 2.850161447131767, "y": 2.250693287978036}, "datetime": {"datetime": "2024-02-27 10:37:15", "elapsed": 216.325105, "delta": 1.574449}}
{"target": 0.1974077236066193, "params": {"u": 9.48259948892348, "v": 0.3928781027750339, "x": 4.174926456004125, "y": 6.008599464583901}, "datetime": {"datetime": "2024-02-27 10:37:16", "elapsed": 217.455436, "delta": 1.130331}}
{"target": 1.4186053224315975, "params": {"u": 4.650651987248607, "v": 3.9278877543268664, "x": 4.063222009954907, "y": 4.244813536763995}, "datetime": {"datetime": "2024-02-27 10:37:17", "elapsed": 218.510006, "delta": 1.05457}}
{"target": 0.11931810039593134, "params": {"u": 0.17732212990876461, "v": 9.403286078003655, "x": 4.831613735334842, "y": 0.1313037567171893}, "datetime": {"datetime": "2024-02-27 10:37:18", "elapsed": 219.622215, "delta": 1.112209}}
{"target": 0.4615604507444142, "params": {"u": 9.4660554149734, "v": 2.0050647373344233, "x": 8.24612154143914, "y": 0.03986730064362565}, "datetime": {"datetime": "2024-02-27 10:37:19", "elapsed": 220.485531, "delta": 0.863316}}
{"target": 0.19792603070863582, "params": {"u": 9.6972482733425, "v": 9.868941160852886, "x": 6.488212190590804, "y": 3.0905624740376325}, "datetime": {"datetime": "2024-02-27 10:37:20", "elapsed": 221.21907, "delta": 0.733539}}
{"target": 0.2879092066081192, "params": {"u": 2.4295917337479778, "v": 3.9434038124204154, "x": 0.5389019943380213, "y": 3.509902738338182}, "datetime": {"datetime": "2024-02-27 10:37:21", "elapsed": 222.766278, "delta": 1.547208}}
{"target": 0.28491162380029555, "params": {"u": 4.20149555965025, "v": 3.860307795383484, "x": 9.716074188915456, "y": 3.7149454616481603}, "datetime": {"datetime": "2024-02-27 10:37:23", "elapsed": 224.828191, "delta": 2.061913}}
{"target": 0.14906731417000696, "params": {"u": 1.5632413049888783, "v": 4.453835908645628, "x": 7.717529410831721, "y": 9.661551454080247}, "datetime": {"datetime": "2024-02-27 10:37:25", "elapsed": 226.679641, "delta": 1.85145}}
{"target": 0.1594939500779508, "params": {"u": 8.964552692804553, "v": 9.883166327786032, "x": 0.8682497096277486, "y": 7.400050283661166}, "datetime": {"datetime": "2024-02-27 10:37:26", "elapsed": 227.859696, "delta": 1.180055}}
{"target": 0.24460633267672968, "params": {"u": 2.4237049611120276, "v": 4.8054220658196485, "x": 7.609749579822905, "y": 7.099062685662885}, "datetime": {"datetime": "2024-02-27 10:37:28", "elapsed": 229.310993, "delta": 1.451297}}
{"target": 0.15826685458288264, "params": {"u": 5.69380683560965, "v": 0.30615978622011597, "x": 4.068188011214033, "y": 9.124477020795469}, "datetime": {"datetime": "2024-02-27 10:37:30", "elapsed": 231.262903, "delta": 1.95191}}
{"target": 0.23063511405744697, "params": {"u": 0.5220353876668893, "v": 6.579599730662218, "x": 3.76070886691946, "y": 8.979899829366238}, "datetime": {"datetime": "2024-02-27 10:37:31", "elapsed": 232.631559, "delta": 1.368656}}
{"target": 0.677697722751524, "params": {"u": 4.440780276607594, "v": 6.456366525542885, "x": 3.956867530192294, "y": 6.645686652133122}, "datetime": {"datetime": "2024-02-27 10:37:32", "elapsed": 234.155124, "delta": 1.523565}}
{"target": 0.10406693146846178, "params": {"u": 3.738337795973811, "v": 0.09660682607184667, "x": 9.87950000897889, "y": 9.772194918085841}, "datetime": {"datetime": "2024-02-27 10:37:35", "elapsed": 236.30048, "delta": 2.145356}}
{"target": 0.13593844875346756, "params": {"u": 9.908785234170246, "v": 9.800461548252562, "x": 3.8777378064752623, "y": 0.34722289283133145}, "datetime": {"datetime": "2024-02-27 10:37:36", "elapsed": 237.940389, "delta": 1.639909}}
{"target": 0.19580089901299436, "params": {"u": 1.3359951016982508, "v": 9.743932602576791, "x": 6.392935987182373, "y": 4.784456299486049}, "datetime": {"datetime": "2024-02-27 10:37:38", "elapsed": 239.273651, "delta": 1.333262}}
{"target": 0.2127520533221449, "params": {"u": 1.9316647938798248, "v": 0.7983326040871952, "x": 4.195823499948031, "y": 4.890302490360715}, "datetime": {"datetime": "2024-02-27 10:37:39", "elapsed": 240.513799, "delta": 1.240148}}
{"target": 0.3862000400221848, "params": {"u": 6.3182483422957585, "v": 0.09508243285047513, "x": 5.817971577400154, "y": 0.15854479471930194}, "datetime": {"datetime": "2024-02-27 10:37:40", "elapsed": 242.070055, "delta": 1.556256}}
{"target": 4.6965084125596, "params": {"u": 4.35272211161257, "v": 4.997144330745435, "x": 4.001209059014606, "y": 3.6226435009919156}, "datetime": {"datetime": "2024-02-27 10:37:43", "elapsed": 244.684056, "delta": 2.614001}}
{"target": 0.29485355401993857, "params": {"u": 7.131681087842184, "v": 7.553676118812843, "x": 9.589787053811479, "y": 9.245715499704874}, "datetime": {"datetime": "2024-02-27 10:37:45", "elapsed": 246.73241, "delta": 2.048354}}
{"target": 0.20259922697962968, "params": {"u": 9.937147641446407, "v": 5.9192267913831875, "x": 9.657074966215548, "y": 0.30422412090071127}, "datetime": {"datetime": "2024-02-27 10:37:47", "elapsed": 249.136255, "delta": 2.403845}}
{"target": 0.11706178584518245, "params": {"u": 0.19459281318719546, "v": 9.943886518983287, "x": 9.695715025988262, "y": 6.096360671630498}, "datetime": {"datetime": "2024-02-27 10:37:51", "elapsed": 252.279963, "delta": 3.143708}}
{"target": 0.2747902378424554, "params": {"u": 3.4238650065033136, "v": 1.96152059364465, "x": 0.8478860278798894, "y": 3.838246656244314}, "datetime": {"datetime": "2024-02-27 10:37:52", "elapsed": 253.734885, "delta": 1.454922}}
{"target": 0.1532491795124662, "params": {"u": 5.9827994114065985, "v": 1.5079531937176605, "x": 0.1785588317319209, "y": 7.8703441977347595}, "datetime": {"datetime": "2024-02-27 10:37:54", "elapsed": 256.028961, "delta": 2.294076}}
{"target": 0.3531652712674854, "params": {"u": 4.451160682590167, "v": 9.909340958721103, "x": 3.5052987531251825, "y": 9.372975399416758}, "datetime": {"datetime": "2024-02-27 10:37:56", "elapsed": 258.159108, "delta": 2.130147}}
{"target": 0.18919645438965826, "params": {"u": 3.2024723221547524, "v": 7.746937121016156, "x": 0.1573665672964919, "y": 2.0520167014289514}, "datetime": {"datetime": "2024-02-27 10:37:58", "elapsed": 259.873869, "delta": 1.714761}}
{"target": 0.23833602571358026, "params": {"u": 3.181278201673181, "v": 9.045586498611115, "x": 6.230978407947853, "y": 3.786565383889091}, "datetime": {"datetime": "2024-02-27 10:38:00", "elapsed": 261.457348, "delta": 1.583479}}
{"target": 0.1379924438217395, "params": {"u": 9.932012299586525, "v": 1.0513166524163764, "x": 0.08903982732213267, "y": 5.566545070951044}, "datetime": {"datetime": "2024-02-27 10:38:01", "elapsed": 262.927273, "delta": 1.469925}}
{"target": 0.2855535081623634, "params": {"u": 3.8100815438343885, "v": 0.4170891123193987, "x": 3.4302942648386647, "y": 0.4493612428240201}, "datetime": {"datetime": "2024-02-27 10:38:03", "elapsed": 264.909321, "delta": 1.982048}}
{"target": 0.18552705838334815, "params": {"u": 3.8759501153936995, "v": 3.5767487792927213, "x": 9.935400142529248, "y": 0.14897894174870863}, "datetime": {"datetime": "2024-02-27 10:38:05", "elapsed": 266.690551, "delta": 1.78123}}
{"target": 0.2694548204230469, "params": {"u": 6.485488752142827, "v": 1.3411845699524239, "x": 3.1291856521569326, "y": 6.536762943977514}, "datetime": {"datetime": "2024-02-27 10:38:06", "elapsed": 268.005443, "delta": 1.314892}}
{"target": 0.8300440743296446, "params": {"u": 7.801098815601347, "v": 1.6308411606711282, "x": 6.354507817577133, "y": 2.396977874527031}, "datetime": {"datetime": "2024-02-27 10:38:08", "elapsed": 269.211535, "delta": 1.206092}}
{"target": 0.12249562583741262, "params": {"u": 1.6675014177566572, "v": 4.829345151644341, "x": 9.826486117071575, "y": 9.332533570580901}, "datetime": {"datetime": "2024-02-27 10:38:09", "elapsed": 271.144599, "delta": 1.933064}}
{"target": 0.11997624499943467, "params": {"u": 0.0965555311319799, "v": 2.943161192485464, "x": 0.8833653818843301, "y": 9.600931730030322}, "datetime": {"datetime": "2024-02-27 10:38:12", "elapsed": 273.963979, "delta": 2.81938}}
{"target": 0.19231413171113504, "params": {"u": 3.4364638013835824, "v": 4.744478854457716, "x": 9.105080790923564, "y": 8.289728771150598}, "datetime": {"datetime": "2024-02-27 10:38:14", "elapsed": 275.681474, "delta": 1.717495}}
{"target": 0.19915330013221494, "params": {"u": 4.171844756330868, "v": 8.417855292042084, "x": 9.228782565775164, "y": 2.7877793433518416}, "datetime": {"datetime": "2024-02-27 10:38:15", "elapsed": 276.595651, "delta": 0.914177}}
{"target": 0.2269956090287261, "params": {"u": 6.713586210452625, "v": 6.374861910544646, "x": 0.2235522425487324, "y": 7.176637284429322}, "datetime": {"datetime": "2024-02-27 10:38:16", "elapsed": 277.567495, "delta": 0.971844}}
{"target": 0.15478343417708545, "params": {"u": 0.2711401847255068, "v": 0.12740814870828232, "x": 0.38406819495324873, "y": 5.206626510130079}, "datetime": {"datetime": "2024-02-27 10:38:18", "elapsed": 280.118956, "delta": 2.551461}}
{"target": 0.2861792163588308, "params": {"u": 6.665979215390169, "v": 9.924977601668184, "x": 4.685135556340391, "y": 8.593974642710307}, "datetime": {"datetime": "2024-02-27 10:38:19", "elapsed": 281.147431, "delta": 1.028475}}
{"target": 0.8759084019076269, "params": {"u": 4.867479934576671, "v": 3.5864576129878722, "x": 5.313976010239764, "y": 4.65108118689885}, "datetime": {"datetime": "2024-02-27 10:38:22", "elapsed": 283.430367, "delta": 2.282936}}
{"target": 8.72410292615407, "params": {"u": 4.620722635660709, "v": 4.149684427831303, "x": 4.140539967350978, "y": 4.0510501089362085}, "datetime": {"datetime": "2024-02-27 10:38:24", "elapsed": 285.528575, "delta": 2.098208}}
{"target": 0.2721689824329568, "params": {"u": 4.0312977511328585, "v": 5.1107735799193446, "x": 3.1634081735664665, "y": 9.704853734884045}, "datetime": {"datetime": "2024-02-27 10:38:26", "elapsed": 287.289904, "delta": 1.761329}}
{"target": 0.8040310255403853, "params": {"u": 4.235690202873589, "v": 5.695922504408893, "x": 3.3979230972050956, "y": 3.035570788518517}, "datetime": {"datetime": "2024-02-27 10:38:28", "elapsed": 289.31607, "delta": 2.026166}}
{"target": 0.26252819213940615, "params": {"u": 3.39705535118075, "v": 0.6012998545146719, "x": 5.336582776329956, "y": 5.532099091530761}, "datetime": {"datetime": "2024-02-27 10:38:29", "elapsed": 290.884478, "delta": 1.568408}}
{"target": 0.1644032560780426, "params": {"u": 1.5584938279736305, "v": 5.95764431095381, "x": 0.18547960639487937, "y": 9.993234377332737}, "datetime": {"datetime": "2024-02-27 10:38:30", "elapsed": 292.019828, "delta": 1.13535}}
{"target": 0.20268164007351272, "params": {"u": 8.718089834037869, "v": 3.6556047867389143, "x": 2.6635480696648295, "y": 8.240015869492638}, "datetime": {"datetime": "2024-02-27 10:38:32", "elapsed": 294.024169, "delta": 2.004341}}
{"target": 0.3274614103971605, "params": {"u": 9.829321892501138, "v": 9.873877962987622, "x": 9.377875201582723, "y": 8.62326077187635}, "datetime": {"datetime": "2024-02-27 10:38:34", "elapsed": 295.518336, "delta": 1.494167}}
{"target": 0.32765838004165865, "params": {"u": 9.925516681783307, "v": 6.604017207733476, "x": 8.26282574627345, "y": 4.742991614651501}, "datetime": {"datetime": "2024-02-27 10:38:35", "elapsed": 297.006616, "delta": 1.48828}}
{"target": 0.23085359729515567, "params": {"u": 5.987423381559509, "v": 0.028513660328689516, "x": 9.457568870544517, "y": 0.02917674128771086}, "datetime": {"datetime": "2024-02-27 10:38:37", "elapsed": 298.441948, "delta": 1.435332}}
{"target": 0.2933243743987617, "params": {"u": 6.721376496057248, "v": 9.8611473315791, "x": 4.388083903837602, "y": 4.461695833553188}, "datetime": {"datetime": "2024-02-27 10:38:40", "elapsed": 302.024883, "delta": 3.582935}}
{"target": 0.21740183308524091, "params": {"u": 9.759715366474666, "v": 6.7054444496051415, "x": 2.362065686632887, "y": 6.75090230522766}, "datetime": {"datetime": "2024-02-27 10:38:42", "elapsed": 303.850619, "delta": 1.825736}}
{"target": 0.1463515418973862, "params": {"u": 3.328857899680452, "v": 9.96828515305684, "x": 2.503246646789843, "y": 0.17237262125919361}, "datetime": {"datetime": "2024-02-27 10:38:45", "elapsed": 306.658168, "delta": 2.807549}}
{"target": 0.30291431490087883, "params": {"u": 9.970390485974258, "v": 3.852670508152398, "x": 3.686076515915222, "y": 4.911395570081039}, "datetime": {"datetime": "2024-02-27 10:38:47", "elapsed": 308.909753, "delta": 2.251585}}
{"target": 0.20465200226216115, "params": {"u": 9.98431191459925, "v": 0.7720625277982074, "x": 9.589272518548817, "y": 4.685869634324825}, "datetime": {"datetime": "2024-02-27 10:38:48", "elapsed": 309.973228, "delta": 1.063475}}
{"target": 0.14261190527605583, "params": {"u": 0.0025168486966764547, "v": 4.222090218104856, "x": 8.409427040661289, "y": 0.1386915375908071}, "datetime": {"datetime": "2024-02-27 10:38:51", "elapsed": 312.304932, "delta": 2.331704}}
{"target": 0.34557050472155976, "params": {"u": 6.777732583524539, "v": 9.541247910320864, "x": 8.530703443390752, "y": 7.479520755306112}, "datetime": {"datetime": "2024-02-27 10:38:52", "elapsed": 313.584896, "delta": 1.279964}}
{"target": 0.41769891698345224, "params": {"u": 4.399826188206991, "v": 4.481013072871194, "x": 7.541880052559206, "y": 5.947462167893981}, "datetime": {"datetime": "2024-02-27 10:38:53", "elapsed": 315.090583, "delta": 1.505687}}
{"target": 0.23058556670913885, "params": {"u": 1.6189569670181658, "v": 4.02674076946988, "x": 7.873136723345693, "y": 2.9134088053599303}, "datetime": {"datetime": "2024-02-27 10:38:56", "elapsed": 317.283642, "delta": 2.193059}}
{"target": 5.8995286366025645, "params": {"u": 4.828080278551842, "v": 4.810788519038354, "x": 3.7212426378959473, "y": 3.913212287257285}, "datetime": {"datetime": "2024-02-27 10:38:59", "elapsed": 321.057202, "delta": 3.77356}}
{"target": 0.3297975788909595, "params": {"u": 8.812564372327738, "v": 2.7438769171276354, "x": 9.782114813414282, "y": 3.6076693774439694}, "datetime": {"datetime": "2024-02-27 10:39:02", "elapsed": 323.582756, "delta": 2.525554}}
{"target": 0.12417820644974673, "params": {"u": 2.705870852571378, "v": 0.1816061749058384, "x": 5.13894746743366, "y": 9.974287693111098}, "datetime": {"datetime": "2024-02-27 10:39:04", "elapsed": 326.104356, "delta": 2.5216}}
{"target": 7.298722818980002, "params": {"u": 4.648885251092162, "v": 4.724455480143437, "x": 4.140973626956344, "y": 3.830063123030907}, "datetime": {"datetime": "2024-02-27 10:39:08", "elapsed": 329.735707, "delta": 3.631351}}
{"target": 0.22567887498339084, "params": {"u": 3.8113700534562467, "v": 6.734533374636802, "x": 6.572529836067847, "y": 9.851365427174095}, "datetime": {"datetime": "2024-02-27 10:39:11", "elapsed": 332.97977, "delta": 3.244063}}
{"target": 0.23507115220276956, "params": {"u": 5.887081201936307, "v": 9.58483999313263, "x": 5.58514638644152, "y": 2.4315933154617673}, "datetime": {"datetime": "2024-02-27 10:39:12", "elapsed": 333.906947, "delta": 0.927177}}
{"target": 0.43985078101043573, "params": {"u": 4.9941515505112015, "v": 6.517757936563714, "x": 5.810385746146396, "y": 7.790046341954798}, "datetime": {"datetime": "2024-02-27 10:39:13", "elapsed": 334.61242, "delta": 0.705473}}
{"target": 0.21035409067687622, "params": {"u": 1.999193256400723, "v": 6.081795171181098, "x": 5.815652052171031, "y": 1.012094359668404}, "datetime": {"datetime": "2024-02-27 10:39:14", "elapsed": 335.923781, "delta": 1.311361}}
{"target": 1.5757616388928004, "params": {"u": 5.144557447310807, "v": 4.674126162764796, "x": 4.076247144229197, "y": 3.9672375795577928}, "datetime": {"datetime": "2024-02-27 10:39:17", "elapsed": 338.705389, "delta": 2.781608}}
{"target": 0.14659413687232603, "params": {"u": 8.077718258296205, "v": 5.3540301385764035, "x": 0.17884041702409315, "y": 0.06647982101369743}, "datetime": {"datetime": "2024-02-27 10:39:21", "elapsed": 342.853791, "delta": 4.148402}}
{"target": 0.12533124472506277, "params": {"u": 5.976530914462437, "v": 9.907826788031327, "x": 9.833119525952595, "y": 0.023698769499064243}, "datetime": {"datetime": "2024-02-27 10:39:24", "elapsed": 346.079951, "delta": 3.22616}}
{"target": 3.0973634601715836, "params": {"u": 4.087107284784618, "v": 4.766311357845967, "x": 3.52864186979567, "y": 3.7551777234186243}, "datetime": {"datetime": "2024-02-27 10:39:26", "elapsed": 347.557977, "delta": 1.478026}}
