{"target": -0.882082123993644, "params": {"colsample_bytree": 1.0, "learning_rate": 0.001, "max_bin_exp": 7.96922735242334, "max_depth": 6.0, "n_estimators": 4436.76660965686, "reg_alpha": 0.6777113427596678, "reg_lambda": 3.0}, "datetime": {"datetime": "2024-02-19 17:53:34", "elapsed": 1057.100621, "delta": 6.368641}}
{"target": -1.0607720629994997, "params": {"colsample_bytree": 0.7831544269445663, "learning_rate": 0.07215495791487517, "max_bin_exp": 4.890830150334877, "max_depth": 4.959427767556118, "n_estimators": 1599.7727657568742, "reg_alpha": 0.3040313154759505, "reg_lambda": 2.5203844753778952}, "datetime": {"datetime": "2024-02-19 17:53:36", "elapsed": 1058.789893, "delta": 1.689272}}
{"target": -0.7081651789209628, "params": {"colsample_bytree": 0.4530429192922183, "learning_rate": 0.3619656278570308, "max_bin_exp": 8.240283165740879, "max_depth": 5.534350126629816, "n_estimators": 1600.6908294871007, "reg_alpha": 0.11016718787521396, "reg_lambda": 1.5675371857103135}, "datetime": {"datetime": "2024-02-19 17:53:38", "elapsed": 1061.370158, "delta": 2.580265}}
{"target": -0.6612544774114288, "params": {"colsample_bytree": 0.9997582397045142, "learning_rate": 0.46112766439953207, "max_bin_exp": 8.12127498630167, "max_depth": 5.799324950788787, "n_estimators": 4290.874771409282, "reg_alpha": 0.0670602015033307, "reg_lambda": 2.7924338385503145}, "datetime": {"datetime": "2024-02-19 17:53:44", "elapsed": 1066.768054, "delta": 5.397896}}
{"target": -1.2841177644950563, "params": {"colsample_bytree": 0.7020135540340291, "learning_rate": 0.4463273016769403, "max_bin_exp": 9.95995353749138, "max_depth": 1.348248744475013, "n_estimators": 1609.2059179376574, "reg_alpha": 0.08997333590397394, "reg_lambda": 0.863184000959691}, "datetime": {"datetime": "2024-02-19 17:53:45", "elapsed": 1067.823049, "delta": 1.054995}}
{"target": -0.8851015735655015, "params": {"colsample_bytree": 0.2, "learning_rate": 0.5, "max_bin_exp": 7.056664771220309, "max_depth": 3.6670518043102454, "n_estimators": 1974.01304893106, "reg_alpha": 3.0, "reg_lambda": 3.0}, "datetime": {"datetime": "2024-02-19 17:53:46", "elapsed": 1069.557041, "delta": 1.733992}}
{"target": -0.7040181742783368, "params": {"colsample_bytree": 1.0, "learning_rate": 0.5, "max_bin_exp": 10.0, "max_depth": 6.0, "n_estimators": 1623.2331647842811, "reg_alpha": 0.0, "reg_lambda": 0.0}, "datetime": {"datetime": "2024-02-19 17:53:50", "elapsed": 1073.194037, "delta": 3.636996}}
{"target": -0.8906843264815795, "params": {"colsample_bytree": 0.2715663022540546, "learning_rate": 0.05441859411641331, "max_bin_exp": 8.341549732651432, "max_depth": 5.882909192188813, "n_estimators": 4416.811875627113, "reg_alpha": 0.6795463983435354, "reg_lambda": 0.22660781272814912}, "datetime": {"datetime": "2024-02-19 17:53:55", "elapsed": 1077.79061, "delta": 4.596573}}
{"target": -1.287847940195386, "params": {"colsample_bytree": 0.3921488134729674, "learning_rate": 0.3822666666809546, "max_bin_exp": 9.430364725802674, "max_depth": 1.81517029992203, "n_estimators": 4406.5908827421845, "reg_alpha": 2.593809241148665, "reg_lambda": 0.267437113037993}, "datetime": {"datetime": "2024-02-19 17:53:57", "elapsed": 1079.869811, "delta": 2.079201}}
{"target": -0.8241830828159943, "params": {"colsample_bytree": 0.5121067402066163, "learning_rate": 0.19388538390213492, "max_bin_exp": 5.341883116447592, "max_depth": 2.5856991549657136, "n_estimators": 4289.642429569645, "reg_alpha": 2.1738014804901096, "reg_lambda": 2.863945374516387}, "datetime": {"datetime": "2024-02-19 17:54:00", "elapsed": 1082.937864, "delta": 3.068053}}
{"target": -0.688533589031603, "params": {"colsample_bytree": 0.8126135789659699, "learning_rate": 0.38397824209297843, "max_bin_exp": 6.168444160801481, "max_depth": 5.635196168712349, "n_estimators": 4410.875641218859, "reg_alpha": 0.28360010924083745, "reg_lambda": 2.0963796933399204}, "datetime": {"datetime": "2024-02-19 17:54:05", "elapsed": 1087.893644, "delta": 4.95578}}
{"target": -0.6632466992172557, "params": {"colsample_bytree": 0.865722542673012, "learning_rate": 0.3163997249424983, "max_bin_exp": 7.2528487900137675, "max_depth": 5.821702021848981, "n_estimators": 1969.6411480825604, "reg_alpha": 0.024101834402267097, "reg_lambda": 1.849084077096677}, "datetime": {"datetime": "2024-02-19 17:54:07", "elapsed": 1090.050341, "delta": 2.156697}}
{"target": -0.6617132527652719, "params": {"colsample_bytree": 0.5940463886940395, "learning_rate": 0.36627297399330255, "max_bin_exp": 9.649410702841145, "max_depth": 4.6070217451764, "n_estimators": 4441.104384056789, "reg_alpha": 2.9114461670319014, "reg_lambda": 1.2892090030404009}, "datetime": {"datetime": "2024-02-19 17:54:11", "elapsed": 1094.532294, "delta": 4.481953}}
{"target": -1.3550622924170197, "params": {"colsample_bytree": 0.6258087174478575, "learning_rate": 0.19752478329988682, "max_bin_exp": 6.697304100441331, "max_depth": 1.114685445219311, "n_estimators": 4368.098129973471, "reg_alpha": 1.3725484973401678, "reg_lambda": 2.8157862176536916}, "datetime": {"datetime": "2024-02-19 17:54:13", "elapsed": 1096.405452, "delta": 1.873158}}
{"target": -0.7100044687161606, "params": {"colsample_bytree": 0.6435014643789777, "learning_rate": 0.42993355857700605, "max_bin_exp": 8.468126612332586, "max_depth": 4.185577798465727, "n_estimators": 4296.594965685601, "reg_alpha": 2.858844647366629, "reg_lambda": 2.7174352626781517}, "datetime": {"datetime": "2024-02-19 17:54:18", "elapsed": 1100.690236, "delta": 4.284784}}
{"target": -0.6811074931666373, "params": {"colsample_bytree": 1.0, "learning_rate": 0.5, "max_bin_exp": 7.837005449828947, "max_depth": 6.0, "n_estimators": 4379.733413191455, "reg_alpha": 0.2386267042228199, "reg_lambda": 0.5782749424713096}, "datetime": {"datetime": "2024-02-19 17:54:24", "elapsed": 1107.24367, "delta": 6.553434}}
{"target": -0.7336317030117113, "params": {"colsample_bytree": 0.7908915146979298, "learning_rate": 0.48731941786916105, "max_bin_exp": 6.528391189865347, "max_depth": 5.789835466576688, "n_estimators": 4318.059606813223, "reg_alpha": 2.547470402633896, "reg_lambda": 2.563560981254822}, "datetime": {"datetime": "2024-02-19 17:54:29", "elapsed": 1111.933703, "delta": 4.690033}}
{"target": -1.1466283932968455, "params": {"colsample_bytree": 0.8969996671799958, "learning_rate": 0.36674254286891195, "max_bin_exp": 4.964279653962362, "max_depth": 5.12351683609599, "n_estimators": 4291.815572209729, "reg_alpha": 0.43986377444441094, "reg_lambda": 1.5838731192462279}, "datetime": {"datetime": "2024-02-19 17:54:34", "elapsed": 1116.844185, "delta": 4.910482}}
{"target": -2.190079637188089, "params": {"colsample_bytree": 1.0, "learning_rate": 0.001, "max_bin_exp": 6.071340586750633, "max_depth": 3.493758693353363, "n_estimators": 4269.513015113092, "reg_alpha": 0.0, "reg_lambda": 0.2992099772069964}, "datetime": {"datetime": "2024-02-19 17:54:37", "elapsed": 1119.797032, "delta": 2.952847}}
{"target": -1.8276039777353865, "params": {"colsample_bytree": 0.2256854934805392, "learning_rate": 0.3447600698671323, "max_bin_exp": 5.396143208411319, "max_depth": 5.7698107390133195, "n_estimators": 4315.550779607347, "reg_alpha": 2.8786044596748463, "reg_lambda": 1.0762795669052598}, "datetime": {"datetime": "2024-02-19 17:54:41", "elapsed": 1123.976404, "delta": 4.179372}}
{"target": -0.8896092397554732, "params": {"colsample_bytree": 0.2, "learning_rate": 0.5, "max_bin_exp": 7.539876492334333, "max_depth": 6.0, "n_estimators": 4412.1213643503925, "reg_alpha": 1.3232088236993975, "reg_lambda": 0.0}, "datetime": {"datetime": "2024-02-19 17:54:46", "elapsed": 1129.077758, "delta": 5.101354}}
{"target": -1.0257097858609934, "params": {"colsample_bytree": 0.9328794921766792, "learning_rate": 0.21341403045989377, "max_bin_exp": 8.500478402927122, "max_depth": 1.0816801932254734, "n_estimators": 4442.66051253687, "reg_alpha": 2.7812536574789597, "reg_lambda": 1.555279545041102}, "datetime": {"datetime": "2024-02-19 17:54:48", "elapsed": 1131.160349, "delta": 2.082591}}
{"target": -1.4310392548434556, "params": {"colsample_bytree": 1.0, "learning_rate": 0.001, "max_bin_exp": 10.0, "max_depth": 4.050946827035838, "n_estimators": 4308.104576785448, "reg_alpha": 1.0297035446351408, "reg_lambda": 3.0}, "datetime": {"datetime": "2024-02-19 17:54:54", "elapsed": 1136.716255, "delta": 5.555906}}
{"target": -1.4179495110816855, "params": {"colsample_bytree": 1.0, "learning_rate": 0.001, "max_bin_exp": 9.593290383833558, "max_depth": 6.0, "n_estimators": 1616.882895688265, "reg_alpha": 3.0, "reg_lambda": 3.0}, "datetime": {"datetime": "2024-02-19 17:54:57", "elapsed": 1139.968336, "delta": 3.252081}}
{"target": -0.7266994771620469, "params": {"colsample_bytree": 1.0, "learning_rate": 0.5, "max_bin_exp": 10.0, "max_depth": 4.7544091097163, "n_estimators": 4423.321453052174, "reg_alpha": 3.0, "reg_lambda": 0.0}, "datetime": {"datetime": "2024-02-19 17:55:03", "elapsed": 1145.681758, "delta": 5.713422}}
{"target": -0.6305709561631945, "params": {"colsample_bytree": 0.7845458791902675, "learning_rate": 0.2706706755943131, "max_bin_exp": 8.22510771111953, "max_depth": 5.920086916395953, "n_estimators": 4378.721418352853, "reg_alpha": 1.9586853253835144, "reg_lambda": 2.791022343541087}, "datetime": {"datetime": "2024-02-19 17:55:08", "elapsed": 1150.883171, "delta": 5.201413}}
{"target": -0.6587711838148099, "params": {"colsample_bytree": 0.6673595844641836, "learning_rate": 0.24703928412146803, "max_bin_exp": 8.167441168652397, "max_depth": 3.004750300240525, "n_estimators": 1617.6364095175152, "reg_alpha": 0.08232420897988502, "reg_lambda": 0.7359567747461849}, "datetime": {"datetime": "2024-02-19 17:55:10", "elapsed": 1152.612101, "delta": 1.72893}}
{"target": -0.6451110767676977, "params": {"colsample_bytree": 0.8666209333176733, "learning_rate": 0.17364105607457575, "max_bin_exp": 8.254366649109878, "max_depth": 3.374882341038249, "n_estimators": 1616.373940409528, "reg_alpha": 0.08411619327459063, "reg_lambda": 2.827667122605881}, "datetime": {"datetime": "2024-02-19 17:55:11", "elapsed": 1154.393318, "delta": 1.781217}}
{"target": -0.7170822359689487, "params": {"colsample_bytree": 0.3598852651947244, "learning_rate": 0.025075105616752774, "max_bin_exp": 8.434913613498782, "max_depth": 5.844209615356171, "n_estimators": 1967.599403434574, "reg_alpha": 1.2764568220758612, "reg_lambda": 0.30079347605219253}, "datetime": {"datetime": "2024-02-19 17:55:14", "elapsed": 1156.929072, "delta": 2.535754}}
{"target": -0.7503340304065884, "params": {"colsample_bytree": 0.3405745911761565, "learning_rate": 0.4766786107341595, "max_bin_exp": 9.456326977912322, "max_depth": 3.109048959954679, "n_estimators": 4387.679692907061, "reg_alpha": 1.408062971524195, "reg_lambda": 2.511565956765227}, "datetime": {"datetime": "2024-02-19 17:55:17", "elapsed": 1160.260095, "delta": 3.331023}}
{"target": -1.4125944337394072, "params": {"colsample_bytree": 1.0, "learning_rate": 0.001, "max_bin_exp": 6.0282401468546025, "max_depth": 6.0, "n_estimators": 1966.725165479325, "reg_alpha": 0.0, "reg_lambda": 0.0}, "datetime": {"datetime": "2024-02-19 17:55:20", "elapsed": 1163.090786, "delta": 2.830691}}
{"target": -1.0100638823015977, "params": {"colsample_bytree": 0.2, "learning_rate": 0.5, "max_bin_exp": 10.0, "max_depth": 5.945624112289672, "n_estimators": 4369.994067232726, "reg_alpha": 2.656763884317136, "reg_lambda": 3.0}, "datetime": {"datetime": "2024-02-19 17:55:25", "elapsed": 1168.406274, "delta": 5.315488}}
{"target": -0.6280287923500765, "params": {"colsample_bytree": 0.6739923423804808, "learning_rate": 0.04617477442157057, "max_bin_exp": 7.4952989413350934, "max_depth": 5.231154196552132, "n_estimators": 1626.7525831843748, "reg_alpha": 1.4397535210579662, "reg_lambda": 0.7717400431593783}, "datetime": {"datetime": "2024-02-19 17:55:28", "elapsed": 1171.00959, "delta": 2.603316}}
{"target": -0.8823037738935969, "params": {"colsample_bytree": 1.0, "learning_rate": 0.001, "max_bin_exp": 7.160061167943957, "max_depth": 6.0, "n_estimators": 4400.893334077268, "reg_alpha": 3.0, "reg_lambda": 3.0}, "datetime": {"datetime": "2024-02-19 17:55:34", "elapsed": 1177.150236, "delta": 6.140646}}
{"target": -0.6903926718235053, "params": {"colsample_bytree": 0.4762016734483878, "learning_rate": 0.31584139073484113, "max_bin_exp": 9.980099151625518, "max_depth": 5.267413572617798, "n_estimators": 4294.570205960015, "reg_alpha": 0.5866794256447851, "reg_lambda": 0.6467312477035577}, "datetime": {"datetime": "2024-02-19 17:55:40", "elapsed": 1183.011924, "delta": 5.861688}}
{"target": -0.8568490692906956, "params": {"colsample_bytree": 0.5848609911080422, "learning_rate": 0.4168929566274316, "max_bin_exp": 5.169815631736542, "max_depth": 5.663785696335777, "n_estimators": 1627.3137993118312, "reg_alpha": 2.601524421333654, "reg_lambda": 0.5014753792009932}, "datetime": {"datetime": "2024-02-19 17:55:43", "elapsed": 1185.991274, "delta": 2.97935}}
{"target": -0.6507305325447269, "params": {"colsample_bytree": 1.0, "learning_rate": 0.5, "max_bin_exp": 8.270492164322453, "max_depth": 6.0, "n_estimators": 4315.9834884131915, "reg_alpha": 0.0, "reg_lambda": 2.3173572009879972}, "datetime": {"datetime": "2024-02-19 17:55:50", "elapsed": 1192.587908, "delta": 6.596634}}
{"target": -0.6672490362567677, "params": {"colsample_bytree": 0.3320773032181322, "learning_rate": 0.04869666775933602, "max_bin_exp": 6.9287703734912744, "max_depth": 5.956575704179022, "n_estimators": 1622.8744450252007, "reg_alpha": 1.3518409783069567, "reg_lambda": 2.6168582222510155}, "datetime": {"datetime": "2024-02-19 17:55:52", "elapsed": 1194.723369, "delta": 2.135461}}
{"target": -0.672579238679967, "params": {"colsample_bytree": 0.7830953412012407, "learning_rate": 0.4646173404486853, "max_bin_exp": 9.525347787395447, "max_depth": 4.695440654690561, "n_estimators": 1628.219716025909, "reg_alpha": 2.900000544148141, "reg_lambda": 1.470602819862927}, "datetime": {"datetime": "2024-02-19 17:55:54", "elapsed": 1197.074492, "delta": 2.351123}}
{"target": -0.7460892851240658, "params": {"colsample_bytree": 0.2860799399724281, "learning_rate": 0.1737227769597908, "max_bin_exp": 9.90311589416116, "max_depth": 2.745838464378961, "n_estimators": 1628.352075769391, "reg_alpha": 0.7535770596173551, "reg_lambda": 0.13992843611770844}, "datetime": {"datetime": "2024-02-19 17:55:56", "elapsed": 1198.596315, "delta": 1.521823}}
{"target": -0.7614032656380576, "params": {"colsample_bytree": 0.3174260273167967, "learning_rate": 0.35498073711128886, "max_bin_exp": 9.96148434950337, "max_depth": 5.896736057989219, "n_estimators": 1625.893243179864, "reg_alpha": 2.8253424400595137, "reg_lambda": 0.6291581058653583}, "datetime": {"datetime": "2024-02-19 17:55:59", "elapsed": 1201.646882, "delta": 3.050567}}
{"target": -0.7466675318179142, "params": {"colsample_bytree": 0.40593127474606594, "learning_rate": 0.20294345882774276, "max_bin_exp": 7.609548677929498, "max_depth": 2.766862642702554, "n_estimators": 1626.4848354575927, "reg_alpha": 2.7613292687056945, "reg_lambda": 0.22859413230158498}, "datetime": {"datetime": "2024-02-19 17:56:00", "elapsed": 1203.410935, "delta": 1.764053}}
{"target": -1.6831902295962806, "params": {"colsample_bytree": 0.4139079110853735, "learning_rate": 0.011364757336423632, "max_bin_exp": 8.569174238194211, "max_depth": 3.353603455403181, "n_estimators": 1629.174677351612, "reg_alpha": 0.19418043286489506, "reg_lambda": 2.854440917742334}, "datetime": {"datetime": "2024-02-19 17:56:17", "elapsed": 1220.42442, "delta": 17.013485}}
{"target": -0.6606881481542785, "params": {"colsample_bytree": 0.9976611225527312, "learning_rate": 0.3471349896634308, "max_bin_exp": 7.422274473601875, "max_depth": 5.750625489101989, "n_estimators": 1626.4550793111716, "reg_alpha": 2.523506443253458, "reg_lambda": 2.7957828694205533}, "datetime": {"datetime": "2024-02-19 17:56:20", "elapsed": 1222.98474, "delta": 2.56032}}
{"target": -0.9056174576594866, "params": {"colsample_bytree": 0.5538909453906615, "learning_rate": 0.009644222738704317, "max_bin_exp": 8.049444891987285, "max_depth": 4.403762063355119, "n_estimators": 1624.0281226153072, "reg_alpha": 0.9086133362157216, "reg_lambda": 0.8052455053461418}, "datetime": {"datetime": "2024-02-19 17:56:22", "elapsed": 1225.024073, "delta": 2.039333}}
{"target": -0.8499776418509445, "params": {"colsample_bytree": 0.3847584738840996, "learning_rate": 0.24217753052582397, "max_bin_exp": 6.010659928376171, "max_depth": 5.85807598764816, "n_estimators": 4380.895188909772, "reg_alpha": 2.143315030203418, "reg_lambda": 1.7466474592786523}, "datetime": {"datetime": "2024-02-19 17:56:27", "elapsed": 1229.854595, "delta": 4.830522}}
{"target": -0.676225458321747, "params": {"colsample_bytree": 0.35970741606392204, "learning_rate": 0.13799043909351644, "max_bin_exp": 9.774448271634771, "max_depth": 4.827021310295389, "n_estimators": 4299.836012910374, "reg_alpha": 2.5894043710464922, "reg_lambda": 2.997195647381351}, "datetime": {"datetime": "2024-02-19 17:56:31", "elapsed": 1234.042771, "delta": 4.188176}}
{"target": -3.913141666313559, "params": {"colsample_bytree": 0.2, "learning_rate": 0.001, "max_bin_exp": 6.593027656085467, "max_depth": 6.0, "n_estimators": 1616.4541973393802, "reg_alpha": 0.0, "reg_lambda": 3.0}, "datetime": {"datetime": "2024-02-19 17:56:34", "elapsed": 1236.89935, "delta": 2.856579}}
{"target": -1.3850620662488233, "params": {"colsample_bytree": 1.0, "learning_rate": 0.001, "max_bin_exp": 9.85732254383625, "max_depth": 4.594438566748761, "n_estimators": 4277.223937400158, "reg_alpha": 0.0, "reg_lambda": 0.6703552495517421}, "datetime": {"datetime": "2024-02-19 17:56:38", "elapsed": 1241.448967, "delta": 4.549617}}
{"target": -0.6913961825248647, "params": {"colsample_bytree": 0.6182455366988729, "learning_rate": 0.31485403740297363, "max_bin_exp": 7.570889779970284, "max_depth": 3.838857490976532, "n_estimators": 1619.6634343903777, "reg_alpha": 0.2273041208216069, "reg_lambda": 1.622917547987715}, "datetime": {"datetime": "2024-02-19 17:56:40", "elapsed": 1243.053961, "delta": 1.604994}}
{"target": -0.672487962444827, "params": {"colsample_bytree": 0.6570197654650138, "learning_rate": 0.1623282712327561, "max_bin_exp": 7.717225639193152, "max_depth": 4.935283740631119, "n_estimators": 4377.890131169215, "reg_alpha": 0.050133179568494834, "reg_lambda": 2.7355280925616423}, "datetime": {"datetime": "2024-02-19 17:56:44", "elapsed": 1247.04026, "delta": 3.986299}}
{"target": -0.832384675294256, "params": {"colsample_bytree": 0.2968845161791495, "learning_rate": 0.4867627840227322, "max_bin_exp": 7.530922896501391, "max_depth": 5.960388011643978, "n_estimators": 1601.1962454803204, "reg_alpha": 2.8527801092905785, "reg_lambda": 2.781523706932104}, "datetime": {"datetime": "2024-02-19 17:56:46", "elapsed": 1249.218535, "delta": 2.178275}}
{"target": -0.753503842648011, "params": {"colsample_bytree": 0.31806383326691495, "learning_rate": 0.2265080049945674, "max_bin_exp": 6.583952274929456, "max_depth": 2.8301981927687065, "n_estimators": 1618.8776495179598, "reg_alpha": 2.7214668030714106, "reg_lambda": 2.49700436975407}, "datetime": {"datetime": "2024-02-19 17:56:48", "elapsed": 1250.950667, "delta": 1.732132}}
{"target": -0.883133973216808, "params": {"colsample_bytree": 0.22371366223767036, "learning_rate": 0.19654095457101756, "max_bin_exp": 7.31764963435711, "max_depth": 4.547795110670099, "n_estimators": 1964.0838755360369, "reg_alpha": 1.617390604699706, "reg_lambda": 1.1099221763617693}, "datetime": {"datetime": "2024-02-19 17:56:50", "elapsed": 1252.750596, "delta": 1.799929}}
{"target": -0.8223541352996998, "params": {"colsample_bytree": 0.3375918862644663, "learning_rate": 0.4772071901785437, "max_bin_exp": 9.949453805199202, "max_depth": 5.0899211063683145, "n_estimators": 1608.3098769911167, "reg_alpha": 2.137236690686271, "reg_lambda": 0.5070004540917656}, "datetime": {"datetime": "2024-02-19 17:56:52", "elapsed": 1255.195286, "delta": 2.44469}}
{"target": -0.7055810999746203, "params": {"colsample_bytree": 1.0, "learning_rate": 0.5, "max_bin_exp": 9.50182069148148, "max_depth": 3.905412990389848, "n_estimators": 4271.269896698972, "reg_alpha": 0.20651590236984524, "reg_lambda": 3.0}, "datetime": {"datetime": "2024-02-19 17:56:56", "elapsed": 1259.257736, "delta": 4.06245}}
{"target": -0.702603398400718, "params": {"colsample_bytree": 0.6442449326518245, "learning_rate": 0.47423321912502764, "max_bin_exp": 7.654944473253697, "max_depth": 5.245024636180913, "n_estimators": 4431.320411683414, "reg_alpha": 2.7867243462567095, "reg_lambda": 1.482205548886044}, "datetime": {"datetime": "2024-02-19 17:57:01", "elapsed": 1264.288496, "delta": 5.03076}}
{"target": -0.8890058224399718, "params": {"colsample_bytree": 1.0, "learning_rate": 0.001, "max_bin_exp": 8.523023044387497, "max_depth": 6.0, "n_estimators": 4375.962620797671, "reg_alpha": 3.0, "reg_lambda": 3.0}, "datetime": {"datetime": "2024-02-19 17:57:08", "elapsed": 1271.350136, "delta": 7.06164}}
{"target": -0.8169597081931939, "params": {"colsample_bytree": 0.4107685843993316, "learning_rate": 0.3579262529164109, "max_bin_exp": 8.185896591827571, "max_depth": 5.9259341246960195, "n_estimators": 1599.1342377479587, "reg_alpha": 2.2347737675923827, "reg_lambda": 0.030282705561379464}, "datetime": {"datetime": "2024-02-19 17:57:11", "elapsed": 1274.180999, "delta": 2.830863}}
{"target": -0.7562188688222767, "params": {"colsample_bytree": 0.8374746344926967, "learning_rate": 0.49463395331667237, "max_bin_exp": 8.852900571340747, "max_depth": 3.778179014831765, "n_estimators": 4424.543850116876, "reg_alpha": 0.9507700109747068, "reg_lambda": 0.10967455769400858}, "datetime": {"datetime": "2024-02-19 17:57:15", "elapsed": 1277.761741, "delta": 3.580742}}
