{"target": -0.6356974396568975, "params": {"colsample_bytree": 1.0, "learning_rate": 0.5, "max_bin_exp": 10.0, "max_depth": 6.0, "n_estimators": 3920.4650392943104, "reg_alpha": 3.0, "reg_lambda": 3.0}, "datetime": {"datetime": "2024-02-19 15:36:52", "elapsed": 938.869182, "delta": 8.201323}}
{"target": -0.7014255297706273, "params": {"colsample_bytree": 1.0, "learning_rate": 0.5, "max_bin_exp": 6.936666546039522, "max_depth": 6.0, "n_estimators": 4781.92089362215, "reg_alpha": 3.0, "reg_lambda": 0.0}, "datetime": {"datetime": "2024-02-19 15:36:58", "elapsed": 945.282729, "delta": 6.413547}}
{"target": -0.7017781634379413, "params": {"colsample_bytree": 0.7007079447084299, "learning_rate": 0.07652314557365884, "max_bin_exp": 9.473126832386855, "max_depth": 2.4309573869674357, "n_estimators": 4780.405983165778, "reg_alpha": 2.7304251803936683, "reg_lambda": 2.0928791077361244}, "datetime": {"datetime": "2024-02-19 15:37:01", "elapsed": 948.061016, "delta": 2.778287}}
{"target": -3.107573454143126, "params": {"colsample_bytree": 1.0, "learning_rate": 0.001, "max_bin_exp": 9.108926947621327, "max_depth": 2.648193874613483, "n_estimators": 4625.603920786953, "reg_alpha": 2.7665076853563297, "reg_lambda": 0.5745516900911299}, "datetime": {"datetime": "2024-02-19 15:37:04", "elapsed": 951.305673, "delta": 3.244657}}
{"target": -0.7049680006514094, "params": {"colsample_bytree": 1.0, "learning_rate": 0.5, "max_bin_exp": 10.0, "max_depth": 3.9496389099471165, "n_estimators": 3717.7538380558476, "reg_alpha": 0.0, "reg_lambda": 3.0}, "datetime": {"datetime": "2024-02-19 15:37:09", "elapsed": 955.614587, "delta": 4.308914}}
{"target": -0.9574523643129854, "params": {"colsample_bytree": 0.32997456564704997, "learning_rate": 0.25681648227212167, "max_bin_exp": 5.4583201653423945, "max_depth": 5.714632972783387, "n_estimators": 3905.788001587499, "reg_alpha": 0.4725551915192664, "reg_lambda": 0.9519995369394412}, "datetime": {"datetime": "2024-02-19 15:37:13", "elapsed": 960.214932, "delta": 4.600345}}
{"target": -1.4752586914194916, "params": {"colsample_bytree": 1.0, "learning_rate": 0.001, "max_bin_exp": 6.682236078709934, "max_depth": 4.6583469031434825, "n_estimators": 3943.952581363214, "reg_alpha": 3.0, "reg_lambda": 3.0}, "datetime": {"datetime": "2024-02-19 15:37:17", "elapsed": 964.011663, "delta": 3.796731}}
{"target": -0.887090609364701, "params": {"colsample_bytree": 0.2670116973873919, "learning_rate": 0.4499105516094679, "max_bin_exp": 7.719152368889612, "max_depth": 2.144979339684904, "n_estimators": 3663.857459197677, "reg_alpha": 2.3746508026820856, "reg_lambda": 1.6937161602972617}, "datetime": {"datetime": "2024-02-19 15:37:20", "elapsed": 966.820793, "delta": 2.80913}}
{"target": -4.040381343832392, "params": {"colsample_bytree": 1.0, "learning_rate": 0.001, "max_bin_exp": 7.708206251129726, "max_depth": 1.0, "n_estimators": 4577.727153637675, "reg_alpha": 3.0, "reg_lambda": 3.0}, "datetime": {"datetime": "2024-02-19 15:37:22", "elapsed": 968.80676, "delta": 1.985967}}
{"target": -0.7385490094706333, "params": {"colsample_bytree": 1.0, "learning_rate": 0.5, "max_bin_exp": 10.0, "max_depth": 3.380880866800315, "n_estimators": 4776.99417784006, "reg_alpha": 3.0, "reg_lambda": 0.0}, "datetime": {"datetime": "2024-02-19 15:37:26", "elapsed": 973.071911, "delta": 4.265151}}
{"target": -0.81953647394877, "params": {"colsample_bytree": 0.40506987745791395, "learning_rate": 0.2315582490153059, "max_bin_exp": 5.418079417789973, "max_depth": 5.002110664756816, "n_estimators": 681.9097097970457, "reg_alpha": 2.3852573951784763, "reg_lambda": 1.0836703599600006}, "datetime": {"datetime": "2024-02-19 15:37:28", "elapsed": 974.649663, "delta": 1.577752}}
{"target": -0.6384964815935439, "params": {"colsample_bytree": 1.0, "learning_rate": 0.5, "max_bin_exp": 9.241187279030498, "max_depth": 6.0, "n_estimators": 3714.623267809875, "reg_alpha": 0.0, "reg_lambda": 3.0}, "datetime": {"datetime": "2024-02-19 15:37:35", "elapsed": 981.842808, "delta": 7.193145}}
{"target": -3.1434804150762123, "params": {"colsample_bytree": 0.2, "learning_rate": 0.5, "max_bin_exp": 4.0, "max_depth": 6.0, "n_estimators": 4790.748660766184, "reg_alpha": 1.9360395516763456, "reg_lambda": 3.0}, "datetime": {"datetime": "2024-02-19 15:37:40", "elapsed": 986.349234, "delta": 4.506426}}
{"target": -0.6744539890963395, "params": {"colsample_bytree": 1.0, "learning_rate": 0.5, "max_bin_exp": 6.670853693492303, "max_depth": 6.0, "n_estimators": 3708.498544130474, "reg_alpha": 2.9885846177832827, "reg_lambda": 2.2567595860829686}, "datetime": {"datetime": "2024-02-19 15:38:04", "elapsed": 1011.319417, "delta": 24.970183}}
{"target": -0.5974546075984287, "params": {"colsample_bytree": 0.7255845914734087, "learning_rate": 0.1302803490783045, "max_bin_exp": 9.596492443775745, "max_depth": 4.299477747849205, "n_estimators": 679.9404359797628, "reg_alpha": 2.671260198710071, "reg_lambda": 1.1766545765801821}, "datetime": {"datetime": "2024-02-19 15:38:06", "elapsed": 1013.143824, "delta": 1.824407}}
{"target": -2.1286071129516833, "params": {"colsample_bytree": 0.5515107812298967, "learning_rate": 0.4226144383166351, "max_bin_exp": 7.540861552419524, "max_depth": 1.9060521193750202, "n_estimators": 680.2388066005747, "reg_alpha": 0.004992075306907506, "reg_lambda": 1.1730854593036761}, "datetime": {"datetime": "2024-02-19 15:38:07", "elapsed": 1014.158069, "delta": 1.014245}}
{"target": -4.130025696798493, "params": {"colsample_bytree": 0.2, "learning_rate": 0.001, "max_bin_exp": 10.0, "max_depth": 2.29968340523486, "n_estimators": 4777.080804745937, "reg_alpha": 0.0, "reg_lambda": 2.916715017951565}, "datetime": {"datetime": "2024-02-19 15:38:11", "elapsed": 1017.359891, "delta": 3.201822}}
{"target": -0.7191336098031428, "params": {"colsample_bytree": 0.8450835561952788, "learning_rate": 0.49211008873423817, "max_bin_exp": 9.879225783952919, "max_depth": 3.4003043317630066, "n_estimators": 3926.1550343460094, "reg_alpha": 2.9689961822271544, "reg_lambda": 2.9525793864581202}, "datetime": {"datetime": "2024-02-19 15:38:14", "elapsed": 1021.287695, "delta": 3.927804}}
{"target": -0.7266994771620469, "params": {"colsample_bytree": 1.0, "learning_rate": 0.5, "max_bin_exp": 10.0, "max_depth": 4.643786846393881, "n_estimators": 4781.278821415888, "reg_alpha": 3.0, "reg_lambda": 0.0}, "datetime": {"datetime": "2024-02-19 15:38:20", "elapsed": 1026.663049, "delta": 5.375354}}
{"target": -0.8885122533662901, "params": {"colsample_bytree": 1.0, "learning_rate": 0.001, "max_bin_exp": 10.0, "max_depth": 6.0, "n_estimators": 3865.549818126029, "reg_alpha": 3.0, "reg_lambda": 3.0}, "datetime": {"datetime": "2024-02-19 15:38:29", "elapsed": 1035.556144, "delta": 8.893095}}
{"target": -0.7294514754294301, "params": {"colsample_bytree": 0.7497154819098792, "learning_rate": 0.48179961303311236, "max_bin_exp": 9.445343008305468, "max_depth": 5.610424476588645, "n_estimators": 4579.821122999656, "reg_alpha": 1.0030687060196017, "reg_lambda": 0.10180051302870063}, "datetime": {"datetime": "2024-02-19 15:38:35", "elapsed": 1041.398903, "delta": 5.842759}}
{"target": -0.6941886775894539, "params": {"colsample_bytree": 0.9030741692576452, "learning_rate": 0.2589116682131266, "max_bin_exp": 9.943036337983019, "max_depth": 3.1033127698415033, "n_estimators": 3931.410715867008, "reg_alpha": 2.387893006129684, "reg_lambda": 0.14615590481304108}, "datetime": {"datetime": "2024-02-19 15:38:38", "elapsed": 1045.031586, "delta": 3.632683}}
{"target": -0.6270985699483581, "params": {"colsample_bytree": 0.7250514210471914, "learning_rate": 0.11532143974241428, "max_bin_exp": 8.225292472990878, "max_depth": 5.176014589798246, "n_estimators": 4618.527229443092, "reg_alpha": 2.6793205232176804, "reg_lambda": 2.980695363629942}, "datetime": {"datetime": "2024-02-19 15:38:44", "elapsed": 1050.547802, "delta": 5.516216}}
{"target": -0.66101829380738, "params": {"colsample_bytree": 0.6461505812439068, "learning_rate": 0.022191082449752618, "max_bin_exp": 9.092673039130561, "max_depth": 5.81836193122833, "n_estimators": 685.2370962209053, "reg_alpha": 2.395523479135838, "reg_lambda": 1.1012954715998586}, "datetime": {"datetime": "2024-02-19 15:38:45", "elapsed": 1052.240366, "delta": 1.692564}}
{"target": -0.7827246104677017, "params": {"colsample_bytree": 0.8503677576496327, "learning_rate": 0.1333258015757974, "max_bin_exp": 5.985345797068284, "max_depth": 4.573973096154084, "n_estimators": 3667.024722876595, "reg_alpha": 2.926292112193113, "reg_lambda": 0.00022106522422593589}, "datetime": {"datetime": "2024-02-19 15:38:50", "elapsed": 1057.067277, "delta": 4.826911}}
{"target": -0.67760293911988, "params": {"colsample_bytree": 0.4631202106684949, "learning_rate": 0.04738155449258571, "max_bin_exp": 6.401613193619283, "max_depth": 5.234495714694916, "n_estimators": 4778.359063419814, "reg_alpha": 2.1366394007271783, "reg_lambda": 0.03514565237244183}, "datetime": {"datetime": "2024-02-19 15:38:55", "elapsed": 1062.069524, "delta": 5.002247}}
{"target": -0.6560965793064382, "params": {"colsample_bytree": 0.44713514709395147, "learning_rate": 0.11593240565407364, "max_bin_exp": 8.867097761923567, "max_depth": 4.625470366931752, "n_estimators": 3667.4874311423773, "reg_alpha": 0.2323617531765827, "reg_lambda": 1.261093425487834}, "datetime": {"datetime": "2024-02-19 15:39:00", "elapsed": 1067.181611, "delta": 5.112087}}
{"target": -0.7973509253251531, "params": {"colsample_bytree": 0.9312586447849436, "learning_rate": 0.4041765347339719, "max_bin_exp": 5.147415880431414, "max_depth": 2.540465233597787, "n_estimators": 3668.350756177079, "reg_alpha": 0.1321404465481698, "reg_lambda": 2.455309257475962}, "datetime": {"datetime": "2024-02-19 15:39:03", "elapsed": 1070.310876, "delta": 3.129265}}
{"target": -0.9021106668549905, "params": {"colsample_bytree": 0.537902796345552, "learning_rate": 0.016418191566968443, "max_bin_exp": 8.966024026678475, "max_depth": 2.7755681864082016, "n_estimators": 3669.6738931062205, "reg_alpha": 2.839865252964906, "reg_lambda": 2.1733069306518846}, "datetime": {"datetime": "2024-02-19 15:39:06", "elapsed": 1073.268509, "delta": 2.957633}}
{"target": -1.0513885838946269, "params": {"colsample_bytree": 0.7933641284754047, "learning_rate": 0.07321017707931833, "max_bin_exp": 4.878559011276509, "max_depth": 5.971006166625922, "n_estimators": 3663.4285769705075, "reg_alpha": 0.33147147759535833, "reg_lambda": 2.7613411871770515}, "datetime": {"datetime": "2024-02-19 15:39:12", "elapsed": 1078.680062, "delta": 5.411553}}
{"target": -1.415280246592514, "params": {"colsample_bytree": 1.0, "learning_rate": 0.001, "max_bin_exp": 10.0, "max_depth": 6.0, "n_estimators": 3203.480713472101, "reg_alpha": 0.0, "reg_lambda": 3.0}, "datetime": {"datetime": "2024-02-19 15:39:16", "elapsed": 1082.82452, "delta": 4.144458}}
{"target": -1.3962514385398277, "params": {"colsample_bytree": 0.5825154125229451, "learning_rate": 0.16629899154653166, "max_bin_exp": 4.3307336423969085, "max_depth": 2.1362636034314484, "n_estimators": 4161.395418965263, "reg_alpha": 2.2208236287003, "reg_lambda": 0.23772440877683987}, "datetime": {"datetime": "2024-02-19 15:39:19", "elapsed": 1086.016882, "delta": 3.192362}}
{"target": -0.7237632554768421, "params": {"colsample_bytree": 0.8376285941122767, "learning_rate": 0.03525572436809376, "max_bin_exp": 5.102794692312974, "max_depth": 5.246195173287874, "n_estimators": 3671.5329499894783, "reg_alpha": 0.9665375354451925, "reg_lambda": 0.952158621722504}, "datetime": {"datetime": "2024-02-19 15:39:24", "elapsed": 1090.758533, "delta": 4.741651}}
{"target": -0.7523912517088924, "params": {"colsample_bytree": 0.3159553127369046, "learning_rate": 0.4452661799562717, "max_bin_exp": 9.861916830772474, "max_depth": 5.371818103225241, "n_estimators": 757.3880497945385, "reg_alpha": 1.7996017187979727, "reg_lambda": 2.053697396266461}, "datetime": {"datetime": "2024-02-19 15:39:26", "elapsed": 1092.528888, "delta": 1.770355}}
{"target": -0.6925120710216571, "params": {"colsample_bytree": 1.0, "learning_rate": 0.5, "max_bin_exp": 7.4916450169715025, "max_depth": 6.0, "n_estimators": 4774.36376764284, "reg_alpha": 3.0, "reg_lambda": 0.0}, "datetime": {"datetime": "2024-02-19 15:39:32", "elapsed": 1098.733186, "delta": 6.204298}}
{"target": -1.672207602924906, "params": {"colsample_bytree": 0.9997139903750587, "learning_rate": 0.08910837596286134, "max_bin_exp": 6.0353340073766475, "max_depth": 1.644001895715276, "n_estimators": 4837.364648102968, "reg_alpha": 1.0454708608088055, "reg_lambda": 2.901201085286398}, "datetime": {"datetime": "2024-02-19 15:39:34", "elapsed": 1101.174441, "delta": 2.441255}}
{"target": -0.65002689224488, "params": {"colsample_bytree": 1.0, "learning_rate": 0.5, "max_bin_exp": 7.164511549295607, "max_depth": 6.0, "n_estimators": 4146.151532106599, "reg_alpha": 3.0, "reg_lambda": 3.0}, "datetime": {"datetime": "2024-02-19 15:39:40", "elapsed": 1107.290363, "delta": 6.115922}}
{"target": -4.470309787723634, "params": {"colsample_bytree": 0.2, "learning_rate": 0.001, "max_bin_exp": 5.841143732067213, "max_depth": 4.170503088645798, "n_estimators": 685.7626501996929, "reg_alpha": 3.0, "reg_lambda": 3.0}, "datetime": {"datetime": "2024-02-19 15:39:42", "elapsed": 1108.579815, "delta": 1.289452}}
{"target": -2.1802393483933615, "params": {"colsample_bytree": 1.0, "learning_rate": 0.001, "max_bin_exp": 7.8221031109173484, "max_depth": 3.6315079586839367, "n_estimators": 3732.0523550586063, "reg_alpha": 3.0, "reg_lambda": 3.0}, "datetime": {"datetime": "2024-02-19 15:39:46", "elapsed": 1112.378667, "delta": 3.798852}}
{"target": -0.6352055709245528, "params": {"colsample_bytree": 1.0, "learning_rate": 0.5, "max_bin_exp": 10.0, "max_depth": 6.0, "n_estimators": 762.0090639634166, "reg_alpha": 2.9732902914659, "reg_lambda": 3.0}, "datetime": {"datetime": "2024-02-19 15:39:48", "elapsed": 1115.002466, "delta": 2.623799}}
{"target": -0.6064773242834863, "params": {"colsample_bytree": 0.7702936123776374, "learning_rate": 0.21944869130388683, "max_bin_exp": 9.753060164846186, "max_depth": 5.670074235648361, "n_estimators": 682.9750062434, "reg_alpha": 0.7213524123638678, "reg_lambda": 2.3465000025946194}, "datetime": {"datetime": "2024-02-19 15:39:50", "elapsed": 1117.235876, "delta": 2.23341}}
{"target": -0.6456470846251178, "params": {"colsample_bytree": 0.4682548908194309, "learning_rate": 0.14260261999933985, "max_bin_exp": 9.00337005484737, "max_depth": 5.517462673252865, "n_estimators": 3725.280515564203, "reg_alpha": 1.8617671157937374, "reg_lambda": 2.810469587326494}, "datetime": {"datetime": "2024-02-19 15:39:56", "elapsed": 1123.29879, "delta": 6.062914}}
{"target": -0.666536095416777, "params": {"colsample_bytree": 1.0, "learning_rate": 0.5, "max_bin_exp": 6.990756687897506, "max_depth": 6.0, "n_estimators": 3916.985309729801, "reg_alpha": 3.0, "reg_lambda": 3.0}, "datetime": {"datetime": "2024-02-19 15:40:03", "elapsed": 1129.353921, "delta": 6.055131}}
{"target": -1.05914837225128, "params": {"colsample_bytree": 0.2, "learning_rate": 0.5, "max_bin_exp": 10.0, "max_depth": 6.0, "n_estimators": 3933.676851015711, "reg_alpha": 3.0, "reg_lambda": 2.4008505571953784}, "datetime": {"datetime": "2024-02-19 15:40:09", "elapsed": 1135.655035, "delta": 6.301114}}
{"target": -3.123350663023776, "params": {"colsample_bytree": 0.2, "learning_rate": 0.001, "max_bin_exp": 6.382652265458335, "max_depth": 6.0, "n_estimators": 3668.500556974566, "reg_alpha": 2.0068373073916197, "reg_lambda": 3.0}, "datetime": {"datetime": "2024-02-19 15:40:14", "elapsed": 1140.511556, "delta": 4.856521}}
{"target": -0.7092455898032899, "params": {"colsample_bytree": 0.9164349307372384, "learning_rate": 0.43625694619768535, "max_bin_exp": 7.698033951505434, "max_depth": 5.438491599451676, "n_estimators": 3662.0524608211035, "reg_alpha": 2.8404669637449516, "reg_lambda": 0.3435497269778556}, "datetime": {"datetime": "2024-02-19 15:40:19", "elapsed": 1145.749233, "delta": 5.237677}}
{"target": -0.7185712042620239, "params": {"colsample_bytree": 0.8575202925517944, "learning_rate": 0.34657150924488406, "max_bin_exp": 7.068248978730133, "max_depth": 2.348764880363306, "n_estimators": 3670.20132407878, "reg_alpha": 0.10442429547288268, "reg_lambda": 0.6214756884642976}, "datetime": {"datetime": "2024-02-19 15:40:22", "elapsed": 1148.37158, "delta": 2.622347}}
{"target": -2.134898531302966, "params": {"colsample_bytree": 1.0, "learning_rate": 0.001, "max_bin_exp": 10.0, "max_depth": 3.9091156822112363, "n_estimators": 3665.7546411777735, "reg_alpha": 2.8235444854543896, "reg_lambda": 0.0}, "datetime": {"datetime": "2024-02-19 15:40:26", "elapsed": 1152.545371, "delta": 4.173791}}
{"target": -3.1589808375559087, "params": {"colsample_bytree": 0.533015327455765, "learning_rate": 0.10724567979669802, "max_bin_exp": 4.967595806339387, "max_depth": 1.1047565213676456, "n_estimators": 3666.2270783716654, "reg_alpha": 0.9687004650204474, "reg_lambda": 0.02766383417791618}, "datetime": {"datetime": "2024-02-19 15:40:28", "elapsed": 1154.497638, "delta": 1.952267}}
{"target": -3.788654085298964, "params": {"colsample_bytree": 0.2, "learning_rate": 0.001, "max_bin_exp": 7.592680238018349, "max_depth": 3.638175673707359, "n_estimators": 3930.6317346419855, "reg_alpha": 3.0, "reg_lambda": 3.0}, "datetime": {"datetime": "2024-02-19 15:40:31", "elapsed": 1158.09849, "delta": 3.600852}}
{"target": -0.7913957286946384, "params": {"colsample_bytree": 0.32223179307839944, "learning_rate": 0.3123176120543499, "max_bin_exp": 7.3511111121486525, "max_depth": 4.793379618934228, "n_estimators": 4142.396102318653, "reg_alpha": 0.21195751842004118, "reg_lambda": 1.7704504316665697}, "datetime": {"datetime": "2024-02-19 15:40:36", "elapsed": 1162.42883, "delta": 4.33034}}
{"target": -0.6933211629505798, "params": {"colsample_bytree": 0.6339646589321484, "learning_rate": 0.3807010890613866, "max_bin_exp": 7.996548731161039, "max_depth": 5.062056588697232, "n_estimators": 4781.116277196823, "reg_alpha": 2.0631722306988487, "reg_lambda": 2.1557009673513967}, "datetime": {"datetime": "2024-02-19 15:40:41", "elapsed": 1168.124227, "delta": 5.695397}}
{"target": -0.7217599346298992, "params": {"colsample_bytree": 1.0, "learning_rate": 0.5, "max_bin_exp": 10.0, "max_depth": 4.723897953692904, "n_estimators": 682.8970439026937, "reg_alpha": 2.6443988262864395, "reg_lambda": 0.0}, "datetime": {"datetime": "2024-02-19 15:40:43", "elapsed": 1170.308156, "delta": 2.183929}}
{"target": -0.6880292068105579, "params": {"colsample_bytree": 0.4789135543619006, "learning_rate": 0.355697586478176, "max_bin_exp": 9.687717140246978, "max_depth": 5.879766357524986, "n_estimators": 3932.668423367678, "reg_alpha": 0.6547940029678136, "reg_lambda": 0.8134339320037784}, "datetime": {"datetime": "2024-02-19 15:40:49", "elapsed": 1176.207472, "delta": 5.899316}}
{"target": -0.6537405557738568, "params": {"colsample_bytree": 0.9758302670641696, "learning_rate": 0.13598179530517504, "max_bin_exp": 9.821557417869926, "max_depth": 3.985030717828136, "n_estimators": 3927.312473738125, "reg_alpha": 0.9753894508690764, "reg_lambda": 0.31117328505490227}, "datetime": {"datetime": "2024-02-19 15:40:54", "elapsed": 1180.658558, "delta": 4.451086}}
{"target": -0.7027964302395979, "params": {"colsample_bytree": 0.3190130978856475, "learning_rate": 0.13809863255603178, "max_bin_exp": 9.997686365584634, "max_depth": 5.428507005561693, "n_estimators": 3923.6569913356334, "reg_alpha": 0.4827138414851685, "reg_lambda": 2.829718469347886}, "datetime": {"datetime": "2024-02-19 15:40:59", "elapsed": 1186.306443, "delta": 5.647885}}
{"target": -0.7021171589426274, "params": {"colsample_bytree": 0.43379766579990914, "learning_rate": 0.21012053632357622, "max_bin_exp": 7.662381640402908, "max_depth": 5.723804063404699, "n_estimators": 3727.738364395841, "reg_alpha": 1.4454966991218048, "reg_lambda": 1.788574685774896}, "datetime": {"datetime": "2024-02-19 15:41:05", "elapsed": 1191.454749, "delta": 5.148306}}
{"target": -0.6650822854516096, "params": {"colsample_bytree": 0.8470417895300355, "learning_rate": 0.3683380416112196, "max_bin_exp": 8.426180894373001, "max_depth": 4.283512876217785, "n_estimators": 3925.975750683089, "reg_alpha": 0.0744827949745841, "reg_lambda": 2.3395749116706166}, "datetime": {"datetime": "2024-02-19 15:41:09", "elapsed": 1196.230055, "delta": 4.775306}}
{"target": -0.6314811697811838, "params": {"colsample_bytree": 0.4645089584142646, "learning_rate": 0.07041635426573407, "max_bin_exp": 9.881768013864129, "max_depth": 5.185787151276522, "n_estimators": 764.0421890024999, "reg_alpha": 0.8401711261845755, "reg_lambda": 0.5029510735801304}, "datetime": {"datetime": "2024-02-19 15:41:11", "elapsed": 1197.924939, "delta": 1.694884}}
{"target": -1.1210799158096456, "params": {"colsample_bytree": 1.0, "learning_rate": 0.5, "max_bin_exp": 4.743592755808109, "max_depth": 6.0, "n_estimators": 3910.370691799467, "reg_alpha": 3.0, "reg_lambda": 2.4157057678900142}, "datetime": {"datetime": "2024-02-19 15:41:17", "elapsed": 1203.958032, "delta": 6.033093}}
{"target": -4.130695065089454, "params": {"colsample_bytree": 0.2, "learning_rate": 0.001, "max_bin_exp": 8.170133087910502, "max_depth": 2.9653464494272788, "n_estimators": 4619.335548654393, "reg_alpha": 0.0, "reg_lambda": 3.0}, "datetime": {"datetime": "2024-02-19 15:41:21", "elapsed": 1207.374673, "delta": 3.416641}}
{"target": -0.9112849089071328, "params": {"colsample_bytree": 0.2, "learning_rate": 0.5, "max_bin_exp": 8.710019754814413, "max_depth": 5.081745348660184, "n_estimators": 3662.7677285641876, "reg_alpha": 0.9931767569205457, "reg_lambda": 3.0}, "datetime": {"datetime": "2024-02-19 15:41:25", "elapsed": 1212.054201, "delta": 4.679528}}
