{"target": 1.0080512158204178, "params": {"u": 7.020181495357862, "v": 6.857330665911983, "x": 6.361585434705235, "y": 5.8919905761285305}, "datetime": {"datetime": "2024-02-27 10:37:13", "elapsed": 214.484119, "delta": 1.350832}}
{"target": 0.14397377251949733, "params": {"u": 0.08501208497466495, "v": 7.454012259215911, "x": 0.6394149605594313, "y": 1.217628637866075}, "datetime": {"datetime": "2024-02-27 10:37:14", "elapsed": 215.894859, "delta": 1.41074}}
{"target": 0.2407399348289565, "params": {"u": 0.5955108962309175, "v": 7.485009722198461, "x": 4.789072562222408, "y": 5.126417867757134}, "datetime": {"datetime": "2024-02-27 10:37:15", "elapsed": 217.090027, "delta": 1.195168}}
{"target": 0.1766007341677964, "params": {"u": 0.06249396033100263, "v": 5.488579030252096, "x": 5.247920084060059, "y": 0.16929604440069412}, "datetime": {"datetime": "2024-02-27 10:37:18", "elapsed": 219.808874, "delta": 2.718847}}
{"target": 0.29685367836746657, "params": {"u": 8.333602466352701, "v": 3.5306655527784567, "x": 6.993537208950232, "y": 7.4783401137457295}, "datetime": {"datetime": "2024-02-27 10:37:20", "elapsed": 221.237567, "delta": 1.428693}}
{"target": 0.25814462803151056, "params": {"u": 4.639357052860822, "v": 4.640564747371383, "x": 9.965396918194205, "y": 2.455916358604475}, "datetime": {"datetime": "2024-02-27 10:37:20", "elapsed": 222.021852, "delta": 0.784285}}
{"target": 0.3383933800655708, "params": {"u": 1.235216521212098, "v": 3.4927162076004925, "x": 4.080241791465056, "y": 2.757986869019428}, "datetime": {"datetime": "2024-02-27 10:37:21", "elapsed": 223.169616, "delta": 1.147764}}
{"target": 3.275559690387448, "params": {"u": 5.231799078560856, "v": 3.9195856096216763, "x": 5.188111740676642, "y": 2.757708419552134}, "datetime": {"datetime": "2024-02-27 10:37:24", "elapsed": 226.056239, "delta": 2.886623}}
{"target": 2.750121056778301, "params": {"u": 5.665191088558315, "v": 3.093009352400733, "x": 5.3677067759142405, "y": 3.251106512478237}, "datetime": {"datetime": "2024-02-27 10:37:27", "elapsed": 228.701086, "delta": 2.644847}}
{"target": 3.9845457520678873, "params": {"u": 5.627957880943894, "v": 3.311047340368216, "x": 4.960821108546777, "y": 3.0814639903066556}, "datetime": {"datetime": "2024-02-27 10:37:30", "elapsed": 231.619184, "delta": 2.918098}}
{"target": 0.13732754986904464, "params": {"u": 0.6841253867114405, "v": 4.834473900369007, "x": 0.3879895398335431, "y": 9.792245619416077}, "datetime": {"datetime": "2024-02-27 10:37:33", "elapsed": 234.954146, "delta": 3.334962}}
{"target": 0.14511977104056256, "params": {"u": 7.15913363183758, "v": 9.559429294311526, "x": 9.85117556614279, "y": 1.3439410987160927}, "datetime": {"datetime": "2024-02-27 10:37:34", "elapsed": 236.125771, "delta": 1.171625}}
{"target": 0.5398484532989822, "params": {"u": 8.144933243079056, "v": 0.11926101235838371, "x": 7.101135449444277, "y": 2.165219305693491}, "datetime": {"datetime": "2024-02-27 10:37:36", "elapsed": 237.516172, "delta": 1.390401}}
{"target": 0.10487831652085142, "params": {"u": 4.276420832175431, "v": 10.0, "x": 0.0, "y": 0.0}, "datetime": {"datetime": "2024-02-27 10:37:39", "elapsed": 240.354508, "delta": 2.838336}}
{"target": 0.2051862250869815, "params": {"u": 2.8567004486204803, "v": 0.5965622225736167, "x": 8.102614759524634, "y": 3.6791503678408}, "datetime": {"datetime": "2024-02-27 10:37:40", "elapsed": 241.645202, "delta": 1.290694}}
{"target": 3.9027441854881446, "params": {"u": 5.428552951128544, "v": 3.339955751862771, "x": 5.066377097927731, "y": 3.109610801651116}, "datetime": {"datetime": "2024-02-27 10:37:44", "elapsed": 245.83116, "delta": 4.185958}}
{"target": 0.1050901319988132, "params": {"u": 0.673582027438643, "v": 4.989312713984692, "x": 10.0, "y": 9.546657235195143}, "datetime": {"datetime": "2024-02-27 10:37:47", "elapsed": 248.976045, "delta": 3.144885}}
{"target": 0.19482114692463748, "params": {"u": 5.768174000216034, "v": 0.0, "x": 0.0, "y": 2.563538916265421}, "datetime": {"datetime": "2024-02-27 10:37:49", "elapsed": 251.168988, "delta": 2.192943}}
{"target": 0.1695829339008801, "params": {"u": 7.781713701233301, "v": 9.034916333864127, "x": 5.614123704376316, "y": 0.4584444929959097}, "datetime": {"datetime": "2024-02-27 10:37:51", "elapsed": 252.236513, "delta": 1.067525}}
{"target": 3.353056506376749, "params": {"u": 5.040595824862373, "v": 3.3926029659742296, "x": 4.7857313223066535, "y": 2.818860231984859}, "datetime": {"datetime": "2024-02-27 10:37:51", "elapsed": 252.922947, "delta": 0.686434}}
{"target": 3.542658234129506, "params": {"u": 5.459697432907137, "v": 3.2459093094025127, "x": 5.228524665322711, "y": 2.929213211765198}, "datetime": {"datetime": "2024-02-27 10:37:54", "elapsed": 255.300106, "delta": 2.377159}}
{"target": 2.749051563915953, "params": {"u": 5.831946971992127, "v": 3.5065395471752003, "x": 5.402434618924525, "y": 3.192153948336427}, "datetime": {"datetime": "2024-02-27 10:37:54", "elapsed": 256.146025, "delta": 0.845919}}
{"target": 0.10442860912293854, "params": {"u": 0.0, "v": 10.0, "x": 5.052133390139721, "y": 0.0}, "datetime": {"datetime": "2024-02-27 10:37:57", "elapsed": 258.541991, "delta": 2.395966}}
{"target": 0.1854316123493117, "params": {"u": 0.0, "v": 5.03290602958538, "x": 0.0, "y": 5.463303483063406}, "datetime": {"datetime": "2024-02-27 10:38:00", "elapsed": 261.439385, "delta": 2.897394}}
{"target": 0.14865905559775375, "params": {"u": 6.649140987280641, "v": 10.0, "x": 0.0, "y": 4.448047787169942}, "datetime": {"datetime": "2024-02-27 10:38:03", "elapsed": 264.71897, "delta": 3.279585}}
{"target": 0.24962759291534997, "params": {"u": 2.9435447561035777, "v": 7.212289907923052, "x": 6.622116804958136, "y": 2.54261324002107}, "datetime": {"datetime": "2024-02-27 10:38:04", "elapsed": 265.771841, "delta": 1.052871}}
{"target": 0.14291508195795433, "params": {"u": 10.0, "v": 0.8221834444199091, "x": 10.0, "y": 6.1072732977364055}, "datetime": {"datetime": "2024-02-27 10:38:09", "elapsed": 270.24321, "delta": 4.471369}}
{"target": 3.69723303733235, "params": {"u": 5.347781716982272, "v": 3.154381633640204, "x": 5.137220990166749, "y": 2.8620658906742658}, "datetime": {"datetime": "2024-02-27 10:38:10", "elapsed": 271.602508, "delta": 1.359298}}
{"target": 0.28524324979445226, "params": {"u": 5.727616074829713, "v": 7.373625140836591, "x": 6.495412969641487, "y": 1.1390309058835635}, "datetime": {"datetime": "2024-02-27 10:38:11", "elapsed": 272.582323, "delta": 0.979815}}
{"target": 0.26874574702861126, "params": {"u": 1.8129827710471946, "v": 5.20077141773897, "x": 4.295295609122084, "y": 1.5641450742605378}, "datetime": {"datetime": "2024-02-27 10:38:12", "elapsed": 274.078888, "delta": 1.496565}}
{"target": 0.1214028947971785, "params": {"u": 2.6552784453256058, "v": 10.0, "x": 10.0, "y": 3.6881045528661174}, "datetime": {"datetime": "2024-02-27 10:38:15", "elapsed": 276.949798, "delta": 2.87091}}
{"target": 0.25585372217197044, "params": {"u": 6.044964238692981, "v": 0.31328777166856003, "x": 9.837208371423715, "y": 0.21818201989582509}, "datetime": {"datetime": "2024-02-27 10:38:18", "elapsed": 279.960919, "delta": 3.011121}}
{"target": 0.17941990720057982, "params": {"u": 0.21691358422244011, "v": 0.20241025968016135, "x": 4.6786553247382345, "y": 0.016582877734750978}, "datetime": {"datetime": "2024-02-27 10:38:21", "elapsed": 282.282513, "delta": 2.321594}}
{"target": 0.22003298333366547, "params": {"u": 10.0, "v": 4.2376007460851985, "x": 10.0, "y": 3.0787360339308334}, "datetime": {"datetime": "2024-02-27 10:38:23", "elapsed": 285.195224, "delta": 2.912711}}
{"target": 0.15187812935586043, "params": {"u": 6.618403700082366, "v": 10.0, "x": 10.0, "y": 10.0}, "datetime": {"datetime": "2024-02-27 10:38:25", "elapsed": 287.110314, "delta": 1.91509}}
{"target": 0.11975967641214258, "params": {"u": 0.0, "v": 0.0, "x": 0.0, "y": 7.031674503231762}, "datetime": {"datetime": "2024-02-27 10:38:28", "elapsed": 289.343966, "delta": 2.233652}}
{"target": 1.459815536592531, "params": {"u": 4.906073600281529, "v": 3.68812648416742, "x": 5.0272186085267645, "y": 3.152366895899139}, "datetime": {"datetime": "2024-02-27 10:38:29", "elapsed": 290.698574, "delta": 1.354608}}
{"target": 1.328877178422826, "params": {"u": 5.149397154965391, "v": 3.6589686274722983, "x": 3.958494905844862, "y": 3.6980383573631337}, "datetime": {"datetime": "2024-02-27 10:38:32", "elapsed": 293.348037, "delta": 2.649463}}
{"target": 1.524197750390319, "params": {"u": 4.645138269255006, "v": 4.769802078617098, "x": 3.7689114665274706, "y": 3.068548811586871}, "datetime": {"datetime": "2024-02-27 10:38:34", "elapsed": 295.334812, "delta": 1.986775}}
{"target": 0.4973091180825766, "params": {"u": 4.027970141180722, "v": 6.779006597824603, "x": 6.821379629976035, "y": 4.4325365212476076}, "datetime": {"datetime": "2024-02-27 10:38:35", "elapsed": 296.613512, "delta": 1.2787}}
{"target": 0.41205805725318095, "params": {"u": 7.67710642030182, "v": 7.580634754877221, "x": 7.575042257961883, "y": 4.065612961597984}, "datetime": {"datetime": "2024-02-27 10:38:36", "elapsed": 297.782897, "delta": 1.169385}}
{"target": 0.18910808807421495, "params": {"u": 8.955813856664122, "v": 7.415384647696759, "x": 0.6382072528033533, "y": 5.737923805389254}, "datetime": {"datetime": "2024-02-27 10:38:38", "elapsed": 299.266676, "delta": 1.483779}}
{"target": 0.15511958767000844, "params": {"u": 6.444859406616088, "v": 9.699852921211106, "x": 1.1768625973575042, "y": 1.5658976677366943}, "datetime": {"datetime": "2024-02-27 10:38:39", "elapsed": 300.691813, "delta": 1.425137}}
{"target": 3.88531915968274, "params": {"u": 5.4416927441084715, "v": 3.365197027159276, "x": 4.923952672505996, "y": 2.8958433435344078}, "datetime": {"datetime": "2024-02-27 10:38:41", "elapsed": 302.411368, "delta": 1.719555}}
{"target": 3.2038333387237534, "params": {"u": 5.549981593836618, "v": 3.245275730526682, "x": 4.976681273837437, "y": 2.681278049651606}, "datetime": {"datetime": "2024-02-27 10:38:43", "elapsed": 305.028885, "delta": 2.617517}}
{"target": 1.1664111699283595, "params": {"u": 3.9085637682833863, "v": 4.600076211595193, "x": 3.6043634508866287, "y": 3.8776218915646457}, "datetime": {"datetime": "2024-02-27 10:38:46", "elapsed": 307.626352, "delta": 2.597467}}
{"target": 0.57511989984653, "params": {"u": 8.830768132305302, "v": 5.018660529096662, "x": 5.8709226250827315, "y": 4.770758742250504}, "datetime": {"datetime": "2024-02-27 10:38:48", "elapsed": 309.581554, "delta": 1.955202}}
{"target": 0.8114449725199673, "params": {"u": 4.93447362094408, "v": 4.160549468114986, "x": 2.9243625713852817, "y": 2.918764571676903}, "datetime": {"datetime": "2024-02-27 10:38:51", "elapsed": 312.742488, "delta": 3.160934}}
{"target": 1.070861506303285, "params": {"u": 4.9543394853914, "v": 5.855225577889729, "x": 3.873732196951104, "y": 3.3260564303979567}, "datetime": {"datetime": "2024-02-27 10:38:53", "elapsed": 314.605606, "delta": 1.863118}}
{"target": 0.24564557682176108, "params": {"u": 2.5279028940856807, "v": 5.6319593634884, "x": 6.1914304955849895, "y": 8.747657350197324}, "datetime": {"datetime": "2024-02-27 10:38:55", "elapsed": 316.325683, "delta": 1.720077}}
{"target": 0.5533614175101677, "params": {"u": 4.345945668076353, "v": 4.621249210275835, "x": 6.843066144021419, "y": 5.103213260475293}, "datetime": {"datetime": "2024-02-27 10:38:55", "elapsed": 317.156251, "delta": 0.830568}}
{"target": 0.9082020148391606, "params": {"u": 4.081451872655704, "v": 3.1090684759000253, "x": 4.352527249964576, "y": 5.0100968326084665}, "datetime": {"datetime": "2024-02-27 10:38:58", "elapsed": 319.732243, "delta": 2.575992}}
{"target": 3.310954356527257, "params": {"u": 5.778603848886549, "v": 3.2514438518428044, "x": 4.740774644117404, "y": 3.1485566909925233}, "datetime": {"datetime": "2024-02-27 10:39:00", "elapsed": 321.357466, "delta": 1.625223}}
{"target": 0.12843505155195925, "params": {"u": 0.0, "v": 10.0, "x": 8.074022418522553, "y": 6.134510723051659}, "datetime": {"datetime": "2024-02-27 10:39:02", "elapsed": 323.904429, "delta": 2.546963}}
{"target": 0.661487408720396, "params": {"u": 3.3869008445423097, "v": 5.306068485532266, "x": 4.1383541393096515, "y": 2.9279732677959935}, "datetime": {"datetime": "2024-02-27 10:39:06", "elapsed": 327.807323, "delta": 3.902894}}
{"target": 1.5166701092476498, "params": {"u": 6.44805150559817, "v": 3.20593457442146, "x": 5.6007390840291755, "y": 2.5117306978076304}, "datetime": {"datetime": "2024-02-27 10:39:08", "elapsed": 329.816055, "delta": 2.008732}}
{"target": 0.731272935260137, "params": {"u": 4.392307367558411, "v": 4.0823367445257865, "x": 4.391528262961206, "y": 1.8257878119270587}, "datetime": {"datetime": "2024-02-27 10:39:09", "elapsed": 330.991779, "delta": 1.175724}}
{"target": 0.15516839083922293, "params": {"u": 10.0, "v": 6.239264977853164, "x": 3.1294023588453186, "y": 0.0}, "datetime": {"datetime": "2024-02-27 10:39:10", "elapsed": 332.06592, "delta": 1.074141}}
{"target": 0.1331240239004284, "params": {"u": 1.0510369759306821, "v": 6.269643452871591, "x": 10.0, "y": 0.8471150472658804}, "datetime": {"datetime": "2024-02-27 10:39:13", "elapsed": 335.196371, "delta": 3.130451}}
{"target": 0.13562525849896845, "params": {"u": 4.5073162393498825, "v": 3.314652823055949, "x": 10.0, "y": 10.0}, "datetime": {"datetime": "2024-02-27 10:39:17", "elapsed": 338.852125, "delta": 3.655754}}
{"target": 0.16695676962854958, "params": {"u": 6.778916898737119, "v": 5.432033741464872, "x": 0.01602879243876698, "y": 0.02712226757540681}, "datetime": {"datetime": "2024-02-27 10:39:19", "elapsed": 340.998621, "delta": 2.146496}}
{"target": 0.22504482395657455, "params": {"u": 4.818316854227315, "v": 10.0, "x": 4.659082729539315, "y": 10.0}, "datetime": {"datetime": "2024-02-27 10:39:23", "elapsed": 345.170266, "delta": 4.171645}}
{"target": 0.29962567471745133, "params": {"u": 4.843687783754612, "v": 10.0, "x": 2.7847018655984934, "y": 6.4468016201847425}, "datetime": {"datetime": "2024-02-27 10:39:26", "elapsed": 348.138229, "delta": 2.967963}}
{"target": 0.16583335215147238, "params": {"u": 5.1936012052708636, "v": 5.7399645509777235, "x": 0.0, "y": 10.0}, "datetime": {"datetime": "2024-02-27 10:39:29", "elapsed": 350.813132, "delta": 2.674903}}
{"target": 0.17810918090500885, "params": {"u": 10.0, "v": 8.081683739924728, "x": 9.630263752516472, "y": 10.0}, "datetime": {"datetime": "2024-02-27 10:39:33", "elapsed": 354.23404, "delta": 3.420908}}
{"target": 0.2894553087281173, "params": {"u": 3.5870614454864747, "v": 1.8764823145571286, "x": 2.6567078938862245, "y": 5.548619185704508}, "datetime": {"datetime": "2024-02-27 10:39:34", "elapsed": 355.266842, "delta": 1.032802}}
{"target": 0.12045818801605117, "params": {"u": 0.0, "v": 1.5638203259667318, "x": 10.0, "y": 5.645683629965513}, "datetime": {"datetime": "2024-02-27 10:39:36", "elapsed": 357.681773, "delta": 2.414931}}
{"target": 0.45288582855304815, "params": {"u": 7.815299545640185, "v": 2.810167308421272, "x": 9.06312332850743, "y": 3.5708718082155433}, "datetime": {"datetime": "2024-02-27 10:39:38", "elapsed": 359.34253, "delta": 1.660757}}
{"target": 0.13693087431488823, "params": {"u": 4.028030185375147, "v": 0.0, "x": 5.3508113884418504, "y": 10.0}, "datetime": {"datetime": "2024-02-27 10:39:41", "elapsed": 362.675718, "delta": 3.333188}}
{"target": 0.699471300593356, "params": {"u": 4.720978912960907, "v": 5.038387569957521, "x": 2.9181048771711526, "y": 4.953561803790966}, "datetime": {"datetime": "2024-02-27 10:39:46", "elapsed": 367.512414, "delta": 4.836696}}
{"target": 0.2568650588543463, "params": {"u": 4.989523552194654, "v": 7.065802897695312, "x": 0.1381686404105653, "y": 8.995237261430493}, "datetime": {"datetime": "2024-02-27 10:39:48", "elapsed": 369.347488, "delta": 1.835074}}
{"target": 0.10328349887605011, "params": {"u": 3.153808633237676, "v": 0.0, "x": 0.0, "y": 10.0}, "datetime": {"datetime": "2024-02-27 10:39:51", "elapsed": 372.336698, "delta": 2.98921}}
{"target": 1.5589280117335778, "params": {"u": 5.221315470141855, "v": 3.489110879144046, "x": 5.969151248954907, "y": 2.858665988738902}, "datetime": {"datetime": "2024-02-27 10:39:53", "elapsed": 374.909766, "delta": 2.573068}}
{"target": 0.2293302969315278, "params": {"u": 2.0517464994259638, "v": 4.423776734388496, "x": 8.467714304446043, "y": 1.3511225088755374}, "datetime": {"datetime": "2024-02-27 10:39:55", "elapsed": 376.411665, "delta": 1.501899}}
{"target": 0.3630625877431345, "params": {"u": 5.73285016842446, "v": 2.636062131193031, "x": 9.222610558784462, "y": 3.5945422584021767}, "datetime": {"datetime": "2024-02-27 10:39:57", "elapsed": 378.584862, "delta": 2.173197}}
{"target": 3.405870013576505, "params": {"u": 5.984020297550867, "v": 3.6476563688479766, "x": 5.01047409229681, "y": 3.2759892182970054}, "datetime": {"datetime": "2024-02-27 10:39:59", "elapsed": 380.586406, "delta": 2.001544}}
{"target": 0.9751446093481793, "params": {"u": 6.843843369073014, "v": 4.52140649268488, "x": 5.023270144390473, "y": 4.121806322393098}, "datetime": {"datetime": "2024-02-27 10:40:01", "elapsed": 382.5946, "delta": 2.008194}}
{"target": 0.2155167357390412, "params": {"u": 4.861342499159741, "v": 9.310337225908976, "x": 4.268749681941831, "y": 2.031532718349227}, "datetime": {"datetime": "2024-02-27 10:40:02", "elapsed": 384.076906, "delta": 1.482306}}
{"target": 3.691757630593124, "params": {"u": 5.431844817519957, "v": 3.664167022936171, "x": 5.11474498204858, "y": 3.161538147779189}, "datetime": {"datetime": "2024-02-27 10:40:06", "elapsed": 387.637373, "delta": 3.560467}}
{"target": 0.8092617442366181, "params": {"u": 7.0000041784235725, "v": 3.626309545570453, "x": 4.9116688308943734, "y": 3.720305717592355}, "datetime": {"datetime": "2024-02-27 10:40:11", "elapsed": 392.752064, "delta": 5.114691}}
{"target": 0.18043237489866376, "params": {"u": 10.0, "v": 0.0, "x": 4.082431035246028, "y": 0.0}, "datetime": {"datetime": "2024-02-27 10:40:14", "elapsed": 395.474527, "delta": 2.722463}}
{"target": 0.2042362424274243, "params": {"u": 10.0, "v": 0.0, "x": 10.0, "y": 0.2969843557975391}, "datetime": {"datetime": "2024-02-27 10:40:17", "elapsed": 398.216103, "delta": 2.741576}}
{"target": 1.4198045060326956, "params": {"u": 6.0113956040795715, "v": 3.105665258583432, "x": 5.199339462758596, "y": 3.409711990346702}, "datetime": {"datetime": "2024-02-27 10:40:20", "elapsed": 401.754992, "delta": 3.538889}}
{"target": 0.1389326126451434, "params": {"u": 3.6459020503705943, "v": 0.5592287174848776, "x": 7.328105019257999, "y": 9.128172003326947}, "datetime": {"datetime": "2024-02-27 10:40:21", "elapsed": 402.944761, "delta": 1.189769}}
{"target": 0.7156082129367001, "params": {"u": 5.613221305082296, "v": 2.293232184850984, "x": 4.517639344843442, "y": 4.672790352054564}, "datetime": {"datetime": "2024-02-27 10:40:23", "elapsed": 404.781213, "delta": 1.836452}}
{"target": 1.3233952167193594, "params": {"u": 6.15456112352708, "v": 3.7010364582502686, "x": 5.166627649653189, "y": 3.598044903391424}, "datetime": {"datetime": "2024-02-27 10:40:25", "elapsed": 407.119595, "delta": 2.338382}}
{"target": 4.873002355293044, "params": {"u": 4.834138661376853, "v": 4.918691365976579, "x": 4.352935742471536, "y": 4.0899924793101885}, "datetime": {"datetime": "2024-02-27 10:40:28", "elapsed": 409.830516, "delta": 2.710921}}
{"target": 0.1538998268855389, "params": {"u": 9.120640075936802, "v": 7.0125853684728625, "x": 0.6978581961654251, "y": 7.573800721706199}, "datetime": {"datetime": "2024-02-27 10:40:30", "elapsed": 411.586033, "delta": 1.755517}}
{"target": 4.175991930344619, "params": {"u": 4.415325661303273, "v": 4.162526757572125, "x": 4.305933796794699, "y": 4.285924284073936}, "datetime": {"datetime": "2024-02-27 10:40:32", "elapsed": 413.772905, "delta": 2.186872}}
{"target": 1.325731805802632, "params": {"u": 4.681496781923167, "v": 5.149381488951528, "x": 4.2449590709232226, "y": 3.92965680219827}, "datetime": {"datetime": "2024-02-27 10:40:36", "elapsed": 417.748442, "delta": 3.975537}}
{"target": 5.318851997483354, "params": {"u": 4.4248317022199, "v": 4.2110933838512254, "x": 4.222425985956365, "y": 4.24447143348457}, "datetime": {"datetime": "2024-02-27 10:40:38", "elapsed": 419.995617, "delta": 2.247175}}
{"target": 2.6408752392767743, "params": {"u": 4.321711060502541, "v": 4.908246542130157, "x": 4.413617037342979, "y": 4.451364988474287}, "datetime": {"datetime": "2024-02-27 10:40:44", "elapsed": 426.022848, "delta": 6.027231}}
{"target": 3.831661414553162, "params": {"u": 4.438575841097724, "v": 4.402954995879529, "x": 4.455251508458574, "y": 3.945373422507086}, "datetime": {"datetime": "2024-02-27 10:40:48", "elapsed": 429.32541, "delta": 3.302562}}
{"target": 1.3862560215033448, "params": {"u": 5.608331088561378, "v": 4.503913777739934, "x": 3.7020941805822396, "y": 4.131296239628356}, "datetime": {"datetime": "2024-02-27 10:40:52", "elapsed": 433.354448, "delta": 4.029038}}
{"target": 6.921283784974814, "params": {"u": 4.682017522107729, "v": 4.467005341642621, "x": 4.113758805085801, "y": 4.208641034366683}, "datetime": {"datetime": "2024-02-27 10:40:55", "elapsed": 436.969704, "delta": 3.615256}}
{"target": 1.1897333075951302, "params": {"u": 5.001180024554918, "v": 4.162143117913972, "x": 3.5800530491923874, "y": 4.424649910071315}, "datetime": {"datetime": "2024-02-27 10:41:02", "elapsed": 443.893737, "delta": 6.924033}}
{"target": 5.668999182590387, "params": {"u": 4.942123059201723, "v": 4.4739861103034215, "x": 4.262858812839835, "y": 3.8326261197132503}, "datetime": {"datetime": "2024-02-27 10:41:08", "elapsed": 449.678826, "delta": 5.785089}}
{"target": 0.42023777268609974, "params": {"u": 5.9709559758825925, "v": 4.152488281884111, "x": 3.352850563607499, "y": 7.075875088371335}, "datetime": {"datetime": "2024-02-27 10:41:09", "elapsed": 451.147379, "delta": 1.468553}}
