{"target": 0.15574626187770377, "params": {"u": 9.535769672792462, "v": 0.9200165351867906, "x": 1.754823462241899, "y": 5.7407253351563625}, "datetime": {"datetime": "2024-02-27 11:04:36", "elapsed": 1858.04896, "delta": 4.925159}}
{"target": 0.20779481378151304, "params": {"u": 2.1315620066021435, "v": 4.445916101781254, "x": 1.7828357238672765, "y": 9.454008531104165}, "datetime": {"datetime": "2024-02-27 11:04:43", "elapsed": 1865.188812, "delta": 7.139852}}
{"target": 0.5884050235861664, "params": {"u": 4.333980678641459, "v": 2.994894979968825, "x": 3.294630699955945, "y": 4.401029090762422}, "datetime": {"datetime": "2024-02-27 11:04:57", "elapsed": 1878.676167, "delta": 13.487355}}
{"target": 0.285756214997395, "params": {"u": 7.012617602923255, "v": 9.970375276070172, "x": 4.598390894569304, "y": 4.875879349117543}, "datetime": {"datetime": "2024-02-27 11:05:09", "elapsed": 1890.348397, "delta": 11.67223}}
{"target": 1.0942708746901983, "params": {"u": 4.753395921153688, "v": 3.7475252366416956, "x": 3.694301111048354, "y": 3.0473029677176533}, "datetime": {"datetime": "2024-02-27 11:05:20", "elapsed": 1901.566778, "delta": 11.218381}}
{"target": 1.077195509093417, "params": {"u": 4.121185324922042, "v": 3.7237699969889215, "x": 5.29246095431675, "y": 4.125120095083354}, "datetime": {"datetime": "2024-02-27 11:05:27", "elapsed": 1908.53878, "delta": 6.972002}}
{"target": 0.149848675754409, "params": {"u": 9.170817594212807, "v": 2.9941812997832704, "x": 1.6350662680048567, "y": 8.046804392375547}, "datetime": {"datetime": "2024-02-27 11:05:31", "elapsed": 1912.331753, "delta": 3.792973}}
{"target": 0.5865793959525785, "params": {"u": 3.9235553324599226, "v": 2.430556322944364, "x": 4.312398190406709, "y": 3.9022158339965207}, "datetime": {"datetime": "2024-02-27 11:05:39", "elapsed": 1921.156742, "delta": 8.824989}}
{"target": 0.5089967644367326, "params": {"u": 6.650561270608377, "v": 8.179224423106874, "x": 6.439070519148221, "y": 6.637013626263739}, "datetime": {"datetime": "2024-02-27 11:05:45", "elapsed": 1927.113873, "delta": 5.957131}}
{"target": 4.676875389261799, "params": {"u": 4.139946118168271, "v": 4.3627571797265, "x": 4.155074304094432, "y": 4.34143386893897}, "datetime": {"datetime": "2024-02-27 11:05:53", "elapsed": 1935.068127, "delta": 7.954254}}
{"target": 0.8817986394129262, "params": {"u": 4.791959638487027, "v": 2.855627104099603, "x": 5.2694732805059, "y": 2.417162166920553}, "datetime": {"datetime": "2024-02-27 11:06:04", "elapsed": 1945.461659, "delta": 10.393532}}
{"target": 0.22927705274652455, "params": {"u": 1.7497889971619047, "v": 2.6784504202576045, "x": 5.110524791559864, "y": 0.0}, "datetime": {"datetime": "2024-02-27 11:06:11", "elapsed": 1953.010578, "delta": 7.548919}}
{"target": 0.3177568073973417, "params": {"u": 3.5739158772843083, "v": 5.468542398265458, "x": 0.7632232921791215, "y": 6.501224817273795}, "datetime": {"datetime": "2024-02-27 11:06:14", "elapsed": 1955.449331, "delta": 2.438753}}
{"target": 0.14881752333718892, "params": {"u": 8.743316878278115, "v": 9.251242708098493, "x": 0.3211448619595081, "y": 7.144989336157931}, "datetime": {"datetime": "2024-02-27 11:06:20", "elapsed": 1961.354233, "delta": 5.904902}}
{"target": 0.21386012694634363, "params": {"u": 7.334568927757257, "v": 7.1304793994745435, "x": 8.250247781748788, "y": 0.4177773030531984}, "datetime": {"datetime": "2024-02-27 11:06:25", "elapsed": 1966.495653, "delta": 5.14142}}
{"target": 0.16543382398452494, "params": {"u": 7.291911632662287, "v": 0.11670582270702612, "x": 0.8049345248502504, "y": 0.28771182705093046}, "datetime": {"datetime": "2024-02-27 11:06:37", "elapsed": 1978.638607, "delta": 12.142954}}
{"target": 5.245382077324126, "params": {"u": 4.794228417959063, "v": 4.696751785133241, "x": 3.7804589119075462, "y": 4.248686428105003}, "datetime": {"datetime": "2024-02-27 11:06:44", "elapsed": 1986.18914, "delta": 7.550533}}
{"target": 1.2282284688908618, "params": {"u": 6.470326541609119, "v": 3.485539542979118, "x": 6.675837483869809, "y": 3.5614396880064714}, "datetime": {"datetime": "2024-02-27 11:06:49", "elapsed": 1990.409112, "delta": 4.219972}}
{"target": 4.7315299540545865, "params": {"u": 4.495765173446099, "v": 4.921805311293985, "x": 4.280537025316611, "y": 3.747277492660568}, "datetime": {"datetime": "2024-02-27 11:07:05", "elapsed": 2007.064878, "delta": 16.655766}}
{"target": 1.7927137564981175, "params": {"u": 6.565831423809527, "v": 6.5561979687556615, "x": 5.846731353208913, "y": 6.519576518809399}, "datetime": {"datetime": "2024-02-27 11:07:11", "elapsed": 2012.935074, "delta": 5.870196}}
{"target": 0.18274360216259738, "params": {"u": 3.2606906232030255, "v": 0.03187731433657137, "x": 3.582855606409608, "y": 7.718805323393213}, "datetime": {"datetime": "2024-02-27 11:07:29", "elapsed": 2030.533458, "delta": 17.598384}}
{"target": 7.334888294650607, "params": {"u": 4.276586838627394, "v": 4.823886152521547, "x": 3.8636965767344087, "y": 4.166639709837271}, "datetime": {"datetime": "2024-02-27 11:07:38", "elapsed": 2039.846903, "delta": 9.313445}}
{"target": 0.27715822730548634, "params": {"u": 6.5197604986167885, "v": 9.696846128613533, "x": 5.121959662574167, "y": 3.7021178413415337}, "datetime": {"datetime": "2024-02-27 11:07:45", "elapsed": 2047.199827, "delta": 7.352924}}
{"target": 9.493535978829867, "params": {"u": 4.074569690739174, "v": 4.596440205183932, "x": 4.107857470121427, "y": 3.9848754179490484}, "datetime": {"datetime": "2024-02-27 11:07:56", "elapsed": 2057.349604, "delta": 10.149777}}
{"target": 0.2068832179058561, "params": {"u": 1.2593341653967316, "v": 6.488751065537689, "x": 7.658884428074545, "y": 2.4784802660166037}, "datetime": {"datetime": "2024-02-27 11:08:01", "elapsed": 2062.76577, "delta": 5.416166}}
{"target": 0.23470174432207724, "params": {"u": 10.0, "v": 6.675017149596972, "x": 4.384765074790353, "y": 2.9451783690524107}, "datetime": {"datetime": "2024-02-27 11:08:07", "elapsed": 2068.896341, "delta": 6.130571}}
{"target": 0.39440030606147813, "params": {"u": 3.9375878028170677, "v": 3.0615503119469114, "x": 3.92402754616455, "y": 0.6946133720600756}, "datetime": {"datetime": "2024-02-27 11:08:12", "elapsed": 2073.507373, "delta": 4.611032}}
{"target": 0.2102609902320316, "params": {"u": 4.449364154498143, "v": 6.477070855385051, "x": 9.958499483284058, "y": 7.683441660273326}, "datetime": {"datetime": "2024-02-27 11:08:21", "elapsed": 2083.087613, "delta": 9.58024}}
{"target": 0.25977924736237784, "params": {"u": 7.817983080134109, "v": 5.720270058823415, "x": 0.9446117282045019, "y": 4.249953328995191}, "datetime": {"datetime": "2024-02-27 11:08:26", "elapsed": 2087.715907, "delta": 4.628294}}
{"target": 0.29548581030054094, "params": {"u": 3.5081947506592646, "v": 4.689684443547001, "x": 6.4212711058075636, "y": 0.0}, "datetime": {"datetime": "2024-02-27 11:08:37", "elapsed": 2098.934311, "delta": 11.218404}}
{"target": 7.832783064822561, "params": {"u": 4.797257890390499, "v": 4.846006465041875, "x": 3.9309641824356034, "y": 4.178294842155709}, "datetime": {"datetime": "2024-02-27 11:08:48", "elapsed": 2109.462854, "delta": 10.528543}}
{"target": 0.19323625664279304, "params": {"u": 9.872832394747142, "v": 9.69030148998108, "x": 3.6867504441174583, "y": 7.9840704793718995}, "datetime": {"datetime": "2024-02-27 11:08:53", "elapsed": 2114.244636, "delta": 4.781782}}
{"target": 0.243230646420953, "params": {"u": 3.9146606885938855, "v": 1.9210811472230762, "x": 0.0, "y": 3.5975973988237637}, "datetime": {"datetime": "2024-02-27 11:09:12", "elapsed": 2133.652858, "delta": 19.408222}}
{"target": 1.2968257016971172, "params": {"u": 3.9541922828306553, "v": 4.386099375824425, "x": 4.119335411835875, "y": 4.0832258058026385}, "datetime": {"datetime": "2024-02-27 11:09:26", "elapsed": 2147.293672, "delta": 13.640814}}
{"target": 9.561050181323374, "params": {"u": 4.279199668855307, "v": 4.252987393135151, "x": 3.985923458988724, "y": 3.896540900354266}, "datetime": {"datetime": "2024-02-27 11:09:44", "elapsed": 2165.761177, "delta": 18.467505}}
{"target": 8.962205893793115, "params": {"u": 4.582532149555512, "v": 4.584916687809189, "x": 3.9259907455959784, "y": 3.885139939595846}, "datetime": {"datetime": "2024-02-27 11:09:58", "elapsed": 2179.340279, "delta": 13.579102}}
{"target": 0.19529445682714436, "params": {"u": 3.041004251975915, "v": 0.0063215488014123355, "x": 9.082936170173815, "y": 4.750175750259833}, "datetime": {"datetime": "2024-02-27 11:10:01", "elapsed": 2182.931776, "delta": 3.591497}}
{"target": 0.3427323072680313, "params": {"u": 3.065723126796749, "v": 9.759588692598001, "x": 0.34366166106099216, "y": 7.710230807991902}, "datetime": {"datetime": "2024-02-27 11:10:15", "elapsed": 2196.213865, "delta": 13.282089}}
{"target": 0.38187997930290585, "params": {"u": 6.290260865981131, "v": 0.0, "x": 6.343014622366626, "y": 0.0}, "datetime": {"datetime": "2024-02-27 11:10:26", "elapsed": 2208.111881, "delta": 11.898016}}
{"target": 0.48306904360165875, "params": {"u": 5.933633452974085, "v": 3.4500197227397167, "x": 2.092713178468266, "y": 4.427201211506676}, "datetime": {"datetime": "2024-02-27 11:10:33", "elapsed": 2214.503365, "delta": 6.391484}}
{"target": 0.20532829695249277, "params": {"u": 0.17150916126189797, "v": 7.966078540732692, "x": 0.6973081604861153, "y": 5.214211448791498}, "datetime": {"datetime": "2024-02-27 11:10:39", "elapsed": 2220.209678, "delta": 5.706313}}
{"target": 0.39206401903796934, "params": {"u": 7.906232167430293, "v": 9.766370825815443, "x": 7.220813488556893, "y": 6.243554066409812}, "datetime": {"datetime": "2024-02-27 11:10:44", "elapsed": 2225.955632, "delta": 5.745954}}
{"target": 10.496623966480097, "params": {"u": 4.836858159182214, "v": 4.699552826358499, "x": 3.989914798766969, "y": 3.982733382050357}, "datetime": {"datetime": "2024-02-27 11:10:53", "elapsed": 2234.772734, "delta": 8.817102}}
{"target": 0.6507772268880687, "params": {"u": 8.716811716225035, "v": 3.789672550955452, "x": 7.96835829707669, "y": 4.129615061831755}, "datetime": {"datetime": "2024-02-27 11:10:58", "elapsed": 2240.073854, "delta": 5.30112}}
{"target": 0.5110186909820752, "params": {"u": 7.767812795697542, "v": 5.091520099458008, "x": 5.198159669011616, "y": 7.272268460899676}, "datetime": {"datetime": "2024-02-27 11:11:02", "elapsed": 2243.309916, "delta": 3.236062}}
{"target": 0.1309042797853525, "params": {"u": 5.873929973607162, "v": 2.8683132924257224, "x": 0.2146008163987112, "y": 9.992657680653043}, "datetime": {"datetime": "2024-02-27 11:11:12", "elapsed": 2253.74479, "delta": 10.434874}}
{"target": 0.40584164215221974, "params": {"u": 9.986674938760272, "v": 1.3027218190287415, "x": 8.858260645829215, "y": 2.662296064476002}, "datetime": {"datetime": "2024-02-27 11:11:34", "elapsed": 2275.897309, "delta": 22.152519}}
{"target": 9.139460501300713, "params": {"u": 4.625650409332074, "v": 4.129774138385688, "x": 3.9605286572602205, "y": 3.878547183979123}, "datetime": {"datetime": "2024-02-27 11:11:39", "elapsed": 2281.150264, "delta": 5.252955}}
{"target": 0.1674691193247846, "params": {"u": 4.684973222735135, "v": 8.16070082599489, "x": 9.888166356939124, "y": 1.9949498525741676}, "datetime": {"datetime": "2024-02-27 11:11:57", "elapsed": 2298.411609, "delta": 17.261345}}
{"target": 10.384252453868088, "params": {"u": 4.666953256667328, "v": 4.045691569021851, "x": 3.9655565457600073, "y": 4.016969040057617}, "datetime": {"datetime": "2024-02-27 11:12:08", "elapsed": 2309.331041, "delta": 10.919432}}
{"target": 1.4260417604467495, "params": {"u": 5.051158507323859, "v": 4.856469010731031, "x": 3.726869100151633, "y": 4.02634839538634}, "datetime": {"datetime": "2024-02-27 11:12:25", "elapsed": 2326.537906, "delta": 17.206865}}
{"target": 0.16873070815931474, "params": {"u": 9.506554100045047, "v": 7.075844563472958, "x": 1.5221866433586961, "y": 2.270628738782116}, "datetime": {"datetime": "2024-02-27 11:12:29", "elapsed": 2330.775133, "delta": 4.237227}}
{"target": 0.28598874567140453, "params": {"u": 9.962420413960588, "v": 6.702732884634073, "x": 8.416105698103113, "y": 2.839382220256139}, "datetime": {"datetime": "2024-02-27 11:12:39", "elapsed": 2340.271923, "delta": 9.49679}}
{"target": 0.14726620103099644, "params": {"u": 4.4906140241646675, "v": 7.072719234787973, "x": 0.0, "y": 0.0}, "datetime": {"datetime": "2024-02-27 11:12:51", "elapsed": 2352.840379, "delta": 12.568456}}
{"target": 0.1998460656139401, "params": {"u": 4.640247545493931, "v": 3.822480050431679, "x": 5.632830919988411, "y": 9.954066458857561}, "datetime": {"datetime": "2024-02-27 11:13:01", "elapsed": 2362.920159, "delta": 10.07978}}
{"target": 0.14963124366605945, "params": {"u": 9.329612532611543, "v": 9.79541235686974, "x": 9.974862556005267, "y": 2.9110571586692133}, "datetime": {"datetime": "2024-02-27 11:13:12", "elapsed": 2373.951536, "delta": 11.031377}}
{"target": 9.951121924328234, "params": {"u": 4.238848385567204, "v": 4.877760902891305, "x": 4.0790098934179415, "y": 4.009687195772699}, "datetime": {"datetime": "2024-02-27 11:13:26", "elapsed": 2387.700053, "delta": 13.748517}}
{"target": 1.540559134772456, "params": {"u": 5.00383835381931, "v": 4.879869012047779, "x": 3.957817096160503, "y": 3.772207677462651}, "datetime": {"datetime": "2024-02-27 11:13:44", "elapsed": 2406.009228, "delta": 18.309175}}
{"target": 0.2760732602576762, "params": {"u": 10.0, "v": 7.3483006385658225, "x": 5.964422049396011, "y": 6.60516212431715}, "datetime": {"datetime": "2024-02-27 11:13:52", "elapsed": 2413.992519, "delta": 7.983291}}
{"target": 0.34028195394529714, "params": {"u": 2.2721176915328534, "v": 0.0, "x": 0.0, "y": 0.0}, "datetime": {"datetime": "2024-02-27 11:14:08", "elapsed": 2429.684979, "delta": 15.69246}}
{"target": 0.6861184960606874, "params": {"u": 5.272833968175597, "v": 5.206656818235792, "x": 3.2152187410677238, "y": 3.0974341539204033}, "datetime": {"datetime": "2024-02-27 11:14:17", "elapsed": 2438.271294, "delta": 8.586315}}
{"target": 0.9132461158796051, "params": {"u": 4.726021884777167, "v": 5.058739868400802, "x": 4.482031114895447, "y": 3.0286710304540945}, "datetime": {"datetime": "2024-02-27 11:14:26", "elapsed": 2447.739284, "delta": 9.46799}}
{"target": 0.36546274217245633, "params": {"u": 3.172729483747063, "v": 1.343875835222711, "x": 4.798629685623371, "y": 5.029720214268405}, "datetime": {"datetime": "2024-02-27 11:14:32", "elapsed": 2453.721516, "delta": 5.982232}}
{"target": 0.26000227377893137, "params": {"u": 2.8239233072824144, "v": 1.108393604307114, "x": 4.598332411351724, "y": 6.047149599798224}, "datetime": {"datetime": "2024-02-27 11:14:36", "elapsed": 2457.755185, "delta": 4.033669}}
{"target": 0.24953369405752993, "params": {"u": 2.251113553060342, "v": 6.89091862777552, "x": 0.04733757729245114, "y": 8.415465880290007}, "datetime": {"datetime": "2024-02-27 11:14:51", "elapsed": 2472.520054, "delta": 14.764869}}
{"target": 0.5140218164451784, "params": {"u": 6.5899819747168635, "v": 0.9326125040631661, "x": 7.197640387439281, "y": 1.8517707261666772}, "datetime": {"datetime": "2024-02-27 11:14:55", "elapsed": 2476.569886, "delta": 4.049832}}
{"target": 0.19269788924313408, "params": {"u": 0.0, "v": 3.901399800297431, "x": 6.030770519929293, "y": 6.881990918139238}, "datetime": {"datetime": "2024-02-27 11:15:06", "elapsed": 2488.072499, "delta": 11.502613}}
{"target": 0.2170519634648733, "params": {"u": 6.277611148190269, "v": 7.504197306154618, "x": 0.0, "y": 5.559957332940739}, "datetime": {"datetime": "2024-02-27 11:15:18", "elapsed": 2499.658943, "delta": 11.586444}}
{"target": 0.8871370372182565, "params": {"u": 3.356323292069505, "v": 4.273685831273923, "x": 4.898765153911716, "y": 3.3661986266559083}, "datetime": {"datetime": "2024-02-27 11:15:36", "elapsed": 2518.070837, "delta": 18.411894}}
{"target": 0.213224521372785, "params": {"u": 10.0, "v": 10.0, "x": 8.521965330057311, "y": 7.968655495077983}, "datetime": {"datetime": "2024-02-27 11:15:49", "elapsed": 2530.298463, "delta": 12.227626}}
{"target": 0.171666867886294, "params": {"u": 4.42914501623161, "v": 1.4564163475254432, "x": 9.46242035709836, "y": 7.506807699919495}, "datetime": {"datetime": "2024-02-27 11:15:54", "elapsed": 2535.404861, "delta": 5.106398}}
{"target": 0.14636031410502923, "params": {"u": 1.8921012396278525, "v": 4.882079971763834, "x": 10.0, "y": 7.129839443939662}, "datetime": {"datetime": "2024-02-27 11:16:01", "elapsed": 2542.743264, "delta": 7.338403}}
{"target": 0.22436855080201007, "params": {"u": 9.550707557762173, "v": 2.705971621549555, "x": 3.310689558589873, "y": 0.0}, "datetime": {"datetime": "2024-02-27 11:16:13", "elapsed": 2555.174062, "delta": 12.430798}}
{"target": 0.3038104667960679, "params": {"u": 6.283424758681922, "v": 4.703877754874884, "x": 2.9686688074249115, "y": 0.0}, "datetime": {"datetime": "2024-02-27 11:16:20", "elapsed": 2562.171189, "delta": 6.997127}}
{"target": 0.12250762667684469, "params": {"u": 7.584796601575705, "v": 8.143652388147231, "x": 0.07244945036254365, "y": 0.0}, "datetime": {"datetime": "2024-02-27 11:16:35", "elapsed": 2576.244722, "delta": 14.073533}}
{"target": 1.1637192952090498, "params": {"u": 5.5453977078168, "v": 2.4865971505292785, "x": 4.638830562627543, "y": 2.3542595090935494}, "datetime": {"datetime": "2024-02-27 11:16:44", "elapsed": 2585.504062, "delta": 9.25934}}
{"target": 0.17236932691664436, "params": {"u": 0.0, "v": 10.0, "x": 5.593451573981061, "y": 8.085493340383996}, "datetime": {"datetime": "2024-02-27 11:16:57", "elapsed": 2598.442449, "delta": 12.938387}}
{"target": 0.3031171886593007, "params": {"u": 5.930951684774826, "v": 7.398160014347867, "x": 0.9595776354308183, "y": 5.278680605034026}, "datetime": {"datetime": "2024-02-27 11:17:02", "elapsed": 2603.679505, "delta": 5.237056}}
{"target": 5.9295142796193145, "params": {"u": 4.227040279878617, "v": 4.262273394737068, "x": 3.791088760444443, "y": 4.200451513006113}, "datetime": {"datetime": "2024-02-27 11:17:24", "elapsed": 2625.965792, "delta": 22.286287}}
{"target": 1.3368467357464393, "params": {"u": 4.039579234230351, "v": 5.020878974972125, "x": 3.8772285670224074, "y": 3.9795745112880434}, "datetime": {"datetime": "2024-02-27 11:17:37", "elapsed": 2638.637767, "delta": 12.671975}}
{"target": 0.1732158423279955, "params": {"u": 0.7559529994497916, "v": 5.257098119562117, "x": 8.466404214701521, "y": 4.884170972704759}, "datetime": {"datetime": "2024-02-27 11:17:42", "elapsed": 2643.683616, "delta": 5.045849}}
{"target": 0.3602168442565796, "params": {"u": 9.069110403010356, "v": 6.830965075667134, "x": 8.246736967366443, "y": 6.58910549078204}, "datetime": {"datetime": "2024-02-27 11:17:47", "elapsed": 2649.067463, "delta": 5.383847}}
{"target": 0.32015442627626345, "params": {"u": 3.931671521684131, "v": 1.1310238299292885, "x": 7.708047369535606, "y": 2.694522080625804}, "datetime": {"datetime": "2024-02-27 11:17:52", "elapsed": 2654.171032, "delta": 5.103569}}
{"target": 7.1224929291028465, "params": {"u": 4.3606004823939335, "v": 4.93867201614956, "x": 4.2271039845944545, "y": 3.9664725074489215}, "datetime": {"datetime": "2024-02-27 11:18:08", "elapsed": 2669.426584, "delta": 15.255552}}
{"target": 0.12373320899057999, "params": {"u": 9.650265240095592, "v": 9.932609092541455, "x": 0.2940549539450166, "y": 3.133843578931282}, "datetime": {"datetime": "2024-02-27 11:18:17", "elapsed": 2678.315267, "delta": 8.888683}}
{"target": 0.3565282957614053, "params": {"u": 6.692938910861238, "v": 7.568900404173119, "x": 6.598365145211139, "y": 9.130546012068251}, "datetime": {"datetime": "2024-02-27 11:18:23", "elapsed": 2684.241612, "delta": 5.926345}}
{"target": 0.6094481148580023, "params": {"u": 2.342158878856594, "v": 6.865788024808025, "x": 2.9482395586241825, "y": 6.263982816374028}, "datetime": {"datetime": "2024-02-27 11:18:35", "elapsed": 2697.049331, "delta": 12.807719}}
{"target": 0.11801988121083856, "params": {"u": 9.32114714444509, "v": 0.03583448206486817, "x": 4.261128913618803, "y": 9.860906201778727}, "datetime": {"datetime": "2024-02-27 11:18:42", "elapsed": 2703.434582, "delta": 6.385251}}
{"target": 0.1801702915697214, "params": {"u": 6.235699788471346, "v": 2.4682859705868876, "x": 0.024643299687909792, "y": 0.12949632326263671}, "datetime": {"datetime": "2024-02-27 11:19:05", "elapsed": 2727.141414, "delta": 23.706832}}
{"target": 0.2368998854785046, "params": {"u": 9.728370828217795, "v": 7.656421491585473, "x": 6.3115382588759905, "y": 1.6347972091154706}, "datetime": {"datetime": "2024-02-27 11:19:11", "elapsed": 2732.538183, "delta": 5.396769}}
{"target": 0.1709755454585799, "params": {"u": 0.9352119081367283, "v": 0.020801249730408866, "x": 6.509640416662464, "y": 3.102469424497639}, "datetime": {"datetime": "2024-02-27 11:19:17", "elapsed": 2738.717494, "delta": 6.179311}}
{"target": 1.3154063062023744, "params": {"u": 4.490625879344744, "v": 5.056010177576775, "x": 3.8339807394978442, "y": 4.1074974862643865}, "datetime": {"datetime": "2024-02-27 11:19:36", "elapsed": 2757.213282, "delta": 18.495788}}
{"target": 0.3269728221165693, "params": {"u": 6.606791523362643, "v": 9.998421337281746, "x": 4.786981445490354, "y": 7.414370552837938}, "datetime": {"datetime": "2024-02-27 11:19:50", "elapsed": 2771.787178, "delta": 14.573896}}
{"target": 0.1315581693401913, "params": {"u": 3.181705417485099, "v": 2.8456499599571563, "x": 0.015044109973895159, "y": 9.767813983702945}, "datetime": {"datetime": "2024-02-27 11:20:10", "elapsed": 2791.21224, "delta": 19.425062}}
{"target": 0.20863567619565349, "params": {"u": 5.203151769205729, "v": 6.78132534522275, "x": 0.608392654515445, "y": 9.68254986945336}, "datetime": {"datetime": "2024-02-27 11:20:15", "elapsed": 2797.165433, "delta": 5.953193}}
