{"target": -22.878597553791074, "params": {"u": 0.14121199804358375, "x": 1.5520638126869355, "y": 2.8467045340211063}, "datetime": {"datetime": "2024-02-27 23:11:21", "elapsed": 338.597343, "delta": 1.305208}}
{"target": 9.540180558667164, "params": {"u": 1.9402960707865053, "x": 0.0904717997611737, "y": 2.351776746964516}, "datetime": {"datetime": "2024-02-27 23:11:24", "elapsed": 341.422454, "delta": 2.825111}}
{"target": 7.416565095794059, "params": {"u": 1.977685769690888, "x": -0.939877893056845, "y": -2.9117726463367957}, "datetime": {"datetime": "2024-02-27 23:11:26", "elapsed": 343.533052, "delta": 2.110598}}
{"target": -19.997064322219746, "params": {"u": 0.7034286983379425, "x": -0.538625549752374, "y": 3.1615640894106036}, "datetime": {"datetime": "2024-02-27 23:11:27", "elapsed": 344.571737, "delta": 1.038685}}
{"target": -20.25120732556558, "params": {"u": 0.48561894651022697, "x": 0.5031243173657081, "y": -4.062610307617441}, "datetime": {"datetime": "2024-02-27 23:11:28", "elapsed": 345.740869, "delta": 1.169132}}
{"target": 7.300457105084892, "params": {"u": 1.3710553238878949, "x": -0.8744995264985116, "y": 3.6417989127292305}, "datetime": {"datetime": "2024-02-27 23:11:29", "elapsed": 346.786662, "delta": 1.045793}}
{"target": 3.8187217808572065, "params": {"u": 1.5539971282493186, "x": 1.6967588927422486, "y": 4.509118422766855}, "datetime": {"datetime": "2024-02-27 23:11:30", "elapsed": 347.823177, "delta": 1.036515}}
{"target": -19.270594934199096, "params": {"u": 0.8427930552338503, "x": 0.43136738549453035, "y": 0.20028093932688407}, "datetime": {"datetime": "2024-02-27 23:11:32", "elapsed": 348.903569, "delta": 1.080392}}
{"target": -15.386858596134367, "params": {"u": 0.19240842107020173, "x": 1.7276091004652208, "y": -1.1695432088738866}, "datetime": {"datetime": "2024-02-27 23:11:32", "elapsed": 349.81944, "delta": 0.915871}}
{"target": 0.9787506554758849, "params": {"u": 1.706772143700046, "x": 2.6232522826936737, "y": 4.6788235921332095}, "datetime": {"datetime": "2024-02-27 23:11:34", "elapsed": 351.524819, "delta": 1.705379}}
{"target": 9.041243074029339, "params": {"u": 1.997209249373706, "x": 0.15388394219720292, "y": -1.6743234502136364}, "datetime": {"datetime": "2024-02-27 23:11:36", "elapsed": 353.545453, "delta": 2.020634}}
{"target": 7.268012498409515, "params": {"u": 1.951330780438193, "x": 0.4029834994382946, "y": -3.693055795680227}, "datetime": {"datetime": "2024-02-27 23:11:39", "elapsed": 356.33317, "delta": 2.787717}}
{"target": 9.750708059774023, "params": {"u": 1.9518024871865718, "x": -0.057670465096422624, "y": -0.8620004748182499}, "datetime": {"datetime": "2024-02-27 23:11:41", "elapsed": 358.224071, "delta": 1.890901}}
{"target": 9.026415311726897, "params": {"u": 1.933003781369842, "x": 0.1556409902148319, "y": -4.951063708987128}, "datetime": {"datetime": "2024-02-27 23:11:43", "elapsed": 359.988859, "delta": 1.764788}}
{"target": 19.993285470378055, "params": {"u": 2.0, "x": -0.08194223344493805, "y": -0.935873544044707}, "datetime": {"datetime": "2024-02-27 23:11:46", "elapsed": 363.204988, "delta": 3.216129}}
{"target": -2.273802528740589, "params": {"u": 0.3090107991182889, "x": 0.9135527474870071, "y": 2.4827800692536304}, "datetime": {"datetime": "2024-02-27 23:11:47", "elapsed": 364.802272, "delta": 1.597284}}
{"target": 0.9568493239535503, "params": {"u": 1.5598436346361624, "x": 2.597230833826393, "y": -0.7471861102789088}, "datetime": {"datetime": "2024-02-27 23:11:49", "elapsed": 366.106437, "delta": 1.304165}}
{"target": 9.852655781022918, "params": {"u": 1.9583042858670185, "x": -0.03838802050193424, "y": -3.330850407410224}, "datetime": {"datetime": "2024-02-27 23:11:50", "elapsed": 367.816669, "delta": 1.710232}}
{"target": 8.454615824775562, "params": {"u": 1.9090111336963735, "x": 0.2230180190867146, "y": -4.979722571843626}, "datetime": {"datetime": "2024-02-27 23:11:53", "elapsed": 370.205259, "delta": 2.38859}}
{"target": 3.889308036843172, "params": {"u": 1.9905186118145102, "x": 1.7240023754870668, "y": -1.2910467576215212}, "datetime": {"datetime": "2024-02-27 23:11:55", "elapsed": 372.586868, "delta": 2.381609}}
{"target": 19.119476067250158, "params": {"u": 2.0, "x": -0.9383623675051348, "y": 3.072664823409125}, "datetime": {"datetime": "2024-02-27 23:11:58", "elapsed": 374.925396, "delta": 2.338528}}
{"target": 7.395192871527858, "params": {"u": 1.9378455683642144, "x": -0.9187204062321896, "y": 2.9917326666449124}, "datetime": {"datetime": "2024-02-27 23:11:59", "elapsed": 376.805545, "delta": 1.880149}}
{"target": 4.27953253477812, "params": {"u": 1.6188897579067263, "x": 1.8320960965275308, "y": 0.37065007625725066}, "datetime": {"datetime": "2024-02-27 23:12:01", "elapsed": 378.373798, "delta": 1.568253}}
{"target": 18.0, "params": {"u": 2.0, "x": -1.0, "y": 0.9086228660946214}, "datetime": {"datetime": "2024-02-27 23:12:03", "elapsed": 380.726517, "delta": 2.352719}}
{"target": 19.965923783690727, "params": {"u": 2.0, "x": 0.1845974439402454, "y": -5.0}, "datetime": {"datetime": "2024-02-27 23:12:05", "elapsed": 382.376058, "delta": 1.649541}}
{"target": 8.900464665906387, "params": {"u": 1.969552865592091, "x": -0.1704602151341854, "y": -3.318280941301308}, "datetime": {"datetime": "2024-02-27 23:12:07", "elapsed": 384.21976, "delta": 1.843702}}
{"target": -14.914741089985267, "params": {"u": 0.9915727585664225, "x": -0.3297901737717397, "y": 4.267183146417183}, "datetime": {"datetime": "2024-02-27 23:12:08", "elapsed": 385.518683, "delta": 1.298923}}
{"target": -19.594174021167095, "params": {"u": 0.8846454726251045, "x": -0.44443179750624173, "y": 0.48833842891466617}, "datetime": {"datetime": "2024-02-27 23:12:09", "elapsed": 386.594762, "delta": 1.076079}}
{"target": 3.6982881960482956, "params": {"u": 1.1260925686861525, "x": 1.6016738531198542, "y": -3.9021525915244135}, "datetime": {"datetime": "2024-02-27 23:12:11", "elapsed": 387.94285, "delta": 1.348088}}
{"target": 9.064782899503808, "params": {"u": 1.4638384411185041, "x": 0.15108726237806902, "y": -2.847600370221439}, "datetime": {"datetime": "2024-02-27 23:12:12", "elapsed": 389.613497, "delta": 1.670647}}
{"target": 5.916524672388899, "params": {"u": 1.995145500342606, "x": 1.106872994874418, "y": -3.695799242140353}, "datetime": {"datetime": "2024-02-27 23:12:14", "elapsed": 391.394577, "delta": 1.78108}}
{"target": 3.911872376485583, "params": {"u": 1.2827454212815443, "x": 1.7316786136167055, "y": -0.1434019008579437}, "datetime": {"datetime": "2024-02-27 23:12:15", "elapsed": 392.63875, "delta": 1.244173}}
{"target": 16.731096794988016, "params": {"u": 2.0, "x": 1.5062878891539906, "y": -0.17878867141926524}, "datetime": {"datetime": "2024-02-27 23:12:18", "elapsed": 394.96756, "delta": 2.32881}}
{"target": 8.269630427100203, "params": {"u": 1.9901078623392174, "x": -0.2457275984032843, "y": -4.9979156080572515}, "datetime": {"datetime": "2024-02-27 23:12:20", "elapsed": 396.938361, "delta": 1.970801}}
{"target": 19.973363347811784, "params": {"u": 2.0, "x": -0.16320739011520824, "y": 1.7475529685843345}, "datetime": {"datetime": "2024-02-27 23:12:21", "elapsed": 398.677629, "delta": 1.739268}}
{"target": 9.019806796907805, "params": {"u": 1.930617928500815, "x": 0.15642302457906165, "y": -4.939456584857963}, "datetime": {"datetime": "2024-02-27 23:12:23", "elapsed": 400.02039, "delta": 1.342761}}
{"target": 7.4043106092921995, "params": {"u": 1.9923099079212439, "x": 0.37539904213027864, "y": 0.9096740328611848}, "datetime": {"datetime": "2024-02-27 23:12:25", "elapsed": 402.230422, "delta": 2.210032}}
{"target": 3.2908294410629253, "params": {"u": 1.2623297886694518, "x": 2.045435612647783, "y": 4.584569235422979}, "datetime": {"datetime": "2024-02-27 23:12:26", "elapsed": 403.507246, "delta": 1.276824}}
{"target": -7.997200949748223, "params": {"u": 0.10440074928516596, "x": -0.7923665831117184, "y": 3.693955947168533}, "datetime": {"datetime": "2024-02-27 23:12:27", "elapsed": 404.637473, "delta": 1.130227}}
{"target": 7.935787570903049, "params": {"u": 1.9415303533381019, "x": 0.28975152171182517, "y": -1.9331353813456675}, "datetime": {"datetime": "2024-02-27 23:12:28", "elapsed": 405.65692, "delta": 1.019447}}
{"target": -1.379237658087277, "params": {"u": 0.972432242774592, "x": 0.08435816628213066, "y": 2.6164470712584613}, "datetime": {"datetime": "2024-02-27 23:12:29", "elapsed": 406.649456, "delta": 0.992536}}
{"target": 9.804863084252588, "params": {"u": 1.9858879154309703, "x": -0.0478436829591633, "y": 0.410894406465089}, "datetime": {"datetime": "2024-02-27 23:12:31", "elapsed": 408.538673, "delta": 1.889217}}
{"target": 3.717061185040368, "params": {"u": 1.4222673519419928, "x": 1.5467150070311155, "y": 3.261005182988745}, "datetime": {"datetime": "2024-02-27 23:12:33", "elapsed": 409.831604, "delta": 1.292931}}
{"target": 8.219522059452139, "params": {"u": 1.8927429690423876, "x": -0.2520480627241519, "y": 1.7699117891157794}, "datetime": {"datetime": "2024-02-27 23:12:34", "elapsed": 411.249375, "delta": 1.417771}}
{"target": 3.2607317487724927, "params": {"u": 1.9623010636865879, "x": 2.0531695685082685, "y": 3.811696678605397}, "datetime": {"datetime": "2024-02-27 23:12:37", "elapsed": 414.148134, "delta": 2.898759}}
{"target": 6.764021917800147, "params": {"u": 1.151179590537469, "x": 0.6641257483116942, "y": 2.3629793248429865}, "datetime": {"datetime": "2024-02-27 23:12:39", "elapsed": 415.868641, "delta": 1.720507}}
{"target": 19.11446358495976, "params": {"u": 2.0, "x": -0.9410294443003573, "y": 1.9826132030931916}, "datetime": {"datetime": "2024-02-27 23:12:40", "elapsed": 417.562517, "delta": 1.693876}}
{"target": -21.37115874139912, "params": {"u": 0.6480960172287886, "x": 1.4083616943425454, "y": -0.28659287800021893}, "datetime": {"datetime": "2024-02-27 23:12:42", "elapsed": 419.202202, "delta": 1.639685}}
{"target": 7.406756577341444, "params": {"u": 1.9843348455014906, "x": -0.9754569590407685, "y": -3.9036321992700493}, "datetime": {"datetime": "2024-02-27 23:12:44", "elapsed": 421.808115, "delta": 2.605913}}
{"target": 19.89340170143291, "params": {"u": 2.0, "x": 0.32649394874497817, "y": 1.1023370516882578}, "datetime": {"datetime": "2024-02-27 23:12:47", "elapsed": 423.890058, "delta": 2.081943}}
{"target": 2.3724676677304757, "params": {"u": 1.5862168952930829, "x": 2.1955331156074673, "y": 0.39274785074140084}, "datetime": {"datetime": "2024-02-27 23:12:48", "elapsed": 425.479881, "delta": 1.589823}}
{"target": 19.629511326102904, "params": {"u": 2.0, "x": 0.6086778079551586, "y": 1.8574735113494407}, "datetime": {"datetime": "2024-02-27 23:12:52", "elapsed": 428.884876, "delta": 3.404995}}
{"target": -23.87291679578542, "params": {"u": 0.789400578980199, "x": 2.7092433759797836, "y": 3.838180732161822}, "datetime": {"datetime": "2024-02-27 23:12:53", "elapsed": 430.116016, "delta": 1.23114}}
{"target": 7.945752151197038, "params": {"u": 1.9657078681611897, "x": -0.2883607635663492, "y": 1.8733341079726848}, "datetime": {"datetime": "2024-02-27 23:12:55", "elapsed": 432.611186, "delta": 2.49517}}
{"target": 19.999913047235182, "params": {"u": 2.0, "x": 0.009324846637807279, "y": 0.503036490811002}, "datetime": {"datetime": "2024-02-27 23:12:58", "elapsed": 435.227158, "delta": 2.615972}}
{"target": -11.498940780956488, "params": {"u": 0.8491308108218123, "x": 2.126113618824802, "y": 2.3712668204630347}, "datetime": {"datetime": "2024-02-27 23:12:59", "elapsed": 436.759655, "delta": 1.532497}}
{"target": -6.335981095898314, "params": {"u": 0.8925052938975944, "x": -0.18967889250722347, "y": -0.43679911449461795}, "datetime": {"datetime": "2024-02-27 23:13:00", "elapsed": 437.725441, "delta": 0.965786}}
{"target": 1.586270794997283, "params": {"u": 1.0151300804576282, "x": 2.319391877980767, "y": 4.014582656577295}, "datetime": {"datetime": "2024-02-27 23:13:02", "elapsed": 439.397832, "delta": 1.672391}}
{"target": 17.311427546089416, "params": {"u": 2.0, "x": 1.2994508278155752, "y": 2.440777455285292}, "datetime": {"datetime": "2024-02-27 23:13:05", "elapsed": 442.239723, "delta": 2.841891}}
{"target": 7.417239193083724, "params": {"u": 1.9570484678043985, "x": -0.9630007445254809, "y": 1.9134654870060173}, "datetime": {"datetime": "2024-02-27 23:13:08", "elapsed": 445.049819, "delta": 2.810096}}
{"target": 9.424266431154717, "params": {"u": 1.9959511629607631, "x": -0.10635480662355379, "y": -2.568925041616069}, "datetime": {"datetime": "2024-02-27 23:13:10", "elapsed": 446.838842, "delta": 1.789023}}
{"target": 3.7919949663381445, "params": {"u": 1.620650781694801, "x": 1.6844727728474926, "y": 3.149051317106885}, "datetime": {"datetime": "2024-02-27 23:13:10", "elapsed": 447.523156, "delta": 0.684314}}
{"target": 9.286668267852509, "params": {"u": 1.965200637750027, "x": -0.12407057395828103, "y": -0.9905483480900585}, "datetime": {"datetime": "2024-02-27 23:13:13", "elapsed": 450.154795, "delta": 2.631639}}
{"target": 6.331828632392774, "params": {"u": 1.960413067999534, "x": 1.0197090770396642, "y": -3.744151772701124}, "datetime": {"datetime": "2024-02-27 23:13:16", "elapsed": 452.849636, "delta": 2.694841}}
{"target": 9.977689442105799, "params": {"u": 1.973237227138854, "x": 0.007376000700104246, "y": 0.45993118370464536}, "datetime": {"datetime": "2024-02-27 23:13:19", "elapsed": 455.854632, "delta": 3.004996}}
{"target": -1.348937268712934, "params": {"u": 0.2883061030867642, "x": 0.9525234722684979, "y": -0.8215081842188514}, "datetime": {"datetime": "2024-02-27 23:13:20", "elapsed": 457.228043, "delta": 1.373411}}
{"target": 9.953938195771826, "params": {"u": 1.1331303328021773, "x": -0.014349947528145446, "y": 3.3735882882736163}, "datetime": {"datetime": "2024-02-27 23:13:21", "elapsed": 458.317364, "delta": 1.089321}}
{"target": -13.480725204281482, "params": {"u": 0.8706044990140018, "x": 1.7598136453074669, "y": 0.17365728843373507}, "datetime": {"datetime": "2024-02-27 23:13:23", "elapsed": 460.01743, "delta": 1.700066}}
{"target": -0.995133552701347, "params": {"u": 0.9794799978796489, "x": 0.9940205302567966, "y": -3.0054403967240706}, "datetime": {"datetime": "2024-02-27 23:13:24", "elapsed": 461.14347, "delta": 1.12604}}
{"target": 7.777458312850765, "params": {"u": 1.95323664278011, "x": -0.31268330157168345, "y": 1.7837528689124813}, "datetime": {"datetime": "2024-02-27 23:13:26", "elapsed": 463.812143, "delta": 2.668673}}
{"target": 7.069857691046227, "params": {"u": 1.235460248434157, "x": 0.45096077531112844, "y": 3.421043196523529}, "datetime": {"datetime": "2024-02-27 23:13:28", "elapsed": 465.476332, "delta": 1.664189}}
{"target": -23.15549799629404, "params": {"u": 0.3521393348859718, "x": 2.7220711904616675, "y": 1.6036740380520431}, "datetime": {"datetime": "2024-02-27 23:13:29", "elapsed": 466.782559, "delta": 1.306227}}
{"target": 3.8486017861254105, "params": {"u": 1.6322316165070023, "x": 1.7090200914952072, "y": 0.6620880470157218}, "datetime": {"datetime": "2024-02-27 23:13:31", "elapsed": 468.361513, "delta": 1.578954}}
{"target": 19.856168579962258, "params": {"u": 2.0, "x": 0.3792511305688369, "y": 1.1360123137288605}, "datetime": {"datetime": "2024-02-27 23:13:34", "elapsed": 471.072298, "delta": 2.710785}}
{"target": 7.552707759057007, "params": {"u": 1.9681320600237193, "x": 0.34863594678168086, "y": 1.107594406938035}, "datetime": {"datetime": "2024-02-27 23:13:37", "elapsed": 474.494343, "delta": 3.422045}}
{"target": 19.01964848859794, "params": {"u": 2.0, "x": -0.990127017812391, "y": 3.1154952270675076}, "datetime": {"datetime": "2024-02-27 23:13:40", "elapsed": 477.057555, "delta": 2.563212}}
{"target": 8.319701913419127, "params": {"u": 1.8976349276930569, "x": 0.23949070657231575, "y": -4.204489731530852}, "datetime": {"datetime": "2024-02-27 23:13:43", "elapsed": 479.89785, "delta": 2.840295}}
{"target": 5.23876530968985, "params": {"u": 1.650016087472375, "x": 1.2003966081832989, "y": 2.8657991687727886}, "datetime": {"datetime": "2024-02-27 23:13:44", "elapsed": 481.550717, "delta": 1.652867}}
{"target": 8.148612543299695, "params": {"u": 1.9574074590089439, "x": 0.26114343927287464, "y": -1.7586665101407495}, "datetime": {"datetime": "2024-02-27 23:13:47", "elapsed": 484.572977, "delta": 3.02226}}
{"target": -5.02966622941781, "params": {"u": 0.8448473064946072, "x": -0.16670115845998046, "y": 1.8902215260725885}, "datetime": {"datetime": "2024-02-27 23:13:49", "elapsed": 486.337016, "delta": 1.764039}}
{"target": 7.418916544971598, "params": {"u": 1.9921408990067766, "x": -0.9451456567746743, "y": 3.1369611200369576}, "datetime": {"datetime": "2024-02-27 23:13:52", "elapsed": 489.042045, "delta": 2.705029}}
{"target": 7.278193131266644, "params": {"u": 1.9798249808958968, "x": -0.8665615964293676, "y": -4.975783334590474}, "datetime": {"datetime": "2024-02-27 23:13:53", "elapsed": 490.5561, "delta": 1.514055}}
{"target": 9.33678249392852, "params": {"u": 1.9973063426990478, "x": -0.11773142400987258, "y": -4.997246601492666}, "datetime": {"datetime": "2024-02-27 23:13:55", "elapsed": 492.141073, "delta": 1.584973}}
{"target": 3.1894524241995335, "params": {"u": 1.8583308829025216, "x": 2.069231220283433, "y": -4.457638756090666}, "datetime": {"datetime": "2024-02-27 23:13:56", "elapsed": 493.541596, "delta": 1.400523}}
{"target": -0.25425118128022106, "params": {"u": 0.8370663562607947, "x": 0.03587438406090815, "y": 3.310727715688591}, "datetime": {"datetime": "2024-02-27 23:13:57", "elapsed": 494.795635, "delta": 1.254039}}
{"target": 8.113192930719762, "params": {"u": 1.9951550557336877, "x": 0.2657597646068095, "y": -4.1917726666424056}, "datetime": {"datetime": "2024-02-27 23:13:59", "elapsed": 496.151875, "delta": 1.35624}}
{"target": -15.75998251073393, "params": {"u": 0.9002389756142188, "x": 2.200158220622035, "y": -2.493112332512457}, "datetime": {"datetime": "2024-02-27 23:14:01", "elapsed": 497.893505, "delta": 1.74163}}
{"target": 9.370593987976669, "params": {"u": 1.9413019846246045, "x": -0.11338568367693869, "y": -0.7384877282730358}, "datetime": {"datetime": "2024-02-27 23:14:03", "elapsed": 500.334916, "delta": 2.441411}}
{"target": 7.792536394472709, "params": {"u": 1.9807791648189683, "x": 0.31042577567167484, "y": 1.165322655579459}, "datetime": {"datetime": "2024-02-27 23:14:07", "elapsed": 504.393514, "delta": 4.058598}}
{"target": -7.475102358736967, "params": {"u": 0.42349644642620166, "x": -0.8012867176652403, "y": 0.7312268199621457}, "datetime": {"datetime": "2024-02-27 23:14:09", "elapsed": 506.449883, "delta": 2.056369}}
{"target": 6.244442361776144, "params": {"u": 1.0190511917041167, "x": 1.0456004179973966, "y": 1.452787326148048}, "datetime": {"datetime": "2024-02-27 23:14:10", "elapsed": 507.706193, "delta": 1.25631}}
{"target": 9.514914933446708, "params": {"u": 1.1600389241479625, "x": -0.0940292922912831, "y": 3.664477798377762}, "datetime": {"datetime": "2024-02-27 23:14:12", "elapsed": 508.850186, "delta": 1.143993}}
{"target": 9.115376604830363, "params": {"u": 1.9698734404720917, "x": -0.14504152841711404, "y": 1.736514963227358}, "datetime": {"datetime": "2024-02-27 23:14:14", "elapsed": 511.187024, "delta": 2.336838}}
{"target": 7.080904398512931, "params": {"u": 1.9991645824036914, "x": 0.44794270040481843, "y": 1.2189558559003322}, "datetime": {"datetime": "2024-02-27 23:14:15", "elapsed": 512.712239, "delta": 1.525215}}
{"target": 7.787040800966761, "params": {"u": 1.997264120472719, "x": 0.31124663755113335, "y": -1.7939884965506048}, "datetime": {"datetime": "2024-02-27 23:14:17", "elapsed": 514.566484, "delta": 1.854245}}
{"target": 19.98669532907975, "params": {"u": 2.0, "x": -0.11534587517657278, "y": -3.3997349021528316}, "datetime": {"datetime": "2024-02-27 23:14:19", "elapsed": 516.801917, "delta": 2.235433}}
{"target": 7.41211931570767, "params": {"u": 1.9623403010235017, "x": -0.9702269286654186, "y": 1.9958707222204435}, "datetime": {"datetime": "2024-02-27 23:14:23", "elapsed": 520.086992, "delta": 3.285075}}
{"target": 19.816191140307573, "params": {"u": 2.0, "x": 0.4287293548293937, "y": 1.1069473349528607}, "datetime": {"datetime": "2024-02-27 23:14:27", "elapsed": 524.063741, "delta": 3.976749}}
{"target": 7.4175737209368116, "params": {"u": 1.9457491260354505, "x": -0.9623459458137371, "y": -4.056961068938104}, "datetime": {"datetime": "2024-02-27 23:14:30", "elapsed": 527.110837, "delta": 3.047096}}
{"target": -17.974008595441244, "params": {"u": 0.05339554181586226, "x": 0.39289110652127546, "y": -1.3166943684356616}, "datetime": {"datetime": "2024-02-27 23:14:31", "elapsed": 528.686495, "delta": 1.575658}}
{"target": 19.973621924863604, "params": {"u": 2.0, "x": -0.1624132849750828, "y": 0.058294071498874236}, "datetime": {"datetime": "2024-02-27 23:14:34", "elapsed": 531.070363, "delta": 2.383868}}
{"target": 7.397534154512428, "params": {"u": 1.2189383584635938, "x": 0.9823439766082038, "y": -3.2001156768918246}, "datetime": {"datetime": "2024-02-27 23:14:36", "elapsed": 533.18034, "delta": 2.109977}}
{"target": 4.609846410402309, "params": {"u": 1.623391411208056, "x": 1.9634526788365458, "y": -2.685315925456554}, "datetime": {"datetime": "2024-02-27 23:14:38", "elapsed": 534.875962, "delta": 1.695622}}
{"target": 16.899479774815262, "params": {"u": 2.0, "x": 1.4493171582454751, "y": -0.19382648449644377}, "datetime": {"datetime": "2024-02-27 23:14:41", "elapsed": 538.028412, "delta": 3.15245}}
{"target": -17.78199589059399, "params": {"u": 0.668606987494657, "x": -0.388169702980929, "y": -2.7584683394589717}, "datetime": {"datetime": "2024-02-27 23:14:42", "elapsed": 539.489178, "delta": 1.460766}}
{"target": 3.3120220380610093, "params": {"u": 1.504772033841082, "x": 2.0394833054808985, "y": 4.257453379114002}, "datetime": {"datetime": "2024-02-27 23:14:43", "elapsed": 540.778342, "delta": 1.289164}}
