{"target": -1.1304697516949151, "params": {"colsample_bytree": 1.0, "learning_rate": 0.001, "max_bin_exp": 8.507296319276858, "max_depth": 5.101054535201947, "n_estimators": 4503.342497199932, "reg_alpha": 1.9637519297685437, "reg_lambda": 2.2307733591930305}, "datetime": {"datetime": "2024-02-19 16:17:17", "elapsed": 810.073304, "delta": 5.498792}}
{"target": -0.6379630098259474, "params": {"colsample_bytree": 0.9914815243665707, "learning_rate": 0.23413586304708706, "max_bin_exp": 9.536618954882764, "max_depth": 3.443474594330162, "n_estimators": 2060.013066361516, "reg_alpha": 1.9098235754652315, "reg_lambda": 2.4922522662600657}, "datetime": {"datetime": "2024-02-19 16:17:20", "elapsed": 812.343599, "delta": 2.270295}}
{"target": -0.6644861155061597, "params": {"colsample_bytree": 0.4993639431143997, "learning_rate": 0.27212528785620366, "max_bin_exp": 9.989314054227684, "max_depth": 4.64406836650226, "n_estimators": 2061.3644989044406, "reg_alpha": 2.957027798789297, "reg_lambda": 1.5618312218046357}, "datetime": {"datetime": "2024-02-19 16:17:22", "elapsed": 814.628364, "delta": 2.284765}}
{"target": -0.6673575570546065, "params": {"colsample_bytree": 0.6631902000816714, "learning_rate": 0.29720034530974926, "max_bin_exp": 9.384332131723214, "max_depth": 3.759145135795689, "n_estimators": 2595.8882254655205, "reg_alpha": 2.048038310952114, "reg_lambda": 0.010159132710709229}, "datetime": {"datetime": "2024-02-19 16:17:24", "elapsed": 816.590467, "delta": 1.962103}}
{"target": -0.7064580000044139, "params": {"colsample_bytree": 0.8658521839623583, "learning_rate": 0.27408905014177476, "max_bin_exp": 6.641493085376599, "max_depth": 4.288331527926089, "n_estimators": 4507.306495213495, "reg_alpha": 1.8832380135140827, "reg_lambda": 2.454106557457219}, "datetime": {"datetime": "2024-02-19 16:17:28", "elapsed": 820.280065, "delta": 3.689598}}
{"target": -0.7026127822835746, "params": {"colsample_bytree": 0.9791924268807299, "learning_rate": 0.22532095606693334, "max_bin_exp": 7.981327070832193, "max_depth": 3.0902815547411144, "n_estimators": 4507.2306574484555, "reg_alpha": 2.7578498338729234, "reg_lambda": 1.8379252057486775}, "datetime": {"datetime": "2024-02-19 16:17:31", "elapsed": 823.506653, "delta": 3.226588}}
{"target": -1.8060705392802499, "params": {"colsample_bytree": 0.22712478026881364, "learning_rate": 0.02363681441520691, "max_bin_exp": 7.664778723271877, "max_depth": 3.6513633347354713, "n_estimators": 2059.8538768234594, "reg_alpha": 0.05978610445763699, "reg_lambda": 2.577267838036445}, "datetime": {"datetime": "2024-02-19 16:17:33", "elapsed": 825.7738, "delta": 2.267147}}
{"target": -0.6068542469735758, "params": {"colsample_bytree": 0.9499940539441767, "learning_rate": 0.031179089875182097, "max_bin_exp": 9.361001326280523, "max_depth": 4.410683765223845, "n_estimators": 2579.7666656739293, "reg_alpha": 1.3627043747071754, "reg_lambda": 1.489081414095037}, "datetime": {"datetime": "2024-02-19 16:17:35", "elapsed": 827.910261, "delta": 2.136461}}
{"target": -0.6020275345059439, "params": {"colsample_bytree": 0.7628955886962101, "learning_rate": 0.036509179785787875, "max_bin_exp": 8.498030796043146, "max_depth": 5.902457373188042, "n_estimators": 2581.4521132114946, "reg_alpha": 2.0376327057268586, "reg_lambda": 1.7863591970536663}, "datetime": {"datetime": "2024-02-19 16:17:38", "elapsed": 830.337795, "delta": 2.427534}}
{"target": -0.7032605237166756, "params": {"colsample_bytree": 0.6097364710011943, "learning_rate": 0.38587726868376, "max_bin_exp": 7.757437028703413, "max_depth": 4.85525953084409, "n_estimators": 2194.121494122894, "reg_alpha": 0.14740472401797688, "reg_lambda": 2.996459140553547}, "datetime": {"datetime": "2024-02-19 16:17:40", "elapsed": 832.317987, "delta": 1.980192}}
{"target": -0.6087150029234345, "params": {"colsample_bytree": 0.9759988902480101, "learning_rate": 0.11078793378500193, "max_bin_exp": 9.934761795751573, "max_depth": 4.45793006582485, "n_estimators": 2066.268348961311, "reg_alpha": 1.2385312000543103, "reg_lambda": 0.6327413104185066}, "datetime": {"datetime": "2024-02-19 16:17:42", "elapsed": 834.378972, "delta": 2.060985}}
{"target": -0.6638696776406727, "params": {"colsample_bytree": 0.6682687229653368, "learning_rate": 0.1861697871511475, "max_bin_exp": 7.800950094602095, "max_depth": 4.222766906880439, "n_estimators": 2580.7247547366715, "reg_alpha": 2.863604061477311, "reg_lambda": 1.903083067138288}, "datetime": {"datetime": "2024-02-19 16:17:44", "elapsed": 836.392977, "delta": 2.014005}}
{"target": -0.8908717320238936, "params": {"colsample_bytree": 0.7421670597287588, "learning_rate": 0.413648740792444, "max_bin_exp": 8.579345205856882, "max_depth": 1.7381611362934541, "n_estimators": 4506.187863407314, "reg_alpha": 1.481419115622946, "reg_lambda": 2.757870256935136}, "datetime": {"datetime": "2024-02-19 16:17:46", "elapsed": 838.352749, "delta": 1.959772}}
{"target": -0.6210623805231874, "params": {"colsample_bytree": 0.9103930324484053, "learning_rate": 0.11764277013994633, "max_bin_exp": 9.377712058303196, "max_depth": 5.865240189017005, "n_estimators": 2066.941593404388, "reg_alpha": 1.615755839406221, "reg_lambda": 0.09545459087780739}, "datetime": {"datetime": "2024-02-19 16:17:49", "elapsed": 841.294485, "delta": 2.941736}}
{"target": -0.6559851390043844, "params": {"colsample_bytree": 0.8985610626927265, "learning_rate": 0.2800789142468259, "max_bin_exp": 7.073037195825494, "max_depth": 5.876680146116501, "n_estimators": 2581.0020915543346, "reg_alpha": 1.292386252859556, "reg_lambda": 2.6689311123554456}, "datetime": {"datetime": "2024-02-19 16:17:51", "elapsed": 843.485957, "delta": 2.191472}}
{"target": -0.6214649048942149, "params": {"colsample_bytree": 0.8328779813918568, "learning_rate": 0.16555859774879655, "max_bin_exp": 9.464935790678897, "max_depth": 5.826116967955184, "n_estimators": 2592.3849251566644, "reg_alpha": 2.6811496521827256, "reg_lambda": 0.11538816055918721}, "datetime": {"datetime": "2024-02-19 16:17:53", "elapsed": 846.143037, "delta": 2.65708}}
{"target": -0.7114252603754708, "params": {"colsample_bytree": 0.8194511320047402, "learning_rate": 0.3627082263980177, "max_bin_exp": 6.786274367836349, "max_depth": 5.735183418000647, "n_estimators": 4513.409514482745, "reg_alpha": 1.705712404245884, "reg_lambda": 2.6791842802993684}, "datetime": {"datetime": "2024-02-19 16:17:59", "elapsed": 851.312184, "delta": 5.169147}}
{"target": -0.8272050285145216, "params": {"colsample_bytree": 0.26939714576564083, "learning_rate": 0.10972783396470596, "max_bin_exp": 9.616147763966458, "max_depth": 3.9693572189803277, "n_estimators": 4504.909207094775, "reg_alpha": 0.9643733152951822, "reg_lambda": 2.2557999068632872}, "datetime": {"datetime": "2024-02-19 16:18:02", "elapsed": 854.836783, "delta": 3.524599}}
{"target": -0.8319063354390577, "params": {"colsample_bytree": 0.22443077844393935, "learning_rate": 0.11446260288894224, "max_bin_exp": 9.876535848757957, "max_depth": 3.3603021942947007, "n_estimators": 4511.051833173675, "reg_alpha": 2.868922546150686, "reg_lambda": 0.8157945917914797}, "datetime": {"datetime": "2024-02-19 16:18:06", "elapsed": 858.260628, "delta": 3.423845}}
{"target": -0.7334053134041019, "params": {"colsample_bytree": 0.35322179283063887, "learning_rate": 0.3284329695449633, "max_bin_exp": 7.943861501241463, "max_depth": 3.295571046110098, "n_estimators": 2062.3531930073877, "reg_alpha": 2.709564825589236, "reg_lambda": 0.8168968999305458}, "datetime": {"datetime": "2024-02-19 16:18:07", "elapsed": 859.951135, "delta": 1.690507}}
{"target": -0.6392628954493291, "params": {"colsample_bytree": 0.8849919227220784, "learning_rate": 0.3187203531797116, "max_bin_exp": 9.572345287667561, "max_depth": 4.8324228765344595, "n_estimators": 2602.569830887485, "reg_alpha": 0.138489667305147, "reg_lambda": 0.7410049776630554}, "datetime": {"datetime": "2024-02-19 16:18:09", "elapsed": 862.152179, "delta": 2.201044}}
{"target": -0.9022127728842985, "params": {"colsample_bytree": 0.4034691465089959, "learning_rate": 0.004033297131180889, "max_bin_exp": 6.960763504285872, "max_depth": 5.889843267859073, "n_estimators": 4510.187043809845, "reg_alpha": 2.7250740311371833, "reg_lambda": 1.5415726685793427}, "datetime": {"datetime": "2024-02-19 16:18:14", "elapsed": 866.914961, "delta": 4.762782}}
{"target": -0.6511145341829978, "params": {"colsample_bytree": 0.8978248762126233, "learning_rate": 0.3042479705339871, "max_bin_exp": 9.375078315236662, "max_depth": 3.68546548752209, "n_estimators": 2605.607657099639, "reg_alpha": 1.556005513171334, "reg_lambda": 0.9475269032399061}, "datetime": {"datetime": "2024-02-19 16:18:16", "elapsed": 868.685516, "delta": 1.770555}}
{"target": -0.669751470535399, "params": {"colsample_bytree": 1.0, "learning_rate": 0.5, "max_bin_exp": 9.350246020796307, "max_depth": 4.511546157743577, "n_estimators": 2581.863904583807, "reg_alpha": 3.0, "reg_lambda": 2.664075252489312}, "datetime": {"datetime": "2024-02-19 16:18:18", "elapsed": 870.984646, "delta": 2.29913}}
{"target": -0.9016279826594867, "params": {"colsample_bytree": 0.2811903355653736, "learning_rate": 0.04890350416596909, "max_bin_exp": 8.267828971921201, "max_depth": 3.351588812524017, "n_estimators": 4512.931522575129, "reg_alpha": 0.48232807437006586, "reg_lambda": 0.5922707278059494}, "datetime": {"datetime": "2024-02-19 16:18:22", "elapsed": 874.495063, "delta": 3.510417}}
{"target": -0.7078337338081891, "params": {"colsample_bytree": 0.5056591136516853, "learning_rate": 0.22075837766531914, "max_bin_exp": 7.0260696917404895, "max_depth": 4.301375707199085, "n_estimators": 4503.89972992094, "reg_alpha": 0.045035686185627255, "reg_lambda": 2.9014985109733074}, "datetime": {"datetime": "2024-02-19 16:18:26", "elapsed": 878.617513, "delta": 4.12245}}
{"target": -0.7714225087541197, "params": {"colsample_bytree": 0.5414665118111799, "learning_rate": 0.07088831913416171, "max_bin_exp": 7.7489879008245754, "max_depth": 2.959524136767951, "n_estimators": 2605.4867911555016, "reg_alpha": 2.5456954688525495, "reg_lambda": 0.5099233769221931}, "datetime": {"datetime": "2024-02-19 16:18:27", "elapsed": 880.085563, "delta": 1.46805}}
{"target": -0.6903503626416106, "params": {"colsample_bytree": 0.48124919740286787, "learning_rate": 0.2558139802966783, "max_bin_exp": 7.712958382741553, "max_depth": 4.387898953119793, "n_estimators": 2566.7045872277686, "reg_alpha": 0.42512409530369777, "reg_lambda": 1.2727661188147716}, "datetime": {"datetime": "2024-02-19 16:18:30", "elapsed": 882.634495, "delta": 2.548932}}
{"target": -0.7637688969073682, "params": {"colsample_bytree": 0.3346797478030331, "learning_rate": 0.06666763752071986, "max_bin_exp": 6.2425451648137065, "max_depth": 2.637894241996201, "n_estimators": 4508.654652699998, "reg_alpha": 2.9275188672034864, "reg_lambda": 0.9123703446826327}, "datetime": {"datetime": "2024-02-19 16:18:33", "elapsed": 885.214802, "delta": 2.580307}}
{"target": -0.883282040706656, "params": {"colsample_bytree": 0.33825137123189764, "learning_rate": 0.40896490866271246, "max_bin_exp": 7.253465619699895, "max_depth": 5.85320635604397, "n_estimators": 4508.970804187698, "reg_alpha": 1.2265215241927343, "reg_lambda": 0.045121678203579596}, "datetime": {"datetime": "2024-02-19 16:18:37", "elapsed": 890.078728, "delta": 4.863926}}
{"target": -0.6741289176540799, "params": {"colsample_bytree": 1.0, "learning_rate": 0.5, "max_bin_exp": 6.313160081156832, "max_depth": 6.0, "n_estimators": 4520.164466668654, "reg_alpha": 2.95009010782601, "reg_lambda": 1.392749484662618}, "datetime": {"datetime": "2024-02-19 16:18:44", "elapsed": 896.409522, "delta": 6.330794}}
{"target": -0.6635635729059999, "params": {"colsample_bytree": 0.9948204421399267, "learning_rate": 0.38831026897162046, "max_bin_exp": 9.663468807951709, "max_depth": 3.3753868800311775, "n_estimators": 2604.038716527323, "reg_alpha": 2.5215159941155334, "reg_lambda": 0.434301272912762}, "datetime": {"datetime": "2024-02-19 16:18:46", "elapsed": 898.249323, "delta": 1.839801}}
{"target": -1.1542501243055554, "params": {"colsample_bytree": 0.6615551149572685, "learning_rate": 0.2615776155373932, "max_bin_exp": 6.029299150270756, "max_depth": 1.7783774423593308, "n_estimators": 4510.078370636466, "reg_alpha": 0.8296240567644474, "reg_lambda": 1.9848905451439056}, "datetime": {"datetime": "2024-02-19 16:18:48", "elapsed": 900.338269, "delta": 2.088946}}
{"target": -0.6895244704243173, "params": {"colsample_bytree": 0.40713857841204454, "learning_rate": 0.14636070211258276, "max_bin_exp": 9.993192476265852, "max_depth": 4.695263967850324, "n_estimators": 2593.9570903734657, "reg_alpha": 2.90949239165623, "reg_lambda": 0.24688519164146272}, "datetime": {"datetime": "2024-02-19 16:18:50", "elapsed": 902.951255, "delta": 2.612986}}
{"target": -0.7053097754001884, "params": {"colsample_bytree": 0.6145917217045545, "learning_rate": 0.23464009921438694, "max_bin_exp": 9.76198977156917, "max_depth": 2.5255615187964366, "n_estimators": 4508.229325821675, "reg_alpha": 2.878116826297349, "reg_lambda": 0.31912501635173296}, "datetime": {"datetime": "2024-02-19 16:18:54", "elapsed": 906.804699, "delta": 3.853444}}
{"target": -0.6002387959238171, "params": {"colsample_bytree": 0.945928294183469, "learning_rate": 0.19525849754782168, "max_bin_exp": 9.788459509824865, "max_depth": 4.327209894592168, "n_estimators": 2071.7662658389017, "reg_alpha": 0.8668426358507477, "reg_lambda": 2.8763507724661728}, "datetime": {"datetime": "2024-02-19 16:18:56", "elapsed": 909.036956, "delta": 2.232257}}
{"target": -0.6749754611140537, "params": {"colsample_bytree": 1.0, "learning_rate": 0.5, "max_bin_exp": 7.345078344758759, "max_depth": 5.474538254370085, "n_estimators": 2584.495684831214, "reg_alpha": 3.0, "reg_lambda": 2.3758627389185447}, "datetime": {"datetime": "2024-02-19 16:19:00", "elapsed": 912.414907, "delta": 3.377951}}
{"target": -0.627048425783457, "params": {"colsample_bytree": 1.0, "learning_rate": 0.3476655587568434, "max_bin_exp": 10.0, "max_depth": 4.440716552879034, "n_estimators": 2601.0871341097854, "reg_alpha": 2.9721765497265045, "reg_lambda": 2.4339806911458486}, "datetime": {"datetime": "2024-02-19 16:19:02", "elapsed": 914.938865, "delta": 2.523958}}
{"target": -0.6189107408015537, "params": {"colsample_bytree": 0.7572896754788823, "learning_rate": 0.27982076966805647, "max_bin_exp": 9.156102240991142, "max_depth": 5.214495511729371, "n_estimators": 2058.402838914685, "reg_alpha": 2.0203967245271075, "reg_lambda": 2.4503316167830795}, "datetime": {"datetime": "2024-02-19 16:19:05", "elapsed": 917.605017, "delta": 2.666152}}
{"target": -0.8883741812735404, "params": {"colsample_bytree": 0.26014726930464244, "learning_rate": 0.3720577254739555, "max_bin_exp": 7.36338913396928, "max_depth": 5.151430518955646, "n_estimators": 2568.555485782645, "reg_alpha": 1.8774823767624345, "reg_lambda": 1.3053910269442683}, "datetime": {"datetime": "2024-02-19 16:19:07", "elapsed": 919.879782, "delta": 2.274765}}
{"target": -0.7041451268348937, "params": {"colsample_bytree": 1.0, "learning_rate": 0.5, "max_bin_exp": 7.701082361922434, "max_depth": 5.065571299697991, "n_estimators": 2592.0298297620425, "reg_alpha": 2.3292878673035142, "reg_lambda": 0.0}, "datetime": {"datetime": "2024-02-19 16:19:10", "elapsed": 922.643603, "delta": 2.763821}}
{"target": -3.097722862088042, "params": {"colsample_bytree": 1.0, "learning_rate": 0.001, "max_bin_exp": 10.0, "max_depth": 3.4469515885387767, "n_estimators": 2598.3217419511316, "reg_alpha": 2.1799686818302444, "reg_lambda": 2.3843761987771797}, "datetime": {"datetime": "2024-02-19 16:19:12", "elapsed": 924.907478, "delta": 2.263875}}
{"target": -0.6786365924611583, "params": {"colsample_bytree": 0.7426956549589123, "learning_rate": 0.44027820880458535, "max_bin_exp": 8.079847039567186, "max_depth": 5.457302886438744, "n_estimators": 2566.028335340423, "reg_alpha": 1.9431912398125097, "reg_lambda": 2.386980617483219}, "datetime": {"datetime": "2024-02-19 16:19:15", "elapsed": 927.907012, "delta": 2.999534}}
{"target": -0.8179857063191502, "params": {"colsample_bytree": 1.0, "learning_rate": 0.5, "max_bin_exp": 5.785669586557162, "max_depth": 4.519234617585981, "n_estimators": 2066.7978447146547, "reg_alpha": 0.0, "reg_lambda": 2.6706987290139352}, "datetime": {"datetime": "2024-02-19 16:19:18", "elapsed": 930.288661, "delta": 2.381649}}
{"target": -0.750025086011248, "params": {"colsample_bytree": 0.30846738784309213, "learning_rate": 0.395271657612955, "max_bin_exp": 8.976468319680084, "max_depth": 4.566354376227405, "n_estimators": 2577.908674600179, "reg_alpha": 0.023438740691021254, "reg_lambda": 2.7906164378716176}, "datetime": {"datetime": "2024-02-19 16:19:20", "elapsed": 932.770014, "delta": 2.481353}}
{"target": -0.8979717227783662, "params": {"colsample_bytree": 0.2549812999588681, "learning_rate": 0.22411217674526987, "max_bin_exp": 8.806560011994488, "max_depth": 5.789703185753347, "n_estimators": 2056.4424579289125, "reg_alpha": 0.49119521131461596, "reg_lambda": 2.231349041171076}, "datetime": {"datetime": "2024-02-19 16:19:23", "elapsed": 935.355531, "delta": 2.585517}}
{"target": -0.7144104073288163, "params": {"colsample_bytree": 0.5768258316718132, "learning_rate": 0.43971115717602793, "max_bin_exp": 6.9888046404664825, "max_depth": 3.877849441679774, "n_estimators": 2597.1908950762377, "reg_alpha": 2.086304357387706, "reg_lambda": 1.002049656553313}, "datetime": {"datetime": "2024-02-19 16:19:24", "elapsed": 937.127586, "delta": 1.772055}}
{"target": -0.6870577700781987, "params": {"colsample_bytree": 0.37989964061915205, "learning_rate": 0.24904402845534984, "max_bin_exp": 9.836913098901626, "max_depth": 3.120862215204156, "n_estimators": 2063.2225904965658, "reg_alpha": 0.12936490827557645, "reg_lambda": 0.9897177313792594}, "datetime": {"datetime": "2024-02-19 16:19:27", "elapsed": 939.308428, "delta": 2.180842}}
{"target": -0.6497167676568385, "params": {"colsample_bytree": 1.0, "learning_rate": 0.5, "max_bin_exp": 7.691451786529898, "max_depth": 6.0, "n_estimators": 2189.56203153961, "reg_alpha": 0.8995405589369961, "reg_lambda": 3.0}, "datetime": {"datetime": "2024-02-19 16:19:30", "elapsed": 942.89786, "delta": 3.589432}}
{"target": -0.852236526865032, "params": {"colsample_bytree": 0.2, "learning_rate": 0.5, "max_bin_exp": 10.0, "max_depth": 3.98782737321008, "n_estimators": 2071.608616717216, "reg_alpha": 2.2460404575805293, "reg_lambda": 1.9319328458791556}, "datetime": {"datetime": "2024-02-19 16:19:32", "elapsed": 944.946209, "delta": 2.048349}}
{"target": -0.6537407135578508, "params": {"colsample_bytree": 0.476196230339504, "learning_rate": 0.17408423661484781, "max_bin_exp": 8.728588036107649, "max_depth": 3.3455826016347485, "n_estimators": 2566.505797202295, "reg_alpha": 1.0794921099958588, "reg_lambda": 2.6605751726733757}, "datetime": {"datetime": "2024-02-19 16:19:34", "elapsed": 946.853855, "delta": 1.907646}}
{"target": -0.6537420660947064, "params": {"colsample_bytree": 0.608069394028524, "learning_rate": 0.06147893346419719, "max_bin_exp": 7.864595742241484, "max_depth": 4.922226011437445, "n_estimators": 2598.821352291063, "reg_alpha": 2.114292900026808, "reg_lambda": 0.253842522531468}, "datetime": {"datetime": "2024-02-19 16:19:37", "elapsed": 949.750099, "delta": 2.896244}}
{"target": -0.6429031089630415, "params": {"colsample_bytree": 1.0, "learning_rate": 0.5, "max_bin_exp": 10.0, "max_depth": 5.279078828468334, "n_estimators": 2196.616992914409, "reg_alpha": 0.0, "reg_lambda": 3.0}, "datetime": {"datetime": "2024-02-19 16:19:40", "elapsed": 952.97829, "delta": 3.228191}}
{"target": -0.5918000467940795, "params": {"colsample_bytree": 1.0, "learning_rate": 0.14227902993603284, "max_bin_exp": 10.0, "max_depth": 4.280639593998486, "n_estimators": 2198.510494797861, "reg_alpha": 0.0, "reg_lambda": 3.0}, "datetime": {"datetime": "2024-02-19 16:19:43", "elapsed": 955.759036, "delta": 2.780746}}
{"target": -0.6390563858109699, "params": {"colsample_bytree": 0.7735813453477238, "learning_rate": 0.2867417906851262, "max_bin_exp": 9.618281004223455, "max_depth": 4.536370914867016, "n_estimators": 2602.564645868723, "reg_alpha": 2.0042218864901398, "reg_lambda": 0.9606448241228935}, "datetime": {"datetime": "2024-02-19 16:19:46", "elapsed": 958.198939, "delta": 2.439903}}
{"target": -0.702964078765007, "params": {"colsample_bytree": 0.6365727259417404, "learning_rate": 0.12183748589632992, "max_bin_exp": 9.899156330673128, "max_depth": 2.89997812497994, "n_estimators": 2578.55688316396, "reg_alpha": 1.469443417041032, "reg_lambda": 1.1449629342736145}, "datetime": {"datetime": "2024-02-19 16:19:47", "elapsed": 960.060217, "delta": 1.861278}}
{"target": -0.6789858745205464, "params": {"colsample_bytree": 0.5779204032138074, "learning_rate": 0.34917197714523285, "max_bin_exp": 8.72278879794702, "max_depth": 3.9828754477891466, "n_estimators": 2605.777897612517, "reg_alpha": 0.1469062792482445, "reg_lambda": 2.1843870223904047}, "datetime": {"datetime": "2024-02-19 16:19:50", "elapsed": 962.7221, "delta": 2.661883}}
{"target": -0.6689944237008594, "params": {"colsample_bytree": 0.5955458948434751, "learning_rate": 0.4316798525377521, "max_bin_exp": 9.038478993457428, "max_depth": 5.876084420402397, "n_estimators": 2600.495799508773, "reg_alpha": 2.424177471836957, "reg_lambda": 0.6851098854268356}, "datetime": {"datetime": "2024-02-19 16:19:53", "elapsed": 965.902994, "delta": 3.180894}}
{"target": -0.6459768527093632, "params": {"colsample_bytree": 0.7221790344746268, "learning_rate": 0.07151681818207767, "max_bin_exp": 7.768315158741328, "max_depth": 4.980510116148693, "n_estimators": 2566.71629408733, "reg_alpha": 2.2258250305960283, "reg_lambda": 0.0455500226843597}, "datetime": {"datetime": "2024-02-19 16:19:55", "elapsed": 968.146068, "delta": 2.243074}}
