{"target": 9.300245304301725, "params": {"u": 1.9442842455434277, "x": -0.12236427522927329, "y": -2.416273356747504}, "datetime": {"datetime": "2024-02-27 23:12:07", "elapsed": 384.678477, "delta": 2.612683}}
{"target": 9.697561216428603, "params": {"u": 1.7555411943883341, "x": -0.06662793262930178, "y": 1.1341772969568957}, "datetime": {"datetime": "2024-02-27 23:12:09", "elapsed": 386.000708, "delta": 1.322231}}
{"target": -2.063114386715288, "params": {"u": 0.767616535157079, "x": 0.10379679564829258, "y": 4.369510830942712}, "datetime": {"datetime": "2024-02-27 23:12:10", "elapsed": 387.671388, "delta": 1.67068}}
{"target": 9.173512104027537, "params": {"u": 1.9812779219675078, "x": 0.13802326761815875, "y": 0.9340919710872306}, "datetime": {"datetime": "2024-02-27 23:12:12", "elapsed": 389.792207, "delta": 2.120819}}
{"target": 9.165443364402709, "params": {"u": 1.5353043358969105, "x": 0.13900255162518338, "y": -4.688914511479741}, "datetime": {"datetime": "2024-02-27 23:12:13", "elapsed": 390.825625, "delta": 1.033418}}
{"target": 8.965570943298978, "params": {"u": 1.9726687110974246, "x": -0.16281976927288877, "y": -3.1821337034621386}, "datetime": {"datetime": "2024-02-27 23:12:16", "elapsed": 392.878788, "delta": 2.053163}}
{"target": -14.174631982176143, "params": {"u": 0.7652426451651886, "x": -0.6896968236211127, "y": 4.893419429935465}, "datetime": {"datetime": "2024-02-27 23:12:17", "elapsed": 394.128321, "delta": 1.249533}}
{"target": -10.588598272747644, "params": {"u": 0.5945840529898718, "x": -0.7495744768464654, "y": 4.768561816525507}, "datetime": {"datetime": "2024-02-27 23:12:18", "elapsed": 394.937667, "delta": 0.809346}}
{"target": 3.6970657513768863, "params": {"u": 1.4869725017617605, "x": 1.5890452036871583, "y": 0.7028424162351801}, "datetime": {"datetime": "2024-02-27 23:12:19", "elapsed": 395.98313, "delta": 1.045463}}
{"target": 9.7943759351304, "params": {"u": 1.9538135910387582, "x": 0.0498118284354816, "y": -3.992065007081249}, "datetime": {"datetime": "2024-02-27 23:12:20", "elapsed": 396.967252, "delta": 0.984122}}
{"target": 9.397937894436847, "params": {"u": 1.9959512976671376, "x": 0.10982543392009703, "y": -3.955371053508865}, "datetime": {"datetime": "2024-02-27 23:12:22", "elapsed": 399.535479, "delta": 2.568227}}
{"target": -0.9640900058014168, "params": {"u": 0.17903937008286963, "x": -0.07027690849927337, "y": -0.10885655852606924}, "datetime": {"datetime": "2024-02-27 23:12:24", "elapsed": 400.964589, "delta": 1.42911}}
{"target": 8.004335170044993, "params": {"u": 1.9930823421505244, "x": -0.280294668509943, "y": 2.271043151684694}, "datetime": {"datetime": "2024-02-27 23:12:25", "elapsed": 402.559709, "delta": 1.59512}}
{"target": -6.74163904448506, "params": {"u": 0.3107556823124511, "x": 0.8141285164588057, "y": 1.650130182404368}, "datetime": {"datetime": "2024-02-27 23:12:27", "elapsed": 404.528523, "delta": 1.968814}}
{"target": 0.9705073592910836, "params": {"u": 1.9758209035679182, "x": 2.5245123097055506, "y": -0.720302228684301}, "datetime": {"datetime": "2024-02-27 23:12:28", "elapsed": 405.430462, "delta": 0.901939}}
{"target": 7.238092383013747, "params": {"u": 1.9471973753782554, "x": -0.40953170126574445, "y": 1.4345316363551133}, "datetime": {"datetime": "2024-02-27 23:12:29", "elapsed": 406.829534, "delta": 1.399072}}
{"target": 7.315204569241654, "params": {"u": 1.99504452897026, "x": 0.8800270706350539, "y": 0.5948855547920591}, "datetime": {"datetime": "2024-02-27 23:12:33", "elapsed": 409.900125, "delta": 3.070591}}
{"target": 7.007652930152531, "params": {"u": 1.969029481030287, "x": -0.4690208544292558, "y": 4.161113315587544}, "datetime": {"datetime": "2024-02-27 23:12:34", "elapsed": 411.579894, "delta": 1.679769}}
{"target": 9.789215612480142, "params": {"u": 1.9572584485529854, "x": -0.05076793927649659, "y": 1.9373383719546977}, "datetime": {"datetime": "2024-02-27 23:12:36", "elapsed": 413.682492, "delta": 2.102598}}
{"target": 6.2721008247411625, "params": {"u": 1.356977722385282, "x": 1.0384222072210223, "y": 3.0733378560926496}, "datetime": {"datetime": "2024-02-27 23:12:38", "elapsed": 415.004014, "delta": 1.321522}}
{"target": 6.8327007484628375, "params": {"u": 1.945713788042425, "x": -0.5369654691786216, "y": 3.3062858224228204}, "datetime": {"datetime": "2024-02-27 23:12:39", "elapsed": 416.468198, "delta": 1.464184}}
{"target": 19.936971771986443, "params": {"u": 2.0, "x": -0.2510542332117839, "y": -4.2492537950384115}, "datetime": {"datetime": "2024-02-27 23:12:41", "elapsed": 417.954116, "delta": 1.485918}}
{"target": 18.0, "params": {"u": 2.0, "x": -1.0, "y": -2.7230438430715638}, "datetime": {"datetime": "2024-02-27 23:12:43", "elapsed": 420.31475, "delta": 2.360634}}
{"target": 3.738766814488585, "params": {"u": 1.7495474085924727, "x": 1.5269587881962488, "y": -0.5839225551467822}, "datetime": {"datetime": "2024-02-27 23:12:44", "elapsed": 421.808042, "delta": 1.493292}}
{"target": 6.874483290864987, "params": {"u": 1.9993514802415515, "x": -0.5169869807409917, "y": 1.8763926279568661}, "datetime": {"datetime": "2024-02-27 23:12:46", "elapsed": 423.677663, "delta": 1.869621}}
{"target": -20.03751263364644, "params": {"u": 0.1575292845030527, "x": 0.5356178100860491, "y": -4.211390797396194}, "datetime": {"datetime": "2024-02-27 23:12:48", "elapsed": 425.00971, "delta": 1.332047}}
{"target": 19.999678363367394, "params": {"u": 2.0, "x": 0.0179342307502987, "y": -3.911465556544527}, "datetime": {"datetime": "2024-02-27 23:12:49", "elapsed": 426.810568, "delta": 1.800858}}
{"target": 7.123503587719728, "params": {"u": 1.9958133562823164, "x": 0.8174966783149168, "y": 4.947071363098418}, "datetime": {"datetime": "2024-02-27 23:12:51", "elapsed": 428.732015, "delta": 1.921447}}
{"target": -8.939317803550335, "params": {"u": 0.6767130603262017, "x": 2.059760442496845, "y": 1.465727379083325}, "datetime": {"datetime": "2024-02-27 23:12:53", "elapsed": 430.010103, "delta": 1.278088}}
{"target": -7.9181042898359735, "params": {"u": 0.3855544283798762, "x": 1.8637833470545488, "y": 1.677186090358994}, "datetime": {"datetime": "2024-02-27 23:12:54", "elapsed": 431.299349, "delta": 1.289246}}
{"target": 9.99254280855175, "params": {"u": 1.9988538244175327, "x": 0.0025741362172895244, "y": -3.9630433283434674}, "datetime": {"datetime": "2024-02-27 23:12:56", "elapsed": 433.264092, "delta": 1.964743}}
{"target": 7.886180968070711, "params": {"u": 1.9278208806409838, "x": -0.2967619194634743, "y": -4.255460229424645}, "datetime": {"datetime": "2024-02-27 23:12:58", "elapsed": 435.564512, "delta": 2.30042}}
{"target": 6.753718159189912, "params": {"u": 1.9532382770707517, "x": 0.602113379524702, "y": 1.0954721897777322}, "datetime": {"datetime": "2024-02-27 23:13:01", "elapsed": 438.2891, "delta": 2.724588}}
{"target": 19.970388858359502, "params": {"u": 2.0, "x": -0.1720788820294271, "y": -0.5778982877152731}, "datetime": {"datetime": "2024-02-27 23:13:03", "elapsed": 440.614078, "delta": 2.324978}}
{"target": 7.419702741526212, "params": {"u": 1.9754503720266028, "x": 0.9482065392333596, "y": 4.3880138630948355}, "datetime": {"datetime": "2024-02-27 23:13:07", "elapsed": 443.904717, "delta": 3.290639}}
{"target": 6.863811359006618, "params": {"u": 1.9699094340024943, "x": 0.7279017517641515, "y": 0.14372378804539387}, "datetime": {"datetime": "2024-02-27 23:13:10", "elapsed": 447.64704, "delta": 3.742323}}
{"target": 19.991638448497692, "params": {"u": 2.0, "x": -0.09144151957566565, "y": -1.5041745317970796}, "datetime": {"datetime": "2024-02-27 23:13:12", "elapsed": 449.247024, "delta": 1.599984}}
{"target": 1.1794252339262972, "params": {"u": 1.8609844042249433, "x": 2.716640501891341, "y": 3.9035228807908773}, "datetime": {"datetime": "2024-02-27 23:13:13", "elapsed": 450.749256, "delta": 1.502232}}
{"target": 8.419726488948264, "params": {"u": 1.9725013845731865, "x": 0.22723669965266824, "y": 2.277030264441108}, "datetime": {"datetime": "2024-02-27 23:13:16", "elapsed": 452.876071, "delta": 2.126815}}
{"target": 2.3003388583421938, "params": {"u": 1.8721343179510062, "x": 2.2056646877385746, "y": -0.9007967782149677}, "datetime": {"datetime": "2024-02-27 23:13:18", "elapsed": 454.941152, "delta": 2.065081}}
{"target": 6.891330467938193, "params": {"u": 1.9580283578383213, "x": -0.5098639209156519, "y": -1.9489169450281207}, "datetime": {"datetime": "2024-02-27 23:13:21", "elapsed": 458.778139, "delta": 3.836987}}
{"target": 0.9510966465840056, "params": {"u": 1.2907416446336397, "x": 2.5834606501328112, "y": -2.531864228412324}, "datetime": {"datetime": "2024-02-27 23:13:24", "elapsed": 461.014093, "delta": 2.235954}}
{"target": 7.370751192486505, "params": {"u": 1.9980098736361418, "x": -0.9964934817149924, "y": 3.77563646796621}, "datetime": {"datetime": "2024-02-27 23:13:26", "elapsed": 463.808489, "delta": 2.794396}}
{"target": -14.496853905514719, "params": {"u": 0.7543949333771578, "x": 0.32238535227799137, "y": 3.3321693866117528}, "datetime": {"datetime": "2024-02-27 23:13:28", "elapsed": 465.337738, "delta": 1.529249}}
{"target": 6.781970961937123, "params": {"u": 1.9403678124806882, "x": 0.5696276172900516, "y": -1.6776323850909716}, "datetime": {"datetime": "2024-02-27 23:13:31", "elapsed": 468.507174, "delta": 3.169436}}
{"target": 8.027674774254809, "params": {"u": 1.9740590430474962, "x": -0.2771309968413189, "y": -4.19110084698557}, "datetime": {"datetime": "2024-02-27 23:13:33", "elapsed": 470.483791, "delta": 1.976617}}
{"target": 9.301975216610732, "params": {"u": 1.9817629199740727, "x": -0.12214629739150551, "y": 3.6911244265945253}, "datetime": {"datetime": "2024-02-27 23:13:35", "elapsed": 472.728968, "delta": 2.245177}}
{"target": 19.992457772872022, "params": {"u": 2.0, "x": -0.08684599661456736, "y": -3.6580564389350556}, "datetime": {"datetime": "2024-02-27 23:13:38", "elapsed": 475.821701, "delta": 3.092733}}
{"target": -18.69001153960596, "params": {"u": 0.3274591208131794, "x": -0.5930723210041964, "y": 0.9856404121679496}, "datetime": {"datetime": "2024-02-27 23:13:40", "elapsed": 477.531955, "delta": 1.710254}}
{"target": 6.819821007214269, "params": {"u": 1.9338876382429064, "x": 0.5440564553685414, "y": -1.187447880808552}, "datetime": {"datetime": "2024-02-27 23:13:44", "elapsed": 481.669198, "delta": 4.137243}}
{"target": 6.747547267501773, "params": {"u": 1.949735393058438, "x": -0.6269986444722417, "y": 1.909192925335792}, "datetime": {"datetime": "2024-02-27 23:13:48", "elapsed": 485.610432, "delta": 3.941234}}
{"target": 7.55051185344492, "params": {"u": 1.9548446241613606, "x": 0.3490118467364547, "y": -3.4955856858710757}, "datetime": {"datetime": "2024-02-27 23:13:50", "elapsed": 487.627273, "delta": 2.016841}}
{"target": 7.952477430521402, "params": {"u": 1.9677005089847959, "x": -0.2874252902794572, "y": 3.2287170047548237}, "datetime": {"datetime": "2024-02-27 23:13:53", "elapsed": 490.209852, "delta": 2.582579}}
{"target": 9.316463019423384, "params": {"u": 1.9843906539675182, "x": 0.1203155269258609, "y": -2.792296067147617}, "datetime": {"datetime": "2024-02-27 23:13:56", "elapsed": 493.284183, "delta": 3.074331}}
{"target": 9.162482114394503, "params": {"u": 1.988722486243724, "x": -0.1393615048805188, "y": -0.5283640260278419}, "datetime": {"datetime": "2024-02-27 23:13:59", "elapsed": 496.073914, "delta": 2.789731}}
{"target": 7.234808173495939, "params": {"u": 1.9435472622055592, "x": 0.410263003949515, "y": 4.620850950726057}, "datetime": {"datetime": "2024-02-27 23:14:02", "elapsed": 499.325634, "delta": 3.25172}}
{"target": 19.977770135342443, "params": {"u": 2.0, "x": -0.1490968298038418, "y": -1.5067264459173788}, "datetime": {"datetime": "2024-02-27 23:14:05", "elapsed": 501.861197, "delta": 2.535563}}
{"target": 9.532116910070386, "params": {"u": 1.7028508966118974, "x": -0.09161372349065378, "y": 0.9471562442555292}, "datetime": {"datetime": "2024-02-27 23:14:06", "elapsed": 503.477858, "delta": 1.616661}}
{"target": -10.8881112919587, "params": {"u": 0.5370301563081985, "x": 1.224253010473443, "y": 3.1552739004239854}, "datetime": {"datetime": "2024-02-27 23:14:08", "elapsed": 505.257025, "delta": 1.779167}}
{"target": 19.950152044415308, "params": {"u": 2.0, "x": 0.22326655724647113, "y": -0.8581059103018351}, "datetime": {"datetime": "2024-02-27 23:14:10", "elapsed": 507.63963, "delta": 2.382605}}
{"target": -24.637696989207303, "params": {"u": 0.3590410432023834, "x": 2.3366224330115672, "y": -1.0945267653739066}, "datetime": {"datetime": "2024-02-27 23:14:11", "elapsed": 508.759888, "delta": 1.120258}}
{"target": 8.379290121753971, "params": {"u": 1.9688684022035343, "x": -0.23216031322580166, "y": -0.5354017658633428}, "datetime": {"datetime": "2024-02-27 23:14:14", "elapsed": 511.598799, "delta": 2.838911}}
{"target": 9.759561431607924, "params": {"u": 1.9842188699941112, "x": -0.05611748762473345, "y": -3.6058285504759557}, "datetime": {"datetime": "2024-02-27 23:14:18", "elapsed": 515.477862, "delta": 3.879063}}
{"target": 9.330556789034578, "params": {"u": 1.9499891964603446, "x": -0.11852527015425522, "y": -1.526443661435787}, "datetime": {"datetime": "2024-02-27 23:14:20", "elapsed": 517.235263, "delta": 1.757401}}
{"target": 7.839008040346506, "params": {"u": 1.9585854505328013, "x": -0.3035708423548349, "y": 4.969456400498256}, "datetime": {"datetime": "2024-02-27 23:14:22", "elapsed": 519.157675, "delta": 1.922412}}
{"target": 9.133347830875103, "params": {"u": 1.9311296092312416, "x": 0.14288091678388115, "y": -2.0030677768238303}, "datetime": {"datetime": "2024-02-27 23:14:24", "elapsed": 521.246267, "delta": 2.088592}}
{"target": -9.864853401755978, "params": {"u": 0.036321857121554446, "x": 0.761387011404917, "y": 0.8200266525785063}, "datetime": {"datetime": "2024-02-27 23:14:26", "elapsed": 523.010673, "delta": 1.764406}}
{"target": -0.9993775714331434, "params": {"u": 0.40800270598392463, "x": 0.9902372689211654, "y": -3.733115937412345}, "datetime": {"datetime": "2024-02-27 23:14:28", "elapsed": 525.146348, "delta": 2.135675}}
{"target": 8.541443846040771, "params": {"u": 1.978231342792771, "x": 0.21262145531479693, "y": 2.387783480079179}, "datetime": {"datetime": "2024-02-27 23:14:30", "elapsed": 527.079609, "delta": 1.933261}}
{"target": -1.4049056612050386, "params": {"u": 0.8176331107354291, "x": -0.949265304794467, "y": 4.863037887087685}, "datetime": {"datetime": "2024-02-27 23:14:31", "elapsed": 528.661516, "delta": 1.581907}}
{"target": 6.796691704000175, "params": {"u": 1.934360384996782, "x": 0.558559130126441, "y": -2.5828458149180733}, "datetime": {"datetime": "2024-02-27 23:14:35", "elapsed": 532.174815, "delta": 3.513299}}
{"target": 7.527738807616998, "params": {"u": 1.8288377694703162, "x": 0.3529429017751431, "y": -3.556502041505026}, "datetime": {"datetime": "2024-02-27 23:14:36", "elapsed": 533.122496, "delta": 0.947681}}
{"target": 8.442089014447479, "params": {"u": 1.9782308080821023, "x": 0.2245297349164681, "y": -0.9125184830099595}, "datetime": {"datetime": "2024-02-27 23:14:39", "elapsed": 535.923568, "delta": 2.801072}}
{"target": 19.98167554871235, "params": {"u": 2.0, "x": -0.13536783697633348, "y": 1.9452170133089906}, "datetime": {"datetime": "2024-02-27 23:14:41", "elapsed": 538.764759, "delta": 2.841191}}
{"target": 19.8020308497366, "params": {"u": 2.0, "x": -0.44493724306176236, "y": -2.0381760025699056}, "datetime": {"datetime": "2024-02-27 23:14:43", "elapsed": 540.713331, "delta": 1.948572}}
{"target": 3.2092424790914507, "params": {"u": 1.4392022286429842, "x": 2.065019850420312, "y": -3.5780820524377557}, "datetime": {"datetime": "2024-02-27 23:14:45", "elapsed": 542.656479, "delta": 1.943148}}
{"target": 9.429236208826563, "params": {"u": 1.9930867893924955, "x": 0.10569469236730589, "y": -2.0072479147003097}, "datetime": {"datetime": "2024-02-27 23:14:48", "elapsed": 544.999633, "delta": 2.343154}}
{"target": 7.697306825530646, "params": {"u": 1.9792415070828924, "x": 0.32498182484307847, "y": 0.2363758961961171}, "datetime": {"datetime": "2024-02-27 23:14:49", "elapsed": 546.722624, "delta": 1.722991}}
{"target": -20.026500401264478, "params": {"u": 0.42623233948238104, "x": 0.4686683289819462, "y": 3.6398155286234903}, "datetime": {"datetime": "2024-02-27 23:14:51", "elapsed": 548.040216, "delta": 1.317592}}
{"target": 9.271621436576222, "params": {"u": 1.9593086079728657, "x": -0.1259526186162403, "y": -3.655499500237167}, "datetime": {"datetime": "2024-02-27 23:14:53", "elapsed": 550.707395, "delta": 2.667179}}
{"target": 6.761073397744834, "params": {"u": 1.9489722835233707, "x": -0.5906988962076483, "y": -3.6884978446410233}, "datetime": {"datetime": "2024-02-27 23:14:57", "elapsed": 554.497996, "delta": 3.790601}}
{"target": -18.015649555397484, "params": {"u": 0.11859929820884973, "x": 2.8137933225232037, "y": 4.608017518732478}, "datetime": {"datetime": "2024-02-27 23:14:59", "elapsed": 556.018002, "delta": 1.520006}}
{"target": 19.64668275113041, "params": {"u": 2.0, "x": 0.5944049536045201, "y": -4.787540617663518}, "datetime": {"datetime": "2024-02-27 23:15:01", "elapsed": 558.18345, "delta": 2.165448}}
{"target": 6.951418120871811, "params": {"u": 1.950977977926495, "x": 0.48730679063991955, "y": -4.387956432741305}, "datetime": {"datetime": "2024-02-27 23:15:03", "elapsed": 560.733338, "delta": 2.549888}}
{"target": 9.782637092709852, "params": {"u": 1.966236839396549, "x": 0.05197551398958833, "y": -3.8562572165266773}, "datetime": {"datetime": "2024-02-27 23:15:06", "elapsed": 562.865654, "delta": 2.132316}}
{"target": -14.078009158854991, "params": {"u": 0.4019082637462936, "x": 0.6913884960972778, "y": 4.302115001397725}, "datetime": {"datetime": "2024-02-27 23:15:07", "elapsed": 564.429991, "delta": 1.564337}}
{"target": 6.846637521629663, "params": {"u": 1.940851292456087, "x": -0.5298583790345935, "y": 4.62108947279915}, "datetime": {"datetime": "2024-02-27 23:15:11", "elapsed": 568.441881, "delta": 4.01189}}
{"target": -28.263719107551076, "params": {"u": 0.3316257061435637, "x": 2.410321067900654, "y": -3.6374250398096564}, "datetime": {"datetime": "2024-02-27 23:15:13", "elapsed": 570.0336, "delta": 1.591719}}
{"target": 8.48578502503262, "params": {"u": 1.9754265262961783, "x": -0.21927018329978276, "y": -4.962971813868387}, "datetime": {"datetime": "2024-02-27 23:15:14", "elapsed": 571.471754, "delta": 1.438154}}
{"target": 9.683606832924895, "params": {"u": 1.9710126864738127, "x": 0.06888801837095837, "y": 3.934881671709565}, "datetime": {"datetime": "2024-02-27 23:15:17", "elapsed": 573.857447, "delta": 2.385693}}
{"target": 6.747860580231848, "params": {"u": 1.961029175243725, "x": -0.6312212051030337, "y": -2.796338521772279}, "datetime": {"datetime": "2024-02-27 23:15:19", "elapsed": 576.661488, "delta": 2.804041}}
{"target": 9.429368651383012, "params": {"u": 1.9505081984520887, "x": 0.10567707811285132, "y": 3.999465230301695}, "datetime": {"datetime": "2024-02-27 23:15:23", "elapsed": 579.920302, "delta": 3.258814}}
{"target": 6.78044566274809, "params": {"u": 1.9967960176476316, "x": -0.5708975917975421, "y": -2.6925681562750805}, "datetime": {"datetime": "2024-02-27 23:15:26", "elapsed": 583.330587, "delta": 3.410285}}
{"target": 7.077765506975389, "params": {"u": 1.9288032307099119, "x": -0.4487950850611804, "y": -2.0476705377786852}, "datetime": {"datetime": "2024-02-27 23:15:30", "elapsed": 587.828265, "delta": 4.497678}}
{"target": -4.553440781711126, "params": {"u": 0.22246353697728227, "x": 1.1106248678876094, "y": 3.2251538707614706}, "datetime": {"datetime": "2024-02-27 23:15:33", "elapsed": 590.231033, "delta": 2.402768}}
{"target": 7.613330567654664, "params": {"u": 1.981757112677282, "x": -0.3384658040005193, "y": 2.171092968070983}, "datetime": {"datetime": "2024-02-27 23:15:35", "elapsed": 592.187091, "delta": 1.956058}}
{"target": 19.987372313161835, "params": {"u": 2.0, "x": -0.11237298090807103, "y": 1.8891223012806477}, "datetime": {"datetime": "2024-02-27 23:15:39", "elapsed": 595.831536, "delta": 3.644445}}
{"target": 9.615837032000751, "params": {"u": 1.99748408222143, "x": -0.07941987996472033, "y": 2.8450149355328342}, "datetime": {"datetime": "2024-02-27 23:15:41", "elapsed": 598.670333, "delta": 2.838797}}
{"target": 9.758856858213722, "params": {"u": 1.981002342857231, "x": -0.056241781093991694, "y": -2.38898537372646}, "datetime": {"datetime": "2024-02-27 23:15:44", "elapsed": 601.032403, "delta": 2.36207}}
{"target": 6.852946680176341, "params": {"u": 1.9882371204637634, "x": 0.526801787800883, "y": -1.1268613515511983}, "datetime": {"datetime": "2024-02-27 23:15:46", "elapsed": 603.048227, "delta": 2.015824}}
{"target": 7.189196368604669, "params": {"u": 1.997956439537022, "x": -0.42069666991720966, "y": -1.9410690828421084}, "datetime": {"datetime": "2024-02-27 23:15:50", "elapsed": 607.001307, "delta": 3.95308}}
{"target": -29.9255040394247, "params": {"u": 0.19528259217108035, "x": 2.470103724891955, "y": 2.217548540026878}, "datetime": {"datetime": "2024-02-27 23:15:52", "elapsed": 608.947004, "delta": 1.945697}}
{"target": 8.57521991381127, "params": {"u": 1.977921410919067, "x": 0.2086106898851443, "y": -2.0275575580134086}, "datetime": {"datetime": "2024-02-27 23:15:54", "elapsed": 611.693749, "delta": 2.746745}}
{"target": 9.86328907931426, "params": {"u": 1.9843477848610849, "x": 0.03615805593371135, "y": -4.664160347517311}, "datetime": {"datetime": "2024-02-27 23:15:59", "elapsed": 616.623324, "delta": 4.929575}}
{"target": 6.79637621248207, "params": {"u": 1.9999894381100123, "x": 0.5587777853546894, "y": -1.2665893755139832}, "datetime": {"datetime": "2024-02-27 23:16:03", "elapsed": 620.050271, "delta": 3.426947}}
{"target": 7.392786401933915, "params": {"u": 1.1950677070190903, "x": -0.3776064425878962, "y": -2.1244410219538645}, "datetime": {"datetime": "2024-02-27 23:16:04", "elapsed": 621.721723, "delta": 1.671452}}
