{"target": -0.6406138961521414, "params": {"colsample_bytree": 0.8529461890355543, "learning_rate": 0.1924480492745897, "max_bin_exp": 8.961305665633923, "max_depth": 5.802886968264948, "n_estimators": 4621.31065716047, "reg_alpha": 2.2957543652201884, "reg_lambda": 0.37955167985523475}, "datetime": {"datetime": "2024-02-19 15:46:19", "elapsed": 1505.475068, "delta": 6.083112}}
{"target": -0.6575302135856785, "params": {"colsample_bytree": 0.5068065844119094, "learning_rate": 0.10241365356096772, "max_bin_exp": 9.979560783353095, "max_depth": 5.310101242831, "n_estimators": 3727.965876711949, "reg_alpha": 0.5006821949127036, "reg_lambda": 0.6498077328624081}, "datetime": {"datetime": "2024-02-19 15:46:25", "elapsed": 1512.01407, "delta": 6.539002}}
{"target": -0.8523762607079802, "params": {"colsample_bytree": 1.0, "learning_rate": 0.5, "max_bin_exp": 10.0, "max_depth": 1.9558592589279262, "n_estimators": 3966.039164131981, "reg_alpha": 1.4014054703140424, "reg_lambda": 3.0}, "datetime": {"datetime": "2024-02-19 15:46:29", "elapsed": 1515.979451, "delta": 3.965381}}
{"target": -0.7128374332494702, "params": {"colsample_bytree": 0.28951234117679087, "learning_rate": 0.2645253604351958, "max_bin_exp": 9.627263008313676, "max_depth": 3.5897563193497786, "n_estimators": 3720.9248919915085, "reg_alpha": 1.3794488873357516, "reg_lambda": 1.1908795633273612}, "datetime": {"datetime": "2024-02-19 15:46:34", "elapsed": 1521.295002, "delta": 5.315551}}
{"target": -0.633557877781456, "params": {"colsample_bytree": 0.7436508743495049, "learning_rate": 0.22904887750632516, "max_bin_exp": 9.136814036779233, "max_depth": 5.014742888864672, "n_estimators": 741.7109881554762, "reg_alpha": 1.052428638043893, "reg_lambda": 0.0027478801310300005}, "datetime": {"datetime": "2024-02-19 15:46:37", "elapsed": 1523.573898, "delta": 2.278896}}
{"target": -0.8413664058027307, "params": {"colsample_bytree": 0.741926034760068, "learning_rate": 0.36231442454821394, "max_bin_exp": 5.4090199937646615, "max_depth": 4.5620291939704, "n_estimators": 4148.787594661821, "reg_alpha": 0.25697379466957604, "reg_lambda": 0.36017380567367296}, "datetime": {"datetime": "2024-02-19 15:46:42", "elapsed": 1528.467864, "delta": 4.893966}}
{"target": -1.5008378733727639, "params": {"colsample_bytree": 0.3521523548398266, "learning_rate": 0.2934576800496835, "max_bin_exp": 9.512633470193403, "max_depth": 1.3128718105769241, "n_estimators": 3728.0288432191905, "reg_alpha": 0.09946251718607368, "reg_lambda": 1.7482418269552835}, "datetime": {"datetime": "2024-02-19 15:46:45", "elapsed": 1531.45221, "delta": 2.984346}}
{"target": -0.9992276753295668, "params": {"colsample_bytree": 0.8822665094161131, "learning_rate": 0.227813165184212, "max_bin_exp": 8.008333849252136, "max_depth": 1.0747814797995394, "n_estimators": 3924.467174030947, "reg_alpha": 1.0870548333421797, "reg_lambda": 2.765238085405416}, "datetime": {"datetime": "2024-02-19 15:46:48", "elapsed": 1534.46906, "delta": 3.01685}}
{"target": -0.6354918192068326, "params": {"colsample_bytree": 0.648526562599472, "learning_rate": 0.10623325229108145, "max_bin_exp": 9.017693023220085, "max_depth": 3.416185967915938, "n_estimators": 3969.8016686496703, "reg_alpha": 0.6757190827898372, "reg_lambda": 1.6068668658041159}, "datetime": {"datetime": "2024-02-19 15:46:52", "elapsed": 1539.047411, "delta": 4.578351}}
{"target": -2.543885056076389, "params": {"colsample_bytree": 0.5523105305728755, "learning_rate": 0.053518824237742145, "max_bin_exp": 9.424213065939925, "max_depth": 1.0185078629223328, "n_estimators": 4588.828879395963, "reg_alpha": 1.6906427112679743, "reg_lambda": 2.471633655774927}, "datetime": {"datetime": "2024-02-19 15:46:56", "elapsed": 1542.416197, "delta": 3.368786}}
{"target": -0.7666879213041432, "params": {"colsample_bytree": 0.6660151568990438, "learning_rate": 0.028265570479481326, "max_bin_exp": 6.445105813272053, "max_depth": 2.111083399354266, "n_estimators": 3970.418579716068, "reg_alpha": 1.6394918295597636, "reg_lambda": 1.0646360432445614}, "datetime": {"datetime": "2024-02-19 15:47:00", "elapsed": 1546.343918, "delta": 3.927721}}
{"target": -1.4863231632562384, "params": {"colsample_bytree": 0.8566963328159205, "learning_rate": 0.1295634499491277, "max_bin_exp": 8.521960356174773, "max_depth": 1.1645939885093095, "n_estimators": 3945.450543958459, "reg_alpha": 0.3887530033947737, "reg_lambda": 0.7084770783668134}, "datetime": {"datetime": "2024-02-19 15:47:03", "elapsed": 1549.489691, "delta": 3.145773}}
{"target": -0.6368717366378295, "params": {"colsample_bytree": 1.0, "learning_rate": 0.5, "max_bin_exp": 10.0, "max_depth": 6.0, "n_estimators": 3961.7626167394415, "reg_alpha": 0.0, "reg_lambda": 3.0}, "datetime": {"datetime": "2024-02-19 15:47:11", "elapsed": 1557.83187, "delta": 8.342179}}
{"target": -3.5602752024599815, "params": {"colsample_bytree": 0.2, "learning_rate": 0.001, "max_bin_exp": 9.487514095909832, "max_depth": 4.504376680628301, "n_estimators": 4158.623896211617, "reg_alpha": 3.0, "reg_lambda": 3.0}, "datetime": {"datetime": "2024-02-19 15:47:16", "elapsed": 1563.030036, "delta": 5.198166}}
{"target": -0.6764722920572916, "params": {"colsample_bytree": 1.0, "learning_rate": 0.5, "max_bin_exp": 8.375983992327768, "max_depth": 4.948685441269182, "n_estimators": 3967.4425609160894, "reg_alpha": 2.8946933818216602, "reg_lambda": 3.0}, "datetime": {"datetime": "2024-02-19 15:47:35", "elapsed": 1582.080791, "delta": 19.050755}}
{"target": -0.7423439587975225, "params": {"colsample_bytree": 0.8514901332188289, "learning_rate": 0.3640438146229572, "max_bin_exp": 7.266171848062383, "max_depth": 3.444096315494604, "n_estimators": 4163.750216720766, "reg_alpha": 0.7023755335912976, "reg_lambda": 0.7457470988319087}, "datetime": {"datetime": "2024-02-19 15:47:41", "elapsed": 1587.394148, "delta": 5.313357}}
{"target": -0.8882976511578978, "params": {"colsample_bytree": 0.20832327749826016, "learning_rate": 0.3516335134097443, "max_bin_exp": 7.06323871329885, "max_depth": 3.3897315579877345, "n_estimators": 4154.666470909447, "reg_alpha": 0.3024044660575791, "reg_lambda": 0.24728686401739708}, "datetime": {"datetime": "2024-02-19 15:47:45", "elapsed": 1592.194719, "delta": 4.800571}}
{"target": -0.6227937424626294, "params": {"colsample_bytree": 0.765028840504564, "learning_rate": 0.07078873549791705, "max_bin_exp": 8.647525107728798, "max_depth": 5.471898598910156, "n_estimators": 3972.5535772716166, "reg_alpha": 0.6276925780361093, "reg_lambda": 0.5872126150641492}, "datetime": {"datetime": "2024-02-19 15:48:22", "elapsed": 1628.798786, "delta": 36.604067}}
{"target": -1.0667097551811147, "params": {"colsample_bytree": 0.732369554160901, "learning_rate": 0.09877729551969144, "max_bin_exp": 4.9487253024807405, "max_depth": 5.2007889692766, "n_estimators": 3969.982337734853, "reg_alpha": 2.4176211187176353, "reg_lambda": 1.505317070645824}, "datetime": {"datetime": "2024-02-19 15:48:28", "elapsed": 1634.456222, "delta": 5.657436}}
{"target": -0.7373136664548023, "params": {"colsample_bytree": 0.3515234203056193, "learning_rate": 0.44854317429686974, "max_bin_exp": 8.720064055292902, "max_depth": 2.5688583118107005, "n_estimators": 3975.0727971488463, "reg_alpha": 0.9679273090397013, "reg_lambda": 0.7176781720643939}, "datetime": {"datetime": "2024-02-19 15:48:31", "elapsed": 1638.000612, "delta": 3.54439}}
{"target": -0.7284911090792726, "params": {"colsample_bytree": 1.0, "learning_rate": 0.5, "max_bin_exp": 8.272984977239732, "max_depth": 4.417544260664017, "n_estimators": 4581.867853055975, "reg_alpha": 3.0, "reg_lambda": 0.0}, "datetime": {"datetime": "2024-02-19 15:48:38", "elapsed": 1644.455328, "delta": 6.454716}}
{"target": -0.6844653071647687, "params": {"colsample_bytree": 0.3772365430934329, "learning_rate": 0.15742097106656033, "max_bin_exp": 9.083889329319216, "max_depth": 4.163341500257944, "n_estimators": 4822.990019612202, "reg_alpha": 0.43589167854021404, "reg_lambda": 2.963024327240594}, "datetime": {"datetime": "2024-02-19 15:48:43", "elapsed": 1649.775351, "delta": 5.320023}}
{"target": -0.9186897811381828, "params": {"colsample_bytree": 0.7757614689477161, "learning_rate": 0.33596457625715453, "max_bin_exp": 7.816224411814373, "max_depth": 1.8588812298160753, "n_estimators": 4160.246160590539, "reg_alpha": 0.3162979363569084, "reg_lambda": 0.017343474357955357}, "datetime": {"datetime": "2024-02-19 15:48:46", "elapsed": 1653.223182, "delta": 3.447831}}
{"target": -0.6384964815935439, "params": {"colsample_bytree": 1.0, "learning_rate": 0.5, "max_bin_exp": 9.16489781936073, "max_depth": 6.0, "n_estimators": 4152.333966234962, "reg_alpha": 0.0, "reg_lambda": 3.0}, "datetime": {"datetime": "2024-02-19 15:48:55", "elapsed": 1661.37646, "delta": 8.153278}}
{"target": -0.6913852619350283, "params": {"colsample_bytree": 1.0, "learning_rate": 0.5, "max_bin_exp": 7.385989844499223, "max_depth": 6.0, "n_estimators": 4586.9676551115235, "reg_alpha": 0.2224032115405458, "reg_lambda": 0.0}, "datetime": {"datetime": "2024-02-19 15:49:02", "elapsed": 1668.509602, "delta": 7.133142}}
{"target": -2.227437374008357, "params": {"colsample_bytree": 0.6368131499332798, "learning_rate": 0.28954932794342375, "max_bin_exp": 8.877005067915958, "max_depth": 1.2395939088940353, "n_estimators": 741.9310434502778, "reg_alpha": 2.6908421748210865, "reg_lambda": 0.696157078343039}, "datetime": {"datetime": "2024-02-19 15:49:03", "elapsed": 1670.242308, "delta": 1.732706}}
{"target": -0.7295152836217043, "params": {"colsample_bytree": 0.4489127899444668, "learning_rate": 0.4496636904747344, "max_bin_exp": 7.899514076002017, "max_depth": 5.762118278334817, "n_estimators": 681.964126107863, "reg_alpha": 1.658707169478596, "reg_lambda": 0.8536126880331324}, "datetime": {"datetime": "2024-02-19 15:49:06", "elapsed": 1673.080412, "delta": 2.838104}}
{"target": -2.2802333311264125, "params": {"colsample_bytree": 0.5236686408238805, "learning_rate": 0.0795114976104309, "max_bin_exp": 8.240157070669655, "max_depth": 1.5022016153175275, "n_estimators": 3972.941801900069, "reg_alpha": 2.9024436913143075, "reg_lambda": 2.641795778021035}, "datetime": {"datetime": "2024-02-19 15:49:10", "elapsed": 1676.332568, "delta": 3.252156}}
{"target": -0.6500932140316031, "params": {"colsample_bytree": 1.0, "learning_rate": 0.5, "max_bin_exp": 7.964101148852338, "max_depth": 6.0, "n_estimators": 3913.6679787877692, "reg_alpha": 0.2673010676138473, "reg_lambda": 3.0}, "datetime": {"datetime": "2024-02-19 15:49:17", "elapsed": 1683.633845, "delta": 7.301277}}
{"target": -0.6560408647348752, "params": {"colsample_bytree": 0.571371237693001, "learning_rate": 0.23944447204772876, "max_bin_exp": 9.687994853251055, "max_depth": 5.809497069085781, "n_estimators": 3937.9954752928584, "reg_alpha": 1.910666100545023, "reg_lambda": 2.885318323732725}, "datetime": {"datetime": "2024-02-19 15:49:23", "elapsed": 1690.318976, "delta": 6.685131}}
{"target": -4.140990275047081, "params": {"colsample_bytree": 0.2, "learning_rate": 0.001, "max_bin_exp": 6.867775260050517, "max_depth": 2.304470727713338, "n_estimators": 4818.449545135632, "reg_alpha": 3.0, "reg_lambda": 3.0}, "datetime": {"datetime": "2024-02-19 15:49:27", "elapsed": 1694.102649, "delta": 3.783673}}
{"target": -0.6635673394641596, "params": {"colsample_bytree": 0.6268775351743496, "learning_rate": 0.18496221298656867, "max_bin_exp": 8.279655433664676, "max_depth": 5.976524551787762, "n_estimators": 4818.928123114042, "reg_alpha": 0.22374938708239067, "reg_lambda": 0.17883302736021867}, "datetime": {"datetime": "2024-02-19 15:49:34", "elapsed": 1700.777314, "delta": 6.674665}}
{"target": -0.7062918246137888, "params": {"colsample_bytree": 0.7742083867475942, "learning_rate": 0.38329201712040156, "max_bin_exp": 9.948550147414124, "max_depth": 3.898038237973044, "n_estimators": 4164.1094600327915, "reg_alpha": 2.9629878228116273, "reg_lambda": 0.3946707069265223}, "datetime": {"datetime": "2024-02-19 15:49:41", "elapsed": 1707.409831, "delta": 6.632517}}
{"target": -1.1453810986180997, "params": {"colsample_bytree": 0.842279900725073, "learning_rate": 0.09108189126744003, "max_bin_exp": 4.123961168017974, "max_depth": 3.4766485917655605, "n_estimators": 4819.409755666613, "reg_alpha": 0.0660167862184976, "reg_lambda": 0.16165767134691622}, "datetime": {"datetime": "2024-02-19 15:49:46", "elapsed": 1712.398255, "delta": 4.988424}}
{"target": -2.280322237617703, "params": {"colsample_bytree": 1.0, "learning_rate": 0.001, "max_bin_exp": 9.143118458490513, "max_depth": 4.921359400949152, "n_estimators": 2299.3468329872003, "reg_alpha": 0.0, "reg_lambda": 2.797283440985232}, "datetime": {"datetime": "2024-02-19 15:49:49", "elapsed": 1715.816234, "delta": 3.417979}}
{"target": -0.6513208870453743, "params": {"colsample_bytree": 0.9980856870242554, "learning_rate": 0.20454885120755195, "max_bin_exp": 7.314688190402621, "max_depth": 5.496686405031264, "n_estimators": 3968.5459199006923, "reg_alpha": 0.2794660968516698, "reg_lambda": 1.511362530155463}, "datetime": {"datetime": "2024-02-19 15:49:55", "elapsed": 1722.135105, "delta": 6.318871}}
{"target": -0.6535960960514506, "params": {"colsample_bytree": 1.0, "learning_rate": 0.5, "max_bin_exp": 7.342787273680668, "max_depth": 6.0, "n_estimators": 4821.194837349907, "reg_alpha": 0.0, "reg_lambda": 2.734049752302982}, "datetime": {"datetime": "2024-02-19 15:50:03", "elapsed": 1730.221508, "delta": 8.086403}}
{"target": -0.7040143238244467, "params": {"colsample_bytree": 0.4296066073564759, "learning_rate": 0.10081277637419048, "max_bin_exp": 6.17859123487818, "max_depth": 5.905644576267977, "n_estimators": 4822.265439721839, "reg_alpha": 2.123249966793275, "reg_lambda": 0.5932832892734481}, "datetime": {"datetime": "2024-02-19 15:50:10", "elapsed": 1736.915375, "delta": 6.693867}}
{"target": -1.1572646796492467, "params": {"colsample_bytree": 1.0, "learning_rate": 0.001, "max_bin_exp": 6.18546173547306, "max_depth": 5.990610744324103, "n_estimators": 3868.142499543699, "reg_alpha": 3.0, "reg_lambda": 0.0}, "datetime": {"datetime": "2024-02-19 15:50:16", "elapsed": 1742.650132, "delta": 5.734757}}
{"target": -0.624025656528072, "params": {"colsample_bytree": 0.9207134907220542, "learning_rate": 0.1532795068151179, "max_bin_exp": 9.854578831148208, "max_depth": 5.626747386153429, "n_estimators": 3939.9356972689325, "reg_alpha": 1.8842584817308015, "reg_lambda": 0.33869814446958935}, "datetime": {"datetime": "2024-02-19 15:50:23", "elapsed": 1749.588949, "delta": 6.938817}}
{"target": -0.6273678606539107, "params": {"colsample_bytree": 0.9410261140868894, "learning_rate": 0.11082115791076386, "max_bin_exp": 7.413356182648037, "max_depth": 5.905525594264564, "n_estimators": 3975.5334521100444, "reg_alpha": 0.18089197515479505, "reg_lambda": 2.5137526802213666}, "datetime": {"datetime": "2024-02-19 15:50:29", "elapsed": 1756.267583, "delta": 6.678634}}
{"target": -0.6388153014797404, "params": {"colsample_bytree": 0.5325935757684159, "learning_rate": 0.10244192642941986, "max_bin_exp": 9.001362571157047, "max_depth": 5.831338783716993, "n_estimators": 4582.329563424788, "reg_alpha": 2.8215304303197515, "reg_lambda": 2.583206203967499}, "datetime": {"datetime": "2024-02-19 15:50:36", "elapsed": 1762.959641, "delta": 6.692058}}
{"target": -0.6677296125891964, "params": {"colsample_bytree": 1.0, "learning_rate": 0.5, "max_bin_exp": 6.120677699017867, "max_depth": 6.0, "n_estimators": 4816.228932126652, "reg_alpha": 0.0, "reg_lambda": 1.3899381229832846}, "datetime": {"datetime": "2024-02-19 15:50:44", "elapsed": 1770.936792, "delta": 7.977151}}
{"target": -0.8721622583703912, "params": {"colsample_bytree": 0.3168079437014238, "learning_rate": 0.4803606264473333, "max_bin_exp": 8.325610226846866, "max_depth": 5.170677431829444, "n_estimators": 3976.610347934228, "reg_alpha": 1.3504421985735715, "reg_lambda": 0.018869862409173654}, "datetime": {"datetime": "2024-02-19 15:50:50", "elapsed": 1777.080536, "delta": 6.143744}}
{"target": -1.4436380416254708, "params": {"colsample_bytree": 1.0, "learning_rate": 0.001, "max_bin_exp": 6.807472567825317, "max_depth": 6.0, "n_estimators": 3199.5232651128845, "reg_alpha": 3.0, "reg_lambda": 1.3162173888915196}, "datetime": {"datetime": "2024-02-19 15:50:54", "elapsed": 1781.176501, "delta": 4.095965}}
{"target": -0.67386303489473, "params": {"colsample_bytree": 0.6913972356160589, "learning_rate": 0.4402225030483167, "max_bin_exp": 9.508473911984112, "max_depth": 5.604906529635762, "n_estimators": 4815.219692404638, "reg_alpha": 0.2184950691798061, "reg_lambda": 2.8989524504277093}, "datetime": {"datetime": "2024-02-19 15:51:01", "elapsed": 1787.905125, "delta": 6.728624}}
{"target": -1.1194038910318092, "params": {"colsample_bytree": 0.2, "learning_rate": 0.5, "max_bin_exp": 10.0, "max_depth": 6.0, "n_estimators": 3725.941702597031, "reg_alpha": 3.0, "reg_lambda": 0.0}, "datetime": {"datetime": "2024-02-19 15:51:08", "elapsed": 1794.786073, "delta": 6.880948}}
{"target": -0.6710616444267892, "params": {"colsample_bytree": 1.0, "learning_rate": 0.5, "max_bin_exp": 6.150508582437274, "max_depth": 6.0, "n_estimators": 3711.3002856443695, "reg_alpha": 0.0, "reg_lambda": 3.0}, "datetime": {"datetime": "2024-02-19 15:51:16", "elapsed": 1802.614363, "delta": 7.82829}}
{"target": -3.143480517514124, "params": {"colsample_bytree": 0.2, "learning_rate": 0.5, "max_bin_exp": 4.0, "max_depth": 6.0, "n_estimators": 3707.9276758383685, "reg_alpha": 0.26365348454657217, "reg_lambda": 2.5634615964068947}, "datetime": {"datetime": "2024-02-19 15:51:22", "elapsed": 1808.908661, "delta": 6.294298}}
{"target": -2.301524616972693, "params": {"colsample_bytree": 1.0, "learning_rate": 0.001, "max_bin_exp": 5.592122686839335, "max_depth": 6.0, "n_estimators": 772.3320645643797, "reg_alpha": 3.0, "reg_lambda": 3.0}, "datetime": {"datetime": "2024-02-19 15:51:25", "elapsed": 1812.288791, "delta": 3.38013}}
{"target": -0.88957687823976, "params": {"colsample_bytree": 0.2, "learning_rate": 0.5, "max_bin_exp": 7.6711459797197445, "max_depth": 6.0, "n_estimators": 4149.535249634763, "reg_alpha": 1.852596604301227, "reg_lambda": 3.0}, "datetime": {"datetime": "2024-02-19 15:51:32", "elapsed": 1819.045678, "delta": 6.756887}}
{"target": -1.116514601094633, "params": {"colsample_bytree": 1.0, "learning_rate": 0.001, "max_bin_exp": 10.0, "max_depth": 5.245378314632443, "n_estimators": 3936.452630484723, "reg_alpha": 0.0, "reg_lambda": 0.39945686599661406}, "datetime": {"datetime": "2024-02-19 15:51:41", "elapsed": 1828.245349, "delta": 9.199671}}
{"target": -0.9298711787587541, "params": {"colsample_bytree": 0.2, "learning_rate": 0.5, "max_bin_exp": 10.0, "max_depth": 6.0, "n_estimators": 772.5046043207639, "reg_alpha": 0.7937437951159927, "reg_lambda": 0.0}, "datetime": {"datetime": "2024-02-19 15:51:44", "elapsed": 1830.748577, "delta": 2.503228}}
{"target": -3.142260960999294, "params": {"colsample_bytree": 0.5416390592568253, "learning_rate": 0.4343721255027455, "max_bin_exp": 4.672047626595623, "max_depth": 1.1188534128733525, "n_estimators": 4157.154272764663, "reg_alpha": 0.37860079815412273, "reg_lambda": 1.9393594889390902}, "datetime": {"datetime": "2024-02-19 15:51:48", "elapsed": 1834.561636, "delta": 3.813059}}
{"target": -0.6513168085363701, "params": {"colsample_bytree": 0.911302451487974, "learning_rate": 0.4603351567376839, "max_bin_exp": 9.992250018466468, "max_depth": 5.874521354367364, "n_estimators": 3969.897377574926, "reg_alpha": 2.657216363917711, "reg_lambda": 1.3011594188850153}, "datetime": {"datetime": "2024-02-19 15:51:54", "elapsed": 1841.2633, "delta": 6.701664}}
{"target": -0.729629086925189, "params": {"colsample_bytree": 1.0, "learning_rate": 0.5, "max_bin_exp": 10.0, "max_depth": 2.2717269144882324, "n_estimators": 3669.308619734162, "reg_alpha": 0.0, "reg_lambda": 2.778644825753239}, "datetime": {"datetime": "2024-02-19 15:51:59", "elapsed": 1845.627109, "delta": 4.363809}}
{"target": -0.7167916495085922, "params": {"colsample_bytree": 1.0, "learning_rate": 0.5, "max_bin_exp": 6.547205995804503, "max_depth": 2.464690640543132, "n_estimators": 3920.5669880262208, "reg_alpha": 0.0, "reg_lambda": 2.7882298733825768}, "datetime": {"datetime": "2024-02-19 15:52:04", "elapsed": 1850.8707, "delta": 5.243591}}
{"target": -0.7111687033526808, "params": {"colsample_bytree": 0.5438202130962122, "learning_rate": 0.17689563336068265, "max_bin_exp": 7.249467670532923, "max_depth": 4.120996396875621, "n_estimators": 4813.683548441875, "reg_alpha": 0.4749417605924724, "reg_lambda": 0.7388843078833898}, "datetime": {"datetime": "2024-02-19 15:52:10", "elapsed": 1856.945132, "delta": 6.074432}}
{"target": -0.8509263015036487, "params": {"colsample_bytree": 1.0, "learning_rate": 0.5, "max_bin_exp": 7.98112487936555, "max_depth": 1.97193716251351, "n_estimators": 3958.210633386641, "reg_alpha": 0.0, "reg_lambda": 3.0}, "datetime": {"datetime": "2024-02-19 15:52:14", "elapsed": 1861.03002, "delta": 4.084888}}
{"target": -0.8896145494600401, "params": {"colsample_bytree": 0.2, "learning_rate": 0.5, "max_bin_exp": 7.531591293463233, "max_depth": 6.0, "n_estimators": 3916.031960122023, "reg_alpha": 0.530209319786641, "reg_lambda": 0.0}, "datetime": {"datetime": "2024-02-19 15:52:21", "elapsed": 1867.326064, "delta": 6.296044}}
{"target": -0.6972378912122249, "params": {"colsample_bytree": 1.0, "learning_rate": 0.5, "max_bin_exp": 9.037668096890835, "max_depth": 6.0, "n_estimators": 4154.4400040786795, "reg_alpha": 0.0, "reg_lambda": 0.0}, "datetime": {"datetime": "2024-02-19 15:52:30", "elapsed": 1877.058346, "delta": 9.732282}}
