{"target": -2.8521835175111505, "params": {"u": 0.8719898042840075, "x": -0.8962950726884347, "y": 0.49662477878709144}, "datetime": {"datetime": "2024-02-27 23:05:43", "elapsed": 0.0, "delta": 0.0}}
{"target": 2.0269310689828863, "params": {"u": 1.7628630759982769, "x": 2.962724524349552, "y": -4.9691451429899525}, "datetime": {"datetime": "2024-02-27 23:05:43", "elapsed": 0.149772, "delta": 0.149772}}
{"target": -6.506887732531105, "params": {"u": 0.8412196565129519, "x": 0.8183328610036358, "y": 0.7713025211811919}, "datetime": {"datetime": "2024-02-27 23:05:43", "elapsed": 0.388976, "delta": 0.239204}}
{"target": -18.0, "params": {"u": 0.3967090197831639, "x": 3.0, "y": -5.0}, "datetime": {"datetime": "2024-02-27 23:05:44", "elapsed": 0.91141, "delta": 0.522434}}
{"target": 7.002984782787927, "params": {"u": 1.6347476164736774, "x": -0.779821377250566, "y": 3.721774994194279}, "datetime": {"datetime": "2024-02-27 23:05:44", "elapsed": 1.138539, "delta": 0.227129}}
{"target": -22.688231974394036, "params": {"u": 0.7868717335964905, "x": 2.304809032672157, "y": 0.344605358392597}, "datetime": {"datetime": "2024-02-27 23:05:44", "elapsed": 1.322287, "delta": 0.183748}}
{"target": -30.003837926529844, "params": {"u": 0.9593849579413791, "x": 2.47509006617257, "y": 3.6849677155303286}, "datetime": {"datetime": "2024-02-27 23:05:44", "elapsed": 1.433571, "delta": 0.111284}}
{"target": -17.51263543943323, "params": {"u": 0.23998767098933138, "x": 0.6238156815992895, "y": -1.257507013864152}, "datetime": {"datetime": "2024-02-27 23:05:44", "elapsed": 1.731828, "delta": 0.298257}}
{"target": -2.8816722103485723, "params": {"u": 0.27730938988297194, "x": 0.8954858306947133, "y": 3.774219544169707}, "datetime": {"datetime": "2024-02-27 23:05:45", "elapsed": 1.869024, "delta": 0.137196}}
{"target": -29.47294198037001, "params": {"u": 0.972718707149083, "x": 2.577838231877579, "y": -4.879709000156218}, "datetime": {"datetime": "2024-02-27 23:05:45", "elapsed": 2.050624, "delta": 0.1816}}
{"target": -17.283346317825398, "params": {"u": 0.3330691268196122, "x": 0.3765938152462951, "y": 1.6504549550117016}, "datetime": {"datetime": "2024-02-27 23:05:45", "elapsed": 2.143471, "delta": 0.092847}}
{"target": -19.437407886328028, "params": {"u": 0.7646656901509183, "x": -0.5674466296510943, "y": 1.83748066328236}, "datetime": {"datetime": "2024-02-27 23:05:45", "elapsed": 2.231804, "delta": 0.088333}}
{"target": 6.801896139088836, "params": {"u": 1.7444263206080288, "x": -0.6953682420934393, "y": 3.858841670737947}, "datetime": {"datetime": "2024-02-27 23:05:46", "elapsed": 3.090569, "delta": 0.858765}}
{"target": 7.453472142505259, "params": {"u": 1.3329765346725364, "x": -0.3662061023775854, "y": 3.830818730238816}, "datetime": {"datetime": "2024-02-27 23:05:46", "elapsed": 3.562909, "delta": 0.47234}}
{"target": 7.3767836135135525, "params": {"u": 1.1632093722725194, "x": -0.9074684029799653, "y": 4.282124834133762}, "datetime": {"datetime": "2024-02-27 23:05:47", "elapsed": 3.85576, "delta": 0.292851}}
{"target": 9.796650057940596, "params": {"u": 1.008674029153805, "x": -0.04938793445105775, "y": 4.745698905918247}, "datetime": {"datetime": "2024-02-27 23:05:47", "elapsed": 4.199766, "delta": 0.344006}}
{"target": -15.047004598030561, "params": {"u": 0.11687016822922347, "x": -0.3321718495610271, "y": 4.515790767529831}, "datetime": {"datetime": "2024-02-27 23:05:47", "elapsed": 4.390124, "delta": 0.190358}}
{"target": 7.7967290518688195, "params": {"u": 1.7131347651078064, "x": -0.30980101841026225, "y": 4.922968944151076}, "datetime": {"datetime": "2024-02-27 23:05:47", "elapsed": 4.766993, "delta": 0.376869}}
{"target": 6.802711064152927, "params": {"u": 1.605793012621451, "x": 0.5545112803978242, "y": 4.533224927154247}, "datetime": {"datetime": "2024-02-27 23:05:48", "elapsed": 4.991807, "delta": 0.224814}}
{"target": 19.82352344689097, "params": {"u": 2.0, "x": 0.4200911247682238, "y": 3.3323496066350953}, "datetime": {"datetime": "2024-02-27 23:05:48", "elapsed": 5.298742, "delta": 0.306935}}
{"target": 19.474294077646633, "params": {"u": 2.0, "x": 0.7250558063717342, "y": 2.624439834276281}, "datetime": {"datetime": "2024-02-27 23:05:48", "elapsed": 5.670078, "delta": 0.371336}}
{"target": 9.97452603023844, "params": {"u": 1.9637226702266823, "x": 0.008350328080727998, "y": 2.614454788022657}, "datetime": {"datetime": "2024-02-27 23:05:49", "elapsed": 5.993123, "delta": 0.323045}}
{"target": 5.474597454640961, "params": {"u": 1.9423148020694703, "x": 1.1690395366044517, "y": 3.3512349684178204}, "datetime": {"datetime": "2024-02-27 23:05:49", "elapsed": 6.454152, "delta": 0.461029}}
{"target": 17.612045511664896, "params": {"u": 2.0, "x": 1.178114802697557, "y": 1.7542933374530942}, "datetime": {"datetime": "2024-02-27 23:05:49", "elapsed": 6.66857, "delta": 0.214418}}
{"target": 18.0, "params": {"u": 2.0, "x": -1.0, "y": -5.0}, "datetime": {"datetime": "2024-02-27 23:05:50", "elapsed": 6.997219, "delta": 0.328649}}
{"target": 18.0, "params": {"u": 2.0, "x": -1.0, "y": -3.8144429793384735}, "datetime": {"datetime": "2024-02-27 23:05:50", "elapsed": 7.17789, "delta": 0.180671}}
{"target": -2.0, "params": {"u": 0.8495636369333674, "x": -1.0, "y": -4.429262689353827}, "datetime": {"datetime": "2024-02-27 23:05:50", "elapsed": 7.361772, "delta": 0.183882}}
{"target": 19.999624262430302, "params": {"u": 2.0, "x": -0.019383951343738166, "y": -4.390514758767832}, "datetime": {"datetime": "2024-02-27 23:05:51", "elapsed": 7.841036, "delta": 0.479264}}
{"target": 19.994861953982863, "params": {"u": 2.0, "x": 0.07168016473987858, "y": -3.1451007520001317}, "datetime": {"datetime": "2024-02-27 23:05:51", "elapsed": 8.04445, "delta": 0.203414}}
{"target": 18.0, "params": {"u": 2.0, "x": -1.0, "y": -2.2816304593800236}, "datetime": {"datetime": "2024-02-27 23:05:51", "elapsed": 8.223446, "delta": 0.178996}}
{"target": 18.0, "params": {"u": 2.0, "x": -1.0, "y": -0.9150318024890791}, "datetime": {"datetime": "2024-02-27 23:05:51", "elapsed": 8.593436, "delta": 0.36999}}
{"target": 19.993264289916567, "params": {"u": 2.0, "x": 0.08207137188712016, "y": -1.6956580404869448}, "datetime": {"datetime": "2024-02-27 23:05:51", "elapsed": 8.748404, "delta": 0.154968}}
{"target": 17.05247029059327, "params": {"u": 2.0, "x": 1.3955392181543054, "y": -2.535814771120879}, "datetime": {"datetime": "2024-02-27 23:05:52", "elapsed": 9.255087, "delta": 0.506683}}
{"target": 2.0, "params": {"u": 2.0, "x": 3.0, "y": -2.5153298090811784}, "datetime": {"datetime": "2024-02-27 23:05:52", "elapsed": 9.707749, "delta": 0.452662}}
{"target": 19.96836982918305, "params": {"u": 2.0, "x": 0.1778487301527628, "y": -0.27443557822686254}, "datetime": {"datetime": "2024-02-27 23:05:53", "elapsed": 10.220942, "delta": 0.513193}}
{"target": 17.510701689067815, "params": {"u": 2.0, "x": 1.2203681046848873, "y": -1.1566953828996933}, "datetime": {"datetime": "2024-02-27 23:05:53", "elapsed": 10.475483, "delta": 0.254541}}
{"target": -2.0, "params": {"u": 0.8288685039235079, "x": -1.0, "y": -2.180073992087349}, "datetime": {"datetime": "2024-02-27 23:05:54", "elapsed": 10.971771, "delta": 0.496288}}
{"target": 19.02420498461822, "params": {"u": 2.0, "x": 0.9878233725630207, "y": -3.7315517705049936}, "datetime": {"datetime": "2024-02-27 23:05:54", "elapsed": 11.416018, "delta": 0.444247}}
{"target": 19.525420919610806, "params": {"u": 2.0, "x": 0.6888970027436561, "y": -5.0}, "datetime": {"datetime": "2024-02-27 23:05:55", "elapsed": 12.218596, "delta": 0.802578}}
{"target": 7.417115031645327, "params": {"u": 1.9619751986931757, "x": 0.9408929792148024, "y": 0.6219085393080679}, "datetime": {"datetime": "2024-02-27 23:05:55", "elapsed": 12.646424, "delta": 0.427828}}
{"target": 6.824659071011755, "params": {"u": 1.9996367459812536, "x": -0.7087361163648604, "y": 0.10603837704250996}, "datetime": {"datetime": "2024-02-27 23:05:56", "elapsed": 13.15959, "delta": 0.513166}}
{"target": 19.99901862075716, "params": {"u": 2.0, "x": -0.031326973087768634, "y": -0.952298433913005}, "datetime": {"datetime": "2024-02-27 23:05:56", "elapsed": 13.515524, "delta": 0.355934}}
{"target": 19.642191457156247, "params": {"u": 2.0, "x": 0.598170997996186, "y": -2.4257304108678945}, "datetime": {"datetime": "2024-02-27 23:05:57", "elapsed": 13.967147, "delta": 0.451623}}
{"target": 19.98244394407905, "params": {"u": 2.0, "x": -0.13249926762420386, "y": -5.0}, "datetime": {"datetime": "2024-02-27 23:05:57", "elapsed": 14.552607, "delta": 0.58546}}
{"target": -18.0, "params": {"u": 0.0, "x": 3.0, "y": -2.2884113852489802}, "datetime": {"datetime": "2024-02-27 23:05:58", "elapsed": 15.127286, "delta": 0.574679}}
{"target": 19.557068426108458, "params": {"u": 2.0, "x": 0.6655310465271634, "y": -0.6991199217152744}, "datetime": {"datetime": "2024-02-27 23:05:58", "elapsed": 15.40312, "delta": 0.275834}}
{"target": 18.0, "params": {"u": 2.0, "x": -1.0, "y": -3.0503097502208867}, "datetime": {"datetime": "2024-02-27 23:05:58", "elapsed": 15.82554, "delta": 0.42242}}
{"target": 19.327507732048286, "params": {"u": 2.0, "x": 0.8200562590162431, "y": -1.687757145623494}, "datetime": {"datetime": "2024-02-27 23:05:59", "elapsed": 16.238236, "delta": 0.412696}}
{"target": 1.7412983498760948, "params": {"u": 1.99454105798922, "x": 2.855833798226328, "y": 1.603382495788198}, "datetime": {"datetime": "2024-02-27 23:06:00", "elapsed": 16.882653, "delta": 0.644417}}
{"target": 7.996309477199674, "params": {"u": 1.972135337880985, "x": -0.2813889254545745, "y": -2.3676121579456733}, "datetime": {"datetime": "2024-02-27 23:06:00", "elapsed": 17.711584, "delta": 0.828931}}
{"target": 7.084630281598951, "params": {"u": 1.4913204260882986, "x": 0.44693615264877407, "y": -3.5536415304851587}, "datetime": {"datetime": "2024-02-27 23:06:01", "elapsed": 18.447501, "delta": 0.735917}}
{"target": 19.38405303237749, "params": {"u": 2.0, "x": 0.7848228893339623, "y": -3.1058229967310362}, "datetime": {"datetime": "2024-02-27 23:06:02", "elapsed": 19.026322, "delta": 0.578821}}
{"target": 2.0, "params": {"u": 2.0, "x": 3.0, "y": -0.9205321190538558}, "datetime": {"datetime": "2024-02-27 23:06:02", "elapsed": 19.811319, "delta": 0.784997}}
{"target": 8.276425799507493, "params": {"u": 1.9946467015130418, "x": -0.24487672020292495, "y": -3.743173966551919}, "datetime": {"datetime": "2024-02-27 23:06:03", "elapsed": 20.626448, "delta": 0.815129}}
{"target": 7.776120125253758, "params": {"u": 1.1924037279318698, "x": 0.3128844772980921, "y": -5.0}, "datetime": {"datetime": "2024-02-27 23:06:04", "elapsed": 21.220623, "delta": 0.594175}}
{"target": 4.250253642877059, "params": {"u": 1.9985274974389844, "x": 1.824650561560543, "y": -3.8365508465069653}, "datetime": {"datetime": "2024-02-27 23:06:04", "elapsed": 21.701407, "delta": 0.480784}}
{"target": 6.83611694934789, "params": {"u": 1.9974338573787769, "x": 0.5351740043970885, "y": -4.554369068090889}, "datetime": {"datetime": "2024-02-27 23:06:05", "elapsed": 22.404919, "delta": 0.703512}}
{"target": 19.612995644023673, "params": {"u": 2.0, "x": -0.6220967416538415, "y": -4.517331783661941}, "datetime": {"datetime": "2024-02-27 23:06:06", "elapsed": 23.225679, "delta": 0.82076}}
{"target": 15.311000073487953, "params": {"u": 2.0, "x": 1.920676944858777, "y": -1.750711511640442}, "datetime": {"datetime": "2024-02-27 23:06:07", "elapsed": 24.267291, "delta": 1.041612}}
{"target": 16.911581573300534, "params": {"u": 2.0, "x": 1.4451361273940477, "y": -5.0}, "datetime": {"datetime": "2024-02-27 23:06:08", "elapsed": 25.377829, "delta": 1.110538}}
{"target": 6.374615061559638, "params": {"u": 1.1499831930540507, "x": -1.0, "y": -0.8675505462450799}, "datetime": {"datetime": "2024-02-27 23:06:09", "elapsed": 26.335335, "delta": 0.957506}}
{"target": 18.0, "params": {"u": 2.0, "x": -1.0, "y": -1.5659746610933927}, "datetime": {"datetime": "2024-02-27 23:06:10", "elapsed": 27.34052, "delta": 1.005185}}
{"target": 2.0, "params": {"u": 2.0, "x": 3.0, "y": 5.0}, "datetime": {"datetime": "2024-02-27 23:06:11", "elapsed": 28.124417, "delta": 0.783897}}
{"target": -18.0, "params": {"u": 0.0, "x": 3.0, "y": 5.0}, "datetime": {"datetime": "2024-02-27 23:06:12", "elapsed": 29.019779, "delta": 0.895362}}
{"target": 4.458038575124199, "params": {"u": 1.992764930377039, "x": 1.8809617262009541, "y": 2.184370226947742}, "datetime": {"datetime": "2024-02-27 23:06:12", "elapsed": 29.55715, "delta": 0.537371}}
{"target": 19.803950763912514, "params": {"u": 2.0, "x": 0.4427744754245489, "y": 1.625680320541703}, "datetime": {"datetime": "2024-02-27 23:06:13", "elapsed": 29.975179, "delta": 0.418029}}
{"target": -19.54143520028684, "params": {"u": 0.0, "x": 0.442119615009142, "y": -5.0}, "datetime": {"datetime": "2024-02-27 23:06:13", "elapsed": 30.508102, "delta": 0.532923}}
{"target": -18.0, "params": {"u": 0.0, "x": 3.0, "y": 1.9397841064219832}, "datetime": {"datetime": "2024-02-27 23:06:14", "elapsed": 31.50224, "delta": 0.994138}}
{"target": 4.672726597530978, "params": {"u": 1.3612794562924462, "x": 1.280858985519737, "y": -2.139285370729236}, "datetime": {"datetime": "2024-02-27 23:06:15", "elapsed": 32.062479, "delta": 0.560239}}
{"target": 19.997536395170293, "params": {"u": 2.0, "x": 0.04963471395814027, "y": 0.8838172745077724}, "datetime": {"datetime": "2024-02-27 23:06:16", "elapsed": 32.869275, "delta": 0.806796}}
{"target": 7.225763616284773, "params": {"u": 1.983151404574397, "x": -0.8491465640258613, "y": 1.2232627007441712}, "datetime": {"datetime": "2024-02-27 23:06:17", "elapsed": 34.028746, "delta": 1.159471}}
{"target": 6.857124250590335, "params": {"u": 1.3751491057646419, "x": 0.5248266411406872, "y": 3.078309596183015}, "datetime": {"datetime": "2024-02-27 23:06:18", "elapsed": 35.0414, "delta": 1.012654}}
{"target": 8.437579212263987, "params": {"u": 1.4610056723837368, "x": 0.22507477402268394, "y": -0.5293464810701576}, "datetime": {"datetime": "2024-02-27 23:06:19", "elapsed": 36.014568, "delta": 0.973168}}
{"target": 6.900832960764152, "params": {"u": 1.9642236325402649, "x": 0.506025336520004, "y": -1.2033106423446824}, "datetime": {"datetime": "2024-02-27 23:06:20", "elapsed": 36.966464, "delta": 0.951896}}
{"target": 3.7985445678808425, "params": {"u": 1.9817686269096697, "x": 1.6876266951374026, "y": -0.6359457335623748}, "datetime": {"datetime": "2024-02-27 23:06:20", "elapsed": 37.643754, "delta": 0.67729}}
{"target": 7.26741444229059, "params": {"u": 1.7725077700663754, "x": -0.40311243387869666, "y": -1.425139091504104}, "datetime": {"datetime": "2024-02-27 23:06:22", "elapsed": 39.622974, "delta": 1.97922}}
{"target": 3.7012855156621853, "params": {"u": 1.9134347381690668, "x": 1.5705626703073885, "y": 4.952450930943348}, "datetime": {"datetime": "2024-02-27 23:06:23", "elapsed": 40.47491, "delta": 0.851936}}
{"target": 17.29443641078909, "params": {"u": 2.0, "x": 1.3059722773515947, "y": -1.8928537739676885}, "datetime": {"datetime": "2024-02-27 23:06:24", "elapsed": 41.304104, "delta": 0.829194}}
{"target": -2.0, "params": {"u": 0.0, "x": -1.0, "y": -0.5335569177037116}, "datetime": {"datetime": "2024-02-27 23:06:25", "elapsed": 42.304955, "delta": 1.000851}}
{"target": 19.848537234882187, "params": {"u": 2.0, "x": -0.38918217471746364, "y": -0.6197847720865086}, "datetime": {"datetime": "2024-02-27 23:06:26", "elapsed": 43.421363, "delta": 1.116408}}
{"target": -2.0, "params": {"u": 0.0, "x": -1.0, "y": -3.227057309302244}, "datetime": {"datetime": "2024-02-27 23:06:27", "elapsed": 44.60972, "delta": 1.188357}}
{"target": 7.190382390129248, "params": {"u": 1.667429105753227, "x": 0.8380028755695155, "y": 2.0749014365681626}, "datetime": {"datetime": "2024-02-27 23:06:29", "elapsed": 46.206684, "delta": 1.596964}}
{"target": 19.69064919751574, "params": {"u": 2.0, "x": 0.5561931341577853, "y": 1.180458410929035}, "datetime": {"datetime": "2024-02-27 23:06:30", "elapsed": 47.186739, "delta": 0.980055}}
{"target": 18.0, "params": {"u": 2.0, "x": -1.0, "y": 5.0}, "datetime": {"datetime": "2024-02-27 23:06:31", "elapsed": 48.364045, "delta": 1.177306}}
{"target": 6.374615061559638, "params": {"u": 1.2682781460971222, "x": -1.0, "y": 5.0}, "datetime": {"datetime": "2024-02-27 23:06:32", "elapsed": 49.827734, "delta": 1.463689}}
{"target": -1.571129413359028, "params": {"u": 0.681151092127801, "x": 0.9406962479320566, "y": 5.0}, "datetime": {"datetime": "2024-02-27 23:06:34", "elapsed": 51.467939, "delta": 1.640205}}
{"target": 19.407484232768756, "params": {"u": 2.0, "x": 0.7697504577661797, "y": -0.2264479996153257}, "datetime": {"datetime": "2024-02-27 23:06:35", "elapsed": 52.642974, "delta": 1.175035}}
{"target": 6.823507252036581, "params": {"u": 1.5165645504408165, "x": -0.5419682354466357, "y": -4.9895311361789565}, "datetime": {"datetime": "2024-02-27 23:06:36", "elapsed": 53.482118, "delta": 0.839144}}
{"target": 7.388539388951131, "params": {"u": 1.3795449792780559, "x": -0.9877575178090825, "y": -3.2875144103734044}, "datetime": {"datetime": "2024-02-27 23:06:37", "elapsed": 54.651196, "delta": 1.169078}}
{"target": 4.191323218812176, "params": {"u": 1.9453029207523564, "x": 1.3690712073646498, "y": -3.284297760325571}, "datetime": {"datetime": "2024-02-27 23:06:38", "elapsed": 55.546484, "delta": 0.895288}}
{"target": 9.98610277816961, "params": {"u": 1.9992887528191563, "x": -0.004705034600568592, "y": 1.363585205915272}, "datetime": {"datetime": "2024-02-27 23:06:39", "elapsed": 56.153186, "delta": 0.606702}}
{"target": 8.381259024205875, "params": {"u": 1.9619783949957958, "x": 0.23191967114507106, "y": 0.3476426997025861}, "datetime": {"datetime": "2024-02-27 23:06:40", "elapsed": 56.839925, "delta": 0.686739}}
{"target": -2.666438860648782, "params": {"u": 0.0, "x": 1.053363692585334, "y": -3.1276268504318057}, "datetime": {"datetime": "2024-02-27 23:06:41", "elapsed": 58.192009, "delta": 1.352084}}
{"target": 6.191196214385961, "params": {"u": 1.5317043123005782, "x": 1.0579098836243694, "y": -5.0}, "datetime": {"datetime": "2024-02-27 23:06:42", "elapsed": 59.273218, "delta": 1.081209}}
{"target": 19.940524607327838, "params": {"u": 2.0, "x": 0.24387577303242047, "y": 3.8939926572004437}, "datetime": {"datetime": "2024-02-27 23:06:43", "elapsed": 60.541455, "delta": 1.268237}}
{"target": 19.750238523006583, "params": {"u": 2.0, "x": 0.4997614200730357, "y": -3.503856738161221}, "datetime": {"datetime": "2024-02-27 23:06:45", "elapsed": 61.937959, "delta": 1.396504}}
{"target": 9.548122100245632, "params": {"u": 1.9827158162202525, "x": -0.08934094123388991, "y": 3.5560163003025274}, "datetime": {"datetime": "2024-02-27 23:06:46", "elapsed": 62.968745, "delta": 1.030786}}
{"target": -2.0, "params": {"u": 0.0, "x": -1.0, "y": 3.120737122663915}, "datetime": {"datetime": "2024-02-27 23:06:47", "elapsed": 64.474077, "delta": 1.505332}}
{"target": 2.0, "params": {"u": 2.0, "x": 3.0, "y": -3.856178929395317}, "datetime": {"datetime": "2024-02-27 23:06:49", "elapsed": 65.863637, "delta": 1.38956}}
{"target": 18.0, "params": {"u": 2.0, "x": -1.0, "y": -4.395896724999535}, "datetime": {"datetime": "2024-02-27 23:06:50", "elapsed": 67.34993, "delta": 1.486293}}
{"target": 6.74917125209403, "params": {"u": 1.9380467626692692, "x": 0.6136163968610866, "y": 3.814104565899134}, "datetime": {"datetime": "2024-02-27 23:06:52", "elapsed": 68.849897, "delta": 1.499967}}
{"target": 19.999999892048447, "params": {"u": 2.0, "x": 0.0003285598196735068, "y": 4.338744627682858}, "datetime": {"datetime": "2024-02-27 23:06:53", "elapsed": 69.863385, "delta": 1.013488}}
{"target": 11.832699963904808, "params": {"u": 2.0, "x": 2.041396589615842, "y": -2.386940207343848}, "datetime": {"datetime": "2024-02-27 23:06:55", "elapsed": 71.945478, "delta": 2.082093}}
{"target": 3.7888972284599802, "params": {"u": 1.9798713455611328, "x": 1.6829435320743755, "y": 1.2483240867443932}, "datetime": {"datetime": "2024-02-27 23:06:56", "elapsed": 73.168778, "delta": 1.2233}}
{"target": 18.0, "params": {"u": 2.0, "x": -1.0, "y": 4.487770139305408}, "datetime": {"datetime": "2024-02-27 23:06:56", "elapsed": 73.686932, "delta": 0.518154}}
{"target": 7.594858065474387, "params": {"u": 1.9865484379854432, "x": 0.3415235488968804, "y": -1.9216737845022482}, "datetime": {"datetime": "2024-02-27 23:06:57", "elapsed": 74.517991, "delta": 0.831059}}
{"target": -28.51076280839722, "params": {"u": 0.3359055472194652, "x": 2.4169492812988405, "y": -0.27079285218654725}, "datetime": {"datetime": "2024-02-27 23:06:58", "elapsed": 75.15836, "delta": 0.640369}}
{"target": 7.138131563949582, "params": {"u": 1.7415954634289383, "x": 0.43306066379868824, "y": -2.8511203627049095}, "datetime": {"datetime": "2024-02-27 23:06:59", "elapsed": 75.951407, "delta": 0.793047}}
{"target": 6.750049211613007, "params": {"u": 1.9642544458375801, "x": -0.6407968555118351, "y": -4.531229354019405}, "datetime": {"datetime": "2024-02-27 23:06:59", "elapsed": 76.826434, "delta": 0.875027}}
{"target": 7.074407137821925, "params": {"u": 1.9722589216357296, "x": 0.4497116049289187, "y": -3.502892875303789}, "datetime": {"datetime": "2024-02-27 23:07:00", "elapsed": 77.633681, "delta": 0.807247}}
{"target": 7.119066347990465, "params": {"u": 1.9901905816526428, "x": 0.4378874809676092, "y": 1.6778902050706144}, "datetime": {"datetime": "2024-02-27 23:07:01", "elapsed": 78.489909, "delta": 0.856228}}
{"target": 1.94751383040016, "params": {"u": 1.937039876951769, "x": 2.9146446166180784, "y": -4.835523711357013}, "datetime": {"datetime": "2024-02-27 23:07:02", "elapsed": 79.036146, "delta": 0.546237}}
{"target": 4.418823852990233, "params": {"u": 1.979529579356908, "x": 1.3235407558947418, "y": -1.9076856638749504}, "datetime": {"datetime": "2024-02-27 23:07:03", "elapsed": 80.017263, "delta": 0.981117}}
