{"target": 0.20764032237394345, "params": {"u": 4.17022004702574, "v": 7.203244934421581, "x": 0.0011437481734488664, "y": 3.0233257263183977}, "datetime": {"datetime": "2024-02-27 10:33:38", "elapsed": 0.0, "delta": 0.0}}
{"target": 0.13852675942242856, "params": {"u": 0.0771985598412106, "v": 1.618609342126962, "x": 7.093690341699984, "y": 7.6473685899160095}, "datetime": {"datetime": "2024-02-27 10:33:38", "elapsed": 0.176103, "delta": 0.176103}}
{"target": 0.4064156405725205, "params": {"u": 4.425573174554623, "v": 4.13470707934067, "x": 5.478049457856708, "y": 7.442015815752362}, "datetime": {"datetime": "2024-02-27 10:33:39", "elapsed": 0.447489, "delta": 0.271386}}
{"target": 0.41875596922864117, "params": {"u": 4.45242441538036, "v": 4.196152124328073, "x": 5.6465082210783555, "y": 7.281221273720357}, "datetime": {"datetime": "2024-02-27 10:33:39", "elapsed": 0.902969, "delta": 0.45548}}
{"target": 0.7345660510653349, "params": {"u": 6.686500664360721, "v": 5.365732175791026, "x": 6.84394887764534, "y": 6.668554184857557}, "datetime": {"datetime": "2024-02-27 10:33:40", "elapsed": 1.578354, "delta": 0.675385}}
{"target": 0.32741165179364795, "params": {"u": 9.175824207308557, "v": 6.3546505096318, "x": 8.766956096868105, "y": 6.4016516526168}, "datetime": {"datetime": "2024-02-27 10:33:41", "elapsed": 2.462994, "delta": 0.88464}}
{"target": 1.9255684520094265, "params": {"u": 6.875172031332763, "v": 6.132791785394491, "x": 5.5471947134581105, "y": 5.789686882809954}, "datetime": {"datetime": "2024-02-27 10:33:42", "elapsed": 3.282799, "delta": 0.819805}}
{"target": 0.6569702901251909, "params": {"u": 7.053755079141942, "v": 6.627438294130285, "x": 4.827304988986519, "y": 5.235513653329841}, "datetime": {"datetime": "2024-02-27 10:33:42", "elapsed": 4.088467, "delta": 0.805668}}
{"target": 1.0375239515020838, "params": {"u": 6.589278808244736, "v": 5.833732780518704, "x": 5.565365698715033, "y": 6.1053188444673285}, "datetime": {"datetime": "2024-02-27 10:33:43", "elapsed": 5.025743, "delta": 0.937276}}
{"target": 1.017359730800001, "params": {"u": 7.079980537636426, "v": 6.226227246984072, "x": 5.811713202543896, "y": 5.703908002088314}, "datetime": {"datetime": "2024-02-27 10:33:44", "elapsed": 5.420277, "delta": 0.394534}}
{"target": 0.27489550070792546, "params": {"u": 3.971845308206193, "v": 1.9417789641919292, "x": 0.5285597696544264, "y": 3.4495203118294}, "datetime": {"datetime": "2024-02-27 10:33:44", "elapsed": 5.60041, "delta": 0.180133}}
{"target": 0.23096628267600544, "params": {"u": 0.09463652158618996, "v": 5.502042334577379, "x": 1.6198827630672363, "y": 4.7779919917244555}, "datetime": {"datetime": "2024-02-27 10:33:44", "elapsed": 5.856351, "delta": 0.255941}}
{"target": 0.323505034775814, "params": {"u": 3.3235266526302376, "v": 4.84792506513628, "x": 4.168263086883291, "y": 8.208302791581685}, "datetime": {"datetime": "2024-02-27 10:33:44", "elapsed": 6.061868, "delta": 0.205517}}
{"target": 0.2100659305043505, "params": {"u": 2.3405707420106903, "v": 4.470018556787274, "x": 5.501097130454165, "y": 9.491826874260106}, "datetime": {"datetime": "2024-02-27 10:33:45", "elapsed": 6.349866, "delta": 0.287998}}
{"target": 0.2605053945698447, "params": {"u": 1.1787106318307217, "v": 5.505310957766784, "x": 4.914651404592535, "y": 1.4596056082881093}, "datetime": {"datetime": "2024-02-27 10:33:45", "elapsed": 6.478511, "delta": 0.128645}}
{"target": 1.079947804744485, "params": {"u": 6.9288130655570255, "v": 5.928704807287044, "x": 5.637167886512021, "y": 5.823787435326589}, "datetime": {"datetime": "2024-02-27 10:33:45", "elapsed": 6.769999, "delta": 0.291488}}
{"target": 1.9490945768942267, "params": {"u": 6.756625679036867, "v": 6.236558311519039, "x": 5.531581974704531, "y": 5.8631525339587895}, "datetime": {"datetime": "2024-02-27 10:33:45", "elapsed": 6.834201, "delta": 0.064202}}
{"target": 0.18172111738465388, "params": {"u": 1.8078851967771536, "v": 2.717712944945797, "x": 8.035406176519501, "y": 6.480385435933803}, "datetime": {"datetime": "2024-02-27 10:33:45", "elapsed": 6.969731, "delta": 0.13553}}
{"target": 1.4128934618774134, "params": {"u": 6.312816318940478, "v": 6.730829388834378, "x": 5.358811957857324, "y": 5.584261322935484}, "datetime": {"datetime": "2024-02-27 10:33:45", "elapsed": 7.125433, "delta": 0.155702}}
{"target": 1.1309249295455153, "params": {"u": 6.223850238281177, "v": 6.382457684972742, "x": 5.035408622871049, "y": 5.950680270687715}, "datetime": {"datetime": "2024-02-27 10:33:46", "elapsed": 7.373813, "delta": 0.24838}}
{"target": 0.16065126419893017, "params": {"u": 8.180419490116705, "v": 1.6352671207695213, "x": 0.15033217498953588, "y": 1.609887085940448}, "datetime": {"datetime": "2024-02-27 10:33:46", "elapsed": 7.501407, "delta": 0.127594}}
{"target": 1.4174170679323048, "params": {"u": 6.743097768174787, "v": 6.253547291365956, "x": 5.347025456408235, "y": 5.6099819997299685}, "datetime": {"datetime": "2024-02-27 10:33:46", "elapsed": 7.834594, "delta": 0.333187}}
{"target": 0.4543123525766778, "params": {"u": 8.989990333315351, "v": 4.522194488074984, "x": 3.9921486469790404, "y": 3.1152820924408955}, "datetime": {"datetime": "2024-02-27 10:33:46", "elapsed": 7.995032, "delta": 0.160438}}
{"target": 0.6948521683656932, "params": {"u": 7.164329372236098, "v": 5.909078617064658, "x": 5.102948492090192, "y": 5.860835166345273}, "datetime": {"datetime": "2024-02-27 10:33:47", "elapsed": 8.202254, "delta": 0.207222}}
{"target": 2.7232383077614544, "params": {"u": 6.519454875134435, "v": 6.569518190937779, "x": 5.845862165121728, "y": 6.037273593171488}, "datetime": {"datetime": "2024-02-27 10:33:47", "elapsed": 8.322881, "delta": 0.120627}}
{"target": 0.918172823943152, "params": {"u": 6.674206081412368, "v": 7.369398202505199, "x": 5.755223628071805, "y": 6.483180575094738}, "datetime": {"datetime": "2024-02-27 10:33:47", "elapsed": 8.473431, "delta": 0.15055}}
{"target": 1.6922266663885575, "params": {"u": 6.024129052406016, "v": 6.595015344292446, "x": 6.204009751338216, "y": 6.549148763529172}, "datetime": {"datetime": "2024-02-27 10:33:47", "elapsed": 8.57889, "delta": 0.105459}}
{"target": 0.35643568047663293, "params": {"u": 5.392645265689274, "v": 3.9207273922331876, "x": 9.372478937406644, "y": 4.216524987558445}, "datetime": {"datetime": "2024-02-27 10:33:47", "elapsed": 8.779509, "delta": 0.200619}}
{"target": 0.23382645467285168, "params": {"u": 4.884990288516819, "v": 0.6419484072320814, "x": 3.296367338805417, "y": 6.401808240647663}, "datetime": {"datetime": "2024-02-27 10:33:47", "elapsed": 8.895708, "delta": 0.116199}}
{"target": 2.670742799336488, "params": {"u": 6.255715131116327, "v": 6.573808959934214, "x": 5.85249396206883, "y": 6.111647307285791}, "datetime": {"datetime": "2024-02-27 10:33:47", "elapsed": 9.184464, "delta": 0.288756}}
{"target": 0.20706317705714844, "params": {"u": 6.550633183563676, "v": 2.177506981448537, "x": 7.026551530141275, "y": 9.069976808439955}, "datetime": {"datetime": "2024-02-27 10:33:48", "elapsed": 9.397507, "delta": 0.213043}}
{"target": 2.753640724024439, "params": {"u": 6.0817455302809, "v": 6.367292327046634, "x": 5.9874865571139555, "y": 5.85614526525986}, "datetime": {"datetime": "2024-02-27 10:33:48", "elapsed": 9.571214, "delta": 0.173707}}
{"target": 1.825011560798769, "params": {"u": 6.92844128140343, "v": 6.758899726418896, "x": 5.918224849949755, "y": 6.52087280777134}, "datetime": {"datetime": "2024-02-27 10:33:49", "elapsed": 10.223779, "delta": 0.652565}}
{"target": 0.39440865209882614, "params": {"u": 3.5966446570631936, "v": 5.0694290271477005, "x": 7.2483626371130025, "y": 5.209306977926529}, "datetime": {"datetime": "2024-02-27 10:33:49", "elapsed": 10.749228, "delta": 0.525449}}
{"target": 2.6079331782012543, "params": {"u": 6.09437064374235, "v": 6.6102228838720745, "x": 5.8936364711378975, "y": 6.185388165225795}, "datetime": {"datetime": "2024-02-27 10:33:49", "elapsed": 11.131352, "delta": 0.382124}}
{"target": 0.42662080528821533, "params": {"u": 9.307021810204569, "v": 9.12490410941593, "x": 7.549427348064354, "y": 6.893488056696397}, "datetime": {"datetime": "2024-02-27 10:33:50", "elapsed": 11.767002, "delta": 0.63565}}
{"target": 0.21682260249014168, "params": {"u": 3.9335131394059877, "v": 9.444651664242405, "x": 7.6493939616674975, "y": 7.862340810952491}, "datetime": {"datetime": "2024-02-27 10:33:51", "elapsed": 12.381465, "delta": 0.614463}}
{"target": 0.22946873542746224, "params": {"u": 3.5015242590275686, "v": 9.429185091601447, "x": 3.793472637191213, "y": 2.8938927432541774}, "datetime": {"datetime": "2024-02-27 10:33:51", "elapsed": 12.843247, "delta": 0.461782}}
{"target": 2.5897650084216592, "params": {"u": 6.26855246915048, "v": 6.7036537620427845, "x": 6.185161684247124, "y": 5.869423201506573}, "datetime": {"datetime": "2024-02-27 10:33:52", "elapsed": 13.828779, "delta": 0.985532}}
{"target": 1.079246134430356, "params": {"u": 5.785618440347977, "v": 6.703779741409508, "x": 5.97446518963514, "y": 5.775525395413428}, "datetime": {"datetime": "2024-02-27 10:33:53", "elapsed": 14.795262, "delta": 0.966483}}
{"target": 0.4269177234857666, "params": {"u": 4.21411925972969, "v": 4.180551949802114, "x": 8.249325654892, "y": 3.5795564589390185}, "datetime": {"datetime": "2024-02-27 10:33:54", "elapsed": 15.278466, "delta": 0.483204}}
{"target": 2.6332029205064496, "params": {"u": 6.354163416837891, "v": 6.352030679023907, "x": 6.1925946605375835, "y": 6.062828774702976}, "datetime": {"datetime": "2024-02-27 10:33:54", "elapsed": 16.062929, "delta": 0.784463}}
{"target": 0.14671179631506687, "params": {"u": 9.903167896984368, "v": 6.440397599941342, "x": 0.8781018588982814, "y": 0.7061880463819825}, "datetime": {"datetime": "2024-02-27 10:33:55", "elapsed": 16.242428, "delta": 0.179499}}
{"target": 1.8018594617731216, "params": {"u": 6.629865909735154, "v": 6.572090091943256, "x": 5.4936430315715326, "y": 5.776144303021793}, "datetime": {"datetime": "2024-02-27 10:33:55", "elapsed": 16.798194, "delta": 0.555766}}
{"target": 1.72320055815318, "params": {"u": 6.664188832933301, "v": 6.4729521573829025, "x": 6.5630502628416565, "y": 5.855495843893977}, "datetime": {"datetime": "2024-02-27 10:33:56", "elapsed": 17.480984, "delta": 0.68279}}
{"target": 2.0529176426487346, "params": {"u": 6.080734797457149, "v": 6.177936294171791, "x": 6.335996566559148, "y": 5.70961712530818}, "datetime": {"datetime": "2024-02-27 10:33:57", "elapsed": 18.22756, "delta": 0.746576}}
{"target": 0.2370993776284675, "params": {"u": 7.794563845272204, "v": 9.030448801694012, "x": 5.124111003024811, "y": 2.9523302134545624}, "datetime": {"datetime": "2024-02-27 10:33:57", "elapsed": 18.710848, "delta": 0.483288}}
{"target": 1.0898307306397945, "params": {"u": 6.251857343694858, "v": 6.993183651794706, "x": 6.843265098156898, "y": 5.460060756662183}, "datetime": {"datetime": "2024-02-27 10:33:57", "elapsed": 19.171528, "delta": 0.46068}}
{"target": 1.0472265431796677, "params": {"u": 5.877708939892312, "v": 6.454220005708828, "x": 5.696015906473962, "y": 6.133057744262191}, "datetime": {"datetime": "2024-02-27 10:33:58", "elapsed": 19.802753, "delta": 0.631225}}
{"target": 0.20916522117250666, "params": {"u": 2.8656534612284954, "v": 1.0386711106669266, "x": 8.535664068346072, "y": 1.4115254692930523}, "datetime": {"datetime": "2024-02-27 10:33:58", "elapsed": 20.009694, "delta": 0.206941}}
{"target": 2.5056525663317384, "params": {"u": 6.4347515643912425, "v": 6.966347206410617, "x": 6.2368602282691565, "y": 6.103590217348986}, "datetime": {"datetime": "2024-02-27 10:33:59", "elapsed": 20.644421, "delta": 0.634727}}
{"target": 0.13764998391326708, "params": {"u": 9.391892249035484, "v": 9.718915995126656, "x": 2.4817932484420266, "y": 1.3845775003649718}, "datetime": {"datetime": "2024-02-27 10:33:59", "elapsed": 20.945702, "delta": 0.301281}}
{"target": 1.0860776099814113, "params": {"u": 6.527053169315192, "v": 6.82363096752497, "x": 6.855067844326557, "y": 6.460878586551764}, "datetime": {"datetime": "2024-02-27 10:34:00", "elapsed": 21.81085, "delta": 0.865148}}
{"target": 2.458072196597612, "params": {"u": 6.425845814274175, "v": 6.686804690694869, "x": 6.087826825407002, "y": 6.262066090012657}, "datetime": {"datetime": "2024-02-27 10:34:01", "elapsed": 23.114847, "delta": 1.303997}}
{"target": 0.8846062059311336, "params": {"u": 6.874980815854258, "v": 7.736607977665758, "x": 6.599177894369939, "y": 5.80573176611143}, "datetime": {"datetime": "2024-02-27 10:34:02", "elapsed": 24.001899, "delta": 0.887052}}
{"target": 0.26889117238317917, "params": {"u": 1.5901896247650127, "v": 4.784364506891064, "x": 5.0669140781535384, "y": 1.211383968294546}, "datetime": {"datetime": "2024-02-27 10:34:03", "elapsed": 24.61607, "delta": 0.614171}}
{"target": 1.0247361925715124, "params": {"u": 6.17219875741993, "v": 5.64137878919256, "x": 5.763490604472095, "y": 5.349334794918612}, "datetime": {"datetime": "2024-02-27 10:34:04", "elapsed": 25.911441, "delta": 1.295371}}
{"target": 1.0228207787896795, "params": {"u": 5.828895861850635, "v": 6.1492375722221135, "x": 6.313817545874727, "y": 6.10725319355638}, "datetime": {"datetime": "2024-02-27 10:34:05", "elapsed": 26.996522, "delta": 1.085081}}
{"target": 0.7750433130907752, "params": {"u": 7.721285076114163, "v": 6.761216457367151, "x": 6.670410803730036, "y": 6.693444568710081}, "datetime": {"datetime": "2024-02-27 10:34:07", "elapsed": 28.32126, "delta": 1.324738}}
{"target": 0.9648377871028836, "params": {"u": 6.202688108597232, "v": 7.075288467372367, "x": 5.95565616019376, "y": 5.572397092520687}, "datetime": {"datetime": "2024-02-27 10:34:08", "elapsed": 29.984173, "delta": 1.662913}}
{"target": 2.797676897367522, "params": {"u": 6.701661684562229, "v": 6.78546833666239, "x": 6.079348954890887, "y": 5.921278388165083}, "datetime": {"datetime": "2024-02-27 10:34:09", "elapsed": 31.129298, "delta": 1.145125}}
{"target": 0.6855393212658665, "params": {"u": 7.993153253932334, "v": 2.7202246492742512, "x": 6.986392799296962, "y": 4.439032635834832}, "datetime": {"datetime": "2024-02-27 10:34:10", "elapsed": 31.904539, "delta": 0.775241}}
{"target": 2.779720657153227, "params": {"u": 6.538964637562568, "v": 6.903666826401229, "x": 5.879963165341354, "y": 6.027883782425596}, "datetime": {"datetime": "2024-02-27 10:34:11", "elapsed": 33.050391, "delta": 1.145852}}
{"target": 0.6982731571134422, "params": {"u": 6.7755522815187375, "v": 6.623684624552681, "x": 5.255068106675865, "y": 7.301453673494257}, "datetime": {"datetime": "2024-02-27 10:34:12", "elapsed": 33.847519, "delta": 0.797128}}
{"target": 0.17501357091529152, "params": {"u": 5.399278454069915, "v": 3.2126168193144378, "x": 8.371963885988142, "y": 9.895917482494475}, "datetime": {"datetime": "2024-02-27 10:34:13", "elapsed": 34.241886, "delta": 0.394367}}
{"target": 0.3270942417062346, "params": {"u": 7.996841765174146, "v": 3.8362332135623967, "x": 7.836027572778579, "y": 7.141311236088138}, "datetime": {"datetime": "2024-02-27 10:34:13", "elapsed": 34.838037, "delta": 0.596151}}
{"target": 0.6056644781601079, "params": {"u": 6.450472162922224, "v": 6.060318163644373, "x": 7.331717362891097, "y": 4.387580024964279}, "datetime": {"datetime": "2024-02-27 10:34:14", "elapsed": 36.084781, "delta": 1.246744}}
{"target": 2.4754110025262466, "params": {"u": 6.764206123002322, "v": 6.879686372161034, "x": 5.953095779352213, "y": 6.265644573409399}, "datetime": {"datetime": "2024-02-27 10:34:15", "elapsed": 36.99222, "delta": 0.907439}}
{"target": 0.2501451290723217, "params": {"u": 5.699130131358916, "v": 0.3483069634069269, "x": 8.385153125742107, "y": 5.403403496482073}, "datetime": {"datetime": "2024-02-27 10:34:16", "elapsed": 37.581944, "delta": 0.589724}}
{"target": 0.9860414088138397, "params": {"u": 7.094185025899645, "v": 6.890950240060168, "x": 5.606511103647321, "y": 6.0701921685465585}, "datetime": {"datetime": "2024-02-27 10:34:17", "elapsed": 38.501696, "delta": 0.919752}}
{"target": 0.20003515209147252, "params": {"u": 9.533512444161659, "v": 7.661852734943819, "x": 9.997187242334796, "y": 3.363711377096444}, "datetime": {"datetime": "2024-02-27 10:34:18", "elapsed": 39.399172, "delta": 0.897476}}
{"target": 0.15663679237922232, "params": {"u": 6.538738305039162, "v": 9.897280672645026, "x": 0.017549954233460063, "y": 9.93109862235696}, "datetime": {"datetime": "2024-02-27 10:34:19", "elapsed": 40.284678, "delta": 0.885506}}
{"target": 0.10375950206413391, "params": {"u": 9.82794566675034, "v": 1.631326144974028, "x": 0.4609202739217366, "y": 9.517623984626418}, "datetime": {"datetime": "2024-02-27 10:34:19", "elapsed": 41.084982, "delta": 0.800304}}
{"target": 0.3608551765031333, "params": {"u": 5.272996363250581, "v": 8.080713033822548, "x": 7.899996310367131, "y": 6.432197054043066}, "datetime": {"datetime": "2024-02-27 10:34:20", "elapsed": 41.982319, "delta": 0.897337}}
{"target": 0.9700180767759857, "params": {"u": 7.046275427551652, "v": 6.868705677702866, "x": 5.573386835554192, "y": 6.11257839726407}, "datetime": {"datetime": "2024-02-27 10:34:21", "elapsed": 43.016266, "delta": 1.033947}}
{"target": 0.12033729806451077, "params": {"u": 3.092840803998106, "v": 9.614018577565652, "x": 9.570329204844887, "y": 0.23057339508874897}, "datetime": {"datetime": "2024-02-27 10:34:24", "elapsed": 45.282738, "delta": 2.266472}}
{"target": 0.2304839751828674, "params": {"u": 0.007272995989807685, "v": 9.025103596170617, "x": 0.37057385040337176, "y": 9.582786948080596}, "datetime": {"datetime": "2024-02-27 10:34:26", "elapsed": 47.516687, "delta": 2.233949}}
{"target": 0.09334732416275364, "params": {"u": 0.5346188547066966, "v": 0.20906556136333632, "x": 0.5257952325524418, "y": 9.865053460188088}, "datetime": {"datetime": "2024-02-27 10:34:28", "elapsed": 49.86051, "delta": 2.343823}}
{"target": 0.6815782756687775, "params": {"u": 6.041199823763728, "v": 6.900628414636482, "x": 6.522245925665503, "y": 4.150940189577269}, "datetime": {"datetime": "2024-02-27 10:34:29", "elapsed": 50.412042, "delta": 0.551532}}
{"target": 1.53347493133924, "params": {"u": 6.458999962138979, "v": 6.353934194904502, "x": 6.192988734351919, "y": 5.334020355031653}, "datetime": {"datetime": "2024-02-27 10:34:30", "elapsed": 51.649785, "delta": 1.237743}}
{"target": 0.33904050522072865, "params": {"u": 2.756642485379013, "v": 3.9293559919149814, "x": 5.681706001236176, "y": 1.1963601392278245}, "datetime": {"datetime": "2024-02-27 10:34:31", "elapsed": 52.42052, "delta": 0.770735}}
{"target": 1.0395904493687442, "params": {"u": 6.693574017510983, "v": 7.249697619208526, "x": 6.0464522907227085, "y": 5.899590325493386}, "datetime": {"datetime": "2024-02-27 10:34:32", "elapsed": 53.764785, "delta": 1.344265}}
{"target": 0.9125972847813573, "params": {"u": 6.288790480053979, "v": 7.207957785093011, "x": 6.2256263481649485, "y": 6.512332871615923}, "datetime": {"datetime": "2024-02-27 10:34:33", "elapsed": 54.829778, "delta": 1.064993}}
{"target": 0.16603252274146113, "params": {"u": 7.451836585379812, "v": 1.1800020844000902, "x": 0.10788460383507448, "y": 5.8971700023532385}, "datetime": {"datetime": "2024-02-27 10:34:34", "elapsed": 55.521095, "delta": 0.691317}}
{"target": 0.2616451274593028, "params": {"u": 9.551957292628813, "v": 6.333727506141139, "x": 4.58229009040219, "y": 8.153604879463387}, "datetime": {"datetime": "2024-02-27 10:34:34", "elapsed": 56.161609, "delta": 0.640514}}
{"target": 1.8186099594362715, "params": {"u": 6.5159890944262555, "v": 6.330906345450592, "x": 6.532089778253707, "y": 5.927974988659647}, "datetime": {"datetime": "2024-02-27 10:34:35", "elapsed": 57.076976, "delta": 0.915367}}
{"target": 0.3256164243121592, "params": {"u": 8.49748168931458, "v": 0.2720233325062149, "x": 9.917396012787943, "y": 0.6952956975797076}, "datetime": {"datetime": "2024-02-27 10:34:36", "elapsed": 58.193903, "delta": 1.116927}}
{"target": 0.44453069092004005, "params": {"u": 5.4224225097836545, "v": 6.269798467307193, "x": 4.980019719399102, "y": 1.8268266793386567}, "datetime": {"datetime": "2024-02-27 10:34:37", "elapsed": 58.979068, "delta": 0.785165}}
{"target": 2.6586871959480813, "params": {"u": 6.9293968149009775, "v": 6.280971905440254, "x": 6.08757776990417, "y": 6.167039160379964}, "datetime": {"datetime": "2024-02-27 10:34:38", "elapsed": 59.876542, "delta": 0.897474}}
{"target": 0.2166146971830155, "params": {"u": 7.210786590065483, "v": 9.170029285812792, "x": 6.417485612916225, "y": 2.2682855370838673}, "datetime": {"datetime": "2024-02-27 10:34:39", "elapsed": 60.84185, "delta": 0.965308}}
{"target": 0.6620745088460902, "params": {"u": 7.050106954472087, "v": 4.891261092576691, "x": 4.927368939219589, "y": 1.978583623803174}, "datetime": {"datetime": "2024-02-27 10:34:40", "elapsed": 61.748712, "delta": 0.906862}}
{"target": 1.1855190747328612, "params": {"u": 6.828149113448118, "v": 6.2030365437193336, "x": 6.686843371468204, "y": 6.559166351558901}, "datetime": {"datetime": "2024-02-27 10:34:42", "elapsed": 63.229707, "delta": 1.480995}}
{"target": 0.37249410289699086, "params": {"u": 7.194682571959094, "v": 8.559992696579528, "x": 7.748540127087874, "y": 4.960690231980875}, "datetime": {"datetime": "2024-02-27 10:34:43", "elapsed": 64.235111, "delta": 1.005404}}
{"target": 2.4457908275531106, "params": {"u": 6.798588472245273, "v": 6.691132450812859, "x": 5.789502884356811, "y": 6.1904405199169075}, "datetime": {"datetime": "2024-02-27 10:34:46", "elapsed": 67.256262, "delta": 3.021151}}
{"target": 0.1340997211267046, "params": {"u": 1.947197682613676, "v": 8.749496522989833, "x": 0.05267671951598385, "y": 1.200254956483623}, "datetime": {"datetime": "2024-02-27 10:34:46", "elapsed": 67.882016, "delta": 0.625754}}
{"target": 0.24241928310909985, "params": {"u": 4.977630718702183, "v": 2.534691822887355, "x": 6.225439792717209, "y": 8.257237801442018}, "datetime": {"datetime": "2024-02-27 10:34:47", "elapsed": 68.486173, "delta": 0.604157}}
