{"target": -0.6707040833921846, "params": {"colsample_bytree": 0.9759306942896118, "learning_rate": 0.35807439094761323, "max_bin_exp": 8.258162241495068, "max_depth": 3.90604528440243, "n_estimators": 1982.4410203031541, "reg_alpha": 2.986342330660611, "reg_lambda": 2.709369131328912}, "datetime": {"datetime": "2024-02-19 13:42:25", "elapsed": 1648.524944, "delta": 3.11617}}
{"target": -1.1613533845103579, "params": {"colsample_bytree": 0.7232670489238209, "learning_rate": 0.4428959997651279, "max_bin_exp": 8.934817413273638, "max_depth": 1.821829934973803, "n_estimators": 1972.5859885501688, "reg_alpha": 2.6127931141260667, "reg_lambda": 0.2964551334750677}, "datetime": {"datetime": "2024-02-19 13:42:28", "elapsed": 1651.452179, "delta": 2.927235}}
{"target": -0.7651355440935439, "params": {"colsample_bytree": 0.7503453776757714, "learning_rate": 0.18881596473561935, "max_bin_exp": 5.2460068728556735, "max_depth": 4.265889432624487, "n_estimators": 1971.2722872296877, "reg_alpha": 2.9703025026616534, "reg_lambda": 2.5284302193579316}, "datetime": {"datetime": "2024-02-19 13:42:31", "elapsed": 1654.907983, "delta": 3.455804}}
{"target": -3.1438443145774477, "params": {"colsample_bytree": 0.6358634226651103, "learning_rate": 0.3424822507073326, "max_bin_exp": 4.248018014852637, "max_depth": 1.8616121955317324, "n_estimators": 1971.7989978804244, "reg_alpha": 0.2863531598865309, "reg_lambda": 0.7658948790725288}, "datetime": {"datetime": "2024-02-19 13:42:35", "elapsed": 1658.631858, "delta": 3.723875}}
{"target": -1.1522528031185633, "params": {"colsample_bytree": 1.0, "learning_rate": 0.5, "max_bin_exp": 4.0, "max_depth": 3.3082473187227848, "n_estimators": 2266.6932496348645, "reg_alpha": 3.0, "reg_lambda": 0.0}, "datetime": {"datetime": "2024-02-19 13:42:38", "elapsed": 1661.770282, "delta": 3.138424}}
{"target": -0.8577712401497762, "params": {"colsample_bytree": 0.26007101416815526, "learning_rate": 0.30928598101358834, "max_bin_exp": 6.084768219426632, "max_depth": 5.833689149589525, "n_estimators": 1967.8830371326771, "reg_alpha": 2.8017646628989104, "reg_lambda": 2.4058863201472525}, "datetime": {"datetime": "2024-02-19 13:42:42", "elapsed": 1665.424517, "delta": 3.654235}}
{"target": -0.9035221632371117, "params": {"colsample_bytree": 0.28118416071789093, "learning_rate": 0.4725810682163555, "max_bin_exp": 8.470880157365727, "max_depth": 4.937026097698174, "n_estimators": 1974.3912216417946, "reg_alpha": 2.5999450977142846, "reg_lambda": 0.383005054726686}, "datetime": {"datetime": "2024-02-19 13:42:45", "elapsed": 1668.77003, "delta": 3.345513}}
{"target": -3.8835832688323917, "params": {"colsample_bytree": 0.2, "learning_rate": 0.001, "max_bin_exp": 10.0, "max_depth": 6.0, "n_estimators": 1973.939615423873, "reg_alpha": 0.0, "reg_lambda": 3.0}, "datetime": {"datetime": "2024-02-19 13:42:50", "elapsed": 1673.428578, "delta": 4.658548}}
{"target": -0.6536983888388653, "params": {"colsample_bytree": 0.6507717289756851, "learning_rate": 0.31814120786029076, "max_bin_exp": 9.83391028949662, "max_depth": 4.368633130399306, "n_estimators": 2182.355649838323, "reg_alpha": 0.7978301579205362, "reg_lambda": 2.752501725874098}, "datetime": {"datetime": "2024-02-19 13:42:54", "elapsed": 1677.293795, "delta": 3.865217}}
{"target": -0.6726955745674436, "params": {"colsample_bytree": 0.5786790616096891, "learning_rate": 0.47648770628179676, "max_bin_exp": 9.495802832130012, "max_depth": 4.9098032188334555, "n_estimators": 4710.184075382143, "reg_alpha": 2.968600613561475, "reg_lambda": 2.876756948635903}, "datetime": {"datetime": "2024-02-19 13:43:01", "elapsed": 1684.652396, "delta": 7.358601}}
{"target": -0.7257407783350253, "params": {"colsample_bytree": 0.8445067046335601, "learning_rate": 0.4656317670479644, "max_bin_exp": 8.517340517639028, "max_depth": 3.752837370913113, "n_estimators": 1975.2574815830048, "reg_alpha": 0.4036333698371717, "reg_lambda": 0.45477806143472643}, "datetime": {"datetime": "2024-02-19 13:43:04", "elapsed": 1687.937662, "delta": 3.285266}}
{"target": -1.1371508118747058, "params": {"colsample_bytree": 0.7529114103343482, "learning_rate": 0.4029048407254917, "max_bin_exp": 4.370257676267687, "max_depth": 3.974289060281775, "n_estimators": 1979.81056961237, "reg_alpha": 2.4126031792126055, "reg_lambda": 1.5166002699479115}, "datetime": {"datetime": "2024-02-19 13:43:08", "elapsed": 1691.137397, "delta": 3.199735}}
{"target": -0.7598887579456509, "params": {"colsample_bytree": 0.8748950195971836, "learning_rate": 0.1587083928851363, "max_bin_exp": 5.03701898269294, "max_depth": 5.9171386584040055, "n_estimators": 2239.0297092854853, "reg_alpha": 1.4350915918809384, "reg_lambda": 0.17783828410125724}, "datetime": {"datetime": "2024-02-19 13:43:11", "elapsed": 1694.932082, "delta": 3.794685}}
{"target": -0.8523761430055319, "params": {"colsample_bytree": 1.0, "learning_rate": 0.5, "max_bin_exp": 10.0, "max_depth": 1.622690273894849, "n_estimators": 4683.2303612374135, "reg_alpha": 3.0, "reg_lambda": 3.0}, "datetime": {"datetime": "2024-02-19 13:43:15", "elapsed": 1698.715198, "delta": 3.783116}}
{"target": -0.6415299412504781, "params": {"colsample_bytree": 0.5449628423959967, "learning_rate": 0.10632149549478515, "max_bin_exp": 8.079816785226772, "max_depth": 5.038678215671846, "n_estimators": 1963.705558272904, "reg_alpha": 2.2358771453305186, "reg_lambda": 2.7846338958586254}, "datetime": {"datetime": "2024-02-19 13:43:21", "elapsed": 1704.725033, "delta": 6.009835}}
{"target": -3.774174561487759, "params": {"colsample_bytree": 0.2, "learning_rate": 0.001, "max_bin_exp": 9.496392693490566, "max_depth": 3.4181939231839396, "n_estimators": 4692.156291526251, "reg_alpha": 0.0, "reg_lambda": 3.0}, "datetime": {"datetime": "2024-02-19 13:43:42", "elapsed": 1725.77062, "delta": 21.045587}}
{"target": -0.6945063056331657, "params": {"colsample_bytree": 0.9767307687305158, "learning_rate": 0.37000712233163696, "max_bin_exp": 6.834744644621061, "max_depth": 3.4664962965419814, "n_estimators": 1960.7552438181765, "reg_alpha": 1.7813332887157012, "reg_lambda": 2.494485811563097}, "datetime": {"datetime": "2024-02-19 13:43:46", "elapsed": 1729.131873, "delta": 3.361253}}
{"target": -0.7462628949845423, "params": {"colsample_bytree": 0.545326409926398, "learning_rate": 0.3278823657408345, "max_bin_exp": 6.110510183187314, "max_depth": 5.438923044105738, "n_estimators": 1963.0315349486239, "reg_alpha": 2.4834210360677695, "reg_lambda": 0.5262599908723518}, "datetime": {"datetime": "2024-02-19 13:43:50", "elapsed": 1733.919827, "delta": 4.787954}}
{"target": -0.9041879516184086, "params": {"colsample_bytree": 0.2, "learning_rate": 0.5, "max_bin_exp": 8.053585790521344, "max_depth": 6.0, "n_estimators": 1167.283155956292, "reg_alpha": 0.0, "reg_lambda": 3.0}, "datetime": {"datetime": "2024-02-19 13:43:54", "elapsed": 1737.246013, "delta": 3.326186}}
{"target": -0.6060701154764006, "params": {"colsample_bytree": 0.9547966851891097, "learning_rate": 0.0631109015007078, "max_bin_exp": 9.39578899087172, "max_depth": 5.9947349680437165, "n_estimators": 4696.26926982948, "reg_alpha": 2.229477721952721, "reg_lambda": 0.2878935074050113}, "datetime": {"datetime": "2024-02-19 13:44:02", "elapsed": 1745.008325, "delta": 7.762312}}
{"target": -0.8090832835783015, "params": {"colsample_bytree": 0.4505589194290555, "learning_rate": 0.4207674314133995, "max_bin_exp": 5.593841709991336, "max_depth": 4.000197778561768, "n_estimators": 1964.2367508864559, "reg_alpha": 0.7978381246673312, "reg_lambda": 2.536618908851034}, "datetime": {"datetime": "2024-02-19 13:44:05", "elapsed": 1748.738101, "delta": 3.729776}}
{"target": -0.6115384402395245, "params": {"colsample_bytree": 0.9560017795403226, "learning_rate": 0.30642810342062005, "max_bin_exp": 9.496432316692477, "max_depth": 5.89324591902575, "n_estimators": 1981.4044116389061, "reg_alpha": 2.4455554409803257, "reg_lambda": 2.9009379150416987}, "datetime": {"datetime": "2024-02-19 13:44:10", "elapsed": 1753.444914, "delta": 4.706813}}
{"target": -0.664627663731278, "params": {"colsample_bytree": 1.0, "learning_rate": 0.5, "max_bin_exp": 10.0, "max_depth": 5.56352813764239, "n_estimators": 4690.359974381747, "reg_alpha": 2.995131304864973, "reg_lambda": 0.12453996426272393}, "datetime": {"datetime": "2024-02-19 13:44:20", "elapsed": 1763.225365, "delta": 9.780451}}
{"target": -0.8546918583745292, "params": {"colsample_bytree": 1.0, "learning_rate": 0.5, "max_bin_exp": 8.860268760757524, "max_depth": 1.0, "n_estimators": 5000.0, "reg_alpha": 3.0, "reg_lambda": 0.0}, "datetime": {"datetime": "2024-02-19 13:44:49", "elapsed": 1792.37474, "delta": 29.149375}}
{"target": -0.8975034794756356, "params": {"colsample_bytree": 0.2, "learning_rate": 0.5, "max_bin_exp": 8.754116853064682, "max_depth": 3.5093368018017914, "n_estimators": 1962.6277668840764, "reg_alpha": 0.7610432192516914, "reg_lambda": 0.6059946521276299}, "datetime": {"datetime": "2024-02-19 13:44:52", "elapsed": 1795.811245, "delta": 3.436505}}
{"target": -0.7014501816560735, "params": {"colsample_bytree": 0.7002182251958018, "learning_rate": 0.41348253793527057, "max_bin_exp": 9.361612262390237, "max_depth": 2.689966697294362, "n_estimators": 1965.617904820444, "reg_alpha": 2.4113064591436872, "reg_lambda": 2.4961537590365386}, "datetime": {"datetime": "2024-02-19 13:44:56", "elapsed": 1799.428681, "delta": 3.617436}}
{"target": -0.646590529268553, "params": {"colsample_bytree": 0.8177017593465516, "learning_rate": 0.35737276158318537, "max_bin_exp": 9.652451818376651, "max_depth": 5.982447631929757, "n_estimators": 1964.52606447828, "reg_alpha": 1.6973905281403416, "reg_lambda": 0.9636314838413078}, "datetime": {"datetime": "2024-02-19 13:45:01", "elapsed": 1804.442251, "delta": 5.01357}}
{"target": -0.8894830431541313, "params": {"colsample_bytree": 0.2595497606346311, "learning_rate": 0.22977604754822523, "max_bin_exp": 8.247260893858536, "max_depth": 4.475159440281691, "n_estimators": 1965.8765525218555, "reg_alpha": 0.05426185851842524, "reg_lambda": 1.1247736149533878}, "datetime": {"datetime": "2024-02-19 13:45:06", "elapsed": 1809.68795, "delta": 5.245699}}
{"target": -0.8275720373035841, "params": {"colsample_bytree": 0.5334903366519725, "learning_rate": 0.4494160006362017, "max_bin_exp": 5.30045823608484, "max_depth": 4.655985251137664, "n_estimators": 1975.0260770484047, "reg_alpha": 2.6786036923402254, "reg_lambda": 2.948137917728478}, "datetime": {"datetime": "2024-02-19 13:45:10", "elapsed": 1813.407708, "delta": 3.719758}}
{"target": -1.3324576574248177, "params": {"colsample_bytree": 0.41887289006127626, "learning_rate": 0.38457808614607214, "max_bin_exp": 4.002005016410291, "max_depth": 5.333800801967206, "n_estimators": 1958.2321312633594, "reg_alpha": 2.4752158875836403, "reg_lambda": 2.995985203970316}, "datetime": {"datetime": "2024-02-19 13:45:14", "elapsed": 1817.646942, "delta": 4.239234}}
{"target": -0.725535079832421, "params": {"colsample_bytree": 0.5085574482269231, "learning_rate": 0.42781499541885526, "max_bin_exp": 8.00692479434574, "max_depth": 5.599981669191309, "n_estimators": 1999.8106404680316, "reg_alpha": 0.47985579190381733, "reg_lambda": 0.4628955340329851}, "datetime": {"datetime": "2024-02-19 13:45:19", "elapsed": 1822.010092, "delta": 4.36315}}
{"target": -2.2970211392596513, "params": {"colsample_bytree": 0.8333749230996668, "learning_rate": 0.16294356416896422, "max_bin_exp": 5.938477057702076, "max_depth": 1.032640774130931, "n_estimators": 1961.4330491483297, "reg_alpha": 1.8444679239757917, "reg_lambda": 0.3644340339215598}, "datetime": {"datetime": "2024-02-19 13:45:24", "elapsed": 1827.045541, "delta": 5.035449}}
{"target": -0.8340638425672743, "params": {"colsample_bytree": 0.3364212586135644, "learning_rate": 0.33228170271157814, "max_bin_exp": 6.440930976290598, "max_depth": 5.8402519459602225, "n_estimators": 2002.581751538605, "reg_alpha": 0.06315936344686823, "reg_lambda": 0.3601792980305746}, "datetime": {"datetime": "2024-02-19 13:45:29", "elapsed": 1832.1901, "delta": 5.144559}}
{"target": -0.7614043110619152, "params": {"colsample_bytree": 0.29896204415410815, "learning_rate": 0.30730356926481456, "max_bin_exp": 8.763256964732003, "max_depth": 5.112260110171186, "n_estimators": 1958.8932322020087, "reg_alpha": 2.297511061220373, "reg_lambda": 2.133410947937249}, "datetime": {"datetime": "2024-02-19 13:45:35", "elapsed": 1838.561922, "delta": 6.371822}}
{"target": -0.6708276488652748, "params": {"colsample_bytree": 0.704367607350006, "learning_rate": 0.41872044602935654, "max_bin_exp": 9.770460393335352, "max_depth": 5.154616312001533, "n_estimators": 2036.2322783107354, "reg_alpha": 0.08028083906619154, "reg_lambda": 0.42343694445917424}, "datetime": {"datetime": "2024-02-19 13:45:41", "elapsed": 1844.108883, "delta": 5.546961}}
{"target": -0.6142988471670492, "params": {"colsample_bytree": 0.88823574066236, "learning_rate": 0.1894327266864075, "max_bin_exp": 9.510847093746005, "max_depth": 5.613460741214366, "n_estimators": 1962.2977868742296, "reg_alpha": 0.21776708732023276, "reg_lambda": 2.092862414317389}, "datetime": {"datetime": "2024-02-19 13:45:46", "elapsed": 1849.79946, "delta": 5.690577}}
{"target": -0.9077835328610524, "params": {"colsample_bytree": 0.20007733663806643, "learning_rate": 0.44784451913313905, "max_bin_exp": 8.93865528184184, "max_depth": 5.432839728446952, "n_estimators": 2185.754854484916, "reg_alpha": 2.900997965773531, "reg_lambda": 0.09970069814767168}, "datetime": {"datetime": "2024-02-19 13:45:51", "elapsed": 1853.975636, "delta": 4.176176}}
{"target": -0.7856534593463099, "params": {"colsample_bytree": 0.40255413957902375, "learning_rate": 0.3422430678039525, "max_bin_exp": 9.448919311754562, "max_depth": 5.675610710657441, "n_estimators": 2235.759725714694, "reg_alpha": 0.730435165157555, "reg_lambda": 0.287537688681475}, "datetime": {"datetime": "2024-02-19 13:45:57", "elapsed": 1860.511161, "delta": 6.535525}}
{"target": -0.6631471206255151, "params": {"colsample_bytree": 0.5854008279916962, "learning_rate": 0.12893329237614118, "max_bin_exp": 6.99036188351541, "max_depth": 5.549166126028337, "n_estimators": 1971.6707769943537, "reg_alpha": 2.5964318179590835, "reg_lambda": 1.287108842525488}, "datetime": {"datetime": "2024-02-19 13:46:01", "elapsed": 1864.92342, "delta": 4.412259}}
{"target": -0.6434885229718399, "params": {"colsample_bytree": 0.7108033938367293, "learning_rate": 0.12185828415970115, "max_bin_exp": 8.388812235814797, "max_depth": 5.738083374845018, "n_estimators": 2004.2945147564321, "reg_alpha": 2.8777485831567327, "reg_lambda": 0.1418432897034323}, "datetime": {"datetime": "2024-02-19 13:46:08", "elapsed": 1871.896161, "delta": 6.972741}}
{"target": -0.6384901570003529, "params": {"colsample_bytree": 0.5897030476517733, "learning_rate": 0.08543467156741115, "max_bin_exp": 9.812861222222129, "max_depth": 3.002001527841664, "n_estimators": 1954.3664385351547, "reg_alpha": 1.6894541693751213, "reg_lambda": 0.940301774280836}, "datetime": {"datetime": "2024-02-19 13:46:13", "elapsed": 1876.080186, "delta": 4.184025}}
{"target": -0.8574299900048553, "params": {"colsample_bytree": 0.2, "learning_rate": 0.5, "max_bin_exp": 10.0, "max_depth": 3.5731695587839742, "n_estimators": 2259.0833594358796, "reg_alpha": 3.0, "reg_lambda": 1.2690411518747922}, "datetime": {"datetime": "2024-02-19 13:46:16", "elapsed": 1879.947671, "delta": 3.867485}}
{"target": -0.7011532643273304, "params": {"colsample_bytree": 0.6552538118824187, "learning_rate": 0.1362472374059318, "max_bin_exp": 9.85942880832817, "max_depth": 2.6157561043688515, "n_estimators": 1956.8725090866296, "reg_alpha": 1.8287701179633913, "reg_lambda": 2.690045988061263}, "datetime": {"datetime": "2024-02-19 13:46:20", "elapsed": 1883.469528, "delta": 3.521857}}
{"target": -0.7119327687014476, "params": {"colsample_bytree": 0.3589084247194174, "learning_rate": 0.33640915519380205, "max_bin_exp": 9.187536316241554, "max_depth": 3.4182723109822533, "n_estimators": 1951.0291628365208, "reg_alpha": 2.4559190391169454, "reg_lambda": 0.7992854434752337}, "datetime": {"datetime": "2024-02-19 13:46:24", "elapsed": 1887.499347, "delta": 4.029819}}
{"target": -2.6211620121115815, "params": {"colsample_bytree": 0.23165621140007364, "learning_rate": 0.33023309284355223, "max_bin_exp": 6.850750855881472, "max_depth": 1.918703912530664, "n_estimators": 1954.3164065721885, "reg_alpha": 1.576279566195693, "reg_lambda": 1.6400374155977198}, "datetime": {"datetime": "2024-02-19 13:46:29", "elapsed": 1892.866946, "delta": 5.367599}}
{"target": -0.6858053250257474, "params": {"colsample_bytree": 0.5069648431724041, "learning_rate": 0.38440072397144537, "max_bin_exp": 9.418445213452358, "max_depth": 5.5010885528356335, "n_estimators": 1954.4687763602824, "reg_alpha": 1.6208347819208015, "reg_lambda": 0.8208448045073531}, "datetime": {"datetime": "2024-02-19 13:46:34", "elapsed": 1897.505292, "delta": 4.638346}}
{"target": -0.7217618680291185, "params": {"colsample_bytree": 0.36009521477050754, "learning_rate": 0.266350891305538, "max_bin_exp": 9.914967211486562, "max_depth": 5.762517070772304, "n_estimators": 1949.1962418147139, "reg_alpha": 2.7769338578091682, "reg_lambda": 2.0015901699765117}, "datetime": {"datetime": "2024-02-19 13:46:39", "elapsed": 1902.069774, "delta": 4.564482}}
{"target": -0.6810010123702516, "params": {"colsample_bytree": 1.0, "learning_rate": 0.5, "max_bin_exp": 10.0, "max_depth": 3.6951047835026243, "n_estimators": 2011.4311790578429, "reg_alpha": 0.0, "reg_lambda": 3.0}, "datetime": {"datetime": "2024-02-19 13:46:44", "elapsed": 1907.473409, "delta": 5.403635}}
{"target": -0.7095287741006797, "params": {"colsample_bytree": 0.36390691054971747, "learning_rate": 0.04415236280814799, "max_bin_exp": 8.137722306978636, "max_depth": 4.275311561744637, "n_estimators": 1947.6787884860944, "reg_alpha": 1.8546539993155595, "reg_lambda": 0.6774829970548635}, "datetime": {"datetime": "2024-02-19 13:46:50", "elapsed": 1913.006685, "delta": 5.533276}}
{"target": -2.532638572657721, "params": {"colsample_bytree": 0.925492051634988, "learning_rate": 0.07549418226392735, "max_bin_exp": 9.365614053619918, "max_depth": 1.0626322310820386, "n_estimators": 1947.9897662160874, "reg_alpha": 2.1770453616676178, "reg_lambda": 1.6726766571479432}, "datetime": {"datetime": "2024-02-19 13:46:53", "elapsed": 1916.479949, "delta": 3.473264}}
{"target": -0.7819176881539384, "params": {"colsample_bytree": 0.3273889125266083, "learning_rate": 0.2321876756007054, "max_bin_exp": 6.316390312038072, "max_depth": 5.7240282157066735, "n_estimators": 1946.3168381199896, "reg_alpha": 2.266764085249051, "reg_lambda": 0.4989850993290659}, "datetime": {"datetime": "2024-02-19 13:46:57", "elapsed": 1920.77286, "delta": 4.292911}}
{"target": -0.6760746296514536, "params": {"colsample_bytree": 0.9334297372048681, "learning_rate": 0.494857200852184, "max_bin_exp": 9.497198373900755, "max_depth": 4.6719660476860705, "n_estimators": 1958.0243618919699, "reg_alpha": 0.20587903206916436, "reg_lambda": 1.1881822449846458}, "datetime": {"datetime": "2024-02-19 13:47:03", "elapsed": 1925.989902, "delta": 5.217042}}
{"target": -0.8888620888167962, "params": {"colsample_bytree": 0.20113849478955795, "learning_rate": 0.4713296022768853, "max_bin_exp": 7.404642705230872, "max_depth": 5.228718235765243, "n_estimators": 1949.9184459739668, "reg_alpha": 2.1232109569920308, "reg_lambda": 1.9687613784061844}, "datetime": {"datetime": "2024-02-19 13:47:07", "elapsed": 1930.166078, "delta": 4.176176}}
{"target": -4.037183103472222, "params": {"colsample_bytree": 1.0, "learning_rate": 0.001, "max_bin_exp": 10.0, "max_depth": 1.0, "n_estimators": 4683.600991003105, "reg_alpha": 0.0, "reg_lambda": 0.0}, "datetime": {"datetime": "2024-02-19 13:47:11", "elapsed": 1934.82516, "delta": 4.659082}}
{"target": -2.10216896467161, "params": {"colsample_bytree": 0.7841696465710245, "learning_rate": 0.001, "max_bin_exp": 10.0, "max_depth": 5.73291461764355, "n_estimators": 1951.2397787775765, "reg_alpha": 0.8590028559749594, "reg_lambda": 0.0}, "datetime": {"datetime": "2024-02-19 13:47:16", "elapsed": 1939.909693, "delta": 5.084533}}
{"target": -3.883583270892184, "params": {"colsample_bytree": 0.2, "learning_rate": 0.001, "max_bin_exp": 10.0, "max_depth": 6.0, "n_estimators": 2249.5234800490603, "reg_alpha": 1.152163380244736, "reg_lambda": 3.0}, "datetime": {"datetime": "2024-02-19 13:47:24", "elapsed": 1947.282133, "delta": 7.37244}}
{"target": -0.6455454541960922, "params": {"colsample_bytree": 0.8447480931038369, "learning_rate": 0.09013509488718378, "max_bin_exp": 7.6916447354452036, "max_depth": 5.70703651465491, "n_estimators": 2248.7454881319863, "reg_alpha": 2.832737078219732, "reg_lambda": 0.2228314129640817}, "datetime": {"datetime": "2024-02-19 13:47:29", "elapsed": 1952.872219, "delta": 5.590086}}
{"target": -0.9102461416107579, "params": {"colsample_bytree": 0.2, "learning_rate": 0.5, "max_bin_exp": 8.64941758255087, "max_depth": 6.0, "n_estimators": 1946.4750412118028, "reg_alpha": 3.0, "reg_lambda": 2.7385727227310115}, "datetime": {"datetime": "2024-02-19 13:47:35", "elapsed": 1958.542875, "delta": 5.670656}}
{"target": -0.810598329356094, "params": {"colsample_bytree": 0.4160902870709987, "learning_rate": 0.4151507906004415, "max_bin_exp": 7.93513702766804, "max_depth": 4.683412474695116, "n_estimators": 2250.6440218163675, "reg_alpha": 2.7290366236786174, "reg_lambda": 0.16302171357076445}, "datetime": {"datetime": "2024-02-19 13:47:39", "elapsed": 1962.423388, "delta": 3.880513}}
{"target": -0.6515118310337218, "params": {"colsample_bytree": 1.0, "learning_rate": 0.5, "max_bin_exp": 10.0, "max_depth": 5.3075887802338775, "n_estimators": 2253.1164986042063, "reg_alpha": 3.0, "reg_lambda": 1.1148621755905292}, "datetime": {"datetime": "2024-02-19 13:47:44", "elapsed": 1967.63253, "delta": 5.209142}}
