{"target": 0.2856771490811004, "params": {"u": 6.892461133293932, "v": 5.04674235843588, "x": 5.170179949508077, "y": 9.446548143266075}, "datetime": {"datetime": "2024-02-27 11:03:38", "elapsed": 1799.393769, "delta": 2.817165}}
{"target": 9.216786447707802, "params": {"u": 4.12247439004966, "v": 4.169564305208247, "x": 3.931261084502732, "y": 3.897718002610592}, "datetime": {"datetime": "2024-02-27 11:03:48", "elapsed": 1809.265854, "delta": 9.872085}}
{"target": 0.3652519836030589, "params": {"u": 5.204641289924396, "v": 0.3588007173257646, "x": 7.529013255567839, "y": 3.725246808623103}, "datetime": {"datetime": "2024-02-27 11:03:52", "elapsed": 1813.944506, "delta": 4.678652}}
{"target": 0.3159458135751149, "params": {"u": 2.280219779206777, "v": 5.235359602222342, "x": 7.056411778406621, "y": 5.659382299400243}, "datetime": {"datetime": "2024-02-27 11:03:57", "elapsed": 1818.867038, "delta": 4.922532}}
{"target": 1.4968630360094723, "params": {"u": 4.942955760955142, "v": 3.96279943892202, "x": 3.9605486974965842, "y": 3.9821310519159434}, "datetime": {"datetime": "2024-02-27 11:04:11", "elapsed": 1832.511126, "delta": 13.644088}}
{"target": 9.148328598128757, "params": {"u": 4.025380399543278, "v": 4.189748489350301, "x": 3.950068932783731, "y": 4.115664099746978}, "datetime": {"datetime": "2024-02-27 11:04:25", "elapsed": 1846.202674, "delta": 13.691548}}
{"target": 0.2460856433062679, "params": {"u": 8.261472337762068, "v": 7.786127081269944, "x": 2.2624047075041656, "y": 4.184333121495818}, "datetime": {"datetime": "2024-02-27 11:04:31", "elapsed": 1852.401646, "delta": 6.198972}}
{"target": 0.1879564315309708, "params": {"u": 3.02970272849302, "v": 1.1795138039227082, "x": 6.143455432776907, "y": 8.462907743925642}, "datetime": {"datetime": "2024-02-27 11:04:37", "elapsed": 1859.085053, "delta": 6.683407}}
{"target": 0.1610057505859492, "params": {"u": 3.234179858802321, "v": 0.6393948722205578, "x": 9.813982792194883, "y": 5.747724238438332}, "datetime": {"datetime": "2024-02-27 11:04:42", "elapsed": 1863.826183, "delta": 4.74113}}
{"target": 0.3125707087979351, "params": {"u": 9.713938767026576, "v": 8.25046592554594, "x": 7.792614580593462, "y": 9.95207252008591}, "datetime": {"datetime": "2024-02-27 11:04:56", "elapsed": 1877.823875, "delta": 13.997692}}
{"target": 1.5697871256013212, "params": {"u": 5.035379720478916, "v": 4.403434803771653, "x": 4.116810816841668, "y": 3.6986897109758052}, "datetime": {"datetime": "2024-02-27 11:05:06", "elapsed": 1888.111026, "delta": 10.287151}}
{"target": 1.4677151445879488, "params": {"u": 5.723848295049045, "v": 3.8590773200857265, "x": 5.159119196656344, "y": 4.01171341354023}, "datetime": {"datetime": "2024-02-27 11:05:23", "elapsed": 1904.368858, "delta": 16.257832}}
{"target": 0.3292528281681231, "params": {"u": 2.094197055882904, "v": 3.7037685746564786, "x": 4.842073538185838, "y": 0.7807476952060011}, "datetime": {"datetime": "2024-02-27 11:05:27", "elapsed": 1908.454521, "delta": 4.085663}}
{"target": 0.9056357017838131, "params": {"u": 3.9154059044339764, "v": 4.4867798687217055, "x": 3.661935212402212, "y": 4.796612571537961}, "datetime": {"datetime": "2024-02-27 11:05:39", "elapsed": 1920.580194, "delta": 12.125673}}
{"target": 0.2731082117688557, "params": {"u": 1.0674658627178102, "v": 4.8774240801438395, "x": 6.844067457182189, "y": 3.302502449291045}, "datetime": {"datetime": "2024-02-27 11:05:43", "elapsed": 1924.34855, "delta": 3.768356}}
{"target": 0.2172213331838057, "params": {"u": 9.7984145524207, "v": 9.971837849905858, "x": 7.94729594507372, "y": 4.248343356545091}, "datetime": {"datetime": "2024-02-27 11:05:58", "elapsed": 1939.863934, "delta": 15.515384}}
{"target": 0.4418473998727076, "params": {"u": 5.526801340423909, "v": 8.555522341420229, "x": 2.907429523165741, "y": 7.363902744800348}, "datetime": {"datetime": "2024-02-27 11:06:02", "elapsed": 1943.869337, "delta": 4.005403}}
{"target": 0.2804389337864941, "params": {"u": 5.542053807104237, "v": 6.405400819260456, "x": 9.793579656762041, "y": 5.200507532930384}, "datetime": {"datetime": "2024-02-27 11:06:11", "elapsed": 1953.128641, "delta": 9.259304}}
{"target": 0.19391039599562718, "params": {"u": 0.43844443048034254, "v": 6.146849873243763, "x": 0.025263661924682657, "y": 6.867430080570511}, "datetime": {"datetime": "2024-02-27 11:06:24", "elapsed": 1966.0299, "delta": 12.901259}}
{"target": 1.3043482525459653, "params": {"u": 3.8346110875220374, "v": 4.061970418942592, "x": 4.01156844374726, "y": 3.8961431564530957}, "datetime": {"datetime": "2024-02-27 11:06:32", "elapsed": 1973.902917, "delta": 7.873017}}
{"target": 0.22592762372318886, "params": {"u": 0.17564809694555317, "v": 5.440891483003426, "x": 1.3645552388643811, "y": 5.630574005416311}, "datetime": {"datetime": "2024-02-27 11:06:37", "elapsed": 1978.7734, "delta": 4.870483}}
{"target": 0.201318722731398, "params": {"u": 0.04338225207908941, "v": 0.03261046177855498, "x": 4.391824203677624, "y": 3.2183163749886035}, "datetime": {"datetime": "2024-02-27 11:06:48", "elapsed": 1989.367753, "delta": 10.594353}}
{"target": 6.243491748549756, "params": {"u": 4.292697874030422, "v": 4.215102091019088, "x": 4.215795836536356, "y": 3.8259919871754478}, "datetime": {"datetime": "2024-02-27 11:06:55", "elapsed": 1996.23827, "delta": 6.870517}}
{"target": 8.048455019549674, "params": {"u": 4.751332343820441, "v": 4.800624471406869, "x": 3.9374164944166434, "y": 3.8288066328397408}, "datetime": {"datetime": "2024-02-27 11:07:04", "elapsed": 2005.395278, "delta": 9.157008}}
{"target": 0.14768929048187385, "params": {"u": 0.0426094458381876, "v": 0.01719866123346403, "x": 3.9001668291936484, "y": 6.969649658004934}, "datetime": {"datetime": "2024-02-27 11:07:17", "elapsed": 2018.982149, "delta": 13.586871}}
{"target": 9.272773641210332, "params": {"u": 4.313845206009994, "v": 4.785509115750574, "x": 3.8841868827378265, "y": 3.9707313899278693}, "datetime": {"datetime": "2024-02-27 11:07:28", "elapsed": 2030.174936, "delta": 11.192787}}
{"target": 8.346545031522476, "params": {"u": 4.763718619858224, "v": 4.3249670392857675, "x": 3.8527253365976555, "y": 4.076703978824642}, "datetime": {"datetime": "2024-02-27 11:07:34", "elapsed": 2036.04906, "delta": 5.874124}}
{"target": 0.24078416241794778, "params": {"u": 9.327185605092842, "v": 0.08616053675748025, "x": 3.911229932715483, "y": 3.70959858004126}, "datetime": {"datetime": "2024-02-27 11:07:39", "elapsed": 2040.484475, "delta": 4.435415}}
{"target": 0.41005738207070924, "params": {"u": 8.121152602310442, "v": 0.8000607092732437, "x": 7.100139019052536, "y": 3.3003835761841884}, "datetime": {"datetime": "2024-02-27 11:07:43", "elapsed": 2044.613272, "delta": 4.128797}}
{"target": 0.14553735185148806, "params": {"u": 8.55181384627425, "v": 1.9475520545670044, "x": 0.19508328332356495, "y": 6.5902662454515335}, "datetime": {"datetime": "2024-02-27 11:07:48", "elapsed": 2049.463679, "delta": 4.850407}}
{"target": 0.28524975193071356, "params": {"u": 7.051021438801338, "v": 9.736866746026418, "x": 7.860661002588898, "y": 10.0}, "datetime": {"datetime": "2024-02-27 11:08:03", "elapsed": 2064.329467, "delta": 14.865788}}
{"target": 7.436313464250554, "params": {"u": 4.43860927145296, "v": 4.854232317081944, "x": 4.185041073027519, "y": 4.10489056968793}, "datetime": {"datetime": "2024-02-27 11:08:14", "elapsed": 2075.611347, "delta": 11.28188}}
{"target": 0.13150088007432054, "params": {"u": 1.8649755359856568, "v": 9.75190339575375, "x": 2.6621353328212773, "y": 0.34291437935419444}, "datetime": {"datetime": "2024-02-27 11:08:22", "elapsed": 2083.412993, "delta": 7.801646}}
{"target": 0.25272558327380124, "params": {"u": 7.386948760808314, "v": 3.223507372343536, "x": 2.715723980059069, "y": 7.651222551875766}, "datetime": {"datetime": "2024-02-27 11:08:26", "elapsed": 2087.791973, "delta": 4.37898}}
{"target": 0.15468914643434842, "params": {"u": 2.437526382673801, "v": 3.9309225905351495, "x": 8.745321201368256, "y": 8.974656056602209}, "datetime": {"datetime": "2024-02-27 11:08:33", "elapsed": 2095.144402, "delta": 7.352429}}
{"target": 1.126915996679415, "params": {"u": 4.864152809291426, "v": 3.0048948787057994, "x": 3.3966901342544387, "y": 4.167307301998324}, "datetime": {"datetime": "2024-02-27 11:08:39", "elapsed": 2100.838827, "delta": 5.694425}}
{"target": 10.410229030519005, "params": {"u": 4.729732255337646, "v": 4.761758338129724, "x": 4.019602170072185, "y": 3.9691128347225293}, "datetime": {"datetime": "2024-02-27 11:08:52", "elapsed": 2113.23431, "delta": 12.395483}}
{"target": 0.1692737215037404, "params": {"u": 2.0041468957132835, "v": 3.255550387774692, "x": 2.2465515602169903, "y": 9.995505117865541}, "datetime": {"datetime": "2024-02-27 11:08:55", "elapsed": 2116.327132, "delta": 3.092822}}
{"target": 0.2585716368475336, "params": {"u": 1.9527934466444041, "v": 7.741907203446013, "x": 5.853515057582563, "y": 7.974230026276335}, "datetime": {"datetime": "2024-02-27 11:09:13", "elapsed": 2134.28196, "delta": 17.954828}}
{"target": 0.3169594127128761, "params": {"u": 0.8115296852815446, "v": 0.1839474771340277, "x": 0.287928952698433, "y": 2.386717572790771}, "datetime": {"datetime": "2024-02-27 11:09:29", "elapsed": 2150.865526, "delta": 16.583566}}
{"target": 0.19639180540826234, "params": {"u": 6.841042421191608, "v": 9.251463655738247, "x": 4.202618433514164, "y": 1.4069632527617482}, "datetime": {"datetime": "2024-02-27 11:09:35", "elapsed": 2157.157363, "delta": 6.291837}}
{"target": 0.20260540152359816, "params": {"u": 9.076997587812698, "v": 5.742408407941165, "x": 3.3132181150799034, "y": 0.03057166591392657}, "datetime": {"datetime": "2024-02-27 11:09:45", "elapsed": 2166.240252, "delta": 9.082889}}
{"target": 0.16333010658749195, "params": {"u": 6.133272419982627, "v": 0.09950475105831358, "x": 0.016380463164787917, "y": 0.5315868832798465}, "datetime": {"datetime": "2024-02-27 11:09:52", "elapsed": 2173.627746, "delta": 7.387494}}
{"target": 9.900029964723318, "params": {"u": 4.200666793896083, "v": 4.458584046400864, "x": 3.967848785081406, "y": 3.923921050469276}, "datetime": {"datetime": "2024-02-27 11:09:58", "elapsed": 2180.009697, "delta": 6.381951}}
{"target": 5.427767347340603, "params": {"u": 4.140354483640505, "v": 4.63249796647696, "x": 4.231268568894267, "y": 3.7685442727849194}, "datetime": {"datetime": "2024-02-27 11:10:15", "elapsed": 2196.240435, "delta": 16.230738}}
{"target": 0.40429416406731117, "params": {"u": 7.1498890847457135, "v": 4.173303245211399, "x": 6.633681694963141, "y": 0.0}, "datetime": {"datetime": "2024-02-27 11:10:25", "elapsed": 2206.778641, "delta": 10.538206}}
{"target": 0.21280483360385277, "params": {"u": 7.6478441401985275, "v": 0.07360664483914814, "x": 2.915176073286606, "y": 6.2461263361485155}, "datetime": {"datetime": "2024-02-27 11:10:33", "elapsed": 2214.853021, "delta": 8.07438}}
{"target": 0.14666680188830328, "params": {"u": 0.8629690364204234, "v": 7.113625043733279, "x": 3.2778541493119926, "y": 0.03378661323157339}, "datetime": {"datetime": "2024-02-27 11:10:47", "elapsed": 2228.372625, "delta": 13.519604}}
{"target": 5.372721067790175, "params": {"u": 4.234669944507488, "v": 4.482330214615658, "x": 3.824533262154831, "y": 3.7247577512105847}, "datetime": {"datetime": "2024-02-27 11:10:53", "elapsed": 2234.756066, "delta": 6.383441}}
{"target": 0.2294758639904687, "params": {"u": 6.05789221208493, "v": 9.904910161262777, "x": 4.2318616701417024, "y": 9.855187108316244}, "datetime": {"datetime": "2024-02-27 11:11:02", "elapsed": 2244.112312, "delta": 9.356246}}
{"target": 0.1690224563338687, "params": {"u": 2.362495785492765, "v": 9.363962885216177, "x": 8.86579810723899, "y": 6.058509957398256}, "datetime": {"datetime": "2024-02-27 11:11:09", "elapsed": 2250.397055, "delta": 6.284743}}
{"target": 0.2605628619470243, "params": {"u": 6.473436020866914, "v": 2.0082718049387696, "x": 7.966894207068265, "y": 7.545578873681169}, "datetime": {"datetime": "2024-02-27 11:11:14", "elapsed": 2255.450949, "delta": 5.053894}}
{"target": 0.2184929546314724, "params": {"u": 1.2268415828059287, "v": 2.5599873801555884, "x": 1.9352506685689763, "y": 6.270819845440444}, "datetime": {"datetime": "2024-02-27 11:11:18", "elapsed": 2259.912392, "delta": 4.461443}}
{"target": 10.229036464114362, "params": {"u": 4.059966805697032, "v": 4.351147731851137, "x": 4.04836570029504, "y": 4.029578312789424}, "datetime": {"datetime": "2024-02-27 11:11:27", "elapsed": 2268.243926, "delta": 8.331534}}
{"target": 0.316783746825192, "params": {"u": 7.126455644819486, "v": 3.6367487606219706, "x": 1.9320920054615331, "y": 2.040003712748862}, "datetime": {"datetime": "2024-02-27 11:11:40", "elapsed": 2281.774847, "delta": 13.530921}}
{"target": 0.34299980879159175, "params": {"u": 8.228892506506574, "v": 3.6207107197975095, "x": 9.401759828787567, "y": 4.753422224931899}, "datetime": {"datetime": "2024-02-27 11:11:44", "elapsed": 2286.171209, "delta": 4.396362}}
{"target": 8.788719454818176, "params": {"u": 4.60310392649231, "v": 4.329800225412171, "x": 4.016999311457474, "y": 3.8546207285967062}, "datetime": {"datetime": "2024-02-27 11:11:56", "elapsed": 2297.861272, "delta": 11.690063}}
{"target": 0.21965008137854317, "params": {"u": 9.948250224303536, "v": 2.7713470730905865, "x": 1.8991103248545016, "y": 3.121438930138878}, "datetime": {"datetime": "2024-02-27 11:12:09", "elapsed": 2310.740127, "delta": 12.878855}}
{"target": 9.205546415952748, "params": {"u": 4.393976591928846, "v": 4.502050886172427, "x": 4.093497055180516, "y": 4.081707146209984}, "datetime": {"datetime": "2024-02-27 11:12:19", "elapsed": 2320.818841, "delta": 10.078714}}
{"target": 0.2712773811066443, "params": {"u": 4.641091176130333, "v": 9.206598341988059, "x": 1.528781170047383, "y": 4.967366619001154}, "datetime": {"datetime": "2024-02-27 11:12:24", "elapsed": 2325.589008, "delta": 4.770167}}
{"target": 0.2442562972608915, "params": {"u": 3.5874711456231005, "v": 0.06366399847861873, "x": 5.527535849817587, "y": 5.981782715209671}, "datetime": {"datetime": "2024-02-27 11:12:40", "elapsed": 2342.018754, "delta": 16.429746}}
{"target": 0.20736818934636533, "params": {"u": 0.0, "v": 6.612569915051646, "x": 1.3962106889144659, "y": 9.419784067582219}, "datetime": {"datetime": "2024-02-27 11:12:54", "elapsed": 2355.23333, "delta": 13.214576}}
{"target": 0.2001977240896828, "params": {"u": 6.681132172859362, "v": 4.4578759238769505, "x": 9.93118165661788, "y": 8.587549950314976}, "datetime": {"datetime": "2024-02-27 11:13:07", "elapsed": 2368.732366, "delta": 13.499036}}
{"target": 1.2944014344897732, "params": {"u": 3.919600180287911, "v": 4.34600670244235, "x": 3.9452515126940124, "y": 3.8727725454056516}, "datetime": {"datetime": "2024-02-27 11:13:20", "elapsed": 2381.545057, "delta": 12.812691}}
{"target": 0.1980627770961803, "params": {"u": 9.82733716276013, "v": 3.905705806503753, "x": 9.983957289206256, "y": 6.859970615465122}, "datetime": {"datetime": "2024-02-27 11:13:25", "elapsed": 2386.424441, "delta": 4.879384}}
{"target": 0.33582426243662594, "params": {"u": 2.8773059020195504, "v": 5.268508115902744, "x": 2.379564859281472, "y": 2.382719581671182}, "datetime": {"datetime": "2024-02-27 11:13:31", "elapsed": 2392.385446, "delta": 5.961005}}
{"target": 0.11475272870626965, "params": {"u": 9.1914914876762, "v": 9.321747568701882, "x": 0.018855468060428038, "y": 8.94928525519348}, "datetime": {"datetime": "2024-02-27 11:13:41", "elapsed": 2402.538096, "delta": 10.15265}}
{"target": 8.547070084839381, "params": {"u": 4.169339467074213, "v": 4.383961104394659, "x": 4.134884696742677, "y": 4.082494028208075}, "datetime": {"datetime": "2024-02-27 11:13:52", "elapsed": 2413.901785, "delta": 11.363689}}
{"target": 0.9409124522016249, "params": {"u": 3.9295418122734995, "v": 4.053109546751471, "x": 4.015259131391796, "y": 3.109434229371554}, "datetime": {"datetime": "2024-02-27 11:14:01", "elapsed": 2422.888562, "delta": 8.986777}}
{"target": 1.2243384709228409, "params": {"u": 4.817899530407253, "v": 5.102807012670368, "x": 4.1561013135145375, "y": 3.5708244506662346}, "datetime": {"datetime": "2024-02-27 11:14:13", "elapsed": 2434.727432, "delta": 11.83887}}
{"target": 0.1376932411752726, "params": {"u": 9.986394588757612, "v": 3.8301319739301274, "x": 0.38018663531480756, "y": 7.957544128351221}, "datetime": {"datetime": "2024-02-27 11:14:24", "elapsed": 2446.158467, "delta": 11.431035}}
{"target": 0.1454925562794946, "params": {"u": 9.455266604089466, "v": 4.77645173421609, "x": 9.950708573887322, "y": 9.951904160148004}, "datetime": {"datetime": "2024-02-27 11:14:35", "elapsed": 2456.413162, "delta": 10.254695}}
{"target": 0.10485557323709305, "params": {"u": 0.0, "v": 9.3086069765829, "x": 0.8922441237728818, "y": 0.0}, "datetime": {"datetime": "2024-02-27 11:14:46", "elapsed": 2467.279107, "delta": 10.865945}}
{"target": 10.399761706383613, "params": {"u": 4.2345820137002175, "v": 4.205607244101155, "x": 3.980821977846408, "y": 3.9680892408667443}, "datetime": {"datetime": "2024-02-27 11:15:06", "elapsed": 2487.216555, "delta": 19.937448}}
{"target": 9.6500869920988, "params": {"u": 4.661279381186546, "v": 4.197726603829216, "x": 4.0818411732851745, "y": 3.943030529113034}, "datetime": {"datetime": "2024-02-27 11:15:27", "elapsed": 2508.399163, "delta": 21.182608}}
{"target": 0.5356278067465915, "params": {"u": 8.201185321788824, "v": 1.061280313397941, "x": 5.915009567922114, "y": 3.064745068978466}, "datetime": {"datetime": "2024-02-27 11:15:32", "elapsed": 2513.57477, "delta": 5.175607}}
{"target": 0.7061457947567953, "params": {"u": 6.637896923979083, "v": 5.0509345249771, "x": 4.177502214291636, "y": 3.5153813989533687}, "datetime": {"datetime": "2024-02-27 11:15:37", "elapsed": 2518.377232, "delta": 4.802462}}
{"target": 0.33983849049945913, "params": {"u": 9.955259786894203, "v": 7.935476766692787, "x": 6.166293166215128, "y": 4.989970738047903}, "datetime": {"datetime": "2024-02-27 11:15:47", "elapsed": 2529.000408, "delta": 10.623176}}
{"target": 0.1386215408514569, "params": {"u": 8.052421733979555, "v": 0.14198734548794723, "x": 4.880894635520257, "y": 9.413877081965728}, "datetime": {"datetime": "2024-02-27 11:15:52", "elapsed": 2533.550784, "delta": 4.550376}}
{"target": 0.20708595518920392, "params": {"u": 5.799626106736713, "v": 7.478016535234251, "x": 0.21145115126766867, "y": 9.60616343465173}, "datetime": {"datetime": "2024-02-27 11:16:04", "elapsed": 2545.251276, "delta": 11.700492}}
{"target": 0.22758642869376192, "params": {"u": 0.13467585826041684, "v": 2.6208721614619526, "x": 5.426536714037811, "y": 2.6287698047566757}, "datetime": {"datetime": "2024-02-27 11:16:27", "elapsed": 2568.497488, "delta": 23.246212}}
{"target": 0.49092951956921876, "params": {"u": 4.467845917168754, "v": 3.901116299392624, "x": 2.42575101901621, "y": 2.1379494452119663}, "datetime": {"datetime": "2024-02-27 11:16:32", "elapsed": 2573.720393, "delta": 5.222905}}
{"target": 0.14836263035364466, "params": {"u": 9.4451914212444, "v": 2.923241901683624, "x": 5.395124713119107, "y": 9.955105740287664}, "datetime": {"datetime": "2024-02-27 11:16:41", "elapsed": 2582.969082, "delta": 9.248689}}
{"target": 0.20149427546194215, "params": {"u": 9.93803873506011, "v": 9.163765857729661, "x": 9.984495263000511, "y": 5.530363073445512}, "datetime": {"datetime": "2024-02-27 11:16:57", "elapsed": 2599.096812, "delta": 16.12773}}
{"target": 0.2690619262107428, "params": {"u": 4.296876060609027, "v": 5.362330568885958, "x": 7.872863500671996, "y": 8.498639101321034}, "datetime": {"datetime": "2024-02-27 11:17:07", "elapsed": 2608.740001, "delta": 9.643189}}
{"target": 0.15017507834628788, "params": {"u": 0.047055387258154724, "v": 6.50617170097153, "x": 9.067414803452138, "y": 3.131763323717985}, "datetime": {"datetime": "2024-02-27 11:17:18", "elapsed": 2619.345181, "delta": 10.60518}}
{"target": 0.39384192385474065, "params": {"u": 4.75579149451505, "v": 8.90963787459709, "x": 6.294395405189112, "y": 6.199968703103462}, "datetime": {"datetime": "2024-02-27 11:17:24", "elapsed": 2625.501134, "delta": 6.155953}}
{"target": 0.26757805365574416, "params": {"u": 4.249972004431161, "v": 4.083700655405056, "x": 9.93738087504256, "y": 3.1825807581656775}, "datetime": {"datetime": "2024-02-27 11:17:30", "elapsed": 2631.366918, "delta": 5.865784}}
{"target": 0.14600968826574218, "params": {"u": 9.76265354536961, "v": 7.211381304947277, "x": 1.111038956285687, "y": 8.956753078196124}, "datetime": {"datetime": "2024-02-27 11:17:37", "elapsed": 2638.223516, "delta": 6.856598}}
{"target": 0.29970020476744036, "params": {"u": 2.37989199803597, "v": 8.345401280643111, "x": 5.909201093466184, "y": 7.579624319975119}, "datetime": {"datetime": "2024-02-27 11:17:43", "elapsed": 2644.526358, "delta": 6.302842}}
{"target": 0.3739337007479409, "params": {"u": 5.075610248578787, "v": 7.596928978948869, "x": 1.5382516222711085, "y": 7.47019068443309}, "datetime": {"datetime": "2024-02-27 11:17:47", "elapsed": 2648.989215, "delta": 4.462857}}
{"target": 0.2359316541065986, "params": {"u": 7.537902555233779, "v": 1.2733259575150413, "x": 1.5862257962055792, "y": 4.902689098101688}, "datetime": {"datetime": "2024-02-27 11:17:52", "elapsed": 2653.384213, "delta": 4.394998}}
{"target": 0.23206687082256694, "params": {"u": 8.0333096379361, "v": 3.319038306465134, "x": 1.6517569150394606, "y": 1.2493472450157617}, "datetime": {"datetime": "2024-02-27 11:17:57", "elapsed": 2658.283008, "delta": 4.898795}}
{"target": 0.28685536304353115, "params": {"u": 2.2095714172387892, "v": 6.474040146166954, "x": 0.35492893051135566, "y": 7.775805034109653}, "datetime": {"datetime": "2024-02-27 11:18:00", "elapsed": 2661.73305, "delta": 3.450042}}
{"target": 8.788811173637532, "params": {"u": 4.797050518710887, "v": 4.793630144625761, "x": 4.14103989678861, "y": 3.959281289132146}, "datetime": {"datetime": "2024-02-27 11:18:11", "elapsed": 2673.12318, "delta": 11.39013}}
