{"target": 0.3430006641843852, "params": {"u": 9.343026111619242, "v": 0.8350298369615516, "x": 6.541578059131572, "y": 3.0637032007382903}, "datetime": {"datetime": "2024-02-27 10:34:38", "elapsed": 59.698508, "delta": 0.636385}}
{"target": 1.3842968784137082, "params": {"u": 5.201314313491617, "v": 4.031747032886745, "x": 4.025767208793357, "y": 4.389899359914155}, "datetime": {"datetime": "2024-02-27 10:34:39", "elapsed": 60.306272, "delta": 0.607764}}
{"target": 2.5142866002039526, "params": {"u": 4.277374830609806, "v": 4.663145523957097, "x": 3.536523022662783, "y": 3.5768637067308995}, "datetime": {"datetime": "2024-02-27 10:34:39", "elapsed": 60.631114, "delta": 0.324842}}
{"target": 3.659844655394825, "params": {"u": 4.555658091507872, "v": 4.4665219796215085, "x": 4.355583799457291, "y": 4.3078857694813415}, "datetime": {"datetime": "2024-02-27 10:34:41", "elapsed": 62.835898, "delta": 2.204784}}
{"target": 0.1321725366285131, "params": {"u": 0.21870959325736572, "v": 7.989881806428478, "x": 8.566902104939844, "y": 9.042659240538974}, "datetime": {"datetime": "2024-02-27 10:34:42", "elapsed": 64.19542, "delta": 1.359522}}
{"target": 0.25808724919914006, "params": {"u": 4.1147441433008245, "v": 8.080956650865849, "x": 5.623221405025279, "y": 1.8812848534594806}, "datetime": {"datetime": "2024-02-27 10:34:44", "elapsed": 65.735632, "delta": 1.540212}}
{"target": 7.6700592385911275, "params": {"u": 4.179763227370753, "v": 4.279106506199413, "x": 4.10994221921659, "y": 4.167488320940336}, "datetime": {"datetime": "2024-02-27 10:34:45", "elapsed": 67.080728, "delta": 1.345096}}
{"target": 3.4191447911638195, "params": {"u": 4.83827195945656, "v": 4.903792923688313, "x": 3.5349747354688943, "y": 3.846331828008621}, "datetime": {"datetime": "2024-02-27 10:34:46", "elapsed": 68.018658, "delta": 0.93793}}
{"target": 0.2081683964451983, "params": {"u": 6.833879339700465, "v": 8.72560289028955, "x": 9.84098832046067, "y": 9.783341271553967}, "datetime": {"datetime": "2024-02-27 10:34:47", "elapsed": 69.080994, "delta": 1.062336}}
{"target": 0.10085913462665419, "params": {"u": 9.279383662380795, "v": 0.7799373995493197, "x": 0.7433882222740706, "y": 9.231957731972141}, "datetime": {"datetime": "2024-02-27 10:34:49", "elapsed": 70.547265, "delta": 1.466271}}
{"target": 7.022313059501963, "params": {"u": 4.087936022106351, "v": 4.5562056730867075, "x": 3.808311985723045, "y": 4.128519510205029}, "datetime": {"datetime": "2024-02-27 10:34:51", "elapsed": 72.323804, "delta": 1.776539}}
{"target": 0.23421835362235255, "params": {"u": 2.406913085839867, "v": 8.033426308678411, "x": 6.001367615469585, "y": 2.9211896262264503}, "datetime": {"datetime": "2024-02-27 10:34:51", "elapsed": 73.099906, "delta": 0.776102}}
{"target": 2.944232162492677, "params": {"u": 4.53785738960271, "v": 4.970463265724135, "x": 3.7289569202471395, "y": 3.509949257552869}, "datetime": {"datetime": "2024-02-27 10:34:52", "elapsed": 73.864304, "delta": 0.764398}}
{"target": 0.3618588248975139, "params": {"u": 4.737485882356549, "v": 2.4090989373406027, "x": 4.858640165922173, "y": 6.7007341878442075}, "datetime": {"datetime": "2024-02-27 10:34:53", "elapsed": 74.806261, "delta": 0.941957}}
{"target": 0.1171174860293066, "params": {"u": 7.640071340830877, "v": 9.525105019206206, "x": 0.261936334747116, "y": 0.37331699563881826}, "datetime": {"datetime": "2024-02-27 10:34:54", "elapsed": 75.709024, "delta": 0.902763}}
{"target": 0.2533383576871537, "params": {"u": 0.4493799258921527, "v": 3.1948953563359748, "x": 4.076260505462743, "y": 4.398184097560749}, "datetime": {"datetime": "2024-02-27 10:34:55", "elapsed": 76.325874, "delta": 0.61685}}
{"target": 1.1069345604602538, "params": {"u": 3.3261640770392455, "v": 4.7558826323417875, "x": 3.556521930961244, "y": 4.248203420933702}, "datetime": {"datetime": "2024-02-27 10:34:56", "elapsed": 77.790824, "delta": 1.46495}}
{"target": 0.2709854101836833, "params": {"u": 3.396508795424279, "v": 0.7475869682574077, "x": 7.3420830598968205, "y": 3.7647881640098824}, "datetime": {"datetime": "2024-02-27 10:34:57", "elapsed": 78.430601, "delta": 0.639777}}
{"target": 0.24065451377705877, "params": {"u": 2.0277631277828236, "v": 0.7565038374350408, "x": 6.76574533577334, "y": 2.097295624891956}, "datetime": {"datetime": "2024-02-27 10:34:57", "elapsed": 79.108347, "delta": 0.677746}}
{"target": 9.404391218820923, "params": {"u": 4.495688058523891, "v": 4.28375558952237, "x": 3.9834741482215517, "y": 3.887771663896701}, "datetime": {"datetime": "2024-02-27 10:34:58", "elapsed": 79.753776, "delta": 0.645429}}
{"target": 0.10403655104295996, "params": {"u": 0.7520398721553267, "v": 9.878143717259958, "x": 0.138131952683882, "y": 0.4834049940141316}, "datetime": {"datetime": "2024-02-27 10:35:00", "elapsed": 81.853394, "delta": 2.099618}}
{"target": 0.4076142243785562, "params": {"u": 7.397848885697166, "v": 3.4544383971091963, "x": 9.213132794732218, "y": 0.947991410126866}, "datetime": {"datetime": "2024-02-27 10:35:01", "elapsed": 82.942672, "delta": 1.089278}}
{"target": 0.24574742126437152, "params": {"u": 7.377538417071082, "v": 0.44964560139215903, "x": 2.436328980810142, "y": 1.403635783524737}, "datetime": {"datetime": "2024-02-27 10:35:02", "elapsed": 83.552214, "delta": 0.609542}}
{"target": 5.14057548456242, "params": {"u": 4.308318477181827, "v": 4.141695993172685, "x": 4.314662901094275, "y": 4.139553153058573}, "datetime": {"datetime": "2024-02-27 10:35:03", "elapsed": 84.538746, "delta": 0.986532}}
{"target": 10.058977098062643, "params": {"u": 4.594558232782312, "v": 4.6209210211043406, "x": 3.9369474161337124, "y": 4.030045084760719}, "datetime": {"datetime": "2024-02-27 10:35:04", "elapsed": 86.157673, "delta": 1.618927}}
{"target": 0.12905451174558463, "params": {"u": 9.239680564278283, "v": 9.860403200154662, "x": 0.3678175208865564, "y": 7.631384970470033}, "datetime": {"datetime": "2024-02-27 10:35:06", "elapsed": 88.077837, "delta": 1.920164}}
{"target": 2.297564701865929, "params": {"u": 4.353199746677939, "v": 4.416291096684196, "x": 3.3797245786086094, "y": 4.229427285941574}, "datetime": {"datetime": "2024-02-27 10:35:07", "elapsed": 89.104619, "delta": 1.026782}}
{"target": 0.42827318685814797, "params": {"u": 7.49814014958174, "v": 6.324346911451001, "x": 6.598473265454522, "y": 2.0930559817755467}, "datetime": {"datetime": "2024-02-27 10:35:08", "elapsed": 89.992113, "delta": 0.887494}}
{"target": 0.09275908253767821, "params": {"u": 0.4056169537098808, "v": 1.6442307705867698, "x": 9.918721593823054, "y": 9.368022159664163}, "datetime": {"datetime": "2024-02-27 10:35:11", "elapsed": 92.374554, "delta": 2.382441}}
{"target": 0.10921364216489042, "params": {"u": 0.25122231561826913, "v": 7.4646603288422355, "x": 9.917893461246654, "y": 0.6190246655065235}, "datetime": {"datetime": "2024-02-27 10:35:13", "elapsed": 94.268146, "delta": 1.893592}}
{"target": 0.3050423395792623, "params": {"u": 6.430822573790759, "v": 6.5159579615260546, "x": 9.117302024849751, "y": 2.356347118254707}, "datetime": {"datetime": "2024-02-27 10:35:14", "elapsed": 95.404689, "delta": 1.136543}}
{"target": 0.15215989723629225, "params": {"u": 0.3503758601526852, "v": 4.363061349633146, "x": 9.379409209633561, "y": 5.174419457523767}, "datetime": {"datetime": "2024-02-27 10:35:16", "elapsed": 97.355513, "delta": 1.950824}}
{"target": 3.597240326647308, "params": {"u": 4.1272503564031515, "v": 4.7955119646913955, "x": 3.9600198565809395, "y": 3.521675569848979}, "datetime": {"datetime": "2024-02-27 10:35:17", "elapsed": 98.529738, "delta": 1.174225}}
{"target": 0.1674649444028014, "params": {"u": 3.753986857182513, "v": 9.753807760138894, "x": 9.717092249644361, "y": 5.565461469669749}, "datetime": {"datetime": "2024-02-27 10:35:18", "elapsed": 100.02126, "delta": 1.491522}}
{"target": 0.3698349984663185, "params": {"u": 7.123632252845951, "v": 6.138901262694224, "x": 2.7803603217738204, "y": 4.836790795936335}, "datetime": {"datetime": "2024-02-27 10:35:19", "elapsed": 100.811156, "delta": 0.789896}}
{"target": 6.146436283924956, "params": {"u": 4.105193420034073, "v": 4.440456264365096, "x": 4.2817370326883175, "y": 3.9841284587976125}, "datetime": {"datetime": "2024-02-27 10:35:20", "elapsed": 101.528449, "delta": 0.717293}}
{"target": 5.190336221997664, "params": {"u": 4.31093059720161, "v": 4.293069011894492, "x": 3.685233852229386, "y": 3.8815963001794715}, "datetime": {"datetime": "2024-02-27 10:35:22", "elapsed": 103.423075, "delta": 1.894626}}
{"target": 0.22884779929127808, "params": {"u": 0.555047817482972, "v": 6.611198958602613, "x": 4.954640768869596, "y": 3.369654031623339}, "datetime": {"datetime": "2024-02-27 10:35:23", "elapsed": 104.402596, "delta": 0.979521}}
{"target": 6.059159543640853, "params": {"u": 4.378125378719337, "v": 4.391865372548583, "x": 3.767385248515497, "y": 3.8380919784581966}, "datetime": {"datetime": "2024-02-27 10:35:24", "elapsed": 105.724938, "delta": 1.322342}}
{"target": 4.111224919644823, "params": {"u": 4.351258520801079, "v": 4.802905303385473, "x": 4.427677028902747, "y": 4.035109021546099}, "datetime": {"datetime": "2024-02-27 10:35:25", "elapsed": 106.633913, "delta": 0.908975}}
{"target": 0.3684896174161846, "params": {"u": 2.518365425906992, "v": 6.702334222231708, "x": 1.4039970973383131, "y": 5.538274592885272}, "datetime": {"datetime": "2024-02-27 10:35:26", "elapsed": 107.489453, "delta": 0.85554}}
{"target": 0.41374567780832894, "params": {"u": 6.041936093048785, "v": 3.505811110762549, "x": 4.6078154064910235, "y": 6.877507739459817}, "datetime": {"datetime": "2024-02-27 10:35:26", "elapsed": 108.177968, "delta": 0.688515}}
{"target": 2.8851866724935737, "params": {"u": 4.807325720767119, "v": 4.826282867411903, "x": 4.5649727769920245, "y": 4.130729550655202}, "datetime": {"datetime": "2024-02-27 10:35:27", "elapsed": 109.181952, "delta": 1.003984}}
{"target": 3.25713471342029, "params": {"u": 4.69611440923636, "v": 4.99782703102221, "x": 3.5136898342538303, "y": 3.8492076015897227}, "datetime": {"datetime": "2024-02-27 10:35:28", "elapsed": 110.180054, "delta": 0.998102}}
{"target": 0.24029144208579137, "params": {"u": 1.180346169392028, "v": 3.160587223600786, "x": 0.4621782824884768, "y": 4.238024344097635}, "datetime": {"datetime": "2024-02-27 10:35:30", "elapsed": 111.250067, "delta": 1.070013}}
{"target": 0.21200717358041454, "params": {"u": 2.537586876167328, "v": 9.435631647593066, "x": 4.2354977774599085, "y": 2.9435842107919132}, "datetime": {"datetime": "2024-02-27 10:35:30", "elapsed": 112.092716, "delta": 0.842649}}
{"target": 0.11281415786371293, "params": {"u": 2.7239065346205815, "v": 0.3096609626018598, "x": 0.781891665729344, "y": 9.512120442575437}, "datetime": {"datetime": "2024-02-27 10:35:31", "elapsed": 113.035686, "delta": 0.94297}}
{"target": 0.21542797400177127, "params": {"u": 4.764216671614276, "v": 7.070008717481771, "x": 2.769011883910596, "y": 0.31224992433437126}, "datetime": {"datetime": "2024-02-27 10:35:32", "elapsed": 113.817501, "delta": 0.781815}}
{"target": 5.028499544252013, "params": {"u": 4.043620633081054, "v": 4.414000441580635, "x": 3.7959333306833876, "y": 4.280001687645132}, "datetime": {"datetime": "2024-02-27 10:35:33", "elapsed": 114.907939, "delta": 1.090438}}
{"target": 0.20173976545627373, "params": {"u": 9.79193275691434, "v": 9.830776719587195, "x": 9.704340413208602, "y": 5.162800204458373}, "datetime": {"datetime": "2024-02-27 10:35:35", "elapsed": 116.741543, "delta": 1.833604}}
{"target": 9.43628144142035, "params": {"u": 4.893640596812831, "v": 4.580513770974969, "x": 3.9179851597727877, "y": 4.073455871689864}, "datetime": {"datetime": "2024-02-27 10:35:37", "elapsed": 118.355747, "delta": 1.614204}}
{"target": 0.13327350543455518, "params": {"u": 0.29958465072551954, "v": 2.48386269335115, "x": 4.904872042310487, "y": 9.679161266545876}, "datetime": {"datetime": "2024-02-27 10:35:38", "elapsed": 119.437868, "delta": 1.082121}}
{"target": 0.22625436839689445, "params": {"u": 4.923288524525507, "v": 7.057117742743807, "x": 8.6874984583192, "y": 1.745747988973072}, "datetime": {"datetime": "2024-02-27 10:35:39", "elapsed": 120.800088, "delta": 1.36222}}
{"target": 5.81048780047878, "params": {"u": 4.318024225411446, "v": 4.113665024234478, "x": 3.8822090756307004, "y": 4.272510810203382}, "datetime": {"datetime": "2024-02-27 10:35:40", "elapsed": 122.09317, "delta": 1.293082}}
{"target": 0.2075686087584703, "params": {"u": 0.12174604262596089, "v": 8.961535243673032, "x": 0.0907259084936285, "y": 9.614923436433836}, "datetime": {"datetime": "2024-02-27 10:35:42", "elapsed": 123.725174, "delta": 1.632004}}
{"target": 0.5074759090810665, "params": {"u": 3.930480056965948, "v": 3.1910726999274583, "x": 2.357686125149674, "y": 4.142290432154519}, "datetime": {"datetime": "2024-02-27 10:35:43", "elapsed": 124.475169, "delta": 0.749995}}
{"target": 0.21397350459285888, "params": {"u": 9.881795398840556, "v": 9.868602505757869, "x": 5.607320783690168, "y": 9.681446081965749}, "datetime": {"datetime": "2024-02-27 10:35:44", "elapsed": 125.799314, "delta": 1.324145}}
{"target": 0.20452311292106923, "params": {"u": 9.601618090585228, "v": 2.7828823060859884, "x": 2.6788514799218377, "y": 0.1113811467373027}, "datetime": {"datetime": "2024-02-27 10:35:45", "elapsed": 126.653209, "delta": 0.853895}}
{"target": 0.6727739247846763, "params": {"u": 3.999965815031442, "v": 8.140723720359574, "x": 3.6809344332133165, "y": 6.20381537329804}, "datetime": {"datetime": "2024-02-27 10:35:47", "elapsed": 128.533642, "delta": 1.880433}}
{"target": 8.380149483068937, "params": {"u": 4.828077843151717, "v": 4.822571409162463, "x": 3.9085070781584097, "y": 4.136743504705444}, "datetime": {"datetime": "2024-02-27 10:35:49", "elapsed": 130.500964, "delta": 1.967322}}
{"target": 0.1592400642028748, "params": {"u": 1.9486734583199794, "v": 8.200943773377997, "x": 7.8851190228746155, "y": 2.1582714828910765}, "datetime": {"datetime": "2024-02-27 10:35:50", "elapsed": 132.089405, "delta": 1.588441}}
{"target": 2.3298902775659425, "params": {"u": 4.029971629606938, "v": 4.838851479985651, "x": 4.010389337817286, "y": 3.3104156414878005}, "datetime": {"datetime": "2024-02-27 10:35:52", "elapsed": 133.537348, "delta": 1.447943}}
{"target": 0.12074998731016831, "params": {"u": 9.58474437313312, "v": 9.795573649179943, "x": 9.356230189441263, "y": 0.17678803470087656}, "datetime": {"datetime": "2024-02-27 10:35:53", "elapsed": 134.427698, "delta": 0.89035}}
{"target": 0.16006711200823176, "params": {"u": 3.8540777362891543, "v": 9.815982004359425, "x": 8.23511772814405, "y": 9.97686751925138}, "datetime": {"datetime": "2024-02-27 10:35:53", "elapsed": 134.99948, "delta": 0.571782}}
{"target": 0.38398319291151, "params": {"u": 0.48309128644643984, "v": 0.26155017523039836, "x": 0.34097742398648934, "y": 0.13854965879722014}, "datetime": {"datetime": "2024-02-27 10:35:56", "elapsed": 137.350189, "delta": 2.350709}}
{"target": 7.218032286912072, "params": {"u": 4.788806668025636, "v": 4.357317546702033, "x": 4.139111201870735, "y": 3.823316639077606}, "datetime": {"datetime": "2024-02-27 10:35:56", "elapsed": 138.023602, "delta": 0.673413}}
{"target": 0.22194519326184983, "params": {"u": 2.163378538101004, "v": 6.94969121380856, "x": 8.58322729869556, "y": 6.659144104209902}, "datetime": {"datetime": "2024-02-27 10:35:58", "elapsed": 139.272762, "delta": 1.24916}}
{"target": 0.22650910438668134, "params": {"u": 8.218671818465769, "v": 7.139196076913857, "x": 6.788847600750191, "y": 0.5545224271324933}, "datetime": {"datetime": "2024-02-27 10:35:59", "elapsed": 141.069643, "delta": 1.796881}}
{"target": 0.12863898244102612, "params": {"u": 9.966708118812292, "v": 5.676988245423197, "x": 0.7263512888868651, "y": 9.743379083824466}, "datetime": {"datetime": "2024-02-27 10:36:01", "elapsed": 142.808842, "delta": 1.739199}}
{"target": 0.13414355195469238, "params": {"u": 9.28655220629225, "v": 0.11635714493464122, "x": 0.3323602801857206, "y": 4.975878464019354}, "datetime": {"datetime": "2024-02-27 10:36:02", "elapsed": 143.830504, "delta": 1.021662}}
{"target": 0.16049619560901965, "params": {"u": 0.8363296380793372, "v": 5.510243675098232, "x": 0.2625751599958459, "y": 0.15566390135795638}, "datetime": {"datetime": "2024-02-27 10:36:04", "elapsed": 145.657142, "delta": 1.826638}}
{"target": 0.4517166791774078, "params": {"u": 6.99641070890011, "v": 2.642098307698687, "x": 6.149289200386608, "y": 5.997826117141289}, "datetime": {"datetime": "2024-02-27 10:36:05", "elapsed": 147.126671, "delta": 1.469529}}
{"target": 0.26214220802407184, "params": {"u": 1.3248761418643418, "v": 7.546378576728181, "x": 4.212620303654273, "y": 9.852363425019728}, "datetime": {"datetime": "2024-02-27 10:36:07", "elapsed": 148.397974, "delta": 1.271303}}
{"target": 6.625821322208645, "params": {"u": 4.161707881605085, "v": 4.4735358106330425, "x": 4.086513588447396, "y": 3.7596639960822897}, "datetime": {"datetime": "2024-02-27 10:36:08", "elapsed": 149.937334, "delta": 1.53936}}
{"target": 0.23149124164051968, "params": {"u": 4.750861865728142, "v": 8.940529246484035, "x": 0.03245859782788685, "y": 9.86600130839547}, "datetime": {"datetime": "2024-02-27 10:36:10", "elapsed": 151.88116, "delta": 1.943826}}
{"target": 0.118899272879865, "params": {"u": 9.952808139547948, "v": 0.704590302534227, "x": 5.181519588899423, "y": 9.971492228975457}, "datetime": {"datetime": "2024-02-27 10:36:12", "elapsed": 153.442395, "delta": 1.561235}}
{"target": 0.16903951645326326, "params": {"u": 9.882216016632247, "v": 9.508212832359161, "x": 2.530528479857499, "y": 4.119637226848425}, "datetime": {"datetime": "2024-02-27 10:36:13", "elapsed": 154.424371, "delta": 0.981976}}
{"target": 0.1435612179998884, "params": {"u": 5.666868350348282, "v": 3.505113312292197, "x": 9.986839322552802, "y": 9.939980898551488}, "datetime": {"datetime": "2024-02-27 10:36:15", "elapsed": 156.515652, "delta": 2.091281}}
{"target": 0.28135151798798486, "params": {"u": 6.790798563572572, "v": 5.931649337690391, "x": 9.908484044093939, "y": 6.424468084387817}, "datetime": {"datetime": "2024-02-27 10:36:16", "elapsed": 158.002317, "delta": 1.486665}}
{"target": 0.2788367369169455, "params": {"u": 9.699331489442617, "v": 0.2538786015886363, "x": 9.687406221276053, "y": 0.06531782460447388}, "datetime": {"datetime": "2024-02-27 10:36:18", "elapsed": 159.38259, "delta": 1.380273}}
{"target": 7.979859396136739, "params": {"u": 4.575869053393205, "v": 4.509238428917335, "x": 3.9433933619151675, "y": 4.175204451696189}, "datetime": {"datetime": "2024-02-27 10:36:19", "elapsed": 160.743509, "delta": 1.360919}}
{"target": 0.15280769240114256, "params": {"u": 9.87326549990399, "v": 6.248974023941283, "x": 0.18522422276453288, "y": 2.6543338530967397}, "datetime": {"datetime": "2024-02-27 10:36:21", "elapsed": 163.111612, "delta": 2.368103}}
{"target": 9.685877750769906, "params": {"u": 4.698514127488211, "v": 4.116273653283854, "x": 3.9360609117114476, "y": 4.070817095473155}, "datetime": {"datetime": "2024-02-27 10:36:24", "elapsed": 165.632463, "delta": 2.520851}}
{"target": 0.1178093433759973, "params": {"u": 0.01897127318730374, "v": 0.33015142787239826, "x": 9.747938716572428, "y": 4.94165568163846}, "datetime": {"datetime": "2024-02-27 10:36:25", "elapsed": 167.00196, "delta": 1.369497}}
{"target": 6.824087387618274, "params": {"u": 4.736957258155321, "v": 4.46913376678424, "x": 4.195122852543961, "y": 3.8511887231963113}, "datetime": {"datetime": "2024-02-27 10:36:27", "elapsed": 168.423213, "delta": 1.421253}}
{"target": 0.5355832032419651, "params": {"u": 5.409639058290331, "v": 6.367396568108558, "x": 5.0463508074444245, "y": 2.680214588080012}, "datetime": {"datetime": "2024-02-27 10:36:28", "elapsed": 169.828905, "delta": 1.405692}}
{"target": 9.221074020108876, "params": {"u": 4.41368533671832, "v": 4.080973480478215, "x": 4.042817617191622, "y": 3.8835859406666042}, "datetime": {"datetime": "2024-02-27 10:36:31", "elapsed": 172.251152, "delta": 2.422247}}
{"target": 0.16318141920211007, "params": {"u": 5.986316119842037, "v": 4.603113861687195, "x": 0.3983716532932069, "y": 9.94249208340385}, "datetime": {"datetime": "2024-02-27 10:36:33", "elapsed": 174.308936, "delta": 2.057784}}
{"target": 0.25646994592116773, "params": {"u": 5.561204120113016, "v": 2.3822562635365188, "x": 8.123289796078984, "y": 7.3778663571351055}, "datetime": {"datetime": "2024-02-27 10:36:34", "elapsed": 175.479034, "delta": 1.170098}}
{"target": 0.30309293716699753, "params": {"u": 2.5265196814079314, "v": 3.6468521326070933, "x": 6.7071963785334345, "y": 1.209490200064185}, "datetime": {"datetime": "2024-02-27 10:36:34", "elapsed": 176.014613, "delta": 0.535579}}
{"target": 0.18534959605291074, "params": {"u": 9.623076782919608, "v": 5.75183725666456, "x": 9.42047087964093, "y": 9.632567145219962}, "datetime": {"datetime": "2024-02-27 10:36:36", "elapsed": 177.469013, "delta": 1.4544}}
{"target": 0.27675449254048656, "params": {"u": 3.2822613948485255, "v": 9.620942769546483, "x": 3.8458563705778923, "y": 4.084145904125512}, "datetime": {"datetime": "2024-02-27 10:36:36", "elapsed": 178.119406, "delta": 0.650393}}
{"target": 0.26155745058149704, "params": {"u": 6.884969870635953, "v": 0.14086608387565147, "x": 9.422564602193306, "y": 4.128219792448961}, "datetime": {"datetime": "2024-02-27 10:36:38", "elapsed": 179.242584, "delta": 1.123178}}
{"target": 0.2193626946955297, "params": {"u": 0.4622934395456346, "v": 4.0807014927446525, "x": 1.635519514131506, "y": 5.912881049698563}, "datetime": {"datetime": "2024-02-27 10:36:39", "elapsed": 180.353689, "delta": 1.111105}}
{"target": 1.4295762217756949, "params": {"u": 4.347559395679948, "v": 3.937956544470189, "x": 3.9587765371133212, "y": 3.537529937561843}, "datetime": {"datetime": "2024-02-27 10:36:40", "elapsed": 182.090182, "delta": 1.736493}}
