{"target": -3.2900290924052498, "params": {"colsample_bytree": 0.9735991050301185, "learning_rate": 0.05275827616547821, "max_bin_exp": 4.295066816681745, "max_depth": 1.300747000613724, "n_estimators": 2920.701081113751, "reg_alpha": 2.7481635555235155, "reg_lambda": 1.3654941857526421}, "datetime": {"datetime": "2024-02-19 18:22:10", "elapsed": 339.271106, "delta": 0.928987}}
{"target": -1.0121749375882767, "params": {"colsample_bytree": 0.9192673685448285, "learning_rate": 0.479916532446312, "max_bin_exp": 9.149741485689448, "max_depth": 1.5636031041951506, "n_estimators": 2900.2530643129608, "reg_alpha": 0.8511043941061012, "reg_lambda": 1.2241252433301342}, "datetime": {"datetime": "2024-02-19 18:22:11", "elapsed": 340.272242, "delta": 1.001136}}
{"target": -0.8372332723333039, "params": {"colsample_bytree": 0.47114833561138125, "learning_rate": 0.31036882404473903, "max_bin_exp": 5.192747238075176, "max_depth": 2.450296424130106, "n_estimators": 3002.7083526043825, "reg_alpha": 1.9949251828370436, "reg_lambda": 0.3830971900694582}, "datetime": {"datetime": "2024-02-19 18:22:12", "elapsed": 341.477848, "delta": 1.205606}}
{"target": -1.138382290310146, "params": {"colsample_bytree": 0.7142138450061577, "learning_rate": 0.25580836257465095, "max_bin_exp": 7.795041459317366, "max_depth": 1.0515988818262947, "n_estimators": 4890.136622487862, "reg_alpha": 2.4447113321616456, "reg_lambda": 0.6712365878792647}, "datetime": {"datetime": "2024-02-19 18:22:14", "elapsed": 343.310348, "delta": 1.8325}}
{"target": -0.6361257521186441, "params": {"colsample_bytree": 0.6584479690335077, "learning_rate": 0.16754508891810957, "max_bin_exp": 9.966763657188203, "max_depth": 3.4779196221654276, "n_estimators": 1438.7213237154351, "reg_alpha": 0.5010547319650372, "reg_lambda": 0.17814554837513297}, "datetime": {"datetime": "2024-02-19 18:22:15", "elapsed": 344.463176, "delta": 1.152828}}
{"target": -0.7690290261270009, "params": {"colsample_bytree": 0.29007646671437537, "learning_rate": 0.06392945229411107, "max_bin_exp": 7.69822953610971, "max_depth": 2.7455473084909547, "n_estimators": 4651.307407710708, "reg_alpha": 1.4939179032141399, "reg_lambda": 1.4468625237261463}, "datetime": {"datetime": "2024-02-19 18:22:18", "elapsed": 346.893849, "delta": 2.430673}}
{"target": -0.7302337087349929, "params": {"colsample_bytree": 0.5486165150630875, "learning_rate": 0.3843372917738981, "max_bin_exp": 8.177514186173546, "max_depth": 5.7834276792246655, "n_estimators": 3564.9148253469994, "reg_alpha": 1.1825971704009777, "reg_lambda": 0.12644489600449949}, "datetime": {"datetime": "2024-02-19 18:22:23", "elapsed": 352.404801, "delta": 5.510952}}
{"target": -1.8858463277012711, "params": {"colsample_bytree": 0.8965435495323222, "learning_rate": 0.4673332048099802, "max_bin_exp": 5.604564360659782, "max_depth": 1.5252549189012223, "n_estimators": 3026.2558033772325, "reg_alpha": 0.8290161702431964, "reg_lambda": 2.6399881552781834}, "datetime": {"datetime": "2024-02-19 18:22:24", "elapsed": 353.374494, "delta": 0.969693}}
{"target": -3.14656763559322, "params": {"colsample_bytree": 0.2, "learning_rate": 0.5, "max_bin_exp": 4.0, "max_depth": 1.0, "n_estimators": 4560.962915047035, "reg_alpha": 0.0, "reg_lambda": 3.0}, "datetime": {"datetime": "2024-02-19 18:22:26", "elapsed": 355.05143, "delta": 1.676936}}
{"target": -1.735602793265213, "params": {"colsample_bytree": 0.9881511547131103, "learning_rate": 0.08747306922236633, "max_bin_exp": 4.160353621144648, "max_depth": 2.7779936600684403, "n_estimators": 1879.9221754436453, "reg_alpha": 0.9623141766059974, "reg_lambda": 2.2546941195168952}, "datetime": {"datetime": "2024-02-19 18:22:27", "elapsed": 356.169073, "delta": 1.117643}}
{"target": -1.3317067480207596, "params": {"colsample_bytree": 0.4192886803152133, "learning_rate": 0.1557960819001873, "max_bin_exp": 4.0207550275856825, "max_depth": 3.327411045230918, "n_estimators": 4756.424915462841, "reg_alpha": 2.810426183566714, "reg_lambda": 2.1683728726060583}, "datetime": {"datetime": "2024-02-19 18:22:30", "elapsed": 359.346457, "delta": 3.177384}}
{"target": -1.1757263651063736, "params": {"colsample_bytree": 0.9746494486959518, "learning_rate": 0.45699023662567295, "max_bin_exp": 4.019777747522474, "max_depth": 5.822984400980615, "n_estimators": 4430.781207032551, "reg_alpha": 2.719510545149734, "reg_lambda": 0.226031138018578}, "datetime": {"datetime": "2024-02-19 18:22:35", "elapsed": 363.987987, "delta": 4.64153}}
{"target": -0.6378279195595721, "params": {"colsample_bytree": 0.9432009817256275, "learning_rate": 0.3977982584776002, "max_bin_exp": 9.547297192657883, "max_depth": 5.2020067686389195, "n_estimators": 3045.164191476108, "reg_alpha": 1.0362821380315814, "reg_lambda": 2.7329345626258235}, "datetime": {"datetime": "2024-02-19 18:22:37", "elapsed": 366.439034, "delta": 2.451047}}
{"target": -3.1382776773069683, "params": {"colsample_bytree": 0.8396459185694354, "learning_rate": 0.1732867565743329, "max_bin_exp": 4.356335895872759, "max_depth": 1.0137444320235085, "n_estimators": 4354.898604091518, "reg_alpha": 1.7306255504552828, "reg_lambda": 2.290973535097655}, "datetime": {"datetime": "2024-02-19 18:22:39", "elapsed": 368.3325, "delta": 1.893466}}
{"target": -0.6614825336011064, "params": {"colsample_bytree": 0.5719936186193793, "learning_rate": 0.35894970069486615, "max_bin_exp": 9.824256279913527, "max_depth": 4.278332771874091, "n_estimators": 4371.499306287639, "reg_alpha": 1.6112212844833955, "reg_lambda": 0.8681431630392508}, "datetime": {"datetime": "2024-02-19 18:22:44", "elapsed": 373.466169, "delta": 5.133669}}
{"target": -3.139451775008827, "params": {"colsample_bytree": 0.7957301494528775, "learning_rate": 0.3126271912599443, "max_bin_exp": 4.138127756029783, "max_depth": 1.1253882063926681, "n_estimators": 4500.570992723161, "reg_alpha": 2.1590549283446587, "reg_lambda": 0.1298122228149282}, "datetime": {"datetime": "2024-02-19 18:22:46", "elapsed": 375.088322, "delta": 1.622153}}
{"target": -0.6644406028013184, "params": {"colsample_bytree": 0.5867391549163883, "learning_rate": 0.2068273683339974, "max_bin_exp": 9.825070341440593, "max_depth": 3.215842574275282, "n_estimators": 4482.137980968232, "reg_alpha": 2.101309649985895, "reg_lambda": 0.19543187303799836}, "datetime": {"datetime": "2024-02-19 18:22:50", "elapsed": 378.751553, "delta": 3.663231}}
{"target": -3.157120635622646, "params": {"colsample_bytree": 0.6769452214965886, "learning_rate": 0.21031921656290883, "max_bin_exp": 4.0452592360554895, "max_depth": 1.2945781427406464, "n_estimators": 2724.252511413984, "reg_alpha": 1.2805124202858553, "reg_lambda": 2.936281092210197}, "datetime": {"datetime": "2024-02-19 18:22:51", "elapsed": 379.762842, "delta": 1.011289}}
{"target": -3.197590653787076, "params": {"colsample_bytree": 0.5849485115356767, "learning_rate": 0.21155450033088619, "max_bin_exp": 4.8392451695890895, "max_depth": 1.4426797984350102, "n_estimators": 1271.2413958762602, "reg_alpha": 2.772807298108437, "reg_lambda": 2.7395984883493476}, "datetime": {"datetime": "2024-02-19 18:22:51", "elapsed": 380.499369, "delta": 0.736527}}
{"target": -0.8575854469838748, "params": {"colsample_bytree": 0.24793434173500373, "learning_rate": 0.3698630455832875, "max_bin_exp": 6.555603048146651, "max_depth": 5.283823253174498, "n_estimators": 2738.8978876305205, "reg_alpha": 1.4770902878065897, "reg_lambda": 2.453779776678859}, "datetime": {"datetime": "2024-02-19 18:22:53", "elapsed": 382.527536, "delta": 2.028167}}
{"target": -1.350796276877354, "params": {"colsample_bytree": 0.6729472887477737, "learning_rate": 0.41542852766666666, "max_bin_exp": 9.305879600263015, "max_depth": 1.060702854976555, "n_estimators": 1710.5015838523295, "reg_alpha": 2.7483352800842047, "reg_lambda": 2.770270484098008}, "datetime": {"datetime": "2024-02-19 18:22:55", "elapsed": 383.756968, "delta": 1.229432}}
{"target": -2.5726252136954155, "params": {"colsample_bytree": 0.43864519925744044, "learning_rate": 0.021208871221482663, "max_bin_exp": 4.5795766574072125, "max_depth": 2.7748826981518735, "n_estimators": 2131.4963537160293, "reg_alpha": 2.624041241801815, "reg_lambda": 1.8590955091261527}, "datetime": {"datetime": "2024-02-19 18:22:56", "elapsed": 384.951721, "delta": 1.194753}}
{"target": -1.7856204563883002, "params": {"colsample_bytree": 0.3531859617694524, "learning_rate": 0.47919865536164535, "max_bin_exp": 8.9889754026062, "max_depth": 1.2527401188641147, "n_estimators": 2144.1426485559814, "reg_alpha": 1.52960309343193, "reg_lambda": 0.34972952874011154}, "datetime": {"datetime": "2024-02-19 18:22:57", "elapsed": 386.066458, "delta": 1.114737}}
{"target": -1.629280332724223, "params": {"colsample_bytree": 0.20778925541095133, "learning_rate": 0.4623350614546304, "max_bin_exp": 9.927221490552242, "max_depth": 1.9960438026572556, "n_estimators": 3705.0572188927226, "reg_alpha": 1.900089996794549, "reg_lambda": 1.4650254489845929}, "datetime": {"datetime": "2024-02-19 18:23:37", "elapsed": 425.954261, "delta": 39.887803}}
{"target": -0.9144134212074065, "params": {"colsample_bytree": 0.3356712915416422, "learning_rate": 0.4831404315101879, "max_bin_exp": 6.5619404180872225, "max_depth": 5.231572214658498, "n_estimators": 3717.0026179106144, "reg_alpha": 0.30461860085576875, "reg_lambda": 2.9138318838293467}, "datetime": {"datetime": "2024-02-19 18:23:42", "elapsed": 430.811253, "delta": 4.856992}}
{"target": -1.4570861521951508, "params": {"colsample_bytree": 1.0, "learning_rate": 0.001, "max_bin_exp": 6.6083042283141245, "max_depth": 6.0, "n_estimators": 1672.4431046391423, "reg_alpha": 3.0, "reg_lambda": 3.0}, "datetime": {"datetime": "2024-02-19 18:23:44", "elapsed": 433.550945, "delta": 2.739692}}
{"target": -0.6286608835455656, "params": {"colsample_bytree": 0.48902917487521275, "learning_rate": 0.13590553080027842, "max_bin_exp": 9.900195451864253, "max_depth": 5.472041497317612, "n_estimators": 1260.330557048003, "reg_alpha": 2.0660158224700362, "reg_lambda": 2.9867367765765307}, "datetime": {"datetime": "2024-02-19 18:23:46", "elapsed": 435.069401, "delta": 1.518456}}
{"target": -3.143479404490348, "params": {"colsample_bytree": 0.2, "learning_rate": 0.5, "max_bin_exp": 4.473435781726528, "max_depth": 6.0, "n_estimators": 3041.86408023818, "reg_alpha": 3.0, "reg_lambda": 0.0}, "datetime": {"datetime": "2024-02-19 18:23:49", "elapsed": 437.679971, "delta": 2.61057}}
{"target": -4.0370890070974585, "params": {"colsample_bytree": 1.0, "learning_rate": 0.001, "max_bin_exp": 9.712003129904705, "max_depth": 1.9553225253664186, "n_estimators": 3715.2704865982078, "reg_alpha": 2.8596414574823608, "reg_lambda": 0.0}, "datetime": {"datetime": "2024-02-19 18:23:51", "elapsed": 439.891093, "delta": 2.211122}}
{"target": -0.6807930689610368, "params": {"colsample_bytree": 0.6538815348495037, "learning_rate": 0.3673546625046672, "max_bin_exp": 8.304131209912335, "max_depth": 4.099760343660087, "n_estimators": 586.6300023663958, "reg_alpha": 1.0732254938914922, "reg_lambda": 0.6788019954910619}, "datetime": {"datetime": "2024-02-19 18:23:52", "elapsed": 441.074685, "delta": 1.183592}}
{"target": -0.6548403108882122, "params": {"colsample_bytree": 0.5105257914096999, "learning_rate": 0.11275166444688457, "max_bin_exp": 8.10009022735564, "max_depth": 4.771869355816727, "n_estimators": 665.005893104881, "reg_alpha": 1.0754319466681785, "reg_lambda": 1.2771816011829786}, "datetime": {"datetime": "2024-02-19 18:23:53", "elapsed": 442.597929, "delta": 1.523244}}
{"target": -0.8581504706052848, "params": {"colsample_bytree": 0.21398234189706758, "learning_rate": 0.18830448799473376, "max_bin_exp": 6.90100877199727, "max_depth": 4.693989791425182, "n_estimators": 4142.319809404285, "reg_alpha": 2.8368062447589137, "reg_lambda": 1.2814395287475584}, "datetime": {"datetime": "2024-02-19 18:23:57", "elapsed": 445.99945, "delta": 3.401521}}
{"target": -0.7209222813206215, "params": {"colsample_bytree": 0.4808295947347114, "learning_rate": 0.3082530630859989, "max_bin_exp": 7.343487406799869, "max_depth": 4.4710734377546135, "n_estimators": 1258.1762569446896, "reg_alpha": 0.3802096373763935, "reg_lambda": 0.07054049622928973}, "datetime": {"datetime": "2024-02-19 18:23:58", "elapsed": 447.287452, "delta": 1.288002}}
{"target": -1.3317905760769773, "params": {"colsample_bytree": 1.0, "learning_rate": 0.5, "max_bin_exp": 10.0, "max_depth": 1.487069100154875, "n_estimators": 663.9341540914754, "reg_alpha": 3.0, "reg_lambda": 3.0}, "datetime": {"datetime": "2024-02-19 18:23:59", "elapsed": 448.275238, "delta": 0.987786}}
{"target": -0.9191029272873357, "params": {"colsample_bytree": 0.4021671096337134, "learning_rate": 0.4153986663978059, "max_bin_exp": 5.001643421381772, "max_depth": 4.045546963760991, "n_estimators": 3723.435984185652, "reg_alpha": 0.5883293062748264, "reg_lambda": 2.5175932204622136}, "datetime": {"datetime": "2024-02-19 18:24:03", "elapsed": 451.770451, "delta": 3.495213}}
{"target": -1.561577840975165, "params": {"colsample_bytree": 0.2, "learning_rate": 0.5, "max_bin_exp": 10.0, "max_depth": 1.3766079625297858, "n_estimators": 4367.893600476162, "reg_alpha": 0.0, "reg_lambda": 3.0}, "datetime": {"datetime": "2024-02-19 18:24:05", "elapsed": 454.158886, "delta": 2.388435}}
{"target": -4.278698142808381, "params": {"colsample_bytree": 0.2, "learning_rate": 0.0033999450189575986, "max_bin_exp": 10.0, "max_depth": 2.6784099939513513, "n_estimators": 1255.657752725651, "reg_alpha": 3.0, "reg_lambda": 2.6827984266907823}, "datetime": {"datetime": "2024-02-19 18:24:06", "elapsed": 455.272457, "delta": 1.113571}}
{"target": -0.6311985294576123, "params": {"colsample_bytree": 0.9641216356384781, "learning_rate": 0.11631128472778764, "max_bin_exp": 6.987556904942424, "max_depth": 5.604019627813391, "n_estimators": 1261.050340486071, "reg_alpha": 1.8826108639899783, "reg_lambda": 0.3458635671277278}, "datetime": {"datetime": "2024-02-19 18:24:07", "elapsed": 456.511734, "delta": 1.239277}}
{"target": -0.6886193514799244, "params": {"colsample_bytree": 0.3482870476129132, "learning_rate": 0.15274266673675196, "max_bin_exp": 9.422360499015603, "max_depth": 5.9623749581282075, "n_estimators": 1263.7492228011583, "reg_alpha": 2.7893456738083726, "reg_lambda": 2.4999687016510945}, "datetime": {"datetime": "2024-02-19 18:24:09", "elapsed": 457.907067, "delta": 1.395333}}
{"target": -0.6692059543299789, "params": {"colsample_bytree": 0.7707784502975761, "learning_rate": 0.3760097279456856, "max_bin_exp": 8.703789146504722, "max_depth": 4.292707339278932, "n_estimators": 3902.3305060668176, "reg_alpha": 1.5148279861605158, "reg_lambda": 2.4597916266668998}, "datetime": {"datetime": "2024-02-19 18:24:13", "elapsed": 462.010679, "delta": 4.103612}}
{"target": -0.659749656491106, "params": {"colsample_bytree": 0.6744415045850383, "learning_rate": 0.30689784222466293, "max_bin_exp": 9.716730257391147, "max_depth": 4.44339082611396, "n_estimators": 2935.917136709416, "reg_alpha": 1.403118507422242, "reg_lambda": 1.535634493059809}, "datetime": {"datetime": "2024-02-19 18:24:15", "elapsed": 463.921515, "delta": 1.910836}}
{"target": -0.8258271704695591, "params": {"colsample_bytree": 0.31902920035896093, "learning_rate": 0.07942985051512198, "max_bin_exp": 5.662457340726791, "max_depth": 5.7035307029404665, "n_estimators": 3706.963341307577, "reg_alpha": 0.5041738162678633, "reg_lambda": 2.428765472816188}, "datetime": {"datetime": "2024-02-19 18:24:19", "elapsed": 468.53907, "delta": 4.617555}}
{"target": -0.7746040813517023, "params": {"colsample_bytree": 0.4115550090116166, "learning_rate": 0.4495464417099729, "max_bin_exp": 7.3738944860716105, "max_depth": 4.436124885696308, "n_estimators": 739.8128333456184, "reg_alpha": 0.5713044652274069, "reg_lambda": 0.949638111364826}, "datetime": {"datetime": "2024-02-19 18:24:21", "elapsed": 469.824178, "delta": 1.285108}}
{"target": -0.6914109239701036, "params": {"colsample_bytree": 0.5143431505894617, "learning_rate": 0.3217511301655301, "max_bin_exp": 9.335087328016451, "max_depth": 3.969619743467563, "n_estimators": 4486.727970295605, "reg_alpha": 2.7061469681886114, "reg_lambda": 1.6570475793578423}, "datetime": {"datetime": "2024-02-19 18:24:24", "elapsed": 473.371254, "delta": 3.547076}}
{"target": -1.8357143009277346, "params": {"colsample_bytree": 0.6740278987669124, "learning_rate": 0.4334660867375026, "max_bin_exp": 5.9098120522572835, "max_depth": 1.0, "n_estimators": 4485.6915488182285, "reg_alpha": 1.4505767821563622, "reg_lambda": 0.0}, "datetime": {"datetime": "2024-02-19 18:24:26", "elapsed": 475.013462, "delta": 1.642208}}
{"target": -0.6899856807762478, "params": {"colsample_bytree": 0.7363241805417847, "learning_rate": 0.17236680134962817, "max_bin_exp": 9.525680263324634, "max_depth": 2.5455357248839703, "n_estimators": 4575.12932350603, "reg_alpha": 2.316490575353923, "reg_lambda": 2.368610956611043}, "datetime": {"datetime": "2024-02-19 18:24:29", "elapsed": 477.880572, "delta": 2.86711}}
{"target": -0.6359708654219633, "params": {"colsample_bytree": 0.7400815748601726, "learning_rate": 0.17569238231103923, "max_bin_exp": 8.381628248719991, "max_depth": 3.325129699847106, "n_estimators": 1443.6814915012594, "reg_alpha": 0.9596125715175329, "reg_lambda": 1.811332382436125}, "datetime": {"datetime": "2024-02-19 18:24:30", "elapsed": 479.108471, "delta": 1.227899}}
{"target": -3.1432589974973513, "params": {"colsample_bytree": 0.21944880902308495, "learning_rate": 0.49102539862519917, "max_bin_exp": 4.3650579607239335, "max_depth": 3.985525839307594, "n_estimators": 1249.70500307671, "reg_alpha": 0.2744451158758916, "reg_lambda": 0.35562899023904815}, "datetime": {"datetime": "2024-02-19 18:24:31", "elapsed": 480.192369, "delta": 1.083898}}
{"target": -0.6165362930835099, "params": {"colsample_bytree": 0.7868227540515906, "learning_rate": 0.06202468555294136, "max_bin_exp": 6.525323955743801, "max_depth": 5.223439126157478, "n_estimators": 592.7262959610987, "reg_alpha": 1.7589306422992674, "reg_lambda": 1.4958930292192996}, "datetime": {"datetime": "2024-02-19 18:24:32", "elapsed": 481.509806, "delta": 1.317437}}
{"target": -0.7311394940222559, "params": {"colsample_bytree": 0.3544932692830067, "learning_rate": 0.22995023297227699, "max_bin_exp": 7.465563410706768, "max_depth": 3.3816484542281153, "n_estimators": 4134.003307788018, "reg_alpha": 2.9142223814706707, "reg_lambda": 1.8894244634721673}, "datetime": {"datetime": "2024-02-19 18:24:35", "elapsed": 484.448562, "delta": 2.938756}}
{"target": -0.7073939515334423, "params": {"colsample_bytree": 0.5528362224231775, "learning_rate": 0.08972268684144029, "max_bin_exp": 7.676377391212993, "max_depth": 3.041960681993167, "n_estimators": 873.8747543098416, "reg_alpha": 2.122412529904296, "reg_lambda": 2.4474538796283687}, "datetime": {"datetime": "2024-02-19 18:24:36", "elapsed": 485.535597, "delta": 1.087035}}
{"target": -1.1708154562794255, "params": {"colsample_bytree": 0.49254106254257385, "learning_rate": 0.37060837857192563, "max_bin_exp": 4.477178741800109, "max_depth": 3.4112561380343944, "n_estimators": 3902.695883981825, "reg_alpha": 2.9353305896133643, "reg_lambda": 0.501389635285111}, "datetime": {"datetime": "2024-02-19 18:24:40", "elapsed": 488.741941, "delta": 3.206344}}
{"target": -0.8303154425989988, "params": {"colsample_bytree": 0.3504128937157403, "learning_rate": 0.37940539774115156, "max_bin_exp": 5.139395490634804, "max_depth": 3.695663351395468, "n_estimators": 4574.381840383447, "reg_alpha": 0.4841746498027232, "reg_lambda": 3.0}, "datetime": {"datetime": "2024-02-19 18:24:43", "elapsed": 491.63737, "delta": 2.895429}}
{"target": -0.7077627709348517, "params": {"colsample_bytree": 0.4667365352635535, "learning_rate": 0.23328095025450582, "max_bin_exp": 7.699040990637565, "max_depth": 2.726317436030254, "n_estimators": 4742.171469264103, "reg_alpha": 1.6968353442954478, "reg_lambda": 1.4517901216733677}, "datetime": {"datetime": "2024-02-19 18:24:45", "elapsed": 493.997715, "delta": 2.360345}}
{"target": -2.8863340410310734, "params": {"colsample_bytree": 1.0, "learning_rate": 0.001, "max_bin_exp": 4.0, "max_depth": 6.0, "n_estimators": 1256.5133935284823, "reg_alpha": 0.0, "reg_lambda": 1.52367171588501}, "datetime": {"datetime": "2024-02-19 18:24:47", "elapsed": 495.923691, "delta": 1.925976}}
{"target": -1.562015074899953, "params": {"colsample_bytree": 0.9701317162749528, "learning_rate": 0.42077836604183605, "max_bin_exp": 7.505162172947922, "max_depth": 1.540358871474318, "n_estimators": 593.690003387962, "reg_alpha": 0.5875834511163278, "reg_lambda": 0.049752509454854765}, "datetime": {"datetime": "2024-02-19 18:24:48", "elapsed": 496.964954, "delta": 1.041263}}
{"target": -1.0607952530317577, "params": {"colsample_bytree": 0.7273223512319171, "learning_rate": 0.06580412441505416, "max_bin_exp": 4.49159385689053, "max_depth": 4.528848586166986, "n_estimators": 4134.5963993602545, "reg_alpha": 1.6005599388104572, "reg_lambda": 0.6070668954681719}, "datetime": {"datetime": "2024-02-19 18:24:52", "elapsed": 500.676378, "delta": 3.711424}}
{"target": -0.9298717212658899, "params": {"colsample_bytree": 0.2, "learning_rate": 0.5, "max_bin_exp": 10.0, "max_depth": 6.0, "n_estimators": 1261.7848295066826, "reg_alpha": 0.0, "reg_lambda": 0.0}, "datetime": {"datetime": "2024-02-19 18:24:53", "elapsed": 502.4421, "delta": 1.765722}}
{"target": -0.7248657535637174, "params": {"colsample_bytree": 0.4678413703422004, "learning_rate": 0.4579928546032994, "max_bin_exp": 6.092731713069327, "max_depth": 2.0524340718715535, "n_estimators": 1440.7668667066857, "reg_alpha": 2.172617957799509, "reg_lambda": 1.3376530350846316}, "datetime": {"datetime": "2024-02-19 18:24:54", "elapsed": 503.453571, "delta": 1.011471}}
