{"target": -0.8875818353077918, "params": {"colsample_bytree": 0.22247044577481268, "learning_rate": 0.13806383481862433, "max_bin_exp": 7.526464054510675, "max_depth": 5.698734594677175, "n_estimators": 4451.987259589241, "reg_alpha": 2.9008861048635963, "reg_lambda": 0.7528840267422249}, "datetime": {"datetime": "2024-02-19 18:09:27", "elapsed": 2009.955239, "delta": 6.707697}}
{"target": -0.7185241340965601, "params": {"colsample_bytree": 0.9878223257910013, "learning_rate": 0.05521451344303662, "max_bin_exp": 5.564787667104973, "max_depth": 4.388857904947482, "n_estimators": 680.2544693238873, "reg_alpha": 0.33918272368410607, "reg_lambda": 1.647408785277399}, "datetime": {"datetime": "2024-02-19 18:09:30", "elapsed": 2012.691692, "delta": 2.736453}}
{"target": -0.6356724906102872, "params": {"colsample_bytree": 1.0, "learning_rate": 0.5, "max_bin_exp": 10.0, "max_depth": 6.0, "n_estimators": 4386.9557040208365, "reg_alpha": 2.368572374268378, "reg_lambda": 3.0}, "datetime": {"datetime": "2024-02-19 18:09:40", "elapsed": 2023.008908, "delta": 10.317216}}
{"target": -0.950763846701389, "params": {"colsample_bytree": 0.925393568642912, "learning_rate": 0.041652861969040916, "max_bin_exp": 6.268438708489272, "max_depth": 2.8802012450643284, "n_estimators": 690.7678648050078, "reg_alpha": 2.9374266124407815, "reg_lambda": 2.857553999786952}, "datetime": {"datetime": "2024-02-19 18:09:42", "elapsed": 2025.539093, "delta": 2.530185}}
{"target": -0.6703967765301317, "params": {"colsample_bytree": 1.0, "learning_rate": 0.5, "max_bin_exp": 6.0991295764412214, "max_depth": 6.0, "n_estimators": 688.5167891298726, "reg_alpha": 0.0, "reg_lambda": 3.0}, "datetime": {"datetime": "2024-02-19 18:09:47", "elapsed": 2029.90624, "delta": 4.367147}}
{"target": -0.5936316204816973, "params": {"colsample_bytree": 0.8988755444477088, "learning_rate": 0.05052046642096062, "max_bin_exp": 8.238027585099022, "max_depth": 5.522096744688837, "n_estimators": 1876.3738811292121, "reg_alpha": 2.805864836964499, "reg_lambda": 1.8937627554347993}, "datetime": {"datetime": "2024-02-19 18:09:51", "elapsed": 2033.976657, "delta": 4.070417}}
{"target": -0.7002103646922081, "params": {"colsample_bytree": 1.0, "learning_rate": 0.5, "max_bin_exp": 6.230437664973199, "max_depth": 6.0, "n_estimators": 689.5409635350776, "reg_alpha": 0.6195175193040791, "reg_lambda": 0.1275836023821421}, "datetime": {"datetime": "2024-02-19 18:09:54", "elapsed": 2037.101942, "delta": 3.125285}}
{"target": -1.028947898694974, "params": {"colsample_bytree": 0.9106513371274301, "learning_rate": 0.037626249089570636, "max_bin_exp": 4.31769582845528, "max_depth": 5.944544283140753, "n_estimators": 688.4442238360004, "reg_alpha": 2.4765077472197605, "reg_lambda": 1.444480318251342}, "datetime": {"datetime": "2024-02-19 18:09:57", "elapsed": 2040.02714, "delta": 2.925198}}
{"target": -0.8571613152262829, "params": {"colsample_bytree": 0.2, "learning_rate": 0.5, "max_bin_exp": 6.096377746474396, "max_depth": 6.0, "n_estimators": 682.3530913526906, "reg_alpha": 0.6183385809623537, "reg_lambda": 3.0}, "datetime": {"datetime": "2024-02-19 18:10:00", "elapsed": 2043.039565, "delta": 3.012425}}
{"target": -0.8787423434498589, "params": {"colsample_bytree": 0.2213526476454323, "learning_rate": 0.2620084245187291, "max_bin_exp": 6.979013384423681, "max_depth": 3.110029118274717, "n_estimators": 679.7310114403514, "reg_alpha": 1.7729275410355418, "reg_lambda": 2.9523090042746922}, "datetime": {"datetime": "2024-02-19 18:10:04", "elapsed": 2047.102397, "delta": 4.062832}}
{"target": -1.055634600797802, "params": {"colsample_bytree": 0.78699875646506, "learning_rate": 0.08169130343889221, "max_bin_exp": 4.652417068229236, "max_depth": 5.947598805657702, "n_estimators": 4323.775676507659, "reg_alpha": 2.718322499510008, "reg_lambda": 1.3175643648323228}, "datetime": {"datetime": "2024-02-19 18:10:10", "elapsed": 2053.47031, "delta": 6.367913}}
{"target": -1.0415756512608874, "params": {"colsample_bytree": 0.8902541303626346, "learning_rate": 0.176308448004353, "max_bin_exp": 4.009621259591525, "max_depth": 5.664774165856566, "n_estimators": 691.5853921556902, "reg_alpha": 0.20149285762989644, "reg_lambda": 2.116951042022209}, "datetime": {"datetime": "2024-02-19 18:10:14", "elapsed": 2056.703739, "delta": 3.233429}}
{"target": -1.0365959710216572, "params": {"colsample_bytree": 0.8220204909925812, "learning_rate": 0.24514121447259335, "max_bin_exp": 9.299157474909975, "max_depth": 1.7274253593706015, "n_estimators": 4321.944163459332, "reg_alpha": 0.056874602394646256, "reg_lambda": 0.7319711611571695}, "datetime": {"datetime": "2024-02-19 18:10:17", "elapsed": 2060.467516, "delta": 3.763777}}
{"target": -0.7244687270406661, "params": {"colsample_bytree": 0.34826517542840707, "learning_rate": 0.16931228030253956, "max_bin_exp": 8.884291498983185, "max_depth": 4.9014206737294135, "n_estimators": 4293.29018539229, "reg_alpha": 2.766163137600993, "reg_lambda": 2.598887899121041}, "datetime": {"datetime": "2024-02-19 18:10:23", "elapsed": 2066.308293, "delta": 5.840777}}
{"target": -0.6765411228092632, "params": {"colsample_bytree": 0.7871790275275001, "learning_rate": 0.31214230695509926, "max_bin_exp": 7.359318071671363, "max_depth": 5.973763229946174, "n_estimators": 1630.1366202961271, "reg_alpha": 0.6697123635325859, "reg_lambda": 0.889970245855848}, "datetime": {"datetime": "2024-02-19 18:10:27", "elapsed": 2070.374077, "delta": 4.065784}}
{"target": -0.6192402420071761, "params": {"colsample_bytree": 0.907831639085964, "learning_rate": 0.06687331157084311, "max_bin_exp": 9.162452756740613, "max_depth": 4.748415988100408, "n_estimators": 679.6893206754577, "reg_alpha": 1.7828010142224935, "reg_lambda": 0.008272125319728763}, "datetime": {"datetime": "2024-02-19 18:10:34", "elapsed": 2077.266292, "delta": 6.892215}}
{"target": -0.6597885392797896, "params": {"colsample_bytree": 0.7756718548245851, "learning_rate": 0.3329540411054202, "max_bin_exp": 8.951746009825852, "max_depth": 3.5316352638136506, "n_estimators": 676.367992792802, "reg_alpha": 0.5248678657456057, "reg_lambda": 1.371304247080913}, "datetime": {"datetime": "2024-02-19 18:10:37", "elapsed": 2080.148882, "delta": 2.88259}}
{"target": -0.6216469574895539, "params": {"colsample_bytree": 0.5945645800001708, "learning_rate": 0.10043340661755473, "max_bin_exp": 8.318610467222605, "max_depth": 5.271980993586841, "n_estimators": 677.9715368564312, "reg_alpha": 0.4661076465782442, "reg_lambda": 0.5096501492159571}, "datetime": {"datetime": "2024-02-19 18:10:40", "elapsed": 2083.523277, "delta": 3.374395}}
{"target": -0.6470155830074448, "params": {"colsample_bytree": 0.5494372263026249, "learning_rate": 0.10053357556489376, "max_bin_exp": 7.504437450579875, "max_depth": 5.774742894255956, "n_estimators": 677.8020123325373, "reg_alpha": 1.7157576361067255, "reg_lambda": 2.1471904784590645}, "datetime": {"datetime": "2024-02-19 18:10:44", "elapsed": 2086.759262, "delta": 3.235985}}
{"target": -0.6847463834944385, "params": {"colsample_bytree": 1.0, "learning_rate": 0.5, "max_bin_exp": 10.0, "max_depth": 4.960338925104172, "n_estimators": 4369.166378322733, "reg_alpha": 0.0, "reg_lambda": 0.7812972609017698}, "datetime": {"datetime": "2024-02-19 18:10:51", "elapsed": 2093.890994, "delta": 7.131732}}
{"target": -0.6821738969419432, "params": {"colsample_bytree": 0.5624904203728884, "learning_rate": 0.0961689713235946, "max_bin_exp": 6.041482457510321, "max_depth": 3.235611722087464, "n_estimators": 676.0924099382233, "reg_alpha": 0.4614635796460258, "reg_lambda": 1.6314573891250532}, "datetime": {"datetime": "2024-02-19 18:10:54", "elapsed": 2096.768062, "delta": 2.877068}}
{"target": -0.9629198884332516, "params": {"colsample_bytree": 0.2, "learning_rate": 0.5, "max_bin_exp": 9.55348394007268, "max_depth": 6.0, "n_estimators": 4454.705639733696, "reg_alpha": 0.0, "reg_lambda": 2.6918894399686173}, "datetime": {"datetime": "2024-02-19 18:11:01", "elapsed": 2104.01138, "delta": 7.243318}}
{"target": -0.7137052897201625, "params": {"colsample_bytree": 0.8905473657056666, "learning_rate": 0.28083370203555025, "max_bin_exp": 6.5344710945002005, "max_depth": 2.9547595394350585, "n_estimators": 678.2456469428618, "reg_alpha": 0.9987055243164292, "reg_lambda": 0.6879654483777582}, "datetime": {"datetime": "2024-02-19 18:11:05", "elapsed": 2108.127729, "delta": 4.116349}}
{"target": -0.6383077491384733, "params": {"colsample_bytree": 0.7419104011580622, "learning_rate": 0.06331855597546376, "max_bin_exp": 7.580373556933705, "max_depth": 4.859003608640161, "n_estimators": 674.5034429180715, "reg_alpha": 2.1711409634863337, "reg_lambda": 1.1272338662773376}, "datetime": {"datetime": "2024-02-19 18:11:09", "elapsed": 2112.13363, "delta": 4.005901}}
{"target": -0.716278118825771, "params": {"colsample_bytree": 1.0, "learning_rate": 0.5, "max_bin_exp": 7.5385824793919225, "max_depth": 3.4214295683289357, "n_estimators": 673.9571368619985, "reg_alpha": 0.0, "reg_lambda": 0.0}, "datetime": {"datetime": "2024-02-19 18:11:12", "elapsed": 2114.911501, "delta": 2.777871}}
{"target": -1.081919599813883, "params": {"colsample_bytree": 0.9923475140578462, "learning_rate": 0.2769339725822582, "max_bin_exp": 4.391662422702703, "max_depth": 5.6676328261489735, "n_estimators": 677.2341994137705, "reg_alpha": 2.2347720276913505, "reg_lambda": 0.8138257862580162}, "datetime": {"datetime": "2024-02-19 18:11:17", "elapsed": 2119.910737, "delta": 4.999236}}
{"target": -0.7234533353556086, "params": {"colsample_bytree": 0.6369268134964745, "learning_rate": 0.4375237410647884, "max_bin_exp": 8.593334345435034, "max_depth": 2.8398499086113054, "n_estimators": 676.9045999531243, "reg_alpha": 2.9326466627717416, "reg_lambda": 1.9024078882420201}, "datetime": {"datetime": "2024-02-19 18:11:20", "elapsed": 2122.666469, "delta": 2.755732}}
{"target": -0.7408674250301612, "params": {"colsample_bytree": 0.5463433578335368, "learning_rate": 0.4850404122224144, "max_bin_exp": 8.507603912599002, "max_depth": 5.8191508509127114, "n_estimators": 4443.346247146082, "reg_alpha": 0.2745941085444863, "reg_lambda": 0.2715212394988967}, "datetime": {"datetime": "2024-02-19 18:11:27", "elapsed": 2130.554864, "delta": 7.888395}}
{"target": -0.6564236824861285, "params": {"colsample_bytree": 1.0, "learning_rate": 0.5, "max_bin_exp": 9.959983630667226, "max_depth": 3.1072699749087835, "n_estimators": 679.2649614393782, "reg_alpha": 0.0, "reg_lambda": 1.3324355955239542}, "datetime": {"datetime": "2024-02-19 18:13:41", "elapsed": 2264.460303, "delta": 133.905439}}
{"target": -0.690465007644774, "params": {"colsample_bytree": 1.0, "learning_rate": 0.5, "max_bin_exp": 7.249871543057296, "max_depth": 6.0, "n_estimators": 4325.65710969765, "reg_alpha": 0.0, "reg_lambda": 0.0}, "datetime": {"datetime": "2024-02-19 18:13:51", "elapsed": 2273.776314, "delta": 9.316011}}
{"target": -0.9175585337394067, "params": {"colsample_bytree": 0.7542455049032337, "learning_rate": 0.04706293067209703, "max_bin_exp": 6.232083926031796, "max_depth": 2.887957159007636, "n_estimators": 672.6086099143571, "reg_alpha": 2.4443624346516937, "reg_lambda": 1.8208222870596664}, "datetime": {"datetime": "2024-02-19 18:13:54", "elapsed": 2276.61218, "delta": 2.835866}}
{"target": -0.6460496111287665, "params": {"colsample_bytree": 0.6455864445866137, "learning_rate": 0.305371512983605, "max_bin_exp": 9.132195687684915, "max_depth": 5.880904148955957, "n_estimators": 681.0543021358576, "reg_alpha": 1.3839698687016635, "reg_lambda": 1.660906462149844}, "datetime": {"datetime": "2024-02-19 18:13:57", "elapsed": 2280.214453, "delta": 3.602273}}
{"target": -1.4475738102489406, "params": {"colsample_bytree": 0.24171021072542917, "learning_rate": 0.03831952512345999, "max_bin_exp": 9.729972830115866, "max_depth": 4.3673548427611175, "n_estimators": 672.074181747499, "reg_alpha": 2.87673211563586, "reg_lambda": 1.3773142919755763}, "datetime": {"datetime": "2024-02-19 18:14:00", "elapsed": 2283.259622, "delta": 3.045169}}
{"target": -0.7513943715042372, "params": {"colsample_bytree": 0.36904507406295367, "learning_rate": 0.4769205507078298, "max_bin_exp": 7.15921369356818, "max_depth": 3.6682414937126033, "n_estimators": 693.4344468926363, "reg_alpha": 1.5346008136683515, "reg_lambda": 0.42423267754900995}, "datetime": {"datetime": "2024-02-19 18:14:03", "elapsed": 2286.476099, "delta": 3.216477}}
{"target": -0.7756768026622821, "params": {"colsample_bytree": 0.35808945330944897, "learning_rate": 0.4411221793612493, "max_bin_exp": 9.522613924231132, "max_depth": 5.7328263219006645, "n_estimators": 1973.4926051027153, "reg_alpha": 1.3954117541995368, "reg_lambda": 2.6381650679977295}, "datetime": {"datetime": "2024-02-19 18:14:09", "elapsed": 2291.657352, "delta": 5.181253}}
{"target": -1.8219034148405775, "params": {"colsample_bytree": 0.26942663840763137, "learning_rate": 0.19596202909442856, "max_bin_exp": 5.58013323707596, "max_depth": 5.434787230220907, "n_estimators": 672.662605872825, "reg_alpha": 0.3918487210409598, "reg_lambda": 0.08065347713666138}, "datetime": {"datetime": "2024-02-19 18:14:13", "elapsed": 2295.592019, "delta": 3.934667}}
{"target": -0.6041303118824299, "params": {"colsample_bytree": 0.7167724759724812, "learning_rate": 0.24264010155867616, "max_bin_exp": 9.564241209177823, "max_depth": 4.0798160259551866, "n_estimators": 679.0751430463949, "reg_alpha": 2.749906658564417, "reg_lambda": 2.847094320928247}, "datetime": {"datetime": "2024-02-19 18:14:16", "elapsed": 2298.777314, "delta": 3.185295}}
{"target": -0.7585154462927405, "params": {"colsample_bytree": 0.4400556930688767, "learning_rate": 0.12549512275829292, "max_bin_exp": 5.105246109539439, "max_depth": 5.694042105005241, "n_estimators": 695.4123477786625, "reg_alpha": 1.8310977468839824, "reg_lambda": 0.5015125369343474}, "datetime": {"datetime": "2024-02-19 18:14:20", "elapsed": 2302.912643, "delta": 4.135329}}
{"target": -0.7092815052340807, "params": {"colsample_bytree": 0.5542790953038079, "learning_rate": 0.38752638863767963, "max_bin_exp": 7.864999665605524, "max_depth": 5.200831620331503, "n_estimators": 1630.0866845176158, "reg_alpha": 2.9034464739785677, "reg_lambda": 2.328296273404411}, "datetime": {"datetime": "2024-02-19 18:14:24", "elapsed": 2307.329372, "delta": 4.416729}}
{"target": -0.8545284717102167, "params": {"colsample_bytree": 1.0, "learning_rate": 0.001, "max_bin_exp": 10.0, "max_depth": 6.0, "n_estimators": 4426.187050658311, "reg_alpha": 0.0, "reg_lambda": 0.0}, "datetime": {"datetime": "2024-02-19 18:14:36", "elapsed": 2318.639805, "delta": 11.310433}}
{"target": -2.682372268529308, "params": {"colsample_bytree": 0.3927090191027398, "learning_rate": 0.30643476994079877, "max_bin_exp": 9.390303029967383, "max_depth": 1.0098909503371751, "n_estimators": 675.1478518474786, "reg_alpha": 1.0870654720036859, "reg_lambda": 0.5595959524098396}, "datetime": {"datetime": "2024-02-19 18:14:38", "elapsed": 2321.435651, "delta": 2.795846}}
{"target": -0.6339902519722517, "params": {"colsample_bytree": 0.9601636783604184, "learning_rate": 0.4845893406194012, "max_bin_exp": 9.675295811052973, "max_depth": 5.278781655438139, "n_estimators": 675.1073359297247, "reg_alpha": 0.4597284060383522, "reg_lambda": 2.710988418229834}, "datetime": {"datetime": "2024-02-19 18:14:42", "elapsed": 2325.058613, "delta": 3.622962}}
{"target": -0.715845752458326, "params": {"colsample_bytree": 0.38752686283914417, "learning_rate": 0.41855963928150874, "max_bin_exp": 7.117498425974986, "max_depth": 3.8150973244518775, "n_estimators": 695.8541006172769, "reg_alpha": 2.8300026194473347, "reg_lambda": 2.6012289085430655}, "datetime": {"datetime": "2024-02-19 18:14:45", "elapsed": 2328.323055, "delta": 3.264442}}
{"target": -0.6820837246068001, "params": {"colsample_bytree": 0.40738782410846064, "learning_rate": 0.15206876718055792, "max_bin_exp": 9.727440449681321, "max_depth": 4.38415660612204, "n_estimators": 677.7443260920495, "reg_alpha": 2.1858274521680157, "reg_lambda": 1.2545558143187256}, "datetime": {"datetime": "2024-02-19 18:14:50", "elapsed": 2333.013638, "delta": 4.690583}}
{"target": -1.9169526893920668, "params": {"colsample_bytree": 0.6792008576330091, "learning_rate": 0.13745043252966624, "max_bin_exp": 4.310646978428047, "max_depth": 2.901045871189791, "n_estimators": 694.0170496842399, "reg_alpha": 1.4523598856681472, "reg_lambda": 1.307533788539311}, "datetime": {"datetime": "2024-02-19 18:14:53", "elapsed": 2335.895555, "delta": 2.881917}}
{"target": -1.5521004379325567, "params": {"colsample_bytree": 0.2, "learning_rate": 0.5, "max_bin_exp": 9.185982478388414, "max_depth": 1.926455552109593, "n_estimators": 4456.481458562672, "reg_alpha": 0.0, "reg_lambda": 0.0}, "datetime": {"datetime": "2024-02-19 18:14:57", "elapsed": 2339.910165, "delta": 4.01461}}
{"target": -0.6052667522834275, "params": {"colsample_bytree": 0.8627499441097872, "learning_rate": 0.1479062349334507, "max_bin_exp": 8.221883273057598, "max_depth": 5.567411957820044, "n_estimators": 692.1029245176478, "reg_alpha": 0.8010582646453548, "reg_lambda": 2.4646937286398902}, "datetime": {"datetime": "2024-02-19 18:15:02", "elapsed": 2344.746388, "delta": 4.836223}}
{"target": -0.7490027070378708, "params": {"colsample_bytree": 0.3870963418678918, "learning_rate": 0.35780037016368066, "max_bin_exp": 9.298389326028818, "max_depth": 5.743698386298468, "n_estimators": 694.6121378883491, "reg_alpha": 1.413973740418918, "reg_lambda": 0.7141832203550664}, "datetime": {"datetime": "2024-02-19 18:15:05", "elapsed": 2348.282428, "delta": 3.53604}}
{"target": -0.6459595474590984, "params": {"colsample_bytree": 0.825669879287455, "learning_rate": 0.17554644309824308, "max_bin_exp": 7.444979462904503, "max_depth": 5.270752365078669, "n_estimators": 697.6131728517765, "reg_alpha": 1.54241238586881, "reg_lambda": 0.5406132803428595}, "datetime": {"datetime": "2024-02-19 18:15:09", "elapsed": 2351.982755, "delta": 3.700327}}
{"target": -0.6466167019200212, "params": {"colsample_bytree": 0.48812670731377983, "learning_rate": 0.09748018871936633, "max_bin_exp": 8.019754090761332, "max_depth": 4.622316852180959, "n_estimators": 676.3998842869236, "reg_alpha": 1.0963675700876658, "reg_lambda": 2.795916211951812}, "datetime": {"datetime": "2024-02-19 18:15:12", "elapsed": 2355.397567, "delta": 3.414812}}
{"target": -0.7333283414606874, "params": {"colsample_bytree": 0.39911282509656676, "learning_rate": 0.4860651496946393, "max_bin_exp": 9.807332405636629, "max_depth": 2.340423275445151, "n_estimators": 694.0151531338424, "reg_alpha": 0.41238770505622613, "reg_lambda": 2.1337490733841613}, "datetime": {"datetime": "2024-02-19 18:15:15", "elapsed": 2358.428036, "delta": 3.030469}}
{"target": -0.6314576873881826, "params": {"colsample_bytree": 0.8583879830271708, "learning_rate": 0.36526113331801524, "max_bin_exp": 9.336269044990491, "max_depth": 5.387732316489968, "n_estimators": 695.2460842459387, "reg_alpha": 0.327280353697153, "reg_lambda": 2.8964056606050024}, "datetime": {"datetime": "2024-02-19 18:15:19", "elapsed": 2362.345819, "delta": 3.917783}}
{"target": -0.7309156344809322, "params": {"colsample_bytree": 0.5075114923668045, "learning_rate": 0.2748499404532573, "max_bin_exp": 7.81712464358085, "max_depth": 2.5994583279984576, "n_estimators": 699.0172698706896, "reg_alpha": 2.610740327696668, "reg_lambda": 1.38290081350437}, "datetime": {"datetime": "2024-02-19 18:15:23", "elapsed": 2366.049565, "delta": 3.703746}}
{"target": -0.6904589706494233, "params": {"colsample_bytree": 1.0, "learning_rate": 0.5, "max_bin_exp": 7.329389004753012, "max_depth": 6.0, "n_estimators": 680.8174474750896, "reg_alpha": 0.0, "reg_lambda": 0.0}, "datetime": {"datetime": "2024-02-19 18:15:29", "elapsed": 2371.918894, "delta": 5.869329}}
{"target": -0.884248117915784, "params": {"colsample_bytree": 0.24765138614272644, "learning_rate": 0.2707210913968243, "max_bin_exp": 7.246284449778225, "max_depth": 4.434766190439485, "n_estimators": 695.9391652974467, "reg_alpha": 0.10852092402774283, "reg_lambda": 1.6888542552683257}, "datetime": {"datetime": "2024-02-19 18:15:34", "elapsed": 2376.60438, "delta": 4.685486}}
{"target": -3.141435504284369, "params": {"colsample_bytree": 0.2, "learning_rate": 0.001, "max_bin_exp": 6.9031660989476356, "max_depth": 5.571676308736952, "n_estimators": 4309.645374306321, "reg_alpha": 3.0, "reg_lambda": 3.0}, "datetime": {"datetime": "2024-02-19 18:15:40", "elapsed": 2382.959844, "delta": 6.355464}}
{"target": -0.740969011019156, "params": {"colsample_bytree": 0.34899783579664934, "learning_rate": 0.2545722910285683, "max_bin_exp": 9.961126017000202, "max_depth": 5.354912083829473, "n_estimators": 1965.4710627336356, "reg_alpha": 2.5430995380594594, "reg_lambda": 0.5138378063239825}, "datetime": {"datetime": "2024-02-19 18:15:45", "elapsed": 2387.761536, "delta": 4.801692}}
{"target": -0.6542200622748942, "params": {"colsample_bytree": 0.6546777773358234, "learning_rate": 0.12465895221589574, "max_bin_exp": 8.891905613577595, "max_depth": 4.790828649051174, "n_estimators": 4308.984971985595, "reg_alpha": 0.3203763746336118, "reg_lambda": 0.2756392997321425}, "datetime": {"datetime": "2024-02-19 18:15:52", "elapsed": 2395.396005, "delta": 7.634469}}
{"target": -0.7177350595000589, "params": {"colsample_bytree": 0.42181238554320627, "learning_rate": 0.14883299030507743, "max_bin_exp": 8.373991341220815, "max_depth": 5.587974497691988, "n_estimators": 675.1521830209567, "reg_alpha": 0.08491326654062104, "reg_lambda": 0.14615758182581307}, "datetime": {"datetime": "2024-02-19 18:15:56", "elapsed": 2399.057937, "delta": 3.661932}}
