{"target": 0.28609626255953285, "params": {"u": 6.6460792117258976, "v": 5.09160416377085, "w": 11.790921041156393, "x": 2.0801811938622166, "y": 2.342437911915162}, "datetime": {"datetime": "2024-02-25 09:52:24", "elapsed": 48.827137, "delta": 0.571947}}
{"target": 0.11121494873449013, "params": {"u": 3.7582479398183497, "v": 1.7993217905082863, "w": 7.199868315667754, "x": 0.6119466663906737, "y": 0.36196626893334427}, "datetime": {"datetime": "2024-02-25 09:52:25", "elapsed": 49.482901, "delta": 0.655764}}
{"target": 0.03227999130808056, "params": {"u": 7.9787029650343655, "v": 2.162158737907433, "w": 4.174978296137191, "x": 7.6923080383712525, "y": 2.059032710647661}, "datetime": {"datetime": "2024-02-25 09:52:25", "elapsed": 50.121022, "delta": 0.638121}}
{"target": -0.016827339182679805, "params": {"u": 4.116370340685986, "v": 1.720463704192972, "w": 3.869613053660387, "x": 2.6581444901316433, "y": 0.3276149877839569}, "datetime": {"datetime": "2024-02-25 09:52:27", "elapsed": 51.946785, "delta": 1.825763}}
{"target": 0.0016286524872641238, "params": {"u": 5.678602185287391, "v": 8.721664848295628, "w": 9.496803390008523, "x": 6.718819839920286, "y": 3.385985554632545}, "datetime": {"datetime": "2024-02-25 09:52:28", "elapsed": 52.966617, "delta": 1.019832}}
{"target": 0.06006988930541365, "params": {"u": 4.389862752752667, "v": 11.731329429237253, "w": 10.16939041828878, "x": 2.702035212596825, "y": 2.528800712227496}, "datetime": {"datetime": "2024-02-25 09:52:30", "elapsed": 55.112393, "delta": 2.145776}}
{"target": 0.01862218095645173, "params": {"u": 4.767444256589471, "v": 5.515360706585256, "w": 5.871639044294828, "x": 3.4987162279973743, "y": 1.2529686897635983}, "datetime": {"datetime": "2024-02-25 09:52:32", "elapsed": 56.748919, "delta": 1.636526}}
{"target": 0.040202631854629876, "params": {"u": 2.6164033417249333, "v": 12.005962197792744, "w": 3.187064931315907, "x": 7.96049000831306, "y": 4.571928707813081}, "datetime": {"datetime": "2024-02-25 09:52:33", "elapsed": 57.792914, "delta": 1.043995}}
{"target": 0.06825503740612271, "params": {"u": 9.475159722795574, "v": 12.626378847941684, "w": 3.828306599836128, "x": 4.128525143886545, "y": 2.6656995213803714}, "datetime": {"datetime": "2024-02-25 09:52:34", "elapsed": 58.500942, "delta": 0.708028}}
{"target": -0.06902718460181484, "params": {"u": 7.377682983313888, "v": 9.6673405883979, "w": 11.798461141073915, "x": 7.6342402989186615, "y": 1.9326154846389174}, "datetime": {"datetime": "2024-02-25 09:52:34", "elapsed": 59.158759, "delta": 0.657817}}
{"target": -0.028306775297084422, "params": {"u": 2.521125582297764, "v": 11.460044674483392, "w": 11.234215638017343, "x": 5.24400305617647, "y": 0.8848911945068326}, "datetime": {"datetime": "2024-02-25 09:52:35", "elapsed": 59.73632, "delta": 0.577561}}
{"target": -0.015702343766522953, "params": {"u": 4.278138593067883, "v": 10.7098044127787, "w": 12.493073805217316, "x": 2.2050358350910155, "y": 4.179857210342702}, "datetime": {"datetime": "2024-02-25 09:52:35", "elapsed": 60.198698, "delta": 0.462378}}
{"target": -0.508544050467504, "params": {"u": 8.977771364140654, "v": 12.264329245380047, "w": 9.700647512216975, "x": 5.978069829794043, "y": 3.7260281968274227}, "datetime": {"datetime": "2024-02-25 09:52:36", "elapsed": 60.950286, "delta": 0.751588}}
{"target": -0.03564632223357195, "params": {"u": 8.46854768115986, "v": 4.757784686920244, "w": 12.252346018954098, "x": 5.164370936214386, "y": 2.9070325262410015}, "datetime": {"datetime": "2024-02-25 09:52:37", "elapsed": 61.591161, "delta": 0.640875}}
{"target": 0.04008025490694013, "params": {"u": 1.472337984379112, "v": 10.560330012736053, "w": 8.074401963091802, "x": 3.952217573114726, "y": 3.4721175419676946}, "datetime": {"datetime": "2024-02-25 09:52:37", "elapsed": 62.326189, "delta": 0.735028}}
{"target": -0.05951960366394313, "params": {"u": 5.710521814862345, "v": 5.228497215754702, "w": 12.927200465769705, "x": 2.2455207149544827, "y": 0.6607612726299341}, "datetime": {"datetime": "2024-02-25 09:52:39", "elapsed": 63.34783, "delta": 1.021641}}
{"target": -0.010306011887643763, "params": {"u": 5.245125856626293, "v": 11.75171640005023, "w": 2.3514931293329497, "x": 2.4183514719949057, "y": 0.3417763676871773}, "datetime": {"datetime": "2024-02-25 09:52:39", "elapsed": 64.330331, "delta": 0.982501}}
{"target": -0.040972663333125915, "params": {"u": 4.497772055846822, "v": 11.164215819877802, "w": 9.000507778035233, "x": 5.802803736488752, "y": 2.6220449052534587}, "datetime": {"datetime": "2024-02-25 09:52:40", "elapsed": 65.105074, "delta": 0.774743}}
{"target": -0.010260115689122475, "params": {"u": 12.829898410941551, "v": 9.976297680177964, "w": 6.028573502704193, "x": 4.535478829484724, "y": 0.9690779341259445}, "datetime": {"datetime": "2024-02-25 09:52:41", "elapsed": 65.64969, "delta": 0.544616}}
{"target": 0.007736818016249294, "params": {"u": 5.857378434105831, "v": 1.02122277826405, "w": 11.133752157111696, "x": 6.39919451421499, "y": 1.2437577657130892}, "datetime": {"datetime": "2024-02-25 09:52:42", "elapsed": 66.567901, "delta": 0.918211}}
{"target": -0.02313841895974442, "params": {"u": 12.78761362589658, "v": 10.338310644419806, "w": 9.58967174091283, "x": 5.704479035504994, "y": 3.389058165251095}, "datetime": {"datetime": "2024-02-25 09:52:43", "elapsed": 67.760168, "delta": 1.192267}}
{"target": 0.01588027624736829, "params": {"u": 8.731630893164427, "v": 10.71500907518593, "w": 3.5440092267032597, "x": 6.695664271420729, "y": 4.972777700025852}, "datetime": {"datetime": "2024-02-25 09:52:44", "elapsed": 68.635591, "delta": 0.875423}}
{"target": -0.043274484534954784, "params": {"u": 6.578181367861381, "v": 11.927613632612276, "w": 5.438717167388708, "x": 6.104154937610142, "y": 1.0836086712632431}, "datetime": {"datetime": "2024-02-25 09:52:44", "elapsed": 69.241466, "delta": 0.605875}}
{"target": -0.022609342410716774, "params": {"u": 9.867227366302778, "v": 4.215815751963013, "w": 3.4725225750926874, "x": 7.9026700173480195, "y": 1.3484898054807857}, "datetime": {"datetime": "2024-02-25 09:52:45", "elapsed": 70.124461, "delta": 0.882995}}
{"target": 0.04582712309020338, "params": {"u": 4.366045318205355, "v": 8.901187003993167, "w": 6.320320984889716, "x": 6.69118694283713, "y": 1.2375154042261214}, "datetime": {"datetime": "2024-02-25 09:52:46", "elapsed": 71.273689, "delta": 1.149228}}
{"target": -0.08078414558177836, "params": {"u": 7.961756739981439, "v": 11.077964672764436, "w": 7.7973304023245955, "x": 2.6776825508734716, "y": 4.389172433237303}, "datetime": {"datetime": "2024-02-25 09:52:47", "elapsed": 71.951916, "delta": 0.678227}}
{"target": 0.030029977694932486, "params": {"u": 2.9043381839500113, "v": 7.196234921418902, "w": 11.018336076527255, "x": 3.675653322317623, "y": 3.52045545235648}, "datetime": {"datetime": "2024-02-25 09:52:48", "elapsed": 73.161249, "delta": 1.209333}}
{"target": 0.04011940096464841, "params": {"u": 5.756514873542004, "v": 10.863775421067396, "w": 6.584275250339114, "x": 0.5494247800247318, "y": 1.7734106151904412}, "datetime": {"datetime": "2024-02-25 09:52:50", "elapsed": 75.062119, "delta": 1.90087}}
{"target": 0.006602339178740173, "params": {"u": 12.614675179789575, "v": 7.634883740379564, "w": 4.3428340236313066, "x": 6.331847047669912, "y": 3.908070537690754}, "datetime": {"datetime": "2024-02-25 09:52:51", "elapsed": 76.056124, "delta": 0.994005}}
{"target": -0.011279921037902466, "params": {"u": 5.697160024900066, "v": 7.881983142865228, "w": 12.4192935765304, "x": 5.754882748642383, "y": 3.866350787007436}, "datetime": {"datetime": "2024-02-25 09:52:53", "elapsed": 77.414608, "delta": 1.358484}}
{"target": -0.0509630218248345, "params": {"u": 6.038962117847381, "v": 2.9149719125312794, "w": 12.785767050971346, "x": 1.0694120357244394, "y": 3.09254154710694}, "datetime": {"datetime": "2024-02-25 09:52:54", "elapsed": 79.166386, "delta": 1.751778}}
{"target": 0.05403383419735548, "params": {"u": 7.560545842838657, "v": 9.317392420744733, "w": 8.325393033237045, "x": 7.059440458651279, "y": 3.155067184315331}, "datetime": {"datetime": "2024-02-25 09:52:55", "elapsed": 79.697091, "delta": 0.530705}}
{"target": 0.06445319332503525, "params": {"u": 3.763279681313564, "v": 12.34073665037387, "w": 5.561897136741415, "x": 6.261287930576526, "y": 4.196715592824061}, "datetime": {"datetime": "2024-02-25 09:52:56", "elapsed": 80.484227, "delta": 0.787136}}
{"target": 0.04480199106874424, "params": {"u": 7.086499482430489, "v": 10.525495682877407, "w": 5.584019261376735, "x": 2.2360143520235574, "y": 4.843475973432002}, "datetime": {"datetime": "2024-02-25 09:52:57", "elapsed": 81.365951, "delta": 0.881724}}
{"target": -0.038655109492257506, "params": {"u": 9.56145444005173, "v": 4.51924863695991, "w": 2.6162050049483723, "x": 4.45942111662748, "y": 0.9663874398856648}, "datetime": {"datetime": "2024-02-25 09:52:58", "elapsed": 82.925966, "delta": 1.560015}}
{"target": -0.04088799130569024, "params": {"u": 12.908892923827265, "v": 8.684646381714693, "w": 3.950086474882748, "x": 3.078182573708216, "y": 4.571131723988419}, "datetime": {"datetime": "2024-02-25 09:53:00", "elapsed": 84.391864, "delta": 1.465898}}
{"target": 0.04250933655527379, "params": {"u": 10.367353878735155, "v": 8.017677250383391, "w": 8.210743509091609, "x": 3.592718400585082, "y": 1.4142782260592972}, "datetime": {"datetime": "2024-02-25 09:53:01", "elapsed": 85.412316, "delta": 1.020452}}
{"target": 0.08193573726609307, "params": {"u": 8.181283267548, "v": 3.9850539565901015, "w": 12.886468975880167, "x": 4.112564711664906, "y": 3.5065967527647026}, "datetime": {"datetime": "2024-02-25 09:53:02", "elapsed": 86.582759, "delta": 1.170443}}
{"target": 0.04809498715672164, "params": {"u": 3.5402398319968515, "v": 8.34304343160616, "w": 11.019787434832871, "x": 7.821017491417714, "y": 2.1854383121113936}, "datetime": {"datetime": "2024-02-25 09:53:03", "elapsed": 87.69776, "delta": 1.115001}}
{"target": 0.01694876605501416, "params": {"u": 2.355549725972423, "v": 9.26716311658776, "w": 9.55144581370011, "x": 1.0913872395377482, "y": 1.1679495698443727}, "datetime": {"datetime": "2024-02-25 09:53:04", "elapsed": 89.253902, "delta": 1.556142}}
{"target": -0.05412621717698496, "params": {"u": 4.915995931072259, "v": 3.8872218887258696, "w": 5.911037030284, "x": 0.847536905951962, "y": 2.386671607151577}, "datetime": {"datetime": "2024-02-25 09:53:05", "elapsed": 90.083835, "delta": 0.829933}}
{"target": -0.07808886325232803, "params": {"u": 10.342084177091065, "v": 3.6757223120595217, "w": 7.022024787913581, "x": 2.1935934731861364, "y": 1.5113423893685776}, "datetime": {"datetime": "2024-02-25 09:53:06", "elapsed": 90.862397, "delta": 0.778562}}
{"target": -0.016816301522474635, "params": {"u": 4.049515874717785, "v": 2.036239930904654, "w": 2.196480291240679, "x": 6.577221351120749, "y": 2.5526749635760346}, "datetime": {"datetime": "2024-02-25 09:53:07", "elapsed": 91.788921, "delta": 0.926524}}
{"target": 0.1864736946739296, "params": {"u": 10.174151903052532, "v": 2.4290234710135525, "w": 8.361548503251644, "x": 1.3693791455652102, "y": 3.298885743579689}, "datetime": {"datetime": "2024-02-25 09:53:08", "elapsed": 92.697795, "delta": 0.908874}}
{"target": 0.05630918288189626, "params": {"u": 6.97264619358592, "v": 9.447993723407844, "w": 8.843882325908234, "x": 0.6154767916581573, "y": 3.7921676897400807}, "datetime": {"datetime": "2024-02-25 09:53:08", "elapsed": 93.164973, "delta": 0.467178}}
{"target": 0.026722486421676475, "params": {"u": 2.9281634851658205, "v": 8.86140035254713, "w": 1.6100162571076009, "x": 4.812126154314545, "y": 4.033612951241003}, "datetime": {"datetime": "2024-02-25 09:53:09", "elapsed": 94.122824, "delta": 0.957851}}
{"target": 2.4024849124627146, "params": {"u": 7.3814819526556885, "v": 12.962750939609414, "w": 9.281009871061757, "x": 3.2624599352368002, "y": 3.71593330517366}, "datetime": {"datetime": "2024-02-25 09:53:11", "elapsed": 95.760128, "delta": 1.637304}}
{"target": 0.23405581774245965, "params": {"u": 6.73798221319238, "v": 12.888753575561406, "w": 9.294722124843254, "x": 4.265737704691119, "y": 4.2402232180287704}, "datetime": {"datetime": "2024-02-25 09:53:12", "elapsed": 97.197444, "delta": 1.437316}}
{"target": 0.29791687764293234, "params": {"u": 8.471853655923859, "v": 12.872158357963254, "w": 8.681642233120211, "x": 3.565802985317036, "y": 3.0147661018500522}, "datetime": {"datetime": "2024-02-25 09:53:15", "elapsed": 99.391897, "delta": 2.194453}}
{"target": 2.332040566862347, "params": {"u": 6.321766423650667, "v": 12.516851198964124, "w": 9.16243985320222, "x": 3.1993281719283853, "y": 3.393997806737398}, "datetime": {"datetime": "2024-02-25 09:53:17", "elapsed": 102.151393, "delta": 2.759496}}
{"target": 2.7021103932281543, "params": {"u": 6.901909969825514, "v": 12.748780297572777, "w": 9.225922957003002, "x": 3.1209503046755014, "y": 3.518503545622687}, "datetime": {"datetime": "2024-02-25 09:53:19", "elapsed": 104.071122, "delta": 1.919729}}
{"target": 1.8142751329933788, "params": {"u": 6.914492754530948, "v": 12.721629337894047, "w": 9.465917754278902, "x": 3.005357731073013, "y": 3.6472687591652124}, "datetime": {"datetime": "2024-02-25 09:53:22", "elapsed": 106.489357, "delta": 2.418235}}
{"target": 1.6829438777726438, "params": {"u": 6.920841222625833, "v": 12.795128916341254, "w": 9.007306194153653, "x": 3.34512461239823, "y": 3.4511269479248177}, "datetime": {"datetime": "2024-02-25 09:53:24", "elapsed": 108.957967, "delta": 2.46861}}
{"target": 0.21672802489489287, "params": {"u": 5.641420135161566, "v": 12.810510014162324, "w": 9.186921483940097, "x": 3.540324537465043, "y": 3.147136997029891}, "datetime": {"datetime": "2024-02-25 09:53:26", "elapsed": 111.144345, "delta": 2.186378}}
{"target": 0.03353153071702903, "params": {"u": 10.093153606479945, "v": 6.425212455449584, "w": 8.13567120992034, "x": 3.3828959653650346, "y": 2.7284290471424253}, "datetime": {"datetime": "2024-02-25 09:53:27", "elapsed": 112.117072, "delta": 0.972727}}
{"target": 0.15357282781492382, "params": {"u": 6.769835900499748, "v": 12.514612174823831, "w": 9.296321711598353, "x": 3.80883007807293, "y": 4.3080167006593495}, "datetime": {"datetime": "2024-02-25 09:53:31", "elapsed": 115.366474, "delta": 3.249402}}
{"target": -0.5623867034171978, "params": {"u": 6.29570714723739, "v": 12.587376649638891, "w": 8.683188743094195, "x": 2.5900530704080653, "y": 3.3463799837068056}, "datetime": {"datetime": "2024-02-25 09:53:34", "elapsed": 118.671131, "delta": 3.304657}}
{"target": 1.9875032969613693, "params": {"u": 7.2541203288307905, "v": 12.894264225485125, "w": 9.02797417177872, "x": 3.3810371357247653, "y": 4.17700702705314}, "datetime": {"datetime": "2024-02-25 09:53:38", "elapsed": 122.77045, "delta": 4.099319}}
{"target": -0.2946998305891047, "params": {"u": 7.85426653486036, "v": 12.698412300073581, "w": 8.506577603756455, "x": 3.083553874618959, "y": 2.8522537764148943}, "datetime": {"datetime": "2024-02-25 09:53:41", "elapsed": 125.551586, "delta": 2.781136}}
{"target": 2.47357382465352, "params": {"u": 7.098914302157638, "v": 12.83662964469215, "w": 9.185257481260614, "x": 3.181179806700829, "y": 3.742608312007655}, "datetime": {"datetime": "2024-02-25 09:53:43", "elapsed": 127.777841, "delta": 2.226255}}
{"target": 0.03803884408474298, "params": {"u": 7.020759751219838, "v": 3.3857178432207853, "w": 2.776651684368388, "x": 3.732965704516947, "y": 1.3015392011110543}, "datetime": {"datetime": "2024-02-25 09:53:44", "elapsed": 128.487787, "delta": 0.709946}}
{"target": 2.659982897735798, "params": {"u": 6.447586236963701, "v": 12.30120471930563, "w": 9.86641692453302, "x": 2.7480709316236744, "y": 3.255531363656776}, "datetime": {"datetime": "2024-02-25 09:53:44", "elapsed": 129.134817, "delta": 0.64703}}
{"target": 1.3686910555203322, "params": {"u": 6.5001697849590165, "v": 12.511798486359945, "w": 9.912420154840241, "x": 2.4838642180678483, "y": 3.118771312158756}, "datetime": {"datetime": "2024-02-25 09:53:45", "elapsed": 129.619156, "delta": 0.484339}}
{"target": -0.1901528786280219, "params": {"u": 8.5407308865583, "v": 5.414740577475362, "w": 7.901086859516636, "x": 1.3045969158118071, "y": 0.4267444987089476}, "datetime": {"datetime": "2024-02-25 09:53:45", "elapsed": 130.28931, "delta": 0.670154}}
{"target": -1.0840864517218043, "params": {"u": 7.565351751303003, "v": 12.782894640192797, "w": 9.187790919850697, "x": 2.6133933040401924, "y": 3.9534109695147692}, "datetime": {"datetime": "2024-02-25 09:53:46", "elapsed": 131.081533, "delta": 0.792223}}
{"target": 1.4829089419205375, "params": {"u": 7.230420493535411, "v": 12.983015853300747, "w": 9.474136248980834, "x": 3.4387005629016434, "y": 4.3608420597932405}, "datetime": {"datetime": "2024-02-25 09:53:49", "elapsed": 133.414954, "delta": 2.333421}}
{"target": 0.3914421631440223, "params": {"u": 7.846977842922355, "v": 12.26977165965231, "w": 8.974915558550483, "x": 3.596766754622762, "y": 4.087454562957668}, "datetime": {"datetime": "2024-02-25 09:53:52", "elapsed": 136.670959, "delta": 3.256005}}
{"target": 0.08436227945860217, "params": {"u": 7.036942889365761, "v": 5.323722896938799, "w": 3.0737537981225875, "x": 1.4745897357844058, "y": 2.7256822091646242}, "datetime": {"datetime": "2024-02-25 09:53:53", "elapsed": 137.5354, "delta": 0.864441}}
{"target": -0.044263450730292433, "params": {"u": 1.2962446029512704, "v": 2.220041177545756, "w": 4.891245939033783, "x": 1.83673132835484, "y": 4.03523560001732}, "datetime": {"datetime": "2024-02-25 09:53:54", "elapsed": 138.458177, "delta": 0.922777}}
{"target": 0.026009142317936766, "params": {"u": 12.165439578455329, "v": 12.869773699493397, "w": 8.683828258553834, "x": 0.95889681554079, "y": 3.2171890606417013}, "datetime": {"datetime": "2024-02-25 09:53:54", "elapsed": 139.149019, "delta": 0.690842}}
{"target": -0.0578936019963404, "params": {"u": 9.872418386049048, "v": 10.074232411985458, "w": 6.480460025197488, "x": 0.9122552480062434, "y": 2.2666154661048936}, "datetime": {"datetime": "2024-02-25 09:53:55", "elapsed": 140.107109, "delta": 0.95809}}
{"target": -0.10932586296200265, "params": {"u": 6.8685246080808975, "v": 11.834069785768214, "w": 10.330853119998283, "x": 2.6403851490345276, "y": 2.860418947548775}, "datetime": {"datetime": "2024-02-25 09:53:57", "elapsed": 141.616926, "delta": 1.509817}}
{"target": -0.005520054992455362, "params": {"u": 7.2624616969526725, "v": 1.9873800089144948, "w": 4.2175850886014725, "x": 3.130432698987675, "y": 4.542508669771841}, "datetime": {"datetime": "2024-02-25 09:53:58", "elapsed": 142.561697, "delta": 0.944771}}
{"target": -0.025598446998878047, "params": {"u": 9.517665995309029, "v": 11.159909296208001, "w": 5.559762422029902, "x": 2.0570318372139775, "y": 3.5923919940414377}, "datetime": {"datetime": "2024-02-25 09:53:59", "elapsed": 144.04782, "delta": 1.486123}}
{"target": 0.010001545496609044, "params": {"u": 2.11273776856123, "v": 4.610754739788237, "w": 9.569963292830073, "x": 3.1153644871391983, "y": 4.320731705242913}, "datetime": {"datetime": "2024-02-25 09:54:01", "elapsed": 145.418367, "delta": 1.370547}}
{"target": 0.06229066587391479, "params": {"u": 2.2313306397059667, "v": 12.48731987021599, "w": 6.8922333657582175, "x": 5.198662872991977, "y": 4.400564569341778}, "datetime": {"datetime": "2024-02-25 09:54:02", "elapsed": 146.393304, "delta": 0.974937}}
{"target": -0.06179757019906827, "params": {"u": 3.0843091460687106, "v": 2.84966714237431, "w": 3.5294479651009776, "x": 3.536692032465362, "y": 1.6440524622022261}, "datetime": {"datetime": "2024-02-25 09:54:03", "elapsed": 147.355544, "delta": 0.96224}}
{"target": -0.05917100966577369, "params": {"u": 7.8434002583607425, "v": 11.299887724638003, "w": 6.126534333872595, "x": 4.456477659393735, "y": 1.4691020509125354}, "datetime": {"datetime": "2024-02-25 09:54:03", "elapsed": 148.295663, "delta": 0.940119}}
{"target": 2.1403190372695087, "params": {"u": 7.040969999420858, "v": 12.856363525247582, "w": 9.339469352430065, "x": 3.295307312070345, "y": 3.5737660260733075}, "datetime": {"datetime": "2024-02-25 09:54:05", "elapsed": 149.805112, "delta": 1.509449}}
{"target": 3.88302512794149, "params": {"u": 6.550428890755947, "v": 12.547049128831024, "w": 9.959260212415732, "x": 2.675977789914193, "y": 2.8388047810583306}, "datetime": {"datetime": "2024-02-25 09:54:06", "elapsed": 151.065197, "delta": 1.260085}}
{"target": -0.03800386912976352, "params": {"u": 5.315446877038967, "v": 1.846252512530985, "w": 2.872886850746303, "x": 7.34411544145412, "y": 0.5061290882535951}, "datetime": {"datetime": "2024-02-25 09:54:07", "elapsed": 151.769636, "delta": 0.704439}}
{"target": -0.08362160960185484, "params": {"u": 10.040172458357578, "v": 5.452217146974959, "w": 10.780355624068916, "x": 1.6410812154210317, "y": 4.857700249386545}, "datetime": {"datetime": "2024-02-25 09:54:07", "elapsed": 152.323741, "delta": 0.554105}}
{"target": 3.2908928152659707, "params": {"u": 6.393667386762273, "v": 12.033355534453705, "w": 9.906865931556437, "x": 2.70382771199353, "y": 2.573201810323212}, "datetime": {"datetime": "2024-02-25 09:54:09", "elapsed": 153.577019, "delta": 1.253278}}
{"target": 4.919895286641575, "params": {"u": 6.363272015529972, "v": 12.156852542552135, "w": 9.268791351125241, "x": 2.2519963796484284, "y": 2.3465857582196543}, "datetime": {"datetime": "2024-02-25 09:54:10", "elapsed": 154.375085, "delta": 0.798066}}
{"target": -0.02060609968795756, "params": {"u": 12.155673766968105, "v": 11.896359409019258, "w": 12.889380725011891, "x": 2.082375914925248, "y": 4.370092432819168}, "datetime": {"datetime": "2024-02-25 09:54:11", "elapsed": 155.383368, "delta": 1.008283}}
