{"target": 0.16064730075523634, "params": {"u": 9.949219947021021, "v": 9.926192854060107, "x": 1.8047611693012855, "y": 5.1567610035296605}, "datetime": {"datetime": "2024-02-27 10:53:32", "elapsed": 1194.139593, "delta": 4.982803}}
{"target": 0.17913710850718562, "params": {"u": 3.6148262551727726, "v": 8.291117782672103, "x": 2.3444826619789016, "y": 0.628144777265488}, "datetime": {"datetime": "2024-02-27 10:53:36", "elapsed": 1197.402293, "delta": 3.2627}}
{"target": 7.596991333505367, "params": {"u": 4.440673764420341, "v": 4.726352253311709, "x": 4.091870255596492, "y": 3.8159976856021394}, "datetime": {"datetime": "2024-02-27 10:53:38", "elapsed": 1199.487077, "delta": 2.084784}}
{"target": 0.786155537496327, "params": {"u": 4.085271972691517, "v": 5.082645228448651, "x": 4.871683118553431, "y": 5.238962057423998}, "datetime": {"datetime": "2024-02-27 10:53:41", "elapsed": 1202.803211, "delta": 3.316134}}
{"target": 0.39124961765775074, "params": {"u": 8.186816930488705, "v": 4.225923144943609, "x": 7.096466665574052, "y": 6.799605391887066}, "datetime": {"datetime": "2024-02-27 10:53:43", "elapsed": 1204.431031, "delta": 1.62782}}
{"target": 0.2582039574946321, "params": {"u": 4.690880255903237, "v": 3.8343755258282766, "x": 2.8080143078321216, "y": 8.427585305560227}, "datetime": {"datetime": "2024-02-27 10:53:45", "elapsed": 1206.97738, "delta": 2.546349}}
{"target": 0.12182231939687403, "params": {"u": 0.004621993683956438, "v": 0.22169075225688673, "x": 9.694257662531408, "y": 2.6347773718035503}, "datetime": {"datetime": "2024-02-27 10:53:54", "elapsed": 1215.810691, "delta": 8.833311}}
{"target": 0.24600787874917976, "params": {"u": 7.6348977210334565, "v": 4.750069293460324, "x": 6.750123774178612, "y": 9.42574291325024}, "datetime": {"datetime": "2024-02-27 10:53:57", "elapsed": 1218.551249, "delta": 2.740558}}
{"target": 0.46171485142775465, "params": {"u": 2.2014297275011763, "v": 10.0, "x": 2.6299958189083297, "y": 10.0}, "datetime": {"datetime": "2024-02-27 10:54:03", "elapsed": 1225.18029, "delta": 6.629041}}
{"target": 0.12180139582616598, "params": {"u": 9.907666359092346, "v": 0.38822962585099097, "x": 7.698629843439032, "y": 9.563145573369765}, "datetime": {"datetime": "2024-02-27 10:54:07", "elapsed": 1229.137294, "delta": 3.957004}}
{"target": 0.14846137736350123, "params": {"u": 3.736524729613284, "v": 8.8255124187194, "x": 9.846014934839754, "y": 9.389054846329177}, "datetime": {"datetime": "2024-02-27 10:54:11", "elapsed": 1233.101536, "delta": 3.964242}}
{"target": 0.2803633428321101, "params": {"u": 5.1857954713481895, "v": 4.967761904475818, "x": 0.3823094305421759, "y": 3.433778370655264}, "datetime": {"datetime": "2024-02-27 10:54:16", "elapsed": 1237.469266, "delta": 4.36773}}
{"target": 1.3965672104336195, "params": {"u": 5.4040908247507105, "v": 4.683539641907465, "x": 3.8922613681751894, "y": 4.31698469634905}, "datetime": {"datetime": "2024-02-27 10:54:20", "elapsed": 1242.064885, "delta": 4.595619}}
{"target": 0.5472811198325266, "params": {"u": 7.926060805965033, "v": 4.30228652013386, "x": 4.791015815122227, "y": 1.3208317947561954}, "datetime": {"datetime": "2024-02-27 10:54:25", "elapsed": 1246.614388, "delta": 4.549503}}
{"target": 0.31279714790030466, "params": {"u": 3.02312848455529, "v": 4.231737124521532, "x": 8.561945589354814, "y": 4.456624154723121}, "datetime": {"datetime": "2024-02-27 10:54:30", "elapsed": 1251.485875, "delta": 4.871487}}
{"target": 4.955115517490114, "params": {"u": 4.331443204284283, "v": 4.27231495077778, "x": 4.353409206580027, "y": 3.9327622933114945}, "datetime": {"datetime": "2024-02-27 10:54:34", "elapsed": 1255.407519, "delta": 3.921644}}
{"target": 0.14476268762302183, "params": {"u": 9.911954541479313, "v": 2.318591903572038, "x": 3.41101346006179, "y": 9.560537356181328}, "datetime": {"datetime": "2024-02-27 10:54:49", "elapsed": 1270.817952, "delta": 15.410433}}
{"target": 1.177004165272043, "params": {"u": 4.947159289023896, "v": 4.9617354320185525, "x": 5.274335013260849, "y": 4.216023978668892}, "datetime": {"datetime": "2024-02-27 10:54:55", "elapsed": 1276.72845, "delta": 5.910498}}
{"target": 0.262796038258794, "params": {"u": 1.1351990949551494, "v": 6.211334213293723, "x": 1.8892139165186528, "y": 3.5240589651160246}, "datetime": {"datetime": "2024-02-27 10:55:01", "elapsed": 1282.583008, "delta": 5.854558}}
{"target": 4.679648875735217, "params": {"u": 4.264938087200752, "v": 4.616346521275986, "x": 3.6647950237149205, "y": 4.159781041164974}, "datetime": {"datetime": "2024-02-27 10:55:04", "elapsed": 1285.993788, "delta": 3.41078}}
{"target": 0.22946986280999668, "params": {"u": 3.493613569310984, "v": 1.630058621535505, "x": 9.151112927216559, "y": 1.5468788803273859}, "datetime": {"datetime": "2024-02-27 10:55:08", "elapsed": 1289.962277, "delta": 3.968489}}
{"target": 6.612708215688788, "params": {"u": 4.251822730279686, "v": 4.131991672887263, "x": 4.1849220818906065, "y": 4.1748140151044}, "datetime": {"datetime": "2024-02-27 10:55:19", "elapsed": 1301.152663, "delta": 11.190386}}
{"target": 0.284267913068655, "params": {"u": 9.94571570872672, "v": 5.8795937293584135, "x": 6.578200740328163, "y": 0.5704422599891823}, "datetime": {"datetime": "2024-02-27 10:55:31", "elapsed": 1312.529401, "delta": 11.376738}}
{"target": 0.33808223339221866, "params": {"u": 4.900066046246553, "v": 3.2956193156386093, "x": 8.548870087542591, "y": 5.3537731001227495}, "datetime": {"datetime": "2024-02-27 10:55:37", "elapsed": 1318.854842, "delta": 6.325441}}
{"target": 7.265592155165814, "params": {"u": 4.924795904858385, "v": 4.371082937765398, "x": 4.2166341970695145, "y": 4.047454087664349}, "datetime": {"datetime": "2024-02-27 10:55:45", "elapsed": 1326.263693, "delta": 7.408851}}
{"target": 0.6963489439115035, "params": {"u": 5.096923387680689, "v": 2.4312308674314576, "x": 3.404183701413497, "y": 3.631963130034327}, "datetime": {"datetime": "2024-02-27 10:55:48", "elapsed": 1329.687175, "delta": 3.423482}}
{"target": 0.1542663137613896, "params": {"u": 1.264050523558694, "v": 7.6435181485469, "x": 9.310720433051735, "y": 7.505653694546356}, "datetime": {"datetime": "2024-02-27 10:55:55", "elapsed": 1337.14817, "delta": 7.460995}}
{"target": 6.179800828384515, "params": {"u": 4.667272064499599, "v": 4.3356650736568785, "x": 3.94723906051495, "y": 3.7262704668335687}, "datetime": {"datetime": "2024-02-27 10:56:03", "elapsed": 1345.121694, "delta": 7.973524}}
{"target": 0.23416619200310004, "params": {"u": 3.0753134475640618, "v": 4.229834922825163, "x": 0.04991835987616239, "y": 6.689868825079652}, "datetime": {"datetime": "2024-02-27 10:56:10", "elapsed": 1352.196064, "delta": 7.07437}}
{"target": 0.37165480642598003, "params": {"u": 4.650932812775323, "v": 1.7503508693497938, "x": 4.627257163340225, "y": 0.31993112054959805}, "datetime": {"datetime": "2024-02-27 10:56:16", "elapsed": 1357.204631, "delta": 5.008567}}
{"target": 0.18909214421849152, "params": {"u": 7.767002948981469, "v": 9.15791615917478, "x": 2.8506674029712, "y": 2.319299409297355}, "datetime": {"datetime": "2024-02-27 10:56:18", "elapsed": 1359.557037, "delta": 2.352406}}
{"target": 0.13276840881407595, "params": {"u": 0.24602842641763822, "v": 7.926131806391524, "x": 7.441121521815034, "y": 0.23598323074489058}, "datetime": {"datetime": "2024-02-27 10:56:24", "elapsed": 1365.398651, "delta": 5.841614}}
{"target": 0.25633672284092635, "params": {"u": 0.7704281150425552, "v": 3.9622874573200404, "x": 1.2081214068070323, "y": 3.1906234924610866}, "datetime": {"datetime": "2024-02-27 10:56:26", "elapsed": 1368.065799, "delta": 2.667148}}
{"target": 7.536274595461589, "params": {"u": 4.675542734151391, "v": 4.403818079871319, "x": 4.185180340280334, "y": 4.094327267643086}, "datetime": {"datetime": "2024-02-27 10:56:34", "elapsed": 1375.80193, "delta": 7.736131}}
{"target": 0.1674730386318429, "params": {"u": 0.8831015767618633, "v": 8.470708311066154, "x": 3.6110360153607157, "y": 2.0883317583453023}, "datetime": {"datetime": "2024-02-27 10:56:46", "elapsed": 1387.813173, "delta": 12.011243}}
{"target": 5.617376028447597, "params": {"u": 4.59608948530826, "v": 4.132322828921701, "x": 3.819104847662257, "y": 3.7474331313406206}, "datetime": {"datetime": "2024-02-27 10:56:53", "elapsed": 1394.740319, "delta": 6.927146}}
{"target": 0.5164995104806207, "params": {"u": 6.769894234012384, "v": 7.565636939885394, "x": 7.718160542858207, "y": 7.201687830194118}, "datetime": {"datetime": "2024-02-27 10:56:57", "elapsed": 1399.01714, "delta": 4.276821}}
{"target": 0.1305982699421718, "params": {"u": 9.61362869258514, "v": 3.0200836063228262, "x": 1.8250917419430346, "y": 9.904660891116107}, "datetime": {"datetime": "2024-02-27 10:57:01", "elapsed": 1402.25823, "delta": 3.24109}}
{"target": 0.12451267016537543, "params": {"u": 0.6816827137191162, "v": 9.104088885952777, "x": 6.364401964948085, "y": 0.9676812452206707}, "datetime": {"datetime": "2024-02-27 10:57:06", "elapsed": 1407.513155, "delta": 5.254925}}
{"target": 0.24169922862635346, "params": {"u": 7.360982197578884, "v": 0.07395649087646672, "x": 9.99260576192656, "y": 3.931507604281764}, "datetime": {"datetime": "2024-02-27 10:57:13", "elapsed": 1414.350174, "delta": 6.837019}}
{"target": 1.555781788223906, "params": {"u": 6.069159151636393, "v": 3.877665793899566, "x": 5.313551628068183, "y": 2.892411958473299}, "datetime": {"datetime": "2024-02-27 10:57:19", "elapsed": 1421.176585, "delta": 6.826411}}
{"target": 8.77015457328069, "params": {"u": 4.201314516584931, "v": 4.902964913442674, "x": 3.8550383055078, "y": 4.01025261855928}, "datetime": {"datetime": "2024-02-27 10:57:25", "elapsed": 1426.49878, "delta": 5.322195}}
{"target": 0.5369191318559363, "params": {"u": 4.1538279740588795, "v": 1.566174182359995, "x": 5.414743479840217, "y": 3.8818457447096444}, "datetime": {"datetime": "2024-02-27 10:57:28", "elapsed": 1430.062654, "delta": 3.563874}}
{"target": 0.19166121536091948, "params": {"u": 0.0, "v": 6.055809230302038, "x": 7.169051393664039, "y": 3.4715318991839377}, "datetime": {"datetime": "2024-02-27 10:57:38", "elapsed": 1439.643442, "delta": 9.580788}}
{"target": 0.22613613453549075, "params": {"u": 1.1471022412750016, "v": 0.0, "x": 0.07817678405167809, "y": 3.6417180855802185}, "datetime": {"datetime": "2024-02-27 10:57:49", "elapsed": 1450.494343, "delta": 10.850901}}
{"target": 0.168059450275452, "params": {"u": 0.8361398352334937, "v": 1.596168902730013, "x": 7.265489734484639, "y": 1.464628764407978}, "datetime": {"datetime": "2024-02-27 10:57:53", "elapsed": 1454.950267, "delta": 4.455924}}
{"target": 5.709802029343943, "params": {"u": 4.228843884940785, "v": 4.882551075999109, "x": 3.7142296594688995, "y": 4.098996094777819}, "datetime": {"datetime": "2024-02-27 10:58:03", "elapsed": 1465.016069, "delta": 10.065802}}
{"target": 0.23213244364660077, "params": {"u": 5.479462510972468, "v": 3.356487508705089, "x": 10.0, "y": 0.0}, "datetime": {"datetime": "2024-02-27 10:58:08", "elapsed": 1469.686127, "delta": 4.670058}}
{"target": 0.15511199209444854, "params": {"u": 0.0, "v": 0.0, "x": 7.191140547078472, "y": 4.610487838828217}, "datetime": {"datetime": "2024-02-27 10:58:16", "elapsed": 1477.299804, "delta": 7.613677}}
{"target": 8.293131825151798, "params": {"u": 4.665876794404104, "v": 4.2812703282254, "x": 4.109010366226546, "y": 4.130639884148348}, "datetime": {"datetime": "2024-02-27 10:58:24", "elapsed": 1485.233488, "delta": 7.933684}}
{"target": 0.10212378792205816, "params": {"u": 10.0, "v": 10.0, "x": 3.3769354440545385, "y": 0.0}, "datetime": {"datetime": "2024-02-27 10:58:31", "elapsed": 1492.762547, "delta": 7.529059}}
{"target": 8.556482390553725, "params": {"u": 4.443257701131266, "v": 4.732081190228782, "x": 4.11143963510051, "y": 4.111060007228638}, "datetime": {"datetime": "2024-02-27 10:58:37", "elapsed": 1499.137191, "delta": 6.374644}}
{"target": 0.1099243965853106, "params": {"u": 10.0, "v": 2.3651243735404663, "x": 10.0, "y": 10.0}, "datetime": {"datetime": "2024-02-27 10:58:47", "elapsed": 1509.146712, "delta": 10.009521}}
{"target": 0.19801676285122258, "params": {"u": 6.8855919431555, "v": 7.417277308389871, "x": 2.656827127555665, "y": 0.0}, "datetime": {"datetime": "2024-02-27 10:58:58", "elapsed": 1519.979039, "delta": 10.832327}}
{"target": 0.26571951610072553, "params": {"u": 7.859847974602219, "v": 7.758615711817499, "x": 9.941582572523458, "y": 4.825188743376526}, "datetime": {"datetime": "2024-02-27 10:59:04", "elapsed": 1525.336247, "delta": 5.357208}}
{"target": 0.8562419180729578, "params": {"u": 4.765025905533701, "v": 4.867265280918804, "x": 2.622634044122255, "y": 3.8158813813024905}, "datetime": {"datetime": "2024-02-27 10:59:15", "elapsed": 1536.469622, "delta": 11.133375}}
{"target": 0.2176355869885203, "params": {"u": 4.495711093249627, "v": 8.260342797058238, "x": 5.2115686107266415, "y": 0.7855326894828041}, "datetime": {"datetime": "2024-02-27 10:59:19", "elapsed": 1540.634928, "delta": 4.165306}}
{"target": 7.344521009178681, "params": {"u": 4.57126281862379, "v": 4.634435493589212, "x": 3.813272339227549, "y": 4.105995800065838}, "datetime": {"datetime": "2024-02-27 10:59:24", "elapsed": 1545.824324, "delta": 5.189396}}
{"target": 0.15267834114219056, "params": {"u": 5.699628305195299, "v": 10.0, "x": 10.0, "y": 3.983170138494358}, "datetime": {"datetime": "2024-02-27 10:59:36", "elapsed": 1557.222137, "delta": 11.397813}}
{"target": 7.313090548702033, "params": {"u": 4.396986519764482, "v": 4.436911925943903, "x": 3.788861103317073, "y": 3.9511886234979854}, "datetime": {"datetime": "2024-02-27 10:59:42", "elapsed": 1564.09253, "delta": 6.870393}}
{"target": 0.12965405049252013, "params": {"u": 0.2966394837708908, "v": 8.963435317045159, "x": 9.308418117968277, "y": 3.7451923198200032}, "datetime": {"datetime": "2024-02-27 10:59:47", "elapsed": 1568.563, "delta": 4.47047}}
{"target": 0.17900129079931568, "params": {"u": 0.0, "v": 5.114731676588562, "x": 2.2444953460595864, "y": 0.0}, "datetime": {"datetime": "2024-02-27 11:00:01", "elapsed": 1582.252758, "delta": 13.689758}}
{"target": 0.1838668262487016, "params": {"u": 6.678266384107949, "v": 6.626107101893269, "x": 10.0, "y": 10.0}, "datetime": {"datetime": "2024-02-27 11:00:08", "elapsed": 1590.145124, "delta": 7.892366}}
{"target": 0.2594908294946343, "params": {"u": 7.064674404443407, "v": 0.07441131810119295, "x": 4.9854315199475785, "y": 6.1454194710047885}, "datetime": {"datetime": "2024-02-27 11:00:15", "elapsed": 1596.43189, "delta": 6.286766}}
{"target": 0.2835065263978168, "params": {"u": 9.919415953538856, "v": 0.14360701632764927, "x": 5.129115165845795, "y": 3.5858089328238494}, "datetime": {"datetime": "2024-02-27 11:00:25", "elapsed": 1606.227961, "delta": 9.796071}}
{"target": 1.3173835940033194, "params": {"u": 4.175885138534414, "v": 5.311352777843411, "x": 4.1401474627129975, "y": 3.784345674197538}, "datetime": {"datetime": "2024-02-27 11:00:30", "elapsed": 1611.699694, "delta": 5.471733}}
{"target": 4.872993283666392, "params": {"u": 4.436265113088892, "v": 4.160483059247557, "x": 3.6789894122844577, "y": 4.156497988476573}, "datetime": {"datetime": "2024-02-27 11:00:44", "elapsed": 1625.7311, "delta": 14.031406}}
{"target": 0.14187167898244155, "params": {"u": 1.5967149560181066, "v": 10.0, "x": 6.878872400564295, "y": 10.0}, "datetime": {"datetime": "2024-02-27 11:00:58", "elapsed": 1640.021504, "delta": 14.290404}}
{"target": 0.23597640565765873, "params": {"u": 0.0, "v": 3.113395472683354, "x": 3.1990722861139074, "y": 5.415901703017911}, "datetime": {"datetime": "2024-02-27 11:01:12", "elapsed": 1653.40576, "delta": 13.384256}}
{"target": 9.696117009762627, "params": {"u": 4.918918975382298, "v": 4.769573121923937, "x": 3.9230292367281994, "y": 4.055242660698427}, "datetime": {"datetime": "2024-02-27 11:01:20", "elapsed": 1661.227724, "delta": 7.821964}}
{"target": 3.876578630141793, "params": {"u": 4.7175074996403605, "v": 4.7641405984518865, "x": 3.9129493302092424, "y": 4.43277096699168}, "datetime": {"datetime": "2024-02-27 11:01:23", "elapsed": 1664.524273, "delta": 3.296549}}
{"target": 0.20342965648507602, "params": {"u": 1.8556224433657587, "v": 6.922284093018273, "x": 5.57117365981798, "y": 0.6832994152090843}, "datetime": {"datetime": "2024-02-27 11:01:28", "elapsed": 1669.843825, "delta": 5.319552}}
{"target": 0.32712978843383606, "params": {"u": 4.270858569085649, "v": 0.6103822070017206, "x": 6.638263887457061, "y": 4.410657483760241}, "datetime": {"datetime": "2024-02-27 11:01:33", "elapsed": 1674.750849, "delta": 4.907024}}
{"target": 0.13529495061341434, "params": {"u": 7.106067048018584, "v": 0.13854236389370223, "x": 6.123786393022151, "y": 9.95158637373891}, "datetime": {"datetime": "2024-02-27 11:01:43", "elapsed": 1684.584053, "delta": 9.833204}}
{"target": 0.13268891608253905, "params": {"u": 9.422270051448647, "v": 0.16323492836229136, "x": 0.007671484283028329, "y": 2.815434100609999}, "datetime": {"datetime": "2024-02-27 11:01:52", "elapsed": 1694.061341, "delta": 9.477288}}
{"target": 0.2938303061885854, "params": {"u": 3.221698149628156, "v": 8.422687804264783, "x": 7.119631242975647, "y": 6.152920540782999}, "datetime": {"datetime": "2024-02-27 11:01:56", "elapsed": 1697.466831, "delta": 3.40549}}
{"target": 6.745946744925406, "params": {"u": 4.340771429710727, "v": 4.780954987842643, "x": 4.113525352348849, "y": 3.7781551961969697}, "datetime": {"datetime": "2024-02-27 11:02:08", "elapsed": 1709.801615, "delta": 12.334784}}
{"target": 0.1653803277902228, "params": {"u": 1.8271431942285332, "v": 8.950319343863702, "x": 7.843775443431631, "y": 8.743721363201384}, "datetime": {"datetime": "2024-02-27 11:02:12", "elapsed": 1714.186099, "delta": 4.384484}}
{"target": 1.5299900637235115, "params": {"u": 4.75382855081881, "v": 3.8920219954711657, "x": 4.167816150539174, "y": 3.948115152601809}, "datetime": {"datetime": "2024-02-27 11:02:25", "elapsed": 1726.989577, "delta": 12.803478}}
{"target": 0.29219879491802153, "params": {"u": 5.353978567476412, "v": 0.5558493703634193, "x": 3.741134646462323, "y": 5.426089493446638}, "datetime": {"datetime": "2024-02-27 11:02:30", "elapsed": 1731.723154, "delta": 4.733577}}
{"target": 0.4331821383569342, "params": {"u": 3.67999123080879, "v": 1.626483095733069, "x": 4.433267241898924, "y": 2.447038580079366}, "datetime": {"datetime": "2024-02-27 11:02:37", "elapsed": 1738.492386, "delta": 6.769232}}
{"target": 0.19512034213260535, "params": {"u": 3.488399173883422, "v": 7.3203988095077515, "x": 10.0, "y": 4.664348194307459}, "datetime": {"datetime": "2024-02-27 11:02:48", "elapsed": 1750.024622, "delta": 11.532236}}
{"target": 0.15643802194964693, "params": {"u": 6.916876496686497, "v": 0.008397488813539633, "x": 0.01050983873192246, "y": 5.84197117125611}, "datetime": {"datetime": "2024-02-27 11:02:59", "elapsed": 1760.235058, "delta": 10.210436}}
{"target": 0.4066473273638166, "params": {"u": 6.9703684218714965, "v": 2.8651062932698412, "x": 2.3482826396163192, "y": 4.016725807647771}, "datetime": {"datetime": "2024-02-27 11:03:03", "elapsed": 1764.934801, "delta": 4.699743}}
{"target": 0.7949381589452078, "params": {"u": 8.042535471338986, "v": 8.506233038467476, "x": 8.500705484648549, "y": 6.906817225280073}, "datetime": {"datetime": "2024-02-27 11:03:08", "elapsed": 1769.326135, "delta": 4.391334}}
{"target": 0.17825788714190988, "params": {"u": 2.8808728133090384, "v": 7.299221770281819, "x": 0.0, "y": 2.2378581775829938}, "datetime": {"datetime": "2024-02-27 11:03:19", "elapsed": 1781.03498, "delta": 11.708845}}
{"target": 0.11286343125035674, "params": {"u": 1.8688221061440835, "v": 9.71460050261453, "x": 8.663247729882285, "y": 0.3910742096353037}, "datetime": {"datetime": "2024-02-27 11:03:24", "elapsed": 1785.964795, "delta": 4.929815}}
{"target": 0.1890736104204085, "params": {"u": 7.25983148686045, "v": 2.233437933241561, "x": 7.1554394205275305, "y": 9.349955916039175}, "datetime": {"datetime": "2024-02-27 11:03:28", "elapsed": 1789.890159, "delta": 3.925364}}
{"target": 9.448671199541401, "params": {"u": 4.0970032343954905, "v": 4.576452430038285, "x": 4.083671550088734, "y": 3.9261179983363323}, "datetime": {"datetime": "2024-02-27 11:03:38", "elapsed": 1800.176677, "delta": 10.286518}}
{"target": 0.32674642137742615, "params": {"u": 6.055762904163074, "v": 0.0, "x": 3.0590549654514154, "y": 2.550674929569837}, "datetime": {"datetime": "2024-02-27 11:03:46", "elapsed": 1807.774803, "delta": 7.598126}}
{"target": 0.3712080073435894, "params": {"u": 5.868271738592611, "v": 5.940323907233902, "x": 7.893623311416723, "y": 1.187715451314334}, "datetime": {"datetime": "2024-02-27 11:03:51", "elapsed": 1812.629107, "delta": 4.854304}}
{"target": 0.43016635791440555, "params": {"u": 5.5351863728738735, "v": 3.3940344678740972, "x": 4.748719536156355, "y": 6.89538218611085}, "datetime": {"datetime": "2024-02-27 11:03:55", "elapsed": 1816.540656, "delta": 3.911549}}
{"target": 0.39721661060348806, "params": {"u": 9.023223556384007, "v": 2.685636790827668, "x": 6.106171731287783, "y": 4.472949807608995}, "datetime": {"datetime": "2024-02-27 11:04:00", "elapsed": 1821.417724, "delta": 4.877068}}
{"target": 0.19199298691501976, "params": {"u": 10.0, "v": 5.22032219843664, "x": 2.0475844543714286, "y": 4.652130695048}, "datetime": {"datetime": "2024-02-27 11:04:17", "elapsed": 1838.396028, "delta": 16.978304}}
{"target": 1.5069319256349976, "params": {"u": 4.268911128559374, "v": 3.969498124570844, "x": 4.041060223615923, "y": 4.0221915565926745}, "datetime": {"datetime": "2024-02-27 11:04:26", "elapsed": 1847.800787, "delta": 9.404759}}
{"target": 0.2951594145766077, "params": {"u": 1.6626454753978237, "v": 6.755981729996877, "x": 3.8947546595585045, "y": 8.913679752762244}, "datetime": {"datetime": "2024-02-27 11:04:31", "elapsed": 1853.123801, "delta": 5.323014}}
