{"target": 17.62431511150553, "params": {"u": 2.0, "x": 1.1728959410341853, "y": -4.52411827879196}, "datetime": {"datetime": "2024-02-27 23:07:20", "elapsed": 97.237164, "delta": 1.144318}}
{"target": -18.0, "params": {"u": 0.0, "x": 3.0, "y": -5.0}, "datetime": {"datetime": "2024-02-27 23:07:21", "elapsed": 98.497011, "delta": 1.259847}}
{"target": 9.90944660105282, "params": {"u": 1.7210943589133696, "x": -0.025788598450716016, "y": -0.976780097835861}, "datetime": {"datetime": "2024-02-27 23:07:23", "elapsed": 99.994652, "delta": 1.497641}}
{"target": 19.61330351014342, "params": {"u": 2.0, "x": -0.6218492501053446, "y": -2.7429291339089534}, "datetime": {"datetime": "2024-02-27 23:07:24", "elapsed": 101.152379, "delta": 1.157727}}
{"target": -6.462890353586811, "params": {"u": 0.0, "x": 1.1503430908358043, "y": -1.888113056653354}, "datetime": {"datetime": "2024-02-27 23:07:25", "elapsed": 102.191122, "delta": 1.038743}}
{"target": 6.836779529993205, "params": {"u": 1.9971643323910622, "x": -0.7150758511527213, "y": -4.621359492751704}, "datetime": {"datetime": "2024-02-27 23:07:26", "elapsed": 103.782082, "delta": 1.59096}}
{"target": 4.093942622629566, "params": {"u": 1.6575938483906563, "x": 1.7846110908218322, "y": 3.215242972202221}, "datetime": {"datetime": "2024-02-27 23:07:27", "elapsed": 104.814712, "delta": 1.03263}}
{"target": 18.0, "params": {"u": 2.0, "x": -1.0, "y": 5.0}, "datetime": {"datetime": "2024-02-27 23:07:29", "elapsed": 106.30126, "delta": 1.486548}}
{"target": 7.415035296671665, "params": {"u": 1.9671036101734811, "x": 0.9374053807843015, "y": 3.483372464068829}, "datetime": {"datetime": "2024-02-27 23:07:30", "elapsed": 107.579474, "delta": 1.278214}}
{"target": 19.059337907281705, "params": {"u": 2.0, "x": 0.9698773596276457, "y": 4.45514520909324}, "datetime": {"datetime": "2024-02-27 23:07:31", "elapsed": 108.485048, "delta": 0.905574}}
{"target": 9.972206116301006, "params": {"u": 1.5885798506307447, "x": -0.009055184720247163, "y": 2.380414419978113}, "datetime": {"datetime": "2024-02-27 23:07:33", "elapsed": 110.177968, "delta": 1.69292}}
{"target": 19.6649851269349, "params": {"u": 2.0, "x": -0.5788046933682378, "y": 3.324172878521075}, "datetime": {"datetime": "2024-02-27 23:07:34", "elapsed": 111.28028, "delta": 1.102312}}
{"target": 18.0, "params": {"u": 2.0, "x": -1.0, "y": -3.7364717787662474}, "datetime": {"datetime": "2024-02-27 23:07:35", "elapsed": 112.423413, "delta": 1.143133}}
{"target": 16.962194897509086, "params": {"u": 2.0, "x": 1.427517111102671, "y": 2.563268085524715}, "datetime": {"datetime": "2024-02-27 23:07:37", "elapsed": 113.847932, "delta": 1.424519}}
{"target": -18.0, "params": {"u": 0.0, "x": 3.0, "y": 0.9275155834266123}, "datetime": {"datetime": "2024-02-27 23:07:38", "elapsed": 115.096467, "delta": 1.248535}}
{"target": 2.0, "params": {"u": 2.0, "x": 3.0, "y": 1.8211828352163761}, "datetime": {"datetime": "2024-02-27 23:07:39", "elapsed": 115.839054, "delta": 0.742587}}
{"target": -2.0, "params": {"u": 0.0, "x": -1.0, "y": -3.6382782913362153}, "datetime": {"datetime": "2024-02-27 23:07:40", "elapsed": 117.786541, "delta": 1.947487}}
{"target": 3.857032248748247, "params": {"u": 1.5811659502360675, "x": 1.4648487532486407, "y": 4.2456992321859754}, "datetime": {"datetime": "2024-02-27 23:07:42", "elapsed": 119.405409, "delta": 1.618868}}
{"target": 18.0, "params": {"u": 2.0, "x": -1.0, "y": 2.3397441616186128}, "datetime": {"datetime": "2024-02-27 23:07:43", "elapsed": 120.621253, "delta": 1.215844}}
{"target": 6.782066474343278, "params": {"u": 1.9835101866838987, "x": -0.5695490186535985, "y": 0.2631644215056106}, "datetime": {"datetime": "2024-02-27 23:07:45", "elapsed": 121.945483, "delta": 1.32423}}
{"target": 19.735811365302975, "params": {"u": 2.0, "x": -0.5139928352584554, "y": 0.9706730576581234}, "datetime": {"datetime": "2024-02-27 23:07:46", "elapsed": 123.71505, "delta": 1.769567}}
{"target": -2.0, "params": {"u": 0.0, "x": -1.0, "y": -1.0637475718275038}, "datetime": {"datetime": "2024-02-27 23:07:48", "elapsed": 125.229198, "delta": 1.514148}}
{"target": 19.623737476972824, "params": {"u": 2.0, "x": 0.6134024152440039, "y": -4.735551072571877}, "datetime": {"datetime": "2024-02-27 23:07:49", "elapsed": 126.176628, "delta": 0.94743}}
{"target": 19.733167756558373, "params": {"u": 2.0, "x": -0.5165580736389923, "y": 4.61830102811521}, "datetime": {"datetime": "2024-02-27 23:07:50", "elapsed": 126.993062, "delta": 0.816434}}
{"target": 11.40384080274239, "params": {"u": 2.0, "x": 2.143865480215027, "y": -2.81661547440748}, "datetime": {"datetime": "2024-02-27 23:07:51", "elapsed": 127.848448, "delta": 0.855386}}
{"target": 6.969457207521721, "params": {"u": 1.546614507259362, "x": 0.48119667417877326, "y": 5.0}, "datetime": {"datetime": "2024-02-27 23:07:52", "elapsed": 128.845513, "delta": 0.997065}}
{"target": 6.356535270249868, "params": {"u": 1.5323056085922568, "x": 1.0095348701725122, "y": -4.823119108288919}, "datetime": {"datetime": "2024-02-27 23:07:53", "elapsed": 130.685359, "delta": 1.839846}}
{"target": 9.808436916314754, "params": {"u": 1.7871870623287256, "x": 0.047164998812733866, "y": 0.4357302066153444}, "datetime": {"datetime": "2024-02-27 23:07:55", "elapsed": 132.398114, "delta": 1.712755}}
{"target": 3.698617824369336, "params": {"u": 1.306991625088794, "x": 1.5784561437518771, "y": 0.47905104749260274}, "datetime": {"datetime": "2024-02-27 23:07:57", "elapsed": 133.888875, "delta": 1.490761}}
{"target": 7.41930665766791, "params": {"u": 1.500543209506946, "x": -0.9464585570339477, "y": 3.7961090902692955}, "datetime": {"datetime": "2024-02-27 23:07:58", "elapsed": 135.363582, "delta": 1.474707}}
{"target": 6.770244824517633, "params": {"u": 1.9868382725083604, "x": -0.5802642906085209, "y": -1.45025049693876}, "datetime": {"datetime": "2024-02-27 23:07:59", "elapsed": 136.549506, "delta": 1.185924}}
{"target": -16.049671475599588, "params": {"u": 0.0, "x": 1.304340580097979, "y": 5.0}, "datetime": {"datetime": "2024-02-27 23:08:01", "elapsed": 138.427315, "delta": 1.877809}}
{"target": -4.598152235779354, "params": {"u": 0.0, "x": 0.1587003932168502, "y": 3.1110572984231375}, "datetime": {"datetime": "2024-02-27 23:08:02", "elapsed": 139.379318, "delta": 0.952003}}
{"target": -12.983584275696584, "params": {"u": 0.0, "x": 0.2967531881175784, "y": 0.9060966022075941}, "datetime": {"datetime": "2024-02-27 23:08:03", "elapsed": 140.413698, "delta": 1.03438}}
{"target": 9.979590393346513, "params": {"u": 1.997486838536085, "x": -0.006782906753566742, "y": -1.1620527224648294}, "datetime": {"datetime": "2024-02-27 23:08:04", "elapsed": 141.829204, "delta": 1.415506}}
{"target": 6.747705038443442, "params": {"u": 1.997182842621279, "x": -0.6297362590798401, "y": 3.3361630752958735}, "datetime": {"datetime": "2024-02-27 23:08:05", "elapsed": 142.762392, "delta": 0.933188}}
{"target": -21.70593621391176, "params": {"u": 0.3519584729738081, "x": 1.417804148851224, "y": 0.3222179819030888}, "datetime": {"datetime": "2024-02-27 23:08:07", "elapsed": 144.661211, "delta": 1.898819}}
{"target": 9.845756517895197, "params": {"u": 1.9553891711911005, "x": -0.03980800023482933, "y": 1.662732993832999}, "datetime": {"datetime": "2024-02-27 23:08:09", "elapsed": 146.079803, "delta": 1.418592}}
{"target": 9.939669848643494, "params": {"u": 1.9861911851163128, "x": -0.018214896510144296, "y": -0.567244958737664}, "datetime": {"datetime": "2024-02-27 23:08:11", "elapsed": 148.374822, "delta": 2.295019}}
{"target": -20.2326565531068, "params": {"u": 0.001402790144531485, "x": -0.5122859162772899, "y": -0.09116148392900403}, "datetime": {"datetime": "2024-02-27 23:08:13", "elapsed": 149.842466, "delta": 1.467644}}
{"target": -8.416438703274927, "params": {"u": 0.27028097128076833, "x": 0.22388203529665862, "y": 4.251911467149318}, "datetime": {"datetime": "2024-02-27 23:08:14", "elapsed": 151.168952, "delta": 1.326486}}
{"target": 6.753363642786887, "params": {"u": 1.4322653362657511, "x": 0.6028040125680851, "y": -1.9905837289164707}, "datetime": {"datetime": "2024-02-27 23:08:15", "elapsed": 152.067799, "delta": 0.898847}}
{"target": -5.7987499369437785, "params": {"u": 0.9786109368565381, "x": -0.8313631617890604, "y": 0.9544276828419642}, "datetime": {"datetime": "2024-02-27 23:08:15", "elapsed": 152.727905, "delta": 0.660106}}
{"target": 8.413881848953064, "params": {"u": 1.3975555460715328, "x": 0.2279460045644237, "y": -3.6931232369752443}, "datetime": {"datetime": "2024-02-27 23:08:17", "elapsed": 153.928707, "delta": 1.200802}}
{"target": -3.124876617618863, "params": {"u": 0.99838464505891, "x": -0.12898632160440693, "y": -2.463619535137147}, "datetime": {"datetime": "2024-02-27 23:08:17", "elapsed": 154.617414, "delta": 0.688707}}
{"target": -22.94402480797079, "params": {"u": 0.8125619675981495, "x": 1.4673879129687584, "y": -2.2013235805372577}, "datetime": {"datetime": "2024-02-27 23:08:18", "elapsed": 155.353867, "delta": 0.736453}}
{"target": -13.01172447420355, "params": {"u": 0.5132698853794153, "x": 1.7677544263040312, "y": 2.355671237689738}, "datetime": {"datetime": "2024-02-27 23:08:19", "elapsed": 156.289485, "delta": 0.935618}}
{"target": 19.90120955348297, "params": {"u": 2.0, "x": -0.31430947570353096, "y": 3.256526148093374}, "datetime": {"datetime": "2024-02-27 23:08:20", "elapsed": 157.752263, "delta": 1.462778}}
{"target": 8.397566601032452, "params": {"u": 1.9847689721884736, "x": -0.22993015987655596, "y": 0.2733080573868216}, "datetime": {"datetime": "2024-02-27 23:08:22", "elapsed": 159.348364, "delta": 1.596101}}
{"target": 1.648631480826241, "params": {"u": 1.1853850548378813, "x": 2.30766518789104, "y": -1.6665071954209076}, "datetime": {"datetime": "2024-02-27 23:08:23", "elapsed": 160.23763, "delta": 0.889266}}
{"target": 9.700011928287534, "params": {"u": 1.227936975009714, "x": -0.0662273743606403, "y": -3.6338257865416557}, "datetime": {"datetime": "2024-02-27 23:08:24", "elapsed": 161.282112, "delta": 1.044482}}
{"target": -9.174933154979215, "params": {"u": 0.7692629336025534, "x": 0.23596430589849282, "y": -2.446484914668191}, "datetime": {"datetime": "2024-02-27 23:08:25", "elapsed": 162.115938, "delta": 0.833826}}
{"target": -18.983085310763098, "params": {"u": 0.8471951321894038, "x": -0.4214131548614035, "y": 3.379905289945194}, "datetime": {"datetime": "2024-02-27 23:08:26", "elapsed": 162.889234, "delta": 0.773296}}
{"target": -24.471233811348675, "params": {"u": 0.9734082559053565, "x": 2.333787111659993, "y": 4.776997272748529}, "datetime": {"datetime": "2024-02-27 23:08:27", "elapsed": 163.83837, "delta": 0.949136}}
{"target": 7.238374375067817, "params": {"u": 1.69708364775133, "x": -0.4094690283323481, "y": -0.2491340752744815}, "datetime": {"datetime": "2024-02-27 23:08:27", "elapsed": 164.812845, "delta": 0.974475}}
{"target": -11.515390921383952, "params": {"u": 0.09862291941757895, "x": 1.2339423230452042, "y": 0.9074832350225126}, "datetime": {"datetime": "2024-02-27 23:08:29", "elapsed": 166.384396, "delta": 1.571551}}
{"target": 6.963673870252954, "params": {"u": 1.9285127699752393, "x": -0.48312801961628793, "y": 3.063004776241492}, "datetime": {"datetime": "2024-02-27 23:08:31", "elapsed": 168.006868, "delta": 1.622472}}
{"target": -0.9578686334707456, "params": {"u": 0.7035688377578915, "x": -0.07004606403111335, "y": -3.6900529563266335}, "datetime": {"datetime": "2024-02-27 23:08:32", "elapsed": 169.217867, "delta": 1.210999}}
{"target": 5.7659073744891565, "params": {"u": 1.175639596141391, "x": 1.1291691957735321, "y": 2.9511376268139777}, "datetime": {"datetime": "2024-02-27 23:08:33", "elapsed": 170.740855, "delta": 1.522988}}
{"target": -1.514191826060589, "params": {"u": 0.6675074154420069, "x": 0.08849290905889395, "y": -0.15019107791353647}, "datetime": {"datetime": "2024-02-27 23:08:35", "elapsed": 172.442829, "delta": 1.701974}}
{"target": 9.535629242692973, "params": {"u": 1.5456973724208698, "x": -0.09111710026923392, "y": -2.1162437418796234}, "datetime": {"datetime": "2024-02-27 23:08:37", "elapsed": 174.454896, "delta": 2.012067}}
{"target": 7.416924438013925, "params": {"u": 1.8259069827589551, "x": -0.37300637907585577, "y": 3.561885388531662}, "datetime": {"datetime": "2024-02-27 23:08:39", "elapsed": 176.574106, "delta": 2.11921}}
{"target": -12.574338795448751, "params": {"u": 0.4140033159329912, "x": 0.7169729611779743, "y": 2.6852015187076503}, "datetime": {"datetime": "2024-02-27 23:08:40", "elapsed": 177.734267, "delta": 1.160161}}
{"target": 0.9770519629140271, "params": {"u": 1.3342315877211957, "x": 2.5178793681045586, "y": 1.0121833668422138}, "datetime": {"datetime": "2024-02-27 23:08:42", "elapsed": 178.854051, "delta": 1.119784}}
{"target": 7.3893907106600665, "params": {"u": 1.9086849602306057, "x": 0.9148622392878516, "y": -2.2867107228738783}, "datetime": {"datetime": "2024-02-27 23:08:42", "elapsed": 179.50469, "delta": 0.650639}}
{"target": -4.987147632216857, "params": {"u": 0.027769699619272004, "x": 1.9838305603626027, "y": -4.131385369415997}, "datetime": {"datetime": "2024-02-27 23:08:43", "elapsed": 180.359997, "delta": 0.855307}}
{"target": 19.752383802717368, "params": {"u": 2.0, "x": 0.4976104875127058, "y": 0.7005784613828221}, "datetime": {"datetime": "2024-02-27 23:08:44", "elapsed": 181.215268, "delta": 0.855271}}
{"target": -9.877228993059216, "params": {"u": 0.6060099568921746, "x": 2.0887354260729296, "y": 1.7976546641542335}, "datetime": {"datetime": "2024-02-27 23:08:45", "elapsed": 182.538914, "delta": 1.323646}}
{"target": -10.886016761904198, "params": {"u": 0.6779536095594312, "x": 0.26301491170120883, "y": -1.3686200335230447}, "datetime": {"datetime": "2024-02-27 23:08:46", "elapsed": 183.571014, "delta": 1.0321}}
{"target": -17.13011650254964, "params": {"u": 0.09985696463041549, "x": -0.6325014352138716, "y": -2.543861928834117}, "datetime": {"datetime": "2024-02-27 23:08:48", "elapsed": 184.85917, "delta": 1.288156}}
{"target": 3.804032191358843, "params": {"u": 1.7295817428272744, "x": 1.690192557782976, "y": 0.7966509867670553}, "datetime": {"datetime": "2024-02-27 23:08:49", "elapsed": 185.842931, "delta": 0.983761}}
{"target": -17.965230518231984, "params": {"u": 0.09964380016364949, "x": -0.39267156662529645, "y": -0.7908076639560138}, "datetime": {"datetime": "2024-02-27 23:08:50", "elapsed": 187.262921, "delta": 1.41999}}
{"target": 6.8676437581547525, "params": {"u": 1.0287999038161026, "x": -0.7296038746446447, "y": 0.693943568629674}, "datetime": {"datetime": "2024-02-27 23:08:51", "elapsed": 188.132916, "delta": 0.869995}}
{"target": -15.14747375795448, "params": {"u": 0.6565906577719072, "x": 0.6722060501749447, "y": -4.288570197892562}, "datetime": {"datetime": "2024-02-27 23:08:52", "elapsed": 189.002244, "delta": 0.869328}}
{"target": -4.551449207983541, "params": {"u": 0.2563696306840022, "x": -0.8560564257099901, "y": -1.6855660927610527}, "datetime": {"datetime": "2024-02-27 23:08:53", "elapsed": 190.076112, "delta": 1.073868}}
{"target": -1.1682875374703734, "params": {"u": 0.2718536947340653, "x": -0.9653218232470238, "y": -3.175301053849781}, "datetime": {"datetime": "2024-02-27 23:08:54", "elapsed": 190.912948, "delta": 0.836836}}
{"target": 19.505933170159707, "params": {"u": 2.0, "x": 0.7028988759702872, "y": -0.8562935041263973}, "datetime": {"datetime": "2024-02-27 23:08:55", "elapsed": 192.761767, "delta": 1.848819}}
{"target": 8.763808839685264, "params": {"u": 1.860277859013143, "x": 0.1864404676309626, "y": -1.6190015858206774}, "datetime": {"datetime": "2024-02-27 23:08:57", "elapsed": 194.314203, "delta": 1.552436}}
{"target": 4.933372098768377, "params": {"u": 1.932581641125729, "x": 1.2421863866919511, "y": -2.6955377218834786}, "datetime": {"datetime": "2024-02-27 23:08:58", "elapsed": 195.727381, "delta": 1.413178}}
{"target": 6.834036415570029, "params": {"u": 1.6578226400816405, "x": -0.536260954132882, "y": 0.1254313211712974}, "datetime": {"datetime": "2024-02-27 23:09:00", "elapsed": 196.966324, "delta": 1.238943}}
{"target": 8.221693960466272, "params": {"u": 1.803545817809037, "x": 0.251772359826104, "y": 1.2250533415283544}, "datetime": {"datetime": "2024-02-27 23:09:02", "elapsed": 198.833794, "delta": 1.86747}}
{"target": 7.197372033171916, "params": {"u": 1.829196949035226, "x": -0.8401791912661878, "y": -0.29502443917902443}, "datetime": {"datetime": "2024-02-27 23:09:03", "elapsed": 200.220567, "delta": 1.386773}}
{"target": 7.332631625840008, "params": {"u": 1.9502576063300214, "x": 0.886929021436933, "y": 1.991499421364157}, "datetime": {"datetime": "2024-02-27 23:09:04", "elapsed": 201.086683, "delta": 0.866116}}
{"target": 9.946178024156847, "params": {"u": 1.5537441619586014, "x": 0.016478296465851194, "y": -4.641125717461732}, "datetime": {"datetime": "2024-02-27 23:09:05", "elapsed": 202.529098, "delta": 1.442415}}
{"target": 19.985046938205205, "params": {"u": 2.0, "x": -0.12228271257538238, "y": -3.6127215119764173}, "datetime": {"datetime": "2024-02-27 23:09:07", "elapsed": 204.598904, "delta": 2.069806}}
{"target": -16.62338364694616, "params": {"u": 0.6243143709675618, "x": 2.213456007162292, "y": -3.478453721326095}, "datetime": {"datetime": "2024-02-27 23:09:08", "elapsed": 205.594474, "delta": 0.99557}}
{"target": 1.9349993304071322, "params": {"u": 1.472030570702999, "x": 2.910069193962723, "y": -4.663306353198104}, "datetime": {"datetime": "2024-02-27 23:09:10", "elapsed": 207.109677, "delta": 1.515203}}
{"target": -19.275081722505234, "params": {"u": 0.9468103729329249, "x": 1.6567355702919846, "y": -1.4780898032290848}, "datetime": {"datetime": "2024-02-27 23:09:11", "elapsed": 208.084757, "delta": 0.97508}}
{"target": 7.406022728698467, "params": {"u": 1.9977545624631035, "x": 0.9760808843572897, "y": -1.6807258576356867}, "datetime": {"datetime": "2024-02-27 23:09:13", "elapsed": 209.880845, "delta": 1.796088}}
{"target": 6.0782614093805485, "params": {"u": 1.6635478667001844, "x": 1.0800644367487489, "y": 3.4838862190197677}, "datetime": {"datetime": "2024-02-27 23:09:13", "elapsed": 210.643869, "delta": 0.763024}}
{"target": -7.177418242564899, "params": {"u": 0.1481682040583705, "x": 1.881725502629536, "y": 3.572648446769467}, "datetime": {"datetime": "2024-02-27 23:09:14", "elapsed": 211.802777, "delta": 1.158908}}
{"target": 19.66170237058964, "params": {"u": 2.0, "x": -0.5816335869001704, "y": 1.8844570155210532}, "datetime": {"datetime": "2024-02-27 23:09:16", "elapsed": 213.376529, "delta": 1.573752}}
{"target": 2.0748558612374897, "params": {"u": 1.2521336532003524, "x": 2.238181124396126, "y": -1.2099537540683802}, "datetime": {"datetime": "2024-02-27 23:09:18", "elapsed": 215.53366, "delta": 2.157131}}
{"target": 7.418977141589419, "params": {"u": 1.1884355862261562, "x": -0.9453333020039554, "y": 1.0448649385678523}, "datetime": {"datetime": "2024-02-27 23:09:19", "elapsed": 216.376956, "delta": 0.843296}}
{"target": 19.970165789378182, "params": {"u": 2.0, "x": 0.17272582499967787, "y": 2.7347564007861265}, "datetime": {"datetime": "2024-02-27 23:09:20", "elapsed": 217.77167, "delta": 1.394714}}
{"target": 7.3725747815923555, "params": {"u": 1.7337139174568792, "x": 0.381528969021125, "y": -4.864735163627562}, "datetime": {"datetime": "2024-02-27 23:09:22", "elapsed": 219.137438, "delta": 1.365768}}
{"target": -12.395042193052383, "params": {"u": 0.37030046891895907, "x": 0.7199530660780766, "y": 4.599433920622609}, "datetime": {"datetime": "2024-02-27 23:09:23", "elapsed": 220.23535, "delta": 1.097912}}
{"target": -20.26651532405746, "params": {"u": 0.23268652577334636, "x": 1.6354514720095774, "y": 0.41427513155420126}, "datetime": {"datetime": "2024-02-27 23:09:24", "elapsed": 221.377183, "delta": 1.141833}}
{"target": 6.956513797349103, "params": {"u": 1.249831996160375, "x": -0.4855547387550301, "y": 1.6960585614060122}, "datetime": {"datetime": "2024-02-27 23:09:25", "elapsed": 222.13894, "delta": 0.761757}}
{"target": 6.750492224440599, "params": {"u": 1.940733923980899, "x": -0.6094262367936909, "y": -2.301984923660485}, "datetime": {"datetime": "2024-02-27 23:09:27", "elapsed": 224.120613, "delta": 1.981673}}
{"target": 19.658062630475463, "params": {"u": 2.0, "x": -0.5847541103100843, "y": -3.188031905603851}, "datetime": {"datetime": "2024-02-27 23:09:28", "elapsed": 225.338518, "delta": 1.217905}}
{"target": 1.5716659668197686, "params": {"u": 1.0548835469687028, "x": 2.3222225754973858, "y": -0.42075399620784637}, "datetime": {"datetime": "2024-02-27 23:09:29", "elapsed": 226.380341, "delta": 1.041823}}
{"target": 7.398591911927774, "params": {"u": 1.998819796662573, "x": -0.981639063295523, "y": 4.090286066419594}, "datetime": {"datetime": "2024-02-27 23:09:31", "elapsed": 227.881765, "delta": 1.501424}}
{"target": 19.428859042500882, "params": {"u": 2.0, "x": 0.755738683341747, "y": 0.10700290796632593}, "datetime": {"datetime": "2024-02-27 23:09:32", "elapsed": 229.391006, "delta": 1.509241}}
{"target": -9.042524358567498, "params": {"u": 0.26998319030109497, "x": -0.7748968129801703, "y": 4.029301852710152}, "datetime": {"datetime": "2024-02-27 23:09:34", "elapsed": 231.071651, "delta": 1.680645}}
{"target": -14.33906684211508, "params": {"u": 0.14018875287651755, "x": 2.8993840389904477, "y": -0.9541312499364469}, "datetime": {"datetime": "2024-02-27 23:09:34", "elapsed": 231.751234, "delta": 0.679583}}
{"target": -3.47832828215153, "params": {"u": 0.5199255671047283, "x": -0.13653819632679376, "y": 1.1476732371530058}, "datetime": {"datetime": "2024-02-27 23:09:35", "elapsed": 232.669305, "delta": 0.918071}}
{"target": 7.036548797437298, "params": {"u": 1.6134546664217209, "x": 0.4603902326758478, "y": -3.1233731315221758}, "datetime": {"datetime": "2024-02-27 23:09:37", "elapsed": 233.965553, "delta": 1.296248}}
