{"target": 0.16718607843113806, "params": {"u": 9.148750830838027, "v": 8.0519792834861, "x": 8.979846405601066, "y": 1.5041150548318138}, "datetime": {"datetime": "2024-02-27 10:41:23", "elapsed": 464.916619, "delta": 2.006522}}
{"target": 2.1021100601101916, "params": {"u": 4.80937627861549, "v": 4.972569504807436, "x": 3.838530681036861, "y": 4.694250424250482}, "datetime": {"datetime": "2024-02-27 10:41:25", "elapsed": 466.937486, "delta": 2.020867}}
{"target": 1.2898994676552684, "params": {"u": 4.739311465398251, "v": 5.175794010134521, "x": 4.169417933348215, "y": 4.27923629062934}, "datetime": {"datetime": "2024-02-27 10:41:27", "elapsed": 468.983397, "delta": 2.045911}}
{"target": 2.40149570504609, "params": {"u": 5.670887390268855, "v": 3.843590560259942, "x": 4.7518818792116955, "y": 3.501426579824569}, "datetime": {"datetime": "2024-02-27 10:41:29", "elapsed": 471.103339, "delta": 2.119942}}
{"target": 7.8613914151916, "params": {"u": 4.789429217947427, "v": 4.76334529099503, "x": 3.819694842867932, "y": 3.940030436539439}, "datetime": {"datetime": "2024-02-27 10:41:34", "elapsed": 475.948347, "delta": 4.845008}}
{"target": 8.633604289870616, "params": {"u": 4.775512366334369, "v": 4.791166509476274, "x": 3.9174334823048356, "y": 4.127743459076782}, "datetime": {"datetime": "2024-02-27 10:41:36", "elapsed": 477.52464, "delta": 1.576293}}
{"target": 3.8028717782674635, "params": {"u": 5.109419367857014, "v": 3.2669870797788327, "x": 5.149597163963896, "y": 3.0663135247334514}, "datetime": {"datetime": "2024-02-27 10:41:37", "elapsed": 479.199484, "delta": 1.674844}}
{"target": 3.819816294594504, "params": {"u": 4.296132544222939, "v": 4.59391776973202, "x": 3.9377614240177126, "y": 4.442924671765644}, "datetime": {"datetime": "2024-02-27 10:41:40", "elapsed": 481.32683, "delta": 2.127346}}
{"target": 0.16483713893387553, "params": {"u": 2.90792993118652, "v": 3.6483130253000517, "x": 6.693200231320592, "y": 9.866218709314785}, "datetime": {"datetime": "2024-02-27 10:41:41", "elapsed": 482.362347, "delta": 1.035517}}
{"target": 2.9628190037964446, "params": {"u": 5.368023660548697, "v": 3.637503909608503, "x": 5.367924971638695, "y": 3.125421310857824}, "datetime": {"datetime": "2024-02-27 10:41:44", "elapsed": 485.846137, "delta": 3.48379}}
{"target": 4.323398290100037, "params": {"u": 4.441592191098876, "v": 4.637607664792545, "x": 3.9337274232296604, "y": 4.39562901999266}, "datetime": {"datetime": "2024-02-27 10:41:47", "elapsed": 488.270099, "delta": 2.423962}}
{"target": 6.409411241348529, "params": {"u": 4.180382221694174, "v": 4.658039292779128, "x": 3.8032974395188623, "y": 3.8235967527870973}, "datetime": {"datetime": "2024-02-27 10:41:53", "elapsed": 494.587535, "delta": 6.317436}}
{"target": 0.47006446826484344, "params": {"u": 5.480723297833949, "v": 7.997543061590726, "x": 2.7381735644551863, "y": 5.627221028328604}, "datetime": {"datetime": "2024-02-27 10:41:55", "elapsed": 496.430173, "delta": 1.842638}}
{"target": 3.366365142613708, "params": {"u": 4.442505912683224, "v": 4.716125551424479, "x": 3.590932058679278, "y": 3.7161095430392366}, "datetime": {"datetime": "2024-02-27 10:41:59", "elapsed": 500.512498, "delta": 4.082325}}
{"target": 1.25329151163109, "params": {"u": 5.05509761060297, "v": 4.518539490942205, "x": 3.4767210999653866, "y": 3.965388975886288}, "datetime": {"datetime": "2024-02-27 10:42:03", "elapsed": 504.425699, "delta": 3.913201}}
{"target": 2.372149670863914, "params": {"u": 4.893963848690986, "v": 4.883127727743669, "x": 4.4111732005590945, "y": 4.522153867463321}, "datetime": {"datetime": "2024-02-27 10:42:06", "elapsed": 507.217554, "delta": 2.791855}}
{"target": 1.528660819464853, "params": {"u": 4.078939089028671, "v": 3.8727248848218654, "x": 4.063531149100493, "y": 3.834961539245417}, "datetime": {"datetime": "2024-02-27 10:42:08", "elapsed": 509.673171, "delta": 2.455617}}
{"target": 1.1054072091493974, "params": {"u": 3.9155272128990335, "v": 4.505372837955395, "x": 3.4909136144872708, "y": 4.039100020918427}, "datetime": {"datetime": "2024-02-27 10:42:12", "elapsed": 513.812341, "delta": 4.13917}}
{"target": 0.5549248479974935, "params": {"u": 7.178760050411582, "v": 7.741560617485596, "x": 5.125787054595446, "y": 5.042290495372902}, "datetime": {"datetime": "2024-02-27 10:42:14", "elapsed": 516.03866, "delta": 2.226319}}
{"target": 0.5620105934370315, "params": {"u": 4.591530917744081, "v": 4.77891887516731, "x": 4.654786847969669, "y": 6.3595131414070485}, "datetime": {"datetime": "2024-02-27 10:42:18", "elapsed": 519.299025, "delta": 3.260365}}
{"target": 1.5525802475726675, "params": {"u": 4.8147137995626155, "v": 4.62690541081496, "x": 3.6474180305206385, "y": 4.817623404273892}, "datetime": {"datetime": "2024-02-27 10:42:21", "elapsed": 522.394213, "delta": 3.095188}}
{"target": 0.24513905692016877, "params": {"u": 2.808807575271416, "v": 3.886801359606306, "x": 8.727399947489916, "y": 2.7723789088158615}, "datetime": {"datetime": "2024-02-27 10:42:23", "elapsed": 524.362755, "delta": 1.968542}}
{"target": 0.8373810305937697, "params": {"u": 4.285227374874485, "v": 4.685072007080565, "x": 6.1049920412082015, "y": 3.6070114784161267}, "datetime": {"datetime": "2024-02-27 10:42:25", "elapsed": 526.372132, "delta": 2.009377}}
{"target": 1.249182653062855, "params": {"u": 4.572104358448868, "v": 5.187654362462906, "x": 3.702381731638468, "y": 4.17074322570344}, "datetime": {"datetime": "2024-02-27 10:42:27", "elapsed": 529.174965, "delta": 2.802833}}
{"target": 0.21507267373402036, "params": {"u": 5.780466500529185, "v": 1.9308845970655963, "x": 0.21450852208576232, "y": 1.0023900021312726}, "datetime": {"datetime": "2024-02-27 10:42:29", "elapsed": 530.980933, "delta": 1.805968}}
{"target": 1.1387463736227827, "params": {"u": 3.82436737638883, "v": 4.784911577317122, "x": 3.559827519121954, "y": 3.8596036095408026}, "datetime": {"datetime": "2024-02-27 10:42:31", "elapsed": 532.979061, "delta": 1.998128}}
{"target": 0.5588325554359865, "params": {"u": 6.1178435368997, "v": 3.2383647581936392, "x": 8.417117875700473, "y": 1.7803858162683428}, "datetime": {"datetime": "2024-02-27 10:42:33", "elapsed": 534.63483, "delta": 1.655769}}
{"target": 0.10976264068917557, "params": {"u": 0.6894281155438409, "v": 6.7910313479048305, "x": 9.61653677483026, "y": 9.82485529560356}, "datetime": {"datetime": "2024-02-27 10:42:35", "elapsed": 536.299217, "delta": 1.664387}}
{"target": 1.309708157903027, "params": {"u": 5.853220733998236, "v": 4.495791140690004, "x": 5.4473023236181675, "y": 3.5630879804965208}, "datetime": {"datetime": "2024-02-27 10:42:38", "elapsed": 539.587307, "delta": 3.28809}}
{"target": 2.530360656460329, "params": {"u": 5.493287883220849, "v": 3.355564321092902, "x": 4.90226808436956, "y": 3.505569642775023}, "datetime": {"datetime": "2024-02-27 10:42:40", "elapsed": 542.113561, "delta": 2.526254}}
{"target": 6.064397920622934, "params": {"u": 4.645078647692084, "v": 4.688609608131051, "x": 3.722510047682185, "y": 3.9482802918303728}, "datetime": {"datetime": "2024-02-27 10:42:43", "elapsed": 544.497596, "delta": 2.384035}}
{"target": 2.7362275586328635, "params": {"u": 4.566467806316101, "v": 4.475004877971368, "x": 4.427392600122429, "y": 4.415628772288166}, "datetime": {"datetime": "2024-02-27 10:42:46", "elapsed": 547.509869, "delta": 3.012273}}
{"target": 2.2087515154200186, "params": {"u": 4.0054678092051645, "v": 4.280838484684858, "x": 3.5125013452259535, "y": 3.5066226190044434}, "datetime": {"datetime": "2024-02-27 10:42:49", "elapsed": 550.857349, "delta": 3.34748}}
{"target": 3.534590786582898, "params": {"u": 5.296361389962873, "v": 3.189300072247846, "x": 5.1286244567022825, "y": 3.2047695234466906}, "datetime": {"datetime": "2024-02-27 10:42:51", "elapsed": 553.071027, "delta": 2.213678}}
{"target": 0.8941087533328979, "params": {"u": 3.9186212533437215, "v": 4.6322509983764535, "x": 4.26204449398389, "y": 3.0124946412843268}, "datetime": {"datetime": "2024-02-27 10:42:54", "elapsed": 556.153087, "delta": 3.08206}}
{"target": 0.15833525599621426, "params": {"u": 9.817364196216843, "v": 7.09943194322353, "x": 9.84958021370357, "y": 0.6944783094391582}, "datetime": {"datetime": "2024-02-27 10:42:57", "elapsed": 558.471501, "delta": 2.318414}}
{"target": 0.1893919311208842, "params": {"u": 0.9000278213532753, "v": 6.707176114342147, "x": 5.999160139719637, "y": 1.828655091745346}, "datetime": {"datetime": "2024-02-27 10:42:59", "elapsed": 560.376488, "delta": 1.904987}}
{"target": 3.167939202863316, "params": {"u": 4.59084967009315, "v": 4.782271170028122, "x": 4.305024827037966, "y": 4.43081919597499}, "datetime": {"datetime": "2024-02-27 10:43:00", "elapsed": 562.119745, "delta": 1.743257}}
{"target": 0.24584504092352302, "params": {"u": 2.3208031864881598, "v": 2.254488229358471, "x": 1.2526760239583412, "y": 5.676977976584846}, "datetime": {"datetime": "2024-02-27 10:43:02", "elapsed": 564.182409, "delta": 2.062664}}
{"target": 3.3561708647387154, "params": {"u": 4.377016787170332, "v": 4.206830395739502, "x": 3.5567421887448214, "y": 3.7726699155281262}, "datetime": {"datetime": "2024-02-27 10:43:07", "elapsed": 568.320019, "delta": 4.13761}}
{"target": 0.19939090441368312, "params": {"u": 9.420121436912078, "v": 7.813148214480989, "x": 9.926007298686612, "y": 3.1693931953969043}, "datetime": {"datetime": "2024-02-27 10:43:08", "elapsed": 570.12832, "delta": 1.808301}}
{"target": 2.724316971061584, "params": {"u": 4.528034984969653, "v": 4.040630060595358, "x": 3.640076618651209, "y": 4.459127692220147}, "datetime": {"datetime": "2024-02-27 10:43:11", "elapsed": 572.822157, "delta": 2.693837}}
{"target": 1.4209386167176121, "params": {"u": 5.388968183005734, "v": 4.229841449804721, "x": 5.351296472822216, "y": 3.1332536175317607}, "datetime": {"datetime": "2024-02-27 10:43:15", "elapsed": 576.696206, "delta": 3.874049}}
{"target": 4.3071563427129735, "params": {"u": 4.141158534936232, "v": 4.3463450732001805, "x": 3.640364563795387, "y": 3.818478581224083}, "datetime": {"datetime": "2024-02-27 10:43:16", "elapsed": 577.760445, "delta": 1.064239}}
{"target": 0.8882400867261557, "params": {"u": 5.216511966247936, "v": 5.045022820327509, "x": 3.5580490517010466, "y": 4.00829229763983}, "datetime": {"datetime": "2024-02-27 10:43:21", "elapsed": 582.388422, "delta": 4.627977}}
{"target": 2.9130265506124764, "params": {"u": 4.4976236843777055, "v": 4.769080302498616, "x": 3.595161090139094, "y": 3.6124967582804257}, "datetime": {"datetime": "2024-02-27 10:43:23", "elapsed": 584.798934, "delta": 2.410512}}
{"target": 2.625386315588672, "params": {"u": 5.595558907742636, "v": 3.3334697418398793, "x": 4.865314153895612, "y": 3.4673545623473623}, "datetime": {"datetime": "2024-02-27 10:43:25", "elapsed": 587.132316, "delta": 2.333382}}
{"target": 1.2482682903720528, "params": {"u": 3.667270526429409, "v": 4.362736051111034, "x": 4.206622089302172, "y": 4.208067565321158}, "datetime": {"datetime": "2024-02-27 10:43:32", "elapsed": 593.79655, "delta": 6.664234}}
{"target": 0.2933669578543114, "params": {"u": 7.557020697504504, "v": 7.345921523481442, "x": 3.7346790412258213, "y": 8.620534877118718}, "datetime": {"datetime": "2024-02-27 10:43:34", "elapsed": 595.416186, "delta": 1.619636}}
{"target": 0.25747043864430574, "params": {"u": 7.623261801649523, "v": 0.38272205548841476, "x": 9.517515785521908, "y": 4.242489265572578}, "datetime": {"datetime": "2024-02-27 10:43:37", "elapsed": 598.766097, "delta": 3.349911}}
{"target": 3.3088566534387662, "params": {"u": 5.653597322140146, "v": 3.474449220920117, "x": 4.730398006750014, "y": 3.12883264222707}, "datetime": {"datetime": "2024-02-27 10:43:41", "elapsed": 602.390113, "delta": 3.624016}}
{"target": 1.4919980252921572, "params": {"u": 5.539883747238231, "v": 4.051370523340142, "x": 5.122593004375249, "y": 3.34173941337341}, "datetime": {"datetime": "2024-02-27 10:43:43", "elapsed": 604.262362, "delta": 1.872249}}
{"target": 4.47275384806861, "params": {"u": 4.766562189486413, "v": 4.758248214424347, "x": 4.142878026693869, "y": 3.629028202187813}, "datetime": {"datetime": "2024-02-27 10:43:45", "elapsed": 606.904204, "delta": 2.641842}}
{"target": 0.29456517564534435, "params": {"u": 2.6375017433907444, "v": 6.0712886011300675, "x": 1.8134959467265332, "y": 3.0926226420935423}, "datetime": {"datetime": "2024-02-27 10:43:47", "elapsed": 608.613534, "delta": 1.70933}}
{"target": 2.56470084157084, "params": {"u": 5.153865583868443, "v": 3.4186762933048054, "x": 4.5642787199844985, "y": 3.249022769190936}, "datetime": {"datetime": "2024-02-27 10:43:49", "elapsed": 610.915239, "delta": 2.301705}}
{"target": 3.056243317293727, "params": {"u": 4.21396366896068, "v": 4.43216846862574, "x": 4.125989241127153, "y": 4.524616404753717}, "datetime": {"datetime": "2024-02-27 10:43:52", "elapsed": 613.890859, "delta": 2.97562}}
{"target": 3.822047659184584, "params": {"u": 4.054654407004797, "v": 4.686509978960633, "x": 4.330231957637267, "y": 3.677782127354232}, "datetime": {"datetime": "2024-02-27 10:43:55", "elapsed": 616.462699, "delta": 2.57184}}
{"target": 0.25406017227294364, "params": {"u": 3.925579310952819, "v": 9.537380707157421, "x": 0.14330364235716542, "y": 6.2088442751106125}, "datetime": {"datetime": "2024-02-27 10:43:58", "elapsed": 619.620565, "delta": 3.157866}}
{"target": 9.662791574499323, "params": {"u": 4.352644292561278, "v": 4.387682350865584, "x": 4.003928864145573, "y": 4.0971992161508535}, "datetime": {"datetime": "2024-02-27 10:44:05", "elapsed": 626.529295, "delta": 6.90873}}
{"target": 4.216184471877117, "params": {"u": 4.511693119236529, "v": 4.50016812071318, "x": 3.592619511708608, "y": 4.035905779174408}, "datetime": {"datetime": "2024-02-27 10:44:09", "elapsed": 630.747472, "delta": 4.218177}}
{"target": 1.2866068160686104, "params": {"u": 4.811616843186118, "v": 3.341087395136623, "x": 5.396774970062074, "y": 3.363369311129212}, "datetime": {"datetime": "2024-02-27 10:44:11", "elapsed": 632.754615, "delta": 2.007143}}
{"target": 1.296435713872619, "params": {"u": 4.489827256141437, "v": 5.371196829106077, "x": 4.160215562870336, "y": 3.7323205548718628}, "datetime": {"datetime": "2024-02-27 10:44:16", "elapsed": 637.389326, "delta": 4.634711}}
{"target": 3.9469564631813174, "params": {"u": 5.883072709927362, "v": 3.6777804395405878, "x": 4.894523941705959, "y": 2.999237456548528}, "datetime": {"datetime": "2024-02-27 10:44:20", "elapsed": 641.93764, "delta": 4.548314}}
{"target": 7.246089849982379, "params": {"u": 4.265646957798427, "v": 4.083018369151324, "x": 3.7822480364250666, "y": 3.9690844755595944}, "datetime": {"datetime": "2024-02-27 10:44:23", "elapsed": 644.409284, "delta": 2.471644}}
{"target": 6.755186949307725, "params": {"u": 4.433088924507612, "v": 4.3676740290803195, "x": 3.969668228713772, "y": 3.7543441785554443}, "datetime": {"datetime": "2024-02-27 10:44:32", "elapsed": 653.201103, "delta": 8.791819}}
{"target": 1.5174659170139033, "params": {"u": 4.84577313316878, "v": 3.962021422380433, "x": 4.288056830943629, "y": 3.9514896460895765}, "datetime": {"datetime": "2024-02-27 10:44:35", "elapsed": 657.047871, "delta": 3.846768}}
{"target": 0.3450377988181443, "params": {"u": 9.41077357055675, "v": 9.732922697901618, "x": 8.400717908984289, "y": 9.354563488038576}, "datetime": {"datetime": "2024-02-27 10:44:38", "elapsed": 659.983568, "delta": 2.935697}}
{"target": 0.2851043402547828, "params": {"u": 7.5238253960783545, "v": 9.326993458802768, "x": 4.645757466019922, "y": 8.031700088267593}, "datetime": {"datetime": "2024-02-27 10:44:41", "elapsed": 663.044841, "delta": 3.061273}}
{"target": 0.41120246878391364, "params": {"u": 9.623662344532836, "v": 3.2134046705798216, "x": 8.559318001161275, "y": 3.1735221044885864}, "datetime": {"datetime": "2024-02-27 10:44:43", "elapsed": 665.142596, "delta": 2.097755}}
{"target": 0.7639892054080533, "params": {"u": 3.950433151254291, "v": 3.7775762317312656, "x": 3.545977075736549, "y": 4.413087183118584}, "datetime": {"datetime": "2024-02-27 10:44:48", "elapsed": 670.007415, "delta": 4.864819}}
{"target": 8.957175397157608, "params": {"u": 4.199330068673035, "v": 4.665658615971166, "x": 4.01462958269299, "y": 4.1355688326927}, "datetime": {"datetime": "2024-02-27 10:44:52", "elapsed": 674.028988, "delta": 4.021573}}
{"target": 9.933050784111792, "params": {"u": 4.650021690010766, "v": 4.208790232322507, "x": 4.0730871995809235, "y": 3.9647389968684363}, "datetime": {"datetime": "2024-02-27 10:44:56", "elapsed": 678.058656, "delta": 4.029668}}
{"target": 0.30143527054965025, "params": {"u": 8.318349399586824, "v": 0.3336482162605303, "x": 4.802501922787522, "y": 0.29619716173527433}, "datetime": {"datetime": "2024-02-27 10:45:01", "elapsed": 682.215445, "delta": 4.156789}}
{"target": 0.5504487461859393, "params": {"u": 6.0566696882911515, "v": 6.722932176009985, "x": 3.6973032570288034, "y": 5.681278998179767}, "datetime": {"datetime": "2024-02-27 10:45:03", "elapsed": 684.544516, "delta": 2.329071}}
{"target": 2.268749475425504, "params": {"u": 4.943995735014475, "v": 4.449806436914251, "x": 3.8512626376643277, "y": 3.319866759512201}, "datetime": {"datetime": "2024-02-27 10:45:07", "elapsed": 688.32033, "delta": 3.775814}}
{"target": 0.1826994038636967, "params": {"u": 2.8473463812199498, "v": 8.201382547352399, "x": 8.717717840616025, "y": 7.555427872896306}, "datetime": {"datetime": "2024-02-27 10:45:08", "elapsed": 689.92104, "delta": 1.60071}}
{"target": 0.2592485725490814, "params": {"u": 6.116120733305791, "v": 4.737472757174814, "x": 5.158115789073542, "y": 9.42172494518042}, "datetime": {"datetime": "2024-02-27 10:45:10", "elapsed": 691.793606, "delta": 1.872566}}
{"target": 0.14017956516799565, "params": {"u": 0.4062101975141963, "v": 3.0960371303966463, "x": 8.848482012858504, "y": 0.4010608876336541}, "datetime": {"datetime": "2024-02-27 10:45:12", "elapsed": 693.655552, "delta": 1.861946}}
{"target": 0.17804779474393592, "params": {"u": 1.2405899711617618, "v": 3.0307175374977477, "x": 8.841167577396211, "y": 6.2742353995534685}, "datetime": {"datetime": "2024-02-27 10:45:15", "elapsed": 696.60611, "delta": 2.950558}}
{"target": 8.520498335143003, "params": {"u": 4.55247323208213, "v": 4.41918014278182, "x": 4.0991187651156995, "y": 4.124267892064082}, "datetime": {"datetime": "2024-02-27 10:45:18", "elapsed": 699.929275, "delta": 3.323165}}
{"target": 3.43107738030149, "params": {"u": 4.511812997130949, "v": 4.171834255940049, "x": 3.812997710686367, "y": 3.5406313385511536}, "datetime": {"datetime": "2024-02-27 10:45:22", "elapsed": 704.122983, "delta": 4.193708}}
{"target": 0.259907512983356, "params": {"u": 6.474715737454475, "v": 0.28173383219064707, "x": 1.9586599885259182, "y": 2.9400980980401448}, "datetime": {"datetime": "2024-02-27 10:45:25", "elapsed": 706.961431, "delta": 2.838448}}
{"target": 1.2904930057086241, "params": {"u": 4.818026531611645, "v": 5.092239795895069, "x": 4.199707241034275, "y": 3.734880418873013}, "datetime": {"datetime": "2024-02-27 10:45:29", "elapsed": 710.401619, "delta": 3.440188}}
{"target": 0.4430505835811135, "params": {"u": 7.495919036303875, "v": 2.5301790937018707, "x": 4.079848789842828, "y": 5.1015458278155315}, "datetime": {"datetime": "2024-02-27 10:45:32", "elapsed": 713.677761, "delta": 3.276142}}
{"target": 1.391266055169093, "params": {"u": 4.610658291407805, "v": 3.8256144622491597, "x": 3.7281562832102724, "y": 3.9674517996146164}, "datetime": {"datetime": "2024-02-27 10:45:35", "elapsed": 717.143763, "delta": 3.466002}}
{"target": 0.19059492213315748, "params": {"u": 8.797016968535452, "v": 2.1528764937878697, "x": 7.258303333915778, "y": 8.94305786106371}, "datetime": {"datetime": "2024-02-27 10:45:39", "elapsed": 720.853335, "delta": 3.709572}}
{"target": 9.015548005380026, "params": {"u": 4.3829506053204685, "v": 4.561316860218806, "x": 3.9727296998973802, "y": 4.130239127469547}, "datetime": {"datetime": "2024-02-27 10:45:42", "elapsed": 723.538726, "delta": 2.685391}}
{"target": 3.2438319971335408, "params": {"u": 4.500019146695062, "v": 4.3429021062743995, "x": 4.523976837493866, "y": 4.060106021890451}, "datetime": {"datetime": "2024-02-27 10:45:44", "elapsed": 725.861591, "delta": 2.322865}}
{"target": 6.119709527571837, "params": {"u": 4.547724111017603, "v": 4.182619524391642, "x": 3.8471852880294, "y": 4.233251984083917}, "datetime": {"datetime": "2024-02-27 10:45:48", "elapsed": 729.718184, "delta": 3.856593}}
{"target": 3.929827983748873, "params": {"u": 4.428484589608744, "v": 4.43895943352846, "x": 3.687242940273636, "y": 3.6924984200942013}, "datetime": {"datetime": "2024-02-27 10:45:55", "elapsed": 737.149769, "delta": 7.431585}}
{"target": 0.3470661002192887, "params": {"u": 8.682837185149877, "v": 5.121196014641784, "x": 6.287844178226364, "y": 8.183178032677827}, "datetime": {"datetime": "2024-02-27 10:46:00", "elapsed": 741.604203, "delta": 4.454434}}
{"target": 0.13786412287230146, "params": {"u": 8.313337160746379, "v": 2.6551760569569085, "x": 0.09698869662371212, "y": 7.960528829854717}, "datetime": {"datetime": "2024-02-27 10:46:04", "elapsed": 746.053911, "delta": 4.449708}}
{"target": 0.20450806991507087, "params": {"u": 4.817375005780252, "v": 2.5163089075923404, "x": 2.9543125934366388, "y": 8.930471353675083}, "datetime": {"datetime": "2024-02-27 10:46:06", "elapsed": 747.353776, "delta": 1.299865}}
{"target": 1.2933515272225418, "params": {"u": 3.978287679034694, "v": 4.310063484690321, "x": 3.891427791089077, "y": 4.023030325736146}, "datetime": {"datetime": "2024-02-27 10:46:09", "elapsed": 750.671727, "delta": 3.317951}}
{"target": 0.3462414112577723, "params": {"u": 3.5499795052500502, "v": 5.2084345279052355, "x": 1.1073551489224942, "y": 6.846433264020959}, "datetime": {"datetime": "2024-02-27 10:46:11", "elapsed": 752.767379, "delta": 2.095652}}
