{"target": 0.012356084065802207, "params": {"u": 7.9180424454167175, "v": 8.951190201943483, "w": 3.2714945799022463, "x": 2.7377335160807887, "y": 1.3061719894165063}, "datetime": {"datetime": "2024-02-25 09:59:33", "elapsed": 478.272311, "delta": 1.484729}}
{"target": 0.035886408247309966, "params": {"u": 7.7691368875852636, "v": 1.2434026215662692, "w": 10.048743264602448, "x": 1.1299359179357955, "y": 3.3280239269857703}, "datetime": {"datetime": "2024-02-25 09:59:37", "elapsed": 482.319305, "delta": 4.046994}}
{"target": 0.90346793600888, "params": {"u": 7.999463528015184, "v": 1.6148832838651046, "w": 9.913544664358497, "x": 1.7169509572040624, "y": 4.29376614116976}, "datetime": {"datetime": "2024-02-25 09:59:40", "elapsed": 485.213471, "delta": 2.894166}}
{"target": 0.6760194167033726, "params": {"u": 7.91338701035598, "v": 2.791199098690417, "w": 10.421774870351072, "x": 1.5115798835326848, "y": 3.7302756478063137}, "datetime": {"datetime": "2024-02-25 09:59:45", "elapsed": 490.259796, "delta": 5.046325}}
{"target": 0.7790881500946446, "params": {"u": 8.547126117960852, "v": 1.769298086320381, "w": 10.557893177529092, "x": 1.9250700499040645, "y": 4.447074756386573}, "datetime": {"datetime": "2024-02-25 09:59:49", "elapsed": 494.117217, "delta": 3.857421}}
{"target": 0.1721034608230697, "params": {"u": 8.516723381063374, "v": 1.809274491511911, "w": 7.973711141377411, "x": 4.858313485086493, "y": 1.0475005844028393}, "datetime": {"datetime": "2024-02-25 09:59:52", "elapsed": 496.684275, "delta": 2.567058}}
{"target": 0.9034285550249704, "params": {"u": 6.381259657212324, "v": 1.210897401337315, "w": 9.555967214063383, "x": 1.617664137793049, "y": 3.9823541794115713}, "datetime": {"datetime": "2024-02-25 09:59:56", "elapsed": 500.523446, "delta": 3.839171}}
{"target": -0.03420757009706305, "params": {"u": 8.01923834341641, "v": 11.175439515866929, "w": 1.9578568451176888, "x": 5.897013373586736, "y": 2.745498940665463}, "datetime": {"datetime": "2024-02-25 09:59:57", "elapsed": 502.14969, "delta": 1.626244}}
{"target": 0.19133128553325685, "params": {"u": 7.467026137402358, "v": 2.0843954607181154, "w": 9.832502811002861, "x": 1.2561534305796656, "y": 4.372869907861902}, "datetime": {"datetime": "2024-02-25 10:00:00", "elapsed": 505.127025, "delta": 2.977335}}
{"target": 0.05847606419686623, "params": {"u": 7.061384653112816, "v": 4.005508101706479, "w": 1.6513149002209526, "x": 4.3194136879926095, "y": 3.7736359886994006}, "datetime": {"datetime": "2024-02-25 10:00:03", "elapsed": 507.549453, "delta": 2.422428}}
{"target": 0.8302014102952505, "params": {"u": 6.659668322865648, "v": 1.5415391375801217, "w": 10.488619350334108, "x": 1.8658721451098919, "y": 4.389872790430098}, "datetime": {"datetime": "2024-02-25 10:00:06", "elapsed": 510.989532, "delta": 3.440079}}
{"target": 0.7284860527337005, "params": {"u": 6.234964989223219, "v": 1.2697382736326968, "w": 10.414144591189695, "x": 1.6040778055003884, "y": 4.42589975626161}, "datetime": {"datetime": "2024-02-25 10:00:08", "elapsed": 512.997428, "delta": 2.007896}}
{"target": -0.06256872493302706, "params": {"u": 3.2537843108122053, "v": 3.832664088027097, "w": 6.718366831015147, "x": 4.751859123903318, "y": 4.070709165803447}, "datetime": {"datetime": "2024-02-25 10:00:10", "elapsed": 514.657512, "delta": 1.660084}}
{"target": 0.8933657484413415, "params": {"u": 6.662064493022571, "v": 1.3221471602249455, "w": 9.78916691785746, "x": 1.65134649110097, "y": 4.219714251915939}, "datetime": {"datetime": "2024-02-25 10:00:13", "elapsed": 517.374886, "delta": 2.717374}}
{"target": 0.17185553253557043, "params": {"u": 5.899170927958693, "v": 1.36469531327716, "w": 10.475348866940731, "x": 1.7668874944169297, "y": 4.548836327124192}, "datetime": {"datetime": "2024-02-25 10:00:14", "elapsed": 519.21237, "delta": 1.837484}}
{"target": -0.007205685876126068, "params": {"u": 1.8265772976271193, "v": 8.473454718446582, "w": 2.9200026747752497, "x": 3.7463233287909583, "y": 0.15446039317829793}, "datetime": {"datetime": "2024-02-25 10:00:17", "elapsed": 521.777398, "delta": 2.565028}}
{"target": 0.32857425689544073, "params": {"u": 7.505426026516865, "v": 2.025754288609742, "w": 9.955659021393208, "x": 1.323436638774587, "y": 4.253695541519846}, "datetime": {"datetime": "2024-02-25 10:00:18", "elapsed": 523.122413, "delta": 1.345015}}
{"target": 0.019913695224192708, "params": {"u": 5.510440137712951, "v": 6.071122756374796, "w": 6.322323396047572, "x": 0.6982237027001454, "y": 4.990650552473416}, "datetime": {"datetime": "2024-02-25 10:00:21", "elapsed": 525.506146, "delta": 2.383733}}
{"target": 0.08916322813958207, "params": {"u": 8.507082216861711, "v": 3.556564653393968, "w": 4.48714932488339, "x": 1.8787324595798651, "y": 4.933420976147244}, "datetime": {"datetime": "2024-02-25 10:00:22", "elapsed": 526.819151, "delta": 1.313005}}
{"target": 0.5657221144401574, "params": {"u": 8.661987915160926, "v": 1.514307584035489, "w": 10.66292859032554, "x": 1.581847730121313, "y": 4.610986375974784}, "datetime": {"datetime": "2024-02-25 10:00:24", "elapsed": 529.206517, "delta": 2.387366}}
{"target": 0.40116886475920127, "params": {"u": 7.075459966130866, "v": 1.8993286559577975, "w": 11.701942459291015, "x": 1.476251083736144, "y": 4.638162614535472}, "datetime": {"datetime": "2024-02-25 10:00:27", "elapsed": 531.456166, "delta": 2.249649}}
{"target": 0.03507317217295557, "params": {"u": 1.1081790293897824, "v": 4.890255068765632, "w": 4.999671986013702, "x": 7.499954452129085, "y": 0.9156988724462695}, "datetime": {"datetime": "2024-02-25 10:00:28", "elapsed": 533.043825, "delta": 1.587659}}
{"target": -0.018743862326218327, "params": {"u": 12.04924654115618, "v": 10.394868331549654, "w": 6.929120685680538, "x": 1.147774562098935, "y": 1.7402069514276477}, "datetime": {"datetime": "2024-02-25 10:00:30", "elapsed": 534.438671, "delta": 1.394846}}
{"target": 0.8500832217769894, "params": {"u": 6.566379579847878, "v": 1.9929688551571965, "w": 10.106176961452142, "x": 1.8586103485461334, "y": 4.4273334820819}, "datetime": {"datetime": "2024-02-25 10:00:34", "elapsed": 539.181227, "delta": 4.742556}}
{"target": 0.024933467675713795, "params": {"u": 11.780565983747211, "v": 12.65605077989691, "w": 2.479877100694972, "x": 6.780662687731805, "y": 4.006007257313224}, "datetime": {"datetime": "2024-02-25 10:00:36", "elapsed": 540.608564, "delta": 1.427337}}
{"target": 0.5130184255969793, "params": {"u": 6.787946016101858, "v": 1.386096643925384, "w": 10.06500906468466, "x": 1.6976597487921283, "y": 3.100894527646029}, "datetime": {"datetime": "2024-02-25 10:00:38", "elapsed": 543.179571, "delta": 2.571007}}
{"target": -0.0494499762171973, "params": {"u": 1.1812794061018659, "v": 1.582555504146077, "w": 9.84834330099423, "x": 2.9509306779563453, "y": 0.8265542356267493}, "datetime": {"datetime": "2024-02-25 10:00:41", "elapsed": 546.016247, "delta": 2.836676}}
{"target": 0.2929937350513036, "params": {"u": 8.698735539131256, "v": 2.6901971077681663, "w": 11.354420278257631, "x": 3.7867139301698876, "y": 1.8309430785097338}, "datetime": {"datetime": "2024-02-25 10:00:42", "elapsed": 547.266455, "delta": 1.250208}}
{"target": 0.7762287591006783, "params": {"u": 7.051620505780833, "v": 1.5493709732114553, "w": 11.089236148828036, "x": 1.837465582484131, "y": 4.700722266593313}, "datetime": {"datetime": "2024-02-25 10:00:45", "elapsed": 549.445725, "delta": 2.17927}}
{"target": 0.7472274527467767, "params": {"u": 7.7134686957940835, "v": 1.5003629063623358, "w": 9.79088059834304, "x": 1.6603456591204506, "y": 4.504822081997291}, "datetime": {"datetime": "2024-02-25 10:00:48", "elapsed": 552.918658, "delta": 3.472933}}
{"target": -0.0726222417388205, "params": {"u": 8.222953683100434, "v": 11.759731952857328, "w": 10.393087194010132, "x": 4.613102990314261, "y": 3.0095084277693775}, "datetime": {"datetime": "2024-02-25 10:00:51", "elapsed": 555.673412, "delta": 2.754754}}
{"target": -0.03915411019538286, "params": {"u": 10.349014514157767, "v": 9.699275805049112, "w": 2.292413836703554, "x": 1.6050047670732193, "y": 1.242028145536993}, "datetime": {"datetime": "2024-02-25 10:00:53", "elapsed": 557.78656, "delta": 2.113148}}
{"target": 0.884044109608638, "params": {"u": 6.314401328219777, "v": 1.3737885864446073, "w": 10.032841367187457, "x": 1.7961935150742045, "y": 3.636468905756161}, "datetime": {"datetime": "2024-02-25 10:00:55", "elapsed": 560.29709, "delta": 2.51053}}
{"target": -0.026162166404934812, "params": {"u": 2.1156009381180922, "v": 1.9372341333594316, "w": 5.674256421617365, "x": 6.17293074414938, "y": 2.9896464087983565}, "datetime": {"datetime": "2024-02-25 10:00:58", "elapsed": 562.675472, "delta": 2.378382}}
{"target": 0.8897321407876184, "params": {"u": 6.125606228966998, "v": 1.7321955017775168, "w": 9.76076017157975, "x": 1.7834091252640498, "y": 4.344389273695111}, "datetime": {"datetime": "2024-02-25 10:01:00", "elapsed": 564.750874, "delta": 2.075402}}
{"target": -0.01188146937471029, "params": {"u": 4.569199880725531, "v": 7.641807851499342, "w": 5.053001195174289, "x": 3.224025866598873, "y": 2.7520647005881647}, "datetime": {"datetime": "2024-02-25 10:01:02", "elapsed": 566.673216, "delta": 1.922342}}
{"target": 0.03582083137785967, "params": {"u": 12.327080421867123, "v": 9.921668354251437, "w": 4.204633236736086, "x": 0.8619575775371351, "y": 4.8232275035570815}, "datetime": {"datetime": "2024-02-25 10:01:05", "elapsed": 569.547715, "delta": 2.874499}}
{"target": -0.01800319549321062, "params": {"u": 4.979033714387628, "v": 10.513317181991377, "w": 5.457503274130417, "x": 3.260354567841056, "y": 1.6014695747412606}, "datetime": {"datetime": "2024-02-25 10:01:07", "elapsed": 571.603634, "delta": 2.055919}}
{"target": -0.00037434101759186377, "params": {"u": 11.797267717806594, "v": 9.716369365368578, "w": 6.94040435256848, "x": 6.263847175189685, "y": 3.9333007752612796}, "datetime": {"datetime": "2024-02-25 10:01:10", "elapsed": 574.378209, "delta": 2.774575}}
{"target": 0.4571664948128193, "params": {"u": 6.134682040371183, "v": 2.280236197526731, "w": 10.960325429120598, "x": 1.6185339357488062, "y": 4.850936226034431}, "datetime": {"datetime": "2024-02-25 10:01:13", "elapsed": 577.370704, "delta": 2.992495}}
{"target": -0.006066485230679895, "params": {"u": 3.18326416436491, "v": 1.757340224055722, "w": 5.326378523914713, "x": 6.9107075000459455, "y": 1.482075139425108}, "datetime": {"datetime": "2024-02-25 10:01:14", "elapsed": 579.280047, "delta": 1.909343}}
{"target": 0.0007903490829370458, "params": {"u": 11.447061878668498, "v": 7.982986520978505, "w": 10.524073840565691, "x": 5.2680779784719265, "y": 0.9531550664848134}, "datetime": {"datetime": "2024-02-25 10:01:16", "elapsed": 581.228535, "delta": 1.948488}}
{"target": 0.87261952866738, "params": {"u": 8.389651024223259, "v": 2.1196882823799963, "w": 10.326597608254119, "x": 1.7011576213817543, "y": 4.362691019519237}, "datetime": {"datetime": "2024-02-25 10:01:19", "elapsed": 584.171329, "delta": 2.942794}}
{"target": 0.20653133672944873, "params": {"u": 8.431229017850299, "v": 1.096941067705369, "w": 8.893528795835923, "x": 2.9505315004061035, "y": 1.979996699086051}, "datetime": {"datetime": "2024-02-25 10:01:22", "elapsed": 586.652474, "delta": 2.481145}}
{"target": 0.8033618953817013, "params": {"u": 6.174023903163066, "v": 1.3026153041731328, "w": 10.29117381870924, "x": 1.8904253458393, "y": 3.597148202782481}, "datetime": {"datetime": "2024-02-25 10:01:24", "elapsed": 588.949149, "delta": 2.296675}}
{"target": 0.7291672447498093, "params": {"u": 7.111616301149373, "v": 1.6519465601635015, "w": 9.804707425452918, "x": 1.7340895131578966, "y": 4.643756099940815}, "datetime": {"datetime": "2024-02-25 10:01:25", "elapsed": 590.261859, "delta": 1.31271}}
{"target": 0.035572253756134514, "params": {"u": 8.831652849013365, "v": 2.488706231732167, "w": 10.513907192227046, "x": 1.0941086635656916, "y": 3.8770599695352774}, "datetime": {"datetime": "2024-02-25 10:01:29", "elapsed": 594.0219, "delta": 3.760041}}
{"target": 0.4827292697515734, "params": {"u": 8.089077497135344, "v": 1.7242548405729603, "w": 9.198882863201419, "x": 1.480740980682525, "y": 4.50649971585692}, "datetime": {"datetime": "2024-02-25 10:01:32", "elapsed": 596.634921, "delta": 2.613021}}
{"target": 0.0464864772090349, "params": {"u": 3.1141347391144567, "v": 6.0030161883649775, "w": 7.86685836008818, "x": 7.983362295739031, "y": 2.6189468362078236}, "datetime": {"datetime": "2024-02-25 10:01:33", "elapsed": 598.058408, "delta": 1.423487}}
{"target": -0.05323181381733296, "params": {"u": 5.998069581291221, "v": 9.884049630112404, "w": 10.44763785635023, "x": 5.752819766945442, "y": 0.2802249076249852}, "datetime": {"datetime": "2024-02-25 10:01:35", "elapsed": 599.412717, "delta": 1.354309}}
{"target": 0.6101809970500371, "params": {"u": 6.576553442511757, "v": 1.0949084774359874, "w": 9.655251689108198, "x": 1.4419887565090237, "y": 3.92926420635009}, "datetime": {"datetime": "2024-02-25 10:01:40", "elapsed": 605.122834, "delta": 5.710117}}
{"target": 0.6080913844675362, "params": {"u": 6.636441279765469, "v": 2.4763103806445566, "w": 10.204790782211816, "x": 1.6364525668094927, "y": 4.65428210909977}, "datetime": {"datetime": "2024-02-25 10:01:44", "elapsed": 608.400844, "delta": 3.27801}}
{"target": 0.08644745551803491, "params": {"u": 6.821333383330523, "v": 6.76248821096125, "w": 11.351161250064528, "x": 6.758101415138818, "y": 0.2137966073306653}, "datetime": {"datetime": "2024-02-25 10:01:46", "elapsed": 610.821237, "delta": 2.420393}}
{"target": 0.8182622468551424, "params": {"u": 8.45390056344203, "v": 2.2904059547774756, "w": 10.681754261133776, "x": 1.7945360026199708, "y": 4.075196632219213}, "datetime": {"datetime": "2024-02-25 10:01:49", "elapsed": 613.689318, "delta": 2.868081}}
{"target": -0.04718829189476072, "params": {"u": 6.045052102944327, "v": 3.1944938550419564, "w": 12.479975830709883, "x": 2.708992024352595, "y": 3.9175055559075074}, "datetime": {"datetime": "2024-02-25 10:01:51", "elapsed": 615.402134, "delta": 1.712816}}
{"target": 0.2627453313728504, "params": {"u": 9.39193247533288, "v": 1.9143769491690392, "w": 10.179424453100966, "x": 2.1229940631835715, "y": 4.139377665854803}, "datetime": {"datetime": "2024-02-25 10:01:52", "elapsed": 617.122393, "delta": 1.720259}}
{"target": 0.7050615731931051, "params": {"u": 7.860324916794715, "v": 1.085785070397034, "w": 10.164441092483338, "x": 1.5660776902165392, "y": 3.6241812922959973}, "datetime": {"datetime": "2024-02-25 10:01:55", "elapsed": 619.603748, "delta": 2.481355}}
{"target": 0.813519178244117, "params": {"u": 6.3556944016289, "v": 1.0304989549847043, "w": 9.631625720230476, "x": 1.610470400777537, "y": 4.303415236041004}, "datetime": {"datetime": "2024-02-25 10:01:58", "elapsed": 622.769349, "delta": 3.165601}}
{"target": -0.010084436183660467, "params": {"u": 4.4170084181075175, "v": 12.772195686610292, "w": 3.052557269600158, "x": 7.789975749024933, "y": 0.2214168053227728}, "datetime": {"datetime": "2024-02-25 10:02:00", "elapsed": 625.07741, "delta": 2.308061}}
{"target": -0.2786917640621178, "params": {"u": 7.174256437163213, "v": 1.2251802660209243, "w": 8.766530931294852, "x": 1.6964320057463016, "y": 4.004142149859227}, "datetime": {"datetime": "2024-02-25 10:02:02", "elapsed": 627.129894, "delta": 2.052484}}
{"target": -0.03628551855297317, "params": {"u": 1.9847212784003032, "v": 5.099798574284467, "w": 1.1914516006395495, "x": 1.1277774023347313, "y": 4.258163702272084}, "datetime": {"datetime": "2024-02-25 10:02:04", "elapsed": 628.838815, "delta": 1.708921}}
{"target": 0.9197037015947097, "params": {"u": 8.327131133250202, "v": 1.5473011145258773, "w": 10.149788387736528, "x": 1.7181814789653527, "y": 4.080288020438631}, "datetime": {"datetime": "2024-02-25 10:02:07", "elapsed": 631.92941, "delta": 3.090595}}
{"target": 0.6142318114859645, "params": {"u": 7.534918986978344, "v": 1.088388698651769, "w": 11.217817386039735, "x": 1.511562358469165, "y": 4.376584191703183}, "datetime": {"datetime": "2024-02-25 10:02:09", "elapsed": 634.074756, "delta": 2.145346}}
{"target": -0.039502540269321616, "params": {"u": 7.308763911418838, "v": 11.58436432753165, "w": 4.70562126228048, "x": 6.834503890599898, "y": 1.706898833555796}, "datetime": {"datetime": "2024-02-25 10:02:11", "elapsed": 635.538318, "delta": 1.463562}}
{"target": -0.48149854005766884, "params": {"u": 7.557058109034523, "v": 12.760947626855957, "w": 7.350882005499787, "x": 3.261441630130168, "y": 2.9167676222074856}, "datetime": {"datetime": "2024-02-25 10:02:12", "elapsed": 636.939234, "delta": 1.400916}}
{"target": 0.82166830931369, "params": {"u": 8.00055014316835, "v": 1.794741052394666, "w": 9.119781511543529, "x": 1.5940925210983363, "y": 4.244385994198215}, "datetime": {"datetime": "2024-02-25 10:02:14", "elapsed": 638.787332, "delta": 1.848098}}
{"target": 0.9083601243525574, "params": {"u": 8.682676974724995, "v": 2.4336520685417895, "w": 10.082426012611867, "x": 1.6535445923645546, "y": 4.1711491606316455}, "datetime": {"datetime": "2024-02-25 10:02:17", "elapsed": 642.239726, "delta": 3.452394}}
{"target": -0.04390088264724704, "params": {"u": 8.443740496373287, "v": 10.86319861416112, "w": 5.622460606607705, "x": 5.200492159436047, "y": 3.4362861381434584}, "datetime": {"datetime": "2024-02-25 10:02:20", "elapsed": 645.302051, "delta": 3.062325}}
{"target": 0.674993293362063, "params": {"u": 6.488862182732024, "v": 1.8487980938598993, "w": 10.714484714426016, "x": 1.7318643996391985, "y": 4.715585304144264}, "datetime": {"datetime": "2024-02-25 10:02:24", "elapsed": 648.88004, "delta": 3.577989}}
{"target": 0.039394782544081595, "params": {"u": 1.9921980811402928, "v": 11.133833310772452, "w": 11.949675186815856, "x": 7.50329207371112, "y": 2.7367711509650476}, "datetime": {"datetime": "2024-02-25 10:02:26", "elapsed": 650.396332, "delta": 1.516292}}
{"target": -0.03744206859725828, "params": {"u": 1.6057897281, "v": 4.237576969348968, "w": 3.0950245423846243, "x": 3.370340067678479, "y": 2.6363587046731984}, "datetime": {"datetime": "2024-02-25 10:02:27", "elapsed": 652.280346, "delta": 1.884014}}
{"target": -0.09131038561697324, "params": {"u": 9.98741802111326, "v": 5.062564867648883, "w": 11.135418639197077, "x": 7.600230527734681, "y": 0.2747989424173667}, "datetime": {"datetime": "2024-02-25 10:02:30", "elapsed": 655.235017, "delta": 2.954671}}
{"target": 0.006924231923289255, "params": {"u": 9.680258863121436, "v": 4.989765585768723, "w": 10.537607697497148, "x": 3.085425859122107, "y": 3.454530210276331}, "datetime": {"datetime": "2024-02-25 10:02:32", "elapsed": 657.241118, "delta": 2.006101}}
{"target": 0.5991985137533424, "params": {"u": 7.4374034556160025, "v": 1.6781977293054462, "w": 9.528240050315759, "x": 1.4441082869670776, "y": 3.8592028683159736}, "datetime": {"datetime": "2024-02-25 10:02:35", "elapsed": 660.017071, "delta": 2.775953}}
{"target": 0.691889472664341, "params": {"u": 6.925087204542816, "v": 1.3649951928029846, "w": 9.47986758271296, "x": 2.1455937743667595, "y": 2.884688861955848}, "datetime": {"datetime": "2024-02-25 10:02:39", "elapsed": 663.817694, "delta": 3.800623}}
{"target": 0.018361529747473383, "params": {"u": 3.3593314380478176, "v": 3.4742894286069737, "w": 2.276928320794099, "x": 6.456215222229489, "y": 4.855357760328048}, "datetime": {"datetime": "2024-02-25 10:02:41", "elapsed": 665.80253, "delta": 1.984836}}
{"target": 0.6069600582110499, "params": {"u": 7.576645322637618, "v": 1.1706442271097997, "w": 11.437036349121541, "x": 1.818155317741617, "y": 4.932896580344522}, "datetime": {"datetime": "2024-02-25 10:02:44", "elapsed": 668.962651, "delta": 3.160121}}
{"target": 0.9255760712279576, "params": {"u": 6.20020621437349, "v": 1.441038119734003, "w": 9.963261466924612, "x": 1.6818780013449772, "y": 4.134126529349236}, "datetime": {"datetime": "2024-02-25 10:02:48", "elapsed": 673.000571, "delta": 4.03792}}
{"target": -0.5461252582240763, "params": {"u": 8.325028088516348, "v": 1.010512010005154, "w": 11.36354233291132, "x": 2.124896190089792, "y": 4.055996136798764}, "datetime": {"datetime": "2024-02-25 10:02:52", "elapsed": 676.841986, "delta": 3.841415}}
{"target": 0.40349675575059346, "params": {"u": 6.421588562496494, "v": 1.8781532519068267, "w": 9.783739337971298, "x": 1.7861814437841115, "y": 2.751121944837638}, "datetime": {"datetime": "2024-02-25 10:02:58", "elapsed": 682.529665, "delta": 5.687679}}
{"target": -0.04052567464573059, "params": {"u": 12.564201234694508, "v": 5.193615085646453, "w": 2.6903891513742746, "x": 3.9089413098462207, "y": 4.449798576047917}, "datetime": {"datetime": "2024-02-25 10:02:59", "elapsed": 684.136159, "delta": 1.606494}}
{"target": -0.02453376900644607, "params": {"u": 1.1602276354721344, "v": 5.168520158770053, "w": 11.059358994882434, "x": 2.3176129883829786, "y": 3.5267155837841595}, "datetime": {"datetime": "2024-02-25 10:03:01", "elapsed": 686.237358, "delta": 2.101199}}
{"target": -0.01605133522607922, "params": {"u": 5.588221777529304, "v": 5.587158758392183, "w": 8.99306952590183, "x": 2.62770649540075, "y": 3.9579879778312956}, "datetime": {"datetime": "2024-02-25 10:03:04", "elapsed": 688.34439, "delta": 2.107032}}
{"target": 0.5023639860405006, "params": {"u": 6.881265666751762, "v": 1.424652984220503, "w": 10.320966292953896, "x": 1.3949694880689179, "y": 3.8751854169430753}, "datetime": {"datetime": "2024-02-25 10:03:10", "elapsed": 695.287939, "delta": 6.943549}}
{"target": 0.039161646672158455, "params": {"u": 12.01113318078632, "v": 3.9602845942153677, "w": 3.2014871720626723, "x": 1.7979973732097225, "y": 1.3998072957871428}, "datetime": {"datetime": "2024-02-25 10:03:13", "elapsed": 697.876348, "delta": 2.588409}}
