{"target": -0.7028634808968925, "params": {"colsample_bytree": 0.8164710481243251, "learning_rate": 0.3509917585951133, "max_bin_exp": 7.5376978130573535, "max_depth": 4.815933216730079, "n_estimators": 4517.167624540555, "reg_alpha": 0.4353504785960758, "reg_lambda": 2.2313538309971}, "datetime": {"datetime": "2024-02-19 16:07:10", "elapsed": 202.610225, "delta": 3.686232}}
{"target": -0.6159334143811241, "params": {"colsample_bytree": 0.5880032809765441, "learning_rate": 0.26038347037901677, "max_bin_exp": 9.475075268680708, "max_depth": 5.08081143818615, "n_estimators": 2194.621248841887, "reg_alpha": 0.4902195814389163, "reg_lambda": 2.883000269128032}, "datetime": {"datetime": "2024-02-19 16:07:12", "elapsed": 204.616167, "delta": 2.005942}}
{"target": -0.7024997264241997, "params": {"colsample_bytree": 0.7566119040456494, "learning_rate": 0.4489217929728346, "max_bin_exp": 7.4167889622488765, "max_depth": 5.920340613463396, "n_estimators": 2190.7995633969213, "reg_alpha": 0.18080779473266673, "reg_lambda": 1.4659798786756604}, "datetime": {"datetime": "2024-02-19 16:07:14", "elapsed": 206.615448, "delta": 1.999281}}
{"target": -0.7439561521328741, "params": {"colsample_bytree": 0.49489464659489113, "learning_rate": 0.49055440849239645, "max_bin_exp": 7.829733656003263, "max_depth": 3.5486174815480878, "n_estimators": 2061.8498225841563, "reg_alpha": 0.4881764408415188, "reg_lambda": 0.06484255759962154}, "datetime": {"datetime": "2024-02-19 16:07:15", "elapsed": 207.783409, "delta": 1.167961}}
{"target": -3.076642309969398, "params": {"colsample_bytree": 0.27214192933252673, "learning_rate": 0.06398309566589877, "max_bin_exp": 7.0080929704845625, "max_depth": 1.4888437584989225, "n_estimators": 4158.736924327069, "reg_alpha": 0.7786743526428201, "reg_lambda": 1.2718157702545207}, "datetime": {"datetime": "2024-02-19 16:07:17", "elapsed": 209.278211, "delta": 1.494802}}
{"target": -0.6440103541512183, "params": {"colsample_bytree": 0.560980454471603, "learning_rate": 0.07115095378630815, "max_bin_exp": 7.607605490326016, "max_depth": 5.402929279239985, "n_estimators": 2190.780541183174, "reg_alpha": 2.1992060729175678, "reg_lambda": 2.3329919428277086}, "datetime": {"datetime": "2024-02-19 16:07:19", "elapsed": 211.253773, "delta": 1.975562}}
{"target": -0.7593209245436272, "params": {"colsample_bytree": 0.47397436061015796, "learning_rate": 0.04984687803710879, "max_bin_exp": 5.953108955742524, "max_depth": 4.636283345725367, "n_estimators": 2189.307761019561, "reg_alpha": 0.8813273550263929, "reg_lambda": 2.866563800837159}, "datetime": {"datetime": "2024-02-19 16:07:20", "elapsed": 212.798484, "delta": 1.544711}}
{"target": -0.7965433205081803, "params": {"colsample_bytree": 0.849846413507314, "learning_rate": 0.2807612143479452, "max_bin_exp": 5.550627005572176, "max_depth": 5.6403400118386875, "n_estimators": 4157.8439473078815, "reg_alpha": 0.30969376112309543, "reg_lambda": 1.3131498660972691}, "datetime": {"datetime": "2024-02-19 16:07:24", "elapsed": 216.965784, "delta": 4.1673}}
{"target": -1.131810020504502, "params": {"colsample_bytree": 0.8925053370820517, "learning_rate": 0.3144941930095351, "max_bin_exp": 4.558861657373266, "max_depth": 4.384821878574686, "n_estimators": 4160.898145572241, "reg_alpha": 1.0635881554798998, "reg_lambda": 2.07212635649986}, "datetime": {"datetime": "2024-02-19 16:07:28", "elapsed": 220.19658, "delta": 3.230796}}
{"target": -0.7179135204427083, "params": {"colsample_bytree": 0.9755556866959727, "learning_rate": 0.3162337012597364, "max_bin_exp": 8.476944183592254, "max_depth": 2.4389381467510938, "n_estimators": 4515.2483248815415, "reg_alpha": 2.8892548338471693, "reg_lambda": 0.04738579863233794}, "datetime": {"datetime": "2024-02-19 16:07:30", "elapsed": 222.659836, "delta": 2.463256}}
{"target": -0.7375390463504885, "params": {"colsample_bytree": 1.0, "learning_rate": 0.5, "max_bin_exp": 10.0, "max_depth": 3.229825863382229, "n_estimators": 4934.771784786323, "reg_alpha": 0.0, "reg_lambda": 0.0}, "datetime": {"datetime": "2024-02-19 16:07:34", "elapsed": 226.300219, "delta": 3.640383}}
{"target": -0.6995705294484169, "params": {"colsample_bytree": 0.6526596068680128, "learning_rate": 0.32276131515521306, "max_bin_exp": 8.369290321396326, "max_depth": 3.020892440184906, "n_estimators": 4514.094867047856, "reg_alpha": 2.0120144832981, "reg_lambda": 2.299296894596633}, "datetime": {"datetime": "2024-02-19 16:07:36", "elapsed": 229.126954, "delta": 2.826735}}
{"target": -0.9546785080479049, "params": {"colsample_bytree": 0.663188994628851, "learning_rate": 0.36850777037809795, "max_bin_exp": 8.908706919920636, "max_depth": 1.5801178875928426, "n_estimators": 4514.229833396616, "reg_alpha": 0.5665669276840554, "reg_lambda": 0.42712984459641745}, "datetime": {"datetime": "2024-02-19 16:07:38", "elapsed": 230.820432, "delta": 1.693478}}
{"target": -0.8555516432490289, "params": {"colsample_bytree": 0.25837365871552853, "learning_rate": 0.1918949100264868, "max_bin_exp": 9.683868889411283, "max_depth": 5.133961525559768, "n_estimators": 2578.296973607592, "reg_alpha": 0.5400740045191266, "reg_lambda": 0.7490774625404032}, "datetime": {"datetime": "2024-02-19 16:07:40", "elapsed": 232.626794, "delta": 1.806362}}
{"target": -1.167283583824741, "params": {"colsample_bytree": 0.3394231377513627, "learning_rate": 0.45207506322831603, "max_bin_exp": 9.91973581552634, "max_depth": 1.6799574478810015, "n_estimators": 4515.4911442084995, "reg_alpha": 2.4100177635041655, "reg_lambda": 2.171663466826851}, "datetime": {"datetime": "2024-02-19 16:07:42", "elapsed": 234.307782, "delta": 1.680988}}
{"target": -0.763360111796728, "params": {"colsample_bytree": 0.5945706715785695, "learning_rate": 0.4815818680432726, "max_bin_exp": 6.387465542606199, "max_depth": 4.6381998301250515, "n_estimators": 4514.577722954554, "reg_alpha": 1.6193683747753562, "reg_lambda": 0.9860403987773617}, "datetime": {"datetime": "2024-02-19 16:07:45", "elapsed": 237.76555, "delta": 3.457768}}
{"target": -0.7000708490464262, "params": {"colsample_bytree": 0.37392960743043124, "learning_rate": 0.08104408282133388, "max_bin_exp": 8.133456576033328, "max_depth": 5.699588989783287, "n_estimators": 4512.677407897986, "reg_alpha": 2.5622282846348714, "reg_lambda": 2.331679469027132}, "datetime": {"datetime": "2024-02-19 16:07:50", "elapsed": 242.38073, "delta": 4.61518}}
{"target": -1.0944083581361819, "params": {"colsample_bytree": 0.5854845648667821, "learning_rate": 0.008682530594261023, "max_bin_exp": 6.263904586459682, "max_depth": 2.433106011164949, "n_estimators": 4516.102024838652, "reg_alpha": 2.2260215844877713, "reg_lambda": 1.944391188730095}, "datetime": {"datetime": "2024-02-19 16:07:52", "elapsed": 244.333677, "delta": 1.952947}}
{"target": -0.7127596530491368, "params": {"colsample_bytree": 0.8992051382100845, "learning_rate": 0.44470779128371074, "max_bin_exp": 6.945008551001556, "max_depth": 3.893801871107677, "n_estimators": 2067.8685346270167, "reg_alpha": 0.07084474891631531, "reg_lambda": 1.8372757791530465}, "datetime": {"datetime": "2024-02-19 16:07:53", "elapsed": 245.45925, "delta": 1.125573}}
{"target": -0.6701370302103563, "params": {"colsample_bytree": 0.8593735519799084, "learning_rate": 0.40657523017303643, "max_bin_exp": 9.104188078038565, "max_depth": 5.53888353751403, "n_estimators": 4513.379388686394, "reg_alpha": 1.040198176687966, "reg_lambda": 0.12116707051448261}, "datetime": {"datetime": "2024-02-19 16:07:58", "elapsed": 250.493079, "delta": 5.033829}}
{"target": -0.8821406603107346, "params": {"colsample_bytree": 0.24292076260377016, "learning_rate": 0.17051559276236844, "max_bin_exp": 7.942232722466038, "max_depth": 2.5634862431459853, "n_estimators": 4511.538875371566, "reg_alpha": 2.8476329336814774, "reg_lambda": 1.1005813045348423}, "datetime": {"datetime": "2024-02-19 16:08:00", "elapsed": 252.618257, "delta": 2.125178}}
{"target": -0.719294057826845, "params": {"colsample_bytree": 1.0, "learning_rate": 0.5, "max_bin_exp": 8.33321214972088, "max_depth": 4.459376625236386, "n_estimators": 4513.576704354902, "reg_alpha": 3.0, "reg_lambda": 0.23249338141077525}, "datetime": {"datetime": "2024-02-19 16:08:04", "elapsed": 256.542672, "delta": 3.924415}}
{"target": -0.8345021243960391, "params": {"colsample_bytree": 0.21376862695783486, "learning_rate": 0.11150090277808887, "max_bin_exp": 9.324875718229048, "max_depth": 5.924537481909889, "n_estimators": 1729.1651733174904, "reg_alpha": 2.7339902343548625, "reg_lambda": 2.7871587050918722}, "datetime": {"datetime": "2024-02-19 16:08:06", "elapsed": 258.353955, "delta": 1.811283}}
{"target": -0.7010062155985171, "params": {"colsample_bytree": 0.6466467488526609, "learning_rate": 0.2918798783105188, "max_bin_exp": 6.350107993863984, "max_depth": 5.987337832493538, "n_estimators": 4512.184197220093, "reg_alpha": 0.21738859113374698, "reg_lambda": 1.6372039626770398}, "datetime": {"datetime": "2024-02-19 16:08:10", "elapsed": 262.982682, "delta": 4.628727}}
{"target": -0.675297492666126, "params": {"colsample_bytree": 0.7262935023986117, "learning_rate": 0.41126633755992037, "max_bin_exp": 9.88356930955495, "max_depth": 4.729121353244409, "n_estimators": 4512.047650762846, "reg_alpha": 1.530843968077658, "reg_lambda": 1.4082963260992425}, "datetime": {"datetime": "2024-02-19 16:08:14", "elapsed": 267.143301, "delta": 4.160619}}
{"target": -0.8422326046932012, "params": {"colsample_bytree": 0.3868348998379843, "learning_rate": 0.08216993333462203, "max_bin_exp": 5.1056275441510195, "max_depth": 5.815713710906369, "n_estimators": 4522.626183994838, "reg_alpha": 1.3922971102492678, "reg_lambda": 1.0111980112863075}, "datetime": {"datetime": "2024-02-19 16:08:19", "elapsed": 271.327076, "delta": 4.183775}}
{"target": -0.7071457031295058, "params": {"colsample_bytree": 0.47549559406768777, "learning_rate": 0.324806791156669, "max_bin_exp": 8.296442871128392, "max_depth": 3.5578909321311727, "n_estimators": 4511.7687320367295, "reg_alpha": 0.07752772320067991, "reg_lambda": 2.5384387629458454}, "datetime": {"datetime": "2024-02-19 16:08:22", "elapsed": 274.287123, "delta": 2.960047}}
{"target": -0.6972470427226783, "params": {"colsample_bytree": 1.0, "learning_rate": 0.5, "max_bin_exp": 10.0, "max_depth": 5.162446298904208, "n_estimators": 2567.883549738565, "reg_alpha": 1.4962303538025599, "reg_lambda": 0.0}, "datetime": {"datetime": "2024-02-19 16:08:24", "elapsed": 276.764054, "delta": 2.476931}}
{"target": -0.6677269392324329, "params": {"colsample_bytree": 0.8862680381686137, "learning_rate": 0.356635402194556, "max_bin_exp": 7.684952550851099, "max_depth": 5.211707415272665, "n_estimators": 4509.736610720208, "reg_alpha": 1.591148974019082, "reg_lambda": 2.2225290236112287}, "datetime": {"datetime": "2024-02-19 16:08:29", "elapsed": 281.17312, "delta": 4.409066}}
{"target": -0.8122963365225524, "params": {"colsample_bytree": 0.8248552317162492, "learning_rate": 0.3477326877451844, "max_bin_exp": 5.931623351632155, "max_depth": 3.452311926893897, "n_estimators": 4511.5176035497025, "reg_alpha": 0.18849907876991334, "reg_lambda": 0.41826981178876976}, "datetime": {"datetime": "2024-02-19 16:08:31", "elapsed": 283.79185, "delta": 2.61873}}
{"target": -0.7308491338155456, "params": {"colsample_bytree": 0.3093921696777382, "learning_rate": 0.10316812671880377, "max_bin_exp": 6.042817651862172, "max_depth": 4.644144954557138, "n_estimators": 4509.882644503247, "reg_alpha": 2.273043036677857, "reg_lambda": 0.6772526270379808}, "datetime": {"datetime": "2024-02-19 16:08:35", "elapsed": 287.1878, "delta": 3.39595}}
{"target": -0.698976999656456, "params": {"colsample_bytree": 0.5644063280001581, "learning_rate": 0.2963358559966726, "max_bin_exp": 7.339667563191348, "max_depth": 3.2685921907650295, "n_estimators": 2589.0710146231513, "reg_alpha": 2.733354593076667, "reg_lambda": 1.7283688313948082}, "datetime": {"datetime": "2024-02-19 16:08:36", "elapsed": 288.466687, "delta": 1.278887}}
{"target": -0.8999591642236053, "params": {"colsample_bytree": 0.2, "learning_rate": 0.5, "max_bin_exp": 9.776818995744378, "max_depth": 5.390419143612187, "n_estimators": 2192.6972885252158, "reg_alpha": 3.0, "reg_lambda": 3.0}, "datetime": {"datetime": "2024-02-19 16:08:38", "elapsed": 290.302795, "delta": 1.836108}}
{"target": -0.6594065653653189, "params": {"colsample_bytree": 0.4630307574132724, "learning_rate": 0.23912891143021386, "max_bin_exp": 9.28819878552569, "max_depth": 5.879444698056802, "n_estimators": 2068.3520795337736, "reg_alpha": 0.9657878709732669, "reg_lambda": 1.852131713989667}, "datetime": {"datetime": "2024-02-19 16:08:40", "elapsed": 292.509236, "delta": 2.206441}}
{"target": -0.7036173830548934, "params": {"colsample_bytree": 0.6618951298690672, "learning_rate": 0.09591756377117316, "max_bin_exp": 7.151148919164936, "max_depth": 2.9648052512911303, "n_estimators": 4508.5652016572285, "reg_alpha": 0.5902659962324526, "reg_lambda": 2.1118015018053757}, "datetime": {"datetime": "2024-02-19 16:08:42", "elapsed": 294.568897, "delta": 2.059661}}
{"target": -1.462228513835923, "params": {"colsample_bytree": 0.6168178392912049, "learning_rate": 0.37292799656359416, "max_bin_exp": 7.645238823521812, "max_depth": 1.7050539892597212, "n_estimators": 2068.636652705165, "reg_alpha": 1.268206095201728, "reg_lambda": 2.8431757253167746}, "datetime": {"datetime": "2024-02-19 16:08:43", "elapsed": 295.356087, "delta": 0.78719}}
{"target": -0.7216349107153366, "params": {"colsample_bytree": 0.3431564170504381, "learning_rate": 0.08947523574291263, "max_bin_exp": 9.317705218418046, "max_depth": 2.451494467799364, "n_estimators": 4508.711994006004, "reg_alpha": 1.1190258519557936, "reg_lambda": 0.5982703778341958}, "datetime": {"datetime": "2024-02-19 16:08:45", "elapsed": 297.548399, "delta": 2.192312}}
{"target": -0.7862050815226467, "params": {"colsample_bytree": 0.40667426096626935, "learning_rate": 0.45667709914302446, "max_bin_exp": 9.12561334539254, "max_depth": 5.647875119697308, "n_estimators": 2588.2494758164003, "reg_alpha": 2.7778273812677328, "reg_lambda": 2.3110263823397963}, "datetime": {"datetime": "2024-02-19 16:08:47", "elapsed": 299.497551, "delta": 1.949152}}
{"target": -0.7802445758974811, "params": {"colsample_bytree": 0.635816941396899, "learning_rate": 0.4637318953674633, "max_bin_exp": 6.54494123098328, "max_depth": 4.533471722803926, "n_estimators": 4507.145982890404, "reg_alpha": 1.9630507319737172, "reg_lambda": 0.20222486451752097}, "datetime": {"datetime": "2024-02-19 16:08:50", "elapsed": 303.08916, "delta": 3.591609}}
{"target": -0.8124734412576508, "params": {"colsample_bytree": 0.9881069895603236, "learning_rate": 0.41150239240552833, "max_bin_exp": 5.566105177136378, "max_depth": 5.695057353917883, "n_estimators": 4510.58211929638, "reg_alpha": 2.4052477140132478, "reg_lambda": 2.9222380308504414}, "datetime": {"datetime": "2024-02-19 16:08:55", "elapsed": 307.403557, "delta": 4.314397}}
{"target": -0.8755498750205978, "params": {"colsample_bytree": 0.9932459874923101, "learning_rate": 0.47775421593869705, "max_bin_exp": 6.5563832764648105, "max_depth": 1.5875813238465417, "n_estimators": 4506.758717234317, "reg_alpha": 2.666303895735476, "reg_lambda": 0.8731219908408967}, "datetime": {"datetime": "2024-02-19 16:08:56", "elapsed": 308.822837, "delta": 1.41928}}
{"target": -0.7397550787940648, "params": {"colsample_bytree": 0.3800381066881149, "learning_rate": 0.3282523850526901, "max_bin_exp": 9.072738103698402, "max_depth": 4.3439263012559195, "n_estimators": 4507.365813559581, "reg_alpha": 1.2484601952503473, "reg_lambda": 1.878967290702756}, "datetime": {"datetime": "2024-02-19 16:09:00", "elapsed": 312.986278, "delta": 4.163441}}
{"target": -0.6945099357241642, "params": {"colsample_bytree": 0.8844347449230809, "learning_rate": 0.49057095404861745, "max_bin_exp": 7.780486422368067, "max_depth": 5.766633796623529, "n_estimators": 2066.6821863209652, "reg_alpha": 0.5352520877621635, "reg_lambda": 0.6828843515786337}, "datetime": {"datetime": "2024-02-19 16:09:02", "elapsed": 314.850718, "delta": 1.86444}}
{"target": -3.6849084563794725, "params": {"colsample_bytree": 0.2, "learning_rate": 0.001, "max_bin_exp": 4.23287383050367, "max_depth": 4.349793636763276, "n_estimators": 4157.966652082655, "reg_alpha": 0.0, "reg_lambda": 3.0}, "datetime": {"datetime": "2024-02-19 16:09:05", "elapsed": 317.849061, "delta": 2.998343}}
{"target": -0.668156988933579, "params": {"colsample_bytree": 0.9388154776945086, "learning_rate": 0.1308228443816359, "max_bin_exp": 6.495697325904806, "max_depth": 5.729133785765786, "n_estimators": 4159.476148325366, "reg_alpha": 1.8146149223617574, "reg_lambda": 0.39117017630166195}, "datetime": {"datetime": "2024-02-19 16:09:10", "elapsed": 322.328192, "delta": 4.479131}}
{"target": -0.6461886262623586, "params": {"colsample_bytree": 0.5189290553365473, "learning_rate": 0.11361141496616677, "max_bin_exp": 9.212708999821967, "max_depth": 4.106746058541625, "n_estimators": 4509.854391949713, "reg_alpha": 2.8146319177033146, "reg_lambda": 1.995305869185772}, "datetime": {"datetime": "2024-02-19 16:09:14", "elapsed": 326.482068, "delta": 4.153876}}
{"target": -0.6929853779764008, "params": {"colsample_bytree": 1.0, "learning_rate": 0.5, "max_bin_exp": 6.601751143802834, "max_depth": 6.0, "n_estimators": 2192.283096277186, "reg_alpha": 2.1966294655787717, "reg_lambda": 0.26333828450421165}, "datetime": {"datetime": "2024-02-19 16:09:16", "elapsed": 328.786449, "delta": 2.304381}}
{"target": -0.766197651730226, "params": {"colsample_bytree": 0.8580040948636023, "learning_rate": 0.2537271410611612, "max_bin_exp": 5.943982399222903, "max_depth": 5.587420282466796, "n_estimators": 2579.2767533259052, "reg_alpha": 2.9594684222266254, "reg_lambda": 2.298503013313771}, "datetime": {"datetime": "2024-02-19 16:09:18", "elapsed": 330.789852, "delta": 2.003403}}
{"target": -0.857968240058557, "params": {"colsample_bytree": 0.2639156625365295, "learning_rate": 0.4056346624274729, "max_bin_exp": 6.256587213537415, "max_depth": 5.090741574800375, "n_estimators": 2588.3741948586644, "reg_alpha": 2.672617032241291, "reg_lambda": 2.6412196493050426}, "datetime": {"datetime": "2024-02-19 16:09:20", "elapsed": 332.526544, "delta": 1.736692}}
{"target": -0.6398851482674751, "params": {"colsample_bytree": 0.9092000519964782, "learning_rate": 0.24991824623162923, "max_bin_exp": 9.28864090471221, "max_depth": 4.977945080444851, "n_estimators": 2067.638734182935, "reg_alpha": 0.04854329656001721, "reg_lambda": 0.1407688194445822}, "datetime": {"datetime": "2024-02-19 16:09:22", "elapsed": 334.307359, "delta": 1.780815}}
{"target": -0.6482857803848869, "params": {"colsample_bytree": 1.0, "learning_rate": 0.5, "max_bin_exp": 8.408894099184664, "max_depth": 5.2346870217611725, "n_estimators": 4514.025031799642, "reg_alpha": 0.21564715946824217, "reg_lambda": 2.812655338539992}, "datetime": {"datetime": "2024-02-19 16:09:26", "elapsed": 339.056122, "delta": 4.748763}}
{"target": -1.143057783992467, "params": {"colsample_bytree": 0.34996713655554523, "learning_rate": 0.46960833974780736, "max_bin_exp": 9.631539902043908, "max_depth": 1.151775903120056, "n_estimators": 4510.441297924723, "reg_alpha": 1.3695353751968105, "reg_lambda": 2.643354240211936}, "datetime": {"datetime": "2024-02-19 16:09:28", "elapsed": 340.941647, "delta": 1.885525}}
{"target": -0.8577869610360757, "params": {"colsample_bytree": 0.2699793343342582, "learning_rate": 0.49311405164891786, "max_bin_exp": 6.538609925257098, "max_depth": 5.918598754510295, "n_estimators": 2069.7097612554007, "reg_alpha": 0.8348114554076741, "reg_lambda": 0.8457252723620692}, "datetime": {"datetime": "2024-02-19 16:09:30", "elapsed": 342.655625, "delta": 1.713978}}
{"target": -1.2877793538001796, "params": {"colsample_bytree": 0.44145868022857143, "learning_rate": 0.04365440403318307, "max_bin_exp": 4.01610672934444, "max_depth": 3.208875835490521, "n_estimators": 4508.7563195391485, "reg_alpha": 1.4802308131810507, "reg_lambda": 2.383296358050351}, "datetime": {"datetime": "2024-02-19 16:09:33", "elapsed": 345.201462, "delta": 2.545837}}
{"target": -0.74623998782736, "params": {"colsample_bytree": 0.5627233664251894, "learning_rate": 0.31983527902978776, "max_bin_exp": 7.888441045726461, "max_depth": 5.797273034580999, "n_estimators": 4511.4246590036555, "reg_alpha": 0.6704028567152401, "reg_lambda": 0.08716465339707713}, "datetime": {"datetime": "2024-02-19 16:09:37", "elapsed": 349.471829, "delta": 4.270367}}
{"target": -0.7358500690663253, "params": {"colsample_bytree": 0.3238943029459817, "learning_rate": 0.10242333405721475, "max_bin_exp": 7.756498879393077, "max_depth": 5.848117589547917, "n_estimators": 4159.691096207115, "reg_alpha": 0.4401395533110929, "reg_lambda": 2.1367616949818014}, "datetime": {"datetime": "2024-02-19 16:09:41", "elapsed": 353.8418, "delta": 4.369971}}
{"target": -0.8024454594868171, "params": {"colsample_bytree": 0.30037938823724075, "learning_rate": 0.27703090600353336, "max_bin_exp": 8.587227127460286, "max_depth": 5.621434268804684, "n_estimators": 4156.801592358968, "reg_alpha": 0.35753868895776975, "reg_lambda": 0.07377434212622358}, "datetime": {"datetime": "2024-02-19 16:09:46", "elapsed": 358.222176, "delta": 4.380376}}
{"target": -0.6500054151836159, "params": {"colsample_bytree": 0.9673341220879295, "learning_rate": 0.41604872618123245, "max_bin_exp": 9.489540594858468, "max_depth": 5.586142203161924, "n_estimators": 4518.796586380482, "reg_alpha": 0.2422613823784444, "reg_lambda": 2.657634979343149}, "datetime": {"datetime": "2024-02-19 16:09:51", "elapsed": 363.527829, "delta": 5.305653}}
