{"target": -0.7020009120968691, "params": {"colsample_bytree": 0.4084869058879469, "learning_rate": 0.11688840846159218, "max_bin_exp": 7.461320607350575, "max_depth": 5.788561830410344, "n_estimators": 2064.5933445319324, "reg_alpha": 1.162922054489805, "reg_lambda": 2.5266257406600894}, "datetime": {"datetime": "2024-02-19 16:05:29", "elapsed": 101.280381, "delta": 1.888131}}
{"target": -0.6172630963835922, "params": {"colsample_bytree": 0.807718105419456, "learning_rate": 0.11163698719104256, "max_bin_exp": 8.738046071121024, "max_depth": 5.908987180760035, "n_estimators": 4519.481511993538, "reg_alpha": 2.0476440452114115, "reg_lambda": 2.1905341203445707}, "datetime": {"datetime": "2024-02-19 16:05:33", "elapsed": 106.104918, "delta": 4.824537}}
{"target": -0.7113649620534663, "params": {"colsample_bytree": 1.0, "learning_rate": 0.5, "max_bin_exp": 8.289924091960842, "max_depth": 6.0, "n_estimators": 2581.4282974800803, "reg_alpha": 2.468497165979271, "reg_lambda": 0.0}, "datetime": {"datetime": "2024-02-19 16:05:36", "elapsed": 108.509677, "delta": 2.404759}}
{"target": -2.4623355545845107, "params": {"colsample_bytree": 0.6115785945176262, "learning_rate": 0.001, "max_bin_exp": 8.646245624965069, "max_depth": 5.761100538438646, "n_estimators": 3464.65015136661, "reg_alpha": 0.0, "reg_lambda": 0.0}, "datetime": {"datetime": "2024-02-19 16:05:38", "elapsed": 110.433548, "delta": 1.923871}}
{"target": -0.6758721559601576, "params": {"colsample_bytree": 0.7871499412698457, "learning_rate": 0.40825630641394745, "max_bin_exp": 9.672384975052175, "max_depth": 3.9745644736616623, "n_estimators": 2063.759593081269, "reg_alpha": 1.2248438621553328, "reg_lambda": 2.5063380748490167}, "datetime": {"datetime": "2024-02-19 16:05:39", "elapsed": 111.965713, "delta": 1.532165}}
{"target": -0.883695872750412, "params": {"colsample_bytree": 0.279823112867893, "learning_rate": 0.2026056940263771, "max_bin_exp": 7.91075464883843, "max_depth": 4.544797526013406, "n_estimators": 2066.9585293987525, "reg_alpha": 2.55264584507543, "reg_lambda": 1.2092881649463902}, "datetime": {"datetime": "2024-02-19 16:05:41", "elapsed": 113.240901, "delta": 1.275188}}
{"target": -0.8796288418086451, "params": {"colsample_bytree": 0.25646269411613487, "learning_rate": 0.45198723147949615, "max_bin_exp": 9.647948571937727, "max_depth": 4.167308377603333, "n_estimators": 2059.772732540276, "reg_alpha": 1.2394003221362162, "reg_lambda": 0.623260133853871}, "datetime": {"datetime": "2024-02-19 16:05:42", "elapsed": 114.638929, "delta": 1.398028}}
{"target": -0.6281080616187029, "params": {"colsample_bytree": 0.9343797599044732, "learning_rate": 0.3416126494465886, "max_bin_exp": 9.03598576128871, "max_depth": 4.8024399078003475, "n_estimators": 2583.6886388387707, "reg_alpha": 2.6641544087895976, "reg_lambda": 1.937288635538862}, "datetime": {"datetime": "2024-02-19 16:05:44", "elapsed": 116.3564, "delta": 1.717471}}
{"target": -0.6577153101297669, "params": {"colsample_bytree": 0.5909290025909082, "learning_rate": 0.23343247360990924, "max_bin_exp": 7.93098124039556, "max_depth": 5.927816684856744, "n_estimators": 2582.4826771388675, "reg_alpha": 0.28801337118272197, "reg_lambda": 2.732634299760331}, "datetime": {"datetime": "2024-02-19 16:05:45", "elapsed": 118.075515, "delta": 1.719115}}
{"target": -1.0628668646510122, "params": {"colsample_bytree": 0.26578057189763177, "learning_rate": 0.11065599099119083, "max_bin_exp": 8.138602373781778, "max_depth": 2.1946877394712523, "n_estimators": 2062.4821048181398, "reg_alpha": 1.5337545399996582, "reg_lambda": 2.840283415087407}, "datetime": {"datetime": "2024-02-19 16:05:46", "elapsed": 118.956748, "delta": 0.881233}}
{"target": -1.1635124872557676, "params": {"colsample_bytree": 0.8287738730824068, "learning_rate": 0.481893507531059, "max_bin_exp": 4.884586352589559, "max_depth": 5.523768072594344, "n_estimators": 2064.54908514074, "reg_alpha": 2.8947154882859363, "reg_lambda": 1.6553126308699748}, "datetime": {"datetime": "2024-02-19 16:05:48", "elapsed": 120.597446, "delta": 1.640698}}
{"target": -0.7109631340031337, "params": {"colsample_bytree": 0.5478313585011243, "learning_rate": 0.4638646850579019, "max_bin_exp": 8.87875654106848, "max_depth": 3.153651386840964, "n_estimators": 2581.894076109755, "reg_alpha": 2.7467089412377765, "reg_lambda": 0.988678837420357}, "datetime": {"datetime": "2024-02-19 16:05:49", "elapsed": 121.974975, "delta": 1.377529}}
{"target": -0.6489395781411841, "params": {"colsample_bytree": 0.8896350030078268, "learning_rate": 0.29725602657099837, "max_bin_exp": 8.941686611312711, "max_depth": 5.610947499426688, "n_estimators": 2064.6669142891606, "reg_alpha": 0.8357698898339427, "reg_lambda": 0.13464492419368557}, "datetime": {"datetime": "2024-02-19 16:05:51", "elapsed": 123.862461, "delta": 1.887486}}
{"target": -0.6518871471133475, "params": {"colsample_bytree": 0.44124801270708824, "learning_rate": 0.11264054410816621, "max_bin_exp": 6.6272221751824745, "max_depth": 4.160185773901607, "n_estimators": 2582.8800840974145, "reg_alpha": 2.9452774554222207, "reg_lambda": 2.477203568521225}, "datetime": {"datetime": "2024-02-19 16:05:53", "elapsed": 125.231535, "delta": 1.369074}}
{"target": -0.6866793023082094, "params": {"colsample_bytree": 0.5989805069315979, "learning_rate": 0.23602174258200792, "max_bin_exp": 7.112383751244094, "max_depth": 4.433164197829683, "n_estimators": 2586.4225023657036, "reg_alpha": 2.1798292502542207, "reg_lambda": 1.2067796868630416}, "datetime": {"datetime": "2024-02-19 16:05:54", "elapsed": 126.724407, "delta": 1.492872}}
{"target": -1.8272172390431896, "params": {"colsample_bytree": 0.25405714922621314, "learning_rate": 0.43097112276359834, "max_bin_exp": 5.508261765978906, "max_depth": 4.167658402740683, "n_estimators": 2584.895204146662, "reg_alpha": 0.27447031035451963, "reg_lambda": 1.597459300023896}, "datetime": {"datetime": "2024-02-19 16:05:55", "elapsed": 127.958062, "delta": 1.233655}}
{"target": -0.7004911976106404, "params": {"colsample_bytree": 0.48114645181552906, "learning_rate": 0.4106237625467258, "max_bin_exp": 9.232899249925062, "max_depth": 5.659408433964953, "n_estimators": 4934.926386165753, "reg_alpha": 0.4516864720852751, "reg_lambda": 0.08969907985296854}, "datetime": {"datetime": "2024-02-19 16:06:00", "elapsed": 133.006642, "delta": 5.04858}}
{"target": -0.6956603291122292, "params": {"colsample_bytree": 0.9488632688451879, "learning_rate": 0.385272278921235, "max_bin_exp": 7.060778899157716, "max_depth": 5.763506267179915, "n_estimators": 2060.585076578166, "reg_alpha": 0.9927377524631742, "reg_lambda": 1.3113350842020841}, "datetime": {"datetime": "2024-02-19 16:06:02", "elapsed": 134.757262, "delta": 1.75062}}
{"target": -3.8697162145362523, "params": {"colsample_bytree": 0.2, "learning_rate": 0.001, "max_bin_exp": 10.0, "max_depth": 6.0, "n_estimators": 2583.4743445390786, "reg_alpha": 0.5629094526154224, "reg_lambda": 0.33392444499299523}, "datetime": {"datetime": "2024-02-19 16:06:05", "elapsed": 137.223439, "delta": 2.466177}}
{"target": -0.8882578028866525, "params": {"colsample_bytree": 0.250949840212904, "learning_rate": 0.24403453684859694, "max_bin_exp": 8.147877735389372, "max_depth": 4.80126548915459, "n_estimators": 2581.0277759905143, "reg_alpha": 1.0023917250180392, "reg_lambda": 2.531329066433997}, "datetime": {"datetime": "2024-02-19 16:06:06", "elapsed": 138.625155, "delta": 1.401716}}
{"target": -1.1364116365230696, "params": {"colsample_bytree": 0.9793028912524764, "learning_rate": 0.015048335799978968, "max_bin_exp": 7.499738726959461, "max_depth": 2.476639703194769, "n_estimators": 2584.095021517945, "reg_alpha": 2.782478457660895, "reg_lambda": 2.841486042410883}, "datetime": {"datetime": "2024-02-19 16:06:07", "elapsed": 139.490367, "delta": 0.865212}}
{"target": -1.8269446570859633, "params": {"colsample_bytree": 0.24780753286875284, "learning_rate": 0.3507691738583737, "max_bin_exp": 5.572352890397611, "max_depth": 4.281816999866619, "n_estimators": 2059.7779435309894, "reg_alpha": 2.995557373972078, "reg_lambda": 1.978917910241487}, "datetime": {"datetime": "2024-02-19 16:06:08", "elapsed": 140.711515, "delta": 1.221148}}
{"target": -0.6158084801101253, "params": {"colsample_bytree": 0.7099436170801126, "learning_rate": 0.1381962809524627, "max_bin_exp": 9.872179032762254, "max_depth": 5.776804024530255, "n_estimators": 2060.9166711575117, "reg_alpha": 1.576011514810185, "reg_lambda": 2.3571666323028984}, "datetime": {"datetime": "2024-02-19 16:06:10", "elapsed": 142.77369, "delta": 2.062175}}
{"target": -0.6255849497837217, "params": {"colsample_bytree": 0.7530286146941763, "learning_rate": 0.2944208856133947, "max_bin_exp": 9.269852876616712, "max_depth": 5.545696356652381, "n_estimators": 2062.598775798122, "reg_alpha": 0.8355208422953125, "reg_lambda": 2.644717488373387}, "datetime": {"datetime": "2024-02-19 16:06:12", "elapsed": 144.779619, "delta": 2.005929}}
{"target": -0.6774088177871388, "params": {"colsample_bytree": 0.9982720847703532, "learning_rate": 0.38734754185940967, "max_bin_exp": 6.2425985748469195, "max_depth": 5.571696647274072, "n_estimators": 2582.076927981201, "reg_alpha": 2.3958002097947872, "reg_lambda": 1.6222543003968832}, "datetime": {"datetime": "2024-02-19 16:06:14", "elapsed": 146.669562, "delta": 1.889943}}
{"target": -0.6794638087879591, "params": {"colsample_bytree": 0.6238665374435584, "learning_rate": 0.16788649267082204, "max_bin_exp": 6.65666097302075, "max_depth": 5.773790704376904, "n_estimators": 2062.3783109360547, "reg_alpha": 0.3782326774241762, "reg_lambda": 0.14824572043504325}, "datetime": {"datetime": "2024-02-19 16:06:16", "elapsed": 148.462719, "delta": 1.793157}}
{"target": -2.1424238965498468, "params": {"colsample_bytree": 0.4658964995265346, "learning_rate": 0.2247082863960227, "max_bin_exp": 7.013455881987437, "max_depth": 1.3656715055875415, "n_estimators": 3463.499764624631, "reg_alpha": 0.09000297653041822, "reg_lambda": 1.3817309188874793}, "datetime": {"datetime": "2024-02-19 16:06:16", "elapsed": 149.124584, "delta": 0.661865}}
{"target": -0.6103691180849812, "params": {"colsample_bytree": 0.6738291548453959, "learning_rate": 0.07150692009099881, "max_bin_exp": 9.935190493985658, "max_depth": 4.837206277793819, "n_estimators": 2066.1994224057894, "reg_alpha": 0.536615972281845, "reg_lambda": 2.6635225370509845}, "datetime": {"datetime": "2024-02-19 16:06:18", "elapsed": 150.856301, "delta": 1.731717}}
{"target": -0.7816309930231873, "params": {"colsample_bytree": 0.33156173766641883, "learning_rate": 0.1255366912183014, "max_bin_exp": 6.227454837972871, "max_depth": 2.3454683199359962, "n_estimators": 2065.39881746046, "reg_alpha": 0.019664325523457316, "reg_lambda": 2.2045631876782075}, "datetime": {"datetime": "2024-02-19 16:06:19", "elapsed": 151.718862, "delta": 0.862561}}
{"target": -0.699119849647996, "params": {"colsample_bytree": 0.6074614850208961, "learning_rate": 0.26327107105915654, "max_bin_exp": 6.482033786827709, "max_depth": 2.3490399232338586, "n_estimators": 2192.9180422032414, "reg_alpha": 0.2852337534993874, "reg_lambda": 2.0338991136919904}, "datetime": {"datetime": "2024-02-19 16:06:20", "elapsed": 152.597479, "delta": 0.878617}}
{"target": -0.6466704443336616, "params": {"colsample_bytree": 0.48522521636174293, "learning_rate": 0.09352477711444726, "max_bin_exp": 9.65316760241434, "max_depth": 4.940513580187931, "n_estimators": 2062.975571457392, "reg_alpha": 0.10344527889636057, "reg_lambda": 0.7549853460497119}, "datetime": {"datetime": "2024-02-19 16:06:22", "elapsed": 154.174311, "delta": 1.576832}}
{"target": -0.8773096262697151, "params": {"colsample_bytree": 0.5142340756818635, "learning_rate": 0.19246737021937965, "max_bin_exp": 5.976358221199961, "max_depth": 2.5772658674943445, "n_estimators": 2193.553589969445, "reg_alpha": 2.624870938514939, "reg_lambda": 0.10620570989208977}, "datetime": {"datetime": "2024-02-19 16:06:22", "elapsed": 154.985537, "delta": 0.811226}}
{"target": -0.7178643836864409, "params": {"colsample_bytree": 0.6578518335585081, "learning_rate": 0.42844827542023406, "max_bin_exp": 6.954674909432962, "max_depth": 5.892141672167342, "n_estimators": 2194.4831978030284, "reg_alpha": 1.3085957057564757, "reg_lambda": 2.4583882783908297}, "datetime": {"datetime": "2024-02-19 16:06:24", "elapsed": 156.777045, "delta": 1.791508}}
{"target": -0.9044341675626766, "params": {"colsample_bytree": 0.21541720959843558, "learning_rate": 0.30124325888543985, "max_bin_exp": 8.67988726143592, "max_depth": 5.254829087200337, "n_estimators": 2193.9920727516223, "reg_alpha": 0.9855307972194101, "reg_lambda": 0.29721407971374514}, "datetime": {"datetime": "2024-02-19 16:06:26", "elapsed": 158.273861, "delta": 1.496816}}
{"target": -0.8088171633150895, "params": {"colsample_bytree": 0.9814559173447414, "learning_rate": 0.5, "max_bin_exp": 5.1530727893680695, "max_depth": 5.083361446586054, "n_estimators": 2192.370532885253, "reg_alpha": 0.2866846772833307, "reg_lambda": 1.480629262944433}, "datetime": {"datetime": "2024-02-19 16:06:27", "elapsed": 160.057137, "delta": 1.783276}}
{"target": -0.6193465410168204, "params": {"colsample_bytree": 0.6942320035455285, "learning_rate": 0.08544103378467915, "max_bin_exp": 8.039336670230693, "max_depth": 4.344038490084365, "n_estimators": 2190.4249277527456, "reg_alpha": 0.7293072941614711, "reg_lambda": 2.8280632669365477}, "datetime": {"datetime": "2024-02-19 16:06:29", "elapsed": 161.624824, "delta": 1.567687}}
{"target": -0.6622327336011063, "params": {"colsample_bytree": 0.8604039535580776, "learning_rate": 0.03136949457182341, "max_bin_exp": 9.74785054396802, "max_depth": 3.5264653158977817, "n_estimators": 2192.4837740230373, "reg_alpha": 1.5439240812880022, "reg_lambda": 2.950080893387078}, "datetime": {"datetime": "2024-02-19 16:06:30", "elapsed": 163.048045, "delta": 1.423221}}
{"target": -0.8278245543571975, "params": {"colsample_bytree": 0.4494851303469798, "learning_rate": 0.02419669026605307, "max_bin_exp": 5.147380914482403, "max_depth": 4.813869173494657, "n_estimators": 2191.676641613448, "reg_alpha": 2.9764744976492006, "reg_lambda": 2.3844393151894767}, "datetime": {"datetime": "2024-02-19 16:06:32", "elapsed": 164.355776, "delta": 1.307731}}
{"target": -0.716434367823461, "params": {"colsample_bytree": 1.0, "learning_rate": 0.5, "max_bin_exp": 7.6027054206030655, "max_depth": 2.3393137094419196, "n_estimators": 2191.1678176243163, "reg_alpha": 2.7006948579340713, "reg_lambda": 3.0}, "datetime": {"datetime": "2024-02-19 16:06:33", "elapsed": 165.249528, "delta": 0.893752}}
{"target": -3.403380370056497, "params": {"colsample_bytree": 0.611233453567219, "learning_rate": 0.021268977369035706, "max_bin_exp": 8.829093202300292, "max_depth": 1.7242117632836402, "n_estimators": 2189.8208069683624, "reg_alpha": 1.0733155469450857, "reg_lambda": 0.9110859994858379}, "datetime": {"datetime": "2024-02-19 16:06:33", "elapsed": 166.06926, "delta": 0.819732}}
{"target": -0.811622709325712, "params": {"colsample_bytree": 0.2919620271657144, "learning_rate": 0.405653544689023, "max_bin_exp": 5.420237378848854, "max_depth": 3.774148997206554, "n_estimators": 2196.8934302104103, "reg_alpha": 2.919113018953218, "reg_lambda": 2.169185926609888}, "datetime": {"datetime": "2024-02-19 16:06:34", "elapsed": 167.108322, "delta": 1.039062}}
{"target": -0.6799295462059352, "params": {"colsample_bytree": 0.6054513372232682, "learning_rate": 0.3577429389877618, "max_bin_exp": 8.53986411161959, "max_depth": 3.7438921030794807, "n_estimators": 2194.1063857038375, "reg_alpha": 2.274605498493785, "reg_lambda": 2.88766617775995}, "datetime": {"datetime": "2024-02-19 16:06:36", "elapsed": 168.296177, "delta": 1.187855}}
{"target": -1.1508004753636938, "params": {"colsample_bytree": 0.44870855852959884, "learning_rate": 0.35185755452876566, "max_bin_exp": 4.595147486461087, "max_depth": 5.970539298842127, "n_estimators": 2196.4051118081697, "reg_alpha": 0.7168910519383034, "reg_lambda": 2.8129311135309845}, "datetime": {"datetime": "2024-02-19 16:06:37", "elapsed": 169.989832, "delta": 1.693655}}
{"target": -0.6222473503163253, "params": {"colsample_bytree": 0.8859344188032428, "learning_rate": 0.07215795136886179, "max_bin_exp": 9.639217584716636, "max_depth": 3.4967568410912753, "n_estimators": 2196.8366536683966, "reg_alpha": 0.5976663736021912, "reg_lambda": 2.947987003994555}, "datetime": {"datetime": "2024-02-19 16:06:39", "elapsed": 171.372394, "delta": 1.382562}}
{"target": -1.4539360995350752, "params": {"colsample_bytree": 0.7908110033643159, "learning_rate": 0.30268311955070304, "max_bin_exp": 9.404499393756954, "max_depth": 1.2178526681524322, "n_estimators": 2195.481664808012, "reg_alpha": 0.08415248586024504, "reg_lambda": 2.714154603327912}, "datetime": {"datetime": "2024-02-19 16:06:39", "elapsed": 172.138011, "delta": 0.765617}}
{"target": -3.116863103024953, "params": {"colsample_bytree": 0.2, "learning_rate": 0.001, "max_bin_exp": 9.897586697328096, "max_depth": 6.0, "n_estimators": 4519.284392205917, "reg_alpha": 3.0, "reg_lambda": 0.0}, "datetime": {"datetime": "2024-02-19 16:06:45", "elapsed": 177.297448, "delta": 5.159437}}
{"target": -0.6511038563169432, "params": {"colsample_bytree": 0.539884489846783, "learning_rate": 0.0454526613621091, "max_bin_exp": 9.979657229897853, "max_depth": 4.698769143483926, "n_estimators": 2064.6391320864404, "reg_alpha": 2.528928463192702, "reg_lambda": 1.1147362168185118}, "datetime": {"datetime": "2024-02-19 16:06:46", "elapsed": 178.901307, "delta": 1.603859}}
{"target": -0.863755307219574, "params": {"colsample_bytree": 0.2262353389456629, "learning_rate": 0.21092800622311986, "max_bin_exp": 9.521723238050043, "max_depth": 2.3872943439518446, "n_estimators": 2065.7334717462945, "reg_alpha": 0.8634643709855527, "reg_lambda": 1.7218079800363668}, "datetime": {"datetime": "2024-02-19 16:06:47", "elapsed": 179.84006, "delta": 0.938753}}
{"target": -2.446550313647599, "params": {"colsample_bytree": 0.7391227772535787, "learning_rate": 0.0010978900749274022, "max_bin_exp": 7.59317487327856, "max_depth": 4.4210359360765805, "n_estimators": 2196.139125867359, "reg_alpha": 2.3183308565757694, "reg_lambda": 1.446784298423221}, "datetime": {"datetime": "2024-02-19 16:06:49", "elapsed": 181.458721, "delta": 1.618661}}
{"target": -0.8849329956229403, "params": {"colsample_bytree": 0.2294001611206551, "learning_rate": 0.14826484164404746, "max_bin_exp": 7.482160163944315, "max_depth": 5.59967449847648, "n_estimators": 2575.237102358022, "reg_alpha": 0.46982831693546134, "reg_lambda": 1.0610168540585279}, "datetime": {"datetime": "2024-02-19 16:06:50", "elapsed": 182.964293, "delta": 1.505572}}
{"target": -0.6506938501522775, "params": {"colsample_bytree": 0.42864989362087896, "learning_rate": 0.17718678729599127, "max_bin_exp": 8.453121140363027, "max_depth": 4.3360701480557085, "n_estimators": 2192.335408855828, "reg_alpha": 0.7054252988455447, "reg_lambda": 1.709138232247989}, "datetime": {"datetime": "2024-02-19 16:06:52", "elapsed": 184.444836, "delta": 1.480543}}
{"target": -0.5966135180379002, "params": {"colsample_bytree": 0.7759756194960978, "learning_rate": 0.05298134702562771, "max_bin_exp": 8.826775187412066, "max_depth": 5.957731440044169, "n_estimators": 2192.4737951242487, "reg_alpha": 0.8893107246968003, "reg_lambda": 2.9230710054182936}, "datetime": {"datetime": "2024-02-19 16:06:54", "elapsed": 186.524493, "delta": 2.079657}}
{"target": -0.7093123573218278, "params": {"colsample_bytree": 1.0, "learning_rate": 0.5, "max_bin_exp": 7.191619112788832, "max_depth": 4.365783795647728, "n_estimators": 2192.4032315286026, "reg_alpha": 1.604128193165732, "reg_lambda": 3.0}, "datetime": {"datetime": "2024-02-19 16:06:55", "elapsed": 187.953282, "delta": 1.428789}}
{"target": -0.8870684030823328, "params": {"colsample_bytree": 0.2136765671634181, "learning_rate": 0.2014660217602678, "max_bin_exp": 7.195091405719543, "max_depth": 4.867740625890474, "n_estimators": 4520.092771058928, "reg_alpha": 1.9215887108197434, "reg_lambda": 2.9377010074111016}, "datetime": {"datetime": "2024-02-19 16:06:59", "elapsed": 191.247165, "delta": 3.293883}}
{"target": -0.6528338004682349, "params": {"colsample_bytree": 0.9834867039565918, "learning_rate": 0.3760672676821485, "max_bin_exp": 8.430556689720653, "max_depth": 5.763371117753153, "n_estimators": 2578.940943743533, "reg_alpha": 0.541696012160976, "reg_lambda": 2.8733073233153195}, "datetime": {"datetime": "2024-02-19 16:07:01", "elapsed": 193.254343, "delta": 2.007178}}
{"target": -0.6764401962497059, "params": {"colsample_bytree": 0.6240273709431481, "learning_rate": 0.33569757000713885, "max_bin_exp": 8.686073790014943, "max_depth": 3.899655876337232, "n_estimators": 2577.525091685364, "reg_alpha": 1.5778535224458663, "reg_lambda": 2.9074148133861097}, "datetime": {"datetime": "2024-02-19 16:07:02", "elapsed": 194.452472, "delta": 1.198129}}
{"target": -0.6854856374514476, "params": {"colsample_bytree": 0.7057026783480589, "learning_rate": 0.4279203724151276, "max_bin_exp": 8.804849442686475, "max_depth": 4.089150895064756, "n_estimators": 4516.6850154753465, "reg_alpha": 2.110186580473872, "reg_lambda": 2.1421856222692863}, "datetime": {"datetime": "2024-02-19 16:07:06", "elapsed": 198.221208, "delta": 3.768736}}
{"target": -3.235641335037076, "params": {"colsample_bytree": 0.20575410076435743, "learning_rate": 0.2618197410312003, "max_bin_exp": 4.36777141922423, "max_depth": 1.6068655359193094, "n_estimators": 2193.8601237369476, "reg_alpha": 1.8355358769715213, "reg_lambda": 2.282866171808527}, "datetime": {"datetime": "2024-02-19 16:07:06", "elapsed": 198.923993, "delta": 0.702785}}
