{"target": 0.710287663785394, "params": {"u": 6.81530977306679, "v": 1.5354955459277386, "w": 9.717387092588822, "x": 1.6531622697951938, "y": 3.456237505784846}, "datetime": {"datetime": "2024-02-25 09:56:45", "elapsed": 309.613444, "delta": 1.71965}}
{"target": 0.1041522363180385, "params": {"u": 12.744156646001343, "v": 12.559899257698778, "w": 10.503327566581149, "x": 5.70049795478338, "y": 4.477926992302007}, "datetime": {"datetime": "2024-02-25 09:56:46", "elapsed": 310.538488, "delta": 0.925044}}
{"target": -0.037059703313841834, "params": {"u": 3.9676195557968987, "v": 9.361101413375355, "w": 5.864726017869129, "x": 3.2538902973414423, "y": 0.2487164196037072}, "datetime": {"datetime": "2024-02-25 09:56:48", "elapsed": 312.425124, "delta": 1.886636}}
{"target": 0.8410557116898815, "params": {"u": 6.265373358748872, "v": 1.237594259668477, "w": 9.460981493854604, "x": 1.774305902870846, "y": 3.4816306731336613}, "datetime": {"datetime": "2024-02-25 09:56:51", "elapsed": 315.615855, "delta": 3.190731}}
{"target": 0.8291693470551551, "params": {"u": 6.482016354893386, "v": 1.1648018099343478, "w": 9.483947257726612, "x": 1.5674431035088008, "y": 3.878170781305248}, "datetime": {"datetime": "2024-02-25 09:56:55", "elapsed": 319.548622, "delta": 3.932767}}
{"target": 0.00970645204187173, "params": {"u": 4.465693535893025, "v": 6.92775199428783, "w": 5.946340293849676, "x": 3.4980766983723455, "y": 1.7818044062522058}, "datetime": {"datetime": "2024-02-25 09:56:57", "elapsed": 321.54651, "delta": 1.997888}}
{"target": 0.0686160401193264, "params": {"u": 3.9743652778898717, "v": 9.456003643020674, "w": 9.66785521315704, "x": 1.4341744892188866, "y": 0.3501224740641785}, "datetime": {"datetime": "2024-02-25 09:56:58", "elapsed": 322.654358, "delta": 1.107848}}
{"target": 0.454572549384017, "params": {"u": 8.171690390426715, "v": 2.4980142005731136, "w": 9.645076747603904, "x": 3.0478567239322767, "y": 2.3665887320540926}, "datetime": {"datetime": "2024-02-25 09:56:59", "elapsed": 323.612737, "delta": 0.958379}}
{"target": 0.058595018403509475, "params": {"u": 5.328657804994391, "v": 1.1856983884203518, "w": 3.815805079365896, "x": 4.882194252767582, "y": 0.2974389351854469}, "datetime": {"datetime": "2024-02-25 09:57:00", "elapsed": 324.872506, "delta": 1.259769}}
{"target": 0.037626162740778915, "params": {"u": 4.451887839680771, "v": 11.811874276373786, "w": 2.970513112351664, "x": 2.7641873136327577, "y": 3.2374594881541703}, "datetime": {"datetime": "2024-02-25 09:57:02", "elapsed": 326.654608, "delta": 1.782102}}
{"target": 0.9186833554307668, "params": {"u": 6.132185271050041, "v": 1.0352231321855885, "w": 9.32430900078149, "x": 1.691021174512573, "y": 4.194912908228592}, "datetime": {"datetime": "2024-02-25 09:57:06", "elapsed": 331.307695, "delta": 4.653087}}
{"target": 0.5719245824210644, "params": {"u": 8.401754843788023, "v": 2.384670657923433, "w": 9.329904823394989, "x": 2.7726801385780164, "y": 2.2981027053116114}, "datetime": {"datetime": "2024-02-25 09:57:08", "elapsed": 333.100647, "delta": 1.792952}}
{"target": 0.6084164875706856, "params": {"u": 8.545745986837897, "v": 2.2837798848867514, "w": 10.045754880642129, "x": 2.4644946807613777, "y": 2.486475496904795}, "datetime": {"datetime": "2024-02-25 09:57:11", "elapsed": 335.898331, "delta": 2.797684}}
{"target": 0.5335604341623607, "params": {"u": 6.039503589435968, "v": 1.8392414510162962, "w": 10.037349914998284, "x": 1.9221342896378522, "y": 3.784262277586428}, "datetime": {"datetime": "2024-02-25 09:57:14", "elapsed": 338.767063, "delta": 2.868732}}
{"target": 0.8630342585672177, "params": {"u": 6.025548304379301, "v": 1.0483787363452013, "w": 9.610649976973928, "x": 1.77538473458072, "y": 3.8759854935024283}, "datetime": {"datetime": "2024-02-25 09:57:16", "elapsed": 340.498314, "delta": 1.731251}}
{"target": 0.4785010899784617, "params": {"u": 8.119612448559074, "v": 2.3205264936204233, "w": 9.957307744210771, "x": 2.4616238782160504, "y": 2.110474103115448}, "datetime": {"datetime": "2024-02-25 09:57:18", "elapsed": 342.49761, "delta": 1.999296}}
{"target": 0.3798264551439066, "params": {"u": 6.207465016447218, "v": 1.0267073728010447, "w": 10.157956284032123, "x": 1.943340674975797, "y": 3.8410883901036637}, "datetime": {"datetime": "2024-02-25 09:57:20", "elapsed": 344.446885, "delta": 1.949275}}
{"target": 0.11649509048117924, "params": {"u": 7.11711478053917, "v": 3.5107832669606145, "w": 9.477564573182454, "x": 2.2312986505743866, "y": 4.487506025302788}, "datetime": {"datetime": "2024-02-25 09:57:21", "elapsed": 345.715609, "delta": 1.268724}}
{"target": -0.1203052190335271, "params": {"u": 5.39668883353311, "v": 1.1307972495873, "w": 8.854137784122292, "x": 1.4799835460583513, "y": 3.959690091449454}, "datetime": {"datetime": "2024-02-25 09:57:25", "elapsed": 349.472808, "delta": 3.757199}}
{"target": -0.0632234842302691, "params": {"u": 10.988454392784535, "v": 9.677643973409175, "w": 9.518399229914085, "x": 3.3485840590897125, "y": 3.8047199004071284}, "datetime": {"datetime": "2024-02-25 09:57:26", "elapsed": 351.080898, "delta": 1.60809}}
{"target": -0.05334214305748085, "params": {"u": 9.657249437708447, "v": 5.707281878819137, "w": 12.24217788762839, "x": 6.807453918314865, "y": 0.32503572159185107}, "datetime": {"datetime": "2024-02-25 09:57:28", "elapsed": 352.991665, "delta": 1.910767}}
{"target": 0.0166299415090916, "params": {"u": 1.2784635581089625, "v": 5.937988683310376, "w": 1.1612428631484795, "x": 4.8504363453881245, "y": 2.4319961757320443}, "datetime": {"datetime": "2024-02-25 09:57:29", "elapsed": 354.002801, "delta": 1.011136}}
{"target": -0.024939422690341582, "params": {"u": 11.403000103593136, "v": 8.048944063316458, "w": 11.570231419350009, "x": 4.04353859830131, "y": 0.2897187146133272}, "datetime": {"datetime": "2024-02-25 09:57:30", "elapsed": 354.972209, "delta": 0.969408}}
{"target": 0.5800844285430703, "params": {"u": 8.363918841964896, "v": 1.6595290617666305, "w": 10.128948398663626, "x": 2.1357123276668206, "y": 2.6599901022989774}, "datetime": {"datetime": "2024-02-25 09:57:32", "elapsed": 356.652383, "delta": 1.680174}}
{"target": 0.4350856016610555, "params": {"u": 8.482166943517392, "v": 2.2602081338740247, "w": 9.97916501230426, "x": 2.015509277677552, "y": 2.485463562597471}, "datetime": {"datetime": "2024-02-25 09:57:34", "elapsed": 358.499269, "delta": 1.846886}}
{"target": 0.048283499056088516, "params": {"u": 12.879878169147974, "v": 4.515365958034898, "w": 8.137257900061297, "x": 7.494656972765477, "y": 3.572587536830222}, "datetime": {"datetime": "2024-02-25 09:57:35", "elapsed": 360.243389, "delta": 1.74412}}
{"target": -0.013463000668376033, "params": {"u": 6.605814950801342, "v": 6.99305357551037, "w": 12.895734596944052, "x": 5.804894541273552, "y": 4.9408552432263075}, "datetime": {"datetime": "2024-02-25 09:57:37", "elapsed": 361.958083, "delta": 1.714694}}
{"target": -0.04628384356002123, "params": {"u": 10.095617900631618, "v": 11.87525588468375, "w": 3.3917898430797235, "x": 2.0131592942229757, "y": 3.8816438081831968}, "datetime": {"datetime": "2024-02-25 09:57:39", "elapsed": 363.98623, "delta": 2.028147}}
{"target": 0.44650381240286385, "params": {"u": 7.461244856569042, "v": 2.0767539251908453, "w": 10.023101852497833, "x": 2.051746593135258, "y": 3.5686795588341282}, "datetime": {"datetime": "2024-02-25 09:57:41", "elapsed": 365.617613, "delta": 1.631383}}
{"target": 0.7488114724384082, "params": {"u": 7.744647828125293, "v": 1.1583186695937635, "w": 9.704169607300331, "x": 1.6727033391228245, "y": 3.4767081649579383}, "datetime": {"datetime": "2024-02-25 09:57:42", "elapsed": 366.766831, "delta": 1.149218}}
{"target": 0.09602177801308275, "params": {"u": 5.869402696567235, "v": 1.0267081158387454, "w": 9.52265962790904, "x": 2.4739011887336835, "y": 3.348349901000599}, "datetime": {"datetime": "2024-02-25 09:57:44", "elapsed": 368.735216, "delta": 1.968385}}
{"target": -0.03660612652913459, "params": {"u": 12.983551948514851, "v": 7.450176161623471, "w": 1.2285568060256655, "x": 2.893981692498324, "y": 1.123424325508832}, "datetime": {"datetime": "2024-02-25 09:57:45", "elapsed": 370.286276, "delta": 1.55106}}
{"target": 0.03398098972869954, "params": {"u": 1.1789715092970994, "v": 1.6116986077575426, "w": 1.8071302638063607, "x": 3.2219574038109515, "y": 3.0838623567499486}, "datetime": {"datetime": "2024-02-25 09:57:48", "elapsed": 372.45786, "delta": 2.171584}}
{"target": -0.03874233465841234, "params": {"u": 4.421379465980792, "v": 7.065747627320902, "w": 7.778067716362303, "x": 2.6740969244023614, "y": 1.9356122947674985}, "datetime": {"datetime": "2024-02-25 09:57:49", "elapsed": 373.700915, "delta": 1.243055}}
{"target": 0.0019030367964130406, "params": {"u": 7.244347617323371, "v": 1.141313033811294, "w": 9.121005537119686, "x": 1.036269201726708, "y": 4.992233349407214}, "datetime": {"datetime": "2024-02-25 09:57:51", "elapsed": 375.374093, "delta": 1.673178}}
{"target": 0.02336656353333931, "params": {"u": 10.640287235341855, "v": 9.820936208969512, "w": 4.316803184779708, "x": 3.5346383719667736, "y": 0.6894685539956849}, "datetime": {"datetime": "2024-02-25 09:57:52", "elapsed": 376.82511, "delta": 1.451017}}
{"target": -0.031198002623196632, "params": {"u": 5.732679741721151, "v": 1.3426282921243402, "w": 9.834231725480079, "x": 1.6215000367225363, "y": 4.220931153731717}, "datetime": {"datetime": "2024-02-25 09:57:54", "elapsed": 379.206834, "delta": 2.381724}}
{"target": 0.015541385904781045, "params": {"u": 10.622180046578308, "v": 8.5280976741043, "w": 2.241527868805831, "x": 3.2044008474437873, "y": 1.1339175321537796}, "datetime": {"datetime": "2024-02-25 09:57:55", "elapsed": 380.259103, "delta": 1.052269}}
{"target": 0.6211999634208396, "params": {"u": 7.410561830184319, "v": 1.053298170707436, "w": 9.741632036937112, "x": 1.5200865269259276, "y": 3.611272949033224}, "datetime": {"datetime": "2024-02-25 09:57:58", "elapsed": 383.082473, "delta": 2.82337}}
{"target": 0.44265390441192626, "params": {"u": 8.409022029022172, "v": 2.2259228689269563, "w": 9.876124631697012, "x": 2.574149340514195, "y": 2.9248363907460044}, "datetime": {"datetime": "2024-02-25 09:58:01", "elapsed": 385.817275, "delta": 2.734802}}
{"target": 0.8318474261230044, "params": {"u": 8.031552996518098, "v": 2.2494750320738204, "w": 9.025027342692434, "x": 1.8386124659954948, "y": 3.6884401330610004}, "datetime": {"datetime": "2024-02-25 09:58:03", "elapsed": 388.028386, "delta": 2.211111}}
{"target": 0.7138400396503615, "params": {"u": 8.577473218118005, "v": 2.5229012620596603, "w": 10.320532923733644, "x": 1.911487045963854, "y": 3.658280086695899}, "datetime": {"datetime": "2024-02-25 09:58:05", "elapsed": 390.192247, "delta": 2.163861}}
{"target": 0.03459470267640814, "params": {"u": 12.917909431423345, "v": 4.729404701005613, "w": 12.92035326932719, "x": 4.813296345733716, "y": 4.109074783923605}, "datetime": {"datetime": "2024-02-25 09:58:08", "elapsed": 392.442448, "delta": 2.250201}}
{"target": 0.03761586426901975, "params": {"u": 8.26835663783039, "v": 1.334693625223958, "w": 10.743912030062686, "x": 1.1580619312950264, "y": 3.0945336624258406}, "datetime": {"datetime": "2024-02-25 09:58:10", "elapsed": 394.474978, "delta": 2.03253}}
{"target": 0.3699410636596603, "params": {"u": 6.316875398447238, "v": 1.0, "w": 9.420910288719421, "x": 1.9257854368990999, "y": 3.9497177007240456}, "datetime": {"datetime": "2024-02-25 09:58:12", "elapsed": 396.563527, "delta": 2.088549}}
{"target": 0.5727982510018962, "params": {"u": 8.452324385310426, "v": 1.5173171787030357, "w": 9.787964174244122, "x": 2.7636562968678047, "y": 2.2977583664562427}, "datetime": {"datetime": "2024-02-25 09:58:14", "elapsed": 398.746683, "delta": 2.183156}}
{"target": 0.03413176302857488, "params": {"u": 9.009690880864756, "v": 1.833953984656158, "w": 10.08125628673055, "x": 2.7597844858988623, "y": 2.1748460753504806}, "datetime": {"datetime": "2024-02-25 09:58:20", "elapsed": 404.81548, "delta": 6.068797}}
{"target": 0.024855735696648274, "params": {"u": 3.935141471080006, "v": 3.023482989055682, "w": 2.1301584788114694, "x": 6.976838422407695, "y": 4.492221961610557}, "datetime": {"datetime": "2024-02-25 09:58:22", "elapsed": 406.930492, "delta": 2.115012}}
{"target": 0.8163311281918941, "params": {"u": 7.706428271493772, "v": 1.3720833403655996, "w": 10.020936527499252, "x": 1.9236583003786518, "y": 3.3186130574084576}, "datetime": {"datetime": "2024-02-25 09:58:25", "elapsed": 410.012517, "delta": 3.082025}}
{"target": 0.6665675352006933, "params": {"u": 7.881075563518134, "v": 1.1983746138649587, "w": 10.82211503634416, "x": 1.9571169879275097, "y": 2.9966027154448147}, "datetime": {"datetime": "2024-02-25 09:58:28", "elapsed": 413.239976, "delta": 3.227459}}
{"target": 0.6613980707650609, "params": {"u": 8.010646209180038, "v": 1.5061024052788676, "w": 9.515742974680848, "x": 1.4744206994494014, "y": 4.135877908575618}, "datetime": {"datetime": "2024-02-25 09:58:32", "elapsed": 416.448843, "delta": 3.208867}}
{"target": 0.19680360038379963, "params": {"u": 8.320193476158192, "v": 1.543886963618589, "w": 9.815069729924836, "x": 1.2789869631346036, "y": 4.476066055301944}, "datetime": {"datetime": "2024-02-25 09:58:34", "elapsed": 419.299347, "delta": 2.850504}}
{"target": -0.039396088451358516, "params": {"u": 10.281925027649507, "v": 2.5645838874717346, "w": 6.478443948061715, "x": 7.385750868847838, "y": 3.33266587120508}, "datetime": {"datetime": "2024-02-25 09:58:36", "elapsed": 420.864055, "delta": 1.564708}}
{"target": 0.40912597230639786, "params": {"u": 7.991851550186318, "v": 2.2146435689779156, "w": 10.9562928432288, "x": 1.8934149451140345, "y": 2.595770403816649}, "datetime": {"datetime": "2024-02-25 09:58:38", "elapsed": 422.614495, "delta": 1.75044}}
{"target": 0.3346962597466539, "params": {"u": 6.444879579427986, "v": 1.281906959737248, "w": 9.820520236805292, "x": 1.4301277585862044, "y": 4.647108917125635}, "datetime": {"datetime": "2024-02-25 09:58:39", "elapsed": 424.308562, "delta": 1.694067}}
{"target": 0.6587173161556865, "params": {"u": 7.7609703847677665, "v": 1.2963435551792213, "w": 10.26797405795709, "x": 2.18199897222291, "y": 2.7845753029321565}, "datetime": {"datetime": "2024-02-25 09:58:42", "elapsed": 426.559775, "delta": 2.251213}}
{"target": -0.0029069850024979224, "params": {"u": 7.302331224691699, "v": 5.1849400778665915, "w": 12.840866348630037, "x": 3.5255620530601037, "y": 2.3686079505368465}, "datetime": {"datetime": "2024-02-25 09:58:44", "elapsed": 428.613697, "delta": 2.053922}}
{"target": 0.3383542549598565, "params": {"u": 7.161039464106348, "v": 1.450597347227995, "w": 9.610751566265723, "x": 1.4605887830659898, "y": 3.27664582571825}, "datetime": {"datetime": "2024-02-25 09:58:45", "elapsed": 430.202009, "delta": 1.588312}}
{"target": -0.015870293456124604, "params": {"u": 9.755512016496128, "v": 6.394937960481672, "w": 1.3145014704245095, "x": 5.169767205012563, "y": 3.8358403641527623}, "datetime": {"datetime": "2024-02-25 09:58:47", "elapsed": 431.337081, "delta": 1.135072}}
{"target": 0.2537387231604229, "params": {"u": 7.227133064809079, "v": 1.124888248980604, "w": 9.36748692382317, "x": 1.2861549266408345, "y": 4.297443244760802}, "datetime": {"datetime": "2024-02-25 09:58:49", "elapsed": 433.7187, "delta": 2.381619}}
{"target": 0.7089741833929416, "params": {"u": 6.225311280565981, "v": 2.6484900305576033, "w": 10.628742631213075, "x": 1.6842894760768434, "y": 3.4029502812442125}, "datetime": {"datetime": "2024-02-25 09:58:51", "elapsed": 435.908721, "delta": 2.190021}}
{"target": -0.02963002507125728, "params": {"u": 2.7611074883712177, "v": 3.660886329800712, "w": 1.9941546276298654, "x": 3.502325207593217, "y": 2.878871961391764}, "datetime": {"datetime": "2024-02-25 09:58:53", "elapsed": 437.616066, "delta": 1.707345}}
{"target": 0.3417974136457735, "params": {"u": 6.709167154548469, "v": 2.778927974489511, "w": 10.335018426445382, "x": 1.6997420911882106, "y": 2.75852861116187}, "datetime": {"datetime": "2024-02-25 09:58:55", "elapsed": 439.864785, "delta": 2.248719}}
{"target": 0.07257316395282977, "params": {"u": 6.709198895617824, "v": 12.900203358300576, "w": 3.458460427648422, "x": 1.6301400569446423, "y": 2.9727072194263737}, "datetime": {"datetime": "2024-02-25 09:58:57", "elapsed": 441.513176, "delta": 1.648391}}
{"target": 0.7803108219022501, "params": {"u": 7.4937714368730095, "v": 1.1672944044435534, "w": 9.673444925523153, "x": 1.8960149990513622, "y": 3.2506786093834252}, "datetime": {"datetime": "2024-02-25 09:59:00", "elapsed": 444.60611, "delta": 3.092934}}
{"target": -0.0379430683057009, "params": {"u": 5.634513812433545, "v": 2.8511287889148393, "w": 11.07058696101501, "x": 2.1306782992182116, "y": 3.7469187285045376}, "datetime": {"datetime": "2024-02-25 09:59:03", "elapsed": 448.13926, "delta": 3.53315}}
{"target": -0.008070311963455673, "params": {"u": 11.96166356248094, "v": 6.009726359032268, "w": 6.5282807438131645, "x": 3.5134238311072217, "y": 1.118914306903146}, "datetime": {"datetime": "2024-02-25 09:59:05", "elapsed": 450.264632, "delta": 2.125372}}
{"target": -0.07827786445707452, "params": {"u": 5.5225297515985545, "v": 1.953759658707471, "w": 10.057015671830918, "x": 1.8206809820972656, "y": 3.348091375566395}, "datetime": {"datetime": "2024-02-25 09:59:08", "elapsed": 453.229961, "delta": 2.965329}}
{"target": 0.6128310064943752, "params": {"u": 7.930600729922187, "v": 1.7027288141330796, "w": 9.813288445982986, "x": 2.5533222748813906, "y": 2.482745696868833}, "datetime": {"datetime": "2024-02-25 09:59:12", "elapsed": 456.547549, "delta": 3.317588}}
{"target": 0.4235946513981716, "params": {"u": 7.830081582235676, "v": 1.0184913860320237, "w": 10.025440632300814, "x": 2.3167023405377614, "y": 2.091796046602792}, "datetime": {"datetime": "2024-02-25 09:59:16", "elapsed": 460.392051, "delta": 3.844502}}
{"target": -0.012586534995712132, "params": {"u": 1.1118284346442282, "v": 4.101879837208397, "w": 1.3828309516440203, "x": 1.5469055342095461, "y": 3.1744083359745656}, "datetime": {"datetime": "2024-02-25 09:59:18", "elapsed": 462.610528, "delta": 2.218477}}
{"target": 0.6563212029651154, "params": {"u": 7.405309166074309, "v": 1.3445445568026448, "w": 11.184762828077709, "x": 2.053690911448322, "y": 2.8845786864899083}, "datetime": {"datetime": "2024-02-25 09:59:22", "elapsed": 466.89799, "delta": 4.287462}}
{"target": -0.21988256231583145, "params": {"u": 8.200125717233735, "v": 1.8202607175637011, "w": 8.714617178327995, "x": 2.8579306002911062, "y": 1.4211886669422273}, "datetime": {"datetime": "2024-02-25 09:59:25", "elapsed": 470.053404, "delta": 3.155414}}
{"target": 0.057993137956643834, "params": {"u": 4.821365913775205, "v": 7.778116665439605, "w": 9.42705051116571, "x": 7.975626862089144, "y": 0.2626377043917786}, "datetime": {"datetime": "2024-02-25 09:59:27", "elapsed": 471.558194, "delta": 1.50479}}
{"target": 0.7356320673460444, "params": {"u": 6.496695011111754, "v": 2.660121935395375, "w": 10.311467172938478, "x": 1.5422755393179655, "y": 3.7419864609330515}, "datetime": {"datetime": "2024-02-25 09:59:30", "elapsed": 475.022486, "delta": 3.464292}}
{"target": 0.6646369919628693, "params": {"u": 7.808768818712325, "v": 1.108976540564358, "w": 11.703996975789881, "x": 2.271020922635034, "y": 2.74508740140763}, "datetime": {"datetime": "2024-02-25 09:59:32", "elapsed": 476.891181, "delta": 1.868695}}
{"target": 0.5653679390280115, "params": {"u": 7.811118874154718, "v": 1.2410643651300788, "w": 11.14551832940056, "x": 2.2231518721647445, "y": 2.5464982410932833}, "datetime": {"datetime": "2024-02-25 09:59:37", "elapsed": 481.684623, "delta": 4.793442}}
{"target": 0.26619053842937734, "params": {"u": 6.154138370186956, "v": 3.253294234779065, "w": 10.465621957984562, "x": 1.1056226999731003, "y": 2.8795935029456645}, "datetime": {"datetime": "2024-02-25 09:59:39", "elapsed": 484.240682, "delta": 2.556059}}
{"target": 0.9174816872600832, "params": {"u": 8.172306849896465, "v": 1.0138810038366488, "w": 9.358002322345827, "x": 1.719393621788033, "y": 4.200974810528108}, "datetime": {"datetime": "2024-02-25 09:59:42", "elapsed": 487.017225, "delta": 2.776543}}
{"target": 0.558437871063166, "params": {"u": 7.005150321102961, "v": 1.9828178475029326, "w": 11.029601225737126, "x": 1.981508668136247, "y": 2.7833302611340995}, "datetime": {"datetime": "2024-02-25 09:59:44", "elapsed": 489.199663, "delta": 2.182438}}
{"target": 0.8769443075800538, "params": {"u": 6.416939528851691, "v": 2.294472926357353, "w": 10.281351657921187, "x": 1.812073359100999, "y": 3.606420714852881}, "datetime": {"datetime": "2024-02-25 09:59:47", "elapsed": 492.16065, "delta": 2.960987}}
{"target": 0.018402665509158558, "params": {"u": 1.439349046274502, "v": 3.3113319703776924, "w": 6.99778921077279, "x": 5.5602909092038, "y": 3.9906236215439876}, "datetime": {"datetime": "2024-02-25 09:59:49", "elapsed": 493.767337, "delta": 1.606687}}
{"target": -0.10457156758895812, "params": {"u": 11.006598958993168, "v": 1.6229557228854286, "w": 12.927544893274245, "x": 3.073610960012008, "y": 2.465042283329369}, "datetime": {"datetime": "2024-02-25 09:59:51", "elapsed": 496.012825, "delta": 2.245488}}
{"target": 0.30403604934199474, "params": {"u": 6.658328127324415, "v": 2.6242587160312687, "w": 10.639063703312818, "x": 1.3661988431731806, "y": 3.4865578244213564}, "datetime": {"datetime": "2024-02-25 09:59:55", "elapsed": 500.299857, "delta": 4.287032}}
{"target": 0.8478599635771694, "params": {"u": 8.686804336325917, "v": 2.185453677234211, "w": 9.475581838611808, "x": 1.7760302674667898, "y": 4.018811735757838}, "datetime": {"datetime": "2024-02-25 09:59:59", "elapsed": 504.23118, "delta": 3.931323}}
