{"target": -0.639411908706303, "params": {"colsample_bytree": 0.6171313688431002, "learning_rate": 0.11425632179723794, "max_bin_exp": 8.624587895467371, "max_depth": 4.824278141973574, "n_estimators": 3919.5259852344834, "reg_alpha": 1.3228529464411904, "reg_lambda": 1.2329064688806752}, "datetime": {"datetime": "2024-02-19 15:41:30", "elapsed": 1216.806976, "delta": 4.752775}}
{"target": -0.8897687434314677, "params": {"colsample_bytree": 0.4009131161753781, "learning_rate": 0.41404733500368635, "max_bin_exp": 7.738589350651882, "max_depth": 5.56826594593841, "n_estimators": 4618.421384315874, "reg_alpha": 2.3958871977895924, "reg_lambda": 0.10690640007846308}, "datetime": {"datetime": "2024-02-19 15:41:35", "elapsed": 1221.714637, "delta": 4.907661}}
{"target": -0.6769333603489878, "params": {"colsample_bytree": 1.0, "learning_rate": 0.5, "max_bin_exp": 9.045726065733644, "max_depth": 6.0, "n_estimators": 4777.961096387463, "reg_alpha": 3.0, "reg_lambda": 0.12183707742925817}, "datetime": {"datetime": "2024-02-19 15:41:42", "elapsed": 1228.429852, "delta": 6.715215}}
{"target": -0.6196946489726783, "params": {"colsample_bytree": 0.7155033490510865, "learning_rate": 0.17300966726847514, "max_bin_exp": 9.08731320733687, "max_depth": 5.680469295446484, "n_estimators": 4824.79377187023, "reg_alpha": 2.9320995584154157, "reg_lambda": 0.87293906705308}, "datetime": {"datetime": "2024-02-19 15:41:48", "elapsed": 1234.681242, "delta": 6.25139}}
{"target": -0.7301428288341573, "params": {"colsample_bytree": 0.330256927099276, "learning_rate": 0.33325147293113255, "max_bin_exp": 9.076737496519431, "max_depth": 2.9634282042170668, "n_estimators": 3727.7333019857233, "reg_alpha": 2.730747005810563, "reg_lambda": 0.8296619485958786}, "datetime": {"datetime": "2024-02-19 15:41:52", "elapsed": 1238.664064, "delta": 3.982822}}
{"target": -0.6972378912122249, "params": {"colsample_bytree": 1.0, "learning_rate": 0.5, "max_bin_exp": 9.035366027533692, "max_depth": 6.0, "n_estimators": 3929.6331922530735, "reg_alpha": 0.0, "reg_lambda": 0.0}, "datetime": {"datetime": "2024-02-19 15:42:00", "elapsed": 1246.510726, "delta": 7.846662}}
{"target": -1.4025460539077215, "params": {"colsample_bytree": 1.0, "learning_rate": 0.001, "max_bin_exp": 10.0, "max_depth": 4.125895163117495, "n_estimators": 3869.284909318387, "reg_alpha": 0.19086594168805116, "reg_lambda": 1.8308019887271112}, "datetime": {"datetime": "2024-02-19 15:42:06", "elapsed": 1252.482202, "delta": 5.971476}}
{"target": -1.560335474570386, "params": {"colsample_bytree": 0.9812210971712938, "learning_rate": 0.09753673115894892, "max_bin_exp": 9.578569154690367, "max_depth": 1.9447934350315985, "n_estimators": 4614.550504519062, "reg_alpha": 2.490661332782655, "reg_lambda": 0.4360746301717907}, "datetime": {"datetime": "2024-02-19 15:42:08", "elapsed": 1254.982424, "delta": 2.500222}}
{"target": -0.7303496885805635, "params": {"colsample_bytree": 0.3847594312344296, "learning_rate": 0.2144149718302294, "max_bin_exp": 7.387633674047711, "max_depth": 3.813200425434286, "n_estimators": 4820.870879638008, "reg_alpha": 1.1542127633758485, "reg_lambda": 0.6407497188135426}, "datetime": {"datetime": "2024-02-19 15:42:12", "elapsed": 1258.754009, "delta": 3.771585}}
{"target": -1.2466102270583217, "params": {"colsample_bytree": 1.0, "learning_rate": 0.5, "max_bin_exp": 4.497654578934161, "max_depth": 2.212799259974858, "n_estimators": 3672.1663059687075, "reg_alpha": 0.0, "reg_lambda": 2.4148955359269393}, "datetime": {"datetime": "2024-02-19 15:42:15", "elapsed": 1262.170374, "delta": 3.416365}}
{"target": -0.6630475115539666, "params": {"colsample_bytree": 0.934708638280026, "learning_rate": 0.4135575819237394, "max_bin_exp": 8.776419968712826, "max_depth": 5.426425090458364, "n_estimators": 3710.791206706433, "reg_alpha": 2.961119458376432, "reg_lambda": 2.6831606051800696}, "datetime": {"datetime": "2024-02-19 15:42:21", "elapsed": 1268.189514, "delta": 6.01914}}
{"target": -0.7260458547470063, "params": {"colsample_bytree": 0.8211823001869145, "learning_rate": 0.25113039047765967, "max_bin_exp": 7.377105367848781, "max_depth": 3.1629037441027017, "n_estimators": 4586.073972196505, "reg_alpha": 2.6611457279931376, "reg_lambda": 0.04322660746847473}, "datetime": {"datetime": "2024-02-19 15:42:26", "elapsed": 1272.515625, "delta": 4.326111}}
{"target": -0.6515751531691384, "params": {"colsample_bytree": 0.8731536898984611, "learning_rate": 0.32616480651701824, "max_bin_exp": 9.905950485898474, "max_depth": 5.046735443486133, "n_estimators": 3922.3353110125, "reg_alpha": 2.868461238073556, "reg_lambda": 0.40575880692792454}, "datetime": {"datetime": "2024-02-19 15:42:33", "elapsed": 1279.567405, "delta": 7.05178}}
{"target": -0.62721614397106, "params": {"colsample_bytree": 0.7095351427172822, "learning_rate": 0.2072615090776052, "max_bin_exp": 9.373815025623262, "max_depth": 5.590447995329441, "n_estimators": 3959.5012438844733, "reg_alpha": 1.8461689707533024, "reg_lambda": 2.926817399249969}, "datetime": {"datetime": "2024-02-19 15:42:40", "elapsed": 1286.629337, "delta": 7.061932}}
{"target": -0.857993661090513, "params": {"colsample_bytree": 0.21351279872616147, "learning_rate": 0.32920875119260684, "max_bin_exp": 6.28413520269064, "max_depth": 5.80202752721496, "n_estimators": 4579.947985559553, "reg_alpha": 0.06859025439490618, "reg_lambda": 1.5357055241704303}, "datetime": {"datetime": "2024-02-19 15:42:45", "elapsed": 1291.786852, "delta": 5.157515}}
{"target": -0.7177836479990582, "params": {"colsample_bytree": 1.0, "learning_rate": 0.4531002875286695, "max_bin_exp": 9.281570986868369, "max_depth": 4.858099392199876, "n_estimators": 3671.443058487823, "reg_alpha": 0.0, "reg_lambda": 0.0}, "datetime": {"datetime": "2024-02-19 15:42:50", "elapsed": 1297.137418, "delta": 5.350566}}
{"target": -0.6375255831656074, "params": {"colsample_bytree": 1.0, "learning_rate": 0.5, "max_bin_exp": 10.0, "max_depth": 6.0, "n_estimators": 4144.328771926731, "reg_alpha": 1.3390592066258056, "reg_lambda": 3.0}, "datetime": {"datetime": "2024-02-19 15:42:59", "elapsed": 1305.555454, "delta": 8.418036}}
{"target": -3.7684679240348395, "params": {"colsample_bytree": 0.2, "learning_rate": 0.001, "max_bin_exp": 9.847504435786405, "max_depth": 3.2485640069452058, "n_estimators": 3960.5959174946233, "reg_alpha": 3.0, "reg_lambda": 0.668286835349508}, "datetime": {"datetime": "2024-02-19 15:43:03", "elapsed": 1309.761279, "delta": 4.205825}}
{"target": -0.6367648682085687, "params": {"colsample_bytree": 1.0, "learning_rate": 0.5, "max_bin_exp": 10.0, "max_depth": 6.0, "n_estimators": 764.1435329516809, "reg_alpha": 0.0, "reg_lambda": 3.0}, "datetime": {"datetime": "2024-02-19 15:43:06", "elapsed": 1312.518569, "delta": 2.75729}}
{"target": -0.7689202338217984, "params": {"colsample_bytree": 0.7239016727156591, "learning_rate": 0.019324476549338904, "max_bin_exp": 7.51319038280702, "max_depth": 2.766478489404481, "n_estimators": 3717.0876473667136, "reg_alpha": 2.43341019930802, "reg_lambda": 2.819866960936187}, "datetime": {"datetime": "2024-02-19 15:43:09", "elapsed": 1315.743269, "delta": 3.2247}}
{"target": -0.6471939754766949, "params": {"colsample_bytree": 1.0, "learning_rate": 0.5, "max_bin_exp": 8.851646962520332, "max_depth": 6.0, "n_estimators": 760.0336226474686, "reg_alpha": 0.0, "reg_lambda": 3.0}, "datetime": {"datetime": "2024-02-19 15:43:11", "elapsed": 1318.27395, "delta": 2.530681}}
{"target": -0.8539275557850753, "params": {"colsample_bytree": 1.0, "learning_rate": 0.001, "max_bin_exp": 9.659546890377323, "max_depth": 6.0, "n_estimators": 4789.4132147658565, "reg_alpha": 1.9893771581471686, "reg_lambda": 0.0}, "datetime": {"datetime": "2024-02-19 15:43:20", "elapsed": 1327.228696, "delta": 8.954746}}
{"target": -2.959045070856874, "params": {"colsample_bytree": 1.0, "learning_rate": 0.001, "max_bin_exp": 10.0, "max_depth": 4.450378512591801, "n_estimators": 685.1302646060307, "reg_alpha": 0.0, "reg_lambda": 0.0}, "datetime": {"datetime": "2024-02-19 15:43:22", "elapsed": 1329.199086, "delta": 1.97039}}
{"target": -0.7119883485404896, "params": {"colsample_bytree": 0.546154184826503, "learning_rate": 0.18914362373662605, "max_bin_exp": 7.06902651332882, "max_depth": 5.678109423787994, "n_estimators": 3740.279368674993, "reg_alpha": 0.7740737406175758, "reg_lambda": 0.10096193299566847}, "datetime": {"datetime": "2024-02-19 15:43:28", "elapsed": 1334.760329, "delta": 5.561243}}
{"target": -0.8579401654499176, "params": {"colsample_bytree": 0.2, "learning_rate": 0.5, "max_bin_exp": 6.421985193289457, "max_depth": 6.0, "n_estimators": 4785.194670408496, "reg_alpha": 1.2564506555555979, "reg_lambda": 0.0}, "datetime": {"datetime": "2024-02-19 15:43:34", "elapsed": 1340.793085, "delta": 6.032756}}
{"target": -0.6280060884975283, "params": {"colsample_bytree": 0.6146029943790033, "learning_rate": 0.03317135213005343, "max_bin_exp": 9.633187433708848, "max_depth": 5.693038846611716, "n_estimators": 682.8907706891957, "reg_alpha": 2.643088086171356, "reg_lambda": 2.9586220979574795}, "datetime": {"datetime": "2024-02-19 15:43:36", "elapsed": 1342.668877, "delta": 1.875792}}
{"target": -1.134455651892067, "params": {"colsample_bytree": 0.7645561749088794, "learning_rate": 0.40592304711380217, "max_bin_exp": 4.2344605604669425, "max_depth": 5.086794180165169, "n_estimators": 4622.749055746871, "reg_alpha": 2.2977165318209227, "reg_lambda": 2.7742191068298188}, "datetime": {"datetime": "2024-02-19 15:43:41", "elapsed": 1347.984157, "delta": 5.31528}}
{"target": -2.649683735958098, "params": {"colsample_bytree": 0.5666805397793021, "learning_rate": 0.04669514373634047, "max_bin_exp": 8.307743191949275, "max_depth": 1.998658457204336, "n_estimators": 3736.552864397709, "reg_alpha": 0.7017235866427469, "reg_lambda": 0.4855177663949587}, "datetime": {"datetime": "2024-02-19 15:43:44", "elapsed": 1350.7384, "delta": 2.754243}}
{"target": -0.6047617449888183, "params": {"colsample_bytree": 0.9013712383238714, "learning_rate": 0.15286758936993922, "max_bin_exp": 9.233823691085487, "max_depth": 5.7348409393281665, "n_estimators": 3719.3073045325687, "reg_alpha": 2.5359486106723153, "reg_lambda": 1.9227131126457975}, "datetime": {"datetime": "2024-02-19 15:43:50", "elapsed": 1356.934477, "delta": 6.196077}}
{"target": -0.7109557795359581, "params": {"colsample_bytree": 1.0, "learning_rate": 0.5, "max_bin_exp": 7.49713940708762, "max_depth": 2.4472341663277293, "n_estimators": 2300.755976721842, "reg_alpha": 0.0, "reg_lambda": 1.1250358954896857}, "datetime": {"datetime": "2024-02-19 15:43:52", "elapsed": 1359.058343, "delta": 2.123866}}
{"target": -0.6656299884041019, "params": {"colsample_bytree": 0.7864106004348834, "learning_rate": 0.08475290255337874, "max_bin_exp": 7.927873492755387, "max_depth": 3.745610891864813, "n_estimators": 4147.388451617591, "reg_alpha": 1.1065660049562585, "reg_lambda": 2.991347076223104}, "datetime": {"datetime": "2024-02-19 15:43:56", "elapsed": 1362.615589, "delta": 3.557246}}
{"target": -0.7049465540401365, "params": {"colsample_bytree": 0.8689254053907045, "learning_rate": 0.04730586595356889, "max_bin_exp": 7.948413452674262, "max_depth": 2.759560270413265, "n_estimators": 4782.043661987388, "reg_alpha": 2.973170938872405, "reg_lambda": 0.10325272437091748}, "datetime": {"datetime": "2024-02-19 15:43:59", "elapsed": 1365.971579, "delta": 3.35599}}
{"target": -3.1578709717072737, "params": {"colsample_bytree": 0.5591341452597856, "learning_rate": 0.11187968217298992, "max_bin_exp": 4.507298364297475, "max_depth": 1.2228429090389987, "n_estimators": 3962.5291082576855, "reg_alpha": 1.129572828449871, "reg_lambda": 2.348758380806454}, "datetime": {"datetime": "2024-02-19 15:44:01", "elapsed": 1368.193512, "delta": 2.221933}}
{"target": -0.6966414099355579, "params": {"colsample_bytree": 0.8119016466213596, "learning_rate": 0.1556084817480116, "max_bin_exp": 9.602419835742264, "max_depth": 2.701950021153941, "n_estimators": 4147.484719689376, "reg_alpha": 0.06304043939660842, "reg_lambda": 0.6414694028126252}, "datetime": {"datetime": "2024-02-19 15:44:05", "elapsed": 1371.77428, "delta": 3.580768}}
{"target": -0.6709928890528447, "params": {"colsample_bytree": 1.0, "learning_rate": 0.5, "max_bin_exp": 7.228698518987485, "max_depth": 5.006273638175481, "n_estimators": 3959.922038511089, "reg_alpha": 0.0, "reg_lambda": 3.0}, "datetime": {"datetime": "2024-02-19 15:44:11", "elapsed": 1377.694588, "delta": 5.920308}}
{"target": -0.7612895725665019, "params": {"colsample_bytree": 1.0, "learning_rate": 0.5, "max_bin_exp": 5.654058948353723, "max_depth": 6.0, "n_estimators": 4616.97028096331, "reg_alpha": 3.0, "reg_lambda": 3.0}, "datetime": {"datetime": "2024-02-19 15:44:17", "elapsed": 1384.016325, "delta": 6.321737}}
{"target": -2.133322720085923, "params": {"colsample_bytree": 1.0, "learning_rate": 0.001, "max_bin_exp": 7.3479094243415, "max_depth": 3.498512615027031, "n_estimators": 3672.8932568543355, "reg_alpha": 2.507283718910539, "reg_lambda": 0.0}, "datetime": {"datetime": "2024-02-19 15:44:22", "elapsed": 1388.438643, "delta": 4.422318}}
{"target": -0.8890785549464454, "params": {"colsample_bytree": 0.2, "learning_rate": 0.5, "max_bin_exp": 7.262472088998819, "max_depth": 6.0, "n_estimators": 3203.1702932734333, "reg_alpha": 2.758309257186241, "reg_lambda": 0.0}, "datetime": {"datetime": "2024-02-19 15:44:25", "elapsed": 1391.867919, "delta": 3.429276}}
{"target": -0.8623420157992547, "params": {"colsample_bytree": 0.2902041388588743, "learning_rate": 0.2834461621611297, "max_bin_exp": 6.681990997512868, "max_depth": 5.440509618045429, "n_estimators": 4156.781750736525, "reg_alpha": 1.1405617279866138, "reg_lambda": 1.8184049570964582}, "datetime": {"datetime": "2024-02-19 15:44:31", "elapsed": 1397.522882, "delta": 5.654963}}
{"target": -1.124743691895175, "params": {"colsample_bytree": 1.0, "learning_rate": 0.5, "max_bin_exp": 4.766331104924281, "max_depth": 6.0, "n_estimators": 4775.902002937846, "reg_alpha": 3.0, "reg_lambda": 1.929242469856096}, "datetime": {"datetime": "2024-02-19 15:44:37", "elapsed": 1404.109512, "delta": 6.58663}}
{"target": -0.6813506488450448, "params": {"colsample_bytree": 0.8529867823836488, "learning_rate": 0.3553418987527417, "max_bin_exp": 7.248664686685241, "max_depth": 5.3878699768769565, "n_estimators": 4585.0773689943035, "reg_alpha": 0.7843888391239016, "reg_lambda": 2.9320951635229577}, "datetime": {"datetime": "2024-02-19 15:44:43", "elapsed": 1409.64253, "delta": 5.533018}}
{"target": -0.6824806092175729, "params": {"colsample_bytree": 0.8793742809933243, "learning_rate": 0.19543338248420472, "max_bin_exp": 7.257061287014847, "max_depth": 4.271215596987587, "n_estimators": 4145.86193198102, "reg_alpha": 0.6097186237023171, "reg_lambda": 0.06802982682394454}, "datetime": {"datetime": "2024-02-19 15:44:48", "elapsed": 1414.977261, "delta": 5.334731}}
{"target": -3.227335010522599, "params": {"colsample_bytree": 0.2, "learning_rate": 0.001, "max_bin_exp": 5.5602098921276095, "max_depth": 6.0, "n_estimators": 3741.305680958012, "reg_alpha": 1.3939883928331827, "reg_lambda": 3.0}, "datetime": {"datetime": "2024-02-19 15:44:54", "elapsed": 1420.706351, "delta": 5.72909}}
{"target": -0.689099598893597, "params": {"colsample_bytree": 0.8142144838070509, "learning_rate": 0.0571063286649758, "max_bin_exp": 9.57133336260832, "max_depth": 2.6272409374262304, "n_estimators": 3717.272801171702, "reg_alpha": 1.7820170814114642, "reg_lambda": 0.4445824031579175}, "datetime": {"datetime": "2024-02-19 15:44:58", "elapsed": 1424.752019, "delta": 4.045668}}
{"target": -0.6947574611935028, "params": {"colsample_bytree": 0.3712786308617306, "learning_rate": 0.29026024411189766, "max_bin_exp": 6.550934582876419, "max_depth": 2.0693375694653726, "n_estimators": 3922.504974645806, "reg_alpha": 2.729879542956308, "reg_lambda": 2.9151918832909645}, "datetime": {"datetime": "2024-02-19 15:45:01", "elapsed": 1427.960114, "delta": 3.208095}}
{"target": -0.6994633330929628, "params": {"colsample_bytree": 0.8868661786088421, "learning_rate": 0.30661224051667163, "max_bin_exp": 7.973605379288221, "max_depth": 3.388730919672248, "n_estimators": 3204.8294288571665, "reg_alpha": 0.1662332296370923, "reg_lambda": 0.0680353255629157}, "datetime": {"datetime": "2024-02-19 15:45:04", "elapsed": 1430.430013, "delta": 2.469899}}
{"target": -0.6647252724951448, "params": {"colsample_bytree": 0.6806902812589501, "learning_rate": 0.40147814332972276, "max_bin_exp": 9.068947406981525, "max_depth": 5.909500230673048, "n_estimators": 3737.3748355793055, "reg_alpha": 1.6070642604989962, "reg_lambda": 2.7389956432043068}, "datetime": {"datetime": "2024-02-19 15:45:10", "elapsed": 1437.160827, "delta": 6.730814}}
{"target": -0.7317266961834982, "params": {"colsample_bytree": 0.5503727917229426, "learning_rate": 0.4292081935553942, "max_bin_exp": 8.865082175513779, "max_depth": 5.314308237917739, "n_estimators": 3207.9836120414693, "reg_alpha": 0.9778955956074372, "reg_lambda": 0.2974308190470323}, "datetime": {"datetime": "2024-02-19 15:45:14", "elapsed": 1440.445243, "delta": 3.284416}}
{"target": -0.7323785890008903, "params": {"colsample_bytree": 0.38079867267375306, "learning_rate": 0.4896586959176861, "max_bin_exp": 8.653731440397172, "max_depth": 2.3441923288906925, "n_estimators": 4157.9664230353665, "reg_alpha": 0.05671083682478961, "reg_lambda": 2.8431814092101484}, "datetime": {"datetime": "2024-02-19 15:45:17", "elapsed": 1443.85503, "delta": 3.409787}}
{"target": -0.7262519093771149, "params": {"colsample_bytree": 1.0, "learning_rate": 0.5, "max_bin_exp": 6.138369998533664, "max_depth": 4.033960873637281, "n_estimators": 3661.682327159835, "reg_alpha": 3.0, "reg_lambda": 3.0}, "datetime": {"datetime": "2024-02-19 15:45:23", "elapsed": 1449.714046, "delta": 5.859016}}
{"target": -4.0380018216925615, "params": {"colsample_bytree": 1.0, "learning_rate": 0.001, "max_bin_exp": 10.0, "max_depth": 1.76199357937562, "n_estimators": 4150.16969812368, "reg_alpha": 2.9203337937613147, "reg_lambda": 1.3119167316228075}, "datetime": {"datetime": "2024-02-19 15:45:26", "elapsed": 1452.605554, "delta": 2.891508}}
{"target": -0.8038526939324387, "params": {"colsample_bytree": 0.36096123494956844, "learning_rate": 0.0679883249119308, "max_bin_exp": 5.468932777930705, "max_depth": 3.6361291128194644, "n_estimators": 4583.272653481253, "reg_alpha": 2.1114771839165103, "reg_lambda": 0.5038696576112516}, "datetime": {"datetime": "2024-02-19 15:45:30", "elapsed": 1456.360132, "delta": 3.754578}}
{"target": -0.633812460295194, "params": {"colsample_bytree": 0.5092169247380276, "learning_rate": 0.0801227820069896, "max_bin_exp": 9.426002343651813, "max_depth": 5.961056721420133, "n_estimators": 3913.8477263535356, "reg_alpha": 2.9607922252063137, "reg_lambda": 2.321017343655278}, "datetime": {"datetime": "2024-02-19 15:45:36", "elapsed": 1462.441856, "delta": 6.081724}}
{"target": -0.7007215234934088, "params": {"colsample_bytree": 1.0, "learning_rate": 0.5, "max_bin_exp": 6.30082315372211, "max_depth": 6.0, "n_estimators": 3909.555865472922, "reg_alpha": 0.0, "reg_lambda": 0.0}, "datetime": {"datetime": "2024-02-19 15:45:43", "elapsed": 1470.139951, "delta": 7.698095}}
{"target": -0.7043333533721751, "params": {"colsample_bytree": 0.4975371493999699, "learning_rate": 0.1613073945075221, "max_bin_exp": 9.52157597887884, "max_depth": 2.111313397194592, "n_estimators": 4144.270175453215, "reg_alpha": 0.8091075788869215, "reg_lambda": 0.44621538384564485}, "datetime": {"datetime": "2024-02-19 15:45:47", "elapsed": 1473.985654, "delta": 3.845703}}
{"target": -0.692824071586629, "params": {"colsample_bytree": 0.4679258366336619, "learning_rate": 0.17241420915428915, "max_bin_exp": 8.906684798915736, "max_depth": 4.313960047628878, "n_estimators": 4826.514138489357, "reg_alpha": 0.10436297291517793, "reg_lambda": 0.01839876956678066}, "datetime": {"datetime": "2024-02-19 15:45:52", "elapsed": 1478.984348, "delta": 4.998694}}
{"target": -0.7452232179034619, "params": {"colsample_bytree": 1.0, "learning_rate": 0.5, "max_bin_exp": 10.0, "max_depth": 2.671386172808566, "n_estimators": 3930.26478939667, "reg_alpha": 0.0, "reg_lambda": 0.0}, "datetime": {"datetime": "2024-02-19 15:45:57", "elapsed": 1483.598805, "delta": 4.614457}}
{"target": -0.7698325268427789, "params": {"colsample_bytree": 0.4067973347433282, "learning_rate": 0.3191456093602687, "max_bin_exp": 8.057896068444323, "max_depth": 4.295716579732998, "n_estimators": 4588.659537841721, "reg_alpha": 0.03685645273097815, "reg_lambda": 2.4471110891424654}, "datetime": {"datetime": "2024-02-19 15:46:02", "elapsed": 1489.267622, "delta": 5.668817}}
{"target": -0.6325611793674966, "params": {"colsample_bytree": 0.733762002564142, "learning_rate": 0.2406366243278857, "max_bin_exp": 9.42812065628432, "max_depth": 4.989484536947364, "n_estimators": 3964.7646022305053, "reg_alpha": 0.279015223498986, "reg_lambda": 2.9048101054579307}, "datetime": {"datetime": "2024-02-19 15:46:08", "elapsed": 1494.349616, "delta": 5.081994}}
{"target": -0.7204694823328626, "params": {"colsample_bytree": 1.0, "learning_rate": 0.5, "max_bin_exp": 10.0, "max_depth": 3.535399314481212, "n_estimators": 2308.7291834917723, "reg_alpha": 0.0, "reg_lambda": 0.0}, "datetime": {"datetime": "2024-02-19 15:46:11", "elapsed": 1497.555773, "delta": 3.206157}}
{"target": -2.1384215311856316, "params": {"colsample_bytree": 0.35613659447591106, "learning_rate": 0.33516927635412586, "max_bin_exp": 4.55076999051935, "max_depth": 2.541409740182971, "n_estimators": 736.5215034511592, "reg_alpha": 1.2938789102736385, "reg_lambda": 0.2586726459309553}, "datetime": {"datetime": "2024-02-19 15:46:13", "elapsed": 1499.391956, "delta": 1.836183}}
