{"target": -0.5953307494195798, "params": {"colsample_bytree": 0.854695025031478, "learning_rate": 0.0538317236147546, "max_bin_exp": 9.356122162871037, "max_depth": 5.021107395994941, "n_estimators": 2201.5509969433883, "reg_alpha": 0.9469498333289343, "reg_lambda": 0.4682489320126465}, "datetime": {"datetime": "2024-02-19 13:17:01", "elapsed": 124.845395, "delta": 2.12142}}
{"target": -0.6074352082936088, "params": {"colsample_bytree": 0.913465768672922, "learning_rate": 0.06566042902177988, "max_bin_exp": 8.077295484925084, "max_depth": 4.397282702347595, "n_estimators": 2205.2202214319905, "reg_alpha": 2.5257601232689213, "reg_lambda": 2.09546063296251}, "datetime": {"datetime": "2024-02-19 13:17:03", "elapsed": 126.69871, "delta": 1.853315}}
{"target": -1.098936184825212, "params": {"colsample_bytree": 0.5977854192495966, "learning_rate": 0.268976282962211, "max_bin_exp": 4.830665579547517, "max_depth": 5.9303758893696, "n_estimators": 2203.318412756426, "reg_alpha": 0.4166853547285172, "reg_lambda": 2.362577566818101}, "datetime": {"datetime": "2024-02-19 13:17:05", "elapsed": 128.393692, "delta": 1.694982}}
{"target": -1.9852714059631005, "params": {"colsample_bytree": 0.3344255056999222, "learning_rate": 0.39177841484551135, "max_bin_exp": 8.514283686645252, "max_depth": 1.2372734365657836, "n_estimators": 2203.526113196972, "reg_alpha": 1.3178428312770958, "reg_lambda": 2.1913905567877756}, "datetime": {"datetime": "2024-02-19 13:17:06", "elapsed": 129.114391, "delta": 0.720699}}
{"target": -0.644555596993806, "params": {"colsample_bytree": 0.941657783117213, "learning_rate": 0.21594089849546158, "max_bin_exp": 7.910086779247842, "max_depth": 5.738889474302398, "n_estimators": 2209.025234675336, "reg_alpha": 1.2166914794078791, "reg_lambda": 2.5339654990400273}, "datetime": {"datetime": "2024-02-19 13:17:07", "elapsed": 130.858054, "delta": 1.743663}}
{"target": -1.1366317797938001, "params": {"colsample_bytree": 0.7692412769929831, "learning_rate": 0.2318058135432031, "max_bin_exp": 4.125244814631292, "max_depth": 3.3753426960655837, "n_estimators": 2208.405347848417, "reg_alpha": 2.7035877998151454, "reg_lambda": 1.2216193897277758}, "datetime": {"datetime": "2024-02-19 13:17:08", "elapsed": 131.94368, "delta": 1.085626}}
{"target": -0.6836070614954401, "params": {"colsample_bytree": 0.5792620408386268, "learning_rate": 0.33491995919172046, "max_bin_exp": 9.44392467911543, "max_depth": 3.2541428395968603, "n_estimators": 4732.193154505316, "reg_alpha": 0.41390060789230554, "reg_lambda": 2.2447742938830926}, "datetime": {"datetime": "2024-02-19 13:17:12", "elapsed": 135.020745, "delta": 3.077065}}
{"target": -1.1686523418961865, "params": {"colsample_bytree": 0.5343953314093045, "learning_rate": 0.02529067003663583, "max_bin_exp": 9.825132913395882, "max_depth": 2.9591035831711707, "n_estimators": 2212.6525778641226, "reg_alpha": 0.6176144274310444, "reg_lambda": 2.424105705740793}, "datetime": {"datetime": "2024-02-19 13:17:13", "elapsed": 136.00369, "delta": 0.982945}}
{"target": -0.6125567758798258, "params": {"colsample_bytree": 0.9833357773388582, "learning_rate": 0.15576838745579907, "max_bin_exp": 8.532307587913248, "max_depth": 5.519003580040833, "n_estimators": 2206.275585863301, "reg_alpha": 0.257676674720993, "reg_lambda": 1.0135745360607658}, "datetime": {"datetime": "2024-02-19 13:17:15", "elapsed": 138.187348, "delta": 2.183658}}
{"target": -0.6574010825153013, "params": {"colsample_bytree": 0.9512872713781009, "learning_rate": 0.46496690683127684, "max_bin_exp": 9.296051032975456, "max_depth": 5.520813337179954, "n_estimators": 4752.491585171708, "reg_alpha": 2.685269278558713, "reg_lambda": 1.3230728968967402}, "datetime": {"datetime": "2024-02-19 13:17:20", "elapsed": 143.695814, "delta": 5.508466}}
{"target": -1.2153506620939263, "params": {"colsample_bytree": 0.668402719678451, "learning_rate": 0.22534130612361467, "max_bin_exp": 9.707923460861075, "max_depth": 1.2313157217734285, "n_estimators": 4750.766981906021, "reg_alpha": 2.152331148682635, "reg_lambda": 1.7948073594354308}, "datetime": {"datetime": "2024-02-19 13:17:22", "elapsed": 145.352678, "delta": 1.656864}}
{"target": -0.6987169212191767, "params": {"colsample_bytree": 1.0, "learning_rate": 0.5, "max_bin_exp": 9.678429925134767, "max_depth": 2.515134481928337, "n_estimators": 2176.519107607734, "reg_alpha": 3.0, "reg_lambda": 3.0}, "datetime": {"datetime": "2024-02-19 13:17:23", "elapsed": 146.578164, "delta": 1.225486}}
{"target": -0.7808122445748368, "params": {"colsample_bytree": 0.8687576976685769, "learning_rate": 0.1872502371435551, "max_bin_exp": 5.791111896169144, "max_depth": 5.207602869518628, "n_estimators": 4754.291328730078, "reg_alpha": 1.3059067479766022, "reg_lambda": 2.3246355230863927}, "datetime": {"datetime": "2024-02-19 13:17:27", "elapsed": 150.695103, "delta": 4.116939}}
{"target": -0.691988906378737, "params": {"colsample_bytree": 0.551695487837589, "learning_rate": 0.2442864874581107, "max_bin_exp": 8.972924897488145, "max_depth": 5.053967198957988, "n_estimators": 4758.551212959978, "reg_alpha": 2.1523818528365917, "reg_lambda": 0.20404498220080736}, "datetime": {"datetime": "2024-02-19 13:17:32", "elapsed": 155.374262, "delta": 4.679159}}
{"target": -0.7117996415416077, "params": {"colsample_bytree": 0.620662141261751, "learning_rate": 0.3783076456594617, "max_bin_exp": 8.570294344774068, "max_depth": 2.6153192650386883, "n_estimators": 4755.896280437856, "reg_alpha": 0.27114895004562534, "reg_lambda": 0.8919654884764731}, "datetime": {"datetime": "2024-02-19 13:17:34", "elapsed": 157.638411, "delta": 2.264149}}
{"target": -1.0245166516877426, "params": {"colsample_bytree": 0.34224307122490416, "learning_rate": 0.4525060083434474, "max_bin_exp": 5.884104176842221, "max_depth": 5.604622314681101, "n_estimators": 4759.578953943766, "reg_alpha": 0.19496268384477233, "reg_lambda": 2.6706427228443865}, "datetime": {"datetime": "2024-02-19 13:17:38", "elapsed": 161.61992, "delta": 3.981509}}
{"target": -3.1268662368938323, "params": {"colsample_bytree": 0.2, "learning_rate": 0.001, "max_bin_exp": 10.0, "max_depth": 6.0, "n_estimators": 4739.009964119304, "reg_alpha": 3.0, "reg_lambda": 0.0}, "datetime": {"datetime": "2024-02-19 13:17:44", "elapsed": 167.812968, "delta": 6.193048}}
{"target": -0.6583898857197504, "params": {"colsample_bytree": 0.6299592864633026, "learning_rate": 0.3155775811809115, "max_bin_exp": 8.217073148859576, "max_depth": 5.845066343593568, "n_estimators": 2198.4200112427256, "reg_alpha": 1.2648968453498224, "reg_lambda": 0.4543928380802227}, "datetime": {"datetime": "2024-02-19 13:17:46", "elapsed": 169.697809, "delta": 1.884841}}
{"target": -0.6128073661171434, "params": {"colsample_bytree": 0.7442580412646769, "learning_rate": 0.20949508792107543, "max_bin_exp": 9.791559078134778, "max_depth": 4.262834064867365, "n_estimators": 2693.280405975997, "reg_alpha": 2.5301141215032836, "reg_lambda": 2.5004253430748227}, "datetime": {"datetime": "2024-02-19 13:17:48", "elapsed": 171.358359, "delta": 1.66055}}
{"target": -2.2299500530867467, "params": {"colsample_bytree": 0.2, "learning_rate": 0.5, "max_bin_exp": 10.0, "max_depth": 1.7372219983966657, "n_estimators": 2692.5564820556524, "reg_alpha": 1.4956659571935014, "reg_lambda": 0.0}, "datetime": {"datetime": "2024-02-19 13:17:49", "elapsed": 172.163824, "delta": 0.805465}}
{"target": -0.8174672037674898, "params": {"colsample_bytree": 0.3751690956876937, "learning_rate": 0.3023214665008961, "max_bin_exp": 6.701073455220062, "max_depth": 4.563950395229553, "n_estimators": 4734.866560710132, "reg_alpha": 0.8625900211580182, "reg_lambda": 2.6454106363177763}, "datetime": {"datetime": "2024-02-19 13:17:52", "elapsed": 175.54858, "delta": 3.384756}}
{"target": -1.3796362528189738, "params": {"colsample_bytree": 1.0, "learning_rate": 0.001, "max_bin_exp": 10.0, "max_depth": 6.0, "n_estimators": 2207.09178260623, "reg_alpha": 3.0, "reg_lambda": 0.8493208323049274}, "datetime": {"datetime": "2024-02-19 13:17:55", "elapsed": 178.911244, "delta": 3.362664}}
{"target": -0.7334070694793873, "params": {"colsample_bytree": 0.40637650031696393, "learning_rate": 0.12463322984236533, "max_bin_exp": 7.837227737267278, "max_depth": 5.966895690011575, "n_estimators": 2202.3391890002617, "reg_alpha": 2.5444589888428624, "reg_lambda": 0.07819751462343116}, "datetime": {"datetime": "2024-02-19 13:17:57", "elapsed": 180.630835, "delta": 1.719591}}
{"target": -1.8585572476106405, "params": {"colsample_bytree": 1.0, "learning_rate": 0.001, "max_bin_exp": 8.594447285628839, "max_depth": 5.574249243635263, "n_estimators": 2694.079617476564, "reg_alpha": 0.0, "reg_lambda": 3.0}, "datetime": {"datetime": "2024-02-19 13:17:59", "elapsed": 182.730063, "delta": 2.099228}}
{"target": -0.667606973120623, "params": {"colsample_bytree": 1.0, "learning_rate": 0.5, "max_bin_exp": 8.471326226058675, "max_depth": 5.796327264209307, "n_estimators": 2173.4645947593044, "reg_alpha": 3.0, "reg_lambda": 0.6890302221587139}, "datetime": {"datetime": "2024-02-19 13:18:01", "elapsed": 184.655022, "delta": 1.924959}}
{"target": -0.703667509196975, "params": {"colsample_bytree": 0.6772172953996642, "learning_rate": 0.3637355568921828, "max_bin_exp": 7.903008898490073, "max_depth": 2.8960054534517856, "n_estimators": 2191.1480378701995, "reg_alpha": 0.6014097126477291, "reg_lambda": 0.4809495021463124}, "datetime": {"datetime": "2024-02-19 13:18:02", "elapsed": 185.594426, "delta": 0.939404}}
{"target": -0.6969603191233374, "params": {"colsample_bytree": 0.6954670963029057, "learning_rate": 0.1287650656888848, "max_bin_exp": 6.351181767433828, "max_depth": 2.4183595323776768, "n_estimators": 4755.214621798551, "reg_alpha": 2.5956116485882257, "reg_lambda": 1.4322161505810955}, "datetime": {"datetime": "2024-02-19 13:18:04", "elapsed": 187.788068, "delta": 2.193642}}
{"target": -0.7000879305136241, "params": {"colsample_bytree": 0.3393658358529056, "learning_rate": 0.1101066880325196, "max_bin_exp": 7.340073218476238, "max_depth": 3.092559676245713, "n_estimators": 4734.631672365788, "reg_alpha": 0.9678607672643624, "reg_lambda": 0.1929809880975314}, "datetime": {"datetime": "2024-02-19 13:18:07", "elapsed": 190.654332, "delta": 2.866264}}
{"target": -0.6719362622572387, "params": {"colsample_bytree": 0.7797577379289489, "learning_rate": 0.08574075006444132, "max_bin_exp": 6.496380981310899, "max_depth": 4.152595918888294, "n_estimators": 4752.598017876417, "reg_alpha": 2.061391529938652, "reg_lambda": 0.254185045686236}, "datetime": {"datetime": "2024-02-19 13:18:11", "elapsed": 194.327585, "delta": 3.673253}}
{"target": -0.8578408782059205, "params": {"colsample_bytree": 0.2, "learning_rate": 0.5, "max_bin_exp": 6.172108678878725, "max_depth": 6.0, "n_estimators": 2207.009185838789, "reg_alpha": 0.0, "reg_lambda": 3.0}, "datetime": {"datetime": "2024-02-19 13:18:13", "elapsed": 196.029898, "delta": 1.702313}}
{"target": -0.8436516692982128, "params": {"colsample_bytree": 0.32346533581498255, "learning_rate": 0.4430422401828792, "max_bin_exp": 7.948496672342198, "max_depth": 4.947808130007191, "n_estimators": 4755.231380396777, "reg_alpha": 1.9077527309626607, "reg_lambda": 0.7122326372788683}, "datetime": {"datetime": "2024-02-19 13:18:16", "elapsed": 199.693096, "delta": 3.663198}}
{"target": -3.773613068549906, "params": {"colsample_bytree": 0.2, "learning_rate": 0.001, "max_bin_exp": 10.0, "max_depth": 3.63549558730616, "n_estimators": 4998.695050326986, "reg_alpha": 0.0, "reg_lambda": 3.0}, "datetime": {"datetime": "2024-02-19 13:18:20", "elapsed": 203.148104, "delta": 3.455008}}
{"target": -0.6487119680387279, "params": {"colsample_bytree": 0.5221818681201984, "learning_rate": 0.16766508159267868, "max_bin_exp": 9.95601023323188, "max_depth": 3.5130855585255105, "n_estimators": 2189.5253926178593, "reg_alpha": 0.6523518526360966, "reg_lambda": 2.9406640908993626}, "datetime": {"datetime": "2024-02-19 13:18:21", "elapsed": 204.497391, "delta": 1.349287}}
{"target": -0.7366667627162782, "params": {"colsample_bytree": 0.475251840012769, "learning_rate": 0.42285815793799764, "max_bin_exp": 7.226248580762176, "max_depth": 5.942839058760279, "n_estimators": 4998.502130370961, "reg_alpha": 2.2084671711672383, "reg_lambda": 1.8556781347451754}, "datetime": {"datetime": "2024-02-19 13:18:26", "elapsed": 209.303498, "delta": 4.806107}}
{"target": -0.680172739551379, "params": {"colsample_bytree": 0.513452263930601, "learning_rate": 0.23579974146513746, "max_bin_exp": 9.119894814198947, "max_depth": 5.595184069517492, "n_estimators": 2190.214444997015, "reg_alpha": 2.58635221057201, "reg_lambda": 0.047975421411870944}, "datetime": {"datetime": "2024-02-19 13:18:28", "elapsed": 211.611868, "delta": 2.30837}}
{"target": -0.8338725171404191, "params": {"colsample_bytree": 0.2807435607537035, "learning_rate": 0.17557624211900003, "max_bin_exp": 9.49848602329104, "max_depth": 2.8030876138994456, "n_estimators": 4732.689859987091, "reg_alpha": 1.2252340656870575, "reg_lambda": 0.010618421775599463}, "datetime": {"datetime": "2024-02-19 13:18:31", "elapsed": 213.995323, "delta": 2.383455}}
{"target": -0.8129783995115346, "params": {"colsample_bytree": 0.3543060102371527, "learning_rate": 0.23222574485284447, "max_bin_exp": 5.373970987836755, "max_depth": 3.046210810479617, "n_estimators": 4756.7347038723265, "reg_alpha": 0.4450735657286474, "reg_lambda": 0.6627369364714031}, "datetime": {"datetime": "2024-02-19 13:18:33", "elapsed": 216.648218, "delta": 2.652895}}
{"target": -0.6847676958704831, "params": {"colsample_bytree": 0.33126371926933507, "learning_rate": 0.26710596853132135, "max_bin_exp": 9.949431593425398, "max_depth": 4.906763049164142, "n_estimators": 2198.3608692176695, "reg_alpha": 0.9828028260155546, "reg_lambda": 2.851042842861964}, "datetime": {"datetime": "2024-02-19 13:18:35", "elapsed": 218.279379, "delta": 1.631161}}
{"target": -0.6920001193866047, "params": {"colsample_bytree": 1.0, "learning_rate": 0.5, "max_bin_exp": 8.936648405567585, "max_depth": 4.894722556025634, "n_estimators": 2178.17679780798, "reg_alpha": 3.0, "reg_lambda": 1.9240352627551838}, "datetime": {"datetime": "2024-02-19 13:18:36", "elapsed": 219.831784, "delta": 1.552405}}
{"target": -0.748879638101202, "params": {"colsample_bytree": 0.7320686989923393, "learning_rate": 0.26573676920505984, "max_bin_exp": 5.82148916358404, "max_depth": 3.7282717202212026, "n_estimators": 2189.746491438311, "reg_alpha": 0.40335922164723637, "reg_lambda": 2.44618609145918}, "datetime": {"datetime": "2024-02-19 13:18:38", "elapsed": 221.045246, "delta": 1.213462}}
{"target": -0.6979487419323248, "params": {"colsample_bytree": 0.904775476340623, "learning_rate": 0.3427179258954388, "max_bin_exp": 7.3002023232042506, "max_depth": 5.9274021010674325, "n_estimators": 4733.745479253092, "reg_alpha": 0.004990514438330984, "reg_lambda": 0.2368730320797836}, "datetime": {"datetime": "2024-02-19 13:18:42", "elapsed": 225.546839, "delta": 4.501593}}
{"target": -3.1834732136887953, "params": {"colsample_bytree": 0.46884160065857056, "learning_rate": 0.018736529223103635, "max_bin_exp": 6.671198589722096, "max_depth": 1.3113024310660484, "n_estimators": 4759.50084118131, "reg_alpha": 2.835669374082597, "reg_lambda": 0.6259340852750551}, "datetime": {"datetime": "2024-02-19 13:18:44", "elapsed": 227.144343, "delta": 1.597504}}
{"target": -0.6677289939236111, "params": {"colsample_bytree": 0.6623891537438797, "learning_rate": 0.35963428967398336, "max_bin_exp": 9.249359465207107, "max_depth": 4.837811968412772, "n_estimators": 4999.570398296598, "reg_alpha": 2.669659003292161, "reg_lambda": 0.3709553392762729}, "datetime": {"datetime": "2024-02-19 13:18:48", "elapsed": 231.149134, "delta": 4.004791}}
{"target": -0.739222498490512, "params": {"colsample_bytree": 0.8548941065953699, "learning_rate": 0.3657207930599411, "max_bin_exp": 6.63707887288078, "max_depth": 4.460393701165437, "n_estimators": 4749.574458409965, "reg_alpha": 2.8170304609527657, "reg_lambda": 2.2080330741135517}, "datetime": {"datetime": "2024-02-19 13:18:51", "elapsed": 234.763798, "delta": 3.614664}}
{"target": -2.1837098011093454, "params": {"colsample_bytree": 0.3642613382525246, "learning_rate": 0.20401347971778022, "max_bin_exp": 5.483552884372391, "max_depth": 1.364951899369796, "n_estimators": 4752.880862333544, "reg_alpha": 0.06965380112550235, "reg_lambda": 0.692635916738539}, "datetime": {"datetime": "2024-02-19 13:18:53", "elapsed": 236.24324, "delta": 1.479442}}
{"target": -0.725128259739142, "params": {"colsample_bytree": 0.8339504609473274, "learning_rate": 0.4762224284175815, "max_bin_exp": 7.487768540708069, "max_depth": 5.636288708063319, "n_estimators": 2694.5558904551744, "reg_alpha": 2.9433997949166377, "reg_lambda": 0.10297892820911514}, "datetime": {"datetime": "2024-02-19 13:18:55", "elapsed": 238.292337, "delta": 2.049097}}
{"target": -0.6898634994548907, "params": {"colsample_bytree": 0.48532798430983864, "learning_rate": 0.49889489380555596, "max_bin_exp": 9.654136114178936, "max_depth": 5.6518564417875465, "n_estimators": 4729.712452580981, "reg_alpha": 2.0171000608812073, "reg_lambda": 2.8682188707629983}, "datetime": {"datetime": "2024-02-19 13:19:00", "elapsed": 243.353099, "delta": 5.060762}}
{"target": -0.6893792065192444, "params": {"colsample_bytree": 0.8946803993029024, "learning_rate": 0.43388154842202775, "max_bin_exp": 9.875188833639818, "max_depth": 5.663704907259066, "n_estimators": 4995.175922093306, "reg_alpha": 2.0479745785518486, "reg_lambda": 0.05789525295962383}, "datetime": {"datetime": "2024-02-19 13:19:05", "elapsed": 248.735876, "delta": 5.382777}}
{"target": -0.6158550584091043, "params": {"colsample_bytree": 0.6693401869280631, "learning_rate": 0.09067912880668574, "max_bin_exp": 8.807874430360428, "max_depth": 5.622024182669743, "n_estimators": 2195.4356133674114, "reg_alpha": 0.6931864736661659, "reg_lambda": 2.8781472723403274}, "datetime": {"datetime": "2024-02-19 13:19:07", "elapsed": 250.736803, "delta": 2.000927}}
{"target": -0.7895186502674053, "params": {"colsample_bytree": 0.3796685150877208, "learning_rate": 0.37056338450111725, "max_bin_exp": 8.62469949542447, "max_depth": 5.42403694897374, "n_estimators": 4748.416450323968, "reg_alpha": 0.09100381424901094, "reg_lambda": 1.396496507719851}, "datetime": {"datetime": "2024-02-19 13:19:12", "elapsed": 255.546932, "delta": 4.810129}}
{"target": -0.7508636162120409, "params": {"colsample_bytree": 0.35021605684585855, "learning_rate": 0.42397187184344504, "max_bin_exp": 9.926840340379947, "max_depth": 4.912488041138385, "n_estimators": 4735.428981808782, "reg_alpha": 0.29639893697089925, "reg_lambda": 2.9068201616639655}, "datetime": {"datetime": "2024-02-19 13:19:16", "elapsed": 259.530575, "delta": 3.983643}}
{"target": -0.8815573142213983, "params": {"colsample_bytree": 0.2, "learning_rate": 0.5, "max_bin_exp": 7.540686443094113, "max_depth": 2.8096696001434633, "n_estimators": 2169.817811001648, "reg_alpha": 3.0, "reg_lambda": 3.0}, "datetime": {"datetime": "2024-02-19 13:19:17", "elapsed": 260.417676, "delta": 0.887101}}
{"target": -0.6798988399445327, "params": {"colsample_bytree": 1.0, "learning_rate": 0.5, "max_bin_exp": 10.0, "max_depth": 6.0, "n_estimators": 4731.073592597419, "reg_alpha": 0.0, "reg_lambda": 0.4168798926575945}, "datetime": {"datetime": "2024-02-19 13:19:25", "elapsed": 268.021557, "delta": 7.603881}}
{"target": -0.6909840618629355, "params": {"colsample_bytree": 0.8371331376752389, "learning_rate": 0.10569816066186302, "max_bin_exp": 9.940022282545792, "max_depth": 2.646131043756323, "n_estimators": 4754.667806102496, "reg_alpha": 2.6258072301769104, "reg_lambda": 2.528010550748202}, "datetime": {"datetime": "2024-02-19 13:19:27", "elapsed": 270.505121, "delta": 2.483564}}
{"target": -1.1632478274290843, "params": {"colsample_bytree": 0.9644852541884286, "learning_rate": 0.3829424241276518, "max_bin_exp": 4.133077817768218, "max_depth": 5.964692318368467, "n_estimators": 4749.423926518089, "reg_alpha": 1.749314106780651, "reg_lambda": 0.46308671247249267}, "datetime": {"datetime": "2024-02-19 13:19:32", "elapsed": 275.099115, "delta": 4.593994}}
{"target": -0.6505285891242937, "params": {"colsample_bytree": 0.7155481600008062, "learning_rate": 0.15976208483555038, "max_bin_exp": 7.514473912539866, "max_depth": 5.716676959417942, "n_estimators": 4730.301962308417, "reg_alpha": 0.1672206989196119, "reg_lambda": 2.458730584831494}, "datetime": {"datetime": "2024-02-19 13:19:37", "elapsed": 280.442618, "delta": 5.343503}}
{"target": -0.7063365504329243, "params": {"colsample_bytree": 0.2889135156117103, "learning_rate": 0.16526514684524765, "max_bin_exp": 9.997924780926795, "max_depth": 5.997186663319455, "n_estimators": 4753.575325576891, "reg_alpha": 0.06524186677411137, "reg_lambda": 2.989471283953044}, "datetime": {"datetime": "2024-02-19 13:19:44", "elapsed": 287.804578, "delta": 7.36196}}
{"target": -0.7194579915320444, "params": {"colsample_bytree": 0.4755667805927467, "learning_rate": 0.27399244606094814, "max_bin_exp": 6.750048530383168, "max_depth": 4.187417618299739, "n_estimators": 4743.987249255926, "reg_alpha": 0.18472564846877548, "reg_lambda": 2.8922161333532475}, "datetime": {"datetime": "2024-02-19 13:19:48", "elapsed": 291.209472, "delta": 3.404894}}
{"target": -0.87172132265625, "params": {"colsample_bytree": 0.2018286359667113, "learning_rate": 0.18809011742865323, "max_bin_exp": 6.249626859764998, "max_depth": 2.278928515935948, "n_estimators": 4743.75221159373, "reg_alpha": 0.7410459998912318, "reg_lambda": 0.03617602937201814}, "datetime": {"datetime": "2024-02-19 13:19:50", "elapsed": 293.28479, "delta": 2.075318}}
