{"target": 0.04648991011864732, "params": {"u": 6.004264056430888, "v": 9.643893921305898, "w": 1.0013724978081386, "x": 2.7674942947387984, "y": 0.8191038650038539}, "datetime": {"datetime": "2024-02-25 09:51:35", "elapsed": 0.0, "delta": 0.0}}
{"target": 0.012604958319505592, "params": {"u": 1.1845190973948618, "v": 10.248975213383364, "w": 8.988185733035943, "x": 7.482400725668158, "y": 4.876907318255034}, "datetime": {"datetime": "2024-02-25 09:51:35", "elapsed": 0.108819, "delta": 0.108819}}
{"target": -0.055422899345929526, "params": {"u": 4.598783594344582, "v": 6.501552639690645, "w": 8.033653056235956, "x": 6.073157595518738, "y": 2.4235681681493007}, "datetime": {"datetime": "2024-02-25 09:51:35", "elapsed": 0.2581, "delta": 0.149281}}
{"target": 0.03685859846683843, "params": {"u": 9.83414563932845, "v": 9.285524037970156, "w": 2.15037341182669, "x": 5.559685177164141, "y": 3.294195170822384}, "datetime": {"datetime": "2024-02-25 09:51:36", "elapsed": 0.546145, "delta": 0.288045}}
{"target": 0.034611026169530774, "params": {"u": 8.917833796696831, "v": 10.760160082435267, "w": 1.0, "x": 2.943674656958363, "y": 1.606499489117585}, "datetime": {"datetime": "2024-02-25 09:51:36", "elapsed": 1.234515, "delta": 0.68837}}
{"target": 0.052329232254560175, "params": {"u": 4.462963825373909, "v": 13.0, "w": 1.0, "x": 4.533881806412074, "y": 3.6840355465350996}, "datetime": {"datetime": "2024-02-25 09:51:37", "elapsed": 1.885705, "delta": 0.65119}}
{"target": 0.0499730736177532, "params": {"u": 1.5331425913045638, "v": 12.734508080315994, "w": 1.623203470872919, "x": 1.4826989314179302, "y": 0.5320424663856519}, "datetime": {"datetime": "2024-02-25 09:51:38", "elapsed": 2.498183, "delta": 0.612478}}
{"target": 0.005804285947992443, "params": {"u": 1.0000000000000004, "v": 13.0, "w": 1.0, "x": 8.0, "y": 0.1}, "datetime": {"datetime": "2024-02-25 09:51:38", "elapsed": 2.839159, "delta": 0.340976}}
{"target": 0.010661466967028424, "params": {"u": 3.2202643956924746, "v": 11.101201015190316, "w": 1.0, "x": 0.5, "y": 5.0}, "datetime": {"datetime": "2024-02-25 09:51:38", "elapsed": 3.307072, "delta": 0.467913}}
{"target": 0.0014155368943261366, "params": {"u": 5.204727489970597, "v": 13.0, "w": 2.9519706255486913, "x": 2.809789315969694, "y": 0.1}, "datetime": {"datetime": "2024-02-25 09:51:39", "elapsed": 4.202227, "delta": 0.895155}}
{"target": -0.004584434569677365, "params": {"u": 5.767364781901344, "v": 10.9879295987139, "w": 1.0, "x": 4.23566898999595, "y": 2.949465815199841}, "datetime": {"datetime": "2024-02-25 09:51:40", "elapsed": 5.179504, "delta": 0.977277}}
{"target": 0.03884648983752825, "params": {"u": 5.615177313320638, "v": 7.387589314951752, "w": 1.368366942983735, "x": 1.5022935650030271, "y": 0.4027176440382991}, "datetime": {"datetime": "2024-02-25 09:51:41", "elapsed": 5.740784, "delta": 0.56128}}
{"target": -0.032390988813454286, "params": {"u": 4.219121159802409, "v": 7.484800067338755, "w": 6.446837082226347, "x": 7.8323863911102425, "y": 1.6385292298625198}, "datetime": {"datetime": "2024-02-25 09:51:41", "elapsed": 6.316951, "delta": 0.576167}}
{"target": 0.017047695248253093, "params": {"u": 2.362206869224461, "v": 13.0, "w": 1.0, "x": 3.491062957826878, "y": 2.7396866148648864}, "datetime": {"datetime": "2024-02-25 09:51:42", "elapsed": 7.186468, "delta": 0.869517}}
{"target": 0.04475341235918983, "params": {"u": 7.709704432594636, "v": 8.660521842811976, "w": 1.0, "x": 2.2639085314765888, "y": 0.17784858523997332}, "datetime": {"datetime": "2024-02-25 09:51:44", "elapsed": 8.478864, "delta": 1.292396}}
{"target": 0.05259283311604444, "params": {"u": 3.946502122431753, "v": 13.0, "w": 1.0, "x": 6.079666197903915, "y": 5.0}, "datetime": {"datetime": "2024-02-25 09:51:45", "elapsed": 9.380923, "delta": 0.902059}}
{"target": -0.030939015332499497, "params": {"u": 2.3623052575816743, "v": 10.307112431643247, "w": 1.0, "x": 0.5, "y": 0.1}, "datetime": {"datetime": "2024-02-25 09:51:46", "elapsed": 10.497879, "delta": 1.116956}}
{"target": -0.05813737653828496, "params": {"u": 4.220300649613693, "v": 12.898078229356589, "w": 2.346669143446837, "x": 5.071041717925535, "y": 4.998118404018862}, "datetime": {"datetime": "2024-02-25 09:51:46", "elapsed": 11.273516, "delta": 0.775637}}
{"target": -0.0070274694567681786, "params": {"u": 2.7728327940481337, "v": 8.139285097824304, "w": 9.057916253853158, "x": 0.8934643501338033, "y": 1.5139832939202522}, "datetime": {"datetime": "2024-02-25 09:51:47", "elapsed": 11.474299, "delta": 0.200783}}
{"target": 0.023244696493423592, "params": {"u": 2.9623737920228845, "v": 8.176278442320239, "w": 1.5679538655979348, "x": 0.9250385344196, "y": 1.9379337023751044}, "datetime": {"datetime": "2024-02-25 09:51:47", "elapsed": 12.021375, "delta": 0.547076}}
{"target": -0.039452121956895125, "params": {"u": 7.67842799116794, "v": 11.79221535015067, "w": 1.1274728266325371, "x": 7.586114417943198, "y": 1.6150871820598647}, "datetime": {"datetime": "2024-02-25 09:51:48", "elapsed": 12.392064, "delta": 0.370689}}
{"target": -0.052915887875821785, "params": {"u": 1.5637988145806312, "v": 3.9210603640087363, "w": 6.563501251055826, "x": 3.402168979616572, "y": 4.9744576666058276}, "datetime": {"datetime": "2024-02-25 09:51:48", "elapsed": 12.663237, "delta": 0.271173}}
{"target": -0.0713134223061771, "params": {"u": 9.684404882364536, "v": 8.998972630744657, "w": 7.981877118837939, "x": 0.7341630242173474, "y": 4.039756078992019}, "datetime": {"datetime": "2024-02-25 09:51:48", "elapsed": 12.942994, "delta": 0.279757}}
{"target": 0.026021582298626625, "params": {"u": 9.642795778598934, "v": 9.555508901642584, "w": 2.04859098471568, "x": 5.8698372831850945, "y": 2.6633290633789524}, "datetime": {"datetime": "2024-02-25 09:51:48", "elapsed": 13.211164, "delta": 0.26817}}
{"target": -0.02796395587323069, "params": {"u": 1.4081302725260803, "v": 12.212912554114443, "w": 2.3175973352598636, "x": 1.7564382908117746, "y": 1.0558397455113189}, "datetime": {"datetime": "2024-02-25 09:51:49", "elapsed": 13.696336, "delta": 0.485172}}
{"target": -0.03629656629758928, "params": {"u": 9.368003003846743, "v": 9.507210307756724, "w": 2.1007431268048053, "x": 5.382864241702165, "y": 3.446321494953843}, "datetime": {"datetime": "2024-02-25 09:51:49", "elapsed": 14.042122, "delta": 0.345786}}
{"target": 0.07365192419548644, "params": {"u": 10.182106355625761, "v": 4.89549376581404, "w": 9.110423809299338, "x": 3.279840723918498, "y": 4.184816400854862}, "datetime": {"datetime": "2024-02-25 09:51:49", "elapsed": 14.251957, "delta": 0.209835}}
{"target": 0.05667776982887417, "params": {"u": 7.5924012541339145, "v": 2.0872793309544364, "w": 9.306613969902838, "x": 1.6571760877626978, "y": 0.7040072897629996}, "datetime": {"datetime": "2024-02-25 09:51:50", "elapsed": 14.580747, "delta": 0.32879}}
{"target": 0.10348653078033254, "params": {"u": 11.212448331058841, "v": 6.719274466876348, "w": 10.236268104889252, "x": 2.088025270943307, "y": 1.2589641219061345}, "datetime": {"datetime": "2024-02-25 09:51:50", "elapsed": 14.827854, "delta": 0.247107}}
{"target": 0.07937214194119782, "params": {"u": 10.441119605554348, "v": 2.1014533251245027, "w": 9.794975150983541, "x": 3.21362857488674, "y": 3.3195017901118273}, "datetime": {"datetime": "2024-02-25 09:51:50", "elapsed": 15.074141, "delta": 0.246287}}
{"target": 0.006170867084096251, "params": {"u": 12.074380840620618, "v": 12.251700544409303, "w": 1.2228925414069076, "x": 1.0860216395058027, "y": 3.9022328237095465}, "datetime": {"datetime": "2024-02-25 09:51:50", "elapsed": 15.307236, "delta": 0.233095}}
{"target": 0.02494323470616811, "params": {"u": 12.801414694722723, "v": 2.0558895091182103, "w": 1.6670151936539654, "x": 3.2115587784716277, "y": 4.792451145497268}, "datetime": {"datetime": "2024-02-25 09:51:51", "elapsed": 15.489917, "delta": 0.182681}}
{"target": -0.026082985429285208, "params": {"u": 2.413859700642034, "v": 11.32059473233904, "w": 3.8076656915260627, "x": 7.208973672372463, "y": 3.5028151560222387}, "datetime": {"datetime": "2024-02-25 09:51:51", "elapsed": 16.151183, "delta": 0.661266}}
{"target": 0.028240609216668166, "params": {"u": 12.58322517403583, "v": 1.3452831841298942, "w": 7.884763185248354, "x": 4.838946852847268, "y": 3.0284352002230386}, "datetime": {"datetime": "2024-02-25 09:51:52", "elapsed": 16.742163, "delta": 0.59098}}
{"target": 0.042985840770754756, "params": {"u": 11.055653930705843, "v": 9.644270485814754, "w": 1.1362832704869454, "x": 1.4445095705259443, "y": 3.2383128828039074}, "datetime": {"datetime": "2024-02-25 09:51:52", "elapsed": 17.199404, "delta": 0.457241}}
{"target": -0.0509349671132506, "params": {"u": 1.4276720839434938, "v": 12.327045178959905, "w": 9.841744625208962, "x": 1.7212414161770504, "y": 0.574135949703017}, "datetime": {"datetime": "2024-02-25 09:51:53", "elapsed": 17.699471, "delta": 0.500067}}
{"target": 0.020260275716636016, "params": {"u": 7.199426603706169, "v": 7.915806111788757, "w": 12.813057582831807, "x": 6.699310658856012, "y": 1.9356922461421813}, "datetime": {"datetime": "2024-02-25 09:51:54", "elapsed": 18.448377, "delta": 0.748906}}
{"target": -0.02223233116895247, "params": {"u": 10.349476984474423, "v": 7.351985383976298, "w": 10.826033662023058, "x": 7.195324492225246, "y": 1.6977616556084822}, "datetime": {"datetime": "2024-02-25 09:51:54", "elapsed": 18.877022, "delta": 0.428645}}
{"target": 0.08491673693577656, "params": {"u": 10.09054243841706, "v": 6.394732517092031, "w": 11.141455229119181, "x": 4.740681415498643, "y": 3.4316245096068703}, "datetime": {"datetime": "2024-02-25 09:51:54", "elapsed": 19.209971, "delta": 0.332949}}
{"target": -0.15778198359617898, "params": {"u": 6.612441663845259, "v": 7.668433208542263, "w": 9.332821760964881, "x": 1.574169059343595, "y": 2.4772700594737946}, "datetime": {"datetime": "2024-02-25 09:51:55", "elapsed": 19.762564, "delta": 0.552593}}
{"target": 0.007076385562741541, "params": {"u": 2.9483612973085362, "v": 1.601900740359841, "w": 8.653535556581875, "x": 4.27594279942258, "y": 4.067845923017804}, "datetime": {"datetime": "2024-02-25 09:51:56", "elapsed": 20.390671, "delta": 0.628107}}
{"target": 0.015612228503140054, "params": {"u": 5.949561294840272, "v": 7.12666921386265, "w": 1.543410657012069, "x": 1.7500391311013632, "y": 0.5637642582683084}, "datetime": {"datetime": "2024-02-25 09:51:56", "elapsed": 21.151333, "delta": 0.760662}}
{"target": 0.04383886277129929, "params": {"u": 5.883844695969779, "v": 6.821586572812783, "w": 1.4225009323883393, "x": 1.9928922467260701, "y": 0.9820700391062268}, "datetime": {"datetime": "2024-02-25 09:51:57", "elapsed": 22.104173, "delta": 0.95284}}
{"target": -0.009202463626373386, "params": {"u": 12.795999033440998, "v": 10.404991864388261, "w": 2.1690619449298447, "x": 3.6014626115297608, "y": 0.7454391580703615}, "datetime": {"datetime": "2024-02-25 09:51:58", "elapsed": 22.837552, "delta": 0.733379}}
{"target": 0.06518558143189661, "params": {"u": 1.5166359682855384, "v": 1.6705609240969914, "w": 9.421899057737383, "x": 4.064585702620597, "y": 3.0628670504978937}, "datetime": {"datetime": "2024-02-25 09:51:59", "elapsed": 23.848201, "delta": 1.010649}}
{"target": 0.04362277781343076, "params": {"u": 6.682567662139581, "v": 8.5379504736215, "w": 8.058142430365088, "x": 2.016172957304268, "y": 0.5837801438381237}, "datetime": {"datetime": "2024-02-25 09:52:00", "elapsed": 24.80361, "delta": 0.955409}}
{"target": -0.013737251326976035, "params": {"u": 3.622738646219916, "v": 4.443630956527615, "w": 1.1171025112110735, "x": 2.946415754618047, "y": 2.048240707079263}, "datetime": {"datetime": "2024-02-25 09:52:01", "elapsed": 25.913723, "delta": 1.110113}}
{"target": 0.045772660364289196, "params": {"u": 3.1068604808842473, "v": 2.9988362768403394, "w": 2.8194919707737816, "x": 6.282810038432393, "y": 1.8867314872011274}, "datetime": {"datetime": "2024-02-25 09:52:02", "elapsed": 26.456499, "delta": 0.542776}}
{"target": -0.004549100388322075, "params": {"u": 12.558701538621243, "v": 10.058208795113812, "w": 5.870922477490998, "x": 2.331343933052433, "y": 0.785074696588541}, "datetime": {"datetime": "2024-02-25 09:52:03", "elapsed": 27.531481, "delta": 1.074982}}
{"target": 0.052028633099519155, "params": {"u": 8.246531280078122, "v": 8.612748601524173, "w": 11.419604655008749, "x": 4.61199173057103, "y": 2.7668022583899754}, "datetime": {"datetime": "2024-02-25 09:52:04", "elapsed": 28.422778, "delta": 0.891297}}
{"target": -0.005344956402562894, "params": {"u": 12.114219073308465, "v": 3.369649154171027, "w": 6.56042202347826, "x": 4.417403176800859, "y": 1.3798929651661702}, "datetime": {"datetime": "2024-02-25 09:52:04", "elapsed": 29.203558, "delta": 0.78078}}
{"target": 0.3157584619192446, "params": {"u": 3.558241668754325, "v": 12.741992627576199, "w": 10.133707153884725, "x": 1.6733572692991066, "y": 0.1448136923175108}, "datetime": {"datetime": "2024-02-25 09:52:05", "elapsed": 29.872857, "delta": 0.669299}}
{"target": -0.05506998620897558, "params": {"u": 7.000082485591267, "v": 6.893157449246791, "w": 6.323173025074819, "x": 3.992223606850011, "y": 2.081079620899265}, "datetime": {"datetime": "2024-02-25 09:52:06", "elapsed": 30.373008, "delta": 0.500151}}
{"target": 0.01931260917936829, "params": {"u": 10.849513533182327, "v": 3.4877840183225843, "w": 10.742168545231117, "x": 5.687692591789617, "y": 1.5738737688259352}, "datetime": {"datetime": "2024-02-25 09:52:06", "elapsed": 31.044927, "delta": 0.671919}}
{"target": -0.08690883758164197, "params": {"u": 5.37023838292414, "v": 4.40359170107086, "w": 10.628386689581381, "x": 5.197895545308997, "y": 2.007340101059496}, "datetime": {"datetime": "2024-02-25 09:52:07", "elapsed": 31.690237, "delta": 0.64531}}
{"target": 0.06386018896802138, "params": {"u": 7.4708690216192695, "v": 11.984326298213412, "w": 6.216436642319852, "x": 5.128481867687984, "y": 4.848351896036533}, "datetime": {"datetime": "2024-02-25 09:52:08", "elapsed": 32.418049, "delta": 0.727812}}
{"target": 0.019843660750283775, "params": {"u": 3.8330842180587226, "v": 10.765905683007105, "w": 7.8939675232968245, "x": 6.418837018956208, "y": 0.4440226556332213}, "datetime": {"datetime": "2024-02-25 09:52:08", "elapsed": 32.959866, "delta": 0.541817}}
{"target": 0.009740963486154063, "params": {"u": 2.3484532893900987, "v": 3.8572808378083536, "w": 1.4451820743210804, "x": 6.959740135417822, "y": 2.679538022678392}, "datetime": {"datetime": "2024-02-25 09:52:09", "elapsed": 33.525441, "delta": 0.565575}}
{"target": 0.00873937758015758, "params": {"u": 12.041035692930418, "v": 8.57697235410767, "w": 10.84601174294582, "x": 7.429250574864672, "y": 1.7400108187180672}, "datetime": {"datetime": "2024-02-25 09:52:09", "elapsed": 34.2211, "delta": 0.695659}}
{"target": -0.03398508357524939, "params": {"u": 2.528209165597947, "v": 2.0573152399170844, "w": 10.151945918278606, "x": 5.3346677571411005, "y": 2.7390966708354307}, "datetime": {"datetime": "2024-02-25 09:52:10", "elapsed": 35.158458, "delta": 0.937358}}
{"target": 0.05193166982136596, "params": {"u": 7.7335404741930995, "v": 2.6724983679530427, "w": 1.9347869680446674, "x": 5.953496141383615, "y": 1.561010050827099}, "datetime": {"datetime": "2024-02-25 09:52:11", "elapsed": 35.729356, "delta": 0.570898}}
{"target": 0.577719092163585, "params": {"u": 6.984794875123353, "v": 1.7675088018853966, "w": 9.049224956271473, "x": 1.5085610704145942, "y": 3.573454369961929}, "datetime": {"datetime": "2024-02-25 09:52:12", "elapsed": 36.656356, "delta": 0.927}}
{"target": 0.7647364686562658, "params": {"u": 7.3381246749159015, "v": 1.7861009452244485, "w": 9.098190704509209, "x": 1.6243057985567335, "y": 3.5866241863508193}, "datetime": {"datetime": "2024-02-25 09:52:14", "elapsed": 38.356591, "delta": 1.700235}}
{"target": 0.6597282365000745, "params": {"u": 7.448083134151407, "v": 1.8194793611893725, "w": 9.132096332102112, "x": 1.6696746128107287, "y": 3.3596823483921843}, "datetime": {"datetime": "2024-02-25 09:52:15", "elapsed": 39.589171, "delta": 1.23258}}
{"target": 0.6836843482004957, "params": {"u": 7.451566875630143, "v": 1.8256090691918567, "w": 9.281152089794878, "x": 1.5117419557974205, "y": 3.744615419805469}, "datetime": {"datetime": "2024-02-25 09:52:16", "elapsed": 40.399254, "delta": 0.810083}}
{"target": 0.6406177087821824, "params": {"u": 7.415764946786715, "v": 1.7432176776153447, "w": 9.02005893073177, "x": 1.8887507623793427, "y": 3.7898161405707422}, "datetime": {"datetime": "2024-02-25 09:52:17", "elapsed": 41.459556, "delta": 1.060302}}
{"target": -0.07099037415381075, "params": {"u": 6.974250987940044, "v": 1.7097931122335912, "w": 8.335780192530777, "x": 2.2306080893262297, "y": 3.4453820232651315}, "datetime": {"datetime": "2024-02-25 09:52:18", "elapsed": 42.988103, "delta": 1.528547}}
{"target": 0.6772775998921485, "params": {"u": 7.428773694311478, "v": 1.4879844630114738, "w": 9.100855224245388, "x": 1.5486429760697369, "y": 3.624464784764051}, "datetime": {"datetime": "2024-02-25 09:52:20", "elapsed": 44.669634, "delta": 1.681531}}
{"target": -0.2120615337525071, "params": {"u": 7.335836254650531, "v": 1.933039833290358, "w": 8.596946847011724, "x": 1.557071688650477, "y": 3.807385785318756}, "datetime": {"datetime": "2024-02-25 09:52:21", "elapsed": 45.857043, "delta": 1.187409}}
{"target": 0.24512469556960725, "params": {"u": 7.472269508404409, "v": 1.7990879766173111, "w": 9.843925721409423, "x": 1.4922263289991946, "y": 2.9521877671881347}, "datetime": {"datetime": "2024-02-25 09:52:22", "elapsed": 47.072408, "delta": 1.215365}}
{"target": 0.045353241068127846, "params": {"u": 5.200140875750998, "v": 4.605664861318504, "w": 4.594737707708759, "x": 7.0940174561816045, "y": 4.042143037677969}, "datetime": {"datetime": "2024-02-25 09:52:23", "elapsed": 48.166452, "delta": 1.094044}}
{"target": -0.08857761517177715, "params": {"u": 11.921273029782116, "v": 1.585576760468062, "w": 6.584135303241629, "x": 4.558201378557024, "y": 3.528682317474762}, "datetime": {"datetime": "2024-02-25 09:52:24", "elapsed": 49.325444, "delta": 1.158992}}
{"target": 0.4181830378801183, "params": {"u": 8.367010843056995, "v": 2.6685942099531155, "w": 9.322011568384964, "x": 1.8251427183419175, "y": 2.7208186405370602}, "datetime": {"datetime": "2024-02-25 09:52:25", "elapsed": 50.135454, "delta": 0.81001}}
{"target": -0.28217331876766255, "params": {"u": 7.845944353382695, "v": 2.6275160438732046, "w": 8.496997633164437, "x": 2.079557980983869, "y": 2.609039911240884}, "datetime": {"datetime": "2024-02-25 09:52:26", "elapsed": 50.807245, "delta": 0.671791}}
{"target": 0.2254378391110066, "params": {"u": 7.87608669830211, "v": 2.196273691864087, "w": 9.429811652717294, "x": 1.4395138912657224, "y": 3.0357713199801992}, "datetime": {"datetime": "2024-02-25 09:52:27", "elapsed": 51.834353, "delta": 1.027108}}
{"target": -0.007473852678128843, "params": {"u": 5.949226125529014, "v": 6.02698822618766, "w": 12.419763839442181, "x": 6.597121107465848, "y": 3.74771912830798}, "datetime": {"datetime": "2024-02-25 09:52:28", "elapsed": 52.452114, "delta": 0.617761}}
{"target": -0.05493725996975566, "params": {"u": 10.763244313665302, "v": 3.0543768185573748, "w": 12.27475741780928, "x": 7.332863291050577, "y": 0.21863581465963886}, "datetime": {"datetime": "2024-02-25 09:52:28", "elapsed": 53.259981, "delta": 0.807867}}
{"target": -0.12219955389797311, "params": {"u": 7.756826818070682, "v": 1.4358393485199117, "w": 8.794783345512059, "x": 2.302145586382122, "y": 3.470259425333374}, "datetime": {"datetime": "2024-02-25 09:52:32", "elapsed": 56.820863, "delta": 3.560882}}
{"target": 0.8663910431169711, "params": {"u": 8.403901927368889, "v": 2.681225818569104, "w": 9.85918313300574, "x": 1.703294102192183, "y": 3.620574638414489}, "datetime": {"datetime": "2024-02-25 09:52:34", "elapsed": 58.904552, "delta": 2.083689}}
{"target": 0.7950748324775724, "params": {"u": 8.401339883539189, "v": 2.6754140454370123, "w": 9.721605087587726, "x": 1.7818060669868798, "y": 3.3917178829150183}, "datetime": {"datetime": "2024-02-25 09:52:35", "elapsed": 59.979358, "delta": 1.074806}}
{"target": 0.8352964675983104, "params": {"u": 7.345010237924091, "v": 1.4248571838731459, "w": 9.02558074164754, "x": 1.8551886009569925, "y": 4.3704425626942145}, "datetime": {"datetime": "2024-02-25 09:52:36", "elapsed": 60.967358, "delta": 0.988}}
{"target": -0.40229544881789636, "params": {"u": 7.179772996640263, "v": 1.9698957765105476, "w": 9.16387900267304, "x": 2.219313905384776, "y": 3.645231609031181}, "datetime": {"datetime": "2024-02-25 09:52:37", "elapsed": 61.738852, "delta": 0.771494}}
{"target": 0.047967600312463055, "params": {"u": 1.5678782822943576, "v": 3.774919980893316, "w": 12.461020148036463, "x": 2.3612342175886236, "y": 2.4760065639490674}, "datetime": {"datetime": "2024-02-25 09:52:38", "elapsed": 62.530041, "delta": 0.791189}}
{"target": 0.02799925796446445, "params": {"u": 4.633477200580686, "v": 10.501325417314021, "w": 1.9715033916526443, "x": 0.5163682985173452, "y": 1.2881787677594423}, "datetime": {"datetime": "2024-02-25 09:52:38", "elapsed": 63.21093, "delta": 0.680889}}
{"target": 0.34172484115531004, "params": {"u": 6.876771056644005, "v": 1.856054192859844, "w": 8.787676034711073, "x": 1.4013553036964317, "y": 3.5790428006521555}, "datetime": {"datetime": "2024-02-25 09:52:39", "elapsed": 64.060258, "delta": 0.849328}}
{"target": -0.08920571313454183, "params": {"u": 11.700323501809562, "v": 8.506468390730587, "w": 11.773988187942354, "x": 4.6244766592421085, "y": 4.5788247747357875}, "datetime": {"datetime": "2024-02-25 09:52:40", "elapsed": 65.082505, "delta": 1.022247}}
{"target": 0.06164249176272824, "params": {"u": 12.551489277584379, "v": 2.546475567220204, "w": 8.346662911835747, "x": 6.450222537218565, "y": 0.5687977385746233}, "datetime": {"datetime": "2024-02-25 09:52:41", "elapsed": 65.799402, "delta": 0.716897}}
