{"target": -0.9677549053113229, "params": {"colsample_bytree": 1.0, "learning_rate": 0.5, "max_bin_exp": 8.463058320831962, "max_depth": 1.6909989493035678, "n_estimators": 2931.54760226575, "reg_alpha": 0.0, "reg_lambda": 2.449117712972403}, "datetime": {"datetime": "2024-02-19 18:34:49", "elapsed": 1097.910372, "delta": 1.916089}}
{"target": -1.1025489045697976, "params": {"colsample_bytree": 0.8378726743337375, "learning_rate": 0.20229963641081333, "max_bin_exp": 4.9764002889840855, "max_depth": 4.177240940593034, "n_estimators": 4478.670340613809, "reg_alpha": 2.478890312755308, "reg_lambda": 0.7371261915620047}, "datetime": {"datetime": "2024-02-19 18:34:53", "elapsed": 1102.401928, "delta": 4.491556}}
{"target": -0.638257038504149, "params": {"colsample_bytree": 1.0, "learning_rate": 0.5, "max_bin_exp": 9.013900743449307, "max_depth": 6.0, "n_estimators": 1452.2704294931764, "reg_alpha": 3.0, "reg_lambda": 3.0}, "datetime": {"datetime": "2024-02-19 18:34:56", "elapsed": 1104.998528, "delta": 2.5966}}
{"target": -0.6972371739629312, "params": {"colsample_bytree": 1.0, "learning_rate": 0.5, "max_bin_exp": 9.979670063805004, "max_depth": 6.0, "n_estimators": 2325.6300706174343, "reg_alpha": 0.0, "reg_lambda": 0.0}, "datetime": {"datetime": "2024-02-19 18:35:01", "elapsed": 1109.915513, "delta": 4.916985}}
{"target": -1.0049624678308176, "params": {"colsample_bytree": 0.2, "learning_rate": 0.5, "max_bin_exp": 10.0, "max_depth": 6.0, "n_estimators": 2328.577960892445, "reg_alpha": 3.0, "reg_lambda": 0.0}, "datetime": {"datetime": "2024-02-19 18:35:04", "elapsed": 1113.328151, "delta": 3.412638}}
{"target": -0.6737497590947209, "params": {"colsample_bytree": 1.0, "learning_rate": 0.5, "max_bin_exp": 8.199849400551285, "max_depth": 5.668870307615838, "n_estimators": 2929.2567025849935, "reg_alpha": 0.0, "reg_lambda": 0.0}, "datetime": {"datetime": "2024-02-19 18:35:08", "elapsed": 1117.028555, "delta": 3.700404}}
{"target": -0.79726530546875, "params": {"colsample_bytree": 0.41999782950147824, "learning_rate": 0.1867277066340063, "max_bin_exp": 5.3178431932958325, "max_depth": 5.539459886101147, "n_estimators": 881.6168782743765, "reg_alpha": 1.1957595752246348, "reg_lambda": 2.8630796023844978}, "datetime": {"datetime": "2024-02-19 18:35:10", "elapsed": 1119.097068, "delta": 2.068513}}
{"target": -0.6482547569334098, "params": {"colsample_bytree": 0.7109110351605621, "learning_rate": 0.3088692652499827, "max_bin_exp": 9.847162313173461, "max_depth": 4.9781730132423245, "n_estimators": 884.9564676229825, "reg_alpha": 0.2658448977691875, "reg_lambda": 0.9244431561580833}, "datetime": {"datetime": "2024-02-19 18:35:13", "elapsed": 1121.93817, "delta": 2.841102}}
{"target": -0.8166906966756415, "params": {"colsample_bytree": 1.0, "learning_rate": 0.5, "max_bin_exp": 5.3817782842419355, "max_depth": 3.4259290097594364, "n_estimators": 4138.3857390124385, "reg_alpha": 3.0, "reg_lambda": 3.0}, "datetime": {"datetime": "2024-02-19 18:35:17", "elapsed": 1125.692423, "delta": 3.754253}}
{"target": -0.6714685700903368, "params": {"colsample_bytree": 1.0, "learning_rate": 0.5, "max_bin_exp": 9.522696289589838, "max_depth": 6.0, "n_estimators": 1452.4607412679445, "reg_alpha": 0.0, "reg_lambda": 0.16488385599989852}, "datetime": {"datetime": "2024-02-19 18:35:19", "elapsed": 1128.486514, "delta": 2.794091}}
{"target": -0.7575656821276189, "params": {"colsample_bytree": 0.46765560057702465, "learning_rate": 0.41081983863813376, "max_bin_exp": 6.438523376829948, "max_depth": 4.8661085878943275, "n_estimators": 4734.115796224583, "reg_alpha": 0.7979043546564085, "reg_lambda": 2.945917412835045}, "datetime": {"datetime": "2024-02-19 18:35:24", "elapsed": 1133.240674, "delta": 4.75416}}
{"target": -0.8985123340983991, "params": {"colsample_bytree": 0.24860160589067315, "learning_rate": 0.2443852019446726, "max_bin_exp": 8.18638475229829, "max_depth": 5.795186769850053, "n_estimators": 2342.307599404859, "reg_alpha": 0.22520902454400726, "reg_lambda": 2.8364226315713115}, "datetime": {"datetime": "2024-02-19 18:35:27", "elapsed": 1135.923381, "delta": 2.682707}}
{"target": -4.038852968702919, "params": {"colsample_bytree": 1.0, "learning_rate": 0.001, "max_bin_exp": 10.0, "max_depth": 1.0, "n_estimators": 3920.812248427508, "reg_alpha": 0.0, "reg_lambda": 2.638271823215652}, "datetime": {"datetime": "2024-02-19 18:35:30", "elapsed": 1139.143893, "delta": 3.220512}}
{"target": -0.7306025133218023, "params": {"colsample_bytree": 0.6507065519525412, "learning_rate": 0.46281278397903675, "max_bin_exp": 7.492958577562196, "max_depth": 3.0219652395182615, "n_estimators": 2753.230182624408, "reg_alpha": 1.9800860591397276, "reg_lambda": 2.0349861460422907}, "datetime": {"datetime": "2024-02-19 18:35:32", "elapsed": 1141.587085, "delta": 2.443192}}
{"target": -0.6163766719603342, "params": {"colsample_bytree": 0.9073696138798382, "learning_rate": 0.10959754403737162, "max_bin_exp": 9.599556525723251, "max_depth": 5.892472963863645, "n_estimators": 2338.2498453790367, "reg_alpha": 0.41939182503421546, "reg_lambda": 0.1924276678599276}, "datetime": {"datetime": "2024-02-19 18:35:36", "elapsed": 1144.657224, "delta": 3.070139}}
{"target": -1.0649619168165534, "params": {"colsample_bytree": 0.8888898084049364, "learning_rate": 0.11348921185092092, "max_bin_exp": 4.054993054948432, "max_depth": 4.362678793726315, "n_estimators": 2754.5100404871073, "reg_alpha": 1.9415567671547076, "reg_lambda": 0.5596070043558496}, "datetime": {"datetime": "2024-02-19 18:35:38", "elapsed": 1147.303506, "delta": 2.646282}}
{"target": -0.6640901419491526, "params": {"colsample_bytree": 0.6425885935709769, "learning_rate": 0.4429772764079519, "max_bin_exp": 9.803145506265315, "max_depth": 5.43427139937128, "n_estimators": 2755.7463155711466, "reg_alpha": 0.1312289285023548, "reg_lambda": 2.831286424462422}, "datetime": {"datetime": "2024-02-19 18:35:42", "elapsed": 1150.662981, "delta": 3.359475}}
{"target": -0.6473742890036488, "params": {"colsample_bytree": 1.0, "learning_rate": 0.5, "max_bin_exp": 8.026796385824477, "max_depth": 6.0, "n_estimators": 2937.6498786643015, "reg_alpha": 0.0, "reg_lambda": 1.991240629785604}, "datetime": {"datetime": "2024-02-19 18:35:45", "elapsed": 1154.35173, "delta": 3.688749}}
{"target": -4.130695059792844, "params": {"colsample_bytree": 0.2, "learning_rate": 0.001, "max_bin_exp": 8.952833137825362, "max_depth": 2.6661504602123838, "n_estimators": 4480.932729511547, "reg_alpha": 3.0, "reg_lambda": 3.0}, "datetime": {"datetime": "2024-02-19 18:35:49", "elapsed": 1157.907125, "delta": 3.555395}}
{"target": -0.6227227247859286, "params": {"colsample_bytree": 0.8655191643180797, "learning_rate": 0.28268984277770326, "max_bin_exp": 9.873382880946668, "max_depth": 5.4672524904432755, "n_estimators": 4477.976229019049, "reg_alpha": 0.0583340582025178, "reg_lambda": 0.8755445755917249}, "datetime": {"datetime": "2024-02-19 18:35:55", "elapsed": 1163.998397, "delta": 6.091272}}
{"target": -2.134898426547787, "params": {"colsample_bytree": 1.0, "learning_rate": 0.001, "max_bin_exp": 10.0, "max_depth": 3.9547182213960648, "n_estimators": 4568.762045964799, "reg_alpha": 0.0, "reg_lambda": 0.0}, "datetime": {"datetime": "2024-02-19 18:36:00", "elapsed": 1168.828826, "delta": 4.830429}}
{"target": -0.7981364400287635, "params": {"colsample_bytree": 0.30585978591600754, "learning_rate": 0.4751324590238771, "max_bin_exp": 9.924450880919142, "max_depth": 5.167672649505218, "n_estimators": 4483.658713728493, "reg_alpha": 0.4509972982622824, "reg_lambda": 2.2754001038343845}, "datetime": {"datetime": "2024-02-19 18:36:06", "elapsed": 1174.919179, "delta": 6.090353}}
{"target": -0.7134444696202624, "params": {"colsample_bytree": 0.5048250150768292, "learning_rate": 0.4867427922728954, "max_bin_exp": 9.202207421717132, "max_depth": 5.537835876259468, "n_estimators": 4481.957549306545, "reg_alpha": 0.8445754584209733, "reg_lambda": 0.17556344937788104}, "datetime": {"datetime": "2024-02-19 18:36:12", "elapsed": 1181.139595, "delta": 6.220416}}
{"target": -0.701431657959628, "params": {"colsample_bytree": 1.0, "learning_rate": 0.5, "max_bin_exp": 10.0, "max_depth": 3.1982678759571996, "n_estimators": 1451.6524659100562, "reg_alpha": 3.0, "reg_lambda": 0.0}, "datetime": {"datetime": "2024-02-19 18:36:14", "elapsed": 1183.375865, "delta": 2.23627}}
{"target": -0.6524565095567032, "params": {"colsample_bytree": 0.8342962074740661, "learning_rate": 0.2236985833292108, "max_bin_exp": 9.746952332302458, "max_depth": 3.6622210670971547, "n_estimators": 3915.5673267588745, "reg_alpha": 2.7384814301987594, "reg_lambda": 2.926191638508996}, "datetime": {"datetime": "2024-02-19 18:36:19", "elapsed": 1188.013639, "delta": 4.637774}}
{"target": -0.6524367068547883, "params": {"colsample_bytree": 0.7679277546992924, "learning_rate": 0.09010342610061775, "max_bin_exp": 7.614578297075358, "max_depth": 5.863495234824941, "n_estimators": 4484.847204398043, "reg_alpha": 1.7305314263493226, "reg_lambda": 0.8524452721497208}, "datetime": {"datetime": "2024-02-19 18:36:25", "elapsed": 1194.203716, "delta": 6.190077}}
{"target": -0.7603811843176203, "params": {"colsample_bytree": 1.0, "learning_rate": 0.5, "max_bin_exp": 5.962687592075389, "max_depth": 6.0, "n_estimators": 596.1928211015368, "reg_alpha": 2.872755096077013, "reg_lambda": 3.0}, "datetime": {"datetime": "2024-02-19 18:36:28", "elapsed": 1196.951484, "delta": 2.747768}}
{"target": -0.6694329899814068, "params": {"colsample_bytree": 1.0, "learning_rate": 0.5, "max_bin_exp": 7.144748444498277, "max_depth": 5.588881186736456, "n_estimators": 4742.500410807995, "reg_alpha": 3.0, "reg_lambda": 3.0}, "datetime": {"datetime": "2024-02-19 18:36:34", "elapsed": 1202.852267, "delta": 5.900783}}
{"target": -0.6852071515834658, "params": {"colsample_bytree": 0.8643403631647646, "learning_rate": 0.4991765694878728, "max_bin_exp": 9.862961552952818, "max_depth": 4.797305522932145, "n_estimators": 4148.5440282164, "reg_alpha": 1.112491743120849, "reg_lambda": 2.4123102895428774}, "datetime": {"datetime": "2024-02-19 18:36:39", "elapsed": 1208.326496, "delta": 5.474229}}
{"target": -4.28119461202919, "params": {"colsample_bytree": 0.2, "learning_rate": 0.001, "max_bin_exp": 10.0, "max_depth": 3.176407288754377, "n_estimators": 2755.860661701292, "reg_alpha": 3.0, "reg_lambda": 2.4589307513134333}, "datetime": {"datetime": "2024-02-19 18:36:42", "elapsed": 1210.943335, "delta": 2.616839}}
{"target": -0.7689688075827963, "params": {"colsample_bytree": 0.9054110294567099, "learning_rate": 0.27402110030747673, "max_bin_exp": 5.631342110296513, "max_depth": 5.5039120793597185, "n_estimators": 2755.0617533634813, "reg_alpha": 1.0677184173113456, "reg_lambda": 2.794644539829954}, "datetime": {"datetime": "2024-02-19 18:36:45", "elapsed": 1213.976387, "delta": 3.033052}}
{"target": -0.6540257252137035, "params": {"colsample_bytree": 0.8888851307856884, "learning_rate": 0.3018658182919375, "max_bin_exp": 8.23463691805669, "max_depth": 4.7850446662555015, "n_estimators": 2752.82049413366, "reg_alpha": 0.035738979455491426, "reg_lambda": 0.8898156649734307}, "datetime": {"datetime": "2024-02-19 18:36:49", "elapsed": 1218.18175, "delta": 4.205363}}
{"target": -0.6939840525438442, "params": {"colsample_bytree": 0.7519677912567191, "learning_rate": 0.207449515547023, "max_bin_exp": 8.642052049482018, "max_depth": 2.8961412716768287, "n_estimators": 4475.398232239021, "reg_alpha": 0.583336549354851, "reg_lambda": 1.4285902002925503}, "datetime": {"datetime": "2024-02-19 18:36:53", "elapsed": 1222.109192, "delta": 3.927442}}
{"target": -0.9168478232638888, "params": {"colsample_bytree": 1.0, "learning_rate": 0.001, "max_bin_exp": 5.520324054686465, "max_depth": 6.0, "n_estimators": 3898.4626833675684, "reg_alpha": 2.4736822001939394, "reg_lambda": 0.0}, "datetime": {"datetime": "2024-02-19 18:37:00", "elapsed": 1228.886795, "delta": 6.777603}}
{"target": -0.7557853286267068, "params": {"colsample_bytree": 0.48762204901229356, "learning_rate": 0.1337913170087513, "max_bin_exp": 5.226208830159413, "max_depth": 5.8703683097573345, "n_estimators": 1093.832937109018, "reg_alpha": 2.006130013506929, "reg_lambda": 2.2172655915135704}, "datetime": {"datetime": "2024-02-19 18:37:03", "elapsed": 1231.708382, "delta": 2.821587}}
{"target": -0.894266017326628, "params": {"colsample_bytree": 0.35163318283710476, "learning_rate": 0.415970585301607, "max_bin_exp": 5.248926436529144, "max_depth": 5.588359154638852, "n_estimators": 884.5104644889931, "reg_alpha": 2.8843694703247094, "reg_lambda": 0.18932580141828537}, "datetime": {"datetime": "2024-02-19 18:37:05", "elapsed": 1233.759766, "delta": 2.051384}}
{"target": -0.8603421252324625, "params": {"colsample_bytree": 0.2, "learning_rate": 0.5, "max_bin_exp": 6.172266626386069, "max_depth": 3.6794008996398686, "n_estimators": 665.8580243903267, "reg_alpha": 3.0, "reg_lambda": 3.0}, "datetime": {"datetime": "2024-02-19 18:37:07", "elapsed": 1236.233937, "delta": 2.474171}}
{"target": -0.6464364694838013, "params": {"colsample_bytree": 0.4665071713581994, "learning_rate": 0.04077642037144839, "max_bin_exp": 6.915522050286931, "max_depth": 5.87015965513277, "n_estimators": 2758.3764026028407, "reg_alpha": 0.7927817222702752, "reg_lambda": 0.7564103923558448}, "datetime": {"datetime": "2024-02-19 18:37:10", "elapsed": 1239.16786, "delta": 2.933923}}
{"target": -0.7476243095035072, "params": {"colsample_bytree": 0.6873803036182973, "learning_rate": 0.2876507522846856, "max_bin_exp": 5.792221994100565, "max_depth": 4.379259929808663, "n_estimators": 1264.3889550552838, "reg_alpha": 1.0117121895699381, "reg_lambda": 1.5690326832889956}, "datetime": {"datetime": "2024-02-19 18:37:13", "elapsed": 1241.90652, "delta": 2.73866}}
{"target": -0.681282211346516, "params": {"colsample_bytree": 0.31806909147719964, "learning_rate": 0.05526261798515841, "max_bin_exp": 6.616861228284942, "max_depth": 5.846328608339163, "n_estimators": 2750.8061029639307, "reg_alpha": 0.6635499404480518, "reg_lambda": 2.381282330111789}, "datetime": {"datetime": "2024-02-19 18:37:16", "elapsed": 1244.87036, "delta": 2.96384}}
{"target": -0.6229117060057674, "params": {"colsample_bytree": 0.6838356567289172, "learning_rate": 0.03300082129439474, "max_bin_exp": 8.000002133149248, "max_depth": 4.772002344821582, "n_estimators": 4570.8726089004995, "reg_alpha": 2.8380976989212576, "reg_lambda": 2.9433063654237808}, "datetime": {"datetime": "2024-02-19 18:37:21", "elapsed": 1250.067181, "delta": 5.196821}}
{"target": -0.8815725747292844, "params": {"colsample_bytree": 0.20010248070513958, "learning_rate": 0.15304167923641485, "max_bin_exp": 7.3825001200547025, "max_depth": 5.722056799701046, "n_estimators": 1455.4984534502087, "reg_alpha": 1.199864657650159, "reg_lambda": 2.6161582249224264}, "datetime": {"datetime": "2024-02-19 18:37:23", "elapsed": 1252.446438, "delta": 2.379257}}
{"target": -3.105528776559557, "params": {"colsample_bytree": 0.2, "learning_rate": 0.001, "max_bin_exp": 7.404084462360576, "max_depth": 6.0, "n_estimators": 4572.260659307977, "reg_alpha": 0.0, "reg_lambda": 3.0}, "datetime": {"datetime": "2024-02-19 18:37:29", "elapsed": 1258.274804, "delta": 5.828366}}
{"target": -0.8866521846420374, "params": {"colsample_bytree": 0.2797192350142159, "learning_rate": 0.373849218286165, "max_bin_exp": 9.571802083973939, "max_depth": 5.920978543333957, "n_estimators": 2743.7798684442214, "reg_alpha": 2.4553938028066735, "reg_lambda": 2.0709758528591964}, "datetime": {"datetime": "2024-02-19 18:37:32", "elapsed": 1261.408393, "delta": 3.133589}}
{"target": -0.8823037738935969, "params": {"colsample_bytree": 1.0, "learning_rate": 0.001, "max_bin_exp": 7.091788776206789, "max_depth": 6.0, "n_estimators": 4737.394864676879, "reg_alpha": 3.0, "reg_lambda": 3.0}, "datetime": {"datetime": "2024-02-19 18:37:40", "elapsed": 1268.801988, "delta": 7.393595}}
{"target": -2.6351773754354992, "params": {"colsample_bytree": 1.0, "learning_rate": 0.001, "max_bin_exp": 10.0, "max_depth": 5.973130939692978, "n_estimators": 1454.6827807704233, "reg_alpha": 3.0, "reg_lambda": 0.0}, "datetime": {"datetime": "2024-02-19 18:37:42", "elapsed": 1271.533217, "delta": 2.731229}}
{"target": -0.6746925093661723, "params": {"colsample_bytree": 0.8805596195002583, "learning_rate": 0.3335406043651816, "max_bin_exp": 7.894064049577381, "max_depth": 3.1125287037527145, "n_estimators": 885.2234944134879, "reg_alpha": 0.6017405644590018, "reg_lambda": 2.99054557279514}, "datetime": {"datetime": "2024-02-19 18:37:45", "elapsed": 1274.401362, "delta": 2.868145}}
{"target": -0.8879281855608522, "params": {"colsample_bytree": 0.2, "learning_rate": 0.5, "max_bin_exp": 7.9311564369264484, "max_depth": 6.0, "n_estimators": 1451.1000259519276, "reg_alpha": 0.0, "reg_lambda": 3.0}, "datetime": {"datetime": "2024-02-19 18:37:49", "elapsed": 1277.792186, "delta": 3.390824}}
{"target": -3.145072848593456, "params": {"colsample_bytree": 0.2, "learning_rate": 0.001, "max_bin_exp": 8.413394234899696, "max_depth": 5.255288939807288, "n_estimators": 3726.181734595621, "reg_alpha": 0.0, "reg_lambda": 3.0}, "datetime": {"datetime": "2024-02-19 18:37:54", "elapsed": 1283.39368, "delta": 5.601494}}
{"target": -2.25297272452919, "params": {"colsample_bytree": 1.0, "learning_rate": 0.001, "max_bin_exp": 8.625363870793253, "max_depth": 6.0, "n_estimators": 1094.3905527387226, "reg_alpha": 0.5458921256172038, "reg_lambda": 3.0}, "datetime": {"datetime": "2024-02-19 18:37:58", "elapsed": 1286.634762, "delta": 3.241082}}
{"target": -1.4264106544491526, "params": {"colsample_bytree": 1.0, "learning_rate": 0.001, "max_bin_exp": 7.088313005189518, "max_depth": 4.896458841093928, "n_estimators": 4146.364646665443, "reg_alpha": 3.0, "reg_lambda": 3.0}, "datetime": {"datetime": "2024-02-19 18:38:03", "elapsed": 1291.89279, "delta": 5.258028}}
{"target": -0.8571598781897364, "params": {"colsample_bytree": 0.2, "learning_rate": 0.5, "max_bin_exp": 6.062465140827237, "max_depth": 6.0, "n_estimators": 747.2659982506708, "reg_alpha": 3.0, "reg_lambda": 3.0}, "datetime": {"datetime": "2024-02-19 18:38:05", "elapsed": 1294.522323, "delta": 2.629533}}
{"target": -0.6735496174891125, "params": {"colsample_bytree": 0.7043238859032763, "learning_rate": 0.08470034671364941, "max_bin_exp": 6.7834822308272, "max_depth": 5.208602033210063, "n_estimators": 4476.394640953349, "reg_alpha": 0.06065732811042612, "reg_lambda": 0.04245506261440202}, "datetime": {"datetime": "2024-02-19 18:38:11", "elapsed": 1300.220097, "delta": 5.697774}}
{"target": -1.2960227309498589, "params": {"colsample_bytree": 0.3172855658886022, "learning_rate": 0.011030039377707298, "max_bin_exp": 9.511124544114931, "max_depth": 5.198526969149153, "n_estimators": 876.2135233216629, "reg_alpha": 2.716382576924946, "reg_lambda": 0.33905375936918725}, "datetime": {"datetime": "2024-02-19 18:38:15", "elapsed": 1303.658694, "delta": 3.438597}}
{"target": -4.491787072987288, "params": {"colsample_bytree": 0.2, "learning_rate": 0.001, "max_bin_exp": 10.0, "max_depth": 3.8709365902160506, "n_estimators": 754.4930524697786, "reg_alpha": 3.0, "reg_lambda": 0.0}, "datetime": {"datetime": "2024-02-19 18:38:17", "elapsed": 1306.485079, "delta": 2.826385}}
{"target": -0.7980396915423434, "params": {"colsample_bytree": 1.0, "learning_rate": 0.5, "max_bin_exp": 5.555330918151921, "max_depth": 6.0, "n_estimators": 2332.46069298947, "reg_alpha": 1.3762200081817766, "reg_lambda": 0.0}, "datetime": {"datetime": "2024-02-19 18:38:21", "elapsed": 1309.999169, "delta": 3.51409}}
{"target": -0.8634819395384594, "params": {"colsample_bytree": 0.29360031650203855, "learning_rate": 0.35707302059324414, "max_bin_exp": 7.733643423363253, "max_depth": 5.159901843098667, "n_estimators": 3722.8622680480385, "reg_alpha": 2.4982332777108978, "reg_lambda": 0.2052756517314267}, "datetime": {"datetime": "2024-02-19 18:38:26", "elapsed": 1315.543276, "delta": 5.544107}}
{"target": -0.6410806458657015, "params": {"colsample_bytree": 1.0, "learning_rate": 0.5, "max_bin_exp": 7.043203250101549, "max_depth": 6.0, "n_estimators": 4479.029618572425, "reg_alpha": 0.0, "reg_lambda": 1.9112450266040293}, "datetime": {"datetime": "2024-02-19 18:38:34", "elapsed": 1322.953768, "delta": 7.410492}}
{"target": -0.6330186809542726, "params": {"colsample_bytree": 0.6414299161087127, "learning_rate": 0.16154040230218913, "max_bin_exp": 7.514874055766587, "max_depth": 5.654725847808225, "n_estimators": 758.2705645737593, "reg_alpha": 0.4160548994718244, "reg_lambda": 0.11444675117455538}, "datetime": {"datetime": "2024-02-19 18:38:36", "elapsed": 1325.300752, "delta": 2.346984}}
{"target": -0.6289778749401373, "params": {"colsample_bytree": 0.6053260642609124, "learning_rate": 0.07060083878060454, "max_bin_exp": 8.621086272702316, "max_depth": 5.620965125568485, "n_estimators": 3907.936395334023, "reg_alpha": 0.4926860552642759, "reg_lambda": 2.364173477172094}, "datetime": {"datetime": "2024-02-19 18:38:42", "elapsed": 1331.379205, "delta": 6.078453}}
{"target": -0.713845775873205, "params": {"colsample_bytree": 0.5605726756203604, "learning_rate": 0.4520460837976961, "max_bin_exp": 8.279751725036668, "max_depth": 5.123679372666115, "n_estimators": 4139.772551618997, "reg_alpha": 0.044540732528431604, "reg_lambda": 2.7626946387804363}, "datetime": {"datetime": "2024-02-19 18:38:48", "elapsed": 1337.094964, "delta": 5.715759}}
{"target": -0.6716536182122469, "params": {"colsample_bytree": 0.43999597947579006, "learning_rate": 0.3460278180054217, "max_bin_exp": 8.545186752667163, "max_depth": 5.714255704852388, "n_estimators": 759.7810453894773, "reg_alpha": 0.7048409656609218, "reg_lambda": 2.5227921179233}, "datetime": {"datetime": "2024-02-19 18:38:50", "elapsed": 1339.514951, "delta": 2.419987}}
