{"target": 0.3203385595732673, "params": {"u": 2.230428305439692, "v": 7.495290062326765, "x": 5.6297312443245975, "y": 4.038771880533013}, "datetime": {"datetime": "2024-02-27 10:39:28", "elapsed": 349.329637, "delta": 1.77166}}
{"target": 0.34556678004550323, "params": {"u": 7.8547607015854215, "v": 1.4342724226477566, "x": 2.8153324886357667, "y": 2.606676350419286}, "datetime": {"datetime": "2024-02-27 10:39:30", "elapsed": 351.358586, "delta": 2.028949}}
{"target": 0.17713497157374394, "params": {"u": 6.987477611634109, "v": 2.461544876824476, "x": 6.474757121030409, "y": 9.978059804556988}, "datetime": {"datetime": "2024-02-27 10:39:32", "elapsed": 353.631658, "delta": 2.273072}}
{"target": 0.22671174889611231, "params": {"u": 4.221679136215094, "v": 9.172172943846332, "x": 8.012204742325714, "y": 4.218215730860937}, "datetime": {"datetime": "2024-02-27 10:39:35", "elapsed": 356.301772, "delta": 2.670114}}
{"target": 0.17126142165374353, "params": {"u": 3.130334728507762, "v": 1.8082439783714088, "x": 9.956614225482337, "y": 6.09686061087742}, "datetime": {"datetime": "2024-02-27 10:39:39", "elapsed": 360.326948, "delta": 4.025176}}
{"target": 0.17558680941823557, "params": {"u": 8.998103418652658, "v": 8.71262000856525, "x": 2.7366868541311664, "y": 9.868434867531219}, "datetime": {"datetime": "2024-02-27 10:39:40", "elapsed": 362.031654, "delta": 1.704706}}
{"target": 0.1776569256681418, "params": {"u": 0.25731366737878125, "v": 6.623041004006077, "x": 0.07362848126817201, "y": 3.853359659623252}, "datetime": {"datetime": "2024-02-27 10:39:43", "elapsed": 364.710076, "delta": 2.678422}}
{"target": 0.2519670423358369, "params": {"u": 0.769453915592665, "v": 4.880330443343642, "x": 5.081894540862681, "y": 3.6526887516841464}, "datetime": {"datetime": "2024-02-27 10:39:44", "elapsed": 366.05951, "delta": 1.349434}}
{"target": 0.22690375678754102, "params": {"u": 9.955334382421785, "v": 9.908349507767449, "x": 4.458472775764414, "y": 6.420081527822306}, "datetime": {"datetime": "2024-02-27 10:39:46", "elapsed": 367.762688, "delta": 1.703178}}
{"target": 0.23342274611220817, "params": {"u": 6.526117573020299, "v": 3.345923554282848, "x": 0.2092873049162458, "y": 5.060402540386669}, "datetime": {"datetime": "2024-02-27 10:39:48", "elapsed": 369.397086, "delta": 1.634398}}
{"target": 0.11001649028595484, "params": {"u": 2.508825907825356, "v": 9.850356369517382, "x": 9.711416400369322, "y": 0.20020197694685438}, "datetime": {"datetime": "2024-02-27 10:39:50", "elapsed": 371.323394, "delta": 1.926308}}
{"target": 2.6357026783486477, "params": {"u": 4.394357670331482, "v": 4.432296602434496, "x": 4.55468321945192, "y": 4.276705741824653}, "datetime": {"datetime": "2024-02-27 10:39:51", "elapsed": 372.828342, "delta": 1.504948}}
{"target": 4.261485896836403, "params": {"u": 4.764841411933424, "v": 4.007779980023383, "x": 3.6900683170881354, "y": 4.260490399767477}, "datetime": {"datetime": "2024-02-27 10:39:53", "elapsed": 374.665143, "delta": 1.836801}}
{"target": 0.24344125455060195, "params": {"u": 1.419931813801495, "v": 3.1055731532703734, "x": 1.0053587112954887, "y": 4.978081066223269}, "datetime": {"datetime": "2024-02-27 10:39:54", "elapsed": 375.549115, "delta": 0.883972}}
{"target": 0.1513575052330141, "params": {"u": 1.571216265523916, "v": 1.0461135694622825, "x": 9.853317532051054, "y": 3.122289729418226}, "datetime": {"datetime": "2024-02-27 10:39:55", "elapsed": 376.938862, "delta": 1.389747}}
{"target": 8.39161467887238, "params": {"u": 4.702245614685693, "v": 4.53447640097587, "x": 4.078253125642819, "y": 4.14531856443509}, "datetime": {"datetime": "2024-02-27 10:39:59", "elapsed": 380.516017, "delta": 3.577155}}
{"target": 0.18961618437818326, "params": {"u": 0.13617839004066434, "v": 2.034066270977978, "x": 3.1580685341792103, "y": 6.7341187359969545}, "datetime": {"datetime": "2024-02-27 10:40:00", "elapsed": 382.170579, "delta": 1.654562}}
{"target": 0.2657429404886007, "params": {"u": 0.13626671350397523, "v": 1.8696081840616907, "x": 3.2156420092155136, "y": 0.03182525140933423}, "datetime": {"datetime": "2024-02-27 10:40:05", "elapsed": 386.50179, "delta": 4.331211}}
{"target": 0.2798430253911852, "params": {"u": 9.934561525424787, "v": 6.5430806067896885, "x": 3.9429716638480015, "y": 3.043735899027787}, "datetime": {"datetime": "2024-02-27 10:40:08", "elapsed": 389.906902, "delta": 3.405112}}
{"target": 0.3896248954068228, "params": {"u": 5.4903826863579805, "v": 4.069930247491916, "x": 6.826080975649854, "y": 0.02014425982718504}, "datetime": {"datetime": "2024-02-27 10:40:10", "elapsed": 392.097011, "delta": 2.190109}}
{"target": 6.619756306413711, "params": {"u": 4.132025913656522, "v": 4.754832772047558, "x": 4.253568739870368, "y": 4.031368128304012}, "datetime": {"datetime": "2024-02-27 10:40:12", "elapsed": 393.575263, "delta": 1.478252}}
{"target": 0.1548441188387272, "params": {"u": 0.40365499680475425, "v": 2.257966272901969, "x": 7.639293137938904, "y": 6.926702043010965}, "datetime": {"datetime": "2024-02-27 10:40:14", "elapsed": 396.077874, "delta": 2.502611}}
{"target": 0.10661816820314765, "params": {"u": 0.23864990838373457, "v": 0.13569082571858626, "x": 7.077699357860022, "y": 9.222346563890413}, "datetime": {"datetime": "2024-02-27 10:40:17", "elapsed": 398.400049, "delta": 2.322175}}
{"target": 0.1730785572087578, "params": {"u": 7.600944022345132, "v": 9.678420113356395, "x": 9.814922926778069, "y": 2.980714252607408}, "datetime": {"datetime": "2024-02-27 10:40:24", "elapsed": 405.773296, "delta": 7.373247}}
{"target": 0.16757117880234607, "params": {"u": 1.3199124542638019, "v": 7.224934752869224, "x": 2.692780920241394, "y": 0.2536647383516599}, "datetime": {"datetime": "2024-02-27 10:40:28", "elapsed": 409.64736, "delta": 3.874064}}
{"target": 0.13468947896002878, "params": {"u": 0.0013065076184204383, "v": 7.236941589600489, "x": 9.638431459531718, "y": 3.9330444950903853}, "datetime": {"datetime": "2024-02-27 10:40:31", "elapsed": 412.268132, "delta": 2.620772}}
{"target": 0.21577667656307312, "params": {"u": 0.9866876280369441, "v": 0.99800134708524, "x": 3.1214260678017904, "y": 3.529684337061476}, "datetime": {"datetime": "2024-02-27 10:40:32", "elapsed": 413.478583, "delta": 1.210451}}
{"target": 0.21100013208148943, "params": {"u": 2.1425633235909993, "v": 8.343735047204879, "x": 3.8547889556271118, "y": 1.720648631969658}, "datetime": {"datetime": "2024-02-27 10:40:33", "elapsed": 414.960778, "delta": 1.482195}}
{"target": 0.1432125097993306, "params": {"u": 9.947614795720881, "v": 0.06037962029473931, "x": 0.6700464360767455, "y": 1.7141570391634897}, "datetime": {"datetime": "2024-02-27 10:40:36", "elapsed": 417.642346, "delta": 2.681568}}
{"target": 0.2715155911508732, "params": {"u": 8.78296010302069, "v": 2.4002753638021046, "x": 3.20915105884319, "y": 6.096501760640466}, "datetime": {"datetime": "2024-02-27 10:40:38", "elapsed": 419.872774, "delta": 2.230428}}
{"target": 1.540907004397852, "params": {"u": 5.077483169923056, "v": 4.555622473635241, "x": 4.151643008454812, "y": 4.116892556477911}, "datetime": {"datetime": "2024-02-27 10:40:42", "elapsed": 423.297338, "delta": 3.424564}}
{"target": 0.31788424778258983, "params": {"u": 2.227226124332049, "v": 2.851967302301517, "x": 7.060235055546054, "y": 2.9341693286036463}, "datetime": {"datetime": "2024-02-27 10:40:44", "elapsed": 425.453297, "delta": 2.155959}}
{"target": 0.2714224607301633, "params": {"u": 8.090256438319667, "v": 8.89792904676637, "x": 3.41976906067499, "y": 5.721824370515167}, "datetime": {"datetime": "2024-02-27 10:40:45", "elapsed": 427.068263, "delta": 1.614966}}
{"target": 0.3809006326034364, "params": {"u": 5.023209144693527, "v": 0.535601845437147, "x": 3.8169064648034845, "y": 3.416897117446749}, "datetime": {"datetime": "2024-02-27 10:40:47", "elapsed": 428.80237, "delta": 1.734107}}
{"target": 5.7613010991239, "params": {"u": 4.45411235252604, "v": 4.770092264700411, "x": 3.983428240890313, "y": 3.696607280376958}, "datetime": {"datetime": "2024-02-27 10:40:50", "elapsed": 431.660231, "delta": 2.857861}}
{"target": 1.2208872559376247, "params": {"u": 4.227668005153645, "v": 5.035037600308288, "x": 4.374911871907875, "y": 3.6795821194301004}, "datetime": {"datetime": "2024-02-27 10:40:56", "elapsed": 437.20586, "delta": 5.545629}}
{"target": 0.164020529033012, "params": {"u": 9.98882066164767, "v": 6.758970976404245, "x": 2.3211549747960003, "y": 0.0274754428773627}, "datetime": {"datetime": "2024-02-27 10:40:59", "elapsed": 441.018131, "delta": 3.812271}}
{"target": 0.1089195343428873, "params": {"u": 0.10104015471587124, "v": 0.07841504077252814, "x": 8.643814125948118, "y": 7.9155554334699305}, "datetime": {"datetime": "2024-02-27 10:41:02", "elapsed": 443.385006, "delta": 2.366875}}
{"target": 0.45930905778876147, "params": {"u": 6.836193336030288, "v": 6.098374479894954, "x": 6.635969667734992, "y": 2.225256274506143}, "datetime": {"datetime": "2024-02-27 10:41:03", "elapsed": 445.162886, "delta": 1.77788}}
{"target": 0.5999914693172498, "params": {"u": 6.10574171404866, "v": 5.909794826254744, "x": 8.006436490174542, "y": 3.7025579814645537}, "datetime": {"datetime": "2024-02-27 10:41:07", "elapsed": 448.202131, "delta": 3.039245}}
{"target": 0.2783241317833248, "params": {"u": 3.38364500224813, "v": 9.903718126752114, "x": 6.231439973547116, "y": 7.304381462523752}, "datetime": {"datetime": "2024-02-27 10:41:10", "elapsed": 451.798663, "delta": 3.596532}}
{"target": 0.19189451098681465, "params": {"u": 4.784533628341721, "v": 1.2096780630949588, "x": 0.1359531350064691, "y": 5.892126988334896}, "datetime": {"datetime": "2024-02-27 10:41:16", "elapsed": 457.655307, "delta": 5.856644}}
{"target": 0.4297347410933008, "params": {"u": 5.985220873606014, "v": 4.1921876939828175, "x": 1.6360221572014855, "y": 4.452810987538491}, "datetime": {"datetime": "2024-02-27 10:41:18", "elapsed": 459.954878, "delta": 2.299571}}
{"target": 0.3101238383568492, "params": {"u": 9.560221242066863, "v": 1.1185554442277967, "x": 5.198727965307631, "y": 0.2069492612550794}, "datetime": {"datetime": "2024-02-27 10:41:24", "elapsed": 466.163843, "delta": 6.208965}}
{"target": 0.2685274243594286, "params": {"u": 4.739544042421273, "v": 4.759957309804335, "x": 0.25117898647561754, "y": 5.576381340528169}, "datetime": {"datetime": "2024-02-27 10:41:26", "elapsed": 468.134054, "delta": 1.970211}}
{"target": 0.2201162689611213, "params": {"u": 0.1920741929285008, "v": 6.369150332211068, "x": 6.1005894249481525, "y": 6.525845435850449}, "datetime": {"datetime": "2024-02-27 10:41:31", "elapsed": 472.973496, "delta": 4.839442}}
{"target": 0.806172646519467, "params": {"u": 8.851135950678612, "v": 2.3886351352981428, "x": 7.2306921882185895, "y": 0.9881112910049239}, "datetime": {"datetime": "2024-02-27 10:41:33", "elapsed": 475.087909, "delta": 2.114413}}
{"target": 0.2436267675548303, "params": {"u": 1.6518812679927353, "v": 6.802891254180272, "x": 0.4376552144222601, "y": 8.361563331821783}, "datetime": {"datetime": "2024-02-27 10:41:35", "elapsed": 477.03798, "delta": 1.950071}}
{"target": 8.502435291697005, "params": {"u": 4.58055272326677, "v": 4.7004500314054525, "x": 4.021597524486533, "y": 4.157691992411196}, "datetime": {"datetime": "2024-02-27 10:41:38", "elapsed": 480.078176, "delta": 3.040196}}
{"target": 0.2540190748372624, "params": {"u": 7.152846969360944, "v": 5.435919925549686, "x": 7.347502278671737, "y": 9.74222088423805}, "datetime": {"datetime": "2024-02-27 10:41:41", "elapsed": 483.18212, "delta": 3.103944}}
{"target": 0.45272665273290036, "params": {"u": 2.9765418720141126, "v": 7.080105059362891, "x": 1.2190152594181425, "y": 8.123711225583207}, "datetime": {"datetime": "2024-02-27 10:41:44", "elapsed": 485.819532, "delta": 2.637412}}
{"target": 0.2727699560988949, "params": {"u": 7.975492658356607, "v": 5.461682740470897, "x": 1.4474362464489898, "y": 2.5954001414203276}, "datetime": {"datetime": "2024-02-27 10:41:48", "elapsed": 489.519898, "delta": 3.700366}}
{"target": 7.8983014217238745, "params": {"u": 4.77454649487146, "v": 4.585770865558012, "x": 4.091299758471354, "y": 4.1655879455157105}, "datetime": {"datetime": "2024-02-27 10:41:53", "elapsed": 494.794401, "delta": 5.274503}}
{"target": 0.8718834989629497, "params": {"u": 4.947199089659278, "v": 4.7692244524006675, "x": 5.457174068931088, "y": 4.829875244080019}, "datetime": {"datetime": "2024-02-27 10:41:56", "elapsed": 497.894797, "delta": 3.100396}}
{"target": 0.17958589635912459, "params": {"u": 7.348816014776988, "v": 0.02576870029059819, "x": 6.787983956014124, "y": 8.161600461514487}, "datetime": {"datetime": "2024-02-27 10:41:58", "elapsed": 500.177575, "delta": 2.282778}}
{"target": 0.4223122232327771, "params": {"u": 8.658970638079712, "v": 7.425589561376809, "x": 5.63031213521982, "y": 4.72690513809471}, "datetime": {"datetime": "2024-02-27 10:42:01", "elapsed": 502.311951, "delta": 2.134376}}
{"target": 6.451084174510397, "params": {"u": 4.371846945426572, "v": 4.217548560454357, "x": 4.125171269722387, "y": 4.230659108892319}, "datetime": {"datetime": "2024-02-27 10:42:04", "elapsed": 505.318087, "delta": 3.006136}}
{"target": 0.14914363357728305, "params": {"u": 0.06190125797568835, "v": 4.386667930191179, "x": 9.621823308573079, "y": 4.373049311561525}, "datetime": {"datetime": "2024-02-27 10:42:06", "elapsed": 508.182968, "delta": 2.864881}}
{"target": 0.10236076073844541, "params": {"u": 0.2789643485320392, "v": 0.09905083891841748, "x": 2.3000841075139347, "y": 9.887234222452761}, "datetime": {"datetime": "2024-02-27 10:42:10", "elapsed": 512.187266, "delta": 4.004298}}
{"target": 0.18391744978163707, "params": {"u": 1.27684996779447, "v": 7.363678012325508, "x": 8.631295724838012, "y": 5.075822031479537}, "datetime": {"datetime": "2024-02-27 10:42:13", "elapsed": 514.671778, "delta": 2.484512}}
{"target": 5.859768020666676, "params": {"u": 4.2045026957949645, "v": 4.501548910758547, "x": 4.073142218187239, "y": 4.286057516035905}, "datetime": {"datetime": "2024-02-27 10:42:17", "elapsed": 518.397118, "delta": 3.72534}}
{"target": 0.49129942835256935, "params": {"u": 9.180683463739966, "v": 3.8745586084079298, "x": 6.406492182018014, "y": 4.028793478103658}, "datetime": {"datetime": "2024-02-27 10:42:20", "elapsed": 522.049566, "delta": 3.652448}}
{"target": 0.2775636379213806, "params": {"u": 9.299625167280725, "v": 5.539879700248219, "x": 9.465426089194908, "y": 4.900652759990659}, "datetime": {"datetime": "2024-02-27 10:42:21", "elapsed": 523.146571, "delta": 1.097005}}
{"target": 0.3937764122457869, "params": {"u": 3.963242564589491, "v": 5.390957922361933, "x": 2.634308483129588, "y": 2.0147217046796726}, "datetime": {"datetime": "2024-02-27 10:42:23", "elapsed": 525.013248, "delta": 1.866677}}
{"target": 0.2071134576237349, "params": {"u": 2.556305648737153, "v": 8.50078352649601, "x": 5.149436516293285, "y": 1.613147271787716}, "datetime": {"datetime": "2024-02-27 10:42:25", "elapsed": 526.368114, "delta": 1.354866}}
{"target": 0.5984963008830926, "params": {"u": 9.668927683617735, "v": 7.713230169003371, "x": 7.646133036976618, "y": 7.686130290889852}, "datetime": {"datetime": "2024-02-27 10:42:28", "elapsed": 529.496571, "delta": 3.128457}}
{"target": 0.15322881650271958, "params": {"u": 0.30960705206135253, "v": 3.752021819451338, "x": 5.891563040066046, "y": 9.009546506222165}, "datetime": {"datetime": "2024-02-27 10:42:29", "elapsed": 530.952613, "delta": 1.456042}}
{"target": 0.1872309291292183, "params": {"u": 4.094104021378655, "v": 8.24883448374462, "x": 9.8742051477421, "y": 8.321047520037329}, "datetime": {"datetime": "2024-02-27 10:42:34", "elapsed": 535.513901, "delta": 4.561288}}
{"target": 1.3337707372391692, "params": {"u": 4.432378803539111, "v": 5.092268909079365, "x": 4.201231705305038, "y": 3.9017092350899327}, "datetime": {"datetime": "2024-02-27 10:42:36", "elapsed": 537.48774, "delta": 1.973839}}
{"target": 0.5355940167064657, "params": {"u": 8.017475761849486, "v": 0.19951818042226788, "x": 6.635535095355996, "y": 0.9418363172412902}, "datetime": {"datetime": "2024-02-27 10:42:38", "elapsed": 539.318557, "delta": 1.830817}}
{"target": 0.22419002373326158, "params": {"u": 1.3262223414065477, "v": 2.402166710732845, "x": 1.4268700047143867, "y": 5.609193787285297}, "datetime": {"datetime": "2024-02-27 10:42:40", "elapsed": 541.899235, "delta": 2.580678}}
{"target": 0.3133445420474367, "params": {"u": 5.423303701725288, "v": 9.794205681855455, "x": 1.8537981003925919, "y": 7.026293152362401}, "datetime": {"datetime": "2024-02-27 10:42:46", "elapsed": 547.661526, "delta": 5.762291}}
{"target": 0.398560148931977, "params": {"u": 4.425776740232291, "v": 9.384735260055928, "x": 2.3528009099798797, "y": 6.440396015486785}, "datetime": {"datetime": "2024-02-27 10:42:49", "elapsed": 550.457241, "delta": 2.795715}}
{"target": 0.1604701451714202, "params": {"u": 0.033932103497766875, "v": 1.6838074504132439, "x": 6.519452370311589, "y": 0.001602572464791674}, "datetime": {"datetime": "2024-02-27 10:42:51", "elapsed": 552.739913, "delta": 2.282672}}
{"target": 0.11766270693383453, "params": {"u": 9.376556464422206, "v": 9.790785244860595, "x": 0.04982821924427572, "y": 2.7450285755021273}, "datetime": {"datetime": "2024-02-27 10:42:56", "elapsed": 557.245653, "delta": 4.50574}}
{"target": 0.28020393209448535, "params": {"u": 8.851712046678688, "v": 1.6580517391333804, "x": 5.833120254876133, "y": 6.371837454947276}, "datetime": {"datetime": "2024-02-27 10:42:57", "elapsed": 558.704073, "delta": 1.45842}}
{"target": 9.082516641228, "params": {"u": 4.131154674558672, "v": 4.424500466575677, "x": 3.9626072323510577, "y": 3.874718620974554}, "datetime": {"datetime": "2024-02-27 10:42:59", "elapsed": 560.872863, "delta": 2.16879}}
{"target": 0.14895875942222422, "params": {"u": 7.935925357944772, "v": 8.096285929772735, "x": 0.1755676885403168, "y": 9.796384080747062}, "datetime": {"datetime": "2024-02-27 10:43:05", "elapsed": 566.705763, "delta": 5.8329}}
{"target": 0.20591461179023315, "params": {"u": 3.5490400058699025, "v": 9.522890793088582, "x": 8.051537964486297, "y": 7.762402843067337}, "datetime": {"datetime": "2024-02-27 10:43:08", "elapsed": 569.374097, "delta": 2.668334}}
{"target": 0.18851999255746735, "params": {"u": 4.8654893381884285, "v": 5.8612867490088085, "x": 0.06522251844620186, "y": 0.2748809396536478}, "datetime": {"datetime": "2024-02-27 10:43:12", "elapsed": 573.61263, "delta": 4.238533}}
{"target": 0.36320529577508404, "params": {"u": 1.5715592788638433, "v": 7.362854726641304, "x": 3.72422045542275, "y": 5.544304358690041}, "datetime": {"datetime": "2024-02-27 10:43:14", "elapsed": 575.283154, "delta": 1.670524}}
{"target": 0.17962556433619092, "params": {"u": 2.8730158418940754, "v": 5.990489860705158, "x": 8.574387001359447, "y": 0.0}, "datetime": {"datetime": "2024-02-27 10:43:21", "elapsed": 582.601263, "delta": 7.318109}}
{"target": 0.10701232834179793, "params": {"u": 0.1618714851713965, "v": 9.884769450529355, "x": 8.111678169427366, "y": 0.47263020863619887}, "datetime": {"datetime": "2024-02-27 10:43:25", "elapsed": 586.734946, "delta": 4.133683}}
{"target": 0.32619365843784903, "params": {"u": 6.089856404327821, "v": 4.168816801274843, "x": 3.345203516095905, "y": 0.008431060468814255}, "datetime": {"datetime": "2024-02-27 10:43:31", "elapsed": 592.228081, "delta": 5.493135}}
{"target": 1.2759129925588397, "params": {"u": 3.8678927493312343, "v": 4.463868347983523, "x": 3.9019731627435963, "y": 3.823336652700966}, "datetime": {"datetime": "2024-02-27 10:43:35", "elapsed": 596.672823, "delta": 4.444742}}
{"target": 0.1918290364716197, "params": {"u": 6.6396844423792265, "v": 3.0660745909502443, "x": 3.553245673714222, "y": 9.969409376178852}, "datetime": {"datetime": "2024-02-27 10:43:38", "elapsed": 599.635187, "delta": 2.962364}}
{"target": 1.1049456004486529, "params": {"u": 3.985181949602784, "v": 4.821052000113633, "x": 3.5826407095735724, "y": 4.297781948943218}, "datetime": {"datetime": "2024-02-27 10:43:41", "elapsed": 602.655674, "delta": 3.020487}}
{"target": 0.5147074958548542, "params": {"u": 7.012015192061044, "v": 5.025318125965896, "x": 3.792790716551533, "y": 3.8068339053845923}, "datetime": {"datetime": "2024-02-27 10:43:44", "elapsed": 606.052935, "delta": 3.397261}}
{"target": 7.265412369863898, "params": {"u": 4.780217086384182, "v": 4.195869579903825, "x": 4.16186492214722, "y": 3.847269711948832}, "datetime": {"datetime": "2024-02-27 10:43:46", "elapsed": 607.814015, "delta": 1.76108}}
{"target": 0.6577983307698793, "params": {"u": 4.846519336586892, "v": 5.090255213791346, "x": 2.594134517551886, "y": 3.7654535627434047}, "datetime": {"datetime": "2024-02-27 10:43:49", "elapsed": 610.483835, "delta": 2.66982}}
{"target": 0.18247954535121463, "params": {"u": 2.0974843875131475, "v": 1.5225434510152236, "x": 2.03216850348925, "y": 7.582836404279375}, "datetime": {"datetime": "2024-02-27 10:43:52", "elapsed": 613.272869, "delta": 2.789034}}
{"target": 0.1301017096675314, "params": {"u": 0.16928132975672971, "v": 9.92307780851187, "x": 6.887247322034671, "y": 1.7589574308885925}, "datetime": {"datetime": "2024-02-27 10:43:53", "elapsed": 615.136737, "delta": 1.863868}}
{"target": 0.2677186497583987, "params": {"u": 5.71436954206326, "v": 5.267050829298575, "x": 8.965107550605024, "y": 0.5842673877196947}, "datetime": {"datetime": "2024-02-27 10:43:54", "elapsed": 616.197992, "delta": 1.061255}}
{"target": 0.1506774820643556, "params": {"u": 0.3258147275612866, "v": 1.0381401790768685, "x": 2.1056333916216365, "y": 7.385730404644519}, "datetime": {"datetime": "2024-02-27 10:43:56", "elapsed": 617.384383, "delta": 1.186391}}
{"target": 0.17206459872275345, "params": {"u": 8.787750759036758, "v": 7.6185073713052756, "x": 0.09133362473376483, "y": 5.135344327512654}, "datetime": {"datetime": "2024-02-27 10:43:59", "elapsed": 620.306234, "delta": 2.921851}}
