{"target": -0.8054122425935736, "params": {"colsample_bytree": 0.5627519201219411, "learning_rate": 0.31885191893749043, "max_bin_exp": 5.264819288855932, "max_depth": 2.3525802834247207, "n_estimators": 4401.1974653656725, "reg_alpha": 1.6537612203892897, "reg_lambda": 1.3948373809475614}, "datetime": {"datetime": "2024-02-19 17:35:57", "elapsed": 0.0, "delta": 0.0}}
{"target": -0.886055929666902, "params": {"colsample_bytree": 0.7243601224687293, "learning_rate": 0.4267312919545177, "max_bin_exp": 8.138879963114418, "max_depth": 1.1587239805595664, "n_estimators": 4299.474109075794, "reg_alpha": 0.5617792571324565, "reg_lambda": 0.7813239526323768}, "datetime": {"datetime": "2024-02-19 17:35:59", "elapsed": 1.597608, "delta": 1.597608}}
{"target": -0.7976768853815398, "params": {"colsample_bytree": 0.33310543722117136, "learning_rate": 0.4984027742543539, "max_bin_exp": 9.302311253007952, "max_depth": 5.78116141594817, "n_estimators": 3021.2124835620807, "reg_alpha": 0.5799022765114021, "reg_lambda": 1.5165571551684445}, "datetime": {"datetime": "2024-02-19 17:36:00", "elapsed": 3.493083, "delta": 1.895475}}
{"target": -0.7490773499757237, "params": {"colsample_bytree": 0.7377292332847629, "learning_rate": 0.3837895965967947, "max_bin_exp": 6.076735654540527, "max_depth": 3.076537567814069, "n_estimators": 4400.39150015157, "reg_alpha": 1.7359215819329654, "reg_lambda": 1.503175553684944}, "datetime": {"datetime": "2024-02-19 17:36:03", "elapsed": 6.079151, "delta": 2.586068}}
{"target": -0.6892568272569444, "params": {"colsample_bytree": 0.7437280447405761, "learning_rate": 0.1640388710920788, "max_bin_exp": 6.9275456438636285, "max_depth": 2.3867836221912877, "n_estimators": 4399.714188003681, "reg_alpha": 1.516204831444997, "reg_lambda": 1.34631887866778}, "datetime": {"datetime": "2024-02-19 17:36:05", "elapsed": 7.980208, "delta": 1.901057}}
{"target": -0.7113505350797434, "params": {"colsample_bytree": 0.9470060474540634, "learning_rate": 0.30033076238038636, "max_bin_exp": 8.387101041283843, "max_depth": 2.1841453289415513, "n_estimators": 4397.669854531528, "reg_alpha": 2.428199277027672, "reg_lambda": 1.5609940463857126}, "datetime": {"datetime": "2024-02-19 17:36:07", "elapsed": 10.193575, "delta": 2.213367}}
{"target": -0.6844763845927494, "params": {"colsample_bytree": 0.8596629614655573, "learning_rate": 0.35714837966763957, "max_bin_exp": 9.547379661893086, "max_depth": 3.807791115789299, "n_estimators": 4399.1864045148195, "reg_alpha": 0.7086861068972956, "reg_lambda": 1.2574922703825258}, "datetime": {"datetime": "2024-02-19 17:36:10", "elapsed": 13.434512, "delta": 3.240937}}
{"target": -1.295645784180791, "params": {"colsample_bytree": 0.5698773571010958, "learning_rate": 0.25986286443941664, "max_bin_exp": 9.726349987467344, "max_depth": 1.184567244471715, "n_estimators": 4401.792320589551, "reg_alpha": 1.870072137334637, "reg_lambda": 2.9429109291332702}, "datetime": {"datetime": "2024-02-19 17:36:12", "elapsed": 15.03548, "delta": 1.600968}}
{"target": -0.6436970057258563, "params": {"colsample_bytree": 0.7547327190757953, "learning_rate": 0.09612085026638878, "max_bin_exp": 7.68935098276456, "max_depth": 5.947837899914383, "n_estimators": 4397.099911557921, "reg_alpha": 1.9151247407526648, "reg_lambda": 2.0074721613919895}, "datetime": {"datetime": "2024-02-19 17:36:16", "elapsed": 19.475559, "delta": 4.440079}}
{"target": -0.7789905295057967, "params": {"colsample_bytree": 0.5910341071810279, "learning_rate": 0.49335011628026787, "max_bin_exp": 6.8541358207366985, "max_depth": 4.245873054140636, "n_estimators": 4396.671016486575, "reg_alpha": 1.092082527195771, "reg_lambda": 0.03988012994461421}, "datetime": {"datetime": "2024-02-19 17:36:20", "elapsed": 23.013609, "delta": 3.53805}}
{"target": -0.7177365162350295, "params": {"colsample_bytree": 0.3890073442563132, "learning_rate": 0.06133431764044162, "max_bin_exp": 6.84384009999553, "max_depth": 5.558501088326256, "n_estimators": 4393.6666918357605, "reg_alpha": 1.0836107621255153, "reg_lambda": 2.9332430785050954}, "datetime": {"datetime": "2024-02-19 17:36:24", "elapsed": 27.10973, "delta": 4.096121}}
{"target": -0.750720080008423, "params": {"colsample_bytree": 0.8989230152493426, "learning_rate": 0.4751347441469582, "max_bin_exp": 7.166086881264063, "max_depth": 3.7238116716011036, "n_estimators": 4397.842839293485, "reg_alpha": 0.04391348205143508, "reg_lambda": 2.4702942709849665}, "datetime": {"datetime": "2024-02-19 17:36:27", "elapsed": 29.737688, "delta": 2.627958}}
{"target": -0.6445247696911598, "params": {"colsample_bytree": 0.7204138052054927, "learning_rate": 0.03284883041106327, "max_bin_exp": 8.107628833014928, "max_depth": 3.8163117684284513, "n_estimators": 4389.909462478132, "reg_alpha": 0.9170052223605513, "reg_lambda": 1.6943272118851915}, "datetime": {"datetime": "2024-02-19 17:36:30", "elapsed": 32.862245, "delta": 3.124557}}
{"target": -0.6289094344599664, "params": {"colsample_bytree": 0.7435591415571092, "learning_rate": 0.019119158478322865, "max_bin_exp": 7.122880634673249, "max_depth": 4.297411969620361, "n_estimators": 4387.863226473185, "reg_alpha": 2.8225530993399066, "reg_lambda": 2.963974742520249}, "datetime": {"datetime": "2024-02-19 17:36:33", "elapsed": 36.358294, "delta": 3.496049}}
{"target": -1.929159336620174, "params": {"colsample_bytree": 0.3578796710107282, "learning_rate": 0.37223239584631435, "max_bin_exp": 5.632930348579896, "max_depth": 1.6768149815258406, "n_estimators": 4388.081562517987, "reg_alpha": 0.632862587526595, "reg_lambda": 2.267592378916127}, "datetime": {"datetime": "2024-02-19 17:36:35", "elapsed": 37.689291, "delta": 1.330997}}
{"target": -0.7188690655120793, "params": {"colsample_bytree": 0.5272667727548376, "learning_rate": 0.4728903356293319, "max_bin_exp": 9.283241548947965, "max_depth": 3.733175945097196, "n_estimators": 4390.914039478614, "reg_alpha": 2.84931751672442, "reg_lambda": 2.755181551218126}, "datetime": {"datetime": "2024-02-19 17:36:38", "elapsed": 41.022532, "delta": 3.333241}}
{"target": -0.6713295862906073, "params": {"colsample_bytree": 0.5053672347493425, "learning_rate": 0.19632756423863937, "max_bin_exp": 8.317543484509645, "max_depth": 5.643941914371076, "n_estimators": 4389.197890762923, "reg_alpha": 2.082812616386945, "reg_lambda": 2.415256697159259}, "datetime": {"datetime": "2024-02-19 17:36:42", "elapsed": 45.50275, "delta": 4.480218}}
{"target": -0.639748353777145, "params": {"colsample_bytree": 0.8619787908051428, "learning_rate": 0.03406864885835803, "max_bin_exp": 7.964381969279646, "max_depth": 4.555855870987733, "n_estimators": 4392.20123939233, "reg_alpha": 1.4785199597061336, "reg_lambda": 0.32023719476394086}, "datetime": {"datetime": "2024-02-19 17:36:46", "elapsed": 49.236056, "delta": 3.733306}}
{"target": -0.7021006105512888, "params": {"colsample_bytree": 0.50205834453774, "learning_rate": 0.22572597525591567, "max_bin_exp": 9.633669466574611, "max_depth": 2.7230376459497316, "n_estimators": 4393.6200948027845, "reg_alpha": 1.111759232473935, "reg_lambda": 2.9191036619864983}, "datetime": {"datetime": "2024-02-19 17:36:49", "elapsed": 51.822602, "delta": 2.586546}}
{"target": -1.57291149922298, "params": {"colsample_bytree": 0.8972656002357149, "learning_rate": 0.14185230730451678, "max_bin_exp": 4.657764056235408, "max_depth": 2.686300112937902, "n_estimators": 3017.2649569065275, "reg_alpha": 2.666000364638276, "reg_lambda": 1.8033499881412012}, "datetime": {"datetime": "2024-02-19 17:36:50", "elapsed": 52.684104, "delta": 0.861502}}
{"target": -0.6847837099414429, "params": {"colsample_bytree": 0.6673085617682486, "learning_rate": 0.3235391360218274, "max_bin_exp": 7.728412704487223, "max_depth": 5.795308910337544, "n_estimators": 4382.841447159137, "reg_alpha": 2.9337021364598947, "reg_lambda": 2.508976810482526}, "datetime": {"datetime": "2024-02-19 17:36:54", "elapsed": 57.215013, "delta": 4.530909}}
{"target": -0.6626061180276012, "params": {"colsample_bytree": 0.9153153734986104, "learning_rate": 0.46123893160632423, "max_bin_exp": 9.577570513591231, "max_depth": 5.513194921094602, "n_estimators": 4377.281124937245, "reg_alpha": 1.661975579314, "reg_lambda": 0.9476813972660103}, "datetime": {"datetime": "2024-02-19 17:36:59", "elapsed": 62.549896, "delta": 5.334883}}
{"target": -0.8689560346528422, "params": {"colsample_bytree": 0.5976167838603557, "learning_rate": 0.4631468514550479, "max_bin_exp": 5.760168026983759, "max_depth": 5.180624617410594, "n_estimators": 4377.271714710321, "reg_alpha": 1.8605776176712299, "reg_lambda": 2.208403057967927}, "datetime": {"datetime": "2024-02-19 17:37:04", "elapsed": 66.872767, "delta": 4.322871}}
{"target": -0.6470538624381372, "params": {"colsample_bytree": 0.8497856626612423, "learning_rate": 0.18884987174836154, "max_bin_exp": 9.814779279397882, "max_depth": 4.974042235665772, "n_estimators": 4386.37278589951, "reg_alpha": 1.2249859994001824, "reg_lambda": 0.00016146382366566403}, "datetime": {"datetime": "2024-02-19 17:37:08", "elapsed": 71.227353, "delta": 4.354586}}
{"target": -2.7642171344573923, "params": {"colsample_bytree": 0.5553426205581162, "learning_rate": 0.03801216028391903, "max_bin_exp": 9.497157263967935, "max_depth": 1.73218481413735, "n_estimators": 4381.552920029953, "reg_alpha": 2.8447933890323536, "reg_lambda": 2.1347500844878184}, "datetime": {"datetime": "2024-02-19 17:37:10", "elapsed": 72.902188, "delta": 1.674835}}
{"target": -0.8839611276612822, "params": {"colsample_bytree": 0.36572964701230276, "learning_rate": 0.4139168613081739, "max_bin_exp": 7.500975971583921, "max_depth": 5.976690119263839, "n_estimators": 4371.285371477756, "reg_alpha": 0.6368059558542756, "reg_lambda": 0.09993091061675552}, "datetime": {"datetime": "2024-02-19 17:37:14", "elapsed": 77.365564, "delta": 4.463376}}
{"target": -0.9781002778329508, "params": {"colsample_bytree": 0.2, "learning_rate": 0.5, "max_bin_exp": 10.0, "max_depth": 6.0, "n_estimators": 3027.7314437873597, "reg_alpha": 0.0, "reg_lambda": 0.9920041428332894}, "datetime": {"datetime": "2024-02-19 17:37:17", "elapsed": 79.722345, "delta": 2.356781}}
{"target": -0.7947784524678893, "params": {"colsample_bytree": 0.36477491254459055, "learning_rate": 0.3466463768487147, "max_bin_exp": 8.33447936006468, "max_depth": 5.488638144453167, "n_estimators": 4290.958714484946, "reg_alpha": 2.9096158743163723, "reg_lambda": 2.3728984536654627}, "datetime": {"datetime": "2024-02-19 17:37:22", "elapsed": 84.887143, "delta": 5.164798}}
{"target": -0.8838517149864642, "params": {"colsample_bytree": 0.7649951834057453, "learning_rate": 0.04335636859019746, "max_bin_exp": 5.596257885385547, "max_depth": 2.665496094264566, "n_estimators": 4286.077946159548, "reg_alpha": 2.383626746181989, "reg_lambda": 0.6897299504679784}, "datetime": {"datetime": "2024-02-19 17:37:24", "elapsed": 86.932648, "delta": 2.045505}}
{"target": -1.2761850810991937, "params": {"colsample_bytree": 0.7405849925583106, "learning_rate": 0.3883620989663883, "max_bin_exp": 4.746196899238951, "max_depth": 2.3822392500802123, "n_estimators": 4294.526368192706, "reg_alpha": 2.807519654260255, "reg_lambda": 2.921531148611138}, "datetime": {"datetime": "2024-02-19 17:37:26", "elapsed": 89.010357, "delta": 2.077709}}
{"target": -0.7320152495461099, "params": {"colsample_bytree": 0.3424005673853099, "learning_rate": 0.10050531051759261, "max_bin_exp": 9.860423516021598, "max_depth": 2.2161998553359474, "n_estimators": 4308.235928158668, "reg_alpha": 0.31623523418156285, "reg_lambda": 0.9754697732839557}, "datetime": {"datetime": "2024-02-19 17:37:28", "elapsed": 91.585587, "delta": 2.57523}}
{"target": -1.2305554498826654, "params": {"colsample_bytree": 0.5698944966805572, "learning_rate": 0.4243439934373797, "max_bin_exp": 4.285244811532436, "max_depth": 5.9188120415485646, "n_estimators": 4384.02356004078, "reg_alpha": 2.5392241986487445, "reg_lambda": 1.5268681250000125}, "datetime": {"datetime": "2024-02-19 17:37:33", "elapsed": 96.205699, "delta": 4.620112}}
{"target": -1.8273146918449676, "params": {"colsample_bytree": 0.2246498413860409, "learning_rate": 0.35875302082605576, "max_bin_exp": 5.881004667140349, "max_depth": 2.159106585974217, "n_estimators": 4305.974396802067, "reg_alpha": 1.6722320292564028, "reg_lambda": 2.857385052690857}, "datetime": {"datetime": "2024-02-19 17:37:35", "elapsed": 98.210175, "delta": 2.004476}}
{"target": -0.7104611006113171, "params": {"colsample_bytree": 0.7099839007069397, "learning_rate": 0.32145734929964126, "max_bin_exp": 9.723732656498475, "max_depth": 2.9888391316035356, "n_estimators": 4314.414475945283, "reg_alpha": 0.08627388176623607, "reg_lambda": 2.2276053728662633}, "datetime": {"datetime": "2024-02-19 17:37:38", "elapsed": 101.007783, "delta": 2.797608}}
{"target": -0.7393581290796312, "params": {"colsample_bytree": 0.8184754878062634, "learning_rate": 0.47057678776464035, "max_bin_exp": 8.41767325713109, "max_depth": 3.3828255918735417, "n_estimators": 4317.585711324736, "reg_alpha": 2.7488821445116023, "reg_lambda": 0.6636819009167211}, "datetime": {"datetime": "2024-02-19 17:37:42", "elapsed": 105.071659, "delta": 4.063876}}
{"target": -0.7400390263918314, "params": {"colsample_bytree": 0.3164221343321818, "learning_rate": 0.2950534732866058, "max_bin_exp": 9.772519197083026, "max_depth": 4.953129000936484, "n_estimators": 4310.80838502954, "reg_alpha": 2.5230275043958192, "reg_lambda": 0.580081335517336}, "datetime": {"datetime": "2024-02-19 17:37:46", "elapsed": 108.978387, "delta": 3.906728}}
{"target": -3.139211497654779, "params": {"colsample_bytree": 0.997136310358459, "learning_rate": 0.31935666424664083, "max_bin_exp": 4.341775841058402, "max_depth": 1.3003398230217014, "n_estimators": 4318.763655049478, "reg_alpha": 0.002214846757373934, "reg_lambda": 1.8501864166424915}, "datetime": {"datetime": "2024-02-19 17:37:47", "elapsed": 110.267714, "delta": 1.289327}}
{"target": -1.1194038910318092, "params": {"colsample_bytree": 0.2, "learning_rate": 0.5, "max_bin_exp": 10.0, "max_depth": 6.0, "n_estimators": 4319.845970827961, "reg_alpha": 3.0, "reg_lambda": 0.0}, "datetime": {"datetime": "2024-02-19 17:37:53", "elapsed": 115.706211, "delta": 5.438497}}
{"target": -0.7366149823438971, "params": {"colsample_bytree": 0.386587690934665, "learning_rate": 0.2353079375375363, "max_bin_exp": 9.199296636212544, "max_depth": 5.923037530638092, "n_estimators": 4282.111743891547, "reg_alpha": 2.4261760154469947, "reg_lambda": 2.467171994332294}, "datetime": {"datetime": "2024-02-19 17:37:57", "elapsed": 120.528766, "delta": 4.822555}}
{"target": -0.7939765751691972, "params": {"colsample_bytree": 0.9093784568843599, "learning_rate": 0.33228962161198117, "max_bin_exp": 5.203325958103957, "max_depth": 3.708093943398393, "n_estimators": 4277.232442914034, "reg_alpha": 1.938845548685437, "reg_lambda": 2.197690193047784}, "datetime": {"datetime": "2024-02-19 17:38:00", "elapsed": 123.436784, "delta": 2.908018}}
{"target": -0.6980647068090868, "params": {"colsample_bytree": 0.796373886434955, "learning_rate": 0.20741017333541267, "max_bin_exp": 8.829877157038112, "max_depth": 2.843893070944568, "n_estimators": 4272.8262185931235, "reg_alpha": 2.54343561403089, "reg_lambda": 2.7715588116071848}, "datetime": {"datetime": "2024-02-19 17:38:03", "elapsed": 126.49413, "delta": 3.057346}}
{"target": -1.1611675304889801, "params": {"colsample_bytree": 0.569888191616769, "learning_rate": 0.24621154799031142, "max_bin_exp": 4.167772339456176, "max_depth": 5.804145327046375, "n_estimators": 4270.992022786669, "reg_alpha": 2.1431346797040725, "reg_lambda": 2.5895396129713073}, "datetime": {"datetime": "2024-02-19 17:38:07", "elapsed": 130.388107, "delta": 3.893977}}
{"target": -1.510698733162665, "params": {"colsample_bytree": 0.6521007826996441, "learning_rate": 0.15271760193469033, "max_bin_exp": 9.506584517597076, "max_depth": 1.9121102019898326, "n_estimators": 4276.627891163432, "reg_alpha": 2.9268553035744254, "reg_lambda": 0.787970916175607}, "datetime": {"datetime": "2024-02-19 17:38:09", "elapsed": 132.151616, "delta": 1.763509}}
{"target": -1.1155318577536488, "params": {"colsample_bytree": 0.8151413793592681, "learning_rate": 0.22841770755728055, "max_bin_exp": 4.5522130110204495, "max_depth": 4.227652390835487, "n_estimators": 4281.645229275268, "reg_alpha": 0.690027820914226, "reg_lambda": 0.9941034604757307}, "datetime": {"datetime": "2024-02-19 17:38:16", "elapsed": 139.445293, "delta": 7.293677}}
{"target": -0.7278898978037458, "params": {"colsample_bytree": 0.5350225157697344, "learning_rate": 0.3952021091300333, "max_bin_exp": 8.530998360849491, "max_depth": 3.479535018443636, "n_estimators": 4268.323556819488, "reg_alpha": 0.615480910467611, "reg_lambda": 2.5044147100070844}, "datetime": {"datetime": "2024-02-19 17:38:19", "elapsed": 142.524828, "delta": 3.079535}}
{"target": -1.3636971724252591, "params": {"colsample_bytree": 0.531478083291731, "learning_rate": 0.23613725306513306, "max_bin_exp": 9.825244930558553, "max_depth": 1.1221726559984533, "n_estimators": 4311.887467961209, "reg_alpha": 0.1807987262733629, "reg_lambda": 0.037163874484785975}, "datetime": {"datetime": "2024-02-19 17:38:21", "elapsed": 144.094024, "delta": 1.569196}}
{"target": -2.2086912345574388, "params": {"colsample_bytree": 0.5513558604693138, "learning_rate": 0.08752897113593676, "max_bin_exp": 8.49162474313096, "max_depth": 1.2545322918199233, "n_estimators": 4263.937257419147, "reg_alpha": 2.610592042108683, "reg_lambda": 2.6163828442614876}, "datetime": {"datetime": "2024-02-19 17:38:23", "elapsed": 145.612748, "delta": 1.518724}}
{"target": -0.6235508853578154, "params": {"colsample_bytree": 0.8792214501641531, "learning_rate": 0.21149314745090242, "max_bin_exp": 9.314838774414783, "max_depth": 5.213968946066956, "n_estimators": 4286.0888344721325, "reg_alpha": 2.0066953360657616, "reg_lambda": 1.4225272246915144}, "datetime": {"datetime": "2024-02-19 17:38:47", "elapsed": 169.760844, "delta": 24.148096}}
{"target": -0.6231080737700094, "params": {"colsample_bytree": 0.9190764438470316, "learning_rate": 0.28280760670635696, "max_bin_exp": 9.855636921585191, "max_depth": 5.6584097664627695, "n_estimators": 4314.248881272031, "reg_alpha": 0.709493754101519, "reg_lambda": 2.9828092886056554}, "datetime": {"datetime": "2024-02-19 17:38:52", "elapsed": 174.844985, "delta": 5.084141}}
{"target": -0.6223868683520186, "params": {"colsample_bytree": 0.7498424049867236, "learning_rate": 0.24589430366961657, "max_bin_exp": 9.542571712323536, "max_depth": 5.763950915668359, "n_estimators": 4394.85300183111, "reg_alpha": 0.4187407981501101, "reg_lambda": 0.4399854444049113}, "datetime": {"datetime": "2024-02-19 17:38:57", "elapsed": 179.675012, "delta": 4.830027}}
{"target": -1.0532037136477828, "params": {"colsample_bytree": 0.2, "learning_rate": 0.5, "max_bin_exp": 10.0, "max_depth": 6.0, "n_estimators": 4374.39406810495, "reg_alpha": 0.0, "reg_lambda": 3.0}, "datetime": {"datetime": "2024-02-19 17:39:02", "elapsed": 185.538298, "delta": 5.863286}}
{"target": -1.4296018089247882, "params": {"colsample_bytree": 0.37538484906393954, "learning_rate": 0.3187645000961362, "max_bin_exp": 9.734505747826537, "max_depth": 1.310152147800065, "n_estimators": 4284.072447222066, "reg_alpha": 1.5973301982463461, "reg_lambda": 1.953213693662697}, "datetime": {"datetime": "2024-02-19 17:39:04", "elapsed": 187.22515, "delta": 1.686852}}
{"target": -4.037183103472222, "params": {"colsample_bytree": 1.0, "learning_rate": 0.001, "max_bin_exp": 10.0, "max_depth": 1.0, "n_estimators": 4395.234426799192, "reg_alpha": 0.0, "reg_lambda": 0.0}, "datetime": {"datetime": "2024-02-19 17:39:06", "elapsed": 189.337067, "delta": 2.111917}}
{"target": -0.6821255503385785, "params": {"colsample_bytree": 0.8060603245253171, "learning_rate": 0.1505691679451459, "max_bin_exp": 7.143683344821113, "max_depth": 3.8246516108594366, "n_estimators": 4312.7023131718415, "reg_alpha": 2.6096731506756403, "reg_lambda": 2.9815222877667145}, "datetime": {"datetime": "2024-02-19 17:39:09", "elapsed": 192.240983, "delta": 2.903916}}
{"target": -0.642096323131106, "params": {"colsample_bytree": 0.7121254395818375, "learning_rate": 0.20653846703763235, "max_bin_exp": 9.61117579893267, "max_depth": 5.528694155985659, "n_estimators": 4391.33294146534, "reg_alpha": 0.5196159384997091, "reg_lambda": 0.7197991193986155}, "datetime": {"datetime": "2024-02-19 17:39:14", "elapsed": 197.334797, "delta": 5.093814}}
{"target": -0.7415736313596104, "params": {"colsample_bytree": 0.7073591006956348, "learning_rate": 0.08249958014602392, "max_bin_exp": 5.978962412834017, "max_depth": 3.6920041105610606, "n_estimators": 4395.707672917837, "reg_alpha": 2.742935680534371, "reg_lambda": 2.422011696680146}, "datetime": {"datetime": "2024-02-19 17:39:17", "elapsed": 199.804051, "delta": 2.469254}}
{"target": -0.7457896421036372, "params": {"colsample_bytree": 0.4047536749382339, "learning_rate": 0.35357315115809984, "max_bin_exp": 9.323204764995078, "max_depth": 3.3430061076392588, "n_estimators": 4270.415231156557, "reg_alpha": 0.579945175115227, "reg_lambda": 0.5358216290872945}, "datetime": {"datetime": "2024-02-19 17:39:20", "elapsed": 203.115534, "delta": 3.311483}}
{"target": -0.8343917396674262, "params": {"colsample_bytree": 0.3667177120686835, "learning_rate": 0.23737422656242088, "max_bin_exp": 6.179290353163591, "max_depth": 5.3388818290911235, "n_estimators": 4287.811829928249, "reg_alpha": 0.9072037647594202, "reg_lambda": 2.1131728740766897}, "datetime": {"datetime": "2024-02-19 17:39:24", "elapsed": 207.193938, "delta": 4.078404}}
