{"target": -0.7809432485095928, "params": {"colsample_bytree": 0.31294509184601715, "learning_rate": 0.18672691896633842, "max_bin_exp": 7.162206522969552, "max_depth": 5.962977593210212, "n_estimators": 4294.333472725653, "reg_alpha": 1.5680417889427773, "reg_lambda": 1.8452817240138422}, "datetime": {"datetime": "2024-02-19 17:42:27", "elapsed": 390.030281, "delta": 4.581795}}
{"target": -0.6429896626662547, "params": {"colsample_bytree": 1.0, "learning_rate": 0.5, "max_bin_exp": 10.0, "max_depth": 5.530226538889309, "n_estimators": 4417.840056219763, "reg_alpha": 0.0, "reg_lambda": 3.0}, "datetime": {"datetime": "2024-02-19 17:42:33", "elapsed": 396.112505, "delta": 6.082224}}
{"target": -0.7162220074516683, "params": {"colsample_bytree": 1.0, "learning_rate": 0.5, "max_bin_exp": 8.374436972816572, "max_depth": 6.0, "n_estimators": 4383.963063141524, "reg_alpha": 0.0, "reg_lambda": 0.0}, "datetime": {"datetime": "2024-02-19 17:42:39", "elapsed": 402.564603, "delta": 6.452098}}
{"target": -0.888073006773776, "params": {"colsample_bytree": 0.20461607926716685, "learning_rate": 0.2652915478185712, "max_bin_exp": 7.937135771972487, "max_depth": 4.94513545426439, "n_estimators": 4297.0897137307675, "reg_alpha": 0.06857577151670546, "reg_lambda": 2.544328939235101}, "datetime": {"datetime": "2024-02-19 17:42:43", "elapsed": 405.632318, "delta": 3.067715}}
{"target": -0.7733665418744852, "params": {"colsample_bytree": 0.6607823354650538, "learning_rate": 0.4983940396273354, "max_bin_exp": 6.67579241753708, "max_depth": 5.1406893036727, "n_estimators": 4316.244051364155, "reg_alpha": 0.5589172672810417, "reg_lambda": 0.27351626770869997}, "datetime": {"datetime": "2024-02-19 17:42:47", "elapsed": 409.927154, "delta": 4.294836}}
{"target": -0.7495638334661163, "params": {"colsample_bytree": 0.40340669115019634, "learning_rate": 0.1817446476790181, "max_bin_exp": 7.0248950554548975, "max_depth": 4.7240134741016595, "n_estimators": 4313.826317219758, "reg_alpha": 0.41717992577955176, "reg_lambda": 2.7724109808678805}, "datetime": {"datetime": "2024-02-19 17:42:50", "elapsed": 413.536387, "delta": 3.609233}}
{"target": -0.7915304765761093, "params": {"colsample_bytree": 0.3454266825292358, "learning_rate": 0.4020893240156163, "max_bin_exp": 8.264702666636044, "max_depth": 5.916173901679105, "n_estimators": 1616.689087551519, "reg_alpha": 1.7548754145929983, "reg_lambda": 0.43964713801672384}, "datetime": {"datetime": "2024-02-19 17:42:52", "elapsed": 415.38007, "delta": 1.843683}}
{"target": -0.765950836168491, "params": {"colsample_bytree": 0.6932279048991832, "learning_rate": 0.09168721559622509, "max_bin_exp": 5.208579768206012, "max_depth": 5.5078143137703, "n_estimators": 4312.699223915128, "reg_alpha": 2.950393110461947, "reg_lambda": 2.8337368615575365}, "datetime": {"datetime": "2024-02-19 17:42:56", "elapsed": 419.582555, "delta": 4.202485}}
{"target": -0.7206555357550612, "params": {"colsample_bytree": 0.4224753422899755, "learning_rate": 0.07154369837891436, "max_bin_exp": 8.002175714139028, "max_depth": 3.9208331055852756, "n_estimators": 1975.9847380009448, "reg_alpha": 2.3627744447926062, "reg_lambda": 0.3201079786918316}, "datetime": {"datetime": "2024-02-19 17:42:58", "elapsed": 420.853285, "delta": 1.27073}}
{"target": -0.8097294367200375, "params": {"colsample_bytree": 0.3235838555958994, "learning_rate": 0.3934808583470552, "max_bin_exp": 9.661365744325192, "max_depth": 5.68932030554356, "n_estimators": 4291.788306882858, "reg_alpha": 0.22810706619523013, "reg_lambda": 0.301372143630504}, "datetime": {"datetime": "2024-02-19 17:43:03", "elapsed": 425.823299, "delta": 4.970014}}
{"target": -0.6474040359139596, "params": {"colsample_bytree": 1.0, "learning_rate": 0.5, "max_bin_exp": 8.34879610884336, "max_depth": 6.0, "n_estimators": 1618.6947700165897, "reg_alpha": 0.0, "reg_lambda": 3.0}, "datetime": {"datetime": "2024-02-19 17:43:05", "elapsed": 428.365398, "delta": 2.542099}}
{"target": -0.8579729710790372, "params": {"colsample_bytree": 0.2, "learning_rate": 0.5, "max_bin_exp": 6.685015462380762, "max_depth": 6.0, "n_estimators": 1598.3530413117044, "reg_alpha": 0.0, "reg_lambda": 0.0}, "datetime": {"datetime": "2024-02-19 17:43:07", "elapsed": 430.132756, "delta": 1.767358}}
{"target": -0.6730634247395835, "params": {"colsample_bytree": 0.9816268289379941, "learning_rate": 0.3345626053481942, "max_bin_exp": 7.536425779768923, "max_depth": 5.9874176044872405, "n_estimators": 4387.05007582827, "reg_alpha": 0.19710833418811424, "reg_lambda": 0.6130047717863228}, "datetime": {"datetime": "2024-02-19 17:43:12", "elapsed": 434.752295, "delta": 4.619539}}
{"target": -0.6479591491569562, "params": {"colsample_bytree": 0.5816820241276207, "learning_rate": 0.16637295696185694, "max_bin_exp": 9.863819629808976, "max_depth": 3.5871979349043177, "n_estimators": 1979.5892891131236, "reg_alpha": 1.6761761035423377, "reg_lambda": 0.35720115432679445}, "datetime": {"datetime": "2024-02-19 17:43:13", "elapsed": 436.244201, "delta": 1.491906}}
{"target": -3.2240410039783427, "params": {"colsample_bytree": 0.253365559173725, "learning_rate": 0.11023862129699397, "max_bin_exp": 7.847115202947219, "max_depth": 1.418910980200315, "n_estimators": 1978.1540935091236, "reg_alpha": 0.3345505585645767, "reg_lambda": 1.338171165973375}, "datetime": {"datetime": "2024-02-19 17:43:14", "elapsed": 436.90986, "delta": 0.665659}}
{"target": -0.6091905186175848, "params": {"colsample_bytree": 0.865020440449854, "learning_rate": 0.1585045549250203, "max_bin_exp": 8.029217659712804, "max_depth": 5.431323405689694, "n_estimators": 1972.2476686456635, "reg_alpha": 2.6603013066695125, "reg_lambda": 2.76264177682985}, "datetime": {"datetime": "2024-02-19 17:43:16", "elapsed": 438.899263, "delta": 1.989403}}
{"target": -0.8027441890466837, "params": {"colsample_bytree": 0.6604065196984577, "learning_rate": 0.26830432168911733, "max_bin_exp": 5.389066024801865, "max_depth": 5.885105865559515, "n_estimators": 1972.4572877799837, "reg_alpha": 2.223959492020764, "reg_lambda": 1.5440652402553803}, "datetime": {"datetime": "2024-02-19 17:43:18", "elapsed": 440.697327, "delta": 1.798064}}
{"target": -0.6745167596275086, "params": {"colsample_bytree": 0.9231126317397444, "learning_rate": 0.30847071037286833, "max_bin_exp": 7.960823539889011, "max_depth": 5.907722343312234, "n_estimators": 1979.1332266253032, "reg_alpha": 2.6118938467279142, "reg_lambda": 0.8672320901994591}, "datetime": {"datetime": "2024-02-19 17:43:20", "elapsed": 442.807242, "delta": 2.109915}}
{"target": -0.6120361468713218, "params": {"colsample_bytree": 0.6169302374378887, "learning_rate": 0.02988450267460782, "max_bin_exp": 9.801783283407914, "max_depth": 5.786694989184509, "n_estimators": 1975.8348034710214, "reg_alpha": 2.348252060900154, "reg_lambda": 1.1590835955380534}, "datetime": {"datetime": "2024-02-19 17:43:22", "elapsed": 444.882572, "delta": 2.07533}}
{"target": -0.849055046042623, "params": {"colsample_bytree": 0.2020853317617867, "learning_rate": 0.26883608687855554, "max_bin_exp": 9.924097862649365, "max_depth": 4.887632804457457, "n_estimators": 1982.2015175556007, "reg_alpha": 1.8198602753261857, "reg_lambda": 1.9059356250311352}, "datetime": {"datetime": "2024-02-19 17:43:23", "elapsed": 446.536788, "delta": 1.654216}}
{"target": -0.7014255297706273, "params": {"colsample_bytree": 1.0, "learning_rate": 0.5, "max_bin_exp": 6.971680990703123, "max_depth": 6.0, "n_estimators": 4317.404842320114, "reg_alpha": 3.0, "reg_lambda": 0.0}, "datetime": {"datetime": "2024-02-19 17:43:28", "elapsed": 451.49602, "delta": 4.959232}}
{"target": -1.4403046121351226, "params": {"colsample_bytree": 0.8432060831654855, "learning_rate": 0.004796194096398507, "max_bin_exp": 9.55165607015281, "max_depth": 3.7928611065586475, "n_estimators": 1972.2224991215403, "reg_alpha": 1.362711371875166, "reg_lambda": 0.5059219417111909}, "datetime": {"datetime": "2024-02-19 17:43:30", "elapsed": 453.005917, "delta": 1.509897}}
{"target": -0.6952049494265683, "params": {"colsample_bytree": 0.3957422908873922, "learning_rate": 0.2161145000296836, "max_bin_exp": 9.277786276179176, "max_depth": 5.793041226638997, "n_estimators": 1598.123517245754, "reg_alpha": 2.693004935339443, "reg_lambda": 2.7175103185487184}, "datetime": {"datetime": "2024-02-19 17:43:32", "elapsed": 454.908821, "delta": 1.902904}}
{"target": -1.1531594376362773, "params": {"colsample_bytree": 0.8731689547580601, "learning_rate": 0.4332034456576813, "max_bin_exp": 4.603793031881635, "max_depth": 5.442872504331832, "n_estimators": 4413.8197145448785, "reg_alpha": 2.178842294218576, "reg_lambda": 1.672644417168479}, "datetime": {"datetime": "2024-02-19 17:43:36", "elapsed": 459.173221, "delta": 4.2644}}
{"target": -0.6905122109080745, "params": {"colsample_bytree": 0.5545257743516792, "learning_rate": 0.34918890905430283, "max_bin_exp": 9.5692801853884, "max_depth": 5.4127356940326825, "n_estimators": 4274.296323958785, "reg_alpha": 0.03008389824311919, "reg_lambda": 0.5619994172577939}, "datetime": {"datetime": "2024-02-19 17:43:41", "elapsed": 464.425891, "delta": 5.25267}}
{"target": -1.191531346595089, "params": {"colsample_bytree": 0.5745807878119156, "learning_rate": 0.4332100718672301, "max_bin_exp": 4.4565290590223485, "max_depth": 5.474758109829694, "n_estimators": 4402.2317058143535, "reg_alpha": 0.41009977496591177, "reg_lambda": 2.882836568925195}, "datetime": {"datetime": "2024-02-19 17:43:46", "elapsed": 468.860521, "delta": 4.43463}}
{"target": -0.7016223465502147, "params": {"colsample_bytree": 0.7638261433653362, "learning_rate": 0.26776854014509544, "max_bin_exp": 7.551491893635586, "max_depth": 3.1846675361958035, "n_estimators": 4366.39771676107, "reg_alpha": 2.8929294734100615, "reg_lambda": 2.873694014940728}, "datetime": {"datetime": "2024-02-19 17:43:49", "elapsed": 471.756213, "delta": 2.895692}}
{"target": -0.8804508175847459, "params": {"colsample_bytree": 1.0, "learning_rate": 0.001, "max_bin_exp": 10.0, "max_depth": 6.0, "n_estimators": 4305.260873914781, "reg_alpha": 0.0, "reg_lambda": 3.0}, "datetime": {"datetime": "2024-02-19 17:43:56", "elapsed": 479.215635, "delta": 7.459422}}
{"target": -0.7586748923890655, "params": {"colsample_bytree": 0.44094065447734476, "learning_rate": 0.49295644355272195, "max_bin_exp": 8.797707740457636, "max_depth": 4.704710809800096, "n_estimators": 4302.4434259793925, "reg_alpha": 2.94822515379059, "reg_lambda": 0.10453555225502908}, "datetime": {"datetime": "2024-02-19 17:44:00", "elapsed": 483.186586, "delta": 3.970951}}
{"target": -0.5987108288438585, "params": {"colsample_bytree": 0.8218865713567616, "learning_rate": 0.028048785176869144, "max_bin_exp": 9.897432472115236, "max_depth": 4.101946721543935, "n_estimators": 4293.540000683318, "reg_alpha": 2.0726871240739992, "reg_lambda": 0.6662415603233081}, "datetime": {"datetime": "2024-02-19 17:44:04", "elapsed": 487.21175, "delta": 4.025164}}
{"target": -0.8703081767831921, "params": {"colsample_bytree": 0.232631129594279, "learning_rate": 0.03147312987356507, "max_bin_exp": 6.474376231815716, "max_depth": 5.686517501255402, "n_estimators": 4308.223391442144, "reg_alpha": 2.827188600395527, "reg_lambda": 0.022717830385131532}, "datetime": {"datetime": "2024-02-19 17:44:08", "elapsed": 490.992348, "delta": 3.780598}}
{"target": -0.6622490401895011, "params": {"colsample_bytree": 0.8335239594813786, "learning_rate": 0.19053431866426046, "max_bin_exp": 7.375354378654295, "max_depth": 4.905629907672532, "n_estimators": 1966.5506044060069, "reg_alpha": 1.9743269499158507, "reg_lambda": 2.3121732999274243}, "datetime": {"datetime": "2024-02-19 17:44:09", "elapsed": 492.536807, "delta": 1.544459}}
{"target": -0.7495303423375704, "params": {"colsample_bytree": 0.7120166153866985, "learning_rate": 0.10198149630024339, "max_bin_exp": 5.909886817421519, "max_depth": 3.34280965729117, "n_estimators": 1963.9543587429366, "reg_alpha": 1.1523396682643061, "reg_lambda": 0.1580624646687031}, "datetime": {"datetime": "2024-02-19 17:44:11", "elapsed": 493.73472, "delta": 1.197913}}
{"target": -3.201697171669021, "params": {"colsample_bytree": 0.26363150449282763, "learning_rate": 0.37149494863889565, "max_bin_exp": 4.714943934736436, "max_depth": 1.1934382592984007, "n_estimators": 1967.074149688478, "reg_alpha": 2.1347320542111223, "reg_lambda": 1.1363030768045723}, "datetime": {"datetime": "2024-02-19 17:44:11", "elapsed": 494.359079, "delta": 0.624359}}
{"target": -0.9080081410222457, "params": {"colsample_bytree": 0.2019152357143221, "learning_rate": 0.4734903260840635, "max_bin_exp": 8.999293728065027, "max_depth": 5.785235649792511, "n_estimators": 1963.3006861397619, "reg_alpha": 2.0438579230656626, "reg_lambda": 2.404722569070487}, "datetime": {"datetime": "2024-02-19 17:44:13", "elapsed": 496.293186, "delta": 1.934107}}
{"target": -0.7943215247410548, "params": {"colsample_bytree": 0.7918560596237203, "learning_rate": 0.2996062366501423, "max_bin_exp": 5.036964457831862, "max_depth": 5.752375495258608, "n_estimators": 1960.392442913992, "reg_alpha": 2.173397201419474, "reg_lambda": 0.9106735921002806}, "datetime": {"datetime": "2024-02-19 17:44:15", "elapsed": 498.005902, "delta": 1.712716}}
{"target": -0.6657037181493036, "params": {"colsample_bytree": 0.7845608530258483, "learning_rate": 0.3177705853204928, "max_bin_exp": 9.708125123393819, "max_depth": 3.459759753028767, "n_estimators": 1961.0503458633946, "reg_alpha": 0.1523947604402518, "reg_lambda": 0.02683183539803813}, "datetime": {"datetime": "2024-02-19 17:44:16", "elapsed": 499.423199, "delta": 1.417297}}
{"target": -2.2225905649629234, "params": {"colsample_bytree": 0.6161384888172148, "learning_rate": 0.15285767949195325, "max_bin_exp": 9.282936456426722, "max_depth": 1.6167434760101727, "n_estimators": 1957.1929650584623, "reg_alpha": 1.2452503574404745, "reg_lambda": 1.4180896183172156}, "datetime": {"datetime": "2024-02-19 17:44:17", "elapsed": 500.218664, "delta": 0.795465}}
{"target": -0.6500209666990349, "params": {"colsample_bytree": 1.0, "learning_rate": 0.5, "max_bin_exp": 7.036749303118361, "max_depth": 6.0, "n_estimators": 1975.4955025216645, "reg_alpha": 3.0, "reg_lambda": 3.0}, "datetime": {"datetime": "2024-02-19 17:44:20", "elapsed": 502.812903, "delta": 2.594239}}
{"target": -0.9432962247684343, "params": {"colsample_bytree": 0.2, "learning_rate": 0.5, "max_bin_exp": 10.0, "max_depth": 6.0, "n_estimators": 1615.0469075376438, "reg_alpha": 0.0, "reg_lambda": 3.0}, "datetime": {"datetime": "2024-02-19 17:44:22", "elapsed": 505.057673, "delta": 2.24477}}
{"target": -0.8097046700097839, "params": {"colsample_bytree": 0.9300848602231426, "learning_rate": 0.390822893042616, "max_bin_exp": 5.49914035905077, "max_depth": 5.989208858245972, "n_estimators": 1963.6410737148449, "reg_alpha": 2.6863880374202074, "reg_lambda": 0.6829097631086589}, "datetime": {"datetime": "2024-02-19 17:44:24", "elapsed": 507.010546, "delta": 1.952873}}
{"target": -0.6346187257812499, "params": {"colsample_bytree": 0.911894995532204, "learning_rate": 0.39317334563108747, "max_bin_exp": 9.342222030845724, "max_depth": 5.346856730845432, "n_estimators": 4427.639454788684, "reg_alpha": 0.8279551301291919, "reg_lambda": 2.566785943142229}, "datetime": {"datetime": "2024-02-19 17:44:29", "elapsed": 512.251641, "delta": 5.241095}}
{"target": -0.8804508175847459, "params": {"colsample_bytree": 1.0, "learning_rate": 0.001, "max_bin_exp": 10.0, "max_depth": 6.0, "n_estimators": 4288.042783388531, "reg_alpha": 0.0, "reg_lambda": 3.0}, "datetime": {"datetime": "2024-02-19 17:44:37", "elapsed": 519.938622, "delta": 7.686981}}
{"target": -0.6710859018588712, "params": {"colsample_bytree": 0.8420221472511462, "learning_rate": 0.17115390347762732, "max_bin_exp": 7.096911459467185, "max_depth": 4.208706032811942, "n_estimators": 4429.319859980562, "reg_alpha": 2.38082638568464, "reg_lambda": 0.7889478852342735}, "datetime": {"datetime": "2024-02-19 17:44:41", "elapsed": 523.756367, "delta": 3.817745}}
{"target": -0.6689568883551819, "params": {"colsample_bytree": 0.40708706411528867, "learning_rate": 0.14655220779605393, "max_bin_exp": 9.912850862866348, "max_depth": 3.5988529231706083, "n_estimators": 4430.45322737679, "reg_alpha": 0.9125872661596083, "reg_lambda": 2.193261502142407}, "datetime": {"datetime": "2024-02-19 17:44:44", "elapsed": 526.899377, "delta": 3.14301}}
{"target": -0.735008970480226, "params": {"colsample_bytree": 0.41359182984945586, "learning_rate": 0.38612471911829455, "max_bin_exp": 8.31894251184344, "max_depth": 2.747238489816974, "n_estimators": 4433.444259943337, "reg_alpha": 2.818896860974299, "reg_lambda": 1.0789776764848713}, "datetime": {"datetime": "2024-02-19 17:44:46", "elapsed": 529.063797, "delta": 2.16442}}
{"target": -2.2698218904955274, "params": {"colsample_bytree": 0.28775623998806305, "learning_rate": 0.17493418770285976, "max_bin_exp": 5.469499474374545, "max_depth": 1.1850558451665574, "n_estimators": 4430.724742534483, "reg_alpha": 0.2338553535379858, "reg_lambda": 1.6813673457594382}, "datetime": {"datetime": "2024-02-19 17:44:47", "elapsed": 530.471648, "delta": 1.407851}}
{"target": -0.6567673373219749, "params": {"colsample_bytree": 1.0, "learning_rate": 0.5, "max_bin_exp": 9.901881057285859, "max_depth": 6.0, "n_estimators": 4430.42415319642, "reg_alpha": 3.0, "reg_lambda": 0.6115649043928172}, "datetime": {"datetime": "2024-02-19 17:44:53", "elapsed": 536.423836, "delta": 5.952188}}
{"target": -0.6410022560307792, "params": {"colsample_bytree": 0.9581794462774316, "learning_rate": 0.407441340024924, "max_bin_exp": 9.310382082870943, "max_depth": 5.004613187142953, "n_estimators": 4434.576411374651, "reg_alpha": 0.5550716325068527, "reg_lambda": 2.361401225149428}, "datetime": {"datetime": "2024-02-19 17:44:58", "elapsed": 541.515733, "delta": 5.091897}}
{"target": -0.7412413725032367, "params": {"colsample_bytree": 0.3177646812175362, "learning_rate": 0.16357297428688697, "max_bin_exp": 9.824352145338235, "max_depth": 2.1846136338914173, "n_estimators": 1964.1920940451485, "reg_alpha": 0.38957872957621975, "reg_lambda": 0.3923454482573616}, "datetime": {"datetime": "2024-02-19 17:45:00", "elapsed": 542.653112, "delta": 1.137379}}
{"target": -0.677090348171566, "params": {"colsample_bytree": 0.9404273802115892, "learning_rate": 0.37121507878695353, "max_bin_exp": 8.782045130550621, "max_depth": 4.647460325396709, "n_estimators": 4437.881404284618, "reg_alpha": 1.5278983913008366, "reg_lambda": 1.284050999108209}, "datetime": {"datetime": "2024-02-19 17:45:03", "elapsed": 546.484497, "delta": 3.831385}}
{"target": -0.7012578405613671, "params": {"colsample_bytree": 0.7683686842397177, "learning_rate": 0.015043876934924174, "max_bin_exp": 5.676969946212923, "max_depth": 5.177590486415324, "n_estimators": 4436.312053652462, "reg_alpha": 0.1445309570512432, "reg_lambda": 1.2175868221225543}, "datetime": {"datetime": "2024-02-19 17:45:08", "elapsed": 550.694384, "delta": 4.209887}}
{"target": -0.7866310032441737, "params": {"colsample_bytree": 0.904925093053982, "learning_rate": 0.24956204809944105, "max_bin_exp": 5.8654310667704195, "max_depth": 2.0501013791830554, "n_estimators": 4439.364183932093, "reg_alpha": 0.20951930669936647, "reg_lambda": 2.3529043721976994}, "datetime": {"datetime": "2024-02-19 17:45:10", "elapsed": 552.903305, "delta": 2.208921}}
{"target": -2.4216823754354992, "params": {"colsample_bytree": 0.2428130817943031, "learning_rate": 0.1826914181543955, "max_bin_exp": 9.20765713667186, "max_depth": 1.9768989004635626, "n_estimators": 4436.237056173107, "reg_alpha": 1.1029833795278439, "reg_lambda": 1.8131512049346352}, "datetime": {"datetime": "2024-02-19 17:45:12", "elapsed": 554.668845, "delta": 1.76554}}
{"target": -0.7264545260938972, "params": {"colsample_bytree": 0.37877874852240895, "learning_rate": 0.07161569132394865, "max_bin_exp": 7.845405531542587, "max_depth": 5.739898502568703, "n_estimators": 4433.81153134635, "reg_alpha": 1.854501455316249, "reg_lambda": 0.6490480983132444}, "datetime": {"datetime": "2024-02-19 17:45:16", "elapsed": 559.011824, "delta": 4.342979}}
{"target": -1.8276093193092706, "params": {"colsample_bytree": 0.26666063866696244, "learning_rate": 0.45234348547541187, "max_bin_exp": 5.3549474644496, "max_depth": 5.746270277258155, "n_estimators": 4440.781406895138, "reg_alpha": 0.37969431610082116, "reg_lambda": 0.22709963155955115}, "datetime": {"datetime": "2024-02-19 17:45:20", "elapsed": 562.848692, "delta": 3.836868}}
{"target": -3.1348537998764123, "params": {"colsample_bytree": 0.2, "learning_rate": 0.001, "max_bin_exp": 8.683324196501246, "max_depth": 6.0, "n_estimators": 4366.1355584239645, "reg_alpha": 3.0, "reg_lambda": 0.0}, "datetime": {"datetime": "2024-02-19 17:45:25", "elapsed": 567.672404, "delta": 4.823712}}
{"target": -0.697783636532633, "params": {"colsample_bytree": 0.9980946324572058, "learning_rate": 0.05370242794492596, "max_bin_exp": 9.661377698867916, "max_depth": 2.847764492983374, "n_estimators": 4430.700757148606, "reg_alpha": 2.406159886941686, "reg_lambda": 0.3193799995331068}, "datetime": {"datetime": "2024-02-19 17:45:27", "elapsed": 569.982149, "delta": 2.309745}}
{"target": -0.6913840208642302, "params": {"colsample_bytree": 0.43171953573708227, "learning_rate": 0.31864328168332456, "max_bin_exp": 8.816358556747062, "max_depth": 5.639041085879154, "n_estimators": 4433.180545350168, "reg_alpha": 2.4309371834169435, "reg_lambda": 2.939388443994978}, "datetime": {"datetime": "2024-02-19 17:45:32", "elapsed": 574.63502, "delta": 4.652871}}
{"target": -0.7242409714660298, "params": {"colsample_bytree": 0.5884925986176455, "learning_rate": 0.3555107818347261, "max_bin_exp": 8.854159802786189, "max_depth": 3.2252525655078133, "n_estimators": 4427.805773625261, "reg_alpha": 2.5697471114642423, "reg_lambda": 2.1129227340813994}, "datetime": {"datetime": "2024-02-19 17:45:35", "elapsed": 578.254119, "delta": 3.619099}}
