{"target": 0.22050082824929754, "params": {"u": 4.206935991658465, "v": 7.312817456726651, "x": 9.74787562287886, "y": 7.335133320070174}, "datetime": {"datetime": "2024-02-27 10:50:47", "elapsed": 1028.40672, "delta": 4.882141}}
{"target": 0.3590750691019536, "params": {"u": 2.7622672256647665, "v": 6.808377320241141, "x": 4.463061001184969, "y": 8.639904577999237}, "datetime": {"datetime": "2024-02-27 10:50:50", "elapsed": 1031.860692, "delta": 3.453972}}
{"target": 0.2781134976756293, "params": {"u": 9.004430945520689, "v": 7.628723676826074, "x": 10.0, "y": 6.939883330345919}, "datetime": {"datetime": "2024-02-27 10:50:57", "elapsed": 1039.107615, "delta": 7.246923}}
{"target": 5.977007759920958, "params": {"u": 4.443411734450088, "v": 4.184383370783593, "x": 4.0279908359762215, "y": 3.7099778619935386}, "datetime": {"datetime": "2024-02-27 10:51:02", "elapsed": 1043.559861, "delta": 4.452246}}
{"target": 0.16281374509220178, "params": {"u": 5.670408443750736, "v": 9.502169597692138, "x": 4.257477317502369, "y": 0.012401560259197586}, "datetime": {"datetime": "2024-02-27 10:51:06", "elapsed": 1047.84845, "delta": 4.288589}}
{"target": 0.28492208616432746, "params": {"u": 5.456891895016646, "v": 6.6652020314814395, "x": 5.744106777281474, "y": 0.0}, "datetime": {"datetime": "2024-02-27 10:51:12", "elapsed": 1054.00434, "delta": 6.15589}}
{"target": 0.11860359703357849, "params": {"u": 2.60471520655127, "v": 10.0, "x": 6.681441258906491, "y": 0.0}, "datetime": {"datetime": "2024-02-27 10:51:23", "elapsed": 1065.134484, "delta": 11.130144}}
{"target": 0.17461560701392675, "params": {"u": 2.100089876283948, "v": 0.0, "x": 8.090041929537668, "y": 6.019921813237192}, "datetime": {"datetime": "2024-02-27 10:51:30", "elapsed": 1071.438625, "delta": 6.304141}}
{"target": 0.24085427685310648, "params": {"u": 5.752735886002791, "v": 5.840063717045513, "x": 0.6911574429197009, "y": 1.4155434254213495}, "datetime": {"datetime": "2024-02-27 10:51:34", "elapsed": 1075.350685, "delta": 3.91206}}
{"target": 0.15936530154715628, "params": {"u": 7.504181303929917, "v": 0.43421477952219734, "x": 2.098326149881, "y": 7.729641867561851}, "datetime": {"datetime": "2024-02-27 10:51:38", "elapsed": 1079.639494, "delta": 4.288809}}
{"target": 0.1654677116476097, "params": {"u": 9.836998288387765, "v": 3.0356854215786475, "x": 6.66139260925098, "y": 9.937454599489882}, "datetime": {"datetime": "2024-02-27 10:51:51", "elapsed": 1092.624144, "delta": 12.98465}}
{"target": 0.276057850881151, "params": {"u": 4.550543664185476, "v": 7.949798660975512, "x": 0.0, "y": 6.379907418656995}, "datetime": {"datetime": "2024-02-27 10:51:56", "elapsed": 1097.382392, "delta": 4.758248}}
{"target": 0.12971961652113134, "params": {"u": 5.4595333876145755, "v": 0.03574212360147877, "x": 7.69630315468746, "y": 9.989789706969166}, "datetime": {"datetime": "2024-02-27 10:52:02", "elapsed": 1104.101007, "delta": 6.718615}}
{"target": 0.15793156002902783, "params": {"u": 3.4629154130136763, "v": 0.5515313201713945, "x": 9.985226037005864, "y": 0.11688803048957919}, "datetime": {"datetime": "2024-02-27 10:52:10", "elapsed": 1111.430258, "delta": 7.329251}}
{"target": 0.16662889842098183, "params": {"u": 0.0, "v": 6.433591359689562, "x": 7.521156232802242, "y": 1.8433014210014407}, "datetime": {"datetime": "2024-02-27 10:52:18", "elapsed": 1119.557419, "delta": 8.127161}}
{"target": 0.17690732261307568, "params": {"u": 5.837561825286784, "v": 10.0, "x": 2.749474337254787, "y": 2.5105306715623525}, "datetime": {"datetime": "2024-02-27 10:52:23", "elapsed": 1124.780699, "delta": 5.22328}}
{"target": 0.3235954211342324, "params": {"u": 1.3856162023958085, "v": 3.5514476355483557, "x": 2.765464183282047, "y": 4.055535187373973}, "datetime": {"datetime": "2024-02-27 10:52:25", "elapsed": 1126.482736, "delta": 1.702037}}
{"target": 0.27021236059885345, "params": {"u": 6.3440085569501345, "v": 4.156006019911353, "x": 1.7402460378948015, "y": 7.516787626754574}, "datetime": {"datetime": "2024-02-27 10:52:37", "elapsed": 1138.274855, "delta": 11.792119}}
{"target": 0.12563086885359712, "params": {"u": 10.0, "v": 3.593152059403085, "x": 0.0, "y": 0.8328292808978688}, "datetime": {"datetime": "2024-02-27 10:52:53", "elapsed": 1154.965719, "delta": 16.690864}}
{"target": 0.22480433454166615, "params": {"u": 2.836748671022783, "v": 6.61170648993663, "x": 5.8751764921283804, "y": 0.38300240516434547}, "datetime": {"datetime": "2024-02-27 10:52:56", "elapsed": 1158.052074, "delta": 3.086355}}
{"target": 0.2792269816242344, "params": {"u": 2.348109696054972, "v": 3.911835654406801, "x": 2.758545828693877, "y": 7.1477582656455905}, "datetime": {"datetime": "2024-02-27 10:53:00", "elapsed": 1161.43139, "delta": 3.379316}}
{"target": 0.2333749053421702, "params": {"u": 8.350159790299308, "v": 8.898057448283895, "x": 4.179678157158609, "y": 2.4732877321300375}, "datetime": {"datetime": "2024-02-27 10:53:04", "elapsed": 1166.0014, "delta": 4.57001}}
{"target": 0.15327489937365307, "params": {"u": 4.242028777364824, "v": 0.42903868084689933, "x": 1.5016419095444289, "y": 8.142685255466045}, "datetime": {"datetime": "2024-02-27 10:53:09", "elapsed": 1170.41282, "delta": 4.41142}}
{"target": 0.441605973889269, "params": {"u": 5.304665430922812, "v": 8.38349148800124, "x": 3.388320854928267, "y": 7.582829926270222}, "datetime": {"datetime": "2024-02-27 10:53:13", "elapsed": 1174.858412, "delta": 4.445592}}
{"target": 10.279629409969955, "params": {"u": 4.832377471842967, "v": 4.26711818122063, "x": 4.048240316961989, "y": 3.9798855052817417}, "datetime": {"datetime": "2024-02-27 10:53:19", "elapsed": 1181.101166, "delta": 6.242754}}
{"target": 0.12072298664441151, "params": {"u": 10.0, "v": 7.291875772229744, "x": 0.0, "y": 7.703028394004928}, "datetime": {"datetime": "2024-02-27 10:53:31", "elapsed": 1193.003458, "delta": 11.902292}}
{"target": 0.25198429120370935, "params": {"u": 5.320122561251307, "v": 6.890213881625932, "x": 1.4104670524985765, "y": 9.396143836561187}, "datetime": {"datetime": "2024-02-27 10:53:40", "elapsed": 1201.576185, "delta": 8.572727}}
{"target": 0.31768681860361947, "params": {"u": 2.5636777261936947, "v": 9.865747108650117, "x": 0.03657336677767686, "y": 7.7653243016469355}, "datetime": {"datetime": "2024-02-27 10:53:47", "elapsed": 1208.997459, "delta": 7.421274}}
{"target": 0.12527930028525538, "params": {"u": 1.6227574150234925, "v": 9.235021637391734, "x": 0.5067547005560158, "y": 1.182060288353528}, "datetime": {"datetime": "2024-02-27 10:53:51", "elapsed": 1212.890289, "delta": 3.89283}}
{"target": 0.26769912987380107, "params": {"u": 1.345434218206819, "v": 9.168144351348733, "x": 3.2204618641248173, "y": 5.287310937092135}, "datetime": {"datetime": "2024-02-27 10:53:54", "elapsed": 1216.050765, "delta": 3.160476}}
{"target": 0.3099688770020084, "params": {"u": 7.466804457619157, "v": 7.768925458553792, "x": 9.268102461189736, "y": 4.7016446317500975}, "datetime": {"datetime": "2024-02-27 10:54:00", "elapsed": 1221.598405, "delta": 5.54764}}
{"target": 5.056318300697141, "params": {"u": 4.398393073849211, "v": 4.127686748881238, "x": 3.675383001809217, "y": 4.114742346242062}, "datetime": {"datetime": "2024-02-27 10:54:06", "elapsed": 1227.450191, "delta": 5.851786}}
{"target": 9.061290413244592, "params": {"u": 4.962008199242728, "v": 4.469620491410986, "x": 4.002361871714371, "y": 3.8677957178510134}, "datetime": {"datetime": "2024-02-27 10:54:10", "elapsed": 1231.687757, "delta": 4.237566}}
{"target": 0.24580231944530676, "params": {"u": 7.962365061988052, "v": 8.218648971887788, "x": 2.4127921881623458, "y": 8.074458723997036}, "datetime": {"datetime": "2024-02-27 10:54:13", "elapsed": 1234.972785, "delta": 3.285028}}
{"target": 9.405113720425591, "params": {"u": 4.954339244830569, "v": 4.081854252204268, "x": 3.991934328260113, "y": 4.111963484451064}, "datetime": {"datetime": "2024-02-27 10:54:18", "elapsed": 1239.713634, "delta": 4.740849}}
{"target": 0.2806001859472699, "params": {"u": 10.0, "v": 2.7692829670049575, "x": 4.6500718532444285, "y": 2.528130894131582}, "datetime": {"datetime": "2024-02-27 10:54:25", "elapsed": 1247.134831, "delta": 7.421197}}
{"target": 0.7197569968340569, "params": {"u": 5.480620579420607, "v": 1.966548913219714, "x": 6.252345281257778, "y": 3.120762338661546}, "datetime": {"datetime": "2024-02-27 10:54:34", "elapsed": 1255.848611, "delta": 8.71378}}
{"target": 0.18417410661084668, "params": {"u": 0.0, "v": 7.532592399839042, "x": 2.214417952487152, "y": 2.416940795580789}, "datetime": {"datetime": "2024-02-27 10:54:42", "elapsed": 1263.363863, "delta": 7.515252}}
{"target": 0.4681006379316536, "params": {"u": 7.24455368241245, "v": 2.4273316565438794, "x": 5.17138322770146, "y": 0.02461465226668902}, "datetime": {"datetime": "2024-02-27 10:54:49", "elapsed": 1270.470198, "delta": 7.106335}}
{"target": 0.3361077348035773, "params": {"u": 8.231849878876025, "v": 0.01032328062119725, "x": 9.753027930695612, "y": 2.0669882787954563}, "datetime": {"datetime": "2024-02-27 10:54:58", "elapsed": 1279.982317, "delta": 9.512119}}
{"target": 0.1843734671925734, "params": {"u": 9.18012901036299, "v": 5.396294645926907, "x": 3.5074956708252603, "y": 9.377454884862509}, "datetime": {"datetime": "2024-02-27 10:55:03", "elapsed": 1284.468776, "delta": 4.486459}}
{"target": 0.1097328839028852, "params": {"u": 9.988660086234805, "v": 8.939723857266385, "x": 0.1899451663495222, "y": 0.2604522930348352}, "datetime": {"datetime": "2024-02-27 10:55:11", "elapsed": 1292.522075, "delta": 8.053299}}
{"target": 6.598759253584684, "params": {"u": 4.986027723786149, "v": 4.354794520930564, "x": 3.765833653311735, "y": 3.9032170874409458}, "datetime": {"datetime": "2024-02-27 10:55:22", "elapsed": 1303.334858, "delta": 10.812783}}
{"target": 1.5307667586780715, "params": {"u": 4.422009453272084, "v": 3.993192919517694, "x": 4.08286684371011, "y": 3.9035613872920525}, "datetime": {"datetime": "2024-02-27 10:55:28", "elapsed": 1310.107338, "delta": 6.77248}}
{"target": 1.2649808537137264, "params": {"u": 4.408652455097598, "v": 4.292892738614481, "x": 4.757318570341367, "y": 4.813087703918587}, "datetime": {"datetime": "2024-02-27 10:55:39", "elapsed": 1320.638457, "delta": 10.531119}}
{"target": 0.2823643173836762, "params": {"u": 5.640537776500816, "v": 3.017464213435199, "x": 5.460490877251988, "y": 8.562963740517745}, "datetime": {"datetime": "2024-02-27 10:55:45", "elapsed": 1326.962936, "delta": 6.324479}}
{"target": 9.90529363855171, "params": {"u": 4.464897253133601, "v": 4.248787066500034, "x": 4.082917535564948, "y": 3.9986451436886017}, "datetime": {"datetime": "2024-02-27 10:55:58", "elapsed": 1339.252918, "delta": 12.289982}}
{"target": 1.7542694708873792, "params": {"u": 4.733648293273838, "v": 4.851752364347529, "x": 4.447847283380134, "y": 3.19946764026544}, "datetime": {"datetime": "2024-02-27 10:56:07", "elapsed": 1348.428198, "delta": 9.17528}}
{"target": 1.280823280144094, "params": {"u": 3.9563005598149203, "v": 4.45053834764477, "x": 4.09242952791525, "y": 4.167608569111022}, "datetime": {"datetime": "2024-02-27 10:56:09", "elapsed": 1350.995677, "delta": 2.567479}}
{"target": 0.39618424120235796, "params": {"u": 9.108051019235404, "v": 2.1085375389513428, "x": 5.001070731881846, "y": 3.3153729260528286}, "datetime": {"datetime": "2024-02-27 10:56:11", "elapsed": 1352.706754, "delta": 1.711077}}
{"target": 0.1975402393900208, "params": {"u": 1.0123309469115593, "v": 6.848456340837777, "x": 6.227102496156251, "y": 0.7475443987458907}, "datetime": {"datetime": "2024-02-27 10:56:14", "elapsed": 1355.621251, "delta": 2.914497}}
{"target": 5.075240201824857, "params": {"u": 4.413523881748732, "v": 4.753280481299744, "x": 3.828917254020338, "y": 3.6984608144091458}, "datetime": {"datetime": "2024-02-27 10:56:23", "elapsed": 1364.394228, "delta": 8.772977}}
{"target": 3.6529555864723133, "params": {"u": 4.854075028389602, "v": 4.243107137284711, "x": 4.286521671940826, "y": 4.371898003196341}, "datetime": {"datetime": "2024-02-27 10:56:29", "elapsed": 1371.159076, "delta": 6.764848}}
{"target": 3.333887725198901, "params": {"u": 4.6923642032356145, "v": 4.7226633648016705, "x": 3.9997365433485434, "y": 4.501460051444256}, "datetime": {"datetime": "2024-02-27 10:56:35", "elapsed": 1376.503153, "delta": 5.344077}}
{"target": 10.3703852690388, "params": {"u": 4.689590616583256, "v": 4.256703033411772, "x": 3.9777818500032924, "y": 4.033553955163221}, "datetime": {"datetime": "2024-02-27 10:56:48", "elapsed": 1389.251187, "delta": 12.748034}}
{"target": 0.271679063003008, "params": {"u": 3.371568142320954, "v": 0.4833056371970501, "x": 7.395083342350709, "y": 1.8444132097649923}, "datetime": {"datetime": "2024-02-27 10:56:51", "elapsed": 1393.045892, "delta": 3.794705}}
{"target": 1.4979106290782338, "params": {"u": 4.9726248517038165, "v": 4.025387539181576, "x": 3.218750802824095, "y": 4.456403232405032}, "datetime": {"datetime": "2024-02-27 10:57:02", "elapsed": 1403.8607, "delta": 10.814808}}
{"target": 0.26650110918895087, "params": {"u": 3.794943413198988, "v": 0.8279265673316349, "x": 2.2445352386725914, "y": 4.2254838876892755}, "datetime": {"datetime": "2024-02-27 10:57:05", "elapsed": 1406.981005, "delta": 3.120305}}
{"target": 0.4076644357769392, "params": {"u": 3.2604472141908927, "v": 7.512455893715043, "x": 1.209879041933667, "y": 8.941747996052008}, "datetime": {"datetime": "2024-02-27 10:57:11", "elapsed": 1413.015553, "delta": 6.034548}}
{"target": 5.348912603899439, "params": {"u": 4.725285041296655, "v": 4.278898939392688, "x": 4.006644035580226, "y": 3.6696514491444776}, "datetime": {"datetime": "2024-02-27 10:57:20", "elapsed": 1421.992264, "delta": 8.976711}}
{"target": 0.6491023998323344, "params": {"u": 7.408186370165435, "v": 8.04994544960216, "x": 7.386285759660142, "y": 8.77159937990125}, "datetime": {"datetime": "2024-02-27 10:57:25", "elapsed": 1426.96757, "delta": 4.975306}}
{"target": 0.2003968140736466, "params": {"u": 1.0600720637424266, "v": 2.143164442567107, "x": 6.248828777917726, "y": 7.178067119407841}, "datetime": {"datetime": "2024-02-27 10:57:28", "elapsed": 1429.963133, "delta": 2.995563}}
{"target": 5.8296231961593215, "params": {"u": 4.430160613746191, "v": 4.997063795514565, "x": 4.053597775448314, "y": 4.291999828911437}, "datetime": {"datetime": "2024-02-27 10:57:45", "elapsed": 1446.24375, "delta": 16.280617}}
{"target": 0.9192587632786927, "params": {"u": 4.469315302227712, "v": 3.9279417578060105, "x": 3.089476482353678, "y": 3.5641480999125816}, "datetime": {"datetime": "2024-02-27 10:57:51", "elapsed": 1452.773399, "delta": 6.529649}}
{"target": 0.21214312758469717, "params": {"u": 1.0280816714736873, "v": 9.01020715933036, "x": 6.226786486349743, "y": 7.627868608562217}, "datetime": {"datetime": "2024-02-27 10:57:55", "elapsed": 1457.119505, "delta": 4.346106}}
{"target": 0.19917200115171108, "params": {"u": 0.17049331896040076, "v": 4.036918258053045, "x": 3.1915924954512667, "y": 8.323558553187517}, "datetime": {"datetime": "2024-02-27 10:58:00", "elapsed": 1461.89651, "delta": 4.777005}}
{"target": 0.34196137720111974, "params": {"u": 0.552053800693062, "v": 9.325477225701666, "x": 2.383943760756969, "y": 9.034357890664475}, "datetime": {"datetime": "2024-02-27 10:58:04", "elapsed": 1465.447877, "delta": 3.551367}}
{"target": 0.1433533232240464, "params": {"u": 1.1373747931445655, "v": 0.31862810845542877, "x": 4.311797735903599, "y": 8.279629800343354}, "datetime": {"datetime": "2024-02-27 10:58:06", "elapsed": 1468.128164, "delta": 2.680287}}
{"target": 0.7153504382584022, "params": {"u": 4.834340884691427, "v": 5.308168263605771, "x": 5.6279532422787435, "y": 3.066377391771918}, "datetime": {"datetime": "2024-02-27 10:58:10", "elapsed": 1471.659857, "delta": 3.531693}}
{"target": 0.2081417493509376, "params": {"u": 3.7759422020599698, "v": 3.195629860029415, "x": 6.009790952454409, "y": 9.33850586116177}, "datetime": {"datetime": "2024-02-27 10:58:13", "elapsed": 1474.489297, "delta": 2.82944}}
{"target": 1.0778974529259466, "params": {"u": 4.020442135387734, "v": 5.4301958360880445, "x": 3.903587578610044, "y": 3.329207648620285}, "datetime": {"datetime": "2024-02-27 10:58:20", "elapsed": 1482.170281, "delta": 7.680984}}
{"target": 1.5258940343548015, "params": {"u": 4.600600423671947, "v": 4.597564466746439, "x": 5.0180768640454705, "y": 4.003744089585332}, "datetime": {"datetime": "2024-02-27 10:58:34", "elapsed": 1495.943407, "delta": 13.773126}}
{"target": 0.9496179253504239, "params": {"u": 4.017871049886999, "v": 3.6566854876944066, "x": 3.757810034658504, "y": 4.872830555208504}, "datetime": {"datetime": "2024-02-27 10:58:46", "elapsed": 1507.797077, "delta": 11.85367}}
{"target": 3.138558695757731, "params": {"u": 4.354915119930131, "v": 4.788951532267724, "x": 4.2825343111907355, "y": 3.5316335382682027}, "datetime": {"datetime": "2024-02-27 10:58:53", "elapsed": 1514.75556, "delta": 6.958483}}
{"target": 0.1339902697503363, "params": {"u": 9.995567385511976, "v": 0.6789353325455261, "x": 3.075894272512075, "y": 8.428751908570321}, "datetime": {"datetime": "2024-02-27 10:59:01", "elapsed": 1523.070671, "delta": 8.315111}}
{"target": 3.0205839385040645, "params": {"u": 4.191662050351141, "v": 4.5832508086882235, "x": 4.503126162507273, "y": 3.7395240219020085}, "datetime": {"datetime": "2024-02-27 10:59:10", "elapsed": 1531.377572, "delta": 8.306901}}
{"target": 7.460088251492422, "params": {"u": 4.904506444595349, "v": 4.750320528271178, "x": 3.795047727694959, "y": 4.041515843750815}, "datetime": {"datetime": "2024-02-27 10:59:14", "elapsed": 1535.687049, "delta": 4.309477}}
{"target": 1.321175824775708, "params": {"u": 4.203771608532555, "v": 5.047369000219186, "x": 3.857659640538722, "y": 3.8875124165990016}, "datetime": {"datetime": "2024-02-27 10:59:24", "elapsed": 1545.772533, "delta": 10.085484}}
{"target": 0.6766982994123852, "params": {"u": 7.079168007781962, "v": 2.985342032739482, "x": 8.369485735263881, "y": 2.14338303815212}, "datetime": {"datetime": "2024-02-27 10:59:29", "elapsed": 1550.611594, "delta": 4.839061}}
{"target": 1.1433423866065067, "params": {"u": 5.539294471298791, "v": 4.163006516674565, "x": 3.3348613982166606, "y": 3.840060850968258}, "datetime": {"datetime": "2024-02-27 10:59:45", "elapsed": 1566.289383, "delta": 15.677789}}
{"target": 0.3790118628373305, "params": {"u": 3.8382444653930134, "v": 6.242632568396199, "x": 7.13570979237883, "y": 4.919219883054949}, "datetime": {"datetime": "2024-02-27 10:59:49", "elapsed": 1570.967096, "delta": 4.677713}}
{"target": 5.672679325970291, "params": {"u": 4.867326738449577, "v": 4.078842727468922, "x": 4.198840001615277, "y": 4.234976582774422}, "datetime": {"datetime": "2024-02-27 10:59:58", "elapsed": 1579.236532, "delta": 8.269436}}
{"target": 0.3823082591561169, "params": {"u": 0.5769648215249479, "v": 0.1872284611377839, "x": 0.5632310350752356, "y": 2.090319620425211}, "datetime": {"datetime": "2024-02-27 11:00:01", "elapsed": 1582.647415, "delta": 3.410883}}
{"target": 5.941425622882716, "params": {"u": 4.212781698510879, "v": 4.9537762420690346, "x": 4.017075547809824, "y": 4.289531157911841}, "datetime": {"datetime": "2024-02-27 11:00:13", "elapsed": 1594.658375, "delta": 12.01096}}
{"target": 0.9690785030725899, "params": {"u": 2.5587883148056156, "v": 1.2464697235325117, "x": 1.0448632001753622, "y": 1.140917713316687}, "datetime": {"datetime": "2024-02-27 11:00:22", "elapsed": 1603.532351, "delta": 8.873976}}
{"target": 0.2935434746076438, "params": {"u": 5.569322252593235, "v": 6.83092357211944, "x": 5.605286773479953, "y": 9.605359910918773}, "datetime": {"datetime": "2024-02-27 11:00:26", "elapsed": 1607.337149, "delta": 3.804798}}
{"target": 0.13680964420195013, "params": {"u": 1.1263279622648525, "v": 7.454449224521652, "x": 0.08102535083485463, "y": 0.3249755144437483}, "datetime": {"datetime": "2024-02-27 11:00:31", "elapsed": 1612.486276, "delta": 5.149127}}
{"target": 1.3345732247762023, "params": {"u": 5.11664569821126, "v": 3.831068045990399, "x": 4.228173824516158, "y": 4.017867595595876}, "datetime": {"datetime": "2024-02-27 11:00:45", "elapsed": 1626.497906, "delta": 14.01163}}
{"target": 2.4330682394917402, "params": {"u": 4.202026417075521, "v": 4.1525749719336, "x": 4.21992609305196, "y": 4.607431102702493}, "datetime": {"datetime": "2024-02-27 11:00:52", "elapsed": 1633.679374, "delta": 7.181468}}
{"target": 0.8271692334410425, "params": {"u": 3.9712810351370207, "v": 3.9350354399620624, "x": 4.690982530394287, "y": 4.100427610940045}, "datetime": {"datetime": "2024-02-27 11:01:02", "elapsed": 1643.576617, "delta": 9.897243}}
{"target": 0.2515185706675159, "params": {"u": 9.483960952998782, "v": 7.729094153018357, "x": 4.735505279442803, "y": 8.617539319853405}, "datetime": {"datetime": "2024-02-27 11:01:10", "elapsed": 1652.088225, "delta": 8.511608}}
{"target": 3.4024577987958833, "params": {"u": 4.119513241353933, "v": 4.32511509003786, "x": 3.6546205370328977, "y": 4.347592986120802}, "datetime": {"datetime": "2024-02-27 11:01:17", "elapsed": 1658.994178, "delta": 6.905953}}
{"target": 0.23318276445802488, "params": {"u": 4.07472951570991, "v": 5.1103167891013594, "x": 0.060450370555735766, "y": 8.002819128131947}, "datetime": {"datetime": "2024-02-27 11:01:30", "elapsed": 1671.601098, "delta": 12.60692}}
{"target": 0.23412674364052302, "params": {"u": 2.5993652426264124, "v": 2.823235628234034, "x": 5.69419308493805, "y": 7.445979069397114}, "datetime": {"datetime": "2024-02-27 11:01:35", "elapsed": 1676.404717, "delta": 4.803619}}
{"target": 1.2692006197689991, "params": {"u": 4.648083572279438, "v": 5.155292637225894, "x": 3.7360984342295844, "y": 3.8581774030218075}, "datetime": {"datetime": "2024-02-27 11:01:38", "elapsed": 1679.623793, "delta": 3.219076}}
