{"target": -16.158466900598423, "params": {"u": 0.821146272720422, "x": 2.851919123203022, "y": 1.124897325102725}, "datetime": {"datetime": "2024-02-27 23:15:16", "elapsed": 573.327172, "delta": 1.907842}}
{"target": -10.31526319790309, "params": {"u": 0.667911841152697, "x": 1.2153210433675543, "y": -2.070763800280473}, "datetime": {"datetime": "2024-02-27 23:15:18", "elapsed": 575.335889, "delta": 2.008717}}
{"target": 6.768375313915509, "params": {"u": 1.9950332922106782, "x": 0.5821924480959617, "y": -2.70137002672741}, "datetime": {"datetime": "2024-02-27 23:15:20", "elapsed": 577.712247, "delta": 2.376358}}
{"target": 19.868102573770592, "params": {"u": 2.0, "x": 0.3631768525517645, "y": 1.5859047039687568}, "datetime": {"datetime": "2024-02-27 23:15:24", "elapsed": 581.260717, "delta": 3.54847}}
{"target": 9.083180554606319, "params": {"u": 1.9950664284961817, "x": 0.14889468528344674, "y": -4.630322893983669}, "datetime": {"datetime": "2024-02-27 23:15:28", "elapsed": 585.516701, "delta": 4.255984}}
{"target": 19.821314950010322, "params": {"u": 2.0, "x": 0.42271154466098754, "y": 1.5206958293494643}, "datetime": {"datetime": "2024-02-27 23:15:30", "elapsed": 587.701976, "delta": 2.185275}}
{"target": 1.2514489919028726, "params": {"u": 1.0394493234727538, "x": 2.738072181407271, "y": 1.1677215461031585}, "datetime": {"datetime": "2024-02-27 23:15:32", "elapsed": 589.352262, "delta": 1.650286}}
{"target": 3.858406773705294, "params": {"u": 1.5084828418295275, "x": 1.4643032659951305, "y": -0.41865061795082426}, "datetime": {"datetime": "2024-02-27 23:15:35", "elapsed": 591.993278, "delta": 2.641016}}
{"target": 6.983684566393094, "params": {"u": 1.7168667515873326, "x": -0.7734222520116361, "y": 0.38551465379172534}, "datetime": {"datetime": "2024-02-27 23:15:36", "elapsed": 593.565272, "delta": 1.571994}}
{"target": 19.32648405362453, "params": {"u": 2.0, "x": 0.8206801730122832, "y": -0.31647644056115265}, "datetime": {"datetime": "2024-02-27 23:15:43", "elapsed": 600.582477, "delta": 7.017205}}
{"target": -3.4828479333209117, "params": {"u": 0.04431037635580304, "x": -0.1366327188157257, "y": 0.6361442258483052}, "datetime": {"datetime": "2024-02-27 23:15:45", "elapsed": 602.646321, "delta": 2.063844}}
{"target": 3.8127861605331788, "params": {"u": 1.0060048936156505, "x": 1.483863920957706, "y": -0.2567145811502938}, "datetime": {"datetime": "2024-02-27 23:15:47", "elapsed": 604.643721, "delta": 1.9974}}
{"target": -14.906592743103026, "params": {"u": 0.10334493173282566, "x": -0.3296440756650436, "y": -0.1405323364420754}, "datetime": {"datetime": "2024-02-27 23:15:50", "elapsed": 606.992397, "delta": 2.348676}}
{"target": 9.632253822987607, "params": {"u": 1.9286069821199547, "x": 0.07693022644356699, "y": -4.549783018464785}, "datetime": {"datetime": "2024-02-27 23:15:53", "elapsed": 610.149967, "delta": 3.15757}}
{"target": 6.752054417553577, "params": {"u": 1.7879444574724925, "x": -0.605555339726839, "y": 1.2572818895352222}, "datetime": {"datetime": "2024-02-27 23:15:57", "elapsed": 613.909282, "delta": 3.759315}}
{"target": 8.316674414776134, "params": {"u": 1.9033472174661465, "x": 0.23986571658132183, "y": 3.2049714672088747}, "datetime": {"datetime": "2024-02-27 23:16:02", "elapsed": 618.955372, "delta": 5.04609}}
{"target": 18.0, "params": {"u": 2.0, "x": -1.0, "y": -2.3778211992457114}, "datetime": {"datetime": "2024-02-27 23:16:06", "elapsed": 623.563232, "delta": 4.60786}}
{"target": 6.7959970662057785, "params": {"u": 1.1025534999418167, "x": -0.559041471361541, "y": -1.7112543298142135}, "datetime": {"datetime": "2024-02-27 23:16:09", "elapsed": 626.533965, "delta": 2.970733}}
{"target": 7.111802974492143, "params": {"u": 1.110318023844223, "x": 0.43975945053436716, "y": -3.67045324860529}, "datetime": {"datetime": "2024-02-27 23:16:11", "elapsed": 627.89655, "delta": 1.362585}}
{"target": 4.7045697167536, "params": {"u": 1.364624712736123, "x": 1.2759109968969082, "y": -3.6207774471517276}, "datetime": {"datetime": "2024-02-27 23:16:13", "elapsed": 630.314673, "delta": 2.418123}}
{"target": 16.83315004034892, "params": {"u": 2.0, "x": 1.4720224046022807, "y": -2.3715039021899194}, "datetime": {"datetime": "2024-02-27 23:16:16", "elapsed": 633.403243, "delta": 3.08857}}
{"target": -13.627742903860876, "params": {"u": 0.9971740416573962, "x": 0.6991841012320772, "y": 4.8714440715734}, "datetime": {"datetime": "2024-02-27 23:16:18", "elapsed": 635.138649, "delta": 1.735406}}
{"target": -14.5831128159595, "params": {"u": 0.14672401315131212, "x": 0.3238997624565618, "y": 0.38767181861854816}, "datetime": {"datetime": "2024-02-27 23:16:20", "elapsed": 636.890335, "delta": 1.751686}}
{"target": -1.5665723050349598, "params": {"u": 0.9879641706779534, "x": 0.9409137444388413, "y": 1.9104394719833557}, "datetime": {"datetime": "2024-02-27 23:16:21", "elapsed": 638.51758, "delta": 1.627245}}
{"target": 19.932141379046726, "params": {"u": 2.0, "x": 0.26049687321208703, "y": 3.2862180829577277}, "datetime": {"datetime": "2024-02-27 23:16:24", "elapsed": 641.402693, "delta": 2.885113}}
{"target": 3.831423972744929, "params": {"u": 1.8935349372948524, "x": 1.475477020113781, "y": 2.944971149221721}, "datetime": {"datetime": "2024-02-27 23:16:26", "elapsed": 643.43363, "delta": 2.030937}}
{"target": -8.958008080214555, "params": {"u": 0.846537868652067, "x": 2.0604453714905784, "y": -2.879577595039007}, "datetime": {"datetime": "2024-02-27 23:16:28", "elapsed": 645.696242, "delta": 2.262612}}
{"target": -13.668214224930448, "params": {"u": 0.1793488010557509, "x": 2.9240085677304997, "y": -0.557472916675362}, "datetime": {"datetime": "2024-02-27 23:16:32", "elapsed": 649.268635, "delta": 3.572393}}
{"target": -10.495946688941387, "params": {"u": 0.9523622224126695, "x": -0.7510851623355794, "y": -3.415936772060002}, "datetime": {"datetime": "2024-02-27 23:16:34", "elapsed": 650.93144, "delta": 1.662805}}
{"target": 19.89383002263138, "params": {"u": 2.0, "x": 0.3258373480260032, "y": 1.4872168738587652}, "datetime": {"datetime": "2024-02-27 23:16:37", "elapsed": 654.041176, "delta": 3.109736}}
{"target": -19.440068011640854, "params": {"u": 0.24438779998290294, "x": -0.5673388573362357, "y": 1.712025304033773}, "datetime": {"datetime": "2024-02-27 23:16:38", "elapsed": 655.725626, "delta": 1.68445}}
{"target": -1.5506318599302276, "params": {"u": 0.08249180153666269, "x": 0.9416812072966603, "y": -3.531998515520154}, "datetime": {"datetime": "2024-02-27 23:16:40", "elapsed": 657.650849, "delta": 1.925223}}
{"target": -17.966089618297012, "params": {"u": 0.31497463577879437, "x": -0.3926930364374326, "y": 3.5775512447872764}, "datetime": {"datetime": "2024-02-27 23:16:42", "elapsed": 659.496179, "delta": 1.84533}}
{"target": 6.747558692692319, "params": {"u": 1.425869396633789, "x": -0.6241956708529455, "y": -0.39889288478379825}, "datetime": {"datetime": "2024-02-27 23:16:45", "elapsed": 662.778233, "delta": 3.282054}}
{"target": 7.819055900926326, "params": {"u": 1.8126161452708318, "x": 0.3064953510699189, "y": -2.1839821933443657}, "datetime": {"datetime": "2024-02-27 23:16:48", "elapsed": 665.016187, "delta": 2.237954}}
{"target": 9.88444787980195, "params": {"u": 1.9913937233999974, "x": -0.031555855548909495, "y": 2.6047108405956854}, "datetime": {"datetime": "2024-02-27 23:16:52", "elapsed": 668.891012, "delta": 3.874825}}
{"target": -4.654750278498636, "params": {"u": 0.6403720921496472, "x": -0.15976414552741636, "y": 2.02091490900198}, "datetime": {"datetime": "2024-02-27 23:16:54", "elapsed": 671.001953, "delta": 2.110941}}
{"target": 7.037029605353094, "params": {"u": 1.8673646265772068, "x": 0.7907758353660266, "y": -4.283702456741009}, "datetime": {"datetime": "2024-02-27 23:16:55", "elapsed": 672.670669, "delta": 1.668716}}
{"target": 3.8813996838281, "params": {"u": 1.6002683681025796, "x": 1.4555021852529517, "y": 4.60162030079743}, "datetime": {"datetime": "2024-02-27 23:16:58", "elapsed": 675.042201, "delta": 2.371532}}
{"target": 8.334685146099861, "params": {"u": 1.9308468597747164, "x": 0.2376385515100112, "y": 3.35495194880143}, "datetime": {"datetime": "2024-02-27 23:17:01", "elapsed": 678.436904, "delta": 3.394703}}
{"target": 9.732244471403, "params": {"u": 1.1643916235548035, "x": -0.06085010678631253, "y": 0.8415956694569049}, "datetime": {"datetime": "2024-02-27 23:17:05", "elapsed": 682.414846, "delta": 3.977942}}
{"target": 7.05325382907829, "params": {"u": 1.772550035523225, "x": 0.455596750756043, "y": 0.5158309623510737}, "datetime": {"datetime": "2024-02-27 23:17:07", "elapsed": 684.603386, "delta": 2.18854}}
{"target": 19.847958119376095, "params": {"u": 2.0, "x": 0.38992548086000456, "y": 1.4154964415357476}, "datetime": {"datetime": "2024-02-27 23:17:10", "elapsed": 686.989156, "delta": 2.38577}}
{"target": 7.451488152884757, "params": {"u": 1.8878038553729544, "x": 0.36657037702096096, "y": 1.4086249776211357}, "datetime": {"datetime": "2024-02-27 23:17:14", "elapsed": 691.799119, "delta": 4.809963}}
{"target": 18.0, "params": {"u": 2.0, "x": -1.0, "y": 4.814277688972504}, "datetime": {"datetime": "2024-02-27 23:17:20", "elapsed": 696.906888, "delta": 5.107769}}
{"target": -18.27898444513074, "params": {"u": 0.22138778991659147, "x": 0.6046937308668325, "y": -4.533351396650077}, "datetime": {"datetime": "2024-02-27 23:17:22", "elapsed": 699.259982, "delta": 2.353094}}
{"target": 7.162244876376807, "params": {"u": 1.2342174866992448, "x": 0.8293264509194995, "y": 4.241798284572267}, "datetime": {"datetime": "2024-02-27 23:17:24", "elapsed": 701.07006, "delta": 1.810078}}
{"target": -25.32785651758487, "params": {"u": 0.23750270917552418, "x": 2.6821740815856616, "y": 0.16375075092332558}, "datetime": {"datetime": "2024-02-27 23:17:27", "elapsed": 703.851404, "delta": 2.781344}}
{"target": -17.41035908788757, "params": {"u": 0.492750395526238, "x": 0.6261843726101581, "y": -2.4589790076021356}, "datetime": {"datetime": "2024-02-27 23:17:29", "elapsed": 706.06499, "delta": 2.213586}}
{"target": 4.374158445085946, "params": {"u": 1.7926530654906068, "x": 1.8568581231390584, "y": -3.695417307966969}, "datetime": {"datetime": "2024-02-27 23:17:31", "elapsed": 708.435568, "delta": 2.370578}}
{"target": -0.9953851940187519, "params": {"u": 0.7056216730513927, "x": 0.9964245274669259, "y": -1.4300825119750762}, "datetime": {"datetime": "2024-02-27 23:17:33", "elapsed": 710.037124, "delta": 1.601556}}
{"target": -17.84761999505745, "params": {"u": 0.750485931539937, "x": 0.6157843309714464, "y": 1.577373978984225}, "datetime": {"datetime": "2024-02-27 23:17:35", "elapsed": 712.237339, "delta": 2.200215}}
{"target": -2.5824268340230105, "params": {"u": 0.4884259460344551, "x": 0.11667291067319763, "y": -4.515393677418094}, "datetime": {"datetime": "2024-02-27 23:17:37", "elapsed": 714.368314, "delta": 2.130975}}
{"target": 19.91682604064283, "params": {"u": 2.0, "x": 0.2883989586617255, "y": 1.385170593365842}, "datetime": {"datetime": "2024-02-27 23:17:40", "elapsed": 717.353869, "delta": 2.985555}}
{"target": 7.2732955745204535, "params": {"u": 1.9750490471969824, "x": -0.8648686355793234, "y": 4.759732466707717}, "datetime": {"datetime": "2024-02-27 23:17:43", "elapsed": 720.526943, "delta": 3.173074}}
{"target": 3.769208175786641, "params": {"u": 1.9177326907869179, "x": 1.5065937293028053, "y": -2.3548203182618153}, "datetime": {"datetime": "2024-02-27 23:17:46", "elapsed": 723.819102, "delta": 3.292159}}
