{"target": -3.0864112188853574, "params": {"colsample_bytree": 0.2858366872122089, "learning_rate": 0.10675652800644841, "max_bin_exp": 6.327110262218216, "max_depth": 2.825712480594603, "n_estimators": 515.4151576744097, "reg_alpha": 0.9828382435963258, "reg_lambda": 1.4098402781629082}, "datetime": {"datetime": "2024-02-19 16:03:47", "elapsed": 0.0, "delta": 0.0}}
{"target": -0.6677919025684882, "params": {"colsample_bytree": 0.6475004594120995, "learning_rate": 0.1314366770897663, "max_bin_exp": 8.693177131416078, "max_depth": 4.089302361881276, "n_estimators": 4518.437290373728, "reg_alpha": 2.410360460352989, "reg_lambda": 0.08246715881917444}, "datetime": {"datetime": "2024-02-19 16:03:51", "elapsed": 3.71117, "delta": 3.71117}}
{"target": -0.7020996091999177, "params": {"colsample_bytree": 0.7365781545182708, "learning_rate": 0.22150025021375278, "max_bin_exp": 9.766415900049276, "max_depth": 2.682768101196862, "n_estimators": 4936.540437057325, "reg_alpha": 1.261642136212131, "reg_lambda": 0.34653367818461156}, "datetime": {"datetime": "2024-02-19 16:03:53", "elapsed": 6.032013, "delta": 2.320843}}
{"target": -1.7155857633680556, "params": {"colsample_bytree": 0.6438703351521153, "learning_rate": 0.004381851450737953, "max_bin_exp": 8.819296389684299, "max_depth": 2.496039732537804, "n_estimators": 4937.486533787228, "reg_alpha": 1.6399024058230331, "reg_lambda": 1.361674418434112}, "datetime": {"datetime": "2024-02-19 16:03:55", "elapsed": 8.111107, "delta": 2.079094}}
{"target": -0.7142780921396833, "params": {"colsample_bytree": 0.3085437895001313, "learning_rate": 0.014733764080943412, "max_bin_exp": 6.131587876718856, "max_depth": 4.200319819039779, "n_estimators": 4158.815961475904, "reg_alpha": 1.1108444566796718, "reg_lambda": 1.7073034800261957}, "datetime": {"datetime": "2024-02-19 16:03:59", "elapsed": 11.36868, "delta": 3.257573}}
{"target": -0.84161808954508, "params": {"colsample_bytree": 0.23479892327341237, "learning_rate": 0.1754193122447238, "max_bin_exp": 9.729066199200918, "max_depth": 3.5674323918069204, "n_estimators": 4083.563352482206, "reg_alpha": 0.13218017609433574, "reg_lambda": 2.18425461774934}, "datetime": {"datetime": "2024-02-19 16:04:01", "elapsed": 14.128426, "delta": 2.759746}}
{"target": -0.9911395445297788, "params": {"colsample_bytree": 0.6682776838397306, "learning_rate": 0.3633998631412619, "max_bin_exp": 6.70250926964333, "max_depth": 1.433021293983793, "n_estimators": 4083.268825191832, "reg_alpha": 0.17293172904880028, "reg_lambda": 0.8059640226594598}, "datetime": {"datetime": "2024-02-19 16:04:03", "elapsed": 15.508387, "delta": 1.379961}}
{"target": -0.7697638937676554, "params": {"colsample_bytree": 0.7639293122231676, "learning_rate": 0.47409274793504147, "max_bin_exp": 5.101340208016829, "max_depth": 3.251627581305489, "n_estimators": 983.5748875481593, "reg_alpha": 0.10318707733318133, "reg_lambda": 0.18748250888509155}, "datetime": {"datetime": "2024-02-19 16:04:03", "elapsed": 16.122078, "delta": 0.613691}}
{"target": -0.714458634750912, "params": {"colsample_bytree": 0.4444038851649835, "learning_rate": 0.14288089707603172, "max_bin_exp": 6.21171700157792, "max_depth": 5.392641871175456, "n_estimators": 3591.300424415778, "reg_alpha": 1.495716491647717, "reg_lambda": 2.7625812526880917}, "datetime": {"datetime": "2024-02-19 16:04:08", "elapsed": 20.309907, "delta": 4.187829}}
{"target": -1.4547666189712438, "params": {"colsample_bytree": 0.7305679182479652, "learning_rate": 0.2439059723465211, "max_bin_exp": 4.5255559610350335, "max_depth": 2.059331177959877, "n_estimators": 3023.444085844387, "reg_alpha": 0.6612542421945864, "reg_lambda": 1.3450139119911655}, "datetime": {"datetime": "2024-02-19 16:04:09", "elapsed": 21.263781, "delta": 0.953874}}
{"target": -1.315591021251453, "params": {"colsample_bytree": 0.39710597671503267, "learning_rate": 0.2577937543269509, "max_bin_exp": 4.741849796046607, "max_depth": 4.730678477792413, "n_estimators": 4725.686923057051, "reg_alpha": 2.516593865677004, "reg_lambda": 0.8433349246234623}, "datetime": {"datetime": "2024-02-19 16:04:12", "elapsed": 24.549294, "delta": 3.285513}}
{"target": -0.7114166778557556, "params": {"colsample_bytree": 0.6097391866525663, "learning_rate": 0.44091498843711535, "max_bin_exp": 7.88436705360887, "max_depth": 2.9200500962650597, "n_estimators": 1958.1238759982164, "reg_alpha": 2.071108087483867, "reg_lambda": 0.07397989314372988}, "datetime": {"datetime": "2024-02-19 16:04:13", "elapsed": 25.442926, "delta": 0.893632}}
{"target": -1.903582780264242, "params": {"colsample_bytree": 0.45879098999992957, "learning_rate": 0.1072272996245381, "max_bin_exp": 4.0533025946133705, "max_depth": 2.3093993183018062, "n_estimators": 3283.1300280818145, "reg_alpha": 1.300180446524494, "reg_lambda": 1.255698985781153}, "datetime": {"datetime": "2024-02-19 16:04:14", "elapsed": 26.375289, "delta": 0.932363}}
{"target": -0.6649981686161134, "params": {"colsample_bytree": 0.486635724675462, "learning_rate": 0.14131552146233975, "max_bin_exp": 7.427744364975714, "max_depth": 4.180701880164062, "n_estimators": 2576.2973601345193, "reg_alpha": 2.4679640363862134, "reg_lambda": 1.9427787180786225}, "datetime": {"datetime": "2024-02-19 16:04:15", "elapsed": 27.752388, "delta": 1.377099}}
{"target": -0.6989164084392654, "params": {"colsample_bytree": 0.926646336834472, "learning_rate": 0.3829655375745859, "max_bin_exp": 8.77191521364501, "max_depth": 3.4013213533306716, "n_estimators": 1729.518633080307, "reg_alpha": 2.9987896947428307, "reg_lambda": 2.0074995939337805}, "datetime": {"datetime": "2024-02-19 16:04:16", "elapsed": 28.938322, "delta": 1.185934}}
{"target": -0.8884636398533132, "params": {"colsample_bytree": 0.24819142995606366, "learning_rate": 0.3426356525009982, "max_bin_exp": 9.534198267450748, "max_depth": 5.684797320709791, "n_estimators": 1547.135323541064, "reg_alpha": 2.235434771636977, "reg_lambda": 0.27088916878689273}, "datetime": {"datetime": "2024-02-19 16:04:18", "elapsed": 30.737115, "delta": 1.798793}}
{"target": -0.6685733592786312, "params": {"colsample_bytree": 0.8014358547894298, "learning_rate": 0.4402017692920414, "max_bin_exp": 8.207618575665474, "max_depth": 5.023329029827728, "n_estimators": 2062.7536881890155, "reg_alpha": 2.5162510958009405, "reg_lambda": 1.2316832831707312}, "datetime": {"datetime": "2024-02-19 16:04:20", "elapsed": 32.734935, "delta": 1.99782}}
{"target": -0.8060576939412664, "params": {"colsample_bytree": 0.39976926251326667, "learning_rate": 0.04360961805591672, "max_bin_exp": 6.803097316941674, "max_depth": 2.0814189615468544, "n_estimators": 4018.39472279761, "reg_alpha": 1.9352808260058207, "reg_lambda": 0.5357683339209973}, "datetime": {"datetime": "2024-02-19 16:04:22", "elapsed": 34.618719, "delta": 1.883784}}
{"target": -0.6736275246384328, "params": {"colsample_bytree": 0.726196390617011, "learning_rate": 0.21703499577961816, "max_bin_exp": 6.092032326141718, "max_depth": 4.150203657625698, "n_estimators": 2195.0485756947573, "reg_alpha": 0.1654650259042596, "reg_lambda": 0.8322090854872009}, "datetime": {"datetime": "2024-02-19 16:04:23", "elapsed": 36.103888, "delta": 1.485169}}
{"target": -1.826918963264698, "params": {"colsample_bytree": 0.25247136958070854, "learning_rate": 0.1884622435587747, "max_bin_exp": 5.210712639039651, "max_depth": 2.306329308345131, "n_estimators": 2500.4814760910594, "reg_alpha": 2.898488554436027, "reg_lambda": 0.1101066046794652}, "datetime": {"datetime": "2024-02-19 16:04:24", "elapsed": 36.87804, "delta": 0.774152}}
{"target": -3.0694406583745293, "params": {"colsample_bytree": 0.3994307118789762, "learning_rate": 0.04969499845335688, "max_bin_exp": 9.634300804395963, "max_depth": 3.5403873873731184, "n_estimators": 125.72074000465271, "reg_alpha": 2.9907880164931333, "reg_lambda": 0.02267780330148761}, "datetime": {"datetime": "2024-02-19 16:04:24", "elapsed": 37.04145, "delta": 0.16341}}
{"target": -0.7334164130263506, "params": {"colsample_bytree": 0.4322986243923086, "learning_rate": 0.48576210930390107, "max_bin_exp": 7.04913994507591, "max_depth": 5.494035870973315, "n_estimators": 2515.4873750370352, "reg_alpha": 1.7987486510559312, "reg_lambda": 1.5569697724079383}, "datetime": {"datetime": "2024-02-19 16:04:26", "elapsed": 38.792638, "delta": 1.751188}}
{"target": -1.5649900982226932, "params": {"colsample_bytree": 0.9607925735919054, "learning_rate": 0.09840268889518666, "max_bin_exp": 7.6285519266918085, "max_depth": 1.9005727411887494, "n_estimators": 4724.127933846652, "reg_alpha": 2.787607213495879, "reg_lambda": 0.4801399031528404}, "datetime": {"datetime": "2024-02-19 16:04:28", "elapsed": 40.263815, "delta": 1.471177}}
{"target": -0.7274268255826271, "params": {"colsample_bytree": 0.5498132544343262, "learning_rate": 0.03785745059060555, "max_bin_exp": 7.334300556240888, "max_depth": 4.266380479015046, "n_estimators": 1299.718433403742, "reg_alpha": 2.5431964788989565, "reg_lambda": 2.266499282873056}, "datetime": {"datetime": "2024-02-19 16:04:28", "elapsed": 41.125348, "delta": 0.861533}}
{"target": -0.6668283590315709, "params": {"colsample_bytree": 0.6417710152677716, "learning_rate": 0.22024190699673718, "max_bin_exp": 6.997391963630995, "max_depth": 3.3640432775514535, "n_estimators": 3465.9291275618693, "reg_alpha": 0.42477467234299215, "reg_lambda": 0.11011386099970821}, "datetime": {"datetime": "2024-02-19 16:04:30", "elapsed": 42.265059, "delta": 1.139711}}
{"target": -0.6711323898636123, "params": {"colsample_bytree": 0.44047190374523093, "learning_rate": 0.10186893524839474, "max_bin_exp": 6.012012230784014, "max_depth": 3.8130510317644424, "n_estimators": 4158.918922523946, "reg_alpha": 0.5140120027731298, "reg_lambda": 1.6953459394931962}, "datetime": {"datetime": "2024-02-19 16:04:32", "elapsed": 44.794529, "delta": 2.52947}}
{"target": -0.9054094123322739, "params": {"colsample_bytree": 0.8112625130632272, "learning_rate": 0.00974748491742244, "max_bin_exp": 9.860558758476019, "max_depth": 2.3035229001591557, "n_estimators": 4934.577644930893, "reg_alpha": 2.7120941604462603, "reg_lambda": 0.24413970500982973}, "datetime": {"datetime": "2024-02-19 16:04:34", "elapsed": 47.16587, "delta": 2.371341}}
{"target": -0.6729877075267038, "params": {"colsample_bytree": 0.46554596845919666, "learning_rate": 0.2380492338571012, "max_bin_exp": 8.480912801229115, "max_depth": 4.677723166964177, "n_estimators": 2579.149440619239, "reg_alpha": 2.612950535040984, "reg_lambda": 1.8080590832208985}, "datetime": {"datetime": "2024-02-19 16:04:36", "elapsed": 48.645774, "delta": 1.479904}}
{"target": -1.9192874338159134, "params": {"colsample_bytree": 0.9098672395336032, "learning_rate": 0.1584584849907537, "max_bin_exp": 6.079143086213219, "max_depth": 1.6569932561526666, "n_estimators": 2578.664079319547, "reg_alpha": 1.2106770276067675, "reg_lambda": 1.8912682239709184}, "datetime": {"datetime": "2024-02-19 16:04:37", "elapsed": 49.217354, "delta": 0.57158}}
{"target": -0.6994781197710689, "params": {"colsample_bytree": 0.3383791847096893, "learning_rate": 0.15156313102135976, "max_bin_exp": 8.42496183492442, "max_depth": 5.909543039671017, "n_estimators": 2576.6787029674197, "reg_alpha": 1.0372754915411166, "reg_lambda": 2.5325904806537025}, "datetime": {"datetime": "2024-02-19 16:04:38", "elapsed": 51.162408, "delta": 1.945054}}
{"target": -0.6672251454916285, "params": {"colsample_bytree": 0.6220262591724823, "learning_rate": 0.3268074413426534, "max_bin_exp": 9.84029288569479, "max_depth": 4.51273174050394, "n_estimators": 2574.4348908265424, "reg_alpha": 2.208320459051779, "reg_lambda": 1.2123881736103448}, "datetime": {"datetime": "2024-02-19 16:04:40", "elapsed": 52.800638, "delta": 1.63823}}
{"target": -0.6898010278248587, "params": {"colsample_bytree": 0.4686787408879438, "learning_rate": 0.1553183718172795, "max_bin_exp": 6.27045807698368, "max_depth": 4.2979127832420465, "n_estimators": 2573.359812244358, "reg_alpha": 1.354790600667437, "reg_lambda": 0.26200559066025686}, "datetime": {"datetime": "2024-02-19 16:04:41", "elapsed": 54.116046, "delta": 1.315408}}
{"target": -0.7014355325888653, "params": {"colsample_bytree": 0.523005174223883, "learning_rate": 0.39555392426572394, "max_bin_exp": 9.230260390666484, "max_depth": 2.6192449404792715, "n_estimators": 2571.410823666486, "reg_alpha": 2.3841143432461203, "reg_lambda": 2.8179500089568545}, "datetime": {"datetime": "2024-02-19 16:04:42", "elapsed": 55.088585, "delta": 0.972539}}
{"target": -0.661799240451021, "params": {"colsample_bytree": 0.5773148723271913, "learning_rate": 0.40994521863495675, "max_bin_exp": 9.528457009216888, "max_depth": 5.148328578480277, "n_estimators": 2569.9189179041873, "reg_alpha": 0.8125935202942998, "reg_lambda": 1.3502067949951488}, "datetime": {"datetime": "2024-02-19 16:04:45", "elapsed": 57.176555, "delta": 2.08797}}
{"target": -3.8860020060852163, "params": {"colsample_bytree": 0.2, "learning_rate": 0.001, "max_bin_exp": 7.207299599324483, "max_depth": 6.0, "n_estimators": 2572.4934248604877, "reg_alpha": 3.0, "reg_lambda": 3.0}, "datetime": {"datetime": "2024-02-19 16:04:46", "elapsed": 58.920129, "delta": 1.743574}}
{"target": -0.643578346531456, "params": {"colsample_bytree": 0.9142365455640578, "learning_rate": 0.20862109760698308, "max_bin_exp": 8.19092400671911, "max_depth": 3.499080769377706, "n_estimators": 2574.6046583434077, "reg_alpha": 0.6486518488458739, "reg_lambda": 2.0985019828134885}, "datetime": {"datetime": "2024-02-19 16:04:47", "elapsed": 60.086414, "delta": 1.166285}}
{"target": -0.6002161179518303, "params": {"colsample_bytree": 0.8924350973798345, "learning_rate": 0.15281700258432704, "max_bin_exp": 9.120179706316904, "max_depth": 4.473923838265277, "n_estimators": 2575.9855641056247, "reg_alpha": 0.7573993236230511, "reg_lambda": 1.3684330961829985}, "datetime": {"datetime": "2024-02-19 16:04:49", "elapsed": 61.751266, "delta": 1.664852}}
{"target": -0.7053113531215057, "params": {"colsample_bytree": 0.5144252718046642, "learning_rate": 0.21385345754558416, "max_bin_exp": 9.987416803248143, "max_depth": 2.3905635841383086, "n_estimators": 2576.8026257094966, "reg_alpha": 1.9968168247507345, "reg_lambda": 1.9778371855865124}, "datetime": {"datetime": "2024-02-19 16:04:50", "elapsed": 62.684795, "delta": 0.933529}}
{"target": -0.697162812720692, "params": {"colsample_bytree": 0.866062302971941, "learning_rate": 0.27968331433943866, "max_bin_exp": 8.931253282439515, "max_depth": 2.2912072900129736, "n_estimators": 2571.644201911801, "reg_alpha": 1.9916483120510868, "reg_lambda": 0.330469946121998}, "datetime": {"datetime": "2024-02-19 16:04:51", "elapsed": 63.574945, "delta": 0.89015}}
{"target": -2.7048525332862523, "params": {"colsample_bytree": 0.5638329052574338, "learning_rate": 0.10556300527551046, "max_bin_exp": 7.531647831553027, "max_depth": 1.5119678788847697, "n_estimators": 2570.7421463665105, "reg_alpha": 0.37827672588401084, "reg_lambda": 1.8551562886856634}, "datetime": {"datetime": "2024-02-19 16:04:52", "elapsed": 64.19222, "delta": 0.617275}}
{"target": -1.9201623795374294, "params": {"colsample_bytree": 0.9487908462350478, "learning_rate": 0.15445712198744915, "max_bin_exp": 9.149499391255258, "max_depth": 1.44914497361142, "n_estimators": 2574.2063524797836, "reg_alpha": 0.8601121090342555, "reg_lambda": 1.2357698973648308}, "datetime": {"datetime": "2024-02-19 16:04:52", "elapsed": 64.86624, "delta": 0.67402}}
{"target": -0.7394439334929673, "params": {"colsample_bytree": 0.9731583038807237, "learning_rate": 0.46848966307320383, "max_bin_exp": 7.634307549278919, "max_depth": 3.833426624248625, "n_estimators": 2574.421327235351, "reg_alpha": 0.49486970681566045, "reg_lambda": 0.07289072903851579}, "datetime": {"datetime": "2024-02-19 16:04:53", "elapsed": 66.130668, "delta": 1.264428}}
{"target": -0.6720408638178996, "params": {"colsample_bytree": 0.8965091808188186, "learning_rate": 0.23829045777059668, "max_bin_exp": 8.067879841803833, "max_depth": 3.3925652718851658, "n_estimators": 2575.6398904889325, "reg_alpha": 2.3152316630052723, "reg_lambda": 0.4819738057318873}, "datetime": {"datetime": "2024-02-19 16:04:55", "elapsed": 67.296595, "delta": 1.165927}}
{"target": -0.6866690752714053, "params": {"colsample_bytree": 0.4136181437296652, "learning_rate": 0.19726821903202613, "max_bin_exp": 9.214408631478108, "max_depth": 4.732360431096068, "n_estimators": 2577.677320217176, "reg_alpha": 2.3478116410153023, "reg_lambda": 1.1356072683348133}, "datetime": {"datetime": "2024-02-19 16:04:56", "elapsed": 68.867574, "delta": 1.570979}}
{"target": -1.0796758925553203, "params": {"colsample_bytree": 0.721127657517767, "learning_rate": 0.4967733189536333, "max_bin_exp": 8.79699895635565, "max_depth": 1.755719063726027, "n_estimators": 3466.4992248351105, "reg_alpha": 1.4662653308932185, "reg_lambda": 0.7376639848754494}, "datetime": {"datetime": "2024-02-19 16:04:57", "elapsed": 69.502756, "delta": 0.635182}}
{"target": -0.6683160532342427, "params": {"colsample_bytree": 0.2862886232973256, "learning_rate": 0.09315279240122513, "max_bin_exp": 9.546020041907623, "max_depth": 5.683937001840567, "n_estimators": 2580.377855668108, "reg_alpha": 0.6896398452204434, "reg_lambda": 1.9182676311199458}, "datetime": {"datetime": "2024-02-19 16:04:59", "elapsed": 71.53075, "delta": 2.027994}}
{"target": -0.7250230777974562, "params": {"colsample_bytree": 1.0, "learning_rate": 0.5, "max_bin_exp": 10.0, "max_depth": 3.593576633393073, "n_estimators": 2570.4766398772595, "reg_alpha": 3.0, "reg_lambda": 0.5262689713646099}, "datetime": {"datetime": "2024-02-19 16:05:00", "elapsed": 72.928329, "delta": 1.397579}}
{"target": -0.7504271612839867, "params": {"colsample_bytree": 0.32750797111544183, "learning_rate": 0.25242849222208025, "max_bin_exp": 6.0102568707146355, "max_depth": 4.239352615672017, "n_estimators": 3463.6805910432504, "reg_alpha": 0.9728115872537203, "reg_lambda": 0.6826670469824947}, "datetime": {"datetime": "2024-02-19 16:05:02", "elapsed": 74.235173, "delta": 1.306844}}
{"target": -1.204604299308866, "params": {"colsample_bytree": 0.5374816054491205, "learning_rate": 0.4515568808008104, "max_bin_exp": 4.21177283216822, "max_depth": 3.6948170869341648, "n_estimators": 3465.7748102652777, "reg_alpha": 0.31492834404678893, "reg_lambda": 0.9511735954929617}, "datetime": {"datetime": "2024-02-19 16:05:03", "elapsed": 75.277552, "delta": 1.042379}}
{"target": -0.6391677509283781, "params": {"colsample_bytree": 0.7301915417645173, "learning_rate": 0.04026948911423561, "max_bin_exp": 6.575679944117882, "max_depth": 5.3032919855546945, "n_estimators": 4518.600914499716, "reg_alpha": 1.7263839292371768, "reg_lambda": 1.4875304665267648}, "datetime": {"datetime": "2024-02-19 16:05:07", "elapsed": 79.509168, "delta": 4.231616}}
{"target": -0.656486646312603, "params": {"colsample_bytree": 0.49421684350216283, "learning_rate": 0.174577351711762, "max_bin_exp": 9.731645363644125, "max_depth": 4.686232665637092, "n_estimators": 2571.945676094318, "reg_alpha": 0.7031696177382171, "reg_lambda": 0.20200369415232244}, "datetime": {"datetime": "2024-02-19 16:05:09", "elapsed": 81.258744, "delta": 1.749576}}
{"target": -0.6922182834598636, "params": {"colsample_bytree": 0.4131983431017828, "learning_rate": 0.017958444311543153, "max_bin_exp": 7.516933228397747, "max_depth": 5.921097713340919, "n_estimators": 4521.473230564696, "reg_alpha": 2.4551037694408793, "reg_lambda": 0.3526994719713573}, "datetime": {"datetime": "2024-02-19 16:05:13", "elapsed": 85.516818, "delta": 4.258074}}
{"target": -0.7918770252931987, "params": {"colsample_bytree": 0.29190602057816534, "learning_rate": 0.3803168057529748, "max_bin_exp": 8.426898460541778, "max_depth": 5.631997806042071, "n_estimators": 4515.628049258326, "reg_alpha": 1.4811220975753314, "reg_lambda": 0.853782727324896}, "datetime": {"datetime": "2024-02-19 16:05:17", "elapsed": 89.953228, "delta": 4.43641}}
{"target": -2.3688059715719163, "params": {"colsample_bytree": 0.7635894266383922, "learning_rate": 0.04411408771353165, "max_bin_exp": 7.892487828728568, "max_depth": 1.7953852054081052, "n_estimators": 4520.111069927266, "reg_alpha": 0.6287639849652306, "reg_lambda": 1.4535203653279225}, "datetime": {"datetime": "2024-02-19 16:05:19", "elapsed": 91.561675, "delta": 1.608447}}
{"target": -1.1049724898180027, "params": {"colsample_bytree": 0.6167150181912804, "learning_rate": 0.09370912775105829, "max_bin_exp": 4.658541428686751, "max_depth": 5.16767243501717, "n_estimators": 4517.003162875659, "reg_alpha": 1.1708009389096938, "reg_lambda": 0.6920500241301959}, "datetime": {"datetime": "2024-02-19 16:05:23", "elapsed": 95.482123, "delta": 3.920448}}
{"target": -0.6813763407614614, "params": {"colsample_bytree": 0.9159302128189979, "learning_rate": 0.4615035814389052, "max_bin_exp": 7.151978108709953, "max_depth": 5.500777545742946, "n_estimators": 2578.487862398272, "reg_alpha": 0.798139741787013, "reg_lambda": 1.0221236341662836}, "datetime": {"datetime": "2024-02-19 16:05:25", "elapsed": 97.266613, "delta": 1.78449}}
{"target": -0.7501656313368055, "params": {"colsample_bytree": 0.6354628029169351, "learning_rate": 0.17804787485616697, "max_bin_exp": 5.914320996325532, "max_depth": 3.7940249151306453, "n_estimators": 2062.3413146715093, "reg_alpha": 1.7248103335137546, "reg_lambda": 2.2957810404141132}, "datetime": {"datetime": "2024-02-19 16:05:26", "elapsed": 98.310161, "delta": 1.043548}}
{"target": -0.7562134067292696, "params": {"colsample_bytree": 0.40495635815631914, "learning_rate": 0.4238409068398399, "max_bin_exp": 7.576897588479659, "max_depth": 3.101848451596174, "n_estimators": 2064.0092753227486, "reg_alpha": 1.233555149063445, "reg_lambda": 0.237002623971043}, "datetime": {"datetime": "2024-02-19 16:05:27", "elapsed": 99.39225, "delta": 1.082089}}
