{"target": 0.2607848295197172, "params": {"u": 4.251593921577869, "v": 3.0692656218136443, "x": 0.0, "y": 3.2109549807285385}, "datetime": {"datetime": "2024-02-27 11:06:21", "elapsed": 1962.728826, "delta": 16.411017}}
{"target": 0.13060178127198863, "params": {"u": 0.26918394964826176, "v": 0.3622921980449312, "x": 2.680420601842747, "y": 7.856470936176856}, "datetime": {"datetime": "2024-02-27 11:06:32", "elapsed": 1974.194438, "delta": 11.465612}}
{"target": 0.3778463280713154, "params": {"u": 4.093529645684672, "v": 3.976708787216159, "x": 7.206963217590532, "y": 0.2862221796371134}, "datetime": {"datetime": "2024-02-27 11:06:38", "elapsed": 1979.333409, "delta": 5.138971}}
{"target": 0.1340261830151104, "params": {"u": 3.259994089312679, "v": 0.0, "x": 10.0, "y": 7.390923335997048}, "datetime": {"datetime": "2024-02-27 11:06:48", "elapsed": 1990.097556, "delta": 10.764147}}
{"target": 1.3238985344206902, "params": {"u": 4.316544902070544, "v": 5.018821063650139, "x": 4.059156871631274, "y": 4.214264869889172}, "datetime": {"datetime": "2024-02-27 11:06:57", "elapsed": 1998.681431, "delta": 8.583875}}
{"target": 0.1343278224418324, "params": {"u": 3.6488725132707733, "v": 2.006871267784529, "x": 9.0471638471602, "y": 9.845736209130475}, "datetime": {"datetime": "2024-02-27 11:07:02", "elapsed": 2004.028186, "delta": 5.346755}}
{"target": 0.3291924685309411, "params": {"u": 3.600857152737933, "v": 2.9904470803736705, "x": 1.7469462154566229, "y": 0.0}, "datetime": {"datetime": "2024-02-27 11:07:10", "elapsed": 2011.209988, "delta": 7.181802}}
{"target": 0.16857421915352297, "params": {"u": 0.0, "v": 7.2633263552468526, "x": 6.984210600392292, "y": 8.628834440046893}, "datetime": {"datetime": "2024-02-27 11:07:20", "elapsed": 2021.42245, "delta": 10.212462}}
{"target": 8.759822980001433, "params": {"u": 4.861696079809203, "v": 4.633450133440629, "x": 3.976228443000065, "y": 4.144156880120394}, "datetime": {"datetime": "2024-02-27 11:07:35", "elapsed": 2036.522727, "delta": 15.100277}}
{"target": 0.14393646778708966, "params": {"u": 6.831029342584827, "v": 1.0667579436953367, "x": 8.421046073675965, "y": 9.819091439560841}, "datetime": {"datetime": "2024-02-27 11:07:40", "elapsed": 2042.162726, "delta": 5.639999}}
{"target": 4.747843223802943, "params": {"u": 4.1138149784252755, "v": 4.425508615016499, "x": 4.320691805861621, "y": 3.8031618909019005}, "datetime": {"datetime": "2024-02-27 11:07:49", "elapsed": 2050.419737, "delta": 8.257011}}
{"target": 0.4550229313867686, "params": {"u": 5.172579774833248, "v": 5.6146978333374555, "x": 6.142360666954517, "y": 0.9919286107863046}, "datetime": {"datetime": "2024-02-27 11:07:54", "elapsed": 2055.91867, "delta": 5.498933}}
{"target": 0.5473341251097144, "params": {"u": 8.746793961626311, "v": 4.779126579805277, "x": 5.906354370543192, "y": 5.361843396182223}, "datetime": {"datetime": "2024-02-27 11:07:58", "elapsed": 2059.998259, "delta": 4.079589}}
{"target": 6.934098349161414, "params": {"u": 4.694042787765138, "v": 4.572365843723261, "x": 4.20525021812184, "y": 3.876380469551216}, "datetime": {"datetime": "2024-02-27 11:08:04", "elapsed": 2066.189687, "delta": 6.191428}}
{"target": 0.1530066259294363, "params": {"u": 1.0807397715283074, "v": 0.4077523118497306, "x": 8.364250073211771, "y": 0.6546541644738368}, "datetime": {"datetime": "2024-02-27 11:08:10", "elapsed": 2071.668291, "delta": 5.478604}}
{"target": 0.2209389398257106, "params": {"u": 1.1020438233207075, "v": 6.267724349645317, "x": 2.141771380341112, "y": 1.6510212764206877}, "datetime": {"datetime": "2024-02-27 11:08:17", "elapsed": 2078.361054, "delta": 6.692763}}
{"target": 0.19500144177687673, "params": {"u": 7.802743531328307, "v": 7.872052507779022, "x": 2.2280920440717833, "y": 9.94726607282897}, "datetime": {"datetime": "2024-02-27 11:08:21", "elapsed": 2083.00632, "delta": 4.645266}}
{"target": 0.1472063953442616, "params": {"u": 10.0, "v": 4.433426083978107, "x": 1.07701557098652, "y": 7.191910574619192}, "datetime": {"datetime": "2024-02-27 11:08:34", "elapsed": 2095.881431, "delta": 12.875111}}
{"target": 0.47167969057644893, "params": {"u": 4.083510961520833, "v": 4.8388863377109566, "x": 2.356614897753456, "y": 2.0832392051565964}, "datetime": {"datetime": "2024-02-27 11:08:39", "elapsed": 2100.653888, "delta": 4.772457}}
{"target": 0.24627150614458448, "params": {"u": 0.0, "v": 0.0, "x": 0.0, "y": 2.8987073596060333}, "datetime": {"datetime": "2024-02-27 11:08:51", "elapsed": 2112.5546, "delta": 11.900712}}
{"target": 6.824278209219965, "params": {"u": 4.497715875088623, "v": 4.1085452403608, "x": 4.073551088195526, "y": 3.766517589878685}, "datetime": {"datetime": "2024-02-27 11:09:01", "elapsed": 2122.665166, "delta": 10.110566}}
{"target": 0.267427561567012, "params": {"u": 1.8197998136515654, "v": 1.0632767176217433, "x": 4.863770081012997, "y": 3.70297105983529}, "datetime": {"datetime": "2024-02-27 11:09:14", "elapsed": 2135.411602, "delta": 12.746436}}
{"target": 0.1298448489614442, "params": {"u": 3.942240173829528, "v": 8.477537344969862, "x": 0.0, "y": 0.0}, "datetime": {"datetime": "2024-02-27 11:09:20", "elapsed": 2141.401599, "delta": 5.989997}}
{"target": 0.14256384354713555, "params": {"u": 8.393891585680075, "v": 7.841363095836947, "x": 0.0, "y": 1.4812593466584152}, "datetime": {"datetime": "2024-02-27 11:09:32", "elapsed": 2153.905676, "delta": 12.504077}}
{"target": 0.28980498941399807, "params": {"u": 4.644386374823243, "v": 0.5432085607431925, "x": 4.2929977240658275, "y": 0.16739716123798876}, "datetime": {"datetime": "2024-02-27 11:09:36", "elapsed": 2157.710773, "delta": 3.805097}}
{"target": 0.23309860149419312, "params": {"u": 3.4821188532231426, "v": 6.216784931849473, "x": 3.2713445652356086, "y": 0.0}, "datetime": {"datetime": "2024-02-27 11:09:44", "elapsed": 2165.715715, "delta": 8.004942}}
{"target": 10.255990082539306, "params": {"u": 4.810695097886118, "v": 4.2874076350323325, "x": 3.9547285860332537, "y": 4.027129617156948}, "datetime": {"datetime": "2024-02-27 11:09:56", "elapsed": 2177.874715, "delta": 12.159}}
{"target": 0.3944670114182396, "params": {"u": 2.316908045324176, "v": 6.231741886466526, "x": 4.627019456847261, "y": 8.091526069523669}, "datetime": {"datetime": "2024-02-27 11:10:00", "elapsed": 2181.810964, "delta": 3.936249}}
{"target": 0.21278499478479584, "params": {"u": 3.038199434002491, "v": 7.266055061218021, "x": 6.296769445689938, "y": 0.29617299819561294}, "datetime": {"datetime": "2024-02-27 11:10:06", "elapsed": 2187.781305, "delta": 5.970341}}
{"target": 0.08874515030917464, "params": {"u": 0.0, "v": 10.0, "x": 8.768740458347846, "y": 0.0}, "datetime": {"datetime": "2024-02-27 11:10:28", "elapsed": 2209.537404, "delta": 21.756099}}
{"target": 4.532272981628996, "params": {"u": 4.278349761153005, "v": 4.532032466918937, "x": 4.364438433140272, "y": 4.1397973732242574}, "datetime": {"datetime": "2024-02-27 11:10:37", "elapsed": 2218.65325, "delta": 9.115846}}
{"target": 0.24249562570207173, "params": {"u": 0.30714916002977266, "v": 3.247061375616127, "x": 4.921126056440421, "y": 4.769457035160577}, "datetime": {"datetime": "2024-02-27 11:10:42", "elapsed": 2223.600701, "delta": 4.947451}}
{"target": 0.1587517471656648, "params": {"u": 9.99563567324092, "v": 1.984693456392037, "x": 2.202040281633505, "y": 7.293547026573758}, "datetime": {"datetime": "2024-02-27 11:10:45", "elapsed": 2226.521235, "delta": 2.920534}}
{"target": 0.20257099577158147, "params": {"u": 2.343980052854413, "v": 0.24204442310788998, "x": 6.524424024137617, "y": 5.978284751993676}, "datetime": {"datetime": "2024-02-27 11:11:00", "elapsed": 2242.178483, "delta": 15.657248}}
{"target": 0.5542783414589164, "params": {"u": 4.251408896196507, "v": 7.418639038875221, "x": 4.652402014161202, "y": 5.36135263509284}, "datetime": {"datetime": "2024-02-27 11:11:05", "elapsed": 2246.626703, "delta": 4.44822}}
{"target": 0.31270920702453475, "params": {"u": 6.062090689265644, "v": 7.304360004594026, "x": 8.397753090677089, "y": 2.950558825954032}, "datetime": {"datetime": "2024-02-27 11:11:16", "elapsed": 2257.241534, "delta": 10.614831}}
{"target": 0.21246868054337614, "params": {"u": 1.6048331392693111, "v": 2.2911308066238987, "x": 5.974193537344011, "y": 0.0}, "datetime": {"datetime": "2024-02-27 11:11:28", "elapsed": 2269.677271, "delta": 12.435737}}
{"target": 0.300812395477078, "params": {"u": 5.191444708098341, "v": 5.067136646036923, "x": 2.9819741366604857, "y": 8.991861499447166}, "datetime": {"datetime": "2024-02-27 11:11:33", "elapsed": 2274.729186, "delta": 5.051915}}
{"target": 0.269777372903898, "params": {"u": 9.800272001843952, "v": 1.4877325362140348, "x": 5.581769380203695, "y": 5.628291482059378}, "datetime": {"datetime": "2024-02-27 11:11:45", "elapsed": 2286.752991, "delta": 12.023805}}
{"target": 0.22582963424721633, "params": {"u": 3.4667669334829854, "v": 5.602510666137258, "x": 8.136808923019082, "y": 8.523243937972145}, "datetime": {"datetime": "2024-02-27 11:11:50", "elapsed": 2291.517182, "delta": 4.764191}}
{"target": 0.1621729463975422, "params": {"u": 3.426193119339361, "v": 9.774551520456939, "x": 8.756188153857833, "y": 2.396976322181997}, "datetime": {"datetime": "2024-02-27 11:11:55", "elapsed": 2296.730319, "delta": 5.213137}}
{"target": 0.24622279500875435, "params": {"u": 0.6781556788888055, "v": 4.832639001268788, "x": 5.3806711279479185, "y": 3.49297612740588}, "datetime": {"datetime": "2024-02-27 11:11:58", "elapsed": 2300.154518, "delta": 3.424199}}
{"target": 4.775604670383358, "params": {"u": 4.2018380681433944, "v": 4.175214416918836, "x": 3.940053679619199, "y": 4.3605434607166815}, "datetime": {"datetime": "2024-02-27 11:12:09", "elapsed": 2310.778532, "delta": 10.624014}}
{"target": 0.8272951416317932, "params": {"u": 6.603861250006603, "v": 5.792781893194191, "x": 6.794793800960831, "y": 6.3713134166020104}, "datetime": {"datetime": "2024-02-27 11:12:21", "elapsed": 2322.296716, "delta": 11.518184}}
{"target": 0.1186930266702776, "params": {"u": 0.8016774354127287, "v": 0.72678700719356, "x": 9.939924388520845, "y": 3.49468576738008}, "datetime": {"datetime": "2024-02-27 11:12:26", "elapsed": 2327.870601, "delta": 5.573885}}
{"target": 0.1960591690123094, "params": {"u": 6.855965929872532, "v": 10.0, "x": 8.03773397796485, "y": 10.0}, "datetime": {"datetime": "2024-02-27 11:12:36", "elapsed": 2337.871381, "delta": 10.00078}}
{"target": 0.18730696797994603, "params": {"u": 8.482918631638656, "v": 3.6935387041151335, "x": 9.25523195131525, "y": 8.716278186405688}, "datetime": {"datetime": "2024-02-27 11:12:39", "elapsed": 2340.821164, "delta": 2.949783}}
{"target": 0.24906734777635348, "params": {"u": 5.413171998482687, "v": 6.965080713595579, "x": 0.0, "y": 5.241954149716533}, "datetime": {"datetime": "2024-02-27 11:12:50", "elapsed": 2351.647967, "delta": 10.826803}}
{"target": 1.5201814059440388, "params": {"u": 5.031441764500055, "v": 4.713679387649691, "x": 3.924179874471325, "y": 3.737342777088605}, "datetime": {"datetime": "2024-02-27 11:13:00", "elapsed": 2362.04338, "delta": 10.395413}}
{"target": 0.2689523875617719, "params": {"u": 8.871459267502685, "v": 10.0, "x": 6.487870248281696, "y": 6.3622203722000075}, "datetime": {"datetime": "2024-02-27 11:13:06", "elapsed": 2367.862716, "delta": 5.819336}}
{"target": 0.11588156425555422, "params": {"u": 2.704709069785691, "v": 10.0, "x": 9.281764513314975, "y": 10.0}, "datetime": {"datetime": "2024-02-27 11:13:27", "elapsed": 2389.133249, "delta": 21.270533}}
{"target": 0.6923557272007428, "params": {"u": 4.056677482807979, "v": 5.951492417926549, "x": 5.975734574447605, "y": 4.470564420792321}, "datetime": {"datetime": "2024-02-27 11:13:34", "elapsed": 2395.43349, "delta": 6.300241}}
{"target": 0.24304770726169353, "params": {"u": 0.0, "v": 5.164197357863665, "x": 2.277083721861385, "y": 4.2117617544193156}, "datetime": {"datetime": "2024-02-27 11:13:57", "elapsed": 2418.457057, "delta": 23.023567}}
{"target": 0.13855435283956982, "params": {"u": 8.674192792976728, "v": 6.771434457744552, "x": 0.05302864869604074, "y": 0.27157425409339075}, "datetime": {"datetime": "2024-02-27 11:14:00", "elapsed": 2421.864213, "delta": 3.407156}}
{"target": 0.714497656633952, "params": {"u": 5.263958547167268, "v": 5.0154192349047255, "x": 3.4642535686056943, "y": 2.9508553848742203}, "datetime": {"datetime": "2024-02-27 11:14:11", "elapsed": 2433.099223, "delta": 11.23501}}
{"target": 0.12429127273132586, "params": {"u": 3.8972463751672857, "v": 0.0, "x": 7.083231049329309, "y": 10.0}, "datetime": {"datetime": "2024-02-27 11:14:28", "elapsed": 2450.108476, "delta": 17.009253}}
{"target": 0.23887451753517103, "params": {"u": 10.0, "v": 0.0, "x": 7.382852956293509, "y": 3.963560675545338}, "datetime": {"datetime": "2024-02-27 11:14:39", "elapsed": 2460.462898, "delta": 10.354422}}
{"target": 0.17458766472971615, "params": {"u": 0.21502012841353002, "v": 4.978805175087022, "x": 8.494912228822507, "y": 3.684668334287089}, "datetime": {"datetime": "2024-02-27 11:14:51", "elapsed": 2473.032405, "delta": 12.569507}}
{"target": 6.527735633720787, "params": {"u": 4.3827087669013745, "v": 4.255674789379501, "x": 4.018691830775266, "y": 3.740510573158562}, "datetime": {"datetime": "2024-02-27 11:15:11", "elapsed": 2492.93617, "delta": 19.903765}}
{"target": 6.962936820446853, "params": {"u": 4.266119839120228, "v": 4.369323678397753, "x": 3.7772201709543394, "y": 3.9271647893021386}, "datetime": {"datetime": "2024-02-27 11:15:31", "elapsed": 2513.063698, "delta": 20.127528}}
{"target": 0.2964184344323153, "params": {"u": 9.58942793551607, "v": 3.4816284278423595, "x": 3.2915389254559613, "y": 2.352011855095657}, "datetime": {"datetime": "2024-02-27 11:15:35", "elapsed": 2517.117356, "delta": 4.053658}}
{"target": 0.24171827956526198, "params": {"u": 2.4755415735308794, "v": 9.348415669700843, "x": 6.366759783323956, "y": 5.995335747511373}, "datetime": {"datetime": "2024-02-27 11:15:46", "elapsed": 2527.832201, "delta": 10.714845}}
{"target": 0.13878064962116674, "params": {"u": 2.5676702248409944, "v": 1.939488019979455, "x": 9.994219702587701, "y": 7.139834432300967}, "datetime": {"datetime": "2024-02-27 11:15:50", "elapsed": 2531.313857, "delta": 3.481656}}
{"target": 7.9717656195017375, "params": {"u": 4.354021848689348, "v": 4.616274762710672, "x": 4.029611594204324, "y": 4.1826483118057975}, "datetime": {"datetime": "2024-02-27 11:16:01", "elapsed": 2542.212179, "delta": 10.898322}}
{"target": 0.2508857584970816, "params": {"u": 3.1664859252656963, "v": 2.761936278675198, "x": 1.9361322934249448, "y": 6.919550029693258}, "datetime": {"datetime": "2024-02-27 11:16:04", "elapsed": 2545.768235, "delta": 3.556056}}
{"target": 0.20903942279091645, "params": {"u": 10.0, "v": 5.278678728276923, "x": 10.0, "y": 4.33345366314772}, "datetime": {"datetime": "2024-02-27 11:16:17", "elapsed": 2558.881978, "delta": 13.113743}}
{"target": 0.5004028255393642, "params": {"u": 6.116129898082285, "v": 7.7616602422030585, "x": 7.94454294647778, "y": 5.99808373352702}, "datetime": {"datetime": "2024-02-27 11:16:22", "elapsed": 2563.471504, "delta": 4.589526}}
{"target": 5.1291041494966105, "params": {"u": 4.261853578087774, "v": 4.591746526347861, "x": 3.8325427991818595, "y": 4.295612742852413}, "datetime": {"datetime": "2024-02-27 11:16:42", "elapsed": 2583.217749, "delta": 19.746245}}
{"target": 0.18460470585388516, "params": {"u": 7.7579396458029395, "v": 2.990892688169656, "x": 0.9161642342290444, "y": 7.233725022166574}, "datetime": {"datetime": "2024-02-27 11:16:46", "elapsed": 2588.194833, "delta": 4.977084}}
{"target": 1.5490956510603158, "params": {"u": 5.016524491234586, "v": 4.27075628253795, "x": 4.158306044546723, "y": 4.0947639638073206}, "datetime": {"datetime": "2024-02-27 11:16:52", "elapsed": 2593.587622, "delta": 5.392789}}
{"target": 0.40608956516218575, "params": {"u": 6.830335827841219, "v": 3.01220151797338, "x": 1.9451617403740784, "y": 3.1145111552887297}, "datetime": {"datetime": "2024-02-27 11:16:55", "elapsed": 2597.031267, "delta": 3.443645}}
{"target": 9.952289051656873, "params": {"u": 4.8140984113349745, "v": 4.611082709019167, "x": 3.9232571025710405, "y": 3.9859336440019764}, "datetime": {"datetime": "2024-02-27 11:17:15", "elapsed": 2616.416041, "delta": 19.384774}}
{"target": 0.2998926240541398, "params": {"u": 5.0559958028591945, "v": 1.0375587732149882, "x": 1.4824358823011485, "y": 2.480143369731037}, "datetime": {"datetime": "2024-02-27 11:17:19", "elapsed": 2621.1984, "delta": 4.782359}}
{"target": 0.2799019550628233, "params": {"u": 1.235895765145062, "v": 4.758099100986683, "x": 2.089641566273992, "y": 6.138088261935733}, "datetime": {"datetime": "2024-02-27 11:17:26", "elapsed": 2627.760767, "delta": 6.562367}}
{"target": 0.18289398373550608, "params": {"u": 6.3489469205168705, "v": 1.6005278325698946, "x": 5.084764709612307, "y": 9.199595082982183}, "datetime": {"datetime": "2024-02-27 11:17:31", "elapsed": 2632.873826, "delta": 5.113059}}
{"target": 1.3623032370164219, "params": {"u": 5.646664150477348, "v": 4.08691842667221, "x": 4.951424466511892, "y": 3.975920847939994}, "datetime": {"datetime": "2024-02-27 11:17:34", "elapsed": 2635.455305, "delta": 2.581479}}
{"target": 0.2268533288395368, "params": {"u": 2.03457585817839, "v": 9.078462449860451, "x": 6.816491915331446, "y": 6.8401595623063045}, "datetime": {"datetime": "2024-02-27 11:17:38", "elapsed": 2640.095529, "delta": 4.640224}}
{"target": 8.845583199802958, "params": {"u": 4.328074851700475, "v": 4.609751660065608, "x": 3.9390449639340197, "y": 4.127789935769485}, "datetime": {"datetime": "2024-02-27 11:17:48", "elapsed": 2649.413738, "delta": 9.318209}}
{"target": 0.4869461336726343, "params": {"u": 4.955109787010875, "v": 1.9925624112956586, "x": 5.326069292966186, "y": 4.419227080921883}, "datetime": {"datetime": "2024-02-27 11:17:53", "elapsed": 2655.126486, "delta": 5.712748}}
{"target": 0.22688095136466868, "params": {"u": 9.749834821508136, "v": 2.4561047367387925, "x": 9.826736273075237, "y": 5.3663072237636635}, "datetime": {"datetime": "2024-02-27 11:18:08", "elapsed": 2669.273705, "delta": 14.147219}}
{"target": 0.2971289211531763, "params": {"u": 2.553245476550953, "v": 3.5491599564780807, "x": 0.6360143226641479, "y": 3.375044827802597}, "datetime": {"datetime": "2024-02-27 11:18:13", "elapsed": 2675.042054, "delta": 5.768349}}
{"target": 0.15640847395619464, "params": {"u": 6.541123624648697, "v": 10.0, "x": 0.0, "y": 5.349367341385765}, "datetime": {"datetime": "2024-02-27 11:18:39", "elapsed": 2700.924274, "delta": 25.88222}}
{"target": 0.16889937990559933, "params": {"u": 4.742470609698463, "v": 0.0, "x": 3.736748426744167, "y": 8.5575586813897}, "datetime": {"datetime": "2024-02-27 11:18:49", "elapsed": 2710.708676, "delta": 9.784402}}
{"target": 0.711755313956224, "params": {"u": 6.5052871812677875, "v": 4.546103020915561, "x": 7.345699392498028, "y": 1.9586818031957465}, "datetime": {"datetime": "2024-02-27 11:18:55", "elapsed": 2716.71618, "delta": 6.007504}}
{"target": 0.5555278452529969, "params": {"u": 6.937974169428619, "v": 2.8748206149810773, "x": 5.000172792135231, "y": 5.28116600632485}, "datetime": {"datetime": "2024-02-27 11:19:01", "elapsed": 2722.937953, "delta": 6.221773}}
{"target": 0.2003930221328443, "params": {"u": 9.97643252167985, "v": 1.0880210108232136, "x": 2.532386327016086, "y": 0.6625556444412817}, "datetime": {"datetime": "2024-02-27 11:19:15", "elapsed": 2737.073043, "delta": 14.13509}}
{"target": 0.2660608165814364, "params": {"u": 4.850198965766263, "v": 0.0, "x": 7.358711401894531, "y": 0.0}, "datetime": {"datetime": "2024-02-27 11:19:26", "elapsed": 2747.545512, "delta": 10.472469}}
{"target": 9.456359407710575, "params": {"u": 4.605975771130933, "v": 4.483347063959418, "x": 3.8914974447027326, "y": 4.0109025406686225}, "datetime": {"datetime": "2024-02-27 11:19:32", "elapsed": 2753.932641, "delta": 6.387129}}
{"target": 0.2076672550123048, "params": {"u": 0.42096749902916786, "v": 7.075354912368704, "x": 5.414915376830748, "y": 3.5868229242615945}, "datetime": {"datetime": "2024-02-27 11:19:38", "elapsed": 2759.412478, "delta": 5.479837}}
{"target": 0.3071993668582945, "params": {"u": 7.578015937603974, "v": 7.797953856319717, "x": 6.982376891546762, "y": 9.981887014697822}, "datetime": {"datetime": "2024-02-27 11:19:42", "elapsed": 2763.386977, "delta": 3.974499}}
{"target": 2.3852189557388646, "params": {"u": 6.791567339702861, "v": 2.4920944768928432, "x": 6.202861573448209, "y": 1.8932881712839988}, "datetime": {"datetime": "2024-02-27 11:19:48", "elapsed": 2769.376065, "delta": 5.989088}}
{"target": 0.23412264623919374, "params": {"u": 9.622384634744488, "v": 4.593334347383678, "x": 2.104681847992156, "y": 2.5699607918245846}, "datetime": {"datetime": "2024-02-27 11:19:52", "elapsed": 2773.642158, "delta": 4.266093}}
{"target": 0.136548637810605, "params": {"u": 3.4771101889268707, "v": 2.0000224312054615, "x": 8.684951381617337, "y": 9.982343026070367}, "datetime": {"datetime": "2024-02-27 11:19:57", "elapsed": 2778.699114, "delta": 5.056956}}
{"target": 0.11848346099920133, "params": {"u": 2.972076427636332, "v": 10.0, "x": 2.5551192821304274, "y": 0.0}, "datetime": {"datetime": "2024-02-27 11:20:09", "elapsed": 2790.555088, "delta": 11.855974}}
{"target": 0.15023125154427946, "params": {"u": 0.0, "v": 10.0, "x": 2.8588111067856703, "y": 3.563483641619659}, "datetime": {"datetime": "2024-02-27 11:20:25", "elapsed": 2807.070524, "delta": 16.515436}}
{"target": 2.3327015849766717, "params": {"u": 4.174472146023518, "v": 4.138115358543015, "x": 4.2834016662172, "y": 3.3569389146774267}, "datetime": {"datetime": "2024-02-27 11:20:29", "elapsed": 2810.661887, "delta": 3.591363}}
