{"target": 8.534336567452389, "params": {"u": 1.9988162028749734, "x": 0.2134675875907611, "y": -4.998375414061544}, "datetime": {"datetime": "2024-02-27 23:16:08", "elapsed": 624.841837, "delta": 3.120114}}
{"target": 7.419772883458368, "params": {"u": 1.9702327182485349, "x": -0.955709076704399, "y": -1.6389760986449398}, "datetime": {"datetime": "2024-02-27 23:16:11", "elapsed": 627.943223, "delta": 3.101386}}
{"target": 19.984827486985434, "params": {"u": 2.0, "x": -0.12317675517144501, "y": -0.0468451570162483}, "datetime": {"datetime": "2024-02-27 23:16:15", "elapsed": 632.340291, "delta": 4.397068}}
{"target": 19.371342306388865, "params": {"u": 2.0, "x": 0.7928793688898298, "y": 0.05801015795064923}, "datetime": {"datetime": "2024-02-27 23:16:18", "elapsed": 635.228213, "delta": 2.887922}}
{"target": 9.840750760291517, "params": {"u": 1.9373961207014683, "x": -0.04082570659920304, "y": -4.695560798486912}, "datetime": {"datetime": "2024-02-27 23:16:22", "elapsed": 639.365537, "delta": 4.137324}}
{"target": 5.657518071827777, "params": {"u": 1.9999999992948754, "x": 1.1443329165539462, "y": -1.2381977474961856}, "datetime": {"datetime": "2024-02-27 23:16:26", "elapsed": 642.976112, "delta": 3.610575}}
{"target": 2.915630819751744, "params": {"u": 1.0098678872462101, "x": 2.117521035470498, "y": -2.848121817903906}, "datetime": {"datetime": "2024-02-27 23:16:28", "elapsed": 645.517917, "delta": 2.541805}}
{"target": 8.342718888375302, "params": {"u": 1.982193900187543, "x": 0.236648004846308, "y": 4.942818130681875}, "datetime": {"datetime": "2024-02-27 23:16:31", "elapsed": 648.438743, "delta": 2.920826}}
{"target": 8.485206850810226, "params": {"u": 1.9981274073978532, "x": -0.2193395343391078, "y": -0.6185324026994437}, "datetime": {"datetime": "2024-02-27 23:16:34", "elapsed": 651.271562, "delta": 2.832819}}
{"target": -10.436035846245613, "params": {"u": 0.9965187855121929, "x": 2.1027948301312516, "y": 3.054801171212386}, "datetime": {"datetime": "2024-02-27 23:16:35", "elapsed": 652.771673, "delta": 1.500111}}
{"target": 6.7480897787651095, "params": {"u": 1.9060712624464067, "x": -0.6186851765823707, "y": 3.9481727741354415}, "datetime": {"datetime": "2024-02-27 23:16:38", "elapsed": 655.217159, "delta": 2.445486}}
{"target": 7.417922772530449, "params": {"u": 1.9987192193819758, "x": 0.961613346416553, "y": -4.958241482385908}, "datetime": {"datetime": "2024-02-27 23:16:40", "elapsed": 657.826066, "delta": 2.608907}}
{"target": 6.927705574537985, "params": {"u": 1.9354459390666672, "x": 0.7537354560059515, "y": 0.03350391236547523}, "datetime": {"datetime": "2024-02-27 23:16:43", "elapsed": 660.224491, "delta": 2.398425}}
{"target": -21.495907893318986, "params": {"u": 0.5318660645779583, "x": 1.411783006795237, "y": 1.9044649645813694}, "datetime": {"datetime": "2024-02-27 23:16:45", "elapsed": 662.066593, "delta": 1.842102}}
{"target": 19.683728105274394, "params": {"u": 2.0, "x": 0.5623805604087014, "y": -1.5983276600603211}, "datetime": {"datetime": "2024-02-27 23:16:48", "elapsed": 665.496563, "delta": 3.42997}}
{"target": 6.759352505053602, "params": {"u": 1.4442576027397165, "x": -0.6582596664985498, "y": 2.9300192648944057}, "datetime": {"datetime": "2024-02-27 23:16:50", "elapsed": 667.778088, "delta": 2.281525}}
{"target": 6.787942608708928, "params": {"u": 1.4245982984775947, "x": 0.685765849352872, "y": 1.5013413767744241}, "datetime": {"datetime": "2024-02-27 23:16:52", "elapsed": 669.291587, "delta": 1.513499}}
{"target": 19.469735418702903, "params": {"u": 2.0, "x": 0.7281926814361002, "y": 5.0}, "datetime": {"datetime": "2024-02-27 23:16:54", "elapsed": 671.771548, "delta": 2.479961}}
{"target": 6.755181378571983, "params": {"u": 1.9628343552266778, "x": 0.5994516873186675, "y": -1.5787947413232661}, "datetime": {"datetime": "2024-02-27 23:17:00", "elapsed": 676.961351, "delta": 5.189803}}
{"target": 19.970958650928146, "params": {"u": 2.0, "x": 0.17041522546959936, "y": -1.919548004535532}, "datetime": {"datetime": "2024-02-27 23:17:04", "elapsed": 681.327524, "delta": 4.366173}}
{"target": 1.2926221446040227, "params": {"u": 1.4231990392430487, "x": 2.749323804449987, "y": -2.997360727837153}, "datetime": {"datetime": "2024-02-27 23:17:06", "elapsed": 683.343643, "delta": 2.016119}}
{"target": 7.463552244498569, "params": {"u": 1.9817589995659541, "x": 0.3643636880013781, "y": 4.048791638950222}, "datetime": {"datetime": "2024-02-27 23:17:11", "elapsed": 687.96461, "delta": 4.620967}}
{"target": 6.959037125095186, "params": {"u": 1.9959441820888588, "x": 0.48469492032634776, "y": -2.594211689141066}, "datetime": {"datetime": "2024-02-27 23:17:15", "elapsed": 692.447882, "delta": 4.483272}}
{"target": 6.264264762173809, "params": {"u": 1.0429632863366378, "x": 1.0405248826780094, "y": -4.693706709534683}, "datetime": {"datetime": "2024-02-27 23:17:17", "elapsed": 694.217115, "delta": 1.769233}}
{"target": 3.8594203028697223, "params": {"u": 1.7287129727472137, "x": 1.463902531422177, "y": 1.869673736837961}, "datetime": {"datetime": "2024-02-27 23:17:18", "elapsed": 695.733318, "delta": 1.516203}}
{"target": -16.947756751918945, "params": {"u": 0.8459997199307054, "x": 0.36925786972897834, "y": -1.4135625751067513}, "datetime": {"datetime": "2024-02-27 23:17:20", "elapsed": 697.390035, "delta": 1.656717}}
{"target": 19.74050720191207, "params": {"u": 2.0, "x": 0.5094043561729045, "y": -1.631797873307511}, "datetime": {"datetime": "2024-02-27 23:17:26", "elapsed": 703.658771, "delta": 6.268736}}
{"target": 7.395721351374064, "params": {"u": 1.9563966533781667, "x": -0.9835137079831173, "y": 2.9229304014030513}, "datetime": {"datetime": "2024-02-27 23:17:30", "elapsed": 707.811817, "delta": 4.153046}}
{"target": 2.332937244707173, "params": {"u": 1.485514190050726, "x": 2.201075915761969, "y": 0.42219792024204583}, "datetime": {"datetime": "2024-02-27 23:17:33", "elapsed": 710.337892, "delta": 2.526075}}
{"target": -2.373548697234071, "params": {"u": 0.5349402045204825, "x": 0.11164311156109497, "y": 0.7862202946719723}, "datetime": {"datetime": "2024-02-27 23:17:35", "elapsed": 712.806029, "delta": 2.468137}}
{"target": 5.465075811032115, "params": {"u": 1.9776321527057419, "x": 1.1703085494532317, "y": 2.2909312734340146}, "datetime": {"datetime": "2024-02-27 23:17:40", "elapsed": 716.989043, "delta": 4.183014}}
{"target": 1.7124191609073556, "params": {"u": 1.776224351746674, "x": 2.2962061578902335, "y": -3.882173456398114}, "datetime": {"datetime": "2024-02-27 23:17:42", "elapsed": 719.400914, "delta": 2.411871}}
{"target": 8.496072999427703, "params": {"u": 1.9984742707472976, "x": -0.2180371859462582, "y": -3.306753906388548}, "datetime": {"datetime": "2024-02-27 23:17:46", "elapsed": 723.504349, "delta": 4.103435}}
{"target": -19.79626915168057, "params": {"u": 0.2705556198564236, "x": 0.5509085964127021, "y": 1.7408692929189815}, "datetime": {"datetime": "2024-02-27 23:17:48", "elapsed": 725.591896, "delta": 2.087547}}
