{"target": 0.3569768187241907, "params": {"u": 7.850782805899353, "v": 2.4248786999749785, "w": 9.256808963988938, "x": 1.3479324331600644, "y": 3.698896549924524}, "datetime": {"datetime": "2024-02-25 10:04:02", "elapsed": 746.460381, "delta": 4.015455}}
{"target": 0.6252307732003008, "params": {"u": 6.6736845975606025, "v": 2.671958548639457, "w": 10.97839051197505, "x": 1.8704610294264474, "y": 3.028353334085485}, "datetime": {"datetime": "2024-02-25 10:04:03", "elapsed": 748.226806, "delta": 1.766425}}
{"target": 0.5139328200456902, "params": {"u": 6.669928894014511, "v": 2.630827075997755, "w": 10.117978340300853, "x": 1.7620464836226801, "y": 5.0}, "datetime": {"datetime": "2024-02-25 10:04:08", "elapsed": 752.889418, "delta": 4.662612}}
{"target": -0.4060710646802857, "params": {"u": 8.41226709922982, "v": 1.204374921961401, "w": 9.31315337875673, "x": 2.086431772183208, "y": 4.036041449366962}, "datetime": {"datetime": "2024-02-25 10:04:11", "elapsed": 755.544509, "delta": 2.655091}}
{"target": 0.9223019609692544, "params": {"u": 7.766323486685469, "v": 2.971759701081306, "w": 9.731051835430122, "x": 1.6463799363518226, "y": 3.9530036140011773}, "datetime": {"datetime": "2024-02-25 10:04:13", "elapsed": 758.290952, "delta": 2.746443}}
{"target": 0.7901985006969735, "params": {"u": 6.369681496291877, "v": 2.8275547648571138, "w": 9.900997706963336, "x": 1.8449240632148167, "y": 3.7444411171427814}, "datetime": {"datetime": "2024-02-25 10:04:18", "elapsed": 762.649513, "delta": 4.358561}}
{"target": 0.64740246252412, "params": {"u": 8.107142259877916, "v": 1.1974814224439254, "w": 9.209892872916228, "x": 1.7021189719244239, "y": 4.708994838246557}, "datetime": {"datetime": "2024-02-25 10:04:26", "elapsed": 770.833172, "delta": 8.183659}}
{"target": 0.7075386215749317, "params": {"u": 6.165442034467848, "v": 2.617490224272463, "w": 10.981865491417379, "x": 1.620386845317317, "y": 3.5118566172554497}, "datetime": {"datetime": "2024-02-25 10:04:29", "elapsed": 774.202806, "delta": 3.369634}}
{"target": 0.39282582360957147, "params": {"u": 8.781357937618353, "v": 1.431608433083308, "w": 9.406465820874274, "x": 1.3782056059674366, "y": 4.34680342677201}, "datetime": {"datetime": "2024-02-25 10:04:33", "elapsed": 777.768907, "delta": 3.566101}}
{"target": 0.02976761395550045, "params": {"u": 6.359555185852925, "v": 5.7131414830436515, "w": 1.0705779455867912, "x": 5.7537100028011325, "y": 0.9718511056710899}, "datetime": {"datetime": "2024-02-25 10:04:35", "elapsed": 779.709453, "delta": 1.940546}}
{"target": 0.39013383565155946, "params": {"u": 8.450733746465644, "v": 2.6603297761821216, "w": 9.949196859517826, "x": 2.0586293237048983, "y": 3.584297827357442}, "datetime": {"datetime": "2024-02-25 10:04:37", "elapsed": 781.658768, "delta": 1.949315}}
{"target": -0.03847923216821682, "params": {"u": 11.802719217980195, "v": 11.809690079026872, "w": 6.269925622501242, "x": 5.880997525642077, "y": 4.378459185646799}, "datetime": {"datetime": "2024-02-25 10:04:39", "elapsed": 784.291525, "delta": 2.632757}}
{"target": 0.5846982838126729, "params": {"u": 6.220413720369279, "v": 1.1729293183265854, "w": 9.251009721413237, "x": 1.7841810759677843, "y": 3.0798922812066634}, "datetime": {"datetime": "2024-02-25 10:04:44", "elapsed": 789.235806, "delta": 4.944281}}
{"target": -0.07688077995114136, "params": {"u": 6.349299061722496, "v": 2.8958112978084185, "w": 2.9810590632093943, "x": 3.543955144944567, "y": 1.6501413774499964}, "datetime": {"datetime": "2024-02-25 10:04:46", "elapsed": 790.988803, "delta": 1.752997}}
{"target": 0.7716582779117842, "params": {"u": 7.327777263395916, "v": 1.4375804936564727, "w": 10.313265131114436, "x": 2.071033355287572, "y": 3.1613901861810274}, "datetime": {"datetime": "2024-02-25 10:04:51", "elapsed": 795.350253, "delta": 4.36145}}
{"target": 0.8231634408027996, "params": {"u": 6.911220686963728, "v": 1.9208330191029304, "w": 11.151649329409125, "x": 1.913048952291672, "y": 3.4946610153077065}, "datetime": {"datetime": "2024-02-25 10:04:53", "elapsed": 798.106268, "delta": 2.756015}}
{"target": -0.0693796471029205, "params": {"u": 5.493216194029803, "v": 3.0159882631660437, "w": 10.862999951518425, "x": 7.1980765142408885, "y": 1.5395488932738355}, "datetime": {"datetime": "2024-02-25 10:04:55", "elapsed": 800.100558, "delta": 1.99429}}
{"target": 0.8209905828282404, "params": {"u": 6.842442366124042, "v": 1.6299073718606638, "w": 9.790223224302073, "x": 1.5552521176303906, "y": 4.073467641431281}, "datetime": {"datetime": "2024-02-25 10:04:57", "elapsed": 802.228811, "delta": 2.128253}}
{"target": 0.026242924000828477, "params": {"u": 7.235579076602965, "v": 5.9472510132654435, "w": 4.299898576697189, "x": 4.053186737901993, "y": 1.8497269571986712}, "datetime": {"datetime": "2024-02-25 10:05:00", "elapsed": 804.533935, "delta": 2.305124}}
{"target": 0.5492127636180517, "params": {"u": 6.06253561053253, "v": 2.777454917527199, "w": 9.51815144700161, "x": 1.541470397011468, "y": 3.4504751809648466}, "datetime": {"datetime": "2024-02-25 10:05:02", "elapsed": 806.920622, "delta": 2.386687}}
{"target": 0.8285493531928694, "params": {"u": 8.300379609474662, "v": 2.433661116853002, "w": 9.43781487540301, "x": 1.8366713674434467, "y": 3.701682673492844}, "datetime": {"datetime": "2024-02-25 10:05:05", "elapsed": 810.006011, "delta": 3.085389}}
{"target": 0.026284900786955823, "params": {"u": 4.109641622081879, "v": 4.008851903625736, "w": 2.876157068204464, "x": 3.1661404840877956, "y": 3.359542800641628}, "datetime": {"datetime": "2024-02-25 10:05:07", "elapsed": 812.225418, "delta": 2.219407}}
{"target": 0.2119208028856004, "params": {"u": 6.887383171706935, "v": 2.3034771204446987, "w": 9.984568426503028, "x": 1.2965564633674296, "y": 4.503842707420922}, "datetime": {"datetime": "2024-02-25 10:05:13", "elapsed": 818.064761, "delta": 5.839343}}
{"target": -0.017748933567417774, "params": {"u": 12.07008131805209, "v": 10.03605759649338, "w": 12.530588025201462, "x": 0.6810339747723405, "y": 4.942844413570974}, "datetime": {"datetime": "2024-02-25 10:05:16", "elapsed": 821.166611, "delta": 3.10185}}
{"target": -0.045004127415894636, "params": {"u": 4.363528320955837, "v": 6.498700324570336, "w": 12.844160908110224, "x": 4.367079313801813, "y": 3.8600175926045166}, "datetime": {"datetime": "2024-02-25 10:05:18", "elapsed": 822.964449, "delta": 1.797838}}
{"target": 0.4993734280230244, "params": {"u": 7.133500874505733, "v": 2.3024056214016846, "w": 11.762844610701212, "x": 2.4243826945650104, "y": 3.0547087261269956}, "datetime": {"datetime": "2024-02-25 10:05:22", "elapsed": 827.150619, "delta": 4.18617}}
{"target": 0.06876967487336912, "params": {"u": 7.533587710129352, "v": 2.06964528137274, "w": 5.839053960552393, "x": 7.1495874209531936, "y": 2.0373681176491023}, "datetime": {"datetime": "2024-02-25 10:05:25", "elapsed": 829.347889, "delta": 2.19727}}
{"target": 0.007970207764865723, "params": {"u": 4.668226718458467, "v": 10.718458681668675, "w": 5.844187034231167, "x": 6.17788609123158, "y": 4.420502129180329}, "datetime": {"datetime": "2024-02-25 10:05:27", "elapsed": 832.229908, "delta": 2.882019}}
{"target": 0.8492477947873873, "params": {"u": 8.197829492797684, "v": 2.2443805934915653, "w": 9.824634584352218, "x": 1.8642949853551365, "y": 3.5549655665737627}, "datetime": {"datetime": "2024-02-25 10:05:30", "elapsed": 835.122709, "delta": 2.892801}}
{"target": 0.0780741196302196, "params": {"u": 6.3350102695776265, "v": 5.126220261011692, "w": 5.788248326981556, "x": 3.043817511940679, "y": 0.6491247686335246}, "datetime": {"datetime": "2024-02-25 10:05:33", "elapsed": 837.461107, "delta": 2.338398}}
{"target": 0.0272583022427297, "params": {"u": 8.567322283604724, "v": 7.765307066633901, "w": 3.3919259514562223, "x": 4.827844032531726, "y": 1.3848979928511331}, "datetime": {"datetime": "2024-02-25 10:05:35", "elapsed": 839.800977, "delta": 2.33987}}
{"target": 0.7680064300074328, "params": {"u": 7.556155483485159, "v": 1.9706760557692515, "w": 9.866876693773623, "x": 1.829618511961626, "y": 4.158850643796783}, "datetime": {"datetime": "2024-02-25 10:05:40", "elapsed": 845.193793, "delta": 5.392816}}
{"target": 0.8123789274142073, "params": {"u": 6.249718282144054, "v": 2.4756850810623927, "w": 9.959491961587224, "x": 1.5781322220399365, "y": 3.7847032130542355}, "datetime": {"datetime": "2024-02-25 10:05:46", "elapsed": 850.516577, "delta": 5.322784}}
{"target": -0.37688402530399073, "params": {"u": 10.920121588511622, "v": 12.272861999153418, "w": 10.246014905714997, "x": 4.06311815635229, "y": 2.3645107167834882}, "datetime": {"datetime": "2024-02-25 10:05:48", "elapsed": 852.673323, "delta": 2.156746}}
{"target": -0.05539462069223196, "params": {"u": 2.677703835881692, "v": 12.854963394115668, "w": 6.682484579315911, "x": 5.0125428650882515, "y": 4.857965704545424}, "datetime": {"datetime": "2024-02-25 10:05:51", "elapsed": 855.467779, "delta": 2.794456}}
{"target": -0.1659941939460707, "params": {"u": 9.136028180138517, "v": 2.1187495720841856, "w": 9.657625267707779, "x": 1.752107903524902, "y": 4.516810974685168}, "datetime": {"datetime": "2024-02-25 10:05:54", "elapsed": 858.947784, "delta": 3.480005}}
{"target": 0.07349598425416351, "params": {"u": 7.812734560537648, "v": 8.105405746555185, "w": 12.945167561456655, "x": 4.237512670825503, "y": 4.321310762641135}, "datetime": {"datetime": "2024-02-25 10:05:56", "elapsed": 861.296133, "delta": 2.348349}}
{"target": 0.856268529253221, "params": {"u": 7.188140731948289, "v": 1.9037008959957866, "w": 11.552214539090786, "x": 1.8308070429781211, "y": 3.476552730187115}, "datetime": {"datetime": "2024-02-25 10:06:00", "elapsed": 865.315747, "delta": 4.019614}}
{"target": 0.0075680307957136095, "params": {"u": 6.797813127427326, "v": 2.092681647585031, "w": 11.282569186982368, "x": 0.9302706632675413, "y": 4.9898909045031274}, "datetime": {"datetime": "2024-02-25 10:06:04", "elapsed": 868.605049, "delta": 3.289302}}
{"target": 0.7261390789914937, "params": {"u": 6.716312270974676, "v": 1.311500799537444, "w": 9.643412254395884, "x": 1.8838685668695216, "y": 3.7143783617918102}, "datetime": {"datetime": "2024-02-25 10:06:08", "elapsed": 872.871886, "delta": 4.266837}}
{"target": 0.34799228344616834, "params": {"u": 6.578331504022323, "v": 1.1904258763987174, "w": 9.236828593231365, "x": 1.33286299394153, "y": 4.245262502973375}, "datetime": {"datetime": "2024-02-25 10:06:12", "elapsed": 876.423623, "delta": 3.551737}}
{"target": 0.550619340368323, "params": {"u": 7.833135870777624, "v": 2.662563696936512, "w": 10.384838602934469, "x": 2.721020070065185, "y": 2.1752793164465234}, "datetime": {"datetime": "2024-02-25 10:06:17", "elapsed": 881.771974, "delta": 5.348351}}
{"target": 0.002556775143479511, "params": {"u": 4.810468924373078, "v": 5.652710865492114, "w": 2.4517554234604324, "x": 3.0831002851742717, "y": 1.5185628770855686}, "datetime": {"datetime": "2024-02-25 10:06:20", "elapsed": 884.526409, "delta": 2.754435}}
{"target": -0.7059923471701749, "params": {"u": 7.402683106560778, "v": 2.4707722461913706, "w": 11.366490150054853, "x": 2.2005124568646206, "y": 3.9118825762106506}, "datetime": {"datetime": "2024-02-25 10:06:27", "elapsed": 891.516441, "delta": 6.990032}}
{"target": -0.22222263675564502, "params": {"u": 6.678276959051898, "v": 3.632831893255777, "w": 10.805736390595147, "x": 1.607265307141375, "y": 2.7714223783295275}, "datetime": {"datetime": "2024-02-25 10:06:32", "elapsed": 896.400502, "delta": 4.884061}}
{"target": 0.7708711466176651, "params": {"u": 7.0356085499524355, "v": 1.6670596956353179, "w": 11.461141758026475, "x": 2.056651150657481, "y": 3.2770029909356406}, "datetime": {"datetime": "2024-02-25 10:06:34", "elapsed": 899.040213, "delta": 2.639711}}
{"target": -0.010207886964412593, "params": {"u": 2.306238625348413, "v": 8.353196686372705, "w": 2.3987055228192244, "x": 4.346176878464906, "y": 0.2961317575275373}, "datetime": {"datetime": "2024-02-25 10:06:35", "elapsed": 900.27424, "delta": 1.234027}}
{"target": 0.03393651279248652, "params": {"u": 10.425215239771367, "v": 4.869733898918889, "w": 9.477850735565461, "x": 4.092268304047245, "y": 1.6597256830525269}, "datetime": {"datetime": "2024-02-25 10:06:39", "elapsed": 903.499968, "delta": 3.225728}}
{"target": 0.11404940487107774, "params": {"u": 9.662127968492864, "v": 1.5773312110996112, "w": 10.779470717636677, "x": 1.8994013550203661, "y": 4.596968414260023}, "datetime": {"datetime": "2024-02-25 10:06:41", "elapsed": 905.48155, "delta": 1.981582}}
{"target": -0.03846271575161025, "params": {"u": 12.116860986096887, "v": 10.642208623925388, "w": 4.27221166793771, "x": 2.234534660560838, "y": 1.4147046973820534}, "datetime": {"datetime": "2024-02-25 10:06:43", "elapsed": 907.517138, "delta": 2.035588}}
{"target": 0.5144179666463737, "params": {"u": 6.99079274454417, "v": 2.343645052873886, "w": 11.411331325399594, "x": 1.6080661083053944, "y": 3.261643170396771}, "datetime": {"datetime": "2024-02-25 10:06:46", "elapsed": 911.240079, "delta": 3.722941}}
{"target": 0.8000168529729308, "params": {"u": 6.903619978652413, "v": 1.8454718946574835, "w": 11.183900248977968, "x": 1.9914437825721902, "y": 3.344456693253155}, "datetime": {"datetime": "2024-02-25 10:06:49", "elapsed": 913.636099, "delta": 2.39602}}
{"target": 0.02538242070603198, "params": {"u": 6.648184119090896, "v": 5.98955888887151, "w": 7.359657768139917, "x": 7.484660559740654, "y": 1.6471316858760003}, "datetime": {"datetime": "2024-02-25 10:06:51", "elapsed": 916.251168, "delta": 2.615069}}
{"target": 0.9137946621157531, "params": {"u": 8.051760935479349, "v": 2.538658894012325, "w": 9.582280658993438, "x": 1.7261090092538616, "y": 4.0586003500550385}, "datetime": {"datetime": "2024-02-25 10:06:55", "elapsed": 919.567218, "delta": 3.31605}}
{"target": 0.8788583733858556, "params": {"u": 6.456500660799878, "v": 2.0937900077393485, "w": 11.529877754646638, "x": 1.8062994810073558, "y": 3.6338166656661754}, "datetime": {"datetime": "2024-02-25 10:06:59", "elapsed": 923.651451, "delta": 4.084233}}
{"target": 0.5688721286736025, "params": {"u": 7.596861069681379, "v": 1.951285092800393, "w": 11.785328340140904, "x": 2.767131654170768, "y": 2.2680076646657463}, "datetime": {"datetime": "2024-02-25 10:07:03", "elapsed": 927.61129, "delta": 3.959839}}
{"target": -0.10619242143152022, "params": {"u": 8.828137237799256, "v": 2.791883923655153, "w": 3.343358462229998, "x": 2.2735868916090216, "y": 1.0177431197541478}, "datetime": {"datetime": "2024-02-25 10:07:04", "elapsed": 929.253477, "delta": 1.642187}}
{"target": -0.05078617313935965, "params": {"u": 3.9730319410686463, "v": 8.6742555500953, "w": 5.708424852198623, "x": 1.3699873716056397, "y": 1.9704879249801635}, "datetime": {"datetime": "2024-02-25 10:07:07", "elapsed": 931.81569, "delta": 2.562213}}
{"target": -0.04579612649039528, "params": {"u": 1.2998961781175438, "v": 3.7934370074253536, "w": 7.523248474604875, "x": 5.564243949739998, "y": 3.338745421867485}, "datetime": {"datetime": "2024-02-25 10:07:09", "elapsed": 933.870455, "delta": 2.054765}}
{"target": -0.02291606815669241, "params": {"u": 5.238186524121161, "v": 2.2682479896770684, "w": 1.0341415794467772, "x": 7.341180766241842, "y": 3.295093129213871}, "datetime": {"datetime": "2024-02-25 10:07:11", "elapsed": 935.505015, "delta": 1.63456}}
{"target": 0.6298978765051937, "params": {"u": 7.233917019981102, "v": 2.5770502358671417, "w": 10.888239414370084, "x": 2.3807221484854066, "y": 2.591777314489156}, "datetime": {"datetime": "2024-02-25 10:07:15", "elapsed": 939.469094, "delta": 3.964079}}
{"target": -0.18043737830926998, "params": {"u": 6.596755171022004, "v": 1.5525164025628038, "w": 12.221995123330494, "x": 1.6295867582451944, "y": 3.9268969698128595}, "datetime": {"datetime": "2024-02-25 10:07:18", "elapsed": 942.847572, "delta": 3.378478}}
{"target": 0.92833897240701, "params": {"u": 6.0352116229156785, "v": 2.4037134906421, "w": 11.36474578963291, "x": 1.665935076502938, "y": 3.9297838671759044}, "datetime": {"datetime": "2024-02-25 10:07:21", "elapsed": 945.750402, "delta": 2.90283}}
{"target": -0.07000838598530375, "params": {"u": 5.394369520013274, "v": 12.274214447309031, "w": 3.8102605130036222, "x": 4.357119761356138, "y": 2.195566808448577}, "datetime": {"datetime": "2024-02-25 10:07:23", "elapsed": 947.788375, "delta": 2.037973}}
{"target": 0.057964407331521355, "params": {"u": 4.079312744912986, "v": 5.692091463010401, "w": 12.98595623528656, "x": 1.8364472378567633, "y": 2.383976132355286}, "datetime": {"datetime": "2024-02-25 10:07:25", "elapsed": 949.579943, "delta": 1.791568}}
{"target": 0.0976403891406905, "params": {"u": 7.550017270985334, "v": 1.946373899500458, "w": 12.07709298014657, "x": 1.9343183082935202, "y": 2.506850317400024}, "datetime": {"datetime": "2024-02-25 10:07:29", "elapsed": 953.657452, "delta": 4.077509}}
{"target": 0.014261243601052204, "params": {"u": 6.596428972978863, "v": 1.8667203311957308, "w": 11.806224590329572, "x": 3.1296737542646857, "y": 2.6627266866247625}, "datetime": {"datetime": "2024-02-25 10:07:33", "elapsed": 957.476279, "delta": 3.818827}}
{"target": 0.1040770963463952, "params": {"u": 7.741160092572406, "v": 2.941802620010059, "w": 9.376290559222985, "x": 1.1828801032173784, "y": 4.358040664777999}, "datetime": {"datetime": "2024-02-25 10:07:40", "elapsed": 964.745208, "delta": 7.268929}}
{"target": 0.39124305980407975, "params": {"u": 7.313725885815293, "v": 2.519823786896673, "w": 11.1292581955469, "x": 3.2660085836386457, "y": 2.2188952898332346}, "datetime": {"datetime": "2024-02-25 10:07:43", "elapsed": 968.079968, "delta": 3.33476}}
{"target": 0.44447216370765624, "params": {"u": 6.681965403714189, "v": 1.3004540397955426, "w": 9.520663658293044, "x": 2.312617015016561, "y": 2.157343142487332}, "datetime": {"datetime": "2024-02-25 10:07:46", "elapsed": 970.475809, "delta": 2.395841}}
{"target": -0.02289625724531588, "params": {"u": 5.7678955940800165, "v": 2.2836420854541495, "w": 11.567874659690908, "x": 1.2679408423910314, "y": 3.6354688790177554}, "datetime": {"datetime": "2024-02-25 10:07:52", "elapsed": 977.073232, "delta": 6.597423}}
{"target": -0.02635501383649014, "params": {"u": 7.760836846795513, "v": 4.8179610188753745, "w": 5.047254943876051, "x": 1.269571471437838, "y": 2.7811733166954684}, "datetime": {"datetime": "2024-02-25 10:07:54", "elapsed": 979.255867, "delta": 2.182635}}
{"target": 0.7514535480357896, "params": {"u": 7.470952574818952, "v": 1.3526241172156617, "w": 11.854524319232247, "x": 2.0174603918952583, "y": 3.4025019492986868}, "datetime": {"datetime": "2024-02-25 10:07:58", "elapsed": 982.353339, "delta": 3.097472}}
{"target": -0.04424308413411372, "params": {"u": 11.554245899501403, "v": 2.225319876729235, "w": 2.8153505093698152, "x": 1.4385171655890343, "y": 2.680954514894823}, "datetime": {"datetime": "2024-02-25 10:08:00", "elapsed": 984.383192, "delta": 2.029853}}
{"target": 0.021207845101258685, "params": {"u": 2.6650448760693584, "v": 8.719676798378572, "w": 10.952139930339218, "x": 6.43915469883055, "y": 2.055221979770674}, "datetime": {"datetime": "2024-02-25 10:08:02", "elapsed": 986.889751, "delta": 2.506559}}
{"target": 0.06899254945653868, "params": {"u": 9.298415669760146, "v": 3.534703719090894, "w": 6.133164900166449, "x": 2.673391532726618, "y": 3.5026619102312098}, "datetime": {"datetime": "2024-02-25 10:08:04", "elapsed": 989.035072, "delta": 2.145321}}
{"target": 0.026506459374302235, "params": {"u": 5.318200751105113, "v": 11.588677769950497, "w": 2.938255118477851, "x": 3.742736513817202, "y": 1.118914909934371}, "datetime": {"datetime": "2024-02-25 10:08:06", "elapsed": 991.120164, "delta": 2.085092}}
{"target": 0.5455130327663283, "params": {"u": 7.865680969998495, "v": 1.951045054503426, "w": 10.35645084006985, "x": 2.768422459270302, "y": 2.5567499967743195}, "datetime": {"datetime": "2024-02-25 10:08:08", "elapsed": 992.904558, "delta": 1.784394}}
{"target": 0.5086151521853068, "params": {"u": 7.384808989156532, "v": 2.699411408280268, "w": 10.951125238239475, "x": 2.6397731858063174, "y": 2.064841739862401}, "datetime": {"datetime": "2024-02-25 10:08:11", "elapsed": 995.697159, "delta": 2.792601}}
{"target": -0.043877724688930336, "params": {"u": 1.044039453746112, "v": 3.634324223870476, "w": 7.803294147625274, "x": 6.207651690417532, "y": 1.3430605833301752}, "datetime": {"datetime": "2024-02-25 10:08:14", "elapsed": 999.196787, "delta": 3.499628}}
{"target": 0.321575604878199, "params": {"u": 7.478434618225945, "v": 1.39662413610198, "w": 11.056457677660159, "x": 2.426914118547594, "y": 3.1548078770724657}, "datetime": {"datetime": "2024-02-25 10:08:19", "elapsed": 1003.610035, "delta": 4.413248}}
{"target": -0.027230943071086613, "params": {"u": 2.377983972222187, "v": 10.28851210216342, "w": 3.001967677755878, "x": 2.846100245713804, "y": 0.6515993852209213}, "datetime": {"datetime": "2024-02-25 10:08:22", "elapsed": 1006.881624, "delta": 3.271589}}
{"target": 0.6356481268568768, "params": {"u": 6.97525039226823, "v": 2.7948921428434796, "w": 11.32429990003158, "x": 2.2593302855733044, "y": 2.677294176981323}, "datetime": {"datetime": "2024-02-25 10:08:28", "elapsed": 1013.024458, "delta": 6.142834}}
{"target": -0.6519978376023295, "params": {"u": 6.352645222225686, "v": 2.3890641140108366, "w": 11.115909470039735, "x": 2.240984289721091, "y": 4.254000145399271}, "datetime": {"datetime": "2024-02-25 10:08:32", "elapsed": 1017.202477, "delta": 4.178019}}
{"target": -0.04963448177499896, "params": {"u": 9.389867615010775, "v": 4.2302890935888655, "w": 7.4585368025540735, "x": 2.253944169225464, "y": 2.32208397797235}, "datetime": {"datetime": "2024-02-25 10:08:36", "elapsed": 1020.992218, "delta": 3.789741}}
