{"target": 1.386007397722702, "params": {"u": 1.2205444270615566, "x": 2.773067803001708, "y": 3.8440401334264163}, "datetime": {"datetime": "2024-02-27 23:06:49", "elapsed": 66.700637, "delta": 0.570064}}
{"target": 4.609713491884445, "params": {"u": 1.283589873973275, "x": 1.9676128047798445, "y": 1.1518705952679609}, "datetime": {"datetime": "2024-02-27 23:06:50", "elapsed": 67.138046, "delta": 0.437409}}
{"target": 6.878601103064771, "params": {"u": 1.2627091503271959, "x": 0.5152054155552999, "y": -3.458534907940707}, "datetime": {"datetime": "2024-02-27 23:06:50", "elapsed": 67.813083, "delta": 0.675037}}
{"target": 2.234567029101857, "params": {"u": 1.7282445589030746, "x": 2.214989483288821, "y": 4.998264598115744}, "datetime": {"datetime": "2024-02-27 23:06:51", "elapsed": 68.557203, "delta": 0.74412}}
{"target": 8.795337272341595, "params": {"u": 1.9755933129960652, "x": -0.18275444990123946, "y": -1.6641356908306082}, "datetime": {"datetime": "2024-02-27 23:06:52", "elapsed": 69.393066, "delta": 0.835863}}
{"target": 6.791112574988215, "params": {"u": 1.9568660916652436, "x": 0.5625331931910238, "y": 1.8288670343187938}, "datetime": {"datetime": "2024-02-27 23:06:53", "elapsed": 70.206112, "delta": 0.813046}}
{"target": -2.771749011861722, "params": {"u": 0.4360567184802562, "x": 1.0578232822578757, "y": 2.728820227566686}, "datetime": {"datetime": "2024-02-27 23:06:54", "elapsed": 71.465078, "delta": 1.258966}}
{"target": -15.771972492893518, "params": {"u": 0.26961131420499496, "x": -0.6604228968760495, "y": -2.0125601999286094}, "datetime": {"datetime": "2024-02-27 23:06:55", "elapsed": 72.331529, "delta": 0.866451}}
{"target": -5.2467972069623645, "params": {"u": 0.8092375461445556, "x": 1.9530202606717095, "y": 3.5392776224313565}, "datetime": {"datetime": "2024-02-27 23:06:56", "elapsed": 73.113907, "delta": 0.782378}}
{"target": 7.1495731700722445, "params": {"u": 1.0475456616794814, "x": 0.8254492321154885, "y": 0.04276946035099094}, "datetime": {"datetime": "2024-02-27 23:06:57", "elapsed": 74.313666, "delta": 1.199759}}
{"target": 9.939960853414782, "params": {"u": 1.9708993276217166, "x": -0.018138138043744423, "y": 0.5884889795804549}, "datetime": {"datetime": "2024-02-27 23:06:58", "elapsed": 75.775571, "delta": 1.461905}}
{"target": 8.030900684192119, "params": {"u": 1.9783974737107533, "x": 0.27669585526170426, "y": 1.0482463758080236}, "datetime": {"datetime": "2024-02-27 23:06:59", "elapsed": 76.63959, "delta": 0.864019}}
{"target": 7.735029986541672, "params": {"u": 1.9817234358103264, "x": 0.3191289444995844, "y": -4.221256732347371}, "datetime": {"datetime": "2024-02-27 23:07:00", "elapsed": 77.60045, "delta": 0.96086}}
{"target": 19.953368583525197, "params": {"u": 2.0, "x": 0.21594308619356398, "y": -1.6993852710623967}, "datetime": {"datetime": "2024-02-27 23:07:01", "elapsed": 78.361198, "delta": 0.760748}}
{"target": 3.90128281934048, "params": {"u": 1.2061925646210439, "x": 1.4483282712947751, "y": 1.6873201028929206}, "datetime": {"datetime": "2024-02-27 23:07:02", "elapsed": 79.09095, "delta": 0.729752}}
{"target": 7.779336382819597, "params": {"u": 1.9521918606082675, "x": 0.31240118984973186, "y": -4.976212499134264}, "datetime": {"datetime": "2024-02-27 23:07:03", "elapsed": 79.870347, "delta": 0.779397}}
{"target": 7.395230337552022, "params": {"u": 1.0048757046167673, "x": 0.9187465733194027, "y": -4.094544636733054}, "datetime": {"datetime": "2024-02-27 23:07:03", "elapsed": 80.557473, "delta": 0.687126}}
{"target": 9.310827077532117, "params": {"u": 1.9351711563261023, "x": -0.12102884440401684, "y": -0.8237757733209481}, "datetime": {"datetime": "2024-02-27 23:07:04", "elapsed": 81.49824, "delta": 0.940767}}
{"target": 9.962240680531156, "params": {"u": 1.9498464316148032, "x": 0.01199661391969542, "y": 0.560224445516285}, "datetime": {"datetime": "2024-02-27 23:07:05", "elapsed": 82.189288, "delta": 0.691048}}
{"target": 19.99740926055073, "params": {"u": 2.0, "x": -0.05089930696257277, "y": 0.5037494295315137}, "datetime": {"datetime": "2024-02-27 23:07:06", "elapsed": 83.82059, "delta": 1.631302}}
{"target": 8.033896510964091, "params": {"u": 1.9623427446009714, "x": 0.27629220473639116, "y": -2.5511857080933806}, "datetime": {"datetime": "2024-02-27 23:07:08", "elapsed": 85.250238, "delta": 1.429648}}
{"target": 7.160270455223909, "params": {"u": 1.1609929357718465, "x": 0.42760426981091326, "y": -4.244835438587712}, "datetime": {"datetime": "2024-02-27 23:07:09", "elapsed": 86.162501, "delta": 0.912263}}
{"target": 9.833461413614312, "params": {"u": 1.8284821724856393, "x": 0.04228961307300372, "y": -0.7578085674223276}, "datetime": {"datetime": "2024-02-27 23:07:10", "elapsed": 87.223388, "delta": 1.060887}}
{"target": 3.8031901756108404, "params": {"u": 1.2689849036828476, "x": 1.6898031416884023, "y": 3.6221966855245427}, "datetime": {"datetime": "2024-02-27 23:07:10", "elapsed": 87.756622, "delta": 0.533234}}
{"target": 9.93228550425697, "params": {"u": 1.9759000827582276, "x": -0.02013617801079889, "y": -0.7937981091617471}, "datetime": {"datetime": "2024-02-27 23:07:11", "elapsed": 88.763813, "delta": 1.007191}}
{"target": 9.050313417162894, "params": {"u": 1.9702437791850969, "x": 0.15280742820224535, "y": -2.557472041360368}, "datetime": {"datetime": "2024-02-27 23:07:13", "elapsed": 90.015027, "delta": 1.251214}}
{"target": 3.79165084431407, "params": {"u": 1.146234981318881, "x": 1.4942332015988993, "y": -2.398435050454469}, "datetime": {"datetime": "2024-02-27 23:07:14", "elapsed": 91.049479, "delta": 1.034452}}
{"target": 7.415912113440626, "params": {"u": 1.991817583881887, "x": -0.9387688376789387, "y": 2.073977454316756}, "datetime": {"datetime": "2024-02-27 23:07:15", "elapsed": 92.451818, "delta": 1.402339}}
{"target": 8.33980187595176, "params": {"u": 1.995068385037734, "x": 0.23700746503362602, "y": -2.445221792064972}, "datetime": {"datetime": "2024-02-27 23:07:16", "elapsed": 93.358484, "delta": 0.906666}}
{"target": 19.866280837492592, "params": {"u": 2.0, "x": 0.36567630837587217, "y": 0.996852104201322}, "datetime": {"datetime": "2024-02-27 23:07:17", "elapsed": 94.466475, "delta": 1.107991}}
{"target": 7.806643843199488, "params": {"u": 1.9564431137682738, "x": -0.3083286620073471, "y": -4.304427773680443}, "datetime": {"datetime": "2024-02-27 23:07:18", "elapsed": 95.097504, "delta": 0.631029}}
{"target": 7.9280878023567745, "params": {"u": 1.970732989489473, "x": 0.2908300804033028, "y": 1.0133892154402488}, "datetime": {"datetime": "2024-02-27 23:07:19", "elapsed": 95.866566, "delta": 0.769062}}
{"target": 7.361512954601327, "params": {"u": 1.590701377220545, "x": -0.8996734523512688, "y": 4.982453793543639}, "datetime": {"datetime": "2024-02-27 23:07:19", "elapsed": 96.619098, "delta": 0.752532}}
{"target": 7.081005394798989, "params": {"u": 1.9828033799705846, "x": -0.44791534162104707, "y": -0.6953653789895693}, "datetime": {"datetime": "2024-02-27 23:07:20", "elapsed": 97.784584, "delta": 1.165486}}
{"target": 9.249956412172438, "params": {"u": 1.950637626782928, "x": -0.12864680452941935, "y": -2.4921008059533376}, "datetime": {"datetime": "2024-02-27 23:07:22", "elapsed": 98.858995, "delta": 1.074411}}
{"target": -15.370514388844404, "params": {"u": 0.1818576556855469, "x": 2.194052192084041, "y": 2.5891344550581996}, "datetime": {"datetime": "2024-02-27 23:07:22", "elapsed": 99.627008, "delta": 0.768013}}
{"target": 19.864858653694718, "params": {"u": 2.0, "x": 0.36761575905458815, "y": 1.0643246040605145}, "datetime": {"datetime": "2024-02-27 23:07:23", "elapsed": 100.774786, "delta": 1.147778}}
{"target": 8.249338619850075, "params": {"u": 1.9982382784759354, "x": -0.2482771480187152, "y": -2.474014637065628}, "datetime": {"datetime": "2024-02-27 23:07:25", "elapsed": 101.930018, "delta": 1.155232}}
{"target": 8.34308227114201, "params": {"u": 1.9239693945862077, "x": 0.23660324166076618, "y": -1.6903813118410707}, "datetime": {"datetime": "2024-02-27 23:07:26", "elapsed": 103.193329, "delta": 1.263311}}
{"target": 6.774516328199876, "params": {"u": 1.990688993237221, "x": 0.6748068954802018, "y": 1.8078079438387196}, "datetime": {"datetime": "2024-02-27 23:07:27", "elapsed": 104.297994, "delta": 1.104665}}
{"target": 19.71820501937151, "params": {"u": 2.0, "x": 0.5308436498899562, "y": -0.03489797777728058}, "datetime": {"datetime": "2024-02-27 23:07:28", "elapsed": 105.237892, "delta": 0.939898}}
{"target": 3.7534302311682985, "params": {"u": 1.9761112539440715, "x": 1.5164682884541207, "y": -1.7534976705968819}, "datetime": {"datetime": "2024-02-27 23:07:28", "elapsed": 105.820421, "delta": 0.582529}}
{"target": 7.122989182348412, "params": {"u": 1.9743415223523066, "x": 0.43688419435549974, "y": -3.635782965304677}, "datetime": {"datetime": "2024-02-27 23:07:30", "elapsed": 107.152643, "delta": 1.332222}}
{"target": 7.419455048363147, "params": {"u": 1.9466846135086633, "x": -0.9470439635926713, "y": 1.0579147035737666}, "datetime": {"datetime": "2024-02-27 23:07:31", "elapsed": 108.103723, "delta": 0.95108}}
{"target": -3.8177204146990036, "params": {"u": 0.45379846193762563, "x": -0.8721409481675937, "y": -1.8057354113940436}, "datetime": {"datetime": "2024-02-27 23:07:32", "elapsed": 109.24508, "delta": 1.141357}}
{"target": 9.824277904128845, "params": {"u": 1.9971752639216942, "x": -0.04410485317984116, "y": -3.245961811820548}, "datetime": {"datetime": "2024-02-27 23:07:33", "elapsed": 110.801919, "delta": 1.556839}}
{"target": 4.848733243639867, "params": {"u": 1.9900475625424334, "x": 1.2543344424444363, "y": -2.181868937337593}, "datetime": {"datetime": "2024-02-27 23:07:34", "elapsed": 111.762369, "delta": 0.96045}}
{"target": 19.9957578610668, "params": {"u": 2.0, "x": -0.06513170451632393, "y": -0.8863737169892211}, "datetime": {"datetime": "2024-02-27 23:07:37", "elapsed": 113.856106, "delta": 2.093737}}
{"target": 18.0, "params": {"u": 2.0, "x": -1.0, "y": 0.9685052912826806}, "datetime": {"datetime": "2024-02-27 23:07:38", "elapsed": 115.142829, "delta": 1.286723}}
{"target": 7.399139766336074, "params": {"u": 1.3827094585427364, "x": 0.9812669592069954, "y": 1.6271762913334555}, "datetime": {"datetime": "2024-02-27 23:07:39", "elapsed": 115.934142, "delta": 0.791313}}
{"target": 8.647072566705088, "params": {"u": 1.9785851140702315, "x": -0.2001272978984412, "y": 1.6894328511618113}, "datetime": {"datetime": "2024-02-27 23:07:40", "elapsed": 116.962781, "delta": 1.028639}}
{"target": 2.3364334359040058, "params": {"u": 1.5110998301130723, "x": 2.200584817774649, "y": 1.2092619284191821}, "datetime": {"datetime": "2024-02-27 23:07:40", "elapsed": 117.787601, "delta": 0.82482}}
{"target": 7.312025237116437, "params": {"u": 1.3505022667076159, "x": -0.39369926011393774, "y": 0.29805409074367617}, "datetime": {"datetime": "2024-02-27 23:07:41", "elapsed": 118.789519, "delta": 1.001918}}
{"target": 9.471050292829982, "params": {"u": 1.156399062515175, "x": -0.10007249958453324, "y": 3.671670970033432}, "datetime": {"datetime": "2024-02-27 23:07:42", "elapsed": 119.764912, "delta": 0.975393}}
{"target": 0.9519445247246807, "params": {"u": 1.7107996419550375, "x": 2.554182766278775, "y": 0.3938854023947602}, "datetime": {"datetime": "2024-02-27 23:07:43", "elapsed": 120.808172, "delta": 1.04326}}
{"target": 6.838715226931662, "params": {"u": 1.317765830031796, "x": 0.5338338517349457, "y": 3.879753372843025}, "datetime": {"datetime": "2024-02-27 23:07:44", "elapsed": 121.532853, "delta": 0.724681}}
{"target": 19.960338572707467, "params": {"u": 2.0, "x": 0.19915176949385108, "y": -4.948821386850347}, "datetime": {"datetime": "2024-02-27 23:07:45", "elapsed": 122.530121, "delta": 0.997268}}
{"target": -1.6601620572934301, "params": {"u": 0.9557361052817956, "x": -0.09277872602679338, "y": 3.273314736645977}, "datetime": {"datetime": "2024-02-27 23:07:46", "elapsed": 123.251232, "delta": 0.721111}}
{"target": 9.72903172018755, "params": {"u": 1.9607741340200888, "x": -0.06139563340255494, "y": 1.7532880515879592}, "datetime": {"datetime": "2024-02-27 23:07:48", "elapsed": 125.09807, "delta": 1.846838}}
{"target": 7.19120740333133, "params": {"u": 1.3479817747971037, "x": -0.4202252130602666, "y": 0.2970048696286245}, "datetime": {"datetime": "2024-02-27 23:07:49", "elapsed": 126.164215, "delta": 1.066145}}
{"target": 7.409159717752086, "params": {"u": 1.0917883188100177, "x": -0.9302868840735257, "y": 0.6427235693589424}, "datetime": {"datetime": "2024-02-27 23:07:50", "elapsed": 126.945897, "delta": 0.781682}}
{"target": 8.83970291276474, "params": {"u": 1.9876659882123946, "x": -0.1775688577463459, "y": -0.12562616586676434}, "datetime": {"datetime": "2024-02-27 23:07:51", "elapsed": 127.867105, "delta": 0.921208}}
{"target": 1.7095058203918985, "params": {"u": 1.5035825864105874, "x": 2.848231893826234, "y": -0.0981237612288286}, "datetime": {"datetime": "2024-02-27 23:07:51", "elapsed": 128.55807, "delta": 0.690965}}
{"target": -4.327720067139408, "params": {"u": 0.24742867830846693, "x": 0.8608078975838898, "y": -2.3779172976851806}, "datetime": {"datetime": "2024-02-27 23:07:53", "elapsed": 129.94356, "delta": 1.38549}}
{"target": 9.049493525162688, "params": {"u": 1.988104280293346, "x": -0.15290479239170018, "y": -0.9120588353430374}, "datetime": {"datetime": "2024-02-27 23:07:53", "elapsed": 130.770577, "delta": 0.827017}}
{"target": 7.3854231150074305, "params": {"u": 1.0170303913860703, "x": -0.9124109365493216, "y": -2.3254730315305983}, "datetime": {"datetime": "2024-02-27 23:07:54", "elapsed": 131.6928, "delta": 0.922223}}
{"target": 9.62186591673861, "params": {"u": 1.9743073607802342, "x": -0.07850978300529698, "y": 1.6685520634249524}, "datetime": {"datetime": "2024-02-27 23:07:55", "elapsed": 132.672995, "delta": 0.980195}}
{"target": 19.947722949233857, "params": {"u": 2.0, "x": -0.22864175201861908, "y": -1.787697273760379}, "datetime": {"datetime": "2024-02-27 23:07:57", "elapsed": 134.467538, "delta": 1.794543}}
{"target": -0.06844103428940329, "params": {"u": 0.4213631680340266, "x": 0.01858410361016949, "y": 1.2503034864811804}, "datetime": {"datetime": "2024-02-27 23:07:58", "elapsed": 135.302502, "delta": 0.834964}}
{"target": 19.969737510391266, "params": {"u": 2.0, "x": -0.17396117270452663, "y": -0.0029583124223835386}, "datetime": {"datetime": "2024-02-27 23:07:59", "elapsed": 136.586916, "delta": 1.284414}}
{"target": 7.180297664567171, "params": {"u": 1.5755563745842118, "x": -0.8348794443797694, "y": -1.0655310073311606}, "datetime": {"datetime": "2024-02-27 23:08:00", "elapsed": 137.340801, "delta": 0.753885}}
{"target": 7.1419985886717114, "params": {"u": 1.956824517218463, "x": -0.4320963993446947, "y": -4.242278146530185}, "datetime": {"datetime": "2024-02-27 23:08:01", "elapsed": 138.414192, "delta": 1.073391}}
{"target": 19.934899961853525, "params": {"u": 2.0, "x": 0.2551470911973603, "y": -4.911306507242107}, "datetime": {"datetime": "2024-02-27 23:08:02", "elapsed": 139.266833, "delta": 0.852641}}
{"target": 4.611978465231058, "params": {"u": 1.9866373489973497, "x": 1.2905144783441544, "y": 3.244524130171211}, "datetime": {"datetime": "2024-02-27 23:08:03", "elapsed": 140.243407, "delta": 0.976574}}
{"target": 6.23758905679874, "params": {"u": 1.9493614392891307, "x": 1.0472835947444747, "y": -3.6588809176226422}, "datetime": {"datetime": "2024-02-27 23:08:04", "elapsed": 141.686842, "delta": 1.443435}}
{"target": 8.69947671780682, "params": {"u": 1.958180372500534, "x": -0.19397241057178283, "y": -1.7750081766181913}, "datetime": {"datetime": "2024-02-27 23:08:06", "elapsed": 143.050911, "delta": 1.364069}}
{"target": -19.671509132083656, "params": {"u": 0.08963278205199776, "x": 0.4479915530826126, "y": -1.7643360963439303}, "datetime": {"datetime": "2024-02-27 23:08:07", "elapsed": 144.277298, "delta": 1.226387}}
{"target": 9.302755744189863, "params": {"u": 1.93436578236595, "x": -0.12204790392891463, "y": -3.2736402970684066}, "datetime": {"datetime": "2024-02-27 23:08:08", "elapsed": 145.324872, "delta": 1.047574}}
{"target": -29.65949542522771, "params": {"u": 0.10716324850566128, "x": 2.456331039295832, "y": 4.625775117723769}, "datetime": {"datetime": "2024-02-27 23:08:09", "elapsed": 146.381763, "delta": 1.056891}}
{"target": 1.0135804491445093, "params": {"u": 1.757874293735395, "x": 2.4902892172020494, "y": 0.7680496392128955}, "datetime": {"datetime": "2024-02-27 23:08:11", "elapsed": 148.485047, "delta": 2.103284}}
{"target": 8.931910875469558, "params": {"u": 1.9896233909426688, "x": -0.16677402399992447, "y": -2.402046762528501}, "datetime": {"datetime": "2024-02-27 23:08:12", "elapsed": 149.773587, "delta": 1.28854}}
{"target": 7.178440358720852, "params": {"u": 1.7713222278887495, "x": -0.8343060807041036, "y": 2.8960065597316484}, "datetime": {"datetime": "2024-02-27 23:08:14", "elapsed": 150.95411, "delta": 1.180523}}
{"target": 4.1895848018400486, "params": {"u": 1.994958099626202, "x": 1.3694579791105115, "y": 3.333080619841059}, "datetime": {"datetime": "2024-02-27 23:08:17", "elapsed": 154.071052, "delta": 3.116942}}
{"target": 1.0321881130586323, "params": {"u": 1.6538827810624868, "x": 2.4793638352317267, "y": 3.3101494971001824}, "datetime": {"datetime": "2024-02-27 23:08:18", "elapsed": 155.407796, "delta": 1.336744}}
{"target": 8.47053756120598, "params": {"u": 1.9655344414037494, "x": 0.22110120214266615, "y": -4.129583768080932}, "datetime": {"datetime": "2024-02-27 23:08:19", "elapsed": 156.641462, "delta": 1.233666}}
{"target": 7.383144435882947, "params": {"u": 1.8641918331652183, "x": 0.9110593756302303, "y": 3.3784046901624656}, "datetime": {"datetime": "2024-02-27 23:08:20", "elapsed": 157.27138, "delta": 0.629918}}
{"target": 7.408725074755534, "params": {"u": 1.9753485293021242, "x": -0.9736905644179119, "y": 2.90028857936253}, "datetime": {"datetime": "2024-02-27 23:08:21", "elapsed": 158.667213, "delta": 1.395833}}
{"target": -0.14341744641103915, "params": {"u": 0.3972383367090031, "x": 0.02691869393168078, "y": -4.9741679981412386}, "datetime": {"datetime": "2024-02-27 23:08:22", "elapsed": 159.241167, "delta": 0.573954}}
{"target": -10.903810696368312, "params": {"u": 0.3160210029647712, "x": 0.7444343604020767, "y": -3.051012983021778}, "datetime": {"datetime": "2024-02-27 23:08:23", "elapsed": 160.251473, "delta": 1.010306}}
{"target": 7.370270109222989, "params": {"u": 1.9352288531668327, "x": -0.9967050243555264, "y": 0.033784159276998516}, "datetime": {"datetime": "2024-02-27 23:08:24", "elapsed": 161.07768, "delta": 0.826207}}
{"target": -9.640917728496962, "params": {"u": 0.23179385912289452, "x": 0.7650528356990791, "y": 3.33348681431767}, "datetime": {"datetime": "2024-02-27 23:08:25", "elapsed": 162.133083, "delta": 1.055403}}
{"target": 7.362469993346021, "params": {"u": 1.9996302946625675, "x": -0.9999995579339537, "y": -1.1026718150545536}, "datetime": {"datetime": "2024-02-27 23:08:26", "elapsed": 162.864798, "delta": 0.731715}}
{"target": -16.820117056360854, "params": {"u": 0.5638568021095121, "x": 1.7028316229000908, "y": -4.666237283741273}, "datetime": {"datetime": "2024-02-27 23:08:27", "elapsed": 163.835368, "delta": 0.97057}}
{"target": -22.760891249236675, "params": {"u": 0.910838916908709, "x": 1.5585039732218617, "y": -1.144542327737974}, "datetime": {"datetime": "2024-02-27 23:08:27", "elapsed": 164.594953, "delta": 0.759585}}
{"target": -22.416246867258824, "params": {"u": 0.6157534207690334, "x": 1.4417470205029153, "y": 4.891581178970357}, "datetime": {"datetime": "2024-02-27 23:08:28", "elapsed": 165.66552, "delta": 1.070567}}
{"target": 19.986168810961505, "params": {"u": 2.0, "x": -0.11760607568699125, "y": -0.03961151391227446}, "datetime": {"datetime": "2024-02-27 23:08:29", "elapsed": 166.737621, "delta": 1.072101}}
{"target": 9.978885984758659, "params": {"u": 1.1142790830436209, "x": -0.0070033620021905385, "y": -4.684917904310799}, "datetime": {"datetime": "2024-02-27 23:08:30", "elapsed": 167.619116, "delta": 0.881495}}
{"target": 8.376002925734134, "params": {"u": 1.9539382974460753, "x": 0.2325622927962696, "y": -4.880011874451647}, "datetime": {"datetime": "2024-02-27 23:08:31", "elapsed": 168.806782, "delta": 1.187666}}
{"target": -26.054636923574463, "params": {"u": 0.3872445444176911, "x": 2.6678146949067623, "y": 4.767944180433069}, "datetime": {"datetime": "2024-02-27 23:08:32", "elapsed": 169.76291, "delta": 0.956128}}
{"target": 9.143595326573372, "params": {"u": 1.968451392858067, "x": -0.14164546759407637, "y": -2.7523339947256265}, "datetime": {"datetime": "2024-02-27 23:08:33", "elapsed": 170.768831, "delta": 1.005921}}
{"target": -2.0912981533231445, "params": {"u": 0.7784026745776855, "x": -0.10452966339692038, "y": 0.15417823875522796}, "datetime": {"datetime": "2024-02-27 23:08:34", "elapsed": 171.650273, "delta": 0.881442}}
{"target": 4.634387294227285, "params": {"u": 1.9728725310756816, "x": 1.2869180791586277, "y": 3.3165466077419197}, "datetime": {"datetime": "2024-02-27 23:08:36", "elapsed": 173.200829, "delta": 1.550556}}
{"target": 8.838819806318863, "params": {"u": 1.9582820072055716, "x": -0.1776720930458855, "y": -0.04882731673239249}, "datetime": {"datetime": "2024-02-27 23:08:38", "elapsed": 175.004092, "delta": 1.803263}}
{"target": 3.153790850528969, "params": {"u": 1.6627361181798186, "x": 2.0764532666069018, "y": -2.65705744287152}, "datetime": {"datetime": "2024-02-27 23:08:39", "elapsed": 175.916527, "delta": 0.912435}}
{"target": 7.7916172058807085, "params": {"u": 1.926167186792816, "x": 0.3105629177656346, "y": -3.7394234796026393}, "datetime": {"datetime": "2024-02-27 23:08:39", "elapsed": 176.789092, "delta": 0.872565}}
{"target": -18.730029000590715, "params": {"u": 0.11581764342077872, "x": -0.4134995220162785, "y": 3.068985058016228}, "datetime": {"datetime": "2024-02-27 23:08:40", "elapsed": 177.667388, "delta": 0.878296}}
