{"target": 0.871095238095238, "params": {"learning_rate": 0.20909398034658444, "reg_lambda": 0.7231212485077365}, "datetime": {"datetime": "2024-02-11 02:17:58", "elapsed": 0.0, "delta": 0.0}}
{"target": 0.7814285714285715, "params": {"learning_rate": 0.0010570730338550984, "reg_lambda": 0.30930924690552136}, "datetime": {"datetime": "2024-02-11 02:17:58", "elapsed": 0.006269, "delta": 0.006269}}
{"target": 0.8722380952380954, "params": {"learning_rate": 0.055279381066616826, "reg_lambda": 0.3751903782737007}, "datetime": {"datetime": "2024-02-11 02:17:58", "elapsed": 0.024428, "delta": 0.018159}}
{"target": 0.8715952380952381, "params": {"learning_rate": 0.41517095203577126, "reg_lambda": 0.6635365379871643}, "datetime": {"datetime": "2024-02-11 02:17:58", "elapsed": 0.040114, "delta": 0.015686}}
{"target": 0.8739047619047619, "params": {"learning_rate": 0.07550404987369105, "reg_lambda": 0.632523646362735}, "datetime": {"datetime": "2024-02-11 02:17:58", "elapsed": 0.05569, "delta": 0.015576}}
{"target": 0.8632380952380952, "params": {"learning_rate": 0.043949976917520533, "reg_lambda": 0.7611044241869394}, "datetime": {"datetime": "2024-02-11 02:17:58", "elapsed": 0.073718, "delta": 0.018028}}
{"target": 0.8700952380952381, "params": {"learning_rate": 0.19841807866772093, "reg_lambda": 0.16984359013607422}, "datetime": {"datetime": "2024-02-11 02:17:58", "elapsed": 0.089944, "delta": 0.016226}}
{"target": 0.8709523809523809, "params": {"learning_rate": 0.4439608184971979, "reg_lambda": 0.4527282471168412}, "datetime": {"datetime": "2024-02-11 02:17:58", "elapsed": 0.107051, "delta": 0.017107}}
{"target": 0.8718571428571428, "params": {"learning_rate": 0.21671479032646065, "reg_lambda": 0.3584994247764722}, "datetime": {"datetime": "2024-02-11 02:17:58", "elapsed": 0.1242, "delta": 0.017149}}
{"target": 0.8719761904761905, "params": {"learning_rate": 0.30533985631650706, "reg_lambda": 0.3989469395071931}, "datetime": {"datetime": "2024-02-11 02:17:58", "elapsed": 0.144873, "delta": 0.020673}}
{"target": 0.8740476190476191, "params": {"learning_rate": 0.2770474543339898, "reg_lambda": 0.7050277174586626}, "datetime": {"datetime": "2024-02-11 02:17:58", "elapsed": 0.162836, "delta": 0.017963}}
{"target": 0.8739047619047619, "params": {"learning_rate": 0.07507397754679701, "reg_lambda": 0.4126168456197874}, "datetime": {"datetime": "2024-02-11 02:17:58", "elapsed": 0.181257, "delta": 0.018421}}
