{"target": 0.875095238095238, "params": {"learning_rate": 0.20909398034658444, "reg_lambda": 0.7231212485077365}, "datetime": {"datetime": "2024-02-11 02:17:52", "elapsed": 0.0, "delta": 0.0}}
{"target": 0.8045714285714286, "params": {"learning_rate": 0.0010570730338550984, "reg_lambda": 0.30930924690552136}, "datetime": {"datetime": "2024-02-11 02:17:52", "elapsed": 0.014205, "delta": 0.014205}}
{"target": 0.8839285714285714, "params": {"learning_rate": 0.055279381066616826, "reg_lambda": 0.3751903782737007}, "datetime": {"datetime": "2024-02-11 02:17:52", "elapsed": 0.040291, "delta": 0.026086}}
{"target": 0.8734285714285714, "params": {"learning_rate": 0.41517095203577126, "reg_lambda": 0.6635365379871643}, "datetime": {"datetime": "2024-02-11 02:17:52", "elapsed": 0.063548, "delta": 0.023257}}
{"target": 0.8861666666666667, "params": {"learning_rate": 0.07550404987369105, "reg_lambda": 0.632523646362735}, "datetime": {"datetime": "2024-02-11 02:17:52", "elapsed": 0.087668, "delta": 0.02412}}
{"target": 0.8865714285714287, "params": {"learning_rate": 0.043949976917520533, "reg_lambda": 0.7611044241869394}, "datetime": {"datetime": "2024-02-11 02:17:52", "elapsed": 0.113492, "delta": 0.025824}}
{"target": 0.8803095238095238, "params": {"learning_rate": 0.19841807866772093, "reg_lambda": 0.16984359013607422}, "datetime": {"datetime": "2024-02-11 02:17:52", "elapsed": 0.138745, "delta": 0.025253}}
{"target": 0.8737619047619046, "params": {"learning_rate": 0.4439608184971979, "reg_lambda": 0.4527282471168412}, "datetime": {"datetime": "2024-02-11 02:17:53", "elapsed": 0.164111, "delta": 0.025366}}
{"target": 0.8769285714285715, "params": {"learning_rate": 0.21671479032646065, "reg_lambda": 0.3584994247764722}, "datetime": {"datetime": "2024-02-11 02:17:53", "elapsed": 0.189342, "delta": 0.025231}}
{"target": 0.8756428571428572, "params": {"learning_rate": 0.30533985631650706, "reg_lambda": 0.3989469395071931}, "datetime": {"datetime": "2024-02-11 02:17:53", "elapsed": 0.218235, "delta": 0.028893}}
{"target": 0.8755714285714286, "params": {"learning_rate": 0.2770474543339898, "reg_lambda": 0.7050277174586626}, "datetime": {"datetime": "2024-02-11 02:17:53", "elapsed": 0.244272, "delta": 0.026037}}
{"target": 0.8866904761904761, "params": {"learning_rate": 0.07507397754679701, "reg_lambda": 0.4126168456197874}, "datetime": {"datetime": "2024-02-11 02:17:53", "elapsed": 0.269897, "delta": 0.025625}}
