{"target": 0.8699047619047618, "params": {"learning_rate": 0.20909398034658444, "reg_lambda": 0.7231212485077365}, "datetime": {"datetime": "2024-02-11 02:18:15", "elapsed": 0.0, "delta": 0.0}}
{"target": 0.8454285714285714, "params": {"learning_rate": 0.0010570730338550984, "reg_lambda": 0.30930924690552136}, "datetime": {"datetime": "2024-02-11 02:18:15", "elapsed": 0.039905, "delta": 0.039905}}
{"target": 0.8711190476190477, "params": {"learning_rate": 0.055279381066616826, "reg_lambda": 0.3751903782737007}, "datetime": {"datetime": "2024-02-11 02:18:15", "elapsed": 0.094784, "delta": 0.054879}}
{"target": 0.871642857142857, "params": {"learning_rate": 0.41517095203577126, "reg_lambda": 0.6635365379871643}, "datetime": {"datetime": "2024-02-11 02:18:15", "elapsed": 0.14715, "delta": 0.052366}}
{"target": 0.8701428571428571, "params": {"learning_rate": 0.07550404987369105, "reg_lambda": 0.632523646362735}, "datetime": {"datetime": "2024-02-11 02:18:15", "elapsed": 0.198882, "delta": 0.051732}}
{"target": 0.8712619047619049, "params": {"learning_rate": 0.043949976917520533, "reg_lambda": 0.7611044241869394}, "datetime": {"datetime": "2024-02-11 02:18:15", "elapsed": 0.252612, "delta": 0.05373}}
{"target": 0.8692380952380951, "params": {"learning_rate": 0.19841807866772093, "reg_lambda": 0.16984359013607422}, "datetime": {"datetime": "2024-02-11 02:18:15", "elapsed": 0.304506, "delta": 0.051894}}
{"target": 0.8724047619047619, "params": {"learning_rate": 0.4439608184971979, "reg_lambda": 0.4527282471168412}, "datetime": {"datetime": "2024-02-11 02:18:15", "elapsed": 0.362148, "delta": 0.057642}}
{"target": 0.8696666666666666, "params": {"learning_rate": 0.21671479032646065, "reg_lambda": 0.3584994247764722}, "datetime": {"datetime": "2024-02-11 02:18:15", "elapsed": 0.429338, "delta": 0.06719}}
{"target": 0.8709285714285713, "params": {"learning_rate": 0.30533985631650706, "reg_lambda": 0.3989469395071931}, "datetime": {"datetime": "2024-02-11 02:18:15", "elapsed": 0.490896, "delta": 0.061558}}
{"target": 0.8695, "params": {"learning_rate": 0.2770474543339898, "reg_lambda": 0.7050277174586626}, "datetime": {"datetime": "2024-02-11 02:18:15", "elapsed": 0.544281, "delta": 0.053385}}
{"target": 0.8702619047619047, "params": {"learning_rate": 0.07507397754679701, "reg_lambda": 0.4126168456197874}, "datetime": {"datetime": "2024-02-11 02:18:15", "elapsed": 0.598071, "delta": 0.05379}}
