{"target": 0.8718095238095237, "params": {"learning_rate": 0.20909398034658444, "reg_lambda": 0.7231212485077365}, "datetime": {"datetime": "2024-02-11 02:18:11", "elapsed": 0.0, "delta": 0.0}}
{"target": 0.7814285714285715, "params": {"learning_rate": 0.0010570730338550984, "reg_lambda": 0.30930924690552136}, "datetime": {"datetime": "2024-02-11 02:18:11", "elapsed": 0.010197, "delta": 0.010197}}
{"target": 0.8737380952380953, "params": {"learning_rate": 0.055279381066616826, "reg_lambda": 0.3751903782737007}, "datetime": {"datetime": "2024-02-11 02:18:11", "elapsed": 0.031632, "delta": 0.021435}}
{"target": 0.8678333333333332, "params": {"learning_rate": 0.41517095203577126, "reg_lambda": 0.6635365379871643}, "datetime": {"datetime": "2024-02-11 02:18:11", "elapsed": 0.050834, "delta": 0.019202}}
{"target": 0.8726190476190476, "params": {"learning_rate": 0.07550404987369105, "reg_lambda": 0.632523646362735}, "datetime": {"datetime": "2024-02-11 02:18:11", "elapsed": 0.069809, "delta": 0.018975}}
{"target": 0.8731904761904762, "params": {"learning_rate": 0.043949976917520533, "reg_lambda": 0.7611044241869394}, "datetime": {"datetime": "2024-02-11 02:18:11", "elapsed": 0.092257, "delta": 0.022448}}
{"target": 0.8711428571428572, "params": {"learning_rate": 0.19841807866772093, "reg_lambda": 0.16984359013607422}, "datetime": {"datetime": "2024-02-11 02:18:11", "elapsed": 0.113003, "delta": 0.020746}}
{"target": 0.8689761904761905, "params": {"learning_rate": 0.4439608184971979, "reg_lambda": 0.4527282471168412}, "datetime": {"datetime": "2024-02-11 02:18:12", "elapsed": 0.135353, "delta": 0.02235}}
{"target": 0.8709047619047618, "params": {"learning_rate": 0.21671479032646065, "reg_lambda": 0.3584994247764722}, "datetime": {"datetime": "2024-02-11 02:18:12", "elapsed": 0.156852, "delta": 0.021499}}
{"target": 0.8705476190476191, "params": {"learning_rate": 0.30533985631650706, "reg_lambda": 0.3989469395071931}, "datetime": {"datetime": "2024-02-11 02:18:12", "elapsed": 0.18223, "delta": 0.025378}}
{"target": 0.8712142857142857, "params": {"learning_rate": 0.2770474543339898, "reg_lambda": 0.7050277174586626}, "datetime": {"datetime": "2024-02-11 02:18:12", "elapsed": 0.204319, "delta": 0.022089}}
{"target": 0.8729523809523809, "params": {"learning_rate": 0.07507397754679701, "reg_lambda": 0.4126168456197874}, "datetime": {"datetime": "2024-02-11 02:18:12", "elapsed": 0.226415, "delta": 0.022096}}
