{"target": 0.8524285714285715, "params": {"learning_rate": 0.20909398034658444, "reg_lambda": 0.7231212485077365}, "datetime": {"datetime": "2024-02-11 02:18:16", "elapsed": 0.0, "delta": 0.0}}
{"target": 0.8790238095238095, "params": {"learning_rate": 0.0010570730338550984, "reg_lambda": 0.30930924690552136}, "datetime": {"datetime": "2024-02-11 02:18:16", "elapsed": 0.079821, "delta": 0.079821}}
{"target": 0.8682857142857142, "params": {"learning_rate": 0.055279381066616826, "reg_lambda": 0.3751903782737007}, "datetime": {"datetime": "2024-02-11 02:18:16", "elapsed": 0.169498, "delta": 0.089677}}
{"target": 0.8790238095238095, "params": {"learning_rate": 0.001, "reg_lambda": 0.2218838479811018}, "datetime": {"datetime": "2024-02-11 02:18:16", "elapsed": 0.280498, "delta": 0.111}}
{"target": 0.864095238095238, "params": {"learning_rate": 0.07550404987369105, "reg_lambda": 0.632523646362735}, "datetime": {"datetime": "2024-02-11 02:18:17", "elapsed": 0.366602, "delta": 0.086104}}
{"target": 0.8790238095238095, "params": {"learning_rate": 0.0010000000000000009, "reg_lambda": 0.01}, "datetime": {"datetime": "2024-02-11 02:18:17", "elapsed": 0.487008, "delta": 0.120406}}
{"target": 0.8504047619047619, "params": {"learning_rate": 0.19841807866772093, "reg_lambda": 0.16984359013607422}, "datetime": {"datetime": "2024-02-11 02:18:17", "elapsed": 0.575417, "delta": 0.088409}}
{"target": 0.8406190476190475, "params": {"learning_rate": 0.5, "reg_lambda": 1.0}, "datetime": {"datetime": "2024-02-11 02:18:17", "elapsed": 0.690614, "delta": 0.115197}}
{"target": 0.8790238095238095, "params": {"learning_rate": 0.001, "reg_lambda": 1.0}, "datetime": {"datetime": "2024-02-11 02:18:17", "elapsed": 0.805626, "delta": 0.115012}}
{"target": 0.8790238095238095, "params": {"learning_rate": 0.001, "reg_lambda": 0.8419284111918266}, "datetime": {"datetime": "2024-02-11 02:18:17", "elapsed": 0.929991, "delta": 0.124365}}
{"target": 0.8367142857142857, "params": {"learning_rate": 0.4897332633580851, "reg_lambda": 0.013662223592423266}, "datetime": {"datetime": "2024-02-11 02:18:17", "elapsed": 1.042763, "delta": 0.112772}}
{"target": 0.8615952380952381, "params": {"learning_rate": 0.07507397754679701, "reg_lambda": 0.4126168456197874}, "datetime": {"datetime": "2024-02-11 02:18:17", "elapsed": 1.136195, "delta": 0.093432}}
