{"target": 0.8652619047619048, "params": {"learning_rate": 0.20909398034658444, "reg_lambda": 0.7231212485077365}, "datetime": {"datetime": "2024-02-11 02:18:08", "elapsed": 0.0, "delta": 0.0}}
{"target": 0.8277142857142857, "params": {"learning_rate": 0.0010570730338550984, "reg_lambda": 0.30930924690552136}, "datetime": {"datetime": "2024-02-11 02:18:08", "elapsed": 0.034019, "delta": 0.034019}}
{"target": 0.8820714285714285, "params": {"learning_rate": 0.055279381066616826, "reg_lambda": 0.3751903782737007}, "datetime": {"datetime": "2024-02-11 02:18:08", "elapsed": 0.078873, "delta": 0.044854}}
{"target": 0.8546190476190475, "params": {"learning_rate": 0.41517095203577126, "reg_lambda": 0.6635365379871643}, "datetime": {"datetime": "2024-02-11 02:18:08", "elapsed": 0.121233, "delta": 0.04236}}
{"target": 0.8768571428571429, "params": {"learning_rate": 0.07550404987369105, "reg_lambda": 0.632523646362735}, "datetime": {"datetime": "2024-02-11 02:18:08", "elapsed": 0.166246, "delta": 0.045013}}
{"target": 0.884047619047619, "params": {"learning_rate": 0.043949976917520533, "reg_lambda": 0.7611044241869394}, "datetime": {"datetime": "2024-02-11 02:18:08", "elapsed": 0.210218, "delta": 0.043972}}
{"target": 0.8668333333333333, "params": {"learning_rate": 0.19841807866772093, "reg_lambda": 0.16984359013607422}, "datetime": {"datetime": "2024-02-11 02:18:08", "elapsed": 0.253174, "delta": 0.042956}}
{"target": 0.8505238095238095, "params": {"learning_rate": 0.4439608184971979, "reg_lambda": 0.4527282471168412}, "datetime": {"datetime": "2024-02-11 02:18:08", "elapsed": 0.297076, "delta": 0.043902}}
{"target": 0.8654047619047618, "params": {"learning_rate": 0.21671479032646065, "reg_lambda": 0.3584994247764722}, "datetime": {"datetime": "2024-02-11 02:18:08", "elapsed": 0.340886, "delta": 0.04381}}
{"target": 0.8596428571428572, "params": {"learning_rate": 0.30533985631650706, "reg_lambda": 0.3989469395071931}, "datetime": {"datetime": "2024-02-11 02:18:08", "elapsed": 0.388153, "delta": 0.047267}}
{"target": 0.8618095238095238, "params": {"learning_rate": 0.2770474543339898, "reg_lambda": 0.7050277174586626}, "datetime": {"datetime": "2024-02-11 02:18:08", "elapsed": 0.432803, "delta": 0.04465}}
{"target": 0.8759523809523809, "params": {"learning_rate": 0.07507397754679701, "reg_lambda": 0.4126168456197874}, "datetime": {"datetime": "2024-02-11 02:18:08", "elapsed": 0.477201, "delta": 0.044398}}
