{"target": 0.8730714285714285, "params": {"learning_rate": 0.20909398034658444, "reg_lambda": 0.7231212485077365}, "datetime": {"datetime": "2024-02-11 02:17:55", "elapsed": 0.0, "delta": 0.0}}
{"target": 0.8405476190476191, "params": {"learning_rate": 0.0010570730338550984, "reg_lambda": 0.30930924690552136}, "datetime": {"datetime": "2024-02-11 02:17:55", "elapsed": 0.028589, "delta": 0.028589}}
{"target": 0.8825476190476189, "params": {"learning_rate": 0.055279381066616826, "reg_lambda": 0.3751903782737007}, "datetime": {"datetime": "2024-02-11 02:17:55", "elapsed": 0.068918, "delta": 0.040329}}
{"target": 0.8633333333333333, "params": {"learning_rate": 0.41517095203577126, "reg_lambda": 0.6635365379871643}, "datetime": {"datetime": "2024-02-11 02:17:55", "elapsed": 0.106508, "delta": 0.03759}}
{"target": 0.8829285714285714, "params": {"learning_rate": 0.07550404987369105, "reg_lambda": 0.632523646362735}, "datetime": {"datetime": "2024-02-11 02:17:55", "elapsed": 0.144123, "delta": 0.037615}}
{"target": 0.885904761904762, "params": {"learning_rate": 0.043949976917520533, "reg_lambda": 0.7611044241869394}, "datetime": {"datetime": "2024-02-11 02:17:55", "elapsed": 0.184582, "delta": 0.040459}}
{"target": 0.8708095238095238, "params": {"learning_rate": 0.19841807866772093, "reg_lambda": 0.16984359013607422}, "datetime": {"datetime": "2024-02-11 02:17:55", "elapsed": 0.22297, "delta": 0.038388}}
{"target": 0.862952380952381, "params": {"learning_rate": 0.4439608184971979, "reg_lambda": 0.4527282471168412}, "datetime": {"datetime": "2024-02-11 02:17:55", "elapsed": 0.262004, "delta": 0.039034}}
{"target": 0.8676428571428572, "params": {"learning_rate": 0.21671479032646065, "reg_lambda": 0.3584994247764722}, "datetime": {"datetime": "2024-02-11 02:17:55", "elapsed": 0.301725, "delta": 0.039721}}
{"target": 0.8694761904761904, "params": {"learning_rate": 0.30533985631650706, "reg_lambda": 0.3989469395071931}, "datetime": {"datetime": "2024-02-11 02:17:55", "elapsed": 0.345273, "delta": 0.043548}}
{"target": 0.8689523809523808, "params": {"learning_rate": 0.2770474543339898, "reg_lambda": 0.7050277174586626}, "datetime": {"datetime": "2024-02-11 02:17:55", "elapsed": 0.386032, "delta": 0.040759}}
{"target": 0.8855714285714285, "params": {"learning_rate": 0.07507397754679701, "reg_lambda": 0.4126168456197874}, "datetime": {"datetime": "2024-02-11 02:17:55", "elapsed": 0.426431, "delta": 0.040399}}
