{"target": 0.8718095238095237, "params": {"learning_rate": 0.20909398034658444, "reg_lambda": 0.7231212485077365}, "datetime": {"datetime": "2024-02-11 02:18:05", "elapsed": 0.0, "delta": 0.0}}
{"target": 0.7814285714285715, "params": {"learning_rate": 0.0010570730338550984, "reg_lambda": 0.30930924690552136}, "datetime": {"datetime": "2024-02-11 02:18:05", "elapsed": 0.010286, "delta": 0.010286}}
{"target": 0.8737380952380953, "params": {"learning_rate": 0.055279381066616826, "reg_lambda": 0.3751903782737007}, "datetime": {"datetime": "2024-02-11 02:18:05", "elapsed": 0.032163, "delta": 0.021877}}
{"target": 0.8678333333333332, "params": {"learning_rate": 0.41517095203577126, "reg_lambda": 0.6635365379871643}, "datetime": {"datetime": "2024-02-11 02:18:05", "elapsed": 0.05127, "delta": 0.019107}}
{"target": 0.8726190476190476, "params": {"learning_rate": 0.07550404987369105, "reg_lambda": 0.632523646362735}, "datetime": {"datetime": "2024-02-11 02:18:05", "elapsed": 0.070779, "delta": 0.019509}}
{"target": 0.8731904761904762, "params": {"learning_rate": 0.043949976917520533, "reg_lambda": 0.7611044241869394}, "datetime": {"datetime": "2024-02-11 02:18:05", "elapsed": 0.0929, "delta": 0.022121}}
{"target": 0.8711428571428572, "params": {"learning_rate": 0.19841807866772093, "reg_lambda": 0.16984359013607422}, "datetime": {"datetime": "2024-02-11 02:18:05", "elapsed": 0.113993, "delta": 0.021093}}
{"target": 0.8689761904761905, "params": {"learning_rate": 0.4439608184971979, "reg_lambda": 0.4527282471168412}, "datetime": {"datetime": "2024-02-11 02:18:05", "elapsed": 0.1353, "delta": 0.021307}}
{"target": 0.8709047619047618, "params": {"learning_rate": 0.21671479032646065, "reg_lambda": 0.3584994247764722}, "datetime": {"datetime": "2024-02-11 02:18:05", "elapsed": 0.156498, "delta": 0.021198}}
{"target": 0.8705476190476191, "params": {"learning_rate": 0.30533985631650706, "reg_lambda": 0.3989469395071931}, "datetime": {"datetime": "2024-02-11 02:18:05", "elapsed": 0.181206, "delta": 0.024708}}
{"target": 0.8712142857142857, "params": {"learning_rate": 0.2770474543339898, "reg_lambda": 0.7050277174586626}, "datetime": {"datetime": "2024-02-11 02:18:05", "elapsed": 0.203211, "delta": 0.022005}}
{"target": 0.8729523809523809, "params": {"learning_rate": 0.07507397754679701, "reg_lambda": 0.4126168456197874}, "datetime": {"datetime": "2024-02-11 02:18:05", "elapsed": 0.225534, "delta": 0.022323}}
