{"target": 0.8647619047619048, "params": {"learning_rate": 0.20909398034658444, "reg_lambda": 0.7231212485077365}, "datetime": {"datetime": "2024-02-11 02:17:56", "elapsed": 0.0, "delta": 0.0}}
{"target": 0.8235, "params": {"learning_rate": 0.0010570730338550984, "reg_lambda": 0.30930924690552136}, "datetime": {"datetime": "2024-02-11 02:17:56", "elapsed": 0.060393, "delta": 0.060393}}
{"target": 0.8767857142857142, "params": {"learning_rate": 0.055279381066616826, "reg_lambda": 0.3751903782737007}, "datetime": {"datetime": "2024-02-11 02:17:56", "elapsed": 0.132305, "delta": 0.071912}}
{"target": 0.8540000000000001, "params": {"learning_rate": 0.41517095203577126, "reg_lambda": 0.6635365379871643}, "datetime": {"datetime": "2024-02-11 02:17:56", "elapsed": 0.20108, "delta": 0.068775}}
{"target": 0.875904761904762, "params": {"learning_rate": 0.07550404987369105, "reg_lambda": 0.632523646362735}, "datetime": {"datetime": "2024-02-11 02:17:56", "elapsed": 0.27136, "delta": 0.07028}}
{"target": 0.8776428571428572, "params": {"learning_rate": 0.043949976917520533, "reg_lambda": 0.7611044241869394}, "datetime": {"datetime": "2024-02-11 02:17:56", "elapsed": 0.342867, "delta": 0.071507}}
{"target": 0.8674761904761905, "params": {"learning_rate": 0.19841807866772093, "reg_lambda": 0.16984359013607422}, "datetime": {"datetime": "2024-02-11 02:17:56", "elapsed": 0.412628, "delta": 0.069761}}
{"target": 0.8517142857142858, "params": {"learning_rate": 0.4439608184971979, "reg_lambda": 0.4527282471168412}, "datetime": {"datetime": "2024-02-11 02:17:56", "elapsed": 0.483455, "delta": 0.070827}}
{"target": 0.8631428571428571, "params": {"learning_rate": 0.21671479032646065, "reg_lambda": 0.3584994247764722}, "datetime": {"datetime": "2024-02-11 02:17:56", "elapsed": 0.553275, "delta": 0.06982}}
{"target": 0.8588571428571429, "params": {"learning_rate": 0.30533985631650706, "reg_lambda": 0.3989469395071931}, "datetime": {"datetime": "2024-02-11 02:17:56", "elapsed": 0.627783, "delta": 0.074508}}
{"target": 0.8604523809523811, "params": {"learning_rate": 0.2770474543339898, "reg_lambda": 0.7050277174586626}, "datetime": {"datetime": "2024-02-11 02:17:56", "elapsed": 0.699478, "delta": 0.071695}}
{"target": 0.8739761904761905, "params": {"learning_rate": 0.07507397754679701, "reg_lambda": 0.4126168456197874}, "datetime": {"datetime": "2024-02-11 02:17:57", "elapsed": 0.771617, "delta": 0.072139}}
