{"target": 0.8524285714285715, "params": {"learning_rate": 0.20909398034658444, "reg_lambda": 0.7231212485077365}, "datetime": {"datetime": "2024-02-11 02:18:03", "elapsed": 0.0, "delta": 0.0}}
{"target": 0.8790238095238095, "params": {"learning_rate": 0.0010570730338550984, "reg_lambda": 0.30930924690552136}, "datetime": {"datetime": "2024-02-11 02:18:03", "elapsed": 0.080148, "delta": 0.080148}}
{"target": 0.8682857142857142, "params": {"learning_rate": 0.055279381066616826, "reg_lambda": 0.3751903782737007}, "datetime": {"datetime": "2024-02-11 02:18:03", "elapsed": 0.168856, "delta": 0.088708}}
{"target": 0.8790238095238095, "params": {"learning_rate": 0.001, "reg_lambda": 0.2218838479811018}, "datetime": {"datetime": "2024-02-11 02:18:03", "elapsed": 0.280355, "delta": 0.111499}}
{"target": 0.864095238095238, "params": {"learning_rate": 0.07550404987369105, "reg_lambda": 0.632523646362735}, "datetime": {"datetime": "2024-02-11 02:18:03", "elapsed": 0.367865, "delta": 0.08751}}
{"target": 0.8790238095238095, "params": {"learning_rate": 0.0010000000000000009, "reg_lambda": 0.01}, "datetime": {"datetime": "2024-02-11 02:18:04", "elapsed": 0.485546, "delta": 0.117681}}
{"target": 0.8504047619047619, "params": {"learning_rate": 0.19841807866772093, "reg_lambda": 0.16984359013607422}, "datetime": {"datetime": "2024-02-11 02:18:04", "elapsed": 0.57371, "delta": 0.088164}}
{"target": 0.8406190476190475, "params": {"learning_rate": 0.5, "reg_lambda": 1.0}, "datetime": {"datetime": "2024-02-11 02:18:04", "elapsed": 0.686874, "delta": 0.113164}}
{"target": 0.8790238095238095, "params": {"learning_rate": 0.001, "reg_lambda": 1.0}, "datetime": {"datetime": "2024-02-11 02:18:04", "elapsed": 0.797167, "delta": 0.110293}}
{"target": 0.8790238095238095, "params": {"learning_rate": 0.001, "reg_lambda": 0.8419284111918266}, "datetime": {"datetime": "2024-02-11 02:18:04", "elapsed": 0.918871, "delta": 0.121704}}
{"target": 0.8367142857142857, "params": {"learning_rate": 0.4897332633580851, "reg_lambda": 0.013662223592423266}, "datetime": {"datetime": "2024-02-11 02:18:04", "elapsed": 1.035842, "delta": 0.116971}}
{"target": 0.8615952380952381, "params": {"learning_rate": 0.07507397754679701, "reg_lambda": 0.4126168456197874}, "datetime": {"datetime": "2024-02-11 02:18:04", "elapsed": 1.129486, "delta": 0.093644}}
