{"target": 0.8725, "params": {"learning_rate": 0.20909398034658444, "reg_lambda": 0.7231212485077365}, "datetime": {"datetime": "2024-02-11 02:17:54", "elapsed": 0.0, "delta": 0.0}}
{"target": 0.8045714285714286, "params": {"learning_rate": 0.0010570730338550984, "reg_lambda": 0.30930924690552136}, "datetime": {"datetime": "2024-02-11 02:17:54", "elapsed": 0.025065, "delta": 0.025065}}
{"target": 0.8827380952380951, "params": {"learning_rate": 0.055279381066616826, "reg_lambda": 0.3751903782737007}, "datetime": {"datetime": "2024-02-11 02:17:54", "elapsed": 0.062144, "delta": 0.037079}}
{"target": 0.8654761904761904, "params": {"learning_rate": 0.41517095203577126, "reg_lambda": 0.6635365379871643}, "datetime": {"datetime": "2024-02-11 02:17:54", "elapsed": 0.096359, "delta": 0.034215}}
{"target": 0.8823809523809524, "params": {"learning_rate": 0.07550404987369105, "reg_lambda": 0.632523646362735}, "datetime": {"datetime": "2024-02-11 02:17:54", "elapsed": 0.131819, "delta": 0.03546}}
{"target": 0.8865000000000001, "params": {"learning_rate": 0.043949976917520533, "reg_lambda": 0.7611044241869394}, "datetime": {"datetime": "2024-02-11 02:17:54", "elapsed": 0.168631, "delta": 0.036812}}
{"target": 0.8763809523809523, "params": {"learning_rate": 0.19841807866772093, "reg_lambda": 0.16984359013607422}, "datetime": {"datetime": "2024-02-11 02:17:54", "elapsed": 0.204507, "delta": 0.035876}}
{"target": 0.8656190476190476, "params": {"learning_rate": 0.4439608184971979, "reg_lambda": 0.4527282471168412}, "datetime": {"datetime": "2024-02-11 02:17:55", "elapsed": 0.240736, "delta": 0.036229}}
{"target": 0.8711190476190476, "params": {"learning_rate": 0.21671479032646065, "reg_lambda": 0.3584994247764722}, "datetime": {"datetime": "2024-02-11 02:17:55", "elapsed": 0.277643, "delta": 0.036907}}
{"target": 0.869595238095238, "params": {"learning_rate": 0.30533985631650706, "reg_lambda": 0.3989469395071931}, "datetime": {"datetime": "2024-02-11 02:17:55", "elapsed": 0.317743, "delta": 0.0401}}
{"target": 0.8727380952380951, "params": {"learning_rate": 0.2770474543339898, "reg_lambda": 0.7050277174586626}, "datetime": {"datetime": "2024-02-11 02:17:55", "elapsed": 0.355635, "delta": 0.037892}}
{"target": 0.8816904761904762, "params": {"learning_rate": 0.07507397754679701, "reg_lambda": 0.4126168456197874}, "datetime": {"datetime": "2024-02-11 02:17:55", "elapsed": 0.392841, "delta": 0.037206}}
