{"target": 0.8701666666666666, "params": {"learning_rate": 0.20909398034658444, "reg_lambda": 0.7231212485077365}, "datetime": {"datetime": "2024-02-11 02:18:13", "elapsed": 0.0, "delta": 0.0}}
{"target": 0.8045714285714286, "params": {"learning_rate": 0.0010570730338550984, "reg_lambda": 0.30930924690552136}, "datetime": {"datetime": "2024-02-11 02:18:13", "elapsed": 0.020314, "delta": 0.020314}}
{"target": 0.8858809523809523, "params": {"learning_rate": 0.055279381066616826, "reg_lambda": 0.3751903782737007}, "datetime": {"datetime": "2024-02-11 02:18:13", "elapsed": 0.052995, "delta": 0.032681}}
{"target": 0.8674999999999999, "params": {"learning_rate": 0.41517095203577126, "reg_lambda": 0.6635365379871643}, "datetime": {"datetime": "2024-02-11 02:18:13", "elapsed": 0.083055, "delta": 0.03006}}
{"target": 0.8832380952380952, "params": {"learning_rate": 0.07550404987369105, "reg_lambda": 0.632523646362735}, "datetime": {"datetime": "2024-02-11 02:18:13", "elapsed": 0.113447, "delta": 0.030392}}
{"target": 0.8844761904761904, "params": {"learning_rate": 0.043949976917520533, "reg_lambda": 0.7611044241869394}, "datetime": {"datetime": "2024-02-11 02:18:13", "elapsed": 0.145301, "delta": 0.031854}}
{"target": 0.8766904761904762, "params": {"learning_rate": 0.19841807866772093, "reg_lambda": 0.16984359013607422}, "datetime": {"datetime": "2024-02-11 02:18:13", "elapsed": 0.175878, "delta": 0.030577}}
{"target": 0.8699761904761905, "params": {"learning_rate": 0.4439608184971979, "reg_lambda": 0.4527282471168412}, "datetime": {"datetime": "2024-02-11 02:18:13", "elapsed": 0.2072, "delta": 0.031322}}
{"target": 0.8761190476190475, "params": {"learning_rate": 0.21671479032646065, "reg_lambda": 0.3584994247764722}, "datetime": {"datetime": "2024-02-11 02:18:13", "elapsed": 0.239529, "delta": 0.032329}}
{"target": 0.8726190476190476, "params": {"learning_rate": 0.30533985631650706, "reg_lambda": 0.3989469395071931}, "datetime": {"datetime": "2024-02-11 02:18:13", "elapsed": 0.276307, "delta": 0.036778}}
{"target": 0.8746666666666666, "params": {"learning_rate": 0.2770474543339898, "reg_lambda": 0.7050277174586626}, "datetime": {"datetime": "2024-02-11 02:18:13", "elapsed": 0.309299, "delta": 0.032992}}
{"target": 0.8856666666666667, "params": {"learning_rate": 0.07507397754679701, "reg_lambda": 0.4126168456197874}, "datetime": {"datetime": "2024-02-11 02:18:13", "elapsed": 0.342381, "delta": 0.033082}}
