{"target": 0.8647619047619048, "params": {"learning_rate": 0.20909398034658444, "reg_lambda": 0.7231212485077365}, "datetime": {"datetime": "2024-02-11 02:18:15", "elapsed": 0.0, "delta": 0.0}}
{"target": 0.8235, "params": {"learning_rate": 0.0010570730338550984, "reg_lambda": 0.30930924690552136}, "datetime": {"datetime": "2024-02-11 02:18:15", "elapsed": 0.060796, "delta": 0.060796}}
{"target": 0.8767857142857142, "params": {"learning_rate": 0.055279381066616826, "reg_lambda": 0.3751903782737007}, "datetime": {"datetime": "2024-02-11 02:18:15", "elapsed": 0.132576, "delta": 0.07178}}
{"target": 0.8540000000000001, "params": {"learning_rate": 0.41517095203577126, "reg_lambda": 0.6635365379871643}, "datetime": {"datetime": "2024-02-11 02:18:16", "elapsed": 0.20358, "delta": 0.071004}}
{"target": 0.875904761904762, "params": {"learning_rate": 0.07550404987369105, "reg_lambda": 0.632523646362735}, "datetime": {"datetime": "2024-02-11 02:18:16", "elapsed": 0.2764, "delta": 0.07282}}
{"target": 0.8776428571428572, "params": {"learning_rate": 0.043949976917520533, "reg_lambda": 0.7611044241869394}, "datetime": {"datetime": "2024-02-11 02:18:16", "elapsed": 0.350127, "delta": 0.073727}}
{"target": 0.8674761904761905, "params": {"learning_rate": 0.19841807866772093, "reg_lambda": 0.16984359013607422}, "datetime": {"datetime": "2024-02-11 02:18:16", "elapsed": 0.422999, "delta": 0.072872}}
{"target": 0.8517142857142858, "params": {"learning_rate": 0.4439608184971979, "reg_lambda": 0.4527282471168412}, "datetime": {"datetime": "2024-02-11 02:18:16", "elapsed": 0.497418, "delta": 0.074419}}
{"target": 0.8631428571428571, "params": {"learning_rate": 0.21671479032646065, "reg_lambda": 0.3584994247764722}, "datetime": {"datetime": "2024-02-11 02:18:16", "elapsed": 0.570974, "delta": 0.073556}}
{"target": 0.8588571428571429, "params": {"learning_rate": 0.30533985631650706, "reg_lambda": 0.3989469395071931}, "datetime": {"datetime": "2024-02-11 02:18:16", "elapsed": 0.650103, "delta": 0.079129}}
{"target": 0.8604523809523811, "params": {"learning_rate": 0.2770474543339898, "reg_lambda": 0.7050277174586626}, "datetime": {"datetime": "2024-02-11 02:18:16", "elapsed": 0.726613, "delta": 0.07651}}
{"target": 0.8739761904761905, "params": {"learning_rate": 0.07507397754679701, "reg_lambda": 0.4126168456197874}, "datetime": {"datetime": "2024-02-11 02:18:16", "elapsed": 0.802247, "delta": 0.075634}}
