{"target": 0.875095238095238, "params": {"learning_rate": 0.20909398034658444, "reg_lambda": 0.7231212485077365}, "datetime": {"datetime": "2024-02-11 02:18:12", "elapsed": 0.0, "delta": 0.0}}
{"target": 0.8045714285714286, "params": {"learning_rate": 0.0010570730338550984, "reg_lambda": 0.30930924690552136}, "datetime": {"datetime": "2024-02-11 02:18:12", "elapsed": 0.014125, "delta": 0.014125}}
{"target": 0.8839285714285714, "params": {"learning_rate": 0.055279381066616826, "reg_lambda": 0.3751903782737007}, "datetime": {"datetime": "2024-02-11 02:18:12", "elapsed": 0.039457, "delta": 0.025332}}
{"target": 0.8734285714285714, "params": {"learning_rate": 0.41517095203577126, "reg_lambda": 0.6635365379871643}, "datetime": {"datetime": "2024-02-11 02:18:12", "elapsed": 0.062837, "delta": 0.02338}}
{"target": 0.8861666666666667, "params": {"learning_rate": 0.07550404987369105, "reg_lambda": 0.632523646362735}, "datetime": {"datetime": "2024-02-11 02:18:12", "elapsed": 0.087443, "delta": 0.024606}}
{"target": 0.8865714285714287, "params": {"learning_rate": 0.043949976917520533, "reg_lambda": 0.7611044241869394}, "datetime": {"datetime": "2024-02-11 02:18:12", "elapsed": 0.114247, "delta": 0.026804}}
{"target": 0.8803095238095238, "params": {"learning_rate": 0.19841807866772093, "reg_lambda": 0.16984359013607422}, "datetime": {"datetime": "2024-02-11 02:18:12", "elapsed": 0.140086, "delta": 0.025839}}
{"target": 0.8737619047619046, "params": {"learning_rate": 0.4439608184971979, "reg_lambda": 0.4527282471168412}, "datetime": {"datetime": "2024-02-11 02:18:12", "elapsed": 0.166135, "delta": 0.026049}}
{"target": 0.8769285714285715, "params": {"learning_rate": 0.21671479032646065, "reg_lambda": 0.3584994247764722}, "datetime": {"datetime": "2024-02-11 02:18:12", "elapsed": 0.192165, "delta": 0.02603}}
{"target": 0.8756428571428572, "params": {"learning_rate": 0.30533985631650706, "reg_lambda": 0.3989469395071931}, "datetime": {"datetime": "2024-02-11 02:18:12", "elapsed": 0.221403, "delta": 0.029238}}
{"target": 0.8755714285714286, "params": {"learning_rate": 0.2770474543339898, "reg_lambda": 0.7050277174586626}, "datetime": {"datetime": "2024-02-11 02:18:12", "elapsed": 0.247682, "delta": 0.026279}}
{"target": 0.8866904761904761, "params": {"learning_rate": 0.07507397754679701, "reg_lambda": 0.4126168456197874}, "datetime": {"datetime": "2024-02-11 02:18:12", "elapsed": 0.274352, "delta": 0.02667}}
