{"target": 0.8711190476190476, "params": {"learning_rate": 0.20909398034658444, "reg_lambda": 0.7231212485077365}, "datetime": {"datetime": "2024-02-11 02:17:53", "elapsed": 0.0, "delta": 0.0}}
{"target": 0.7814285714285715, "params": {"learning_rate": 0.0010570730338550984, "reg_lambda": 0.30930924690552136}, "datetime": {"datetime": "2024-02-11 02:17:53", "elapsed": 0.013622, "delta": 0.013622}}
{"target": 0.8704285714285716, "params": {"learning_rate": 0.055279381066616826, "reg_lambda": 0.3751903782737007}, "datetime": {"datetime": "2024-02-11 02:17:53", "elapsed": 0.039602, "delta": 0.02598}}
{"target": 0.8697380952380952, "params": {"learning_rate": 0.41517095203577126, "reg_lambda": 0.6635365379871643}, "datetime": {"datetime": "2024-02-11 02:17:53", "elapsed": 0.06258, "delta": 0.022978}}
{"target": 0.8707619047619047, "params": {"learning_rate": 0.07550404987369105, "reg_lambda": 0.632523646362735}, "datetime": {"datetime": "2024-02-11 02:17:53", "elapsed": 0.086415, "delta": 0.023835}}
{"target": 0.872452380952381, "params": {"learning_rate": 0.043949976917520533, "reg_lambda": 0.7611044241869394}, "datetime": {"datetime": "2024-02-11 02:17:53", "elapsed": 0.113256, "delta": 0.026841}}
{"target": 0.8710238095238095, "params": {"learning_rate": 0.19841807866772093, "reg_lambda": 0.16984359013607422}, "datetime": {"datetime": "2024-02-11 02:17:53", "elapsed": 0.138464, "delta": 0.025208}}
{"target": 0.8685714285714284, "params": {"learning_rate": 0.4439608184971979, "reg_lambda": 0.4527282471168412}, "datetime": {"datetime": "2024-02-11 02:17:53", "elapsed": 0.164014, "delta": 0.02555}}
{"target": 0.8715238095238096, "params": {"learning_rate": 0.21671479032646065, "reg_lambda": 0.3584994247764722}, "datetime": {"datetime": "2024-02-11 02:17:53", "elapsed": 0.189748, "delta": 0.025734}}
{"target": 0.8686904761904762, "params": {"learning_rate": 0.30533985631650706, "reg_lambda": 0.3989469395071931}, "datetime": {"datetime": "2024-02-11 02:17:53", "elapsed": 0.21845, "delta": 0.028702}}
{"target": 0.8689523809523808, "params": {"learning_rate": 0.2770474543339898, "reg_lambda": 0.7050277174586626}, "datetime": {"datetime": "2024-02-11 02:17:53", "elapsed": 0.24458, "delta": 0.02613}}
{"target": 0.8708571428571429, "params": {"learning_rate": 0.07507397754679701, "reg_lambda": 0.4126168456197874}, "datetime": {"datetime": "2024-02-11 02:17:53", "elapsed": 0.270417, "delta": 0.025837}}
