{"target": 0.8797380952380953, "params": {"learning_rate": 0.20909398034658444, "reg_lambda": 0.7231212485077365}, "datetime": {"datetime": "2024-02-11 02:17:58", "elapsed": 0.0, "delta": 0.0}}
{"target": 0.8207857142857143, "params": {"learning_rate": 0.0010570730338550984, "reg_lambda": 0.30930924690552136}, "datetime": {"datetime": "2024-02-11 02:17:58", "elapsed": 0.010061, "delta": 0.010061}}
{"target": 0.8887380952380952, "params": {"learning_rate": 0.055279381066616826, "reg_lambda": 0.3751903782737007}, "datetime": {"datetime": "2024-02-11 02:17:58", "elapsed": 0.031842, "delta": 0.021781}}
{"target": 0.8756666666666666, "params": {"learning_rate": 0.41517095203577126, "reg_lambda": 0.6635365379871643}, "datetime": {"datetime": "2024-02-11 02:17:58", "elapsed": 0.050998, "delta": 0.019156}}
{"target": 0.8871904761904762, "params": {"learning_rate": 0.07550404987369105, "reg_lambda": 0.632523646362735}, "datetime": {"datetime": "2024-02-11 02:17:58", "elapsed": 0.070299, "delta": 0.019301}}
{"target": 0.887595238095238, "params": {"learning_rate": 0.043949976917520533, "reg_lambda": 0.7611044241869394}, "datetime": {"datetime": "2024-02-11 02:17:58", "elapsed": 0.092127, "delta": 0.021828}}
{"target": 0.884452380952381, "params": {"learning_rate": 0.19841807866772093, "reg_lambda": 0.16984359013607422}, "datetime": {"datetime": "2024-02-11 02:17:58", "elapsed": 0.111952, "delta": 0.019825}}
{"target": 0.8721190476190476, "params": {"learning_rate": 0.4439608184971979, "reg_lambda": 0.4527282471168412}, "datetime": {"datetime": "2024-02-11 02:17:58", "elapsed": 0.13283, "delta": 0.020878}}
{"target": 0.884452380952381, "params": {"learning_rate": 0.21671479032646065, "reg_lambda": 0.3584994247764722}, "datetime": {"datetime": "2024-02-11 02:17:58", "elapsed": 0.154103, "delta": 0.021273}}
{"target": 0.867452380952381, "params": {"learning_rate": 0.30533985631650706, "reg_lambda": 0.3989469395071931}, "datetime": {"datetime": "2024-02-11 02:17:58", "elapsed": 0.179517, "delta": 0.025414}}
{"target": 0.879904761904762, "params": {"learning_rate": 0.2770474543339898, "reg_lambda": 0.7050277174586626}, "datetime": {"datetime": "2024-02-11 02:17:58", "elapsed": 0.202415, "delta": 0.022898}}
{"target": 0.8855238095238095, "params": {"learning_rate": 0.07507397754679701, "reg_lambda": 0.4126168456197874}, "datetime": {"datetime": "2024-02-11 02:17:58", "elapsed": 0.225076, "delta": 0.022661}}
