{"target": 0.8663809523809525, "params": {"learning_rate": 0.20909398034658444, "reg_lambda": 0.7231212485077365}, "datetime": {"datetime": "2024-02-11 02:18:06", "elapsed": 0.0, "delta": 0.0}}
{"target": 0.8272857142857143, "params": {"learning_rate": 0.0010570730338550984, "reg_lambda": 0.30930924690552136}, "datetime": {"datetime": "2024-02-11 02:18:06", "elapsed": 0.025724, "delta": 0.025724}}
{"target": 0.881595238095238, "params": {"learning_rate": 0.055279381066616826, "reg_lambda": 0.3751903782737007}, "datetime": {"datetime": "2024-02-11 02:18:06", "elapsed": 0.062633, "delta": 0.036909}}
{"target": 0.8571666666666667, "params": {"learning_rate": 0.41517095203577126, "reg_lambda": 0.6635365379871643}, "datetime": {"datetime": "2024-02-11 02:18:06", "elapsed": 0.097491, "delta": 0.034858}}
{"target": 0.8789523809523809, "params": {"learning_rate": 0.07550404987369105, "reg_lambda": 0.632523646362735}, "datetime": {"datetime": "2024-02-11 02:18:06", "elapsed": 0.132495, "delta": 0.035004}}
{"target": 0.8838571428571429, "params": {"learning_rate": 0.043949976917520533, "reg_lambda": 0.7611044241869394}, "datetime": {"datetime": "2024-02-11 02:18:06", "elapsed": 0.170966, "delta": 0.038471}}
{"target": 0.8678095238095238, "params": {"learning_rate": 0.19841807866772093, "reg_lambda": 0.16984359013607422}, "datetime": {"datetime": "2024-02-11 02:18:07", "elapsed": 0.207162, "delta": 0.036196}}
{"target": 0.8554047619047619, "params": {"learning_rate": 0.4439608184971979, "reg_lambda": 0.4527282471168412}, "datetime": {"datetime": "2024-02-11 02:18:07", "elapsed": 0.244802, "delta": 0.03764}}
{"target": 0.8704999999999999, "params": {"learning_rate": 0.21671479032646065, "reg_lambda": 0.3584994247764722}, "datetime": {"datetime": "2024-02-11 02:18:07", "elapsed": 0.2818, "delta": 0.036998}}
{"target": 0.862547619047619, "params": {"learning_rate": 0.30533985631650706, "reg_lambda": 0.3989469395071931}, "datetime": {"datetime": "2024-02-11 02:18:07", "elapsed": 0.322836, "delta": 0.041036}}
{"target": 0.862857142857143, "params": {"learning_rate": 0.2770474543339898, "reg_lambda": 0.7050277174586626}, "datetime": {"datetime": "2024-02-11 02:18:07", "elapsed": 0.360367, "delta": 0.037531}}
{"target": 0.8805238095238096, "params": {"learning_rate": 0.07507397754679701, "reg_lambda": 0.4126168456197874}, "datetime": {"datetime": "2024-02-11 02:18:07", "elapsed": 0.398703, "delta": 0.038336}}
