{"target": 0.8701666666666666, "params": {"learning_rate": 0.20909398034658444, "reg_lambda": 0.7231212485077365}, "datetime": {"datetime": "2024-02-11 02:17:53", "elapsed": 0.0, "delta": 0.0}}
{"target": 0.8045714285714286, "params": {"learning_rate": 0.0010570730338550984, "reg_lambda": 0.30930924690552136}, "datetime": {"datetime": "2024-02-11 02:17:53", "elapsed": 0.019693, "delta": 0.019693}}
{"target": 0.8858809523809523, "params": {"learning_rate": 0.055279381066616826, "reg_lambda": 0.3751903782737007}, "datetime": {"datetime": "2024-02-11 02:17:53", "elapsed": 0.050967, "delta": 0.031274}}
{"target": 0.8674999999999999, "params": {"learning_rate": 0.41517095203577126, "reg_lambda": 0.6635365379871643}, "datetime": {"datetime": "2024-02-11 02:17:53", "elapsed": 0.080236, "delta": 0.029269}}
{"target": 0.8832380952380952, "params": {"learning_rate": 0.07550404987369105, "reg_lambda": 0.632523646362735}, "datetime": {"datetime": "2024-02-11 02:17:53", "elapsed": 0.10935, "delta": 0.029114}}
{"target": 0.8844761904761904, "params": {"learning_rate": 0.043949976917520533, "reg_lambda": 0.7611044241869394}, "datetime": {"datetime": "2024-02-11 02:17:53", "elapsed": 0.140833, "delta": 0.031483}}
{"target": 0.8766904761904762, "params": {"learning_rate": 0.19841807866772093, "reg_lambda": 0.16984359013607422}, "datetime": {"datetime": "2024-02-11 02:17:53", "elapsed": 0.172182, "delta": 0.031349}}
{"target": 0.8699761904761905, "params": {"learning_rate": 0.4439608184971979, "reg_lambda": 0.4527282471168412}, "datetime": {"datetime": "2024-02-11 02:17:53", "elapsed": 0.203574, "delta": 0.031392}}
{"target": 0.8761190476190475, "params": {"learning_rate": 0.21671479032646065, "reg_lambda": 0.3584994247764722}, "datetime": {"datetime": "2024-02-11 02:17:53", "elapsed": 0.235379, "delta": 0.031805}}
{"target": 0.8726190476190476, "params": {"learning_rate": 0.30533985631650706, "reg_lambda": 0.3989469395071931}, "datetime": {"datetime": "2024-02-11 02:17:53", "elapsed": 0.2708, "delta": 0.035421}}
{"target": 0.8746666666666666, "params": {"learning_rate": 0.2770474543339898, "reg_lambda": 0.7050277174586626}, "datetime": {"datetime": "2024-02-11 02:17:54", "elapsed": 0.302815, "delta": 0.032015}}
{"target": 0.8856666666666667, "params": {"learning_rate": 0.07507397754679701, "reg_lambda": 0.4126168456197874}, "datetime": {"datetime": "2024-02-11 02:17:54", "elapsed": 0.334651, "delta": 0.031836}}
